xsAnnotate contains no pseudospectra. Regroup all peaks into one!
Generating peak matrix!
Run isotope peak annotation
 % finished: 100  
Found isotopes: 59 
xsAnnotate contains no pseudospectra. Regroup all peaks into one!
Generating peak matrix!
Run isotope peak annotation
 % finished: 100  
Found isotopes: 10 
xsAnnotate contains no pseudospectra. Regroup all peaks into one!
Generating peak matrix!
Run isotope peak annotation
 % finished: 100  
Found isotopes: 63 
xsAnnotate contains no pseudospectra. Regroup all peaks into one!
Generating peak matrix!
Run isotope peak annotation
 % finished: 100  
Found isotopes: 11 
xsAnnotate contains no pseudospectra. Regroup all peaks into one!
Generating peak matrix!
Run isotope peak annotation
 % finished: 100  
Found isotopes: 151 
xsAnnotate contains no pseudospectra. Regroup all peaks into one!
Generating peak matrix!
Run isotope peak annotation
 % finished: 100  
Found isotopes: 29 
xsAnnotate contains no pseudospectra. Regroup all peaks into one!
Generating peak matrix!
Run isotope peak annotation
 % finished: 100  
Found isotopes: 161 
xsAnnotate contains no pseudospectra. Regroup all peaks into one!
Generating peak matrix!
Run isotope peak annotation
 % finished: 100  
Found isotopes: 32 
xsAnnotate contains no pseudospectra. Regroup all peaks into one!
Generating peak matrix!
Run isotope peak annotation
 % finished: 100  
Found isotopes: 60 
xsAnnotate contains no pseudospectra. Regroup all peaks into one!
Generating peak matrix!
Run isotope peak annotation
 % finished: 100  
Found isotopes: 10 
xsAnnotate contains no pseudospectra. Regroup all peaks into one!
Generating peak matrix!
Run isotope peak annotation
 % finished: 100  
Found isotopes: 64 
xsAnnotate contains no pseudospectra. Regroup all peaks into one!
Generating peak matrix!
Run isotope peak annotation
 % finished: 100  
Found isotopes: 11 
xsAnnotate contains no pseudospectra. Regroup all peaks into one!
Generating peak matrix!
Run isotope peak annotation
 % finished: 100  
Found isotopes: 151 
xsAnnotate contains no pseudospectra. Regroup all peaks into one!
Generating peak matrix!
Run isotope peak annotation
 % finished: 100  
Found isotopes: 29 
xsAnnotate contains no pseudospectra. Regroup all peaks into one!
Generating peak matrix!
Run isotope peak annotation
 % finished: 100  
Found isotopes: 161 
xsAnnotate contains no pseudospectra. Regroup all peaks into one!
Generating peak matrix!
Run isotope peak annotation
 % finished: 100  
Found isotopes: 32 
xsAnnotate contains no pseudospectra. Regroup all peaks into one!
Generating peak matrix!
Run isotope peak annotation
 % finished: 100  
Found isotopes: 0 
xsAnnotate contains no pseudospectra. Regroup all peaks into one!
Generating peak matrix!
Run isotope peak annotation
 % finished: 100  
Found isotopes: 0 
xsAnnotate contains no pseudospectra. Regroup all peaks into one!
Generating peak matrix!
Run isotope peak annotation
 % finished: 100  
Found isotopes: 4 
xsAnnotate contains no pseudospectra. Regroup all peaks into one!
Generating peak matrix!
Run isotope peak annotation
 % finished: 100  
Found isotopes: 1 
xsAnnotate contains no pseudospectra. Regroup all peaks into one!
Generating peak matrix!
Run isotope peak annotation
 % finished: 100  
Found isotopes: 0 
xsAnnotate contains no pseudospectra. Regroup all peaks into one!
Generating peak matrix!
Run isotope peak annotation
 % finished: 100  
Found isotopes: 0 
xsAnnotate contains no pseudospectra. Regroup all peaks into one!
Generating peak matrix!
Run isotope peak annotation
 % finished: 100  
Found isotopes: 4 
xsAnnotate contains no pseudospectra. Regroup all peaks into one!
Generating peak matrix!
Run isotope peak annotation
 % finished: 100  
Found isotopes: 1 
xsAnnotate contains no pseudospectra. Regroup all peaks into one!
Generating peak matrix!
Run isotope peak annotation
 % finished: 100  
Found isotopes: 0 
xsAnnotate contains no pseudospectra. Regroup all peaks into one!
Generating peak matrix!
Run isotope peak annotation
 % finished: 100  
Found isotopes: 0 
xsAnnotate contains no pseudospectra. Regroup all peaks into one!
Generating peak matrix!
Run isotope peak annotation
 % finished: 100  
Found isotopes: 4 
xsAnnotate contains no pseudospectra. Regroup all peaks into one!
Generating peak matrix!
Run isotope peak annotation
 % finished: 100  
Found isotopes: 1 
xsAnnotate contains no pseudospectra. Regroup all peaks into one!
Generating peak matrix!
Run isotope peak annotation
 % finished: 100  
Found isotopes: 0 
xsAnnotate contains no pseudospectra. Regroup all peaks into one!
Generating peak matrix!
Run isotope peak annotation
 % finished: 100  
Found isotopes: 0 
xsAnnotate contains no pseudospectra. Regroup all peaks into one!
Generating peak matrix!
Run isotope peak annotation
 % finished: 100  
Found isotopes: 4 
xsAnnotate contains no pseudospectra. Regroup all peaks into one!
Generating peak matrix!
Run isotope peak annotation
 % finished: 100  
Found isotopes: 1 
xsAnnotate contains no pseudospectra. Regroup all peaks into one!
Generating peak matrix!
Run isotope peak annotation
 % finished: 100  
Found isotopes: 9 
xsAnnotate contains no pseudospectra. Regroup all peaks into one!
Generating peak matrix!
Run isotope peak annotation
 % finished: 100  
Found isotopes: 4 
xsAnnotate contains no pseudospectra. Regroup all peaks into one!
Generating peak matrix!
Run isotope peak annotation
 % finished: 100  
Found isotopes: 11 
xsAnnotate contains no pseudospectra. Regroup all peaks into one!
Generating peak matrix!
Run isotope peak annotation
 % finished: 100  
Found isotopes: 4 
xsAnnotate contains no pseudospectra. Regroup all peaks into one!
Generating peak matrix!
Run isotope peak annotation
 % finished: 100  
Found isotopes: 11 
xsAnnotate contains no pseudospectra. Regroup all peaks into one!
Generating peak matrix!
Run isotope peak annotation
 % finished: 100  
Found isotopes: 4 
xsAnnotate contains no pseudospectra. Regroup all peaks into one!
Generating peak matrix!
Run isotope peak annotation
 % finished: 100  
Found isotopes: 11 
xsAnnotate contains no pseudospectra. Regroup all peaks into one!
Generating peak matrix!
Run isotope peak annotation
 % finished: 100  
Found isotopes: 4 
xsAnnotate contains no pseudospectra. Regroup all peaks into one!
Generating peak matrix!
Run isotope peak annotation
 % finished: 100  
Found isotopes: 9 
xsAnnotate contains no pseudospectra. Regroup all peaks into one!
Generating peak matrix!
Run isotope peak annotation
 % finished: 100  
Found isotopes: 4 
xsAnnotate contains no pseudospectra. Regroup all peaks into one!
Generating peak matrix!
Run isotope peak annotation
 % finished: 100  
Found isotopes: 11 
xsAnnotate contains no pseudospectra. Regroup all peaks into one!
Generating peak matrix!
Run isotope peak annotation
 % finished: 100  
Found isotopes: 4 
xsAnnotate contains no pseudospectra. Regroup all peaks into one!
Generating peak matrix!
Run isotope peak annotation
 % finished: 100  
Found isotopes: 11 
xsAnnotate contains no pseudospectra. Regroup all peaks into one!
Generating peak matrix!
Run isotope peak annotation
 % finished: 100  
Found isotopes: 4 
xsAnnotate contains no pseudospectra. Regroup all peaks into one!
Generating peak matrix!
Run isotope peak annotation
 % finished: 100  
Found isotopes: 11 
xsAnnotate contains no pseudospectra. Regroup all peaks into one!
Generating peak matrix!
Run isotope peak annotation
 % finished: 100  
Found isotopes: 4 
xsAnnotate contains no pseudospectra. Regroup all peaks into one!
Generating peak matrix!
Run isotope peak annotation
 % finished: 100  
Found isotopes: 0 
xsAnnotate contains no pseudospectra. Regroup all peaks into one!
Generating peak matrix!
Run isotope peak annotation
 % finished: 100  
Found isotopes: 0 
xsAnnotate contains no pseudospectra. Regroup all peaks into one!
Generating peak matrix!
Run isotope peak annotation
 % finished: 100  
Found isotopes: 4 
xsAnnotate contains no pseudospectra. Regroup all peaks into one!
Generating peak matrix!
Run isotope peak annotation
 % finished: 100  
Found isotopes: 1 
xsAnnotate contains no pseudospectra. Regroup all peaks into one!
Generating peak matrix!
Run isotope peak annotation
 % finished: 100  
Found isotopes: 0 
xsAnnotate contains no pseudospectra. Regroup all peaks into one!
Generating peak matrix!
Run isotope peak annotation
 % finished: 100  
Found isotopes: 0 
xsAnnotate contains no pseudospectra. Regroup all peaks into one!
Generating peak matrix!
Run isotope peak annotation
 % finished: 100  
Found isotopes: 4 
xsAnnotate contains no pseudospectra. Regroup all peaks into one!
Generating peak matrix!
Run isotope peak annotation
 % finished: 100  
Found isotopes: 1 
xsAnnotate contains no pseudospectra. Regroup all peaks into one!
Generating peak matrix!
Run isotope peak annotation
 % finished: 100  
Found isotopes: 0 
xsAnnotate contains no pseudospectra. Regroup all peaks into one!
Generating peak matrix!
Run isotope peak annotation
 % finished: 100  
Found isotopes: 0 
xsAnnotate contains no pseudospectra. Regroup all peaks into one!
Generating peak matrix!
Run isotope peak annotation
 % finished: 100  
Found isotopes: 4 
xsAnnotate contains no pseudospectra. Regroup all peaks into one!
Generating peak matrix!
Run isotope peak annotation
 % finished: 100  
Found isotopes: 1 
xsAnnotate contains no pseudospectra. Regroup all peaks into one!
Generating peak matrix!
Run isotope peak annotation
 % finished: 100  
Found isotopes: 0 
xsAnnotate contains no pseudospectra. Regroup all peaks into one!
Generating peak matrix!
Run isotope peak annotation
 % finished: 100  
Found isotopes: 0 
xsAnnotate contains no pseudospectra. Regroup all peaks into one!
Generating peak matrix!
Run isotope peak annotation
 % finished: 100  
Found isotopes: 4 
xsAnnotate contains no pseudospectra. Regroup all peaks into one!
Generating peak matrix!
Run isotope peak annotation
 % finished: 100  
Found isotopes: 1 
xsAnnotate contains no pseudospectra. Regroup all peaks into one!
Generating peak matrix!
Run isotope peak annotation
 % finished: 100  
Found isotopes: 5 
xsAnnotate contains no pseudospectra. Regroup all peaks into one!
Generating peak matrix!
Run isotope peak annotation
 % finished: 100  
Found isotopes: 4 
xsAnnotate contains no pseudospectra. Regroup all peaks into one!
Generating peak matrix!
Run isotope peak annotation
 % finished: 100  
Found isotopes: 2 
xsAnnotate contains no pseudospectra. Regroup all peaks into one!
Generating peak matrix!
Run isotope peak annotation
 % finished: 100  
Found isotopes: 2 
xsAnnotate contains no pseudospectra. Regroup all peaks into one!
Generating peak matrix!
Run isotope peak annotation
 % finished: 100  
Found isotopes: 5 
xsAnnotate contains no pseudospectra. Regroup all peaks into one!
Generating peak matrix!
Run isotope peak annotation
 % finished: 100  
Found isotopes: 5 
xsAnnotate contains no pseudospectra. Regroup all peaks into one!
Generating peak matrix!
Run isotope peak annotation
 % finished: 100  
Found isotopes: 5 
xsAnnotate contains no pseudospectra. Regroup all peaks into one!
Generating peak matrix!
Run isotope peak annotation
 % finished: 100  
Found isotopes: 5 
xsAnnotate contains no pseudospectra. Regroup all peaks into one!
Generating peak matrix!
Run isotope peak annotation
 % finished: 100  
Found isotopes: 5 
xsAnnotate contains no pseudospectra. Regroup all peaks into one!
Generating peak matrix!
Run isotope peak annotation
 % finished: 100  
Found isotopes: 8 
xsAnnotate contains no pseudospectra. Regroup all peaks into one!
Generating peak matrix!
Run isotope peak annotation
 % finished: 100  
Found isotopes: 0 
xsAnnotate contains no pseudospectra. Regroup all peaks into one!
Generating peak matrix!
Run isotope peak annotation
 % finished: 100  
Found isotopes: 5 
xsAnnotate contains no pseudospectra. Regroup all peaks into one!
Generating peak matrix!
Run isotope peak annotation
 % finished: 100  
Found isotopes: 3 
xsAnnotate contains no pseudospectra. Regroup all peaks into one!
Generating peak matrix!
Run isotope peak annotation
 % finished: 100  
Found isotopes: 5 
xsAnnotate contains no pseudospectra. Regroup all peaks into one!
Generating peak matrix!
Run isotope peak annotation
 % finished: 100  
Found isotopes: 161 
xsAnnotate contains no pseudospectra. Regroup all peaks into one!
Generating peak matrix!
Run isotope peak annotation
 % finished: 100  
Found isotopes: 310 
xsAnnotate contains no pseudospectra. Regroup all peaks into one!
Generating peak matrix!
Run isotope peak annotation
 % finished: 100  
Found isotopes: 34 
xsAnnotate contains no pseudospectra. Regroup all peaks into one!
Generating peak matrix!
Run isotope peak annotation
 % finished: 100  
Found isotopes: 331 
xsAnnotate contains no pseudospectra. Regroup all peaks into one!
Generating peak matrix!
Run isotope peak annotation
 % finished: 100  
Found isotopes: 38 
xsAnnotate contains no pseudospectra. Regroup all peaks into one!
Generating peak matrix!
Run isotope peak annotation
 % finished: 100  
Found isotopes: 396 
xsAnnotate contains no pseudospectra. Regroup all peaks into one!
Generating peak matrix!
Run isotope peak annotation
 % finished: 100  
Found isotopes: 50 
xsAnnotate contains no pseudospectra. Regroup all peaks into one!
Generating peak matrix!
Run isotope peak annotation
 % finished: 100  
Found isotopes: 435 
xsAnnotate contains no pseudospectra. Regroup all peaks into one!
Generating peak matrix!
Run isotope peak annotation
 % finished: 100  
Found isotopes: 57 
xsAnnotate contains no pseudospectra. Regroup all peaks into one!
Generating peak matrix!
Run isotope peak annotation
 % finished: 100  
Found isotopes: 309 
xsAnnotate contains no pseudospectra. Regroup all peaks into one!
Generating peak matrix!
Run isotope peak annotation
 % finished: 100  
Found isotopes: 34 
xsAnnotate contains no pseudospectra. Regroup all peaks into one!
Generating peak matrix!
Run isotope peak annotation
 % finished: 100  
Found isotopes: 329 
xsAnnotate contains no pseudospectra. Regroup all peaks into one!
Generating peak matrix!
Run isotope peak annotation
 % finished: 100  
Found isotopes: 38 
xsAnnotate contains no pseudospectra. Regroup all peaks into one!
Generating peak matrix!
Run isotope peak annotation
 % finished: 100  
Found isotopes: 392 
xsAnnotate contains no pseudospectra. Regroup all peaks into one!
Generating peak matrix!
Run isotope peak annotation
 % finished: 100  
Found isotopes: 50 
xsAnnotate contains no pseudospectra. Regroup all peaks into one!
Generating peak matrix!
Run isotope peak annotation
 % finished: 100  
Found isotopes: 437 
xsAnnotate contains no pseudospectra. Regroup all peaks into one!
Generating peak matrix!
Run isotope peak annotation
 % finished: 100  
Found isotopes: 57 
xsAnnotate contains no pseudospectra. Regroup all peaks into one!
Generating peak matrix!
Run isotope peak annotation
 % finished: 100  
Found isotopes: 6 
xsAnnotate contains no pseudospectra. Regroup all peaks into one!
Generating peak matrix!
Run isotope peak annotation
 % finished: 100  
Found isotopes: 0 
xsAnnotate contains no pseudospectra. Regroup all peaks into one!
Generating peak matrix!
Run isotope peak annotation
 % finished: 100  
Found isotopes: 8 
xsAnnotate contains no pseudospectra. Regroup all peaks into one!
Generating peak matrix!
Run isotope peak annotation
 % finished: 100  
Found isotopes: 2 
xsAnnotate contains no pseudospectra. Regroup all peaks into one!
Generating peak matrix!
Run isotope peak annotation
 % finished: 100  
Found isotopes: 6 
xsAnnotate contains no pseudospectra. Regroup all peaks into one!
Generating peak matrix!
Run isotope peak annotation
 % finished: 100  
Found isotopes: 0 
xsAnnotate contains no pseudospectra. Regroup all peaks into one!
Generating peak matrix!
Run isotope peak annotation
 % finished: 100  
Found isotopes: 8 
xsAnnotate contains no pseudospectra. Regroup all peaks into one!
Generating peak matrix!
Run isotope peak annotation
 % finished: 100  
Found isotopes: 2 
xsAnnotate contains no pseudospectra. Regroup all peaks into one!
Generating peak matrix!
Run isotope peak annotation
 % finished: 100  
Found isotopes: 6 
xsAnnotate contains no pseudospectra. Regroup all peaks into one!
Generating peak matrix!
Run isotope peak annotation
 % finished: 100  
Found isotopes: 0 
xsAnnotate contains no pseudospectra. Regroup all peaks into one!
Generating peak matrix!
Run isotope peak annotation
 % finished: 100  
Found isotopes: 8 
xsAnnotate contains no pseudospectra. Regroup all peaks into one!
Generating peak matrix!
Run isotope peak annotation
 % finished: 100  
Found isotopes: 2 
xsAnnotate contains no pseudospectra. Regroup all peaks into one!
Generating peak matrix!
Run isotope peak annotation
 % finished: 100  
Found isotopes: 6 
xsAnnotate contains no pseudospectra. Regroup all peaks into one!
Generating peak matrix!
Run isotope peak annotation
 % finished: 100  
Found isotopes: 0 
xsAnnotate contains no pseudospectra. Regroup all peaks into one!
Generating peak matrix!
Run isotope peak annotation
 % finished: 100  
Found isotopes: 8 
xsAnnotate contains no pseudospectra. Regroup all peaks into one!
Generating peak matrix!
Run isotope peak annotation
 % finished: 100  
Found isotopes: 2 
xsAnnotate contains no pseudospectra. Regroup all peaks into one!
Generating peak matrix!
Run isotope peak annotation
 % finished: 100  
Found isotopes: 11 
xsAnnotate contains no pseudospectra. Regroup all peaks into one!
Generating peak matrix!
Run isotope peak annotation
 % finished: 100  
Found isotopes: 4 
xsAnnotate contains no pseudospectra. Regroup all peaks into one!
Generating peak matrix!
Run isotope peak annotation
 % finished: 100  
Found isotopes: 11 
xsAnnotate contains no pseudospectra. Regroup all peaks into one!
Generating peak matrix!
Run isotope peak annotation
 % finished: 100  
Found isotopes: 5 
xsAnnotate contains no pseudospectra. Regroup all peaks into one!
Generating peak matrix!
Run isotope peak annotation
 % finished: 100  
Found isotopes: 12 
xsAnnotate contains no pseudospectra. Regroup all peaks into one!
Generating peak matrix!
Run isotope peak annotation
 % finished: 100  
Found isotopes: 5 
xsAnnotate contains no pseudospectra. Regroup all peaks into one!
Generating peak matrix!
Run isotope peak annotation
 % finished: 100  
Found isotopes: 12 
xsAnnotate contains no pseudospectra. Regroup all peaks into one!
Generating peak matrix!
Run isotope peak annotation
 % finished: 100  
Found isotopes: 5 
xsAnnotate contains no pseudospectra. Regroup all peaks into one!
Generating peak matrix!
Run isotope peak annotation
 % finished: 100  
Found isotopes: 11 
xsAnnotate contains no pseudospectra. Regroup all peaks into one!
Generating peak matrix!
Run isotope peak annotation
 % finished: 100  
Found isotopes: 4 
xsAnnotate contains no pseudospectra. Regroup all peaks into one!
Generating peak matrix!
Run isotope peak annotation
 % finished: 100  
Found isotopes: 11 
xsAnnotate contains no pseudospectra. Regroup all peaks into one!
Generating peak matrix!
Run isotope peak annotation
 % finished: 100  
Found isotopes: 5 
xsAnnotate contains no pseudospectra. Regroup all peaks into one!
Generating peak matrix!
Run isotope peak annotation
 % finished: 100  
Found isotopes: 12 
xsAnnotate contains no pseudospectra. Regroup all peaks into one!
Generating peak matrix!
Run isotope peak annotation
 % finished: 100  
Found isotopes: 5 
xsAnnotate contains no pseudospectra. Regroup all peaks into one!
Generating peak matrix!
Run isotope peak annotation
 % finished: 100  
Found isotopes: 12 
xsAnnotate contains no pseudospectra. Regroup all peaks into one!
Generating peak matrix!
Run isotope peak annotation
 % finished: 100  
Found isotopes: 5 
xsAnnotate contains no pseudospectra. Regroup all peaks into one!
Generating peak matrix!
Run isotope peak annotation
 % finished: 100  
Found isotopes: 6 
xsAnnotate contains no pseudospectra. Regroup all peaks into one!
Generating peak matrix!
Run isotope peak annotation
 % finished: 100  
Found isotopes: 0 
xsAnnotate contains no pseudospectra. Regroup all peaks into one!
Generating peak matrix!
Run isotope peak annotation
 % finished: 100  
Found isotopes: 8 
xsAnnotate contains no pseudospectra. Regroup all peaks into one!
Generating peak matrix!
Run isotope peak annotation
 % finished: 100  
Found isotopes: 2 
xsAnnotate contains no pseudospectra. Regroup all peaks into one!
Generating peak matrix!
Run isotope peak annotation
 % finished: 100  
Found isotopes: 6 
xsAnnotate contains no pseudospectra. Regroup all peaks into one!
Generating peak matrix!
Run isotope peak annotation
 % finished: 100  
Found isotopes: 0 
xsAnnotate contains no pseudospectra. Regroup all peaks into one!
Generating peak matrix!
Run isotope peak annotation
 % finished: 100  
Found isotopes: 8 
xsAnnotate contains no pseudospectra. Regroup all peaks into one!
Generating peak matrix!
Run isotope peak annotation
 % finished: 100  
Found isotopes: 2 
xsAnnotate contains no pseudospectra. Regroup all peaks into one!
Generating peak matrix!
Run isotope peak annotation
 % finished: 100  
Found isotopes: 6 
xsAnnotate contains no pseudospectra. Regroup all peaks into one!
Generating peak matrix!
Run isotope peak annotation
 % finished: 100  
Found isotopes: 0 
xsAnnotate contains no pseudospectra. Regroup all peaks into one!
Generating peak matrix!
Run isotope peak annotation
 % finished: 100  
Found isotopes: 8 
xsAnnotate contains no pseudospectra. Regroup all peaks into one!
Generating peak matrix!
Run isotope peak annotation
 % finished: 100  
Found isotopes: 2 
xsAnnotate contains no pseudospectra. Regroup all peaks into one!
Generating peak matrix!
Run isotope peak annotation
 % finished: 100  
Found isotopes: 6 
xsAnnotate contains no pseudospectra. Regroup all peaks into one!
Generating peak matrix!
Run isotope peak annotation
 % finished: 100  
Found isotopes: 0 
xsAnnotate contains no pseudospectra. Regroup all peaks into one!
Generating peak matrix!
Run isotope peak annotation
 % finished: 100  
Found isotopes: 8 
xsAnnotate contains no pseudospectra. Regroup all peaks into one!
Generating peak matrix!
Run isotope peak annotation
 % finished: 100  
Found isotopes: 2 
xsAnnotate contains no pseudospectra. Regroup all peaks into one!
Generating peak matrix!
Run isotope peak annotation
 % finished: 100  
Found isotopes: 5 
xsAnnotate contains no pseudospectra. Regroup all peaks into one!
Generating peak matrix!
Run isotope peak annotation
 % finished: 100  
Found isotopes: 16 
xsAnnotate contains no pseudospectra. Regroup all peaks into one!
Generating peak matrix!
Run isotope peak annotation
 % finished: 100  
Found isotopes: 6 
xsAnnotate contains no pseudospectra. Regroup all peaks into one!
Generating peak matrix!
Run isotope peak annotation
 % finished: 100  
Found isotopes: 4 
xsAnnotate contains no pseudospectra. Regroup all peaks into one!
Generating peak matrix!
Run isotope peak annotation
 % finished: 100  
Found isotopes: 8 
xsAnnotate contains no pseudospectra. Regroup all peaks into one!
Generating peak matrix!
Run isotope peak annotation
 % finished: 100  
Found isotopes: 5 
xsAnnotate contains no pseudospectra. Regroup all peaks into one!
Generating peak matrix!
Run isotope peak annotation
 % finished: 100  
Found isotopes: 5 
xsAnnotate contains no pseudospectra. Regroup all peaks into one!
Generating peak matrix!
Run isotope peak annotation
 % finished: 100  
Found isotopes: 5 
xsAnnotate contains no pseudospectra. Regroup all peaks into one!
Generating peak matrix!
Run isotope peak annotation
 % finished: 100  
Found isotopes: 5 
xsAnnotate contains no pseudospectra. Regroup all peaks into one!
Generating peak matrix!
Run isotope peak annotation
 % finished: 100  
Found isotopes: 24 
xsAnnotate contains no pseudospectra. Regroup all peaks into one!
Generating peak matrix!
Run isotope peak annotation
 % finished: 100  
Found isotopes: 4 
xsAnnotate contains no pseudospectra. Regroup all peaks into one!
Generating peak matrix!
Run isotope peak annotation
 % finished: 100  
Found isotopes: 5 
xsAnnotate contains no pseudospectra. Regroup all peaks into one!
Generating peak matrix!
Run isotope peak annotation
 % finished: 100  
Found isotopes: 5 
xsAnnotate contains no pseudospectra. Regroup all peaks into one!
Generating peak matrix!
Run isotope peak annotation
 % finished: 100  
Found isotopes: 5 
xsAnnotate contains no pseudospectra. Regroup all peaks into one!
Generating peak matrix!
Run isotope peak annotation
 % finished: 100  
Found isotopes: 437 
xsAnnotate contains no pseudospectra. Regroup all peaks into one!
Generating peak matrix!
Run isotope peak annotation
 % finished: 100  
Found isotopes: 357 
xsAnnotate contains no pseudospectra. Regroup all peaks into one!
Generating peak matrix!
Run isotope peak annotation
 % finished: 100  
Found isotopes: 52 
xsAnnotate contains no pseudospectra. Regroup all peaks into one!
Generating peak matrix!
Run isotope peak annotation
 % finished: 100  
Found isotopes: 372 
xsAnnotate contains no pseudospectra. Regroup all peaks into one!
Generating peak matrix!
Run isotope peak annotation
 % finished: 100  
Found isotopes: 61 
xsAnnotate contains no pseudospectra. Regroup all peaks into one!
Generating peak matrix!
Run isotope peak annotation
 % finished: 100  
Found isotopes: 417 
xsAnnotate contains no pseudospectra. Regroup all peaks into one!
Generating peak matrix!
Run isotope peak annotation
 % finished: 100  
Found isotopes: 85 
xsAnnotate contains no pseudospectra. Regroup all peaks into one!
Generating peak matrix!
Run isotope peak annotation
 % finished: 100  
Found isotopes: 423 
xsAnnotate contains no pseudospectra. Regroup all peaks into one!
Generating peak matrix!
Run isotope peak annotation
 % finished: 100  
Found isotopes: 90 
xsAnnotate contains no pseudospectra. Regroup all peaks into one!
Generating peak matrix!
Run isotope peak annotation
 % finished: 100  
Found isotopes: 359 
xsAnnotate contains no pseudospectra. Regroup all peaks into one!
Generating peak matrix!
Run isotope peak annotation
 % finished: 100  
Found isotopes: 52 
xsAnnotate contains no pseudospectra. Regroup all peaks into one!
Generating peak matrix!
Run isotope peak annotation
 % finished: 100  
Found isotopes: 373 
xsAnnotate contains no pseudospectra. Regroup all peaks into one!
Generating peak matrix!
Run isotope peak annotation
 % finished: 100  
Found isotopes: 61 
xsAnnotate contains no pseudospectra. Regroup all peaks into one!
Generating peak matrix!
Run isotope peak annotation
 % finished: 100  
Found isotopes: 415 
xsAnnotate contains no pseudospectra. Regroup all peaks into one!
Generating peak matrix!
Run isotope peak annotation
 % finished: 100  
Found isotopes: 85 
xsAnnotate contains no pseudospectra. Regroup all peaks into one!
Generating peak matrix!
Run isotope peak annotation
 % finished: 100  
Found isotopes: 430 
xsAnnotate contains no pseudospectra. Regroup all peaks into one!
Generating peak matrix!
Run isotope peak annotation
 % finished: 100  
Found isotopes: 90 
xsAnnotate contains no pseudospectra. Regroup all peaks into one!
Generating peak matrix!
Run isotope peak annotation
 % finished: 100  
Found isotopes: 8 
xsAnnotate contains no pseudospectra. Regroup all peaks into one!
Generating peak matrix!
Run isotope peak annotation
 % finished: 100  
Found isotopes: 3 
xsAnnotate contains no pseudospectra. Regroup all peaks into one!
Generating peak matrix!
Run isotope peak annotation
 % finished: 100  
Found isotopes: 8 
xsAnnotate contains no pseudospectra. Regroup all peaks into one!
Generating peak matrix!
Run isotope peak annotation
 % finished: 100  
Found isotopes: 3 
xsAnnotate contains no pseudospectra. Regroup all peaks into one!
Generating peak matrix!
Run isotope peak annotation
 % finished: 100  
Found isotopes: 8 
xsAnnotate contains no pseudospectra. Regroup all peaks into one!
Generating peak matrix!
Run isotope peak annotation
 % finished: 100  
Found isotopes: 3 
xsAnnotate contains no pseudospectra. Regroup all peaks into one!
Generating peak matrix!
Run isotope peak annotation
 % finished: 100  
Found isotopes: 8 
xsAnnotate contains no pseudospectra. Regroup all peaks into one!
Generating peak matrix!
Run isotope peak annotation
 % finished: 100  
Found isotopes: 3 
xsAnnotate contains no pseudospectra. Regroup all peaks into one!
Generating peak matrix!
Run isotope peak annotation
 % finished: 100  
Found isotopes: 8 
xsAnnotate contains no pseudospectra. Regroup all peaks into one!
Generating peak matrix!
Run isotope peak annotation
 % finished: 100  
Found isotopes: 3 
xsAnnotate contains no pseudospectra. Regroup all peaks into one!
Generating peak matrix!
Run isotope peak annotation
 % finished: 100  
Found isotopes: 8 
xsAnnotate contains no pseudospectra. Regroup all peaks into one!
Generating peak matrix!
Run isotope peak annotation
 % finished: 100  
Found isotopes: 3 
xsAnnotate contains no pseudospectra. Regroup all peaks into one!
Generating peak matrix!
Run isotope peak annotation
 % finished: 100  
Found isotopes: 8 
xsAnnotate contains no pseudospectra. Regroup all peaks into one!
Generating peak matrix!
Run isotope peak annotation
 % finished: 100  
Found isotopes: 3 
xsAnnotate contains no pseudospectra. Regroup all peaks into one!
Generating peak matrix!
Run isotope peak annotation
 % finished: 100  
Found isotopes: 8 
xsAnnotate contains no pseudospectra. Regroup all peaks into one!
Generating peak matrix!
Run isotope peak annotation
 % finished: 100  
Found isotopes: 3 
xsAnnotate contains no pseudospectra. Regroup all peaks into one!
Generating peak matrix!
Run isotope peak annotation
 % finished: 100  
Found isotopes: 13 
xsAnnotate contains no pseudospectra. Regroup all peaks into one!
Generating peak matrix!
Run isotope peak annotation
 % finished: 100  
Found isotopes: 7 
xsAnnotate contains no pseudospectra. Regroup all peaks into one!
Generating peak matrix!
Run isotope peak annotation
 % finished: 100  
Found isotopes: 13 
xsAnnotate contains no pseudospectra. Regroup all peaks into one!
Generating peak matrix!
Run isotope peak annotation
 % finished: 100  
Found isotopes: 8 
xsAnnotate contains no pseudospectra. Regroup all peaks into one!
Generating peak matrix!
Run isotope peak annotation
 % finished: 100  
Found isotopes: 13 
xsAnnotate contains no pseudospectra. Regroup all peaks into one!
Generating peak matrix!
Run isotope peak annotation
 % finished: 100  
Found isotopes: 7 
xsAnnotate contains no pseudospectra. Regroup all peaks into one!
Generating peak matrix!
Run isotope peak annotation
 % finished: 100  
Found isotopes: 13 
xsAnnotate contains no pseudospectra. Regroup all peaks into one!
Generating peak matrix!
Run isotope peak annotation
 % finished: 100  
Found isotopes: 7 
xsAnnotate contains no pseudospectra. Regroup all peaks into one!
Generating peak matrix!
Run isotope peak annotation
 % finished: 100  
Found isotopes: 13 
xsAnnotate contains no pseudospectra. Regroup all peaks into one!
Generating peak matrix!
Run isotope peak annotation
 % finished: 100  
Found isotopes: 7 
xsAnnotate contains no pseudospectra. Regroup all peaks into one!
Generating peak matrix!
Run isotope peak annotation
 % finished: 100  
Found isotopes: 13 
xsAnnotate contains no pseudospectra. Regroup all peaks into one!
Generating peak matrix!
Run isotope peak annotation
 % finished: 100  
Found isotopes: 8 
xsAnnotate contains no pseudospectra. Regroup all peaks into one!
Generating peak matrix!
Run isotope peak annotation
 % finished: 100  
Found isotopes: 13 
xsAnnotate contains no pseudospectra. Regroup all peaks into one!
Generating peak matrix!
Run isotope peak annotation
 % finished: 100  
Found isotopes: 7 
xsAnnotate contains no pseudospectra. Regroup all peaks into one!
Generating peak matrix!
Run isotope peak annotation
 % finished: 100  
Found isotopes: 13 
xsAnnotate contains no pseudospectra. Regroup all peaks into one!
Generating peak matrix!
Run isotope peak annotation
 % finished: 100  
Found isotopes: 7 
xsAnnotate contains no pseudospectra. Regroup all peaks into one!
Generating peak matrix!
Run isotope peak annotation
 % finished: 100  
Found isotopes: 8 
xsAnnotate contains no pseudospectra. Regroup all peaks into one!
Generating peak matrix!
Run isotope peak annotation
 % finished: 100  
Found isotopes: 3 
xsAnnotate contains no pseudospectra. Regroup all peaks into one!
Generating peak matrix!
Run isotope peak annotation
 % finished: 100  
Found isotopes: 8 
xsAnnotate contains no pseudospectra. Regroup all peaks into one!
Generating peak matrix!
Run isotope peak annotation
 % finished: 100  
Found isotopes: 3 
xsAnnotate contains no pseudospectra. Regroup all peaks into one!
Generating peak matrix!
Run isotope peak annotation
 % finished: 100  
Found isotopes: 8 
xsAnnotate contains no pseudospectra. Regroup all peaks into one!
Generating peak matrix!
Run isotope peak annotation
 % finished: 100  
Found isotopes: 3 
xsAnnotate contains no pseudospectra. Regroup all peaks into one!
Generating peak matrix!
Run isotope peak annotation
 % finished: 100  
Found isotopes: 8 
xsAnnotate contains no pseudospectra. Regroup all peaks into one!
Generating peak matrix!
Run isotope peak annotation
 % finished: 100  
Found isotopes: 3 
xsAnnotate contains no pseudospectra. Regroup all peaks into one!
Generating peak matrix!
Run isotope peak annotation
 % finished: 100  
Found isotopes: 8 
xsAnnotate contains no pseudospectra. Regroup all peaks into one!
Generating peak matrix!
Run isotope peak annotation
 % finished: 100  
Found isotopes: 3 
xsAnnotate contains no pseudospectra. Regroup all peaks into one!
Generating peak matrix!
Run isotope peak annotation
 % finished: 100  
Found isotopes: 8 
xsAnnotate contains no pseudospectra. Regroup all peaks into one!
Generating peak matrix!
Run isotope peak annotation
 % finished: 100  
Found isotopes: 3 
xsAnnotate contains no pseudospectra. Regroup all peaks into one!
Generating peak matrix!
Run isotope peak annotation
 % finished: 100  
Found isotopes: 8 
xsAnnotate contains no pseudospectra. Regroup all peaks into one!
Generating peak matrix!
Run isotope peak annotation
 % finished: 100  
Found isotopes: 3 
xsAnnotate contains no pseudospectra. Regroup all peaks into one!
Generating peak matrix!
Run isotope peak annotation
 % finished: 100  
Found isotopes: 8 
xsAnnotate contains no pseudospectra. Regroup all peaks into one!
Generating peak matrix!
Run isotope peak annotation
 % finished: 100  
Found isotopes: 3 
xsAnnotate contains no pseudospectra. Regroup all peaks into one!
Generating peak matrix!
Run isotope peak annotation
 % finished: 100  
Found isotopes: 13 
xsAnnotate contains no pseudospectra. Regroup all peaks into one!
Generating peak matrix!
Run isotope peak annotation
 % finished: 100  
Found isotopes: 14 
xsAnnotate contains no pseudospectra. Regroup all peaks into one!
Generating peak matrix!
Run isotope peak annotation
 % finished: 100  
Found isotopes: 6 
xsAnnotate contains no pseudospectra. Regroup all peaks into one!
Generating peak matrix!
Run isotope peak annotation
 % finished: 100  
Found isotopes: 13 
xsAnnotate contains no pseudospectra. Regroup all peaks into one!
Generating peak matrix!
Run isotope peak annotation
 % finished: 100  
Found isotopes: 13 
xsAnnotate contains no pseudospectra. Regroup all peaks into one!
Generating peak matrix!
Run isotope peak annotation
 % finished: 100  
Found isotopes: 13 
xsAnnotate contains no pseudospectra. Regroup all peaks into one!
Generating peak matrix!
Run isotope peak annotation
 % finished: 100  
Found isotopes: 13 
xsAnnotate contains no pseudospectra. Regroup all peaks into one!
Generating peak matrix!
Run isotope peak annotation
 % finished: 100  
Found isotopes: 13 
xsAnnotate contains no pseudospectra. Regroup all peaks into one!
Generating peak matrix!
Run isotope peak annotation
 % finished: 100  
Found isotopes: 13 
xsAnnotate contains no pseudospectra. Regroup all peaks into one!
Generating peak matrix!
Run isotope peak annotation
 % finished: 100  
Found isotopes: 32 
xsAnnotate contains no pseudospectra. Regroup all peaks into one!
Generating peak matrix!
Run isotope peak annotation
 % finished: 100  
Found isotopes: 8 
xsAnnotate contains no pseudospectra. Regroup all peaks into one!
Generating peak matrix!
Run isotope peak annotation
 % finished: 100  
Found isotopes: 13 
xsAnnotate contains no pseudospectra. Regroup all peaks into one!
Generating peak matrix!
Run isotope peak annotation
 % finished: 100  
Found isotopes: 11 
xsAnnotate contains no pseudospectra. Regroup all peaks into one!
Generating peak matrix!
Run isotope peak annotation
 % finished: 100  
Found isotopes: 13 
xsAnnotate contains no pseudospectra. Regroup all peaks into one!
Generating peak matrix!
Run isotope peak annotation
 % finished: 100  
Found isotopes: 430 
center sample:  Exp2R_CRR_23_NEG 
Processing: Exp2F_HCC_2_NEG  Exp2F_CRR_3_NEG  Exp2F_CRR_25_NEG  Exp2F_HCC_3_NEG  
center sample:  Exp2R_CRR_23_NEG 
Processing: Exp2F_HCC_2_NEG  Exp2F_CRR_3_NEG  Exp2F_CRR_25_NEG  Exp2F_HCC_3_NEG  
center sample:  Exp2R_CRR_23_NEG 
Processing: Exp2F_HCC_2_NEG  Exp2F_CRR_3_NEG  Exp2F_CRR_25_NEG  Exp2F_HCC_3_NEG  
center sample:  Exp2R_CRR_23_NEG 
Processing: Exp2F_HCC_2_NEG  Exp2F_CRR_3_NEG  Exp2F_CRR_25_NEG  Exp2F_HCC_3_NEG  
center sample:  Exp2R_CRR_23_NEG 
Processing: Exp2F_HCC_2_NEG  Exp2F_CRR_3_NEG  Exp2F_CRR_25_NEG  Exp2F_HCC_3_NEG  
center sample:  Exp2R_CRR_23_NEG 
Processing: Exp2F_HCC_2_NEG  Exp2F_CRR_3_NEG  Exp2F_CRR_25_NEG  Exp2F_HCC_3_NEG  
center sample:  Exp2R_CRR_23_NEG 
Processing: Exp2F_HCC_2_NEG  Exp2F_CRR_3_NEG  Exp2F_CRR_25_NEG  Exp2F_HCC_3_NEG  
center sample:  Exp2R_CRR_23_NEG 
Processing: Exp2F_HCC_2_NEG  Exp2F_CRR_3_NEG  Exp2F_CRR_25_NEG  Exp2F_HCC_3_NEG  
center sample:  Exp2R_CRR_23_NEG 
Processing: Exp2F_HCC_2_NEG  Exp2F_CRR_3_NEG  Exp2F_CRR_25_NEG  Exp2F_HCC_3_NEG  
center sample:  Exp2R_CRR_23_NEG 
Processing: Exp2F_HCC_2_NEG  Exp2F_CRR_3_NEG  Exp2F_CRR_25_NEG  Exp2F_HCC_3_NEG  
center sample:  Exp2R_CRR_23_NEG 
Processing: Exp2F_HCC_2_NEG  Exp2F_CRR_3_NEG  Exp2F_CRR_25_NEG  Exp2F_HCC_3_NEG  
center sample:  Exp2R_CRR_23_NEG 
Processing: Exp2F_HCC_2_NEG  Exp2F_CRR_3_NEG  Exp2F_CRR_25_NEG  Exp2F_HCC_3_NEG  
center sample:  Exp2R_CRR_23_NEG 
Processing: Exp2F_HCC_2_NEG  Exp2F_CRR_3_NEG  Exp2F_CRR_25_NEG  Exp2F_HCC_3_NEG  
center sample:  Exp2R_CRR_23_NEG 
Processing: Exp2F_HCC_2_NEG  Exp2F_CRR_3_NEG  Exp2F_CRR_25_NEG  Exp2F_HCC_3_NEG  
center sample:  Exp2R_CRR_23_NEG 
Processing: Exp2F_HCC_2_NEG  Exp2F_CRR_3_NEG  Exp2F_CRR_25_NEG  Exp2F_HCC_3_NEG  
center sample:  Exp2R_CRR_23_NEG 
Processing: Exp2F_HCC_2_NEG  Exp2F_CRR_3_NEG  Exp2F_CRR_25_NEG  Exp2F_HCC_3_NEG  
center sample:  Exp2R_CRR_23_NEG 
Processing: Exp2F_HCC_2_NEG  Exp2F_CRR_3_NEG  Exp2F_CRR_25_NEG  Exp2F_HCC_3_NEG  
center sample:  Exp2R_CRR_23_NEG 
Processing: Exp2F_HCC_2_NEG  Exp2F_CRR_3_NEG  Exp2F_CRR_25_NEG  Exp2F_HCC_3_NEG  
center sample:  Exp2R_CRR_23_NEG 
Processing: Exp2F_HCC_2_NEG  Exp2F_CRR_3_NEG  Exp2F_CRR_25_NEG  Exp2F_HCC_3_NEG  
center sample:  Exp2R_CRR_23_NEG 
Processing: Exp2F_HCC_2_NEG  Exp2F_CRR_3_NEG  Exp2F_CRR_25_NEG  Exp2F_HCC_3_NEG  
center sample:  Exp2R_CRR_23_NEG 
Processing: Exp2F_HCC_2_NEG  Exp2F_CRR_3_NEG  Exp2F_CRR_25_NEG  Exp2F_HCC_3_NEG  
center sample:  Exp2R_CRR_23_NEG 
Processing: Exp2F_HCC_2_NEG  Exp2F_CRR_3_NEG  Exp2F_CRR_25_NEG  Exp2F_HCC_3_NEG  
center sample:  Exp2R_CRR_23_NEG 
Processing: Exp2F_HCC_2_NEG  Exp2F_CRR_3_NEG  Exp2F_CRR_25_NEG  Exp2F_HCC_3_NEG  
center sample:  Exp2R_CRR_23_NEG 
Processing: Exp2F_HCC_2_NEG  Exp2F_CRR_3_NEG  Exp2F_CRR_25_NEG  Exp2F_HCC_3_NEG  
center sample:  Exp2R_CRR_23_NEG 
Processing: Exp2F_HCC_2_NEG  Exp2F_CRR_3_NEG  Exp2F_CRR_25_NEG  Exp2F_HCC_3_NEG  
center sample:  Exp2R_CRR_23_NEG 
Processing: Exp2F_HCC_2_NEG  Exp2F_CRR_3_NEG  Exp2F_CRR_25_NEG  Exp2F_HCC_3_NEG  
center sample:  Exp2R_CRR_23_NEG 
Processing: Exp2F_HCC_2_NEG  Exp2F_CRR_3_NEG  Exp2F_CRR_25_NEG  Exp2F_HCC_3_NEG  
center sample:  Exp2R_CRR_23_NEG 
Processing: Exp2F_HCC_2_NEG  Exp2F_CRR_3_NEG  Exp2F_CRR_25_NEG  Exp2F_HCC_3_NEG  
center sample:  Exp2R_CRR_23_NEG 
Processing: Exp2F_HCC_2_NEG  Exp2F_CRR_3_NEG  Exp2F_CRR_25_NEG  Exp2F_HCC_3_NEG  
center sample:  Exp2R_CRR_23_NEG 
Processing: Exp2F_HCC_2_NEG  Exp2F_CRR_3_NEG  Exp2F_CRR_25_NEG  Exp2F_HCC_3_NEG  
center sample:  Exp2R_CRR_23_NEG 
Processing: Exp2F_HCC_2_NEG  Exp2F_CRR_3_NEG  Exp2F_CRR_25_NEG  Exp2F_HCC_3_NEG  
center sample:  Exp2R_CRR_23_NEG 
Processing: Exp2F_HCC_2_NEG  Exp2F_CRR_3_NEG  Exp2F_CRR_25_NEG  Exp2F_HCC_3_NEG  
center sample:  Exp2R_CRR_23_NEG 
Processing: Exp2F_HCC_2_NEG  Exp2F_CRR_3_NEG  Exp2F_CRR_25_NEG  Exp2F_HCC_3_NEG  
center sample:  Exp2R_CRR_23_NEG 
Processing: Exp2F_HCC_2_NEG  Exp2F_CRR_3_NEG  Exp2F_CRR_25_NEG  Exp2F_HCC_3_NEG  
center sample:  Exp2R_CRR_23_NEG 
Processing: Exp2F_HCC_2_NEG  Exp2F_CRR_3_NEG  Exp2F_CRR_25_NEG  Exp2F_HCC_3_NEG  
center sample:  Exp2R_CRR_23_NEG 
Processing: Exp2F_HCC_2_NEG  Exp2F_CRR_3_NEG  Exp2F_CRR_25_NEG  Exp2F_HCC_3_NEG  
center sample:  Exp2R_CRR_23_NEG 
Processing: Exp2F_HCC_2_NEG  Exp2F_CRR_3_NEG  Exp2F_CRR_25_NEG  Exp2F_HCC_3_NEG  
center sample:  Exp2R_CRR_23_NEG 
Processing: Exp2F_HCC_2_NEG  Exp2F_CRR_3_NEG  Exp2F_CRR_25_NEG  Exp2F_HCC_3_NEG  
center sample:  Exp2R_CRR_23_NEG 
Processing: Exp2F_HCC_2_NEG  Exp2F_CRR_3_NEG  Exp2F_CRR_25_NEG  Exp2F_HCC_3_NEG  
center sample:  Exp2R_CRR_23_NEG 
Processing: Exp2F_HCC_2_NEG  Exp2F_CRR_3_NEG  Exp2F_CRR_25_NEG  Exp2F_HCC_3_NEG  
center sample:  Exp2R_CRR_23_NEG 
Processing: Exp2F_HCC_2_NEG  Exp2F_CRR_3_NEG  Exp2F_CRR_25_NEG  Exp2F_HCC_3_NEG  
center sample:  Exp2R_CRR_23_NEG 
Processing: Exp2F_HCC_2_NEG  Exp2F_CRR_3_NEG  Exp2F_CRR_25_NEG  Exp2F_HCC_3_NEG  
center sample:  Exp2R_CRR_23_NEG 
Processing: Exp2F_HCC_2_NEG  Exp2F_CRR_3_NEG  Exp2F_CRR_25_NEG  Exp2F_HCC_3_NEG  
center sample:  Exp2R_CRR_23_NEG 
Processing: Exp2F_HCC_2_NEG  Exp2F_CRR_3_NEG  Exp2F_CRR_25_NEG  Exp2F_HCC_3_NEG  
center sample:  Exp2R_CRR_23_NEG 
Processing: Exp2F_HCC_2_NEG  Exp2F_CRR_3_NEG  Exp2F_CRR_25_NEG  Exp2F_HCC_3_NEG  
center sample:  Exp2R_CRR_23_NEG 
Processing: Exp2F_HCC_2_NEG  Exp2F_CRR_3_NEG  Exp2F_CRR_25_NEG  Exp2F_HCC_3_NEG  
center sample:  Exp2R_CRR_23_NEG 
Processing: Exp2F_HCC_2_NEG  Exp2F_CRR_3_NEG  Exp2F_CRR_25_NEG  Exp2F_HCC_3_NEG  
center sample:  Exp2R_CRR_23_NEG 
Processing: Exp2F_HCC_2_NEG  Exp2F_CRR_3_NEG  Exp2F_CRR_25_NEG  Exp2F_HCC_3_NEG  
center sample:  Exp2R_CRR_23_NEG 
Processing: Exp2F_HCC_2_NEG  Exp2F_CRR_3_NEG  Exp2F_CRR_25_NEG  Exp2F_HCC_3_NEG  
center sample:  Exp2R_CRR_23_NEG 
Processing: Exp2F_HCC_2_NEG  Exp2F_CRR_3_NEG  Exp2F_CRR_25_NEG  Exp2F_HCC_3_NEG  
center sample:  Exp2R_CRR_23_NEG 
Processing: Exp2F_HCC_2_NEG  Exp2F_CRR_3_NEG  Exp2F_CRR_25_NEG  Exp2F_HCC_3_NEG  
center sample:  Exp2R_CRR_23_NEG 
Processing: Exp2F_HCC_2_NEG  Exp2F_CRR_3_NEG  Exp2F_CRR_25_NEG  Exp2F_HCC_3_NEG  
center sample:  Exp2R_CRR_23_NEG 
Processing: Exp2F_HCC_2_NEG  Exp2F_CRR_3_NEG  Exp2F_CRR_25_NEG  Exp2F_HCC_3_NEG  
center sample:  Exp2R_CRR_23_NEG 
Processing: Exp2F_HCC_2_NEG  Exp2F_CRR_3_NEG  Exp2F_CRR_25_NEG  Exp2F_HCC_3_NEG  
center sample:  Exp2R_CRR_23_NEG 
Processing: Exp2F_HCC_2_NEG  Exp2F_CRR_3_NEG  Exp2F_CRR_25_NEG  Exp2F_HCC_3_NEG  
center sample:  Exp2R_CRR_23_NEG 
Processing: Exp2F_HCC_2_NEG  Exp2F_CRR_3_NEG  Exp2F_CRR_25_NEG  Exp2F_HCC_3_NEG  
center sample:  Exp2R_CRR_23_NEG 
Processing: Exp2F_HCC_2_NEG  Exp2F_CRR_3_NEG  Exp2F_CRR_25_NEG  Exp2F_HCC_3_NEG  
center sample:  Exp2R_CRR_23_NEG 
Processing: Exp2F_HCC_2_NEG  Exp2F_CRR_3_NEG  Exp2F_CRR_25_NEG  Exp2F_HCC_3_NEG  
center sample:  Exp2R_CRR_23_NEG 
Processing: Exp2F_HCC_2_NEG  Exp2F_CRR_3_NEG  Exp2F_CRR_25_NEG  Exp2F_HCC_3_NEG  
center sample:  Exp2R_CRR_23_NEG 
Processing: Exp2F_HCC_2_NEG  Exp2F_CRR_3_NEG  Exp2F_CRR_25_NEG  Exp2F_HCC_3_NEG  
center sample:  Exp2R_CRR_23_NEG 
Processing: Exp2F_HCC_2_NEG  Exp2F_CRR_3_NEG  Exp2F_CRR_25_NEG  Exp2F_HCC_3_NEG  
center sample:  Exp2R_CRR_23_NEG 
Processing: Exp2F_HCC_2_NEG  Exp2F_CRR_3_NEG  Exp2F_CRR_25_NEG  Exp2F_HCC_3_NEG  
center sample:  Exp2R_CRR_23_NEG 
Processing: Exp2F_HCC_2_NEG  Exp2F_CRR_3_NEG  Exp2F_CRR_25_NEG  Exp2F_HCC_3_NEG  
center sample:  Exp2R_CRR_23_NEG 
Processing: Exp2F_HCC_2_NEG  Exp2F_CRR_3_NEG  Exp2F_CRR_25_NEG  Exp2F_HCC_3_NEG  
center sample:  Exp2R_CRR_23_NEG 
Processing: Exp2F_HCC_2_NEG  Exp2F_CRR_3_NEG  Exp2F_CRR_25_NEG  Exp2F_HCC_3_NEG  
center sample:  Exp2R_CRR_23_NEG 
Processing: Exp2F_HCC_2_NEG  Exp2F_CRR_3_NEG  Exp2F_CRR_25_NEG  Exp2F_HCC_3_NEG  
center sample:  Exp2R_CRR_23_NEG 
Processing: Exp2F_HCC_2_NEG  Exp2F_CRR_3_NEG  Exp2F_CRR_25_NEG  Exp2F_HCC_3_NEG  
center sample:  Exp2R_CRR_23_NEG 
Processing: Exp2F_HCC_2_NEG  Exp2F_CRR_3_NEG  Exp2F_CRR_25_NEG  Exp2F_HCC_3_NEG  
center sample:  Exp2R_CRR_23_NEG 
Processing: Exp2F_HCC_2_NEG  Exp2F_CRR_3_NEG  Exp2F_CRR_25_NEG  Exp2F_HCC_3_NEG  
center sample:  Exp2R_CRR_23_NEG 
Processing: Exp2F_HCC_2_NEG  Exp2F_CRR_3_NEG  Exp2F_CRR_25_NEG  Exp2F_HCC_3_NEG  
center sample:  Exp2R_CRR_23_NEG 
Processing: Exp2F_HCC_2_NEG  Exp2F_CRR_3_NEG  Exp2F_CRR_25_NEG  Exp2F_HCC_3_NEG  
center sample:  Exp2R_CRR_23_NEG 
Processing: Exp2F_HCC_2_NEG  Exp2F_CRR_3_NEG  Exp2F_CRR_25_NEG  Exp2F_HCC_3_NEG  
center sample:  Exp2R_CRR_23_NEG 
Processing: Exp2F_HCC_2_NEG  Exp2F_CRR_3_NEG  Exp2F_CRR_25_NEG  Exp2F_HCC_3_NEG  
center sample:  Exp2R_CRR_23_NEG 
Processing: Exp2F_HCC_2_NEG  Exp2F_CRR_3_NEG  Exp2F_CRR_25_NEG  Exp2F_HCC_3_NEG  
center sample:  Exp2R_CRR_23_NEG 
Processing: Exp2F_HCC_2_NEG  Exp2F_CRR_3_NEG  Exp2F_CRR_25_NEG  Exp2F_HCC_3_NEG  
center sample:  Exp2R_CRR_23_NEG 
Processing: Exp2F_HCC_2_NEG  Exp2F_CRR_3_NEG  Exp2F_CRR_25_NEG  Exp2F_HCC_3_NEG  
center sample:  Exp2R_CRR_23_NEG 
Processing: Exp2F_HCC_2_NEG  Exp2F_CRR_3_NEG  Exp2F_CRR_25_NEG  Exp2F_HCC_3_NEG  
center sample:  Exp2R_CRR_23_NEG 
Processing: Exp2F_HCC_2_NEG  Exp2F_CRR_3_NEG  Exp2F_CRR_25_NEG  Exp2F_HCC_3_NEG  
center sample:  Exp2R_CRR_23_NEG 
Processing: Exp2F_HCC_2_NEG  Exp2F_CRR_3_NEG  Exp2F_CRR_25_NEG  Exp2F_HCC_3_NEG  
center sample:  Exp2R_CRR_23_NEG 
Processing: Exp2F_HCC_2_NEG  Exp2F_CRR_3_NEG  Exp2F_CRR_25_NEG  Exp2F_HCC_3_NEG  
center sample:  Exp2R_CRR_23_NEG 
Processing: Exp2F_HCC_2_NEG  Exp2F_CRR_3_NEG  Exp2F_CRR_25_NEG  Exp2F_HCC_3_NEG  
center sample:  Exp2R_CRR_23_NEG 
Processing: Exp2F_HCC_2_NEG  Exp2F_CRR_3_NEG  Exp2F_CRR_25_NEG  Exp2F_HCC_3_NEG  
center sample:  Exp2R_CRR_23_NEG 
Processing: Exp2F_HCC_2_NEG  Exp2F_CRR_3_NEG  Exp2F_CRR_25_NEG  Exp2F_HCC_3_NEG  
center sample:  Exp2R_CRR_23_NEG 
Processing: Exp2F_HCC_2_NEG  Exp2F_CRR_3_NEG  Exp2F_CRR_25_NEG  Exp2F_HCC_3_NEG  
center sample:  Exp2R_CRR_23_NEG 
Processing: Exp2F_HCC_2_NEG  Exp2F_CRR_3_NEG  Exp2F_CRR_25_NEG  Exp2F_HCC_3_NEG  
center sample:  Exp2R_CRR_23_NEG 
Processing: Exp2F_HCC_2_NEG  Exp2F_CRR_3_NEG  Exp2F_CRR_25_NEG  Exp2F_HCC_3_NEG  
center sample:  Exp2R_CRR_23_NEG 
Processing: Exp2F_HCC_2_NEG  Exp2F_CRR_3_NEG  Exp2F_CRR_25_NEG  Exp2F_HCC_3_NEG  
center sample:  Exp2R_CRR_23_NEG 
Processing: Exp2F_HCC_2_NEG  Exp2F_CRR_3_NEG  Exp2F_CRR_25_NEG  Exp2F_HCC_3_NEG  
center sample:  Exp2R_CRR_23_NEG 
Processing: Exp2F_HCC_2_NEG  Exp2F_CRR_3_NEG  Exp2F_CRR_25_NEG  Exp2F_HCC_3_NEG  
center sample:  Exp2R_CRR_23_NEG 
Processing: Exp2F_HCC_2_NEG  Exp2F_CRR_3_NEG  Exp2F_CRR_25_NEG  Exp2F_HCC_3_NEG  
K
Create profile matrix with method 'bin' and step 1 ... OK
Create profile matrix with method 'bin' and step 1 ... OK
Processing 45614 mz slices ... OK
Create profile matrix with method 'bin' and step 1 ... OK
Create profile matrix with method 'bin' and step 1 ... OK
Create profile matrix with method 'bin' and step 1 ... OK
Create profile matrix with method 'bin' and step 1 ... OK
Create profile matrix with method 'bin' and step 1 ... OK
Processing 45614 mz slices ... OK
Create profile matrix with method 'bin' and step 1 ... OK
Create profile matrix with method 'bin' and step 1 ... OK
Create profile matrix with method 'bin' and step 1 ... OK
Create profile matrix with method 'bin' and step 1 ... OK
Create profile matrix with method 'bin' and step 1 ... OK
Processing 45614 mz slices ... OK
Create profile matrix with method 'bin' and step 0.7 ... OK
Create profile matrix with method 'bin' and step 0.7 ... OK
Create profile matrix with method 'bin' and step 0.7 ... OK
Create profile matrix with method 'bin' and step 0.7 ... OK
Create profile matrix with method 'bin' and step 0.7 ... OK
Create profile matrix with method 'bin' and step 0.7 ... OK
Create profile matrix with method 'bin' and step 0.7 ... OK
Create profile matrix with method 'bin' and step 0.7 ... OK
Processing 45614 mz slices ... OK
Create profile matrix with method 'bin' and step 0.7 ... OK
Create profile matrix with method 'bin' and step 0.7 ... OK
Create profile matrix with method 'bin' and step 0.7 ... OK
Create profile matrix with method 'bin' and step 0.7 ... OK
Create profile matrix with method 'bin' and step 0.7 ... OK
Create profile matrix with method 'bin' and step 0.7 ... OK
Create profile matrix with method 'bin' and step 0.7 ... OK
Create profile matrix with method 'bin' and step 0.7 ... OK
Processing 45614 mz slices ... OK
Create profile matrix with method 'bin' and step 0.7 ... OK
Create profile matrix with method 'bin' and step 0.7 ... OK
Create profile matrix with method 'bin' and step 0.7 ... OK
Create profile matrix with method 'bin' and step 0.7 ... OK
Create profile matrix with method 'bin' and step 0.7 ... OK
Create profile matrix with method 'bin' and step 0.7 ... OK
Create profile matrix with method 'bin' and step 0.7 ... OK
Create profile matrix with method 'bin' and step 0.7 ... OK
Processing 45614 mz slices ... OK
Create profile matrix with method 'bin' and step 0.7 ... OK
Create profile matrix with method 'bin' and step 0.7 ... OK
Create profile matrix with method 'bin' and step 0.7 ... OK
Create profile matrix with method 'bin' and step 0.7 ... OK
Create profile matrix with method 'bin' and step 0.7 ... OK
Create profile matrix with method 'bin' and step 0.7 ... OK
Create profile matrix with method 'bin' and step 0.7 ... OK
Create profile matrix with method 'bin' and step 0.7 ... OK
Processing 45614 mz slices ... OK
Create profile matrix with method 'bin' and step 1 ... OK
Create profile matrix with method 'bin' and step 1 ... OK
Create profile matrix with method 'bin' and step 1 ... OK
Create profile matrix with method 'bin' and step 1 ... OK
Create profile matrix with method 'bin' and step 1 ... OK
Processing 45614 mz slices ... OK
Create profile matrix with method 'bin' and step 1 ... OK
Create profile matrix with method 'bin' and step 1 ... OK
Create profile matrix with method 'bin' and step 1 ... OK
Create profile matrix with method 'bin' and step 1 ... OK
Create profile matrix with method 'bin' and step 1 ... OK
Processing 45614 mz slices ... OK
Create profile matrix with method 'bin' and step 1 ... OK
Create profile matrix with method 'bin' and step 1 ... OK
Create profile matrix with method 'bin' and step 1 ... OK
Create profile matrix with method 'bin' and step 1 ... OK
Create profile matrix with method 'bin' and step 1 ... OK
Processing 45614 mz slices ... OK
Create profile matrix with method 'bin' and step 1 ... OK
Create profile matrix with method 'bin' and step 1 ... OK
Create profile matrix with method 'bin' and step 1 ... OK
Create profile matrix with method 'bin' and step 1 ... OK
Create profile matrix with method 'bin' and step 1 ... OK
Processing 45614 mz slices ... OK
Create profile matrix with method 'bin' and step 0.85 ... OK
Create profile matrix with method 'bin' and step 0.85 ... OK
Create profile matrix with method 'bin' and step 0.85 ... OK
Create profile matrix with method 'bin' and step 0.85 ... OK
Create profile matrix with method 'bin' and step 0.85 ... OK
Create profile matrix with method 'bin' and step 0.85 ... OK
Create profile matrix with method 'bin' and step 0.85 ... OK
Create profile matrix with method 'bin' and step 0.85 ... OK
Processing 63859 mz slices ... OK
Create profile matrix with method 'bin' and step 0.85 ... OK
Create profile matrix with method 'bin' and step 0.85 ... OK
Create profile matrix with method 'bin' and step 0.85 ... OK
Create profile matrix with method 'bin' and step 0.85 ... OK
Create profile matrix with method 'bin' and step 0.85 ... OK
Create profile matrix with method 'bin' and step 0.85 ... OK
Create profile matrix with method 'bin' and step 0.85 ... OK
Create profile matrix with method 'bin' and step 0.85 ... OK
Processing 63859 mz slices ... OK
Create profile matrix with method 'bin' and step 0.85 ... OK
Create profile matrix with method 'bin' and step 0.85 ... OK
Create profile matrix with method 'bin' and step 0.85 ... OK
Create profile matrix with method 'bin' and step 0.85 ... OK
Create profile matrix with method 'bin' and step 0.85 ... OK
Create profile matrix with method 'bin' and step 0.85 ... OK
Create profile matrix with method 'bin' and step 0.85 ... OK
Create profile matrix with method 'bin' and step 0.85 ... OK
Processing 63859 mz slices ... OK
Create profile matrix with method 'bin' and step 0.85 ... OK
Create profile matrix with method 'bin' and step 0.85 ... OK
Create profile matrix with method 'bin' and step 0.85 ... OK
Create profile matrix with method 'bin' and step 0.85 ... OK
Create profile matrix with method 'bin' and step 0.85 ... OK
Create profile matrix with method 'bin' and step 0.85 ... OK
Create profile matrix with method 'bin' and step 0.85 ... OK
Create profile matrix with method 'bin' and step 0.85 ... OK
Processing 63859 mz slices ... OK
Create profile matrix with method 'bin' and step 0.85 ... OK
Create profile matrix with method 'bin' and step 0.85 ... OK
Create profile matrix with method 'bin' and step 0.85 ... OK
Create profile matrix with method 'bin' and step 0.85 ... OK
Create profile matrix with method 'bin' and step 0.85 ... OK
Create profile matrix with method 'bin' and step 0.85 ... OK
Create profile matrix with method 'bin' and step 0.85 ... OK
Create profile matrix with method 'bin' and step 0.85 ... OK
Processing 63859 mz slices ... OK
Create profile matrix with method 'bin' and step 0.7 ... OK
Create profile matrix with method 'bin' and step 0.7 ... OK
Create profile matrix with method 'bin' and step 0.7 ... OK
Create profile matrix with method 'bin' and step 0.7 ... OK
Create profile matrix with method 'bin' and step 0.7 ... OK
Create profile matrix with method 'bin' and step 0.7 ... OK
Create profile matrix with method 'bin' and step 0.7 ... OK
Create profile matrix with method 'bin' and step 0.7 ... OK
Processing 63859 mz slices ... OK
Create profile matrix with method 'bin' and step 1 ... OK
Create profile matrix with method 'bin' and step 1 ... OK
Create profile matrix with method 'bin' and step 1 ... OK
Create profile matrix with method 'bin' and step 1 ... OK
Create profile matrix with method 'bin' and step 1 ... OK
Processing 63859 mz slices ... OK
Create profile matrix with method 'bin' and step 0.85 ... OK
Create profile matrix with method 'bin' and step 0.85 ... OK
Create profile matrix with method 'bin' and step 0.85 ... OK
Create profile matrix with method 'bin' and step 0.85 ... OK
Create profile matrix with method 'bin' and step 0.85 ... OK
Create profile matrix with method 'bin' and step 0.85 ... OK
Create profile matrix with method 'bin' and step 0.85 ... OK
Create profile matrix with method 'bin' and step 0.85 ... OK
Processing 63859 mz slices ... OK
Create profile matrix with method 'bin' and step 0.85 ... OK
Create profile matrix with method 'bin' and step 0.85 ... OK
Create profile matrix with method 'bin' and step 0.85 ... OK
Create profile matrix with method 'bin' and step 0.85 ... OK
Create profile matrix with method 'bin' and step 0.85 ... OK
Create profile matrix with method 'bin' and step 0.85 ... OK
Create profile matrix with method 'bin' and step 0.85 ... OK
Create profile matrix with method 'bin' and step 0.85 ... OK
Processing 63859 mz slices ... OK
Create profile matrix with method 'bin' and step 0.85 ... OK
Create profile matrix with method 'bin' and step 0.85 ... OK
Create profile matrix with method 'bin' and step 0.85 ... OK
Create profile matrix with method 'bin' and step 0.85 ... OK
Create profile matrix with method 'bin' and step 0.85 ... OK
Create profile matrix with method 'bin' and step 0.85 ... OK
Create profile matrix with method 'bin' and step 0.85 ... OK
Create profile matrix with method 'bin' and step 0.85 ... OK
Processing 106431 mz slices ... OK
Create profile matrix with method 'bin' and step 0.85 ... OK
Create profile matrix with method 'bin' and step 0.85 ... OK
Create profile matrix with method 'bin' and step 0.85 ... OK
Create profile matrix with method 'bin' and step 0.85 ... OK
Create profile matrix with method 'bin' and step 0.85 ... OK
Create profile matrix with method 'bin' and step 0.85 ... OK
Create profile matrix with method 'bin' and step 0.85 ... OK
Create profile matrix with method 'bin' and step 0.85 ... OK
Processing 45614 mz slices ... OK
Create profile matrix with method 'bin' and step 0.85 ... OK
Create profile matrix with method 'bin' and step 0.85 ... OK
Create profile matrix with method 'bin' and step 0.85 ... OK
Create profile matrix with method 'bin' and step 0.85 ... OK
Create profile matrix with method 'bin' and step 0.85 ... OK
Create profile matrix with method 'bin' and step 0.85 ... OK
Create profile matrix with method 'bin' and step 0.85 ... OK
Create profile matrix with method 'bin' and step 0.85 ... OK
Processing 63859 mz slices ... OK
Create profile matrix with method 'bin' and step 1 ... OK
Create profile matrix with method 'bin' and step 1 ... OK
Create profile matrix with method 'bin' and step 1 ... OK
Create profile matrix with method 'bin' and step 1 ... OK
Create profile matrix with method 'bin' and step 1 ... OK
Processing 51500 mz slices ... OK
profStep or minfrac greater 1, decreasing to 0.71 and 1



starting new DoE with:

gapInit: c(0.1, 0.5)
gapExtend: c(1.74, 2.46)
profStep: c(0.71, 1)
bw: c(12.4, 31.6)
mzwid: c(0.021, 0.041)
distFunc: cor_opt
plottype: none
response: 1
factorDiag: 2
factorGap: 1
localAlignment: 0
retcorMethod: obiwarp
minfrac: 0.05
minsamp: 1
max: 50
center: 4

Create profile matrix with method 'bin' and step 0.71 ... OK
Create profile matrix with method 'bin' and step 0.71 ... OK
Create profile matrix with method 'bin' and step 0.71 ... OK
Create profile matrix with method 'bin' and step 0.71 ... OK
Create profile matrix with method 'bin' and step 0.71 ... OK
Create profile matrix with method 'bin' and step 0.71 ... OK
Create profile matrix with method 'bin' and step 0.71 ... OK
Create profile matrix with method 'bin' and step 0.71 ... OK
Processing 76023 mz slices ... OK
Create profile matrix with method 'bin' and step 0.71 ... OK
Create profile matrix with method 'bin' and step 0.71 ... OK
Create profile matrix with method 'bin' and step 0.71 ... OK
Create profile matrix with method 'bin' and step 0.71 ... OK
Create profile matrix with method 'bin' and step 0.71 ... OK
Create profile matrix with method 'bin' and step 0.71 ... OK
Create profile matrix with method 'bin' and step 0.71 ... OK
Create profile matrix with method 'bin' and step 0.71 ... OK
Processing 76023 mz slices ... OK
Create profile matrix with method 'bin' and step 0.71 ... OK
Create profile matrix with method 'bin' and step 0.71 ... OK
Create profile matrix with method 'bin' and step 0.71 ... OK
Create profile matrix with method 'bin' and step 0.71 ... OK
Create profile matrix with method 'bin' and step 0.71 ... OK
Create profile matrix with method 'bin' and step 0.71 ... OK
Create profile matrix with method 'bin' and step 0.71 ... OK
Create profile matrix with method 'bin' and step 0.71 ... OK
Processing 76023 mz slices ... OK
Create profile matrix with method 'bin' and step 0.71 ... OK
Create profile matrix with method 'bin' and step 0.71 ... OK
Create profile matrix with method 'bin' and step 0.71 ... OK
Create profile matrix with method 'bin' and step 0.71 ... OK
Create profile matrix with method 'bin' and step 0.71 ... OK
Create profile matrix with method 'bin' and step 0.71 ... OK
Create profile matrix with method 'bin' and step 0.71 ... OK
Create profile matrix with method 'bin' and step 0.71 ... OK
Processing 76023 mz slices ... OK
Create profile matrix with method 'bin' and step 1 ... OK
Create profile matrix with method 'bin' and step 1 ... OK
Create profile matrix with method 'bin' and step 1 ... OK
Create profile matrix with method 'bin' and step 1 ... OK
Create profile matrix with method 'bin' and step 1 ... OK
Processing 76023 mz slices ... OK
Create profile matrix with method 'bin' and step 1 ... OK
Create profile matrix with method 'bin' and step 1 ... OK
Create profile matrix with method 'bin' and step 1 ... OK
Create profile matrix with method 'bin' and step 1 ... OK
Create profile matrix with method 'bin' and step 1 ... OK
Processing 76023 mz slices ... OK
Create profile matrix with method 'bin' and step 1 ... OK
Create profile matrix with method 'bin' and step 1 ... OK
Create profile matrix with method 'bin' and step 1 ... OK
Create profile matrix with method 'bin' and step 1 ... OK
Create profile matrix with method 'bin' and step 1 ... OK
Processing 76023 mz slices ... OK
Create profile matrix with method 'bin' and step 1 ... OK
Create profile matrix with method 'bin' and step 1 ... OK
Create profile matrix with method 'bin' and step 1 ... OK
Create profile matrix with method 'bin' and step 1 ... OK
Create profile matrix with method 'bin' and step 1 ... OK
Processing 76023 mz slices ... OK
Create profile matrix with method 'bin' and step 0.71 ... OK
Create profile matrix with method 'bin' and step 0.71 ... OK
Create profile matrix with method 'bin' and step 0.71 ... OK
Create profile matrix with method 'bin' and step 0.71 ... OK
Create profile matrix with method 'bin' and step 0.71 ... OK
Create profile matrix with method 'bin' and step 0.71 ... OK
Create profile matrix with method 'bin' and step 0.71 ... OK
Create profile matrix with method 'bin' and step 0.71 ... OK
Processing 76023 mz slices ... OK
Create profile matrix with method 'bin' and step 0.71 ... OK
Create profile matrix with method 'bin' and step 0.71 ... OK
Create profile matrix with method 'bin' and step 0.71 ... OK
Create profile matrix with method 'bin' and step 0.71 ... OK
Create profile matrix with method 'bin' and step 0.71 ... OK
Create profile matrix with method 'bin' and step 0.71 ... OK
Create profile matrix with method 'bin' and step 0.71 ... OK
Create profile matrix with method 'bin' and step 0.71 ... OK
Processing 76023 mz slices ... OK
Create profile matrix with method 'bin' and step 0.71 ... OK
Create profile matrix with method 'bin' and step 0.71 ... OK
Create profile matrix with method 'bin' and step 0.71 ... OK
Create profile matrix with method 'bin' and step 0.71 ... OK
Create profile matrix with method 'bin' and step 0.71 ... OK
Create profile matrix with method 'bin' and step 0.71 ... OK
Create profile matrix with method 'bin' and step 0.71 ... OK
Create profile matrix with method 'bin' and step 0.71 ... OK
Processing 76023 mz slices ... OK
Create profile matrix with method 'bin' and step 0.71 ... OK
Create profile matrix with method 'bin' and step 0.71 ... OK
Create profile matrix with method 'bin' and step 0.71 ... OK
Create profile matrix with method 'bin' and step 0.71 ... OK
Create profile matrix with method 'bin' and step 0.71 ... OK
Create profile matrix with method 'bin' and step 0.71 ... OK
Create profile matrix with method 'bin' and step 0.71 ... OK
Create profile matrix with method 'bin' and step 0.71 ... OK
Processing 76023 mz slices ... OK
Create profile matrix with method 'bin' and step 1 ... OK
Create profile matrix with method 'bin' and step 1 ... OK
Create profile matrix with method 'bin' and step 1 ... OK
Create profile matrix with method 'bin' and step 1 ... OK
Create profile matrix with method 'bin' and step 1 ... OK
Processing 76023 mz slices ... OK
Create profile matrix with method 'bin' and step 1 ... OK
Create profile matrix with method 'bin' and step 1 ... OK
Create profile matrix with method 'bin' and step 1 ... OK
Create profile matrix with method 'bin' and step 1 ... OK
Create profile matrix with method 'bin' and step 1 ... OK
Processing 76023 mz slices ... OK
Create profile matrix with method 'bin' and step 1 ... OK
Create profile matrix with method 'bin' and step 1 ... OK
Create profile matrix with method 'bin' and step 1 ... OK
Create profile matrix with method 'bin' and step 1 ... OK
Create profile matrix with method 'bin' and step 1 ... OK
Processing 76023 mz slices ... OK
Create profile matrix with method 'bin' and step 1 ... OK
Create profile matrix with method 'bin' and step 1 ... OK
Create profile matrix with method 'bin' and step 1 ... OK
Create profile matrix with method 'bin' and step 1 ... OK
Create profile matrix with method 'bin' and step 1 ... OK
Processing 76023 mz slices ... OK
Create profile matrix with method 'bin' and step 0.71 ... OK
Create profile matrix with method 'bin' and step 0.71 ... OK
Create profile matrix with method 'bin' and step 0.71 ... OK
Create profile matrix with method 'bin' and step 0.71 ... OK
Create profile matrix with method 'bin' and step 0.71 ... OK
Create profile matrix with method 'bin' and step 0.71 ... OK
Create profile matrix with method 'bin' and step 0.71 ... OK
Create profile matrix with method 'bin' and step 0.71 ... OK
Processing 38939 mz slices ... OK
Create profile matrix with method 'bin' and step 0.71 ... OK
Create profile matrix with method 'bin' and step 0.71 ... OK
Create profile matrix with method 'bin' and step 0.71 ... OK
Create profile matrix with method 'bin' and step 0.71 ... OK
Create profile matrix with method 'bin' and step 0.71 ... OK
Create profile matrix with method 'bin' and step 0.71 ... OK
Create profile matrix with method 'bin' and step 0.71 ... OK
Create profile matrix with method 'bin' and step 0.71 ... OK
Processing 38939 mz slices ... OK
Create profile matrix with method 'bin' and step 0.71 ... OK
Create profile matrix with method 'bin' and step 0.71 ... OK
Create profile matrix with method 'bin' and step 0.71 ... OK
Create profile matrix with method 'bin' and step 0.71 ... OK
Create profile matrix with method 'bin' and step 0.71 ... OK
Create profile matrix with method 'bin' and step 0.71 ... OK
Create profile matrix with method 'bin' and step 0.71 ... OK
Create profile matrix with method 'bin' and step 0.71 ... OK
Processing 38939 mz slices ... OK
Create profile matrix with method 'bin' and step 0.71 ... OK
Create profile matrix with method 'bin' and step 0.71 ... OK
Create profile matrix with method 'bin' and step 0.71 ... OK
Create profile matrix with method 'bin' and step 0.71 ... OK
Create profile matrix with method 'bin' and step 0.71 ... OK
Create profile matrix with method 'bin' and step 0.71 ... OK
Create profile matrix with method 'bin' and step 0.71 ... OK
Create profile matrix with method 'bin' and step 0.71 ... OK
Processing 38939 mz slices ... OK
Create profile matrix with method 'bin' and step 1 ... OK
Create profile matrix with method 'bin' and step 1 ... OK
Create profile matrix with method 'bin' and step 1 ... OK
Create profile matrix with method 'bin' and step 1 ... OK
Create profile matrix with method 'bin' and step 1 ... OK
Processing 38939 mz slices ... OK
Create profile matrix with method 'bin' and step 1 ... OK
Create profile matrix with method 'bin' and step 1 ... OK
Create profile matrix with method 'bin' and step 1 ... OK
Create profile matrix with method 'bin' and step 1 ... OK
Create profile matrix with method 'bin' and step 1 ... OK
Processing 38939 mz slices ... OK
Create profile matrix with method 'bin' and step 1 ... OK
Create profile matrix with method 'bin' and step 1 ... OK
Create profile matrix with method 'bin' and step 1 ... OK
Create profile matrix with method 'bin' and step 1 ... OK
Create profile matrix with method 'bin' and step 1 ... OK
Processing 38939 mz slices ... OK
Create profile matrix with method 'bin' and step 1 ... OK
Create profile matrix with method 'bin' and step 1 ... OK
Create profile matrix with method 'bin' and step 1 ... OK
Create profile matrix with method 'bin' and step 1 ... OK
Create profile matrix with method 'bin' and step 1 ... OK
Processing 38939 mz slices ... OK
Create profile matrix with method 'bin' and step 0.71 ... OK
Create profile matrix with method 'bin' and step 0.71 ... OK
Create profile matrix with method 'bin' and step 0.71 ... OK
Create profile matrix with method 'bin' and step 0.71 ... OK
Create profile matrix with method 'bin' and step 0.71 ... OK
Create profile matrix with method 'bin' and step 0.71 ... OK
Create profile matrix with method 'bin' and step 0.71 ... OK
Create profile matrix with method 'bin' and step 0.71 ... OK
Processing 38939 mz slices ... OK
Create profile matrix with method 'bin' and step 0.71 ... OK
Create profile matrix with method 'bin' and step 0.71 ... OK
Create profile matrix with method 'bin' and step 0.71 ... OK
Create profile matrix with method 'bin' and step 0.71 ... OK
Create profile matrix with method 'bin' and step 0.71 ... OK
Create profile matrix with method 'bin' and step 0.71 ... OK
Create profile matrix with method 'bin' and step 0.71 ... OK
Create profile matrix with method 'bin' and step 0.71 ... OK
Processing 38939 mz slices ... OK
Create profile matrix with method 'bin' and step 0.71 ... OK
Create profile matrix with method 'bin' and step 0.71 ... OK
Create profile matrix with method 'bin' and step 0.71 ... OK
Create profile matrix with method 'bin' and step 0.71 ... OK
Create profile matrix with method 'bin' and step 0.71 ... OK
Create profile matrix with method 'bin' and step 0.71 ... OK
Create profile matrix with method 'bin' and step 0.71 ... OK
Create profile matrix with method 'bin' and step 0.71 ... OK
Processing 38939 mz slices ... OK
Create profile matrix with method 'bin' and step 0.71 ... OK
Create profile matrix with method 'bin' and step 0.71 ... OK
Create profile matrix with method 'bin' and step 0.71 ... OK
Create profile matrix with method 'bin' and step 0.71 ... OK
Create profile matrix with method 'bin' and step 0.71 ... OK
Create profile matrix with method 'bin' and step 0.71 ... OK
Create profile matrix with method 'bin' and step 0.71 ... OK
Create profile matrix with method 'bin' and step 0.71 ... OK
Processing 38939 mz slices ... OK
Create profile matrix with method 'bin' and step 1 ... OK
Create profile matrix with method 'bin' and step 1 ... OK
Create profile matrix with method 'bin' and step 1 ... OK
Create profile matrix with method 'bin' and step 1 ... OK
Create profile matrix with method 'bin' and step 1 ... OK
Processing 38939 mz slices ... OK
Create profile matrix with method 'bin' and step 1 ... OK
Create profile matrix with method 'bin' and step 1 ... OK
Create profile matrix with method 'bin' and step 1 ... OK
Create profile matrix with method 'bin' and step 1 ... OK
Create profile matrix with method 'bin' and step 1 ... OK
Processing 38939 mz slices ... OK
Create profile matrix with method 'bin' and step 1 ... OK
Create profile matrix with method 'bin' and step 1 ... OK
Create profile matrix with method 'bin' and step 1 ... OK
Create profile matrix with method 'bin' and step 1 ... OK
Create profile matrix with method 'bin' and step 1 ... OK
Processing 38939 mz slices ... OK
Create profile matrix with method 'bin' and step 1 ... OK
Create profile matrix with method 'bin' and step 1 ... OK
Create profile matrix with method 'bin' and step 1 ... OK
Create profile matrix with method 'bin' and step 1 ... OK
Create profile matrix with method 'bin' and step 1 ... OK
Processing 38939 mz slices ... OK
Create profile matrix with method 'bin' and step 0.855 ... OK
Create profile matrix with method 'bin' and step 0.855 ... OK
Create profile matrix with method 'bin' and step 0.855 ... OK
Create profile matrix with method 'bin' and step 0.855 ... OK
Create profile matrix with method 'bin' and step 0.855 ... OK
Create profile matrix with method 'bin' and step 0.855 ... OK
Create profile matrix with method 'bin' and step 0.855 ... OK
Create profile matrix with method 'bin' and step 0.855 ... OK
Processing 51500 mz slices ... OK
Create profile matrix with method 'bin' and step 0.855 ... OK
Create profile matrix with method 'bin' and step 0.855 ... OK
Create profile matrix with method 'bin' and step 0.855 ... OK
Create profile matrix with method 'bin' and step 0.855 ... OK
Create profile matrix with method 'bin' and step 0.855 ... OK
Create profile matrix with method 'bin' and step 0.855 ... OK
Create profile matrix with method 'bin' and step 0.855 ... OK
Create profile matrix with method 'bin' and step 0.855 ... OK
Processing 51500 mz slices ... OK
Create profile matrix with method 'bin' and step 0.855 ... OK
Create profile matrix with method 'bin' and step 0.855 ... OK
Create profile matrix with method 'bin' and step 0.855 ... OK
Create profile matrix with method 'bin' and step 0.855 ... OK
Create profile matrix with method 'bin' and step 0.855 ... OK
Create profile matrix with method 'bin' and step 0.855 ... OK
Create profile matrix with method 'bin' and step 0.855 ... OK
Create profile matrix with method 'bin' and step 0.855 ... OK
Processing 51500 mz slices ... OK
Create profile matrix with method 'bin' and step 0.855 ... OK
Create profile matrix with method 'bin' and step 0.855 ... OK
Create profile matrix with method 'bin' and step 0.855 ... OK
Create profile matrix with method 'bin' and step 0.855 ... OK
Create profile matrix with method 'bin' and step 0.855 ... OK
Create profile matrix with method 'bin' and step 0.855 ... OK
Create profile matrix with method 'bin' and step 0.855 ... OK
Create profile matrix with method 'bin' and step 0.855 ... OK
Processing 51500 mz slices ... OK
Create profile matrix with method 'bin' and step 0.855 ... OK
Create profile matrix with method 'bin' and step 0.855 ... OK
Create profile matrix with method 'bin' and step 0.855 ... OK
Create profile matrix with method 'bin' and step 0.855 ... OK
Create profile matrix with method 'bin' and step 0.855 ... OK
Create profile matrix with method 'bin' and step 0.855 ... OK
Create profile matrix with method 'bin' and step 0.855 ... OK
Create profile matrix with method 'bin' and step 0.855 ... OK
Processing 51500 mz slices ... OK
Create profile matrix with method 'bin' and step 0.71 ... OK
Create profile matrix with method 'bin' and step 0.71 ... OK
Create profile matrix with method 'bin' and step 0.71 ... OK
Create profile matrix with method 'bin' and step 0.71 ... OK
Create profile matrix with method 'bin' and step 0.71 ... OK
Create profile matrix with method 'bin' and step 0.71 ... OK
Create profile matrix with method 'bin' and step 0.71 ... OK
Create profile matrix with method 'bin' and step 0.71 ... OK
Processing 51500 mz slices ... OK
Create profile matrix with method 'bin' and step 1 ... OK
Create profile matrix with method 'bin' and step 1 ... OK
Create profile matrix with method 'bin' and step 1 ... OK
Create profile matrix with method 'bin' and step 1 ... OK
Create profile matrix with method 'bin' and step 1 ... OK
Processing 51500 mz slices ... OK
Create profile matrix with method 'bin' and step 0.855 ... OK
Create profile matrix with method 'bin' and step 0.855 ... OK
Create profile matrix with method 'bin' and step 0.855 ... OK
Create profile matrix with method 'bin' and step 0.855 ... OK
Create profile matrix with method 'bin' and step 0.855 ... OK
Create profile matrix with method 'bin' and step 0.855 ... OK
Create profile matrix with method 'bin' and step 0.855 ... OK
Create profile matrix with method 'bin' and step 0.855 ... OK
Processing 51500 mz slices ... OK
Create profile matrix with method 'bin' and step 0.855 ... OK
Create profile matrix with method 'bin' and step 0.855 ... OK
Create profile matrix with method 'bin' and step 0.855 ... OK
Create profile matrix with method 'bin' and step 0.855 ... OK
Create profile matrix with method 'bin' and step 0.855 ... OK
Create profile matrix with method 'bin' and step 0.855 ... OK
Create profile matrix with method 'bin' and step 0.855 ... OK
Create profile matrix with method 'bin' and step 0.855 ... OK
Processing 51500 mz slices ... OK
Create profile matrix with method 'bin' and step 0.855 ... OK
Create profile matrix with method 'bin' and step 0.855 ... OK
Create profile matrix with method 'bin' and step 0.855 ... OK
Create profile matrix with method 'bin' and step 0.855 ... OK
Create profile matrix with method 'bin' and step 0.855 ... OK
Create profile matrix with method 'bin' and step 0.855 ... OK
Create profile matrix with method 'bin' and step 0.855 ... OK
Create profile matrix with method 'bin' and step 0.855 ... OK
Processing 76023 mz slices ... OK
Create profile matrix with method 'bin' and step 0.855 ... OK
Create profile matrix with method 'bin' and step 0.855 ... OK
Create profile matrix with method 'bin' and step 0.855 ... OK
Create profile matrix with method 'bin' and step 0.855 ... OK
Create profile matrix with method 'bin' and step 0.855 ... OK
Create profile matrix with method 'bin' and step 0.855 ... OK
Create profile matrix with method 'bin' and step 0.855 ... OK
Create profile matrix with method 'bin' and step 0.855 ... OK
Processing 38939 mz slices ... OK
Create profile matrix with method 'bin' and step 0.855 ... OK
Create profile matrix with method 'bin' and step 0.855 ... OK
Create profile matrix with method 'bin' and step 0.855 ... OK
Create profile matrix with method 'bin' and step 0.855 ... OK
Create profile matrix with method 'bin' and step 0.855 ... OK
Create profile matrix with method 'bin' and step 0.855 ... OK
Create profile matrix with method 'bin' and step 0.855 ... OK
Create profile matrix with method 'bin' and step 0.855 ... OK
Processing 51500 mz slices ... OK
Create profile matrix with method 'bin' and step 1 ... OK
Create profile matrix with method 'bin' and step 1 ... OK
Create profile matrix with method 'bin' and step 1 ... OK
Create profile matrix with method 'bin' and step 1 ... OK
Create profile matrix with method 'bin' and step 1 ... OK
Processing 46956 mz slices ... OK
no increase stopping
library(xcms)
library(Rmpi)

xset <- xcmsSet( 
  method = "centWave",
  peakwidth       = c(3, 95),
  ppm             = 47,
  noise           = 1,
  snthresh        = 10,
  mzdiff          = 0.01385,
  prefilter       = c(3, 1),
  mzCenterFun     = "wMean",
  integrate       = 2,
  fitgauss        = FALSE,
  verbose.columns = TRUE)
xset <- retcor( 
  xset,
  method         = "obiwarp",
  plottype       = "none",
  distFunc       = "cor_opt",
  profStep       = 1,
  center         = 4,
  response       = 1,
  gapInit        = 0.3,
  gapExtend      = 2.1,
  factorDiag     = 2,
  factorGap      = 1,
  localAlignment = 0)
xset <- group( 
  xset,
  method  = "density",
  bw      = 22,
  mzwid   = 0.031,
  minfrac = 0.05,
  minsamp = 1,
  max     = 50)

xset <- fillPeaks(xset)
Warning message:
In sink() : no sink to remove
