xsAnnotate contains no pseudospectra. Regroup all peaks into one!
Generating peak matrix!
Run isotope peak annotation
 % finished: 100  
Found isotopes: 38 
xsAnnotate contains no pseudospectra. Regroup all peaks into one!
Generating peak matrix!
Run isotope peak annotation
 % finished: 100  
Found isotopes: 5 
xsAnnotate contains no pseudospectra. Regroup all peaks into one!
Generating peak matrix!
Run isotope peak annotation
 % finished: 100  
Found isotopes: 46 
xsAnnotate contains no pseudospectra. Regroup all peaks into one!
Generating peak matrix!
Run isotope peak annotation
 % finished: 100  
Found isotopes: 12 
xsAnnotate contains no pseudospectra. Regroup all peaks into one!
Generating peak matrix!
Run isotope peak annotation
 % finished: 100  
Found isotopes: 102 
xsAnnotate contains no pseudospectra. Regroup all peaks into one!
Generating peak matrix!
Run isotope peak annotation
 % finished: 100  
Found isotopes: 24 
xsAnnotate contains no pseudospectra. Regroup all peaks into one!
Generating peak matrix!
Run isotope peak annotation
 % finished: 100  
Found isotopes: 106 
xsAnnotate contains no pseudospectra. Regroup all peaks into one!
Generating peak matrix!
Run isotope peak annotation
 % finished: 100  
Found isotopes: 27 
xsAnnotate contains no pseudospectra. Regroup all peaks into one!
Generating peak matrix!
Run isotope peak annotation
 % finished: 100  
Found isotopes: 38 
xsAnnotate contains no pseudospectra. Regroup all peaks into one!
Generating peak matrix!
Run isotope peak annotation
 % finished: 100  
Found isotopes: 5 
xsAnnotate contains no pseudospectra. Regroup all peaks into one!
Generating peak matrix!
Run isotope peak annotation
 % finished: 100  
Found isotopes: 46 
xsAnnotate contains no pseudospectra. Regroup all peaks into one!
Generating peak matrix!
Run isotope peak annotation
 % finished: 100  
Found isotopes: 12 
xsAnnotate contains no pseudospectra. Regroup all peaks into one!
Generating peak matrix!
Run isotope peak annotation
 % finished: 100  
Found isotopes: 100 
xsAnnotate contains no pseudospectra. Regroup all peaks into one!
Generating peak matrix!
Run isotope peak annotation
 % finished: 100  
Found isotopes: 24 
xsAnnotate contains no pseudospectra. Regroup all peaks into one!
Generating peak matrix!
Run isotope peak annotation
 % finished: 100  
Found isotopes: 106 
xsAnnotate contains no pseudospectra. Regroup all peaks into one!
Generating peak matrix!
Run isotope peak annotation
 % finished: 100  
Found isotopes: 27 
xsAnnotate contains no pseudospectra. Regroup all peaks into one!
Generating peak matrix!
Run isotope peak annotation
 % finished: 100  
Found isotopes: 0 
xsAnnotate contains no pseudospectra. Regroup all peaks into one!
Generating peak matrix!
Run isotope peak annotation
 % finished: 100  
Found isotopes: 0 
xsAnnotate contains no pseudospectra. Regroup all peaks into one!
Generating peak matrix!
Run isotope peak annotation
 % finished: 100  
Found isotopes: 3 
xsAnnotate contains no pseudospectra. Regroup all peaks into one!
Generating peak matrix!
Run isotope peak annotation
 % finished: 100  
Found isotopes: 1 
xsAnnotate contains no pseudospectra. Regroup all peaks into one!
Generating peak matrix!
Run isotope peak annotation
 % finished: 100  
Found isotopes: 0 
xsAnnotate contains no pseudospectra. Regroup all peaks into one!
Generating peak matrix!
Run isotope peak annotation
 % finished: 100  
Found isotopes: 0 
xsAnnotate contains no pseudospectra. Regroup all peaks into one!
Generating peak matrix!
Run isotope peak annotation
 % finished: 100  
Found isotopes: 3 
xsAnnotate contains no pseudospectra. Regroup all peaks into one!
Generating peak matrix!
Run isotope peak annotation
 % finished: 100  
Found isotopes: 1 
xsAnnotate contains no pseudospectra. Regroup all peaks into one!
Generating peak matrix!
Run isotope peak annotation
 % finished: 100  
Found isotopes: 0 
xsAnnotate contains no pseudospectra. Regroup all peaks into one!
Generating peak matrix!
Run isotope peak annotation
 % finished: 100  
Found isotopes: 0 
xsAnnotate contains no pseudospectra. Regroup all peaks into one!
Generating peak matrix!
Run isotope peak annotation
 % finished: 100  
Found isotopes: 3 
xsAnnotate contains no pseudospectra. Regroup all peaks into one!
Generating peak matrix!
Run isotope peak annotation
 % finished: 100  
Found isotopes: 1 
xsAnnotate contains no pseudospectra. Regroup all peaks into one!
Generating peak matrix!
Run isotope peak annotation
 % finished: 100  
Found isotopes: 0 
xsAnnotate contains no pseudospectra. Regroup all peaks into one!
Generating peak matrix!
Run isotope peak annotation
 % finished: 100  
Found isotopes: 0 
xsAnnotate contains no pseudospectra. Regroup all peaks into one!
Generating peak matrix!
Run isotope peak annotation
 % finished: 100  
Found isotopes: 3 
xsAnnotate contains no pseudospectra. Regroup all peaks into one!
Generating peak matrix!
Run isotope peak annotation
 % finished: 100  
Found isotopes: 1 
xsAnnotate contains no pseudospectra. Regroup all peaks into one!
Generating peak matrix!
Run isotope peak annotation
 % finished: 100  
Found isotopes: 6 
xsAnnotate contains no pseudospectra. Regroup all peaks into one!
Generating peak matrix!
Run isotope peak annotation
 % finished: 100  
Found isotopes: 4 
xsAnnotate contains no pseudospectra. Regroup all peaks into one!
Generating peak matrix!
Run isotope peak annotation
 % finished: 100  
Found isotopes: 6 
xsAnnotate contains no pseudospectra. Regroup all peaks into one!
Generating peak matrix!
Run isotope peak annotation
 % finished: 100  
Found isotopes: 4 
xsAnnotate contains no pseudospectra. Regroup all peaks into one!
Generating peak matrix!
Run isotope peak annotation
 % finished: 100  
Found isotopes: 9 
xsAnnotate contains no pseudospectra. Regroup all peaks into one!
Generating peak matrix!
Run isotope peak annotation
 % finished: 100  
Found isotopes: 4 
xsAnnotate contains no pseudospectra. Regroup all peaks into one!
Generating peak matrix!
Run isotope peak annotation
 % finished: 100  
Found isotopes: 10 
xsAnnotate contains no pseudospectra. Regroup all peaks into one!
Generating peak matrix!
Run isotope peak annotation
 % finished: 100  
Found isotopes: 4 
xsAnnotate contains no pseudospectra. Regroup all peaks into one!
Generating peak matrix!
Run isotope peak annotation
 % finished: 100  
Found isotopes: 6 
xsAnnotate contains no pseudospectra. Regroup all peaks into one!
Generating peak matrix!
Run isotope peak annotation
 % finished: 100  
Found isotopes: 4 
xsAnnotate contains no pseudospectra. Regroup all peaks into one!
Generating peak matrix!
Run isotope peak annotation
 % finished: 100  
Found isotopes: 6 
xsAnnotate contains no pseudospectra. Regroup all peaks into one!
Generating peak matrix!
Run isotope peak annotation
 % finished: 100  
Found isotopes: 4 
xsAnnotate contains no pseudospectra. Regroup all peaks into one!
Generating peak matrix!
Run isotope peak annotation
 % finished: 100  
Found isotopes: 9 
xsAnnotate contains no pseudospectra. Regroup all peaks into one!
Generating peak matrix!
Run isotope peak annotation
 % finished: 100  
Found isotopes: 4 
xsAnnotate contains no pseudospectra. Regroup all peaks into one!
Generating peak matrix!
Run isotope peak annotation
 % finished: 100  
Found isotopes: 10 
xsAnnotate contains no pseudospectra. Regroup all peaks into one!
Generating peak matrix!
Run isotope peak annotation
 % finished: 100  
Found isotopes: 4 
xsAnnotate contains no pseudospectra. Regroup all peaks into one!
Generating peak matrix!
Run isotope peak annotation
 % finished: 100  
Found isotopes: 0 
xsAnnotate contains no pseudospectra. Regroup all peaks into one!
Generating peak matrix!
Run isotope peak annotation
 % finished: 100  
Found isotopes: 0 
xsAnnotate contains no pseudospectra. Regroup all peaks into one!
Generating peak matrix!
Run isotope peak annotation
 % finished: 100  
Found isotopes: 3 
xsAnnotate contains no pseudospectra. Regroup all peaks into one!
Generating peak matrix!
Run isotope peak annotation
 % finished: 100  
Found isotopes: 1 
xsAnnotate contains no pseudospectra. Regroup all peaks into one!
Generating peak matrix!
Run isotope peak annotation
 % finished: 100  
Found isotopes: 0 
xsAnnotate contains no pseudospectra. Regroup all peaks into one!
Generating peak matrix!
Run isotope peak annotation
 % finished: 100  
Found isotopes: 0 
xsAnnotate contains no pseudospectra. Regroup all peaks into one!
Generating peak matrix!
Run isotope peak annotation
 % finished: 100  
Found isotopes: 3 
xsAnnotate contains no pseudospectra. Regroup all peaks into one!
Generating peak matrix!
Run isotope peak annotation
 % finished: 100  
Found isotopes: 1 
xsAnnotate contains no pseudospectra. Regroup all peaks into one!
Generating peak matrix!
Run isotope peak annotation
 % finished: 100  
Found isotopes: 0 
xsAnnotate contains no pseudospectra. Regroup all peaks into one!
Generating peak matrix!
Run isotope peak annotation
 % finished: 100  
Found isotopes: 0 
xsAnnotate contains no pseudospectra. Regroup all peaks into one!
Generating peak matrix!
Run isotope peak annotation
 % finished: 100  
Found isotopes: 3 
xsAnnotate contains no pseudospectra. Regroup all peaks into one!
Generating peak matrix!
Run isotope peak annotation
 % finished: 100  
Found isotopes: 1 
xsAnnotate contains no pseudospectra. Regroup all peaks into one!
Generating peak matrix!
Run isotope peak annotation
 % finished: 100  
Found isotopes: 0 
xsAnnotate contains no pseudospectra. Regroup all peaks into one!
Generating peak matrix!
Run isotope peak annotation
 % finished: 100  
Found isotopes: 0 
xsAnnotate contains no pseudospectra. Regroup all peaks into one!
Generating peak matrix!
Run isotope peak annotation
 % finished: 100  
Found isotopes: 3 
xsAnnotate contains no pseudospectra. Regroup all peaks into one!
Generating peak matrix!
Run isotope peak annotation
 % finished: 100  
Found isotopes: 1 
xsAnnotate contains no pseudospectra. Regroup all peaks into one!
Generating peak matrix!
Run isotope peak annotation
 % finished: 100  
Found isotopes: 3 
xsAnnotate contains no pseudospectra. Regroup all peaks into one!
Generating peak matrix!
Run isotope peak annotation
 % finished: 100  
Found isotopes: 4 
xsAnnotate contains no pseudospectra. Regroup all peaks into one!
Generating peak matrix!
Run isotope peak annotation
 % finished: 100  
Found isotopes: 1 
xsAnnotate contains no pseudospectra. Regroup all peaks into one!
Generating peak matrix!
Run isotope peak annotation
 % finished: 100  
Found isotopes: 1 
xsAnnotate contains no pseudospectra. Regroup all peaks into one!
Generating peak matrix!
Run isotope peak annotation
 % finished: 100  
Found isotopes: 3 
xsAnnotate contains no pseudospectra. Regroup all peaks into one!
Generating peak matrix!
Run isotope peak annotation
 % finished: 100  
Found isotopes: 3 
xsAnnotate contains no pseudospectra. Regroup all peaks into one!
Generating peak matrix!
Run isotope peak annotation
 % finished: 100  
Found isotopes: 3 
xsAnnotate contains no pseudospectra. Regroup all peaks into one!
Generating peak matrix!
Run isotope peak annotation
 % finished: 100  
Found isotopes: 3 
xsAnnotate contains no pseudospectra. Regroup all peaks into one!
Generating peak matrix!
Run isotope peak annotation
 % finished: 100  
Found isotopes: 3 
xsAnnotate contains no pseudospectra. Regroup all peaks into one!
Generating peak matrix!
Run isotope peak annotation
 % finished: 100  
Found isotopes: 5 
xsAnnotate contains no pseudospectra. Regroup all peaks into one!
Generating peak matrix!
Run isotope peak annotation
 % finished: 100  
Found isotopes: 0 
xsAnnotate contains no pseudospectra. Regroup all peaks into one!
Generating peak matrix!
Run isotope peak annotation
 % finished: 100  
Found isotopes: 3 
xsAnnotate contains no pseudospectra. Regroup all peaks into one!
Generating peak matrix!
Run isotope peak annotation
 % finished: 100  
Found isotopes: 3 
xsAnnotate contains no pseudospectra. Regroup all peaks into one!
Generating peak matrix!
Run isotope peak annotation
 % finished: 100  
Found isotopes: 3 
xsAnnotate contains no pseudospectra. Regroup all peaks into one!
Generating peak matrix!
Run isotope peak annotation
 % finished: 100  
Found isotopes: 106 
xsAnnotate contains no pseudospectra. Regroup all peaks into one!
Generating peak matrix!
Run isotope peak annotation
 % finished: 100  
Found isotopes: 211 
xsAnnotate contains no pseudospectra. Regroup all peaks into one!
Generating peak matrix!
Run isotope peak annotation
 % finished: 100  
Found isotopes: 26 
xsAnnotate contains no pseudospectra. Regroup all peaks into one!
Generating peak matrix!
Run isotope peak annotation
 % finished: 100  
Found isotopes: 226 
xsAnnotate contains no pseudospectra. Regroup all peaks into one!
Generating peak matrix!
Run isotope peak annotation
 % finished: 100  
Found isotopes: 29 
xsAnnotate contains no pseudospectra. Regroup all peaks into one!
Generating peak matrix!
Run isotope peak annotation
 % finished: 100  
Found isotopes: 315 
xsAnnotate contains no pseudospectra. Regroup all peaks into one!
Generating peak matrix!
Run isotope peak annotation
 % finished: 100  
Found isotopes: 43 
xsAnnotate contains no pseudospectra. Regroup all peaks into one!
Generating peak matrix!
Run isotope peak annotation
 % finished: 100  
Found isotopes: 343 
xsAnnotate contains no pseudospectra. Regroup all peaks into one!
Generating peak matrix!
Run isotope peak annotation
 % finished: 100  
Found isotopes: 49 
xsAnnotate contains no pseudospectra. Regroup all peaks into one!
Generating peak matrix!
Run isotope peak annotation
 % finished: 100  
Found isotopes: 210 
xsAnnotate contains no pseudospectra. Regroup all peaks into one!
Generating peak matrix!
Run isotope peak annotation
 % finished: 100  
Found isotopes: 26 
xsAnnotate contains no pseudospectra. Regroup all peaks into one!
Generating peak matrix!
Run isotope peak annotation
 % finished: 100  
Found isotopes: 224 
xsAnnotate contains no pseudospectra. Regroup all peaks into one!
Generating peak matrix!
Run isotope peak annotation
 % finished: 100  
Found isotopes: 29 
xsAnnotate contains no pseudospectra. Regroup all peaks into one!
Generating peak matrix!
Run isotope peak annotation
 % finished: 100  
Found isotopes: 315 
xsAnnotate contains no pseudospectra. Regroup all peaks into one!
Generating peak matrix!
Run isotope peak annotation
 % finished: 100  
Found isotopes: 43 
xsAnnotate contains no pseudospectra. Regroup all peaks into one!
Generating peak matrix!
Run isotope peak annotation
 % finished: 100  
Found isotopes: 345 
xsAnnotate contains no pseudospectra. Regroup all peaks into one!
Generating peak matrix!
Run isotope peak annotation
 % finished: 100  
Found isotopes: 49 
xsAnnotate contains no pseudospectra. Regroup all peaks into one!
Generating peak matrix!
Run isotope peak annotation
 % finished: 100  
Found isotopes: 3 
xsAnnotate contains no pseudospectra. Regroup all peaks into one!
Generating peak matrix!
Run isotope peak annotation
 % finished: 100  
Found isotopes: 0 
xsAnnotate contains no pseudospectra. Regroup all peaks into one!
Generating peak matrix!
Run isotope peak annotation
 % finished: 100  
Found isotopes: 6 
xsAnnotate contains no pseudospectra. Regroup all peaks into one!
Generating peak matrix!
Run isotope peak annotation
 % finished: 100  
Found isotopes: 2 
xsAnnotate contains no pseudospectra. Regroup all peaks into one!
Generating peak matrix!
Run isotope peak annotation
 % finished: 100  
Found isotopes: 3 
xsAnnotate contains no pseudospectra. Regroup all peaks into one!
Generating peak matrix!
Run isotope peak annotation
 % finished: 100  
Found isotopes: 0 
xsAnnotate contains no pseudospectra. Regroup all peaks into one!
Generating peak matrix!
Run isotope peak annotation
 % finished: 100  
Found isotopes: 6 
xsAnnotate contains no pseudospectra. Regroup all peaks into one!
Generating peak matrix!
Run isotope peak annotation
 % finished: 100  
Found isotopes: 2 
xsAnnotate contains no pseudospectra. Regroup all peaks into one!
Generating peak matrix!
Run isotope peak annotation
 % finished: 100  
Found isotopes: 3 
xsAnnotate contains no pseudospectra. Regroup all peaks into one!
Generating peak matrix!
Run isotope peak annotation
 % finished: 100  
Found isotopes: 0 
xsAnnotate contains no pseudospectra. Regroup all peaks into one!
Generating peak matrix!
Run isotope peak annotation
 % finished: 100  
Found isotopes: 6 
xsAnnotate contains no pseudospectra. Regroup all peaks into one!
Generating peak matrix!
Run isotope peak annotation
 % finished: 100  
Found isotopes: 2 
xsAnnotate contains no pseudospectra. Regroup all peaks into one!
Generating peak matrix!
Run isotope peak annotation
 % finished: 100  
Found isotopes: 3 
xsAnnotate contains no pseudospectra. Regroup all peaks into one!
Generating peak matrix!
Run isotope peak annotation
 % finished: 100  
Found isotopes: 0 
xsAnnotate contains no pseudospectra. Regroup all peaks into one!
Generating peak matrix!
Run isotope peak annotation
 % finished: 100  
Found isotopes: 6 
xsAnnotate contains no pseudospectra. Regroup all peaks into one!
Generating peak matrix!
Run isotope peak annotation
 % finished: 100  
Found isotopes: 2 
xsAnnotate contains no pseudospectra. Regroup all peaks into one!
Generating peak matrix!
Run isotope peak annotation
 % finished: 100  
Found isotopes: 9 
xsAnnotate contains no pseudospectra. Regroup all peaks into one!
Generating peak matrix!
Run isotope peak annotation
 % finished: 100  
Found isotopes: 4 
xsAnnotate contains no pseudospectra. Regroup all peaks into one!
Generating peak matrix!
Run isotope peak annotation
 % finished: 100  
Found isotopes: 9 
xsAnnotate contains no pseudospectra. Regroup all peaks into one!
Generating peak matrix!
Run isotope peak annotation
 % finished: 100  
Found isotopes: 4 
xsAnnotate contains no pseudospectra. Regroup all peaks into one!
Generating peak matrix!
Run isotope peak annotation
 % finished: 100  
Found isotopes: 10 
xsAnnotate contains no pseudospectra. Regroup all peaks into one!
Generating peak matrix!
Run isotope peak annotation
 % finished: 100  
Found isotopes: 4 
xsAnnotate contains no pseudospectra. Regroup all peaks into one!
Generating peak matrix!
Run isotope peak annotation
 % finished: 100  
Found isotopes: 10 
xsAnnotate contains no pseudospectra. Regroup all peaks into one!
Generating peak matrix!
Run isotope peak annotation
 % finished: 100  
Found isotopes: 5 
xsAnnotate contains no pseudospectra. Regroup all peaks into one!
Generating peak matrix!
Run isotope peak annotation
 % finished: 100  
Found isotopes: 9 
xsAnnotate contains no pseudospectra. Regroup all peaks into one!
Generating peak matrix!
Run isotope peak annotation
 % finished: 100  
Found isotopes: 4 
xsAnnotate contains no pseudospectra. Regroup all peaks into one!
Generating peak matrix!
Run isotope peak annotation
 % finished: 100  
Found isotopes: 9 
xsAnnotate contains no pseudospectra. Regroup all peaks into one!
Generating peak matrix!
Run isotope peak annotation
 % finished: 100  
Found isotopes: 4 
xsAnnotate contains no pseudospectra. Regroup all peaks into one!
Generating peak matrix!
Run isotope peak annotation
 % finished: 100  
Found isotopes: 10 
xsAnnotate contains no pseudospectra. Regroup all peaks into one!
Generating peak matrix!
Run isotope peak annotation
 % finished: 100  
Found isotopes: 4 
xsAnnotate contains no pseudospectra. Regroup all peaks into one!
Generating peak matrix!
Run isotope peak annotation
 % finished: 100  
Found isotopes: 10 
xsAnnotate contains no pseudospectra. Regroup all peaks into one!
Generating peak matrix!
Run isotope peak annotation
 % finished: 100  
Found isotopes: 5 
xsAnnotate contains no pseudospectra. Regroup all peaks into one!
Generating peak matrix!
Run isotope peak annotation
 % finished: 100  
Found isotopes: 3 
xsAnnotate contains no pseudospectra. Regroup all peaks into one!
Generating peak matrix!
Run isotope peak annotation
 % finished: 100  
Found isotopes: 0 
xsAnnotate contains no pseudospectra. Regroup all peaks into one!
Generating peak matrix!
Run isotope peak annotation
 % finished: 100  
Found isotopes: 6 
xsAnnotate contains no pseudospectra. Regroup all peaks into one!
Generating peak matrix!
Run isotope peak annotation
 % finished: 100  
Found isotopes: 2 
xsAnnotate contains no pseudospectra. Regroup all peaks into one!
Generating peak matrix!
Run isotope peak annotation
 % finished: 100  
Found isotopes: 3 
xsAnnotate contains no pseudospectra. Regroup all peaks into one!
Generating peak matrix!
Run isotope peak annotation
 % finished: 100  
Found isotopes: 0 
xsAnnotate contains no pseudospectra. Regroup all peaks into one!
Generating peak matrix!
Run isotope peak annotation
 % finished: 100  
Found isotopes: 6 
xsAnnotate contains no pseudospectra. Regroup all peaks into one!
Generating peak matrix!
Run isotope peak annotation
 % finished: 100  
Found isotopes: 2 
xsAnnotate contains no pseudospectra. Regroup all peaks into one!
Generating peak matrix!
Run isotope peak annotation
 % finished: 100  
Found isotopes: 3 
xsAnnotate contains no pseudospectra. Regroup all peaks into one!
Generating peak matrix!
Run isotope peak annotation
 % finished: 100  
Found isotopes: 0 
xsAnnotate contains no pseudospectra. Regroup all peaks into one!
Generating peak matrix!
Run isotope peak annotation
 % finished: 100  
Found isotopes: 6 
xsAnnotate contains no pseudospectra. Regroup all peaks into one!
Generating peak matrix!
Run isotope peak annotation
 % finished: 100  
Found isotopes: 2 
xsAnnotate contains no pseudospectra. Regroup all peaks into one!
Generating peak matrix!
Run isotope peak annotation
 % finished: 100  
Found isotopes: 3 
xsAnnotate contains no pseudospectra. Regroup all peaks into one!
Generating peak matrix!
Run isotope peak annotation
 % finished: 100  
Found isotopes: 0 
xsAnnotate contains no pseudospectra. Regroup all peaks into one!
Generating peak matrix!
Run isotope peak annotation
 % finished: 100  
Found isotopes: 6 
xsAnnotate contains no pseudospectra. Regroup all peaks into one!
Generating peak matrix!
Run isotope peak annotation
 % finished: 100  
Found isotopes: 2 
xsAnnotate contains no pseudospectra. Regroup all peaks into one!
Generating peak matrix!
Run isotope peak annotation
 % finished: 100  
Found isotopes: 6 
xsAnnotate contains no pseudospectra. Regroup all peaks into one!
Generating peak matrix!
Run isotope peak annotation
 % finished: 100  
Found isotopes: 10 
xsAnnotate contains no pseudospectra. Regroup all peaks into one!
Generating peak matrix!
Run isotope peak annotation
 % finished: 100  
Found isotopes: 3 
xsAnnotate contains no pseudospectra. Regroup all peaks into one!
Generating peak matrix!
Run isotope peak annotation
 % finished: 100  
Found isotopes: 6 
xsAnnotate contains no pseudospectra. Regroup all peaks into one!
Generating peak matrix!
Run isotope peak annotation
 % finished: 100  
Found isotopes: 7 
xsAnnotate contains no pseudospectra. Regroup all peaks into one!
Generating peak matrix!
Run isotope peak annotation
 % finished: 100  
Found isotopes: 5 
xsAnnotate contains no pseudospectra. Regroup all peaks into one!
Generating peak matrix!
Run isotope peak annotation
 % finished: 100  
Found isotopes: 6 
xsAnnotate contains no pseudospectra. Regroup all peaks into one!
Generating peak matrix!
Run isotope peak annotation
 % finished: 100  
Found isotopes: 6 
xsAnnotate contains no pseudospectra. Regroup all peaks into one!
Generating peak matrix!
Run isotope peak annotation
 % finished: 100  
Found isotopes: 6 
xsAnnotate contains no pseudospectra. Regroup all peaks into one!
Generating peak matrix!
Run isotope peak annotation
 % finished: 100  
Found isotopes: 14 
xsAnnotate contains no pseudospectra. Regroup all peaks into one!
Generating peak matrix!
Run isotope peak annotation
 % finished: 100  
Found isotopes: 3 
xsAnnotate contains no pseudospectra. Regroup all peaks into one!
Generating peak matrix!
Run isotope peak annotation
 % finished: 100  
Found isotopes: 6 
xsAnnotate contains no pseudospectra. Regroup all peaks into one!
Generating peak matrix!
Run isotope peak annotation
 % finished: 100  
Found isotopes: 6 
xsAnnotate contains no pseudospectra. Regroup all peaks into one!
Generating peak matrix!
Run isotope peak annotation
 % finished: 100  
Found isotopes: 6 
xsAnnotate contains no pseudospectra. Regroup all peaks into one!
Generating peak matrix!
Run isotope peak annotation
 % finished: 100  
Found isotopes: 345 
xsAnnotate contains no pseudospectra. Regroup all peaks into one!
Generating peak matrix!
Run isotope peak annotation
 % finished: 100  
Found isotopes: 231 
xsAnnotate contains no pseudospectra. Regroup all peaks into one!
Generating peak matrix!
Run isotope peak annotation
 % finished: 100  
Found isotopes: 47 
xsAnnotate contains no pseudospectra. Regroup all peaks into one!
Generating peak matrix!
Run isotope peak annotation
 % finished: 100  
Found isotopes: 252 
xsAnnotate contains no pseudospectra. Regroup all peaks into one!
Generating peak matrix!
Run isotope peak annotation
 % finished: 100  
Found isotopes: 50 
xsAnnotate contains no pseudospectra. Regroup all peaks into one!
Generating peak matrix!
Run isotope peak annotation
 % finished: 100  
Found isotopes: 315 
xsAnnotate contains no pseudospectra. Regroup all peaks into one!
Generating peak matrix!
Run isotope peak annotation
 % finished: 100  
Found isotopes: 57 
xsAnnotate contains no pseudospectra. Regroup all peaks into one!
Generating peak matrix!
Run isotope peak annotation
 % finished: 100  
Found isotopes: 335 
xsAnnotate contains no pseudospectra. Regroup all peaks into one!
Generating peak matrix!
Run isotope peak annotation
 % finished: 100  
Found isotopes: 66 
xsAnnotate contains no pseudospectra. Regroup all peaks into one!
Generating peak matrix!
Run isotope peak annotation
 % finished: 100  
Found isotopes: 233 
xsAnnotate contains no pseudospectra. Regroup all peaks into one!
Generating peak matrix!
Run isotope peak annotation
 % finished: 100  
Found isotopes: 47 
xsAnnotate contains no pseudospectra. Regroup all peaks into one!
Generating peak matrix!
Run isotope peak annotation
 % finished: 100  
Found isotopes: 249 
xsAnnotate contains no pseudospectra. Regroup all peaks into one!
Generating peak matrix!
Run isotope peak annotation
 % finished: 100  
Found isotopes: 50 
xsAnnotate contains no pseudospectra. Regroup all peaks into one!
Generating peak matrix!
Run isotope peak annotation
 % finished: 100  
Found isotopes: 313 
xsAnnotate contains no pseudospectra. Regroup all peaks into one!
Generating peak matrix!
Run isotope peak annotation
 % finished: 100  
Found isotopes: 57 
xsAnnotate contains no pseudospectra. Regroup all peaks into one!
Generating peak matrix!
Run isotope peak annotation
 % finished: 100  
Found isotopes: 335 
xsAnnotate contains no pseudospectra. Regroup all peaks into one!
Generating peak matrix!
Run isotope peak annotation
 % finished: 100  
Found isotopes: 66 
xsAnnotate contains no pseudospectra. Regroup all peaks into one!
Generating peak matrix!
Run isotope peak annotation
 % finished: 100  
Found isotopes: 4 
xsAnnotate contains no pseudospectra. Regroup all peaks into one!
Generating peak matrix!
Run isotope peak annotation
 % finished: 100  
Found isotopes: 3 
xsAnnotate contains no pseudospectra. Regroup all peaks into one!
Generating peak matrix!
Run isotope peak annotation
 % finished: 100  
Found isotopes: 4 
xsAnnotate contains no pseudospectra. Regroup all peaks into one!
Generating peak matrix!
Run isotope peak annotation
 % finished: 100  
Found isotopes: 3 
xsAnnotate contains no pseudospectra. Regroup all peaks into one!
Generating peak matrix!
Run isotope peak annotation
 % finished: 100  
Found isotopes: 4 
xsAnnotate contains no pseudospectra. Regroup all peaks into one!
Generating peak matrix!
Run isotope peak annotation
 % finished: 100  
Found isotopes: 3 
xsAnnotate contains no pseudospectra. Regroup all peaks into one!
Generating peak matrix!
Run isotope peak annotation
 % finished: 100  
Found isotopes: 4 
xsAnnotate contains no pseudospectra. Regroup all peaks into one!
Generating peak matrix!
Run isotope peak annotation
 % finished: 100  
Found isotopes: 3 
xsAnnotate contains no pseudospectra. Regroup all peaks into one!
Generating peak matrix!
Run isotope peak annotation
 % finished: 100  
Found isotopes: 4 
xsAnnotate contains no pseudospectra. Regroup all peaks into one!
Generating peak matrix!
Run isotope peak annotation
 % finished: 100  
Found isotopes: 3 
xsAnnotate contains no pseudospectra. Regroup all peaks into one!
Generating peak matrix!
Run isotope peak annotation
 % finished: 100  
Found isotopes: 4 
xsAnnotate contains no pseudospectra. Regroup all peaks into one!
Generating peak matrix!
Run isotope peak annotation
 % finished: 100  
Found isotopes: 3 
xsAnnotate contains no pseudospectra. Regroup all peaks into one!
Generating peak matrix!
Run isotope peak annotation
 % finished: 100  
Found isotopes: 4 
xsAnnotate contains no pseudospectra. Regroup all peaks into one!
Generating peak matrix!
Run isotope peak annotation
 % finished: 100  
Found isotopes: 3 
xsAnnotate contains no pseudospectra. Regroup all peaks into one!
Generating peak matrix!
Run isotope peak annotation
 % finished: 100  
Found isotopes: 4 
xsAnnotate contains no pseudospectra. Regroup all peaks into one!
Generating peak matrix!
Run isotope peak annotation
 % finished: 100  
Found isotopes: 3 
xsAnnotate contains no pseudospectra. Regroup all peaks into one!
Generating peak matrix!
Run isotope peak annotation
 % finished: 100  
Found isotopes: 10 
xsAnnotate contains no pseudospectra. Regroup all peaks into one!
Generating peak matrix!
Run isotope peak annotation
 % finished: 100  
Found isotopes: 5 
xsAnnotate contains no pseudospectra. Regroup all peaks into one!
Generating peak matrix!
Run isotope peak annotation
 % finished: 100  
Found isotopes: 10 
xsAnnotate contains no pseudospectra. Regroup all peaks into one!
Generating peak matrix!
Run isotope peak annotation
 % finished: 100  
Found isotopes: 5 
xsAnnotate contains no pseudospectra. Regroup all peaks into one!
Generating peak matrix!
Run isotope peak annotation
 % finished: 100  
Found isotopes: 12 
xsAnnotate contains no pseudospectra. Regroup all peaks into one!
Generating peak matrix!
Run isotope peak annotation
 % finished: 100  
Found isotopes: 6 
xsAnnotate contains no pseudospectra. Regroup all peaks into one!
Generating peak matrix!
Run isotope peak annotation
 % finished: 100  
Found isotopes: 12 
xsAnnotate contains no pseudospectra. Regroup all peaks into one!
Generating peak matrix!
Run isotope peak annotation
 % finished: 100  
Found isotopes: 7 
xsAnnotate contains no pseudospectra. Regroup all peaks into one!
Generating peak matrix!
Run isotope peak annotation
 % finished: 100  
Found isotopes: 10 
xsAnnotate contains no pseudospectra. Regroup all peaks into one!
Generating peak matrix!
Run isotope peak annotation
 % finished: 100  
Found isotopes: 5 
xsAnnotate contains no pseudospectra. Regroup all peaks into one!
Generating peak matrix!
Run isotope peak annotation
 % finished: 100  
Found isotopes: 10 
xsAnnotate contains no pseudospectra. Regroup all peaks into one!
Generating peak matrix!
Run isotope peak annotation
 % finished: 100  
Found isotopes: 5 
xsAnnotate contains no pseudospectra. Regroup all peaks into one!
Generating peak matrix!
Run isotope peak annotation
 % finished: 100  
Found isotopes: 12 
xsAnnotate contains no pseudospectra. Regroup all peaks into one!
Generating peak matrix!
Run isotope peak annotation
 % finished: 100  
Found isotopes: 6 
xsAnnotate contains no pseudospectra. Regroup all peaks into one!
Generating peak matrix!
Run isotope peak annotation
 % finished: 100  
Found isotopes: 12 
xsAnnotate contains no pseudospectra. Regroup all peaks into one!
Generating peak matrix!
Run isotope peak annotation
 % finished: 100  
Found isotopes: 7 
xsAnnotate contains no pseudospectra. Regroup all peaks into one!
Generating peak matrix!
Run isotope peak annotation
 % finished: 100  
Found isotopes: 4 
xsAnnotate contains no pseudospectra. Regroup all peaks into one!
Generating peak matrix!
Run isotope peak annotation
 % finished: 100  
Found isotopes: 3 
xsAnnotate contains no pseudospectra. Regroup all peaks into one!
Generating peak matrix!
Run isotope peak annotation
 % finished: 100  
Found isotopes: 4 
xsAnnotate contains no pseudospectra. Regroup all peaks into one!
Generating peak matrix!
Run isotope peak annotation
 % finished: 100  
Found isotopes: 3 
xsAnnotate contains no pseudospectra. Regroup all peaks into one!
Generating peak matrix!
Run isotope peak annotation
 % finished: 100  
Found isotopes: 4 
xsAnnotate contains no pseudospectra. Regroup all peaks into one!
Generating peak matrix!
Run isotope peak annotation
 % finished: 100  
Found isotopes: 3 
xsAnnotate contains no pseudospectra. Regroup all peaks into one!
Generating peak matrix!
Run isotope peak annotation
 % finished: 100  
Found isotopes: 4 
xsAnnotate contains no pseudospectra. Regroup all peaks into one!
Generating peak matrix!
Run isotope peak annotation
 % finished: 100  
Found isotopes: 3 
xsAnnotate contains no pseudospectra. Regroup all peaks into one!
Generating peak matrix!
Run isotope peak annotation
 % finished: 100  
Found isotopes: 4 
xsAnnotate contains no pseudospectra. Regroup all peaks into one!
Generating peak matrix!
Run isotope peak annotation
 % finished: 100  
Found isotopes: 3 
xsAnnotate contains no pseudospectra. Regroup all peaks into one!
Generating peak matrix!
Run isotope peak annotation
 % finished: 100  
Found isotopes: 4 
xsAnnotate contains no pseudospectra. Regroup all peaks into one!
Generating peak matrix!
Run isotope peak annotation
 % finished: 100  
Found isotopes: 3 
xsAnnotate contains no pseudospectra. Regroup all peaks into one!
Generating peak matrix!
Run isotope peak annotation
 % finished: 100  
Found isotopes: 4 
xsAnnotate contains no pseudospectra. Regroup all peaks into one!
Generating peak matrix!
Run isotope peak annotation
 % finished: 100  
Found isotopes: 3 
xsAnnotate contains no pseudospectra. Regroup all peaks into one!
Generating peak matrix!
Run isotope peak annotation
 % finished: 100  
Found isotopes: 4 
xsAnnotate contains no pseudospectra. Regroup all peaks into one!
Generating peak matrix!
Run isotope peak annotation
 % finished: 100  
Found isotopes: 3 
xsAnnotate contains no pseudospectra. Regroup all peaks into one!
Generating peak matrix!
Run isotope peak annotation
 % finished: 100  
Found isotopes: 8 
xsAnnotate contains no pseudospectra. Regroup all peaks into one!
Generating peak matrix!
Run isotope peak annotation
 % finished: 100  
Found isotopes: 10 
xsAnnotate contains no pseudospectra. Regroup all peaks into one!
Generating peak matrix!
Run isotope peak annotation
 % finished: 100  
Found isotopes: 4 
xsAnnotate contains no pseudospectra. Regroup all peaks into one!
Generating peak matrix!
Run isotope peak annotation
 % finished: 100  
Found isotopes: 8 
xsAnnotate contains no pseudospectra. Regroup all peaks into one!
Generating peak matrix!
Run isotope peak annotation
 % finished: 100  
Found isotopes: 9 
xsAnnotate contains no pseudospectra. Regroup all peaks into one!
Generating peak matrix!
Run isotope peak annotation
 % finished: 100  
Found isotopes: 8 
xsAnnotate contains no pseudospectra. Regroup all peaks into one!
Generating peak matrix!
Run isotope peak annotation
 % finished: 100  
Found isotopes: 8 
xsAnnotate contains no pseudospectra. Regroup all peaks into one!
Generating peak matrix!
Run isotope peak annotation
 % finished: 100  
Found isotopes: 8 
xsAnnotate contains no pseudospectra. Regroup all peaks into one!
Generating peak matrix!
Run isotope peak annotation
 % finished: 100  
Found isotopes: 8 
xsAnnotate contains no pseudospectra. Regroup all peaks into one!
Generating peak matrix!
Run isotope peak annotation
 % finished: 100  
Found isotopes: 21 
xsAnnotate contains no pseudospectra. Regroup all peaks into one!
Generating peak matrix!
Run isotope peak annotation
 % finished: 100  
Found isotopes: 5 
xsAnnotate contains no pseudospectra. Regroup all peaks into one!
Generating peak matrix!
Run isotope peak annotation
 % finished: 100  
Found isotopes: 8 
xsAnnotate contains no pseudospectra. Regroup all peaks into one!
Generating peak matrix!
Run isotope peak annotation
 % finished: 100  
Found isotopes: 8 
xsAnnotate contains no pseudospectra. Regroup all peaks into one!
Generating peak matrix!
Run isotope peak annotation
 % finished: 100  
Found isotopes: 8 
xsAnnotate contains no pseudospectra. Regroup all peaks into one!
Generating peak matrix!
Run isotope peak annotation
 % finished: 100  
Found isotopes: 335 
center sample:  Exp2F_HCC_19_NEG 
Processing: Exp2R_CRR_13_NEG  Exp2F_CRR_15_NEG  Exp2R_CRR_21_NEG  Exp2R_CRR_10_NEG  
center sample:  Exp2F_HCC_19_NEG 
Processing: Exp2R_CRR_13_NEG  Exp2F_CRR_15_NEG  Exp2R_CRR_21_NEG  Exp2R_CRR_10_NEG  
center sample:  Exp2F_HCC_19_NEG 
Processing: Exp2R_CRR_13_NEG  Exp2F_CRR_15_NEG  Exp2R_CRR_21_NEG  Exp2R_CRR_10_NEG  
center sample:  Exp2F_HCC_19_NEG 
Processing: Exp2R_CRR_13_NEG  Exp2F_CRR_15_NEG  Exp2R_CRR_21_NEG  Exp2R_CRR_10_NEG  
center sample:  Exp2F_HCC_19_NEG 
Processing: Exp2R_CRR_13_NEG  Exp2F_CRR_15_NEG  Exp2R_CRR_21_NEG  Exp2R_CRR_10_NEG  
center sample:  Exp2F_HCC_19_NEG 
Processing: Exp2R_CRR_13_NEG  Exp2F_CRR_15_NEG  Exp2R_CRR_21_NEG  Exp2R_CRR_10_NEG  
center sample:  Exp2F_HCC_19_NEG 
Processing: Exp2R_CRR_13_NEG  Exp2F_CRR_15_NEG  Exp2R_CRR_21_NEG  Exp2R_CRR_10_NEG  
center sample:  Exp2F_HCC_19_NEG 
Processing: Exp2R_CRR_13_NEG  Exp2F_CRR_15_NEG  Exp2R_CRR_21_NEG  Exp2R_CRR_10_NEG  
center sample:  Exp2F_HCC_19_NEG 
Processing: Exp2R_CRR_13_NEG  Exp2F_CRR_15_NEG  Exp2R_CRR_21_NEG  Exp2R_CRR_10_NEG  
center sample:  Exp2F_HCC_19_NEG 
Processing: Exp2R_CRR_13_NEG  Exp2F_CRR_15_NEG  Exp2R_CRR_21_NEG  Exp2R_CRR_10_NEG  
center sample:  Exp2F_HCC_19_NEG 
Processing: Exp2R_CRR_13_NEG  Exp2F_CRR_15_NEG  Exp2R_CRR_21_NEG  Exp2R_CRR_10_NEG  
center sample:  Exp2F_HCC_19_NEG 
Processing: Exp2R_CRR_13_NEG  Exp2F_CRR_15_NEG  Exp2R_CRR_21_NEG  Exp2R_CRR_10_NEG  
center sample:  Exp2F_HCC_19_NEG 
Processing: Exp2R_CRR_13_NEG  Exp2F_CRR_15_NEG  Exp2R_CRR_21_NEG  Exp2R_CRR_10_NEG  
center sample:  Exp2F_HCC_19_NEG 
Processing: Exp2R_CRR_13_NEG  Exp2F_CRR_15_NEG  Exp2R_CRR_21_NEG  Exp2R_CRR_10_NEG  
center sample:  Exp2F_HCC_19_NEG 
Processing: Exp2R_CRR_13_NEG  Exp2F_CRR_15_NEG  Exp2R_CRR_21_NEG  Exp2R_CRR_10_NEG  
center sample:  Exp2F_HCC_19_NEG 
Processing: Exp2R_CRR_13_NEG  Exp2F_CRR_15_NEG  Exp2R_CRR_21_NEG  Exp2R_CRR_10_NEG  
center sample:  Exp2F_HCC_19_NEG 
Processing: Exp2R_CRR_13_NEG  Exp2F_CRR_15_NEG  Exp2R_CRR_21_NEG  Exp2R_CRR_10_NEG  
center sample:  Exp2F_HCC_19_NEG 
Processing: Exp2R_CRR_13_NEG  Exp2F_CRR_15_NEG  Exp2R_CRR_21_NEG  Exp2R_CRR_10_NEG  
center sample:  Exp2F_HCC_19_NEG 
Processing: Exp2R_CRR_13_NEG  Exp2F_CRR_15_NEG  Exp2R_CRR_21_NEG  Exp2R_CRR_10_NEG  
center sample:  Exp2F_HCC_19_NEG 
Processing: Exp2R_CRR_13_NEG  Exp2F_CRR_15_NEG  Exp2R_CRR_21_NEG  Exp2R_CRR_10_NEG  
center sample:  Exp2F_HCC_19_NEG 
Processing: Exp2R_CRR_13_NEG  Exp2F_CRR_15_NEG  Exp2R_CRR_21_NEG  Exp2R_CRR_10_NEG  
center sample:  Exp2F_HCC_19_NEG 
Processing: Exp2R_CRR_13_NEG  Exp2F_CRR_15_NEG  Exp2R_CRR_21_NEG  Exp2R_CRR_10_NEG  
center sample:  Exp2F_HCC_19_NEG 
Processing: Exp2R_CRR_13_NEG  Exp2F_CRR_15_NEG  Exp2R_CRR_21_NEG  Exp2R_CRR_10_NEG  
center sample:  Exp2F_HCC_19_NEG 
Processing: Exp2R_CRR_13_NEG  Exp2F_CRR_15_NEG  Exp2R_CRR_21_NEG  Exp2R_CRR_10_NEG  
center sample:  Exp2F_HCC_19_NEG 
Processing: Exp2R_CRR_13_NEG  Exp2F_CRR_15_NEG  Exp2R_CRR_21_NEG  Exp2R_CRR_10_NEG  
center sample:  Exp2F_HCC_19_NEG 
Processing: Exp2R_CRR_13_NEG  Exp2F_CRR_15_NEG  Exp2R_CRR_21_NEG  Exp2R_CRR_10_NEG  
center sample:  Exp2F_HCC_19_NEG 
Processing: Exp2R_CRR_13_NEG  Exp2F_CRR_15_NEG  Exp2R_CRR_21_NEG  Exp2R_CRR_10_NEG  
center sample:  Exp2F_HCC_19_NEG 
Processing: Exp2R_CRR_13_NEG  Exp2F_CRR_15_NEG  Exp2R_CRR_21_NEG  Exp2R_CRR_10_NEG  
center sample:  Exp2F_HCC_19_NEG 
Processing: Exp2R_CRR_13_NEG  Exp2F_CRR_15_NEG  Exp2R_CRR_21_NEG  Exp2R_CRR_10_NEG  
center sample:  Exp2F_HCC_19_NEG 
Processing: Exp2R_CRR_13_NEG  Exp2F_CRR_15_NEG  Exp2R_CRR_21_NEG  Exp2R_CRR_10_NEG  
center sample:  Exp2F_HCC_19_NEG 
Processing: Exp2R_CRR_13_NEG  Exp2F_CRR_15_NEG  Exp2R_CRR_21_NEG  Exp2R_CRR_10_NEG  
center sample:  Exp2F_HCC_19_NEG 
Processing: Exp2R_CRR_13_NEG  Exp2F_CRR_15_NEG  Exp2R_CRR_21_NEG  Exp2R_CRR_10_NEG  
center sample:  Exp2F_HCC_19_NEG 
Processing: Exp2R_CRR_13_NEG  Exp2F_CRR_15_NEG  Exp2R_CRR_21_NEG  Exp2R_CRR_10_NEG  
center sample:  Exp2F_HCC_19_NEG 
Processing: Exp2R_CRR_13_NEG  Exp2F_CRR_15_NEG  Exp2R_CRR_21_NEG  Exp2R_CRR_10_NEG  
center sample:  Exp2F_HCC_19_NEG 
Processing: Exp2R_CRR_13_NEG  Exp2F_CRR_15_NEG  Exp2R_CRR_21_NEG  Exp2R_CRR_10_NEG  
center sample:  Exp2F_HCC_19_NEG 
Processing: Exp2R_CRR_13_NEG  Exp2F_CRR_15_NEG  Exp2R_CRR_21_NEG  Exp2R_CRR_10_NEG  
center sample:  Exp2F_HCC_19_NEG 
Processing: Exp2R_CRR_13_NEG  Exp2F_CRR_15_NEG  Exp2R_CRR_21_NEG  Exp2R_CRR_10_NEG  
center sample:  Exp2F_HCC_19_NEG 
Processing: Exp2R_CRR_13_NEG  Exp2F_CRR_15_NEG  Exp2R_CRR_21_NEG  Exp2R_CRR_10_NEG  
center sample:  Exp2F_HCC_19_NEG 
Processing: Exp2R_CRR_13_NEG  Exp2F_CRR_15_NEG  Exp2R_CRR_21_NEG  Exp2R_CRR_10_NEG  
center sample:  Exp2F_HCC_19_NEG 
Processing: Exp2R_CRR_13_NEG  Exp2F_CRR_15_NEG  Exp2R_CRR_21_NEG  Exp2R_CRR_10_NEG  
center sample:  Exp2F_HCC_19_NEG 
Processing: Exp2R_CRR_13_NEG  Exp2F_CRR_15_NEG  Exp2R_CRR_21_NEG  Exp2R_CRR_10_NEG  
center sample:  Exp2F_HCC_19_NEG 
Processing: Exp2R_CRR_13_NEG  Exp2F_CRR_15_NEG  Exp2R_CRR_21_NEG  Exp2R_CRR_10_NEG  
center sample:  Exp2F_HCC_19_NEG 
Processing: Exp2R_CRR_13_NEG  Exp2F_CRR_15_NEG  Exp2R_CRR_21_NEG  Exp2R_CRR_10_NEG  
center sample:  Exp2F_HCC_19_NEG 
Processing: Exp2R_CRR_13_NEG  Exp2F_CRR_15_NEG  Exp2R_CRR_21_NEG  Exp2R_CRR_10_NEG  
center sample:  Exp2F_HCC_19_NEG 
Processing: Exp2R_CRR_13_NEG  Exp2F_CRR_15_NEG  Exp2R_CRR_21_NEG  Exp2R_CRR_10_NEG  
center sample:  Exp2F_HCC_19_NEG 
Processing: Exp2R_CRR_13_NEG  Exp2F_CRR_15_NEG  Exp2R_CRR_21_NEG  Exp2R_CRR_10_NEG  
center sample:  Exp2F_HCC_19_NEG 
Processing: Exp2R_CRR_13_NEG  Exp2F_CRR_15_NEG  Exp2R_CRR_21_NEG  Exp2R_CRR_10_NEG  
center sample:  Exp2F_HCC_19_NEG 
Processing: Exp2R_CRR_13_NEG  Exp2F_CRR_15_NEG  Exp2R_CRR_21_NEG  Exp2R_CRR_10_NEG  
center sample:  Exp2F_HCC_19_NEG 
Processing: Exp2R_CRR_13_NEG  Exp2F_CRR_15_NEG  Exp2R_CRR_21_NEG  Exp2R_CRR_10_NEG  
center sample:  Exp2F_HCC_19_NEG 
Processing: Exp2R_CRR_13_NEG  Exp2F_CRR_15_NEG  Exp2R_CRR_21_NEG  Exp2R_CRR_10_NEG  
center sample:  Exp2F_HCC_19_NEG 
Processing: Exp2R_CRR_13_NEG  Exp2F_CRR_15_NEG  Exp2R_CRR_21_NEG  Exp2R_CRR_10_NEG  
center sample:  Exp2F_HCC_19_NEG 
Processing: Exp2R_CRR_13_NEG  Exp2F_CRR_15_NEG  Exp2R_CRR_21_NEG  Exp2R_CRR_10_NEG  
center sample:  Exp2F_HCC_19_NEG 
Processing: Exp2R_CRR_13_NEG  Exp2F_CRR_15_NEG  Exp2R_CRR_21_NEG  Exp2R_CRR_10_NEG  
center sample:  Exp2F_HCC_19_NEG 
Processing: Exp2R_CRR_13_NEG  Exp2F_CRR_15_NEG  Exp2R_CRR_21_NEG  Exp2R_CRR_10_NEG  
center sample:  Exp2F_HCC_19_NEG 
Processing: Exp2R_CRR_13_NEG  Exp2F_CRR_15_NEG  Exp2R_CRR_21_NEG  Exp2R_CRR_10_NEG  
center sample:  Exp2F_HCC_19_NEG 
Processing: Exp2R_CRR_13_NEG  Exp2F_CRR_15_NEG  Exp2R_CRR_21_NEG  Exp2R_CRR_10_NEG  
center sample:  Exp2F_HCC_19_NEG 
Processing: Exp2R_CRR_13_NEG  e matrix with method 'bin' and step 1 ... OK
Create profile matrix with method 'bin' and step 1 ... OK
Create profile matrix with method 'bin' and step 1 ... OK
Processing 105422 mz slices ... OK
Create profile matrix with method 'bin' and step 1 ... OK
Create profile matrix with method 'bin' and step 1 ... OK
Create profile matrix with method 'bin' and step 1 ... OK
Create profile matrix with method 'bin' and step 1 ... OK
Create profile matrix with method 'bin' and step 1 ... OK
Processing 105422 mz slices ... OK
Create profile matrix with method 'bin' and step 1 ... OK
Create profile matrix with method 'bin' and step 1 ... OK
Create profile matrix with method 'bin' and step 1 ... OK
Create profile matrix with method 'bin' and step 1 ... OK
Create profile matrix with method 'bin' and step 1 ... OK
Processing 105422 mz slices ... OK
Create profile matrix with method 'bin' and step 1 ... OK
Create profile matrix with method 'bin' and step 1 ... OK
Create profile matrix with method 'bin' and step 1 ... OK
Create profile matrix with method 'bin' and step 1 ... OK
Create profile matrix with method 'bin' and step 1 ... OK
Processing 105422 mz slices ... OK
Create profile matrix with method 'bin' and step 0.7 ... OK
Create profile matrix with method 'bin' and step 0.7 ... OK
Create profile matrix with method 'bin' and step 0.7 ... OK
Create profile matrix with method 'bin' and step 0.7 ... OK
Create profile matrix with method 'bin' and step 0.7 ... OK
Create profile matrix with method 'bin' and step 0.7 ... OK
Create profile matrix with method 'bin' and step 0.7 ... OK
Create profile matrix with method 'bin' and step 0.7 ... OK
Processing 45182 mz slices ... OK
Create profile matrix with method 'bin' and step 0.7 ... OK
Create profile matrix with method 'bin' and step 0.7 ... OK
Create profile matrix with method 'bin' and step 0.7 ... OK
Create profile matrix with method 'bin' and step 0.7 ... OK
Create profile matrix with method 'bin' and step 0.7 ... OK
Create profile matrix with method 'bin' and step 0.7 ... OK
Create profile matrix with method 'bin' and step 0.7 ... OK
Create profile matrix with method 'bin' and step 0.7 ... OK
Processing 45182 mz slices ... OK
Create profile matrix with method 'bin' and step 0.7 ... OK
Create profile matrix with method 'bin' and step 0.7 ... OK
Create profile matrix with method 'bin' and step 0.7 ... OK
Create profile matrix with method 'bin' and step 0.7 ... OK
Create profile matrix with method 'bin' and step 0.7 ... OK
Create profile matrix with method 'bin' and step 0.7 ... OK
Create profile matrix with method 'bin' and step 0.7 ... OK
Create profile matrix with method 'bin' and step 0.7 ... OK
Processing 45182 mz slices ... OK
Create profile matrix with method 'bin' and step 0.7 ... OK
Create profile matrix with method 'bin' and step 0.7 ... OK
Create profile matrix with method 'bin' and step 0.7 ... OK
Create profile matrix with method 'bin' and step 0.7 ... OK
Create profile matrix with method 'bin' and step 0.7 ... OK
Create profile matrix with method 'bin' and step 0.7 ... OK
Create profile matrix with method 'bin' and step 0.7 ... OK
Create profile matrix with method 'bin' and step 0.7 ... OK
Processing 45182 mz slices ... OK
Create profile matrix with method 'bin' and step 1 ... OK
Create profile matrix with method 'bin' and step 1 ... OK
Create profile matrix with method 'bin' and step 1 ... OK
Create profile matrix with method 'bin' and step 1 ... OK
Create profile matrix with method 'bin' and step 1 ... OK
Processing 45182 mz slices ... OK
Create profile matrix with method 'bin' and step 1 ... OK
Create profile matrix with method 'bin' and step 1 ... OK
Create profile matrix with method 'bin' and step 1 ... OK
Create profile matrix with method 'bin' and step 1 ... OK
Create profile matrix with method 'bin' and step 1 ... OK
Processing 45182 mz slices ... OK
Create profile matrix with method 'bin' and step 1 ... OK
Create profile matrix with method 'bin' and step 1 ... OK
Create profile matrix with method 'bin' and step 1 ... OK
Create profile matrix with method 'bin' and step 1 ... OK
Create profile matrix with method 'bin' and step 1 ... OK
Processing 45182 mz slices ... OK
Create profile matrix with method 'bin' and step 1 ... OK
Create profile matrix with method 'bin' and step 1 ... OK
Create profile matrix with method 'bin' and step 1 ... OK
Create profile matrix with method 'bin' and step 1 ... OK
Create profile matrix with method 'bin' and step 1 ... OK
Processing 45182 mz slices ... OK
Create profile matrix with method 'bin' and step 0.7 ... OK
Create profile matrix with method 'bin' and step 0.7 ... OK
Create profile matrix with method 'bin' and step 0.7 ... OK
Create profile matrix with method 'bin' and step 0.7 ... OK
Create profile matrix with method 'bin' and step 0.7 ... OK
Create profile matrix with method 'bin' and step 0.7 ... OK
Create profile matrix with method 'bin' and step 0.7 ... OK
Create profile matrix with method 'bin' and step 0.7 ... OK
Processing 45182 mz slices ... OK
Create profile matrix with method 'bin' and step 0.7 ... OK
Create profile matrix with method 'bin' and step 0.7 ... OK
Create profile matrix with method 'bin' and step 0.7 ... OK
Create profile matrix with method 'bin' and step 0.7 ... OK
Create profile matrix with method 'bin' and step 0.7 ... OK
Create profile matrix with method 'bin' and step 0.7 ... OK
Create profile matrix with method 'bin' and step 0.7 ... OK
Create profile matrix with method 'bin' and step 0.7 ... OK
Processing 45182 mz slices ... OK
Create profile matrix with method 'bin' and step 0.7 ... OK
Create profile matrix with method 'bin' and step 0.7 ... OK
Create profile matrix with method 'bin' and step 0.7 ... OK
Create profile matrix with method 'bin' and step 0.7 ... OK
Create profile matrix with method 'bin' and step 0.7 ... OK
Create profile matrix with method 'bin' and step 0.7 ... OK
Create profile matrix with method 'bin' and step 0.7 ... OK
Create profile matrix with method 'bin' and step 0.7 ... OK
Processing 45182 mz slices ... OK
Create profile matrix with method 'bin' and step 0.7 ... OK
Create profile matrix with method 'bin' and step 0.7 ... OK
Create profile matrix with method 'bin' and step 0.7 ... OK
Create profile matrix with method 'bin' and step 0.7 ... OK
Create profile matrix with method 'bin' and step 0.7 ... OK
Create profile matrix with method 'bin' and step 0.7 ... OK
Create profile matrix with method 'bin' and step 0.7 ... OK
Create profile matrix with method 'bin' and step 0.7 ... OK
Processing 45182 mz slices ... OK
Create profile matrix with method 'bin' and step 1 ... OK
Create profile matrix with method 'bin' and step 1 ... OK
Create profile matrix with method 'bin' and step 1 ... OK
Create profile matrix with method 'bin' and step 1 ... OK
Create profile matrix with method 'bin' and step 1 ... OK
Processing 45182 mz slices ... OK
Create profile matrix with method 'bin' and step 1 ... OK
Create profile matrix with method 'bin' and step 1 ... OK
Create profile matrix with method 'bin' and step 1 ... OK
Create profile matrix with method 'bin' and step 1 ... OK
Create profile matrix with method 'bin' and step 1 ... OK
Processing 45182 mz slices ... OK
Create profile matrix with method 'bin' and step 1 ... OK
Create profile matrix with method 'bin' and step 1 ... OK
Create profile matrix with method 'bin' and step 1 ... OK
Create profile matrix with method 'bin' and step 1 ... OK
Create profile matrix with method 'bin' and step 1 ... OK
Processing 45182 mz slices ... OK
Create profile matrix with method 'bin' and step 1 ... OK
Create profile matrix with method 'bin' and step 1 ... OK
Create profile matrix with method 'bin' and step 1 ... OK
Create profile matrix with method 'bin' and step 1 ... OK
Create profile matrix with method 'bin' and step 1 ... OK
Processing 45182 mz slices ... OK
Create profile matrix with method 'bin' and step 0.85 ... OK
Create profile matrix with method 'bin' and step 0.85 ... OK
Create profile matrix with method 'bin' and step 0.85 ... OK
Create profile matrix with method 'bin' and step 0.85 ... OK
Create profile matrix with method 'bin' and step 0.85 ... OK
Create profile matrix with method 'bin' and step 0.85 ... OK
Create profile matrix with method 'bin' and step 0.85 ... OK
Create profile matrix with method 'bin' and step 0.85 ... OK
Processing 63254 mz slices ... OK
Create profile matrix with method 'bin' and step 0.85 ... OK
Create profile matrix with method 'bin' and step 0.85 ... OK
Create profile matrix with method 'bin' and step 0.85 ... OK
Create profile matrix with method 'bin' and step 0.85 ... OK
Create profile matrix with method 'bin' and step 0.85 ... OK
Create profile matrix with method 'bin' and step 0.85 ... OK
Create profile matrix with method 'bin' and step 0.85 ... OK
Create profile matrix with method 'bin' and step 0.85 ... OK
Processing 63254 mz slices ... OK
Create profile matrix with method 'bin' and step 0.85 ... OK
Create profile matrix with method 'bin' and step 0.85 ... OK
Create profile matrix with method 'bin' and step 0.85 ... OK
Create profile matrix with method 'bin' and step 0.85 ... OK
Create profile matrix with method 'bin' and step 0.85 ... OK
Create profile matrix with method 'bin' and step 0.85 ... OK
Create profile matrix with method 'bin' and step 0.85 ... OK
Create profile matrix with method 'bin' and step 0.85 ... OK
Processing 63254 mz slices ... OK
Create profile matrix with method 'bin' and step 0.85 ... OK
Create profile matrix with method 'bin' and step 0.85 ... OK
Create profile matrix with method 'bin' and step 0.85 ... OK
Create profile matrix with method 'bin' and step 0.85 ... OK
Create profile matrix with method 'bin' and step 0.85 ... OK
Create profile matrix with method 'bin' and step 0.85 ... OK
Create profile matrix with method 'bin' and step 0.85 ... OK
Create profile matrix with method 'bin' and step 0.85 ... OK
Processing 63254 mz slices ... OK
Create profile matrix with method 'bin' and step 0.85 ... OK
Create profile matrix with method 'bin' and step 0.85 ... OK
Create profile matrix with method 'bin' and step 0.85 ... OK
Create profile matrix with method 'bin' and step 0.85 ... OK
Create profile matrix with method 'bin' and step 0.85 ... OK
Create profile matrix with method 'bin' and step 0.85 ... OK
Create profile matrix with method 'bin' and step 0.85 ... OK
Create profile matrix with method 'bin' and step 0.85 ... OK
Processing 63254 mz slices ... OK
Create profile matrix with method 'bin' and step 0.7 ... OK
Create profile matrix with method 'bin' and step 0.7 ... OK
Create profile matrix with method 'bin' and step 0.7 ... OK
Create profile matrix with method 'bin' and step 0.7 ... OK
Create profile matrix with method 'bin' and step 0.7 ... OK
Create profile matrix with method 'bin' and step 0.7 ... OK
Create profile matrix with method 'bin' and step 0.7 ... OK
Create profile matrix with method 'bin' and step 0.7 ... OK
Processing 63254 mz slices ... OK
Create profile matrix with method 'bin' and step 1 ... OK
Create profile matrix with method 'bin' and step 1 ... OK
Create profile matrix with method 'bin' and step 1 ... OK
Create profile matrix with method 'bin' and step 1 ... OK
Create profile matrix with method 'bin' and step 1 ... OK
Processing 63254 mz slices ... OK
Create profile matrix with method 'bin' and step 0.85 ... OK
Create profile matrix with method 'bin' and step 0.85 ... OK
Create profile matrix with method 'bin' and step 0.85 ... OK
Create profile matrix with method 'bin' and step 0.85 ... OK
Create profile matrix with method 'bin' and step 0.85 ... OK
Create profile matrix with method 'bin' and step 0.85 ... OK
Create profile matrix with method 'bin' and step 0.85 ... OK
Create profile matrix with method 'bin' and step 0.85 ... OK
Processing 63254 mz slices ... OK
Create profile matrix with method 'bin' and step 0.85 ... OK
Create profile matrix with method 'bin' and step 0.85 ... OK
Create profile matrix with method 'bin' and step 0.85 ... OK
Create profile matrix with method 'bin' and step 0.85 ... OK
Create profile matrix with method 'bin' and step 0.85 ... OK
Create profile matrix with method 'bin' and step 0.85 ... OK
Create profile matrix with method 'bin' and step 0.85 ... OK
Create profile matrix with method 'bin' and step 0.85 ... OK
Processing 63254 mz slices ... OK
Create profile matrix with method 'bin' and step 0.85 ... OK
Create profile matrix with method 'bin' and step 0.85 ... OK
Create profile matrix with method 'bin' and step 0.85 ... OK
Create profile matrix with method 'bin' and step 0.85 ... OK
Create profile matrix with method 'bin' and step 0.85 ... OK
Create profile matrix with method 'bin' and step 0.85 ... OK
Create profile matrix with method 'bin' and step 0.85 ... OK
Create profile matrix with method 'bin' and step 0.85 ... OK
Processing 105422 mz slices ... OK
Create profile matrix with method 'bin' and step 0.85 ... OK
Create profile matrix with method 'bin' and step 0.85 ... OK
Create profile matrix with method 'bin' and step 0.85 ... OK
Create profile matrix with method 'bin' and step 0.85 ... OK
Create profile matrix with method 'bin' and step 0.85 ... OK
Create profile matrix with method 'bin' and step 0.85 ... OK
Create profile matrix with method 'bin' and step 0.85 ... OK
Create profile matrix with method 'bin' and step 0.85 ... OK
Processing 45182 mz slices ... OK
Create profile matrix with method 'bin' and step 0.85 ... OK
Create profile matrix with method 'bin' and step 0.85 ... OK
Create profile matrix with method 'bin' and step 0.85 ... OK
Create profile matrix with method 'bin' and step 0.85 ... OK
Create profile matrix with method 'bin' and step 0.85 ... OK
Create profile matrix with method 'bin' and step 0.85 ... OK
Create profile matrix with method 'bin' and step 0.85 ... OK
Create profile matrix with method 'bin' and step 0.85 ... OK
Processing 63254 mz slices ... OK
Create profile matrix with method 'bin' and step 0.955 ... OK
Create profile matrix with method 'bin' and step 0.955 ... OK
Create profile matrix with method 'bin' and step 0.955 ... OK
Create profile matrix with method 'bin' and step 0.955 ... OK
Create profile matrix with method 'bin' and step 0.955 ... OK
Create profile matrix with method 'bin' and step 0.955 ... OK
Create profile matrix with method 'bin' and step 0.955 ... OK
Create profile matrix with method 'bin' and step 0.955 ... OK
Processing 54529 mz slices ... OK
profStep or minfrac greater 1, decreasing to 0.76 and 1



starting new DoE with:

gapInit: c(0.12, 0.52)
gapExtend: c(2.16, 2.64)
profStep: c(0.76, 1)
bw: c(12.4, 31.6)
mzwid: c(0.019, 0.039)
distFunc: cor_opt
plottype: none
response: 1
factorDiag: 2
factorGap: 1
localAlignment: 0
retcorMethod: obiwarp
minfrac: 0.05
minsamp: 1
max: 50
center: 1

Create profile matrix with method 'bin' and step 0.76 ... OK
Create profile matrix with method 'bin' and step 0.76 ... OK
Create profile matrix with method 'bin' and step 0.76 ... OK
Create profile matrix with method 'bin' and step 0.76 ... OK
Create profile matrix with method 'bin' and step 0.76 ... OK
Create profile matrix with method 'bin' and step 0.76 ... OK
Create profile matrix with method 'bin' and step 0.76 ... OK
Create profile matrix with method 'bin' and step 0.76 ... OK
Processing 83228 mz slices ... OK
Create profile matrix with method 'bin' and step 0.76 ... OK
Create profile matrix with method 'bin' and step 0.76 ... OK
Create profile matrix with method 'bin' and step 0.76 ... OK
Create profile matrix with method 'bin' and step 0.76 ... OK
Create profile matrix with method 'bin' and step 0.76 ... OK
Create profile matrix with method 'bin' and step 0.76 ... OK
Create profile matrix with method 'bin' and step 0.76 ... OK
Create profile matrix with method 'bin' and step 0.76 ... OK
Processing 83228 mz slices ... OK
Create profile matrix with method 'bin' and step 0.76 ... OK
Create profile matrix with method 'bin' and step 0.76 ... OK
Create profile matrix with method 'bin' and step 0.76 ... OK
Create profile matrix with method 'bin' and step 0.76 ... OK
Create profile matrix with method 'bin' and step 0.76 ... OK
Create profile matrix with method 'bin' and step 0.76 ... OK
Create profile matrix with method 'bin' and step 0.76 ... OK
Create profile matrix with method 'bin' and step 0.76 ... OK
Processing 83228 mz slices ... OK
Create profile matrix with method 'bin' and step 0.76 ... OK
Create profile matrix with method 'bin' and step 0.76 ... OK
Create profile matrix with method 'bin' and step 0.76 ... OK
Create profile matrix with method 'bin' and step 0.76 ... OK
Create profile matrix with method 'bin' and step 0.76 ... OK
Create profile matrix with method 'bin' and step 0.76 ... OK
Create profile matrix with method 'bin' and step 0.76 ... OK
Create profile matrix with method 'bin' and step 0.76 ... OK
Processing 83228 mz slices ... OK
Create profile matrix with method 'bin' and step 1 ... OK
Create profile matrix with method 'bin' and step 1 ... OK
Create profile matrix with method 'bin' and step 1 ... OK
Create profile matrix with method 'bin' and step 1 ... OK
Create profile matrix with method 'bin' and step 1 ... OK
Processing 83228 mz slices ... OK
Create profile matrix with method 'bin' and step 1 ... OK
Create profile matrix with method 'bin' and step 1 ... OK
Create profile matrix with method 'bin' and step 1 ... OK
Create profile matrix with method 'bin' and step 1 ... OK
Create profile matrix with method 'bin' and step 1 ... OK
Processing 83228 mz slices ... OK
Create profile matrix with method 'bin' and step 1 ... OK
Create profile matrix with method 'bin' and step 1 ... OK
Create profile matrix with method 'bin' and step 1 ... OK
Create profile matrix with method 'bin' and step 1 ... OK
Create profile matrix with method 'bin' and step 1 ... OK
Processing 83228 mz slices ... OK
Create profile matrix with method 'bin' and step 1 ... OK
Create profile matrix with method 'bin' and step 1 ... OK
Create profile matrix with method 'bin' and step 1 ... OK
Create profile matrix with method 'bin' and step 1 ... OK
Create profile matrix with method 'bin' and step 1 ... OK
Processing 83228 mz slices ... OK
Create profile matrix with method 'bin' and step 0.76 ... OK
Create profile matrix with method 'bin' and step 0.76 ... OK
Create profile matrix with method 'bin' and step 0.76 ... OK
Create profile matrix with method 'bin' and step 0.76 ... OK
Create profile matrix with method 'bin' and step 0.76 ... OK
Create profile matrix with method 'bin' and step 0.76 ... OK
Create profile matrix with method 'bin' and step 0.76 ... OK
Create profile matrix with method 'bin' and step 0.76 ... OK
Processing 83228 mz slices ... OK
Create profile matrix with method 'bin' and step 0.76 ... OK
Create profile matrix with method 'bin' and step 0.76 ... OK
Create profile matrix with method 'bin' and step 0.76 ... OK
Create profile matrix with method 'bin' and step 0.76 ... OK
Create profile matrix with method 'bin' and step 0.76 ... OK
Create profile matrix with method 'bin' and step 0.76 ... OK
Create profile matrix with method 'bin' and step 0.76 ... OK
Create profile matrix with method 'bin' and step 0.76 ... OK
Processing 83228 mz slices ... OK
Create profile matrix with method 'bin' and step 0.76 ... OK
Create profile matrix with method 'bin' and step 0.76 ... OK
Create profile matrix with method 'bin' and step 0.76 ... OK
Create profile matrix with method 'bin' and step 0.76 ... OK
Create profile matrix with method 'bin' and step 0.76 ... OK
Create profile matrix with method 'bin' and step 0.76 ... OK
Create profile matrix with method 'bin' and step 0.76 ... OK
Create profile matrix with method 'bin' and step 0.76 ... OK
Processing 83228 mz slices ... OK
Create profile matrix with method 'bin' and step 0.76 ... OK
