xsAnnotate contains no pseudospectra. Regroup all peaks into one!
Generating peak matrix!
Run isotope peak annotation
 % finished: 100  
Found isotopes: 32 
xsAnnotate contains no pseudospectra. Regroup all peaks into one!
Generating peak matrix!
Run isotope peak annotation
 % finished: 100  
Found isotopes: 4 
xsAnnotate contains no pseudospectra. Regroup all peaks into one!
Generating peak matrix!
Run isotope peak annotation
 % finished: 100  
Found isotopes: 39 
xsAnnotate contains no pseudospectra. Regroup all peaks into one!
Generating peak matrix!
Run isotope peak annotation
 % finished: 100  
Found isotopes: 8 
xsAnnotate contains no pseudospectra. Regroup all peaks into one!
Generating peak matrix!
Run isotope peak annotation
 % finished: 100  
Found isotopes: 79 
xsAnnotate contains no pseudospectra. Regroup all peaks into one!
Generating peak matrix!
Run isotope peak annotation
 % finished: 100  
Found isotopes: 22 
xsAnnotate contains no pseudospectra. Regroup all peaks into one!
Generating peak matrix!
Run isotope peak annotation
 % finished: 100  
Found isotopes: 92 
xsAnnotate contains no pseudospectra. Regroup all peaks into one!
Generating peak matrix!
Run isotope peak annotation
 % finished: 100  
Found isotopes: 24 
xsAnnotate contains no pseudospectra. Regroup all peaks into one!
Generating peak matrix!
Run isotope peak annotation
 % finished: 100  
Found isotopes: 31 
xsAnnotate contains no pseudospectra. Regroup all peaks into one!
Generating peak matrix!
Run isotope peak annotation
 % finished: 100  
Found isotopes: 4 
xsAnnotate contains no pseudospectra. Regroup all peaks into one!
Generating peak matrix!
Run isotope peak annotation
 % finished: 100  
Found isotopes: 39 
xsAnnotate contains no pseudospectra. Regroup all peaks into one!
Generating peak matrix!
Run isotope peak annotation
 % finished: 100  
Found isotopes: 8 
xsAnnotate contains no pseudospectra. Regroup all peaks into one!
Generating peak matrix!
Run isotope peak annotation
 % finished: 100  
Found isotopes: 79 
xsAnnotate contains no pseudospectra. Regroup all peaks into one!
Generating peak matrix!
Run isotope peak annotation
 % finished: 100  
Found isotopes: 22 
terest ... OK: 236 found.
2
Detecting mass traces at 17 ppm ... OK
Detecting chromatographic peaks in 179 regions of interest ... OK: 28 found.
3
Detecting mass traces at 17 ppm ... OK
Detecting chromatographic peaks in 1110 regions of interest ... OK: 254 found.
4
Detecting mass traces at 17 ppm ... OK
Detecting chromatographic peaks in 179 regions of interest ... OK: 42 found.
5
Detecting mass traces at 32 ppm ... OK
Detecting chromatographic peaks in 1883 regions of interest ... OK: 507 found.
6
Detecting mass traces at 32 ppm ... OK
Detecting chromatographic peaks in 382 regions of interest ... OK: 75 found.
7
Detecting mass traces at 32 ppm ... OK
Detecting chromatographic peaks in 1883 regions of interest ... OK: 546 found.
8
Detecting mass traces at 32 ppm ... OK
Detecting chromatographic peaks in 382 regions of interest ... OK: 97 found.
9
Detecting mass traces at 17 ppm ... OK
Detecting chromatographic peaks in 1110 regions of interest ... OK: 235 found.
10
Detecting mass traces at 17 ppm ... OK
Detecting chromatographic peaks in 179 regions of interest ... OK: 28 found.
11
Detecting mass traces at 17 ppm ... OK
Detecting chromatographic peaks in 1110 regions of interest ... OK: 253 found.
12
Detecting mass traces at 17 ppm ... OK
Detecting chromatographic peaks in 179 regions of interest ... OK: 41 found.
13
Detecting mass traces at 32 ppm ... OK
Detecting chromatographic peaks in 1883 regions of interest ... OK: 505 found.
14
Detecting mass traces at 32 ppm ... OK
Detecting chromatographic peaks in 382 regions of interest ... OK: 75 found.
15
Detecting mass traces at 32 ppm ... OK
Detecting chromatographic peaks in 1883 regions of interest ...