xsAnnotate contains no pseudospectra. Regroup all peaks into one!
Generating peak matrix!
Run isotope peak annotation
 % finished: 100  
Found isotopes: 1 
xsAnnotate contains no pseudospectra. Regroup all peaks into one!
Generating peak matrix!
Run isotope peak annotation
 % finished: 100  
Found isotopes: 0 
xsAnnotate contains no pseudospectra. Regroup all peaks into one!
Generating peak matrix!
Run isotope peak annotation
 % finished: 100  
Found isotopes: 1 
xsAnnotate contains no pseudospectra. Regroup all peaks into one!
Generating peak matrix!
Run isotope peak annotation
 % finished: 100  
Found isotopes: 0 
xsAnnotate contains no pseudospectra. Regroup all peaks into one!
Generating peak matrix!
Run isotope peak annotation
 % finished: 100  
Found isotopes: 1 
xsAnnotate contains no pseudospectra. Regroup all peaks into one!
Generating peak matrix!
Run isotope peak annotation
 % finished: 100  
Found isotopes: 0 
xsAnnotate contains no pseudospectra. Regroup all peaks into one!
Generating peak matrix!
Run isotope peak annotation
 % finished: 100  
Found isotopes: 1 
xsAnnotate contains no pseudospectra. Regroup all peaks into one!
Generating peak matrix!
Run isotope peak annotation
 % finished: 100  
Found isotopes: 0 
xsAnnotate contains no pseudospectra. Regroup all peaks into one!
Generating peak matrix!
Run isotope peak annotation
 % finished: 100  
Found isotopes: 1 
xsAnnotate contains no pseudospectra. Regroup all peaks into one!
Generating peak matrix!
Run isotope peak annotation
 % finished: 100  
Found isotopes: 0 
xsAnnotate contains no pseudospectra. Regroup all peaks into one!
Generating peak matrix!
Run isotope peak annotation
 % finished: 100  
Found isotopes: 1 
xsAnnotate contains no pseudospectra. Regroup all peaks into one!
Generating peak matrix!
Run isotope peak annotation
 % finished: 100  
Found isotopes: 0 
xsAnnotate contains no pseudospectra. Regroup all peaks into one!
Generating peak matrix!
Run isotope peak annotation
 % finished: 100  
Found isotopes: 1 
xsAnnotate contains no pseudospectra. Regroup all peaks into one!
Generating peak matrix!
Run isotope peak annotation
 % finished: 100  
Found isotopes: 0 
xsAnnotate contains no pseudospectra. Regroup all peaks into one!
Generating peak matrix!
Run isotope peak annotation
 % finished: 100  
Found isotopes: 1 
xsAnnotate contains no pseudospectra. Regroup all peaks into one!
Generating peak matrix!
Run isotope peak annotation
 % finished: 100  
Found isotopes: 0 
xsAnnotate contains no pseudospectra. Regroup all peaks into one!
Generating peak matrix!
Run isotope peak annotation
 % finished: 100  
Found isotopes: 0 
xsAnnotate contains no pseudospectra. Regroup all peaks into one!
Generating peak matrix!
Run isotope peak annotation
 % finished: 100  
Found isotopes: 1 
xsAnnotate contains no pseudospectra. Regroup all peaks into one!
Generating peak matrix!
Run isotope peak annotation
 % finished: 100  
Found isotopes: 0 
xsAnnotate contains no pseudospectra. Regroup all peaks into one!
Generating peak matrix!
Run isotope peak annotation
 % finished: 100  
Found isotopes: 0 
xsAnnotate contains no pseudospectra. Regroup all peaks into one!
Generating peak matrix!
Run isotope peak annotation
 % finished: 100  
Found isotopes: 0 
xsAnnotate contains no pseudospectra. Regroup all peaks into one!
Generating peak matrix!
Run isotope peak annotation
 % finished: 100  
Found isotopes: 0 
xsAnnotate contains no pseudospectra. Regroup all peaks into one!
Generating peak matrix!
Run isotope peak annotation
 % finished: 100  
Found isotopes: 0 
xsAnnotate contains no pseudospectra. Regroup all peaks into one!
Generating peak matrix!
Run isotope peak annotation
 % finished: 100  
Found isotopes: 0 
xsAnnotate contains no pseudospectra. Regroup all peaks into one!
Generating peak matrix!
Run isotope peak annotation
 % finished: 100  
Found isotopes: 0 
xsAnnotate contains no pseudospectra. Regroup all peaks into one!
Generating peak matrix!
Run isotope peak annotation
 % finished: 100  
Found isotopes: 0 
xsAnnotate contains no pseudospectra. Regroup all peaks into one!
Generating peak matrix!
Run isotope peak annotation
 % finished: 100  
Found isotopes: 1 
xsAnnotate contains no pseudospectra. Regroup all peaks into one!
Generating peak matrix!
Run isotope peak annotation
 % finished: 100  
Found isotopes: 5 
xsAnnotate contains no pseudospectra. Regroup all peaks into one!
Generating peak matrix!
Run isotope peak annotation
 % finished: 100  
Found isotopes: 0 
xsAnnotate contains no pseudospectra. Regroup all peaks into one!
Generating peak matrix!
Run isotope peak annotation
 % finished: 100  
Found isotopes: 5 
xsAnnotate contains no pseudospectra. Regroup all peaks into one!
Generating peak matrix!
Run isotope peak annotation
 % finished: 100  
Found isotopes: 0 
xsAnnotate contains no pseudospectra. Regroup all peaks into one!
Generating peak matrix!
Run isotope peak annotation
 % finished: 100  
Found isotopes: 5 
xsAnnotate contains no pseudospectra. Regroup all peaks into one!
Generating peak matrix!
Run isotope peak annotation
 % finished: 100  
Found isotopes: 0 
xsAnnotate contains no pseudospectra. Regroup all peaks into one!
Generating peak matrix!
Run isotope peak annotation
 % finished: 100  
Found isotopes: 5 
xsAnnotate contains no pseudospectra. Regroup all peaks into one!
Generating peak matrix!
Run isotope peak annotation
 % finished: 100  
Found isotopes: 0 
xsAnnotate contains no pseudospectra. Regroup all peaks into one!
Generating peak matrix!
Run isotope peak annotation
 % finished: 100  
Found isotopes: 5 
xsAnnotate contains no pseudospectra. Regroup all peaks into one!
Generating peak matrix!
Run isotope peak annotation
 % finished: 100  
Found isotopes: 0 
xsAnnotate contains no pseudospectra. Regroup all peaks into one!
Generating peak matrix!
Run isotope peak annotation
 % finished: 100  
Found isotopes: 5 
xsAnnotate contains no pseudospectra. Regroup all peaks into one!
Generating peak matrix!
Run isotope peak annotation
 % finished: 100  
Found isotopes: 0 
xsAnnotate contains no pseudospectra. Regroup all peaks into one!
Generating peak matrix!
Run isotope peak annotation
 % finished: 100  
Found isotopes: 5 
xsAnnotate contains no pseudospectra. Regroup all peaks into one!
Generating peak matrix!
Run isotope peak annotation
 % finished: 100  
Found isotopes: 0 
xsAnnotate contains no pseudospectra. Regroup all peaks into one!
Generating peak matrix!
Run isotope peak annotation
 % finished: 100  
Found isotopes: 5 
xsAnnotate contains no pseudospectra. Regroup all peaks into one!
Generating peak matrix!
Run isotope peak annotation
 % finished: 100  
Found isotopes: 0 
xsAnnotate contains no pseudospectra. Regroup all peaks into one!
Generating peak matrix!
Run isotope peak annotation
 % finished: 100  
Found isotopes: 1 
xsAnnotate contains no pseudospectra. Regroup all peaks into one!
Generating peak matrix!
Run isotope peak annotation
 % finished: 100  
Found isotopes: 5 
xsAnnotate contains no pseudospectra. Regroup all peaks into one!
Generating peak matrix!
Run isotope peak annotation
 % finished: 100  
Found isotopes: 0 
xsAnnotate contains no pseudospectra. Regroup all peaks into one!
Generating peak matrix!
Run isotope peak annotation
 % finished: 100  
Found isotopes: 1 
xsAnnotate contains no pseudospectra. Regroup all peaks into one!
Generating peak matrix!
Run isotope peak annotation
 % finished: 100  
Found isotopes: 1 
xsAnnotate contains no pseudospectra. Regroup all peaks into one!
Generating peak matrix!
Run isotope peak annotation
 % finished: 100  
Found isotopes: 1 
xsAnnotate contains no pseudospectra. Regroup all peaks into one!
Generating peak matrix!
Run isotope peak annotation
 % finished: 100  
Found isotopes: 1 
xsAnnotate contains no pseudospectra. Regroup all peaks into one!
Generating peak matrix!
Run isotope peak annotation
 % finished: 100  
Found isotopes: 1 
xsAnnotate contains no pseudospectra. Regroup all peaks into one!
Generating peak matrix!
Run isotope peak annotation
 % finished: 100  
Found isotopes: 1 
xsAnnotate contains no pseudospectra. Regroup all peaks into one!
Generating peak matrix!
Run isotope peak annotation
 % finished: 100  
Found isotopes: 1 
xsAnnotate contains no pseudospectra. Regroup all peaks into one!
Generating peak matrix!
Run isotope peak annotation
 % finished: 100  
Found isotopes: 5 
xsAnnotate contains no pseudospectra. Regroup all peaks into one!
Generating peak matrix!
Run isotope peak annotation
 % finished: 100  
Found isotopes: 5 
xsAnnotate contains no pseudospectra. Regroup all peaks into one!
Generating peak matrix!
Run isotope peak annotation
 % finished: 100  
Found isotopes: 0 
xsAnnotate contains no pseudospectra. Regroup all peaks into one!
Generating peak matrix!
Run isotope peak annotation
 % finished: 100  
Found isotopes: 5 
xsAnnotate contains no pseudospectra. Regroup all peaks into one!
Generating peak matrix!
Run isotope peak annotation
 % finished: 100  
Found isotopes: 0 
xsAnnotate contains no pseudospectra. Regroup all peaks into one!
Generating peak matrix!
Run isotope peak annotation
 % finished: 100  
Found isotopes: 5 
xsAnnotate contains no pseudospectra. Regroup all peaks into one!
Generating peak matrix!
Run isotope peak annotation
 % finished: 100  
Found isotopes: 0 
xsAnnotate contains no pseudospectra. Regroup all peaks into one!
Generating peak matrix!
Run isotope peak annotation
 % finished: 100  
Found isotopes: 5 
xsAnnotate contains no pseudospectra. Regroup all peaks into one!
Generating peak matrix!
Run isotope peak annotation
 % finished: 100  
Found isotopes: 0 
xsAnnotate contains no pseudospectra. Regroup all peaks into one!
Generating peak matrix!
Run isotope peak annotation
 % finished: 100  
Found isotopes: 5 
xsAnnotate contains no pseudospectra. Regroup all peaks into one!
Generating peak matrix!
Run isotope peak annotation
 % finished: 100  
Found isotopes: 0 
xsAnnotate contains no pseudospectra. Regroup all peaks into one!
Generating peak matrix!
Run isotope peak annotation
 % finished: 100  
Found isotopes: 5 
xsAnnotate contains no pseudospectra. Regroup all peaks into one!
Generating peak matrix!
Run isotope peak annotation
 % finished: 100  
Found isotopes: 0 
xsAnnotate contains no pseudospectra. Regroup all peaks into one!
Generating peak matrix!
Run isotope peak annotation
 % finished: 100  
Found isotopes: 5 
xsAnnotate contains no pseudospectra. Regroup all peaks into one!
Generating peak matrix!
Run isotope peak annotation
 % finished: 100  
Found isotopes: 0 
xsAnnotate contains no pseudospectra. Regroup all peaks into one!
Generating peak matrix!
Run isotope peak annotation
 % finished: 100  
Found isotopes: 5 
xsAnnotate contains no pseudospectra. Regroup all peaks into one!
Generating peak matrix!
Run isotope peak annotation
 % finished: 100  
Found isotopes: 0 
xsAnnotate contains no pseudospectra. Regroup all peaks into one!
Generating peak matrix!
Run isotope peak annotation
 % finished: 100  
Found isotopes: 1 
xsAnnotate contains no pseudospectra. Regroup all peaks into one!
Generating peak matrix!
Run isotope peak annotation
 % finished: 100  
Found isotopes: 5 
xsAnnotate contains no pseudospectra. Regroup all peaks into one!
Generating peak matrix!
Run isotope peak annotation
 % finished: 100  
Found isotopes: 0 
xsAnnotate contains no pseudospectra. Regroup all peaks into one!
Generating peak matrix!
Run isotope peak annotation
 % finished: 100  
Found isotopes: 1 
xsAnnotate contains no pseudospectra. Regroup all peaks into one!
Generating peak matrix!
Run isotope peak annotation
 % finished: 100  
Found isotopes: 1 
xsAnnotate contains no pseudospectra. Regroup all peaks into one!
Generating peak matrix!
Run isotope peak annotation
 % finished: 100  
Found isotopes: 1 
xsAnnotate contains no pseudospectra. Regroup all peaks into one!
Generating peak matrix!
Run isotope peak annotation
 % finished: 100  
Found isotopes: 1 
xsAnnotate contains no pseudospectra. Regroup all peaks into one!
Generating peak matrix!
Run isotope peak annotation
 % finished: 100  
Found isotopes: 1 
xsAnnotate contains no pseudospectra. Regroup all peaks into one!
Generating peak matrix!
Run isotope peak annotation
 % finished: 100  
Found isotopes: 1 
xsAnnotate contains no pseudospectra. Regroup all peaks into one!
Generating peak matrix!
Run isotope peak annotation
 % finished: 100  
Found isotopes: 1 
xsAnnotate contains no pseudospectra. Regroup all peaks into one!
Generating peak matrix!
Run isotope peak annotation
 % finished: 100  
Found isotopes: 5 
xsAnnotate contains no pseudospectra. Regroup all peaks into one!
Generating peak matrix!
Run isotope peak annotation
 % finished: 100  
Found isotopes: 5 
xsAnnotate contains no pseudospectra. Regroup all peaks into one!
Generating peak matrix!
Run isotope peak annotation
 % finished: 100  
Found isotopes: 0 
xsAnnotate contains no pseudospectra. Regroup all peaks into one!
Generating peak matrix!
Run isotope peak annotation
 % finished: 100  
Found isotopes: 5 
xsAnnotate contains no pseudospectra. Regroup all peaks into one!
Generating peak matrix!
Run isotope peak annotation
 % finished: 100  
Found isotopes: 0 
xsAnnotate contains no pseudospectra. Regroup all peaks into one!
Generating peak matrix!
Run isotope peak annotation
 % finished: 100  
Found isotopes: 5 
xsAnnotate contains no pseudospectra. Regroup all peaks into one!
Generating peak matrix!
Run isotope peak annotation
 % finished: 100  
Found isotopes: 0 
xsAnnotate contains no pseudospectra. Regroup all peaks into one!
Generating peak matrix!
Run isotope peak annotation
 % finished: 100  
Found isotopes: 5 
xsAnnotate contains no pseudospectra. Regroup all peaks into one!
Generating peak matrix!
Run isotope peak annotation
 % finished: 100  
Found isotopes: 0 
xsAnnotate contains no pseudospectra. Regroup all peaks into one!
Generating peak matrix!
Run isotope peak annotation
 % finished: 100  
Found isotopes: 5 
xsAnnotate contains no pseudospectra. Regroup all peaks into one!
Generating peak matrix!
Run isotope peak annotation
 % finished: 100  
Found isotopes: 0 
xsAnnotate contains no pseudospectra. Regroup all peaks into one!
Generating peak matrix!
Run isotope peak annotation
 % finished: 100  
Found isotopes: 5 
xsAnnotate contains no pseudospectra. Regroup all peaks into one!
Generating peak matrix!
Run isotope peak annotation
 % finished: 100  
Found isotopes: 0 
xsAnnotate contains no pseudospectra. Regroup all peaks into one!
Generating peak matrix!
Run isotope peak annotation
 % finished: 100  
Found isotopes: 5 
xsAnnotate contains no pseudospectra. Regroup all peaks into one!
Generating peak matrix!
Run isotope peak annotation
 % finished: 100  
Found isotopes: 0 
xsAnnotate contains no pseudospectra. Regroup all peaks into one!
Generating peak matrix!
Run isotope peak annotation
 % finished: 100  
Found isotopes: 5 
xsAnnotate contains no pseudospectra. Regroup all peaks into one!
Generating peak matrix!
Run isotope peak annotation
 % finished: 100  
Found isotopes: 0 
xsAnnotate contains no pseudospectra. Regroup all peaks into one!
Generating peak matrix!
Run isotope peak annotation
 % finished: 100  
Found isotopes: 2 
xsAnnotate contains no pseudospectra. Regroup all peaks into one!
Generating peak matrix!
Run isotope peak annotation
 % finished: 100  
Found isotopes: 5 
xsAnnotate contains no pseudospectra. Regroup all peaks into one!
Generating peak matrix!
Run isotope peak annotation
 % finished: 100  
Found isotopes: 0 
xsAnnotate contains no pseudospectra. Regroup all peaks into one!
Generating peak matrix!
Run isotope peak annotation
 % finished: 100  
Found isotopes: 2 
xsAnnotate contains no pseudospectra. Regroup all peaks into one!
Generating peak matrix!
Run isotope peak annotation
 % finished: 100  
Found isotopes: 3 
xsAnnotate contains no pseudospectra. Regroup all peaks into one!
Generating peak matrix!
Run isotope peak annotation
 % finished: 100  
Found isotopes: 2 
xsAnnotate contains no pseudospectra. Regroup all peaks into one!
Generating peak matrix!
Run isotope peak annotation
 % finished: 100  
Found isotopes: 2 
xsAnnotate contains no pseudospectra. Regroup all peaks into one!
Generating peak matrix!
Run isotope peak annotation
 % finished: 100  
Found isotopes: 2 
xsAnnotate contains no pseudospectra. Regroup all peaks into one!
Generating peak matrix!
Run isotope peak annotation
 % finished: 100  
Found isotopes: 2 
xsAnnotate contains no pseudospectra. Regroup all peaks into one!
Generating peak matrix!
Run isotope peak annotation
 % finished: 100  
Found isotopes: 2 
xsAnnotate contains no pseudospectra. Regroup all peaks into one!
Generating peak matrix!
Run isotope peak annotation
 % finished: 100  
Found isotopes: 5 
center sample:  Exp2R_CRR_24_NEG 
Processing: Exp2F_HCC_15_NEG  Exp2R_CRR_10_NEG  Exp2R_CRR_7_NEG  Exp2R_HCC_19_NEG  
center sample:  Exp2R_CRR_24_NEG 
Processing: Exp2F_HCC_15_NEG  Exp2R_CRR_10_NEG  Exp2R_CRR_7_NEG  Exp2R_HCC_19_NEG  
center sample:  Exp2R_CRR_24_NEG 
Processing: Exp2F_HCC_15_NEG  Exp2R_CRR_10_NEG  Exp2R_CRR_7_NEG  Exp2R_HCC_19_NEG  
center sample:  Exp2R_CRR_24_NEG 
Processing: Exp2F_HCC_15_NEG  Exp2R_CRR_10_NEG  Exp2R_CRR_7_NEG  Exp2R_HCC_19_NEG  
center sample:  Exp2R_CRR_24_NEG 
Processing: Exp2F_HCC_15_NEG  Exp2R_CRR_10_NEG  Exp2R_CRR_7_NEG  Exp2R_HCC_19_NEG  
center sample:  Exp2R_CRR_24_NEG 
Processing: Exp2F_HCC_15_NEG  Exp2R_CRR_10_NEG  Exp2R_CRR_7_NEG  Exp2R_HCC_19_NEG  
center sample:  Exp2R_CRR_24_NEG 
Processing: Exp2F_HCC_15_NEG  Exp2R_CRR_10_NEG  Exp2R_CRR_7_NEG  Exp2R_HCC_19_NEG  
center sample:  Exp2R_CRR_24_NEG 
Processing: Exp2F_HCC_15_NEG  Exp2R_CRR_10_NEG  Exp2R_CRR_7_NEG  Exp2R_HCC_19_NEG  
center sample:  Exp2R_CRR_24_NEG 
Processing: Exp2F_HCC_15_NEG  Exp2R_CRR_10_NEG  Exp2R_CRR_7_NEG  Exp2R_HCC_19_NEG  
center sample:  Exp2R_CRR_24_NEG 
Processing: Exp2F_HCC_15_NEG  Exp2R_CRR_10_NEG  Exp2R_CRR_7_NEG  Exp2R_HCC_19_NEG  
center sample:  Exp2R_CRR_24_NEG 
Processing: Exp2F_HCC_15_NEG  Exp2R_CRR_10_NEG  Exp2R_CRR_7_NEG  Exp2R_HCC_19_NEG  
center sample:  Exp2R_CRR_24_NEG 
Processing: Exp2F_HCC_15_NEG  Exp2R_CRR_10_NEG  Exp2R_CRR_7_NEG  Exp2R_HCC_19_NEG  
center sample:  Exp2R_CRR_24_NEG 
Processing: Exp2F_HCC_15_NEG  Exp2R_CRR_10_NEG  Exp2R_CRR_7_NEG  Exp2R_HCC_19_NEG  
center sample:  Exp2R_CRR_24_NEG 
Processing: Exp2F_HCC_15_NEG  Exp2R_CRR_10_NEG  Exp2R_CRR_7_NEG  Exp2R_HCC_19_NEG  
center sample:  Exp2R_CRR_24_NEG 
Processing: Exp2F_HCC_15_NEG  Exp2R_CRR_10_NEG  Exp2R_CRR_7_NEG  Exp2R_HCC_19_NEG  
center sample:  Exp2R_CRR_24_NEG 
Processing: Exp2F_HCC_15_NEG  Exp2R_CRR_10_NEG  Exp2R_CRR_7_NEG  Exp2R_HCC_19_NEG  
center sample:  Exp2R_CRR_24_NEG 
Processing: Exp2F_HCC_15_NEG  Exp2R_CRR_10_NEG  Exp2R_CRR_7_NEG  Exp2R_HCC_19_NEG  
center sample:  Exp2R_CRR_24_NEG 
Processing: Exp2F_HCC_15_NEG  Exp2R_CRR_10_NEG  Exp2R_CRR_7_NEG  Exp2R_HCC_19_NEG  
center sample:  Exp2R_CRR_24_NEG 
Processing: Exp2F_HCC_15_NEG  Exp2R_CRR_10_NEG  Exp2R_CRR_7_NEG  Exp2R_HCC_19_NEG  
center sample:  Exp2R_CRR_24_NEG 
Processing: Exp2F_HCC_15_NEG  Exp2R_CRR_10_NEG  Exp2R_CRR_7_NEG  Exp2R_HCC_19_NEG  
center sample:  Exp2R_CRR_24_NEG 
Processing: Exp2F_HCC_15_NEG  Exp2R_CRR_10_NEG  Exp2R_CRR_7_NEG  Exp2R_HCC_19_NEG  
center sample:  Exp2R_CRR_24_NEG 
Processing: Exp2F_HCC_15_NEG  Exp2R_CRR_10_NEG  Exp2R_CRR_7_NEG  Exp2R_HCC_19_NEG  
center sample:  Exp2R_CRR_24_NEG 
Processing: Exp2F_HCC_15_NEG  Exp2R_CRR_10_NEG  Exp2R_CRR_7_NEG  Exp2R_HCC_19_NEG  
center sample:  Exp2R_CRR_24_NEG 
Processing: Exp2F_HCC_15_NEG  Exp2R_CRR_10_NEG  Exp2R_CRR_7_NEG  Exp2R_HCC_19_NEG  
center sample:  Exp2R_CRR_24_NEG 
Processing: Exp2F_HCC_15_NEG  Exp2R_CRR_10_NEG  Exp2R_CRR_7_NEG  Exp2R_HCC_19_NEG  
center sample:  Exp2R_CRR_24_NEG 
Processing: Exp2F_HCC_15_NEG  Exp2R_CRR_10_NEG  Exp2R_CRR_7_NEG  Exp2R_HCC_19_NEG  
center sample:  Exp2R_CRR_24_NEG 
Processing: Exp2F_HCC_15_NEG  Exp2R_CRR_10_NEG  Exp2R_CRR_7_NEG  Exp2R_HCC_19_NEG  
center sample:  Exp2R_CRR_24_NEG 
Processing: Exp2F_HCC_15_NEG  Exp2R_CRR_10_NEG  Exp2R_CRR_7_NEG  Exp2R_HCC_19_NEG  
center sample:  Exp2R_CRR_24_NEG 
Processing: Exp2F_HCC_15_NEG  Exp2R_CRR_10_NEG  Exp2R_CRR_7_NEG  Exp2R_HCC_19_NEG  
center sample:  Exp2R_CRR_24_NEG 
Processing: Exp2F_HCC_15_NEG  Exp2R_CRR_10_NEG  Exp2R_CRR_7_NEG  Exp2R_HCC_19_NEG  
center sample:  Exp2R_CRR_24_NEG 
Processing: Exp2F_HCC_15_NEG  Exp2R_CRR_10_NEG  Exp2R_CRR_7_NEG  Exp2R_HCC_19_NEG  
center sample:  Exp2R_CRR_24_NEG 
Processing: Exp2F_HCC_15_NEG  Exp2R_CRR_10_NEG  Exp2R_CRR_7_NEG  Exp2R_HCC_19_NEG  
center sample:  Exp2R_CRR_24_NEG 
Processing: Exp2F_HCC_15_NEG  Exp2R_CRR_10_NEG  Exp2R_CRR_7_NEG  Exp2R_HCC_19_NEG  
center sample:  Exp2R_CRR_24_NEG 
Processing: Exp2F_HCC_15_NEG  Exp2R_CRR_10_NEG  Exp2R_CRR_7_NEG  Exp2R_HCC_19_NEG  
center sample:  Exp2R_CRR_24_NEG 
Processing: Exp2F_HCC_15_NEG  Exp2R_CRR_10_NEG  Exp2R_CRR_7_NEG  Exp2R_HCC_19_NEG  
center sample:  Exp2R_CRR_24_NEG 
Processing: Exp2F_HCC_15_NEG  Exp2R_CRR_10_NEG  Exp2R_CRR_7_NEG  Exp2R_HCC_19_NEG  
center sample:  Exp2R_CRR_24_NEG 
Processing: Exp2F_HCC_15_NEG  Exp2R_CRR_10_NEG  Exp2R_CRR_7_NEG  Exp2R_HCC_19_NEG  
center sample:  Exp2R_CRR_24_NEG 
Processing: Exp2F_HCC_15_NEG  Exp2R_CRR_10_NEG  Exp2R_CRR_7_NEG  Exp2R_HCC_19_NEG  
center sample:  Exp2R_CRR_24_NEG 
Processing: Exp2F_HCC_15_NEG  Exp2R_CRR_10_NEG  Exp2R_CRR_7_NEG  Exp2R_HCC_19_NEG  
center sample:  Exp2R_CRR_24_NEG 
Processing: Exp2F_HCC_15_NEG  Exp2R_CRR_10_NEG  Exp2R_CRR_7_NEG  Exp2R_HCC_19_NEG  
center sample:  Exp2R_CRR_24_NEG 
Processing: Exp2F_HCC_15_NEG  Exp2R_CRR_10_NEG  Exp2R_CRR_7_NEG  Exp2R_HCC_19_NEG  
center sample:  Exp2R_CRR_24_NEG 
Processing: Exp2F_HCC_15_NEG  Exp2R_CRR_10_NEG  Exp2R_CRR_7_NEG  Exp2R_HCC_19_NEG  
center sample:  Exp2R_CRR_24_NEG 
Processing: Exp2F_HCC_15_NEG  Exp2R_CRR_10_NEG  Exp2R_CRR_7_NEG  Exp2R_HCC_19_NEG  
center sample:  Exp2R_CRR_24_NEG 
Processing: Exp2F_HCC_15_NEG  Exp2R_CRR_10_NEG  Exp2R_CRR_7_NEG  Exp2R_HCC_19_NEG  
center sample:  Exp2R_CRR_24_NEG 
Processing: Exp2F_HCC_15_NEG  Exp2R_CRR_10_NEG  Exp2R_CRR_7_NEG  Exp2R_HCC_19_NEG  
center sample:  Exp2R_CRR_24_NEG 
Processing: Exp2F_HCC_15_NEG  Exp2R_CRR_10_NEG  Exp2R_CRR_7_NEG  Exp2R_HCC_19_NEG  
center sample:  Exp2R_CRR_24_NEG 
Processing: Exp2F_HCC_15_NEG  Exp2R_CRR_10_NEG  Exp2R_CRR_7_NEG  Exp2R_HCC_19_NEG  
center sample:  Exp2R_CRR_24_NEG 
Processing: Exp2F_HCC_15_NEG  Exp2R_CRR_10_NEG  Exp2R_CRR_7_NEG  Exp2R_HCC_19_NEG  
center sample:  Exp2R_CRR_24_NEG 
Processing: Exp2F_HCC_15_NEG  Exp2R_CRR_10_NEG  Exp2R_CRR_7_NEG  Exp2R_HCC_19_NEG  
center sample:  Exp2R_CRR_24_NEG 
Processing: Exp2F_HCC_15_NEG  Exp2R_CRR_10_NEG  Exp2R_CRR_7_NEG  Exp2R_HCC_19_NEG  
center sample:  Exp2R_CRR_24_NEG 
Processing: Exp2F_HCC_15_NEG  Exp2R_CRR_10_NEG  Exp2R_CRR_7_NEG  Exp2R_HCC_19_NEG  
center sample:  Exp2R_CRR_24_NEG 
Processing: Exp2F_HCC_15_NEG  Exp2R_CRR_10_NEG  Exp2R_CRR_7_NEG  Exp2R_HCC_19_NEG  
center sample:  Exp2R_CRR_24_NEG 
Processing: Exp2F_HCC_15_NEG  Exp2R_CRR_10_NEG  Exp2R_CRR_7_NEG  Exp2R_HCC_19_NEG  
center sample:  Exp2R_CRR_24_NEG 
Processing: Exp2F_HCC_15_NEG  Exp2R_CRR_10_NEG  Exp2R_CRR_7_NEG  Exp2R_HCC_19_NEG  
center sample:  Exp2R_CRR_24_NEG 
Processing: Exp2F_HCC_15_NEG  Exp2R_CRR_10_NEG  Exp2R_CRR_7_NEG  Exp2R_HCC_19_NEG  
center sample:  Exp2R_CRR_24_NEG 
Processing: Exp2F_HCC_15_NEG  Exp2R_CRR_10_NEG  Exp2R_CRR_7_NEG  Exp2R_HCC_19_NEG  
center sample:  Exp2R_CRR_24_NEG 
Processing: Exp2F_HCC_15_NEG  Exp2R_CRR_10_NEG  Exp2R_CRR_7_NEG  Exp2R_HCC_19_NEG  
center sample:  Exp2R_CRR_24_NEG 
Processing: Exp2F_HCC_15_NEG  Exp2R_CRR_10_NEG  Exp2R_CRR_7_NEG  Exp2R_HCC_19_NEG  
center sample:  Exp2R_CRR_24_NEG 
Processing: Exp2F_HCC_15_NEG  Exp2R_CRR_10_NEG  Exp2R_CRR_7_NEG  Exp2R_HCC_19_NEG  
center sample:  Exp2R_CRR_24_NEG 
Processing: Exp2F_HCC_15_NEG  Exp2R_CRR_10_NEG  Exp2R_CRR_7_NEG  Exp2R_HCC_19_NEG  
center sample:  Exp2R_CRR_24_NEG 
Processing: Exp2F_HCC_15_NEG  Exp2R_CRR_10_NEG  Exp2R_CRR_7_NEG  Exp2R_HCC_19_NEG  
center sample:  Exp2R_CRR_24_NEG 
Processing: Exp2F_HCC_15_NEG  Exp2R_CRR_10_NEG  Exp2R_CRR_7_NEG  Exp2R_HCC_19_NEG  
center sample:  Exp2R_CRR_24_NEG 
Processing: Exp2F_HCC_15_NEG  Exp2R_CRR_10_NEG  Exp2R_CRR_7_NEG  Exp2R_HCC_19_NEG  
center sample:  Exp2R_CRR_24_NEG 
Processing: Exp2F_HCC_15_NEG  Exp2R_CRR_10_NEG  Exp2R_CRR_7_NEG  Exp2R_HCC_19_NEG  
center sample:  Exp2R_CRR_24_NEG 
Processing: Exp2F_HCC_15_NEG  Exp2R_CRR_10_NEG  Exp2R_CRR_7_NEG  Exp2R_HCC_19_NEG  
center sample:  Exp2R_CRR_24_NEG 
Processing: Exp2F_HCC_15_NEG  Exp2R_CRR_10_NEG  Exp2R_CRR_7_NEG  Exp2R_HCC_19_NEG  
center sample:  Exp2R_CRR_24_NEG 
Processing: Exp2F_HCC_15_NEG  Exp2R_CRR_10_NEG  Exp2R_CRR_7_NEG  Exp2R_HCC_19_NEG  
center sample:  Exp2R_CRR_24_NEG 
Processing: Exp2F_HCC_15_NEG  Exp2R_CRR_10_NEG  Exp2R_CRR_7_NEG  Exp2R_HCC_19_NEG  
center sample:  Exp2R_CRR_24_NEG 
Processing: Exp2F_HCC_15_NEG  Exp2R_CRR_10_NEG  Exp2R_CRR_7_NEG  Exp2R_HCC_19_NEG  
center sample:  Exp2R_CRR_24_NEG 
Processing: Exp2F_HCC_15_NEG  Exp2R_CRR_10_NEG  Exp2R_CRR_7_NEG  Exp2R_HCC_19_NEG  
center sample:  Exp2R_CRR_24_NEG 
Processing: Exp2F_HCC_15_NEG  Exp2R_CRR_10_NEG  Exp2R_CRR_7_NEG  Exp2R_HCC_19_NEG  
center sample:  Exp2R_CRR_24_NEG 
Processing: Exp2F_HCC_15_NEG  Exp2R_CRR_10_NEG  Exp2R_CRR_7_NEG  Exp2R_HCC_19_NEG  
center sample:  Exp2R_CRR_24_NEG 
Processing: Exp2F_HCC_15_NEG  Exp2R_CRR_10_NEG  Exp2R_CRR_7_NEG  Exp2R_HCC_19_NEG  
center sample:  Exp2R_CRR_24_NEG 
Processing: Exp2F_HCC_15_NEG  Exp2R_CRR_10_NEG  Exp2R_CRR_7_NEG  Exp2R_HCC_19_NEG  
center sample:  Exp2R_CRR_24_NEG 
Processing: Exp2F_HCC_15_NEG  Exp2R_CRR_10_NEG  Exp2R_CRR_7_NEG  Exp2R_HCC_19_NEG  
center sample:  Exp2R_CRR_24_NEG 
Processing: Exp2F_HCC_15_NEG  Exp2R_CRR_10_NEG  Exp2R_CRR_7_NEG  Exp2R_HCC_19_NEG  
center sample:  Exp2R_CRR_24_NEG 
Processing: Exp2F_HCC_15_NEG  Exp2R_CRR_10_NEG  Exp2R_CRR_7_NEG  Exp2R_HCC_19_NEG  
center sample:  Exp2R_CRR_24_NEG 
Processing: Exp2F_HCC_15_NEG  Exp2R_CRR_10_NEG  Exp2R_CRR_7_NEG  Exp2R_HCC_19_NEG  
center sample:  Exp2R_CRR_24_NEG 
Processing: Exp2F_HCC_15_NEG  Exp2R_CRR_10_NEG  Exp2R_CRR_7_NEG  Exp2R_HCC_19_NEG  
center sample:  Exp2R_CRR_24_NEG 
Processing: Exp2F_HCC_15_NEG  Exp2R_CRR_10_NEG  Exp2R_CRR_7_NEG  Exp2R_HCC_19_NEG  
center sample:  Exp2R_CRR_24_NEG 
Processing: Exp2F_HCC_15_NEG  Exp2R_CRR_10_NEG  Exp2R_CRR_7_NEG  Exp2R_HCC_19_NEG  
center sample:  Exp2R_CRR_24_NEG 
Processing: Exp2F_HCC_15_NEG  Exp2R_CRR_10_NEG  Exp2R_CRR_7_NEG  Exp2R_HCC_19_NEG  
center sample:  Exp2R_CRR_24_NEG 
Processing: Exp2F_HCC_15_NEG  Exp2R_CRR_10_NEG  Exp2R_CRR_7_NEG  Exp2R_HCC_19_NEG  
center sample:  Exp2R_CRR_24_NEG 
Processing: Exp2F_HCC_15_NEG  Exp2R_CRR_10_NEG  Exp2R_CRR_7_NEG  Exp2R_HCC_19_NEG  
center sample:  Exp2R_CRR_24_NEG 
Processing: Exp2F_HCC_15_NEG  Exp2R_CRR_10_NEG  Exp2R_CRR_7_NEG  Exp2R_HCC_19_NEG  
center sample:  Exp2R_CRR_24_NEG 
Processing: Exp2F_HCC_15_NEG  Exp2R_CRR_10_NEG  Exp2R_CRR_7_NEG  Exp2R_HCC_19_NEG  
center sample:  Exp2R_CRR_24_NEG 
Processing: Exp2F_HCC_15_NEG  Exp2R_CRR_10_NEG  Exp2R_CRR_7_NEG  Exp2R_HCC_19_NEG  
center sample:  Exp2R_CRR_24_NEG 
Processing: Exp2F_HCC_15_NEG  Exp2R_CRR_10_NEG  Exp2R_CRR_7_NEG  Exp2R_HCC_19_NEG  
center sample:  Exp2R_CRR_24_NEG 
Processing: Exp2F_HCC_15_NEG  Exp2R_CRR_10_NEG  Exp2R_CRR_7_NEG  Exp2R_HCC_19_NEG  
center sample:  Exp2R_CRR_24_NEG 
Processing: Exp2F_HCC_15_NEG  Exp2R_CRR_10_NEG  Exp2R_CRR_7_NEG  Exp2R_HCC_19_NEG  
.. OK
Create profile matrix with method 'bin' and step 1 ... OK
Create profile matrix with method 'bin' and step 1 ... OK
Create profile matrix with method 'bin' and step 1 ... OK
Create profile matrix with method 'bin' and step 1 ... OK
Processing 43579 mz slices ... OK
Create profile matrix with method 'bin' and step 1 ... OK
Create profile matrix with method 'bin' and step 1 ... OK
Create profile matrix with method 'bin' and step 1 ... OK
Create profile matrix with method 'bin' and step 1 ... OK
Create profile matrix with method 'bin' and step 1 ... OK
Processing 43579 mz slices ... OK
Create profile matrix with method 'bin' and step 0.7 ... OK
Create profile matrix with method 'bin' and step 0.7 ... OK
Create profile matrix with method 'bin' and step 0.7 ... OK
Create profile matrix with method 'bin' and step 0.7 ... OK
Create profile matrix with method 'bin' and step 0.7 ... OK
Create profile matrix with method 'bin' and step 0.7 ... OK
Create profile matrix with method 'bin' and step 0.7 ... OK
Create profile matrix with method 'bin' and step 0.7 ... OK
Processing 43579 mz slices ... OK
Create profile matrix with method 'bin' and step 0.7 ... OK
Create profile matrix with method 'bin' and step 0.7 ... OK
Create profile matrix with method 'bin' and step 0.7 ... OK
Create profile matrix with method 'bin' and step 0.7 ... OK
Create profile matrix with method 'bin' and step 0.7 ... OK
Create profile matrix with method 'bin' and step 0.7 ... OK
Create profile matrix with method 'bin' and step 0.7 ... OK
Create profile matrix with method 'bin' and step 0.7 ... OK
Processing 43579 mz slices ... OK
Create profile matrix with method 'bin' and step 0.7 ... OK
Create profile matrix with method 'bin' and step 0.7 ... OK
Create profile matrix with method 'bin' and step 0.7 ... OK
Create profile matrix with method 'bin' and step 0.7 ... OK
Create profile matrix with method 'bin' and step 0.7 ... OK
Create profile matrix with method 'bin' and step 0.7 ... OK
Create profile matrix with method 'bin' and step 0.7 ... OK
Create profile matrix with method 'bin' and step 0.7 ... OK
Processing 43579 mz slices ... OK
Create profile matrix with method 'bin' and step 0.7 ... OK
Create profile matrix with method 'bin' and step 0.7 ... OK
Create profile matrix with method 'bin' and step 0.7 ... OK
Create profile matrix with method 'bin' and step 0.7 ... OK
Create profile matrix with method 'bin' and step 0.7 ... OK
Create profile matrix with method 'bin' and step 0.7 ... OK
Create profile matrix with method 'bin' and step 0.7 ... OK
Create profile matrix with method 'bin' and step 0.7 ... OK
Processing 43579 mz slices ... OK
Create profile matrix with method 'bin' and step 1 ... OK
Create profile matrix with method 'bin' and step 1 ... OK
Create profile matrix with method 'bin' and step 1 ... OK
Create profile matrix with method 'bin' and step 1 ... OK
Create profile matrix with method 'bin' and step 1 ... OK
Processing 43579 mz slices ... OK
Create profile matrix with method 'bin' and step 1 ... OK
Create profile matrix with method 'bin' and step 1 ... OK
Create profile matrix with method 'bin' and step 1 ... OK
Create profile matrix with method 'bin' and step 1 ... OK
Create profile matrix with method 'bin' and step 1 ... OK
Processing 43579 mz slices ... OK
Create profile matrix with method 'bin' and step 1 ... OK
Create profile matrix with method 'bin' and step 1 ... OK
Create profile matrix with method 'bin' and step 1 ... OK
Create profile matrix with method 'bin' and step 1 ... OK
Create profile matrix with method 'bin' and step 1 ... OK
Processing 43579 mz slices ... OK
Create profile matrix with method 'bin' and step 1 ... OK
Create profile matrix with method 'bin' and step 1 ... OK
Create profile matrix with method 'bin' and step 1 ... OK
Create profile matrix with method 'bin' and step 1 ... OK
Create profile matrix with method 'bin' and step 1 ... OK
Processing 43579 mz slices ... OK
Create profile matrix with method 'bin' and step 0.85 ... OK
Create profile matrix with method 'bin' and step 0.85 ... OK
Create profile matrix with method 'bin' and step 0.85 ... OK
Create profile matrix with method 'bin' and step 0.85 ... OK
Create profile matrix with method 'bin' and step 0.85 ... OK
Create profile matrix with method 'bin' and step 0.85 ... OK
Create profile matrix with method 'bin' and step 0.85 ... OK
Create profile matrix with method 'bin' and step 0.85 ... OK
Processing 61010 mz slices ... OK
Create profile matrix with method 'bin' and step 0.85 ... OK
Create profile matrix with method 'bin' and step 0.85 ... OK
Create profile matrix with method 'bin' and step 0.85 ... OK
Create profile matrix with method 'bin' and step 0.85 ... OK
Create profile matrix with method 'bin' and step 0.85 ... OK
Create profile matrix with method 'bin' and step 0.85 ... OK
Create profile matrix with method 'bin' and step 0.85 ... OK
Create profile matrix with method 'bin' and step 0.85 ... OK
Processing 61010 mz slices ... OK
Create profile matrix with method 'bin' and step 0.85 ... OK
Create profile matrix with method 'bin' and step 0.85 ... OK
Create profile matrix with method 'bin' and step 0.85 ... OK
Create profile matrix with method 'bin' and step 0.85 ... OK
Create profile matrix with method 'bin' and step 0.85 ... OK
Create profile matrix with method 'bin' and step 0.85 ... OK
Create profile matrix with method 'bin' and step 0.85 ... OK
Create profile matrix with method 'bin' and step 0.85 ... OK
Processing 61010 mz slices ... OK
Create profile matrix with method 'bin' and step 0.85 ... OK
Create profile matrix with method 'bin' and step 0.85 ... OK
Create profile matrix with method 'bin' and step 0.85 ... OK
Create profile matrix with method 'bin' and step 0.85 ... OK
Create profile matrix with method 'bin' and step 0.85 ... OK
Create profile matrix with method 'bin' and step 0.85 ... OK
Create profile matrix with method 'bin' and step 0.85 ... OK
Create profile matrix with method 'bin' and step 0.85 ... OK
Processing 61010 mz slices ... OK
Create profile matrix with method 'bin' and step 0.85 ... OK
Create profile matrix with method 'bin' and step 0.85 ... OK
Create profile matrix with method 'bin' and step 0.85 ... OK
Create profile matrix with method 'bin' and step 0.85 ... OK
Create profile matrix with method 'bin' and step 0.85 ... OK
Create profile matrix with method 'bin' and step 0.85 ... OK
Create profile matrix with method 'bin' and step 0.85 ... OK
Create profile matrix with method 'bin' and step 0.85 ... OK
Processing 61010 mz slices ... OK
Create profile matrix with method 'bin' and step 0.7 ... OK
Create profile matrix with method 'bin' and step 0.7 ... OK
Create profile matrix with method 'bin' and step 0.7 ... OK
Create profile matrix with method 'bin' and step 0.7 ... OK
Create profile matrix with method 'bin' and step 0.7 ... OK
Create profile matrix with method 'bin' and step 0.7 ... OK
Create profile matrix with method 'bin' and step 0.7 ... OK
Create profile matrix with method 'bin' and step 0.7 ... OK
Processing 61010 mz slices ... OK
Create profile matrix with method 'bin' and step 1 ... OK
Create profile matrix with method 'bin' and step 1 ... OK
Create profile matrix with method 'bin' and step 1 ... OK
Create profile matrix with method 'bin' and step 1 ... OK
Create profile matrix with method 'bin' and step 1 ... OK
Processing 61010 mz slices ... OK
Create profile matrix with method 'bin' and step 0.85 ... OK
Create profile matrix with method 'bin' and step 0.85 ... OK
Create profile matrix with method 'bin' and step 0.85 ... OK
Create profile matrix with method 'bin' and step 0.85 ... OK
Create profile matrix with method 'bin' and step 0.85 ... OK
Create profile matrix with method 'bin' and step 0.85 ... OK
Create profile matrix with method 'bin' and step 0.85 ... OK
Create profile matrix with method 'bin' and step 0.85 ... OK
Processing 61010 mz slices ... OK
Create profile matrix with method 'bin' and step 0.85 ... OK
Create profile matrix with method 'bin' and step 0.85 ... OK
Create profile matrix with method 'bin' and step 0.85 ... OK
Create profile matrix with method 'bin' and step 0.85 ... OK
Create profile matrix with method 'bin' and step 0.85 ... OK
Create profile matrix with method 'bin' and step 0.85 ... OK
Create profile matrix with method 'bin' and step 0.85 ... OK
Create profile matrix with method 'bin' and step 0.85 ... OK
Processing 61010 mz slices ... OK
Create profile matrix with method 'bin' and step 0.85 ... OK
Create profile matrix with method 'bin' and step 0.85 ... OK
Create profile matrix with method 'bin' and step 0.85 ... OK
Create profile matrix with method 'bin' and step 0.85 ... OK
Create profile matrix with method 'bin' and step 0.85 ... OK
Create profile matrix with method 'bin' and step 0.85 ... OK
Create profile matrix with method 'bin' and step 0.85 ... OK
Create profile matrix with method 'bin' and step 0.85 ... OK
Processing 101682 mz slices ... OK
Create profile matrix with method 'bin' and step 0.85 ... OK
Create profile matrix with method 'bin' and step 0.85 ... OK
Create profile matrix with method 'bin' and step 0.85 ... OK
Create profile matrix with method 'bin' and step 0.85 ... OK
Create profile matrix with method 'bin' and step 0.85 ... OK
Create profile matrix with method 'bin' and step 0.85 ... OK
Create profile matrix with method 'bin' and step 0.85 ... OK
Create profile matrix with method 'bin' and step 0.85 ... OK
Processing 43579 mz slices ... OK
Create profile matrix with method 'bin' and step 0.85 ... OK
Create profile matrix with method 'bin' and step 0.85 ... OK
Create profile matrix with method 'bin' and step 0.85 ... OK
Create profile matrix with method 'bin' and step 0.85 ... OK
Create profile matrix with method 'bin' and step 0.85 ... OK
Create profile matrix with method 'bin' and step 0.85 ... OK
Create profile matrix with method 'bin' and step 0.85 ... OK
Create profile matrix with method 'bin' and step 0.85 ... OK
Processing 61010 mz slices ... OK
Create profile matrix with method 'bin' and step 0.775 ... OK
Create profile matrix with method 'bin' and step 0.775 ... OK
Create profile matrix with method 'bin' and step 0.775 ... OK
Create profile matrix with method 'bin' and step 0.775 ... OK
Create profile matrix with method 'bin' and step 0.775 ... OK
Create profile matrix with method 'bin' and step 0.775 ... OK
Create profile matrix with method 'bin' and step 0.775 ... OK
Create profile matrix with method 'bin' and step 0.775 ... OK
Processing 43579 mz slices ... OK



starting new DoE with:

gapInit: c(0.12, 0.52)
gapExtend: c(2.16, 2.64)
profStep: c(0.625, 0.925)
bw: c(23.6, 36.4)
mzwid: c(0.023, 0.047)
distFunc: cor_opt
plottype: none
response: 1
factorDiag: 2
factorGap: 1
localAlignment: 0
retcorMethod: obiwarp
minfrac: 0.05
minsamp: 1
max: 50
center: 5

Create profile matrix with method 'bin' and step 0.625 ... OK
Create profile matrix with method 'bin' and step 0.625 ... OK
Create profile matrix with method 'bin' and step 0.625 ... OK
Create profile matrix with method 'bin' and step 0.625 ... OK
Create profile matrix with method 'bin' and step 0.625 ... OK
Processing 66315 mz slices ... OK
Create profile matrix with method 'bin' and step 0.625 ... OK
Create profile matrix with method 'bin' and step 0.625 ... OK
Create profile matrix with method 'bin' and step 0.625 ... OK
Create profile matrix with method 'bin' and step 0.625 ... OK
Create profile matrix with method 'bin' and step 0.625 ... OK
Processing 66315 mz slices ... OK
Create profile matrix with method 'bin' and step 0.625 ... OK
Create profile matrix with method 'bin' and step 0.625 ... OK
Create profile matrix with method 'bin' and step 0.625 ... OK
Create profile matrix with method 'bin' and step 0.625 ... OK
Create profile matrix with method 'bin' and step 0.625 ... OK
Processing 66315 mz slices ... OK
Create profile matrix with method 'bin' and step 0.625 ... OK
Create profile matrix with method 'bin' and step 0.625 ... OK
Create profile matrix with method 'bin' and step 0.625 ... OK
Create profile matrix with method 'bin' and step 0.625 ... OK
Create profile matrix with method 'bin' and step 0.625 ... OK
Processing 66315 mz slices ... OK
Create profile matrix with method 'bin' and step 0.925 ... OK
Create profile matrix with method 'bin' and step 0.925 ... OK
Create profile matrix with method 'bin' and step 0.925 ... OK
Create profile matrix with method 'bin' and step 0.925 ... OK
Create profile matrix with method 'bin' and step 0.925 ... OK
Create profile matrix with method 'bin' and step 0.925 ... OK
Create profile matrix with method 'bin' and step 0.925 ... OK
Create profile matrix with method 'bin' and step 0.925 ... OK
Processing 66315 mz slices ... OK
Create profile matrix with method 'bin' and step 0.925 ... OK
Create profile matrix with method 'bin' and step 0.925 ... OK
Create profile matrix with method 'bin' and step 0.925 ... OK
Create profile matrix with method 'bin' and step 0.925 ... OK
Create profile matrix with method 'bin' and step 0.925 ... OK
Create profile matrix with method 'bin' and step 0.925 ... OK
Create profile matrix with method 'bin' and step 0.925 ... OK
Create profile matrix with method 'bin' and step 0.925 ... OK
Processing 66315 mz slices ... OK
Create profile matrix with method 'bin' and step 0.925 ... OK
Create profile matrix with method 'bin' and step 0.925 ... OK
Create profile matrix with method 'bin' and step 0.925 ... OK
Create profile matrix with method 'bin' and step 0.925 ... OK
Create profile matrix with method 'bin' and step 0.925 ... OK
Create profile matrix with method 'bin' and step 0.925 ... OK
Create profile matrix with method 'bin' and step 0.925 ... OK
Create profile matrix with method 'bin' and step 0.925 ... OK
Processing 66315 mz slices ... OK
Create profile matrix with method 'bin' and step 0.925 ... OK
Create profile matrix with method 'bin' and step 0.925 ... OK
Create profile matrix with method 'bin' and step 0.925 ... OK
Create profile matrix with method 'bin' and step 0.925 ... OK
Create profile matrix with method 'bin' and step 0.925 ... OK
Create profile matrix with method 'bin' and step 0.925 ... OK
Create profile matrix with method 'bin' and step 0.925 ... OK
Create profile matrix with method 'bin' and step 0.925 ... OK
Processing 66315 mz slices ... OK
Create profile matrix with method 'bin' and step 0.625 ... OK
Create profile matrix with method 'bin' and step 0.625 ... OK
Create profile matrix with method 'bin' and step 0.625 ... OK
Create profile matrix with method 'bin' and step 0.625 ... OK
Create profile matrix with method 'bin' and step 0.625 ... OK
Processing 66315 mz slices ... OK
Create profile matrix with method 'bin' and step 0.625 ... OK
Create profile matrix with method 'bin' and step 0.625 ... OK
Create profile matrix with method 'bin' and step 0.625 ... OK
Create profile matrix with method 'bin' and step 0.625 ... OK
Create profile matrix with method 'bin' and step 0.625 ... OK
Processing 66315 mz slices ... OK
Create profile matrix with method 'bin' and step 0.625 ... OK
Create profile matrix with method 'bin' and step 0.625 ... OK
Create profile matrix with method 'bin' and step 0.625 ... OK
Create profile matrix with method 'bin' and step 0.625 ... OK
Create profile matrix with method 'bin' and step 0.625 ... OK
Processing 66315 mz slices ... OK
Create profile matrix with method 'bin' and step 0.625 ... OK
Create profile matrix with method 'bin' and step 0.625 ... OK
Create profile matrix with method 'bin' and step 0.625 ... OK
Create profile matrix with method 'bin' and step 0.625 ... OK
Create profile matrix with method 'bin' and step 0.625 ... OK
Processing 66315 mz slices ... OK
Create profile matrix with method 'bin' and step 0.925 ... OK
Create profile matrix with method 'bin' and step 0.925 ... OK
Create profile matrix with method 'bin' and step 0.925 ... OK
Create profile matrix with method 'bin' and step 0.925 ... OK
Create profile matrix with method 'bin' and step 0.925 ... OK
Create profile matrix with method 'bin' and step 0.925 ... OK
Create profile matrix with method 'bin' and step 0.925 ... OK
Create profile matrix with method 'bin' and step 0.925 ... OK
Processing 66315 mz slices ... OK
Create profile matrix with method 'bin' and step 0.925 ... OK
Create profile matrix with method 'bin' and step 0.925 ... OK
Create profile matrix with method 'bin' and step 0.925 ... OK
Create profile matrix with method 'bin' and step 0.925 ... OK
Create profile matrix with method 'bin' and step 0.925 ... OK
Create profile matrix with method 'bin' and step 0.925 ... OK
Create profile matrix with method 'bin' and step 0.925 ... OK
Create profile matrix with method 'bin' and step 0.925 ... OK
Processing 66315 mz slices ... OK
Create profile matrix with method 'bin' and step 0.925 ... OK
Create profile matrix with method 'bin' and step 0.925 ... OK
Create profile matrix with method 'bin' and step 0.925 ... OK
Create profile matrix with method 'bin' and step 0.925 ... OK
Create profile matrix with method 'bin' and step 0.925 ... OK
Create profile matrix with method 'bin' and step 0.925 ... OK
Create profile matrix with method 'bin' and step 0.925 ... OK
Create profile matrix with method 'bin' and step 0.925 ... OK
Processing 66315 mz slices ... OK
Create profile matrix with method 'bin' and step 0.925 ... OK
Create profile matrix with method 'bin' and step 0.925 ... OK
Create profile matrix with method 'bin' and step 0.925 ... OK
Create profile matrix with method 'bin' and step 0.925 ... OK
Create profile matrix with method 'bin' and step 0.925 ... OK
Create profile matrix with method 'bin' and step 0.925 ... OK
Create profile matrix with method 'bin' and step 0.925 ... OK
Create profile matrix with method 'bin' and step 0.925 ... OK
Processing 66315 mz slices ... OK
Create profile matrix with method 'bin' and step 0.625 ... OK
Create profile matrix with method 'bin' and step 0.625 ... OK
Create profile matrix with method 'bin' and step 0.625 ... OK
Create profile matrix with method 'bin' and step 0.625 ... OK
Create profile matrix with method 'bin' and step 0.625 ... OK
Processing 32453 mz slices ... OK
Create profile matrix with method 'bin' and step 0.625 ... OK
Create profile matrix with method 'bin' and step 0.625 ... OK
Create profile matrix with method 'bin' and step 0.625 ... OK
Create profile matrix with method 'bin' and step 0.625 ... OK
Create profile matrix with method 'bin' and step 0.625 ... OK
Processing 32453 mz slices ... OK
Create profile matrix with method 'bin' and step 0.625 ... OK
Create profile matrix with method 'bin' and step 0.625 ... OK
Create profile matrix with method 'bin' and step 0.625 ... OK
Create profile matrix with method 'bin' and step 0.625 ... OK
Create profile matrix with method 'bin' and step 0.625 ... OK
Processing 32453 mz slices ... OK
Create profile matrix with method 'bin' and step 0.625 ... OK
Create profile matrix with method 'bin' and step 0.625 ... OK
Create profile matrix with method 'bin' and step 0.625 ... OK
Create profile matrix with method 'bin' and step 0.625 ... OK
Create profile matrix with method 'bin' and step 0.625 ... OK
Processing 32453 mz slices ... OK
Create profile matrix with method 'bin' and step 0.925 ... OK
Create profile matrix with method 'bin' and step 0.925 ... OK
Create profile matrix with method 'bin' and step 0.925 ... OK
Create profile matrix with method 'bin' and step 0.925 ... OK
Create profile matrix with method 'bin' and step 0.925 ... OK
Create profile matrix with method 'bin' and step 0.925 ... OK
Create profile matrix with method 'bin' and step 0.925 ... OK
Create profile matrix with method 'bin' and step 0.925 ... OK
Processing 32453 mz slices ... OK
Create profile matrix with method 'bin' and step 0.925 ... OK
Create profile matrix with method 'bin' and step 0.925 ... OK
Create profile matrix with method 'bin' and step 0.925 ... OK
Create profile matrix with method 'bin' and step 0.925 ... OK
Create profile matrix with method 'bin' and step 0.925 ... OK
Create profile matrix with method 'bin' and step 0.925 ... OK
Create profile matrix with method 'bin' and step 0.925 ... OK
Create profile matrix with method 'bin' and step 0.925 ... OK
Processing 32453 mz slices ... OK
Create profile matrix with method 'bin' and step 0.925 ... OK
Create profile matrix with method 'bin' and step 0.925 ... OK
Create profile matrix with method 'bin' and step 0.925 ... OK
Create profile matrix with method 'bin' and step 0.925 ... OK
Create profile matrix with method 'bin' and step 0.925 ... OK
Create profile matrix with method 'bin' and step 0.925 ... OK
Create profile matrix with method 'bin' and step 0.925 ... OK
Create profile matrix with method 'bin' and step 0.925 ... OK
Processing 32453 mz slices ... OK
Create profile matrix with method 'bin' and step 0.925 ... OK
Create profile matrix with method 'bin' and step 0.925 ... OK
Create profile matrix with method 'bin' and step 0.925 ... OK
Create profile matrix with method 'bin' and step 0.925 ... OK
Create profile matrix with method 'bin' and step 0.925 ... OK
Create profile matrix with method 'bin' and step 0.925 ... OK
Create profile matrix with method 'bin' and step 0.925 ... OK
Create profile matrix with method 'bin' and step 0.925 ... OK
Processing 32453 mz slices ... OK
Create profile matrix with method 'bin' and step 0.625 ... OK
Create profile matrix with method 'bin' and step 0.625 ... OK
Create profile matrix with method 'bin' and step 0.625 ... OK
Create profile matrix with method 'bin' and step 0.625 ... OK
Create profile matrix with method 'bin' and step 0.625 ... OK
Processing 32453 mz slices ... OK
Create profile matrix with method 'bin' and step 0.625 ... OK
Create profile matrix with method 'bin' and step 0.625 ... OK
Create profile matrix with method 'bin' and step 0.625 ... OK
Create profile matrix with method 'bin' and step 0.625 ... OK
Create profile matrix with method 'bin' and step 0.625 ... OK
Processing 32453 mz slices ... OK
Create profile matrix with method 'bin' and step 0.625 ... OK
Create profile matrix with method 'bin' and step 0.625 ... OK
Create profile matrix with method 'bin' and step 0.625 ... OK
Create profile matrix with method 'bin' and step 0.625 ... OK
Create profile matrix with method 'bin' and step 0.625 ... OK
Processing 32453 mz slices ... OK
Create profile matrix with method 'bin' and step 0.625 ... OK
Create profile matrix with method 'bin' and step 0.625 ... OK
Create profile matrix with method 'bin' and step 0.625 ... OK
Create profile matrix with method 'bin' and step 0.625 ... OK
Create profile matrix with method 'bin' and step 0.625 ... OK
Processing 32453 mz slices ... OK
Create profile matrix with method 'bin' and step 0.925 ... OK
Create profile matrix with method 'bin' and step 0.925 ... OK
Create profile matrix with method 'bin' and step 0.925 ... OK
Create profile matrix with method 'bin' and step 0.925 ... OK
Create profile matrix with method 'bin' and step 0.925 ... OK
Create profile matrix with method 'bin' and step 0.925 ... OK
Create profile matrix with method 'bin' and step 0.925 ... OK
Create profile matrix with method 'bin' and step 0.925 ... OK
Processing 32453 mz slices ... OK
Create profile matrix with method 'bin' and step 0.925 ... OK
Create profile matrix with method 'bin' and step 0.925 ... OK
Create profile matrix with method 'bin' and step 0.925 ... OK
Create profile matrix with method 'bin' and step 0.925 ... OK
Create profile matrix with method 'bin' and step 0.925 ... OK
Create profile matrix with method 'bin' and step 0.925 ... OK
Create profile matrix with method 'bin' and step 0.925 ... OK
Create profile matrix with method 'bin' and step 0.925 ... OK
Processing 32453 mz slices ... OK
Create profile matrix with method 'bin' and step 0.925 ... OK
Create profile matrix with method 'bin' and step 0.925 ... OK
Create profile matrix with method 'bin' and step 0.925 ... OK
Create profile matrix with method 'bin' and step 0.925 ... OK
Create profile matrix with method 'bin' and step 0.925 ... OK
Create profile matrix with method 'bin' and step 0.925 ... OK
Create profile matrix with method 'bin' and step 0.925 ... OK
Create profile matrix with method 'bin' and step 0.925 ... OK
Processing 32453 mz slices ... OK
Create profile matrix with method 'bin' and step 0.925 ... OK
Create profile matrix with method 'bin' and step 0.925 ... OK
Create profile matrix with method 'bin' and step 0.925 ... OK
Create profile matrix with method 'bin' and step 0.925 ... OK
Create profile matrix with method 'bin' and step 0.925 ... OK
Create profile matrix with method 'bin' and step 0.925 ... OK
Create profile matrix with method 'bin' and step 0.925 ... OK
Create profile matrix with method 'bin' and step 0.925 ... OK
Processing 32453 mz slices ... OK
Create profile matrix with method 'bin' and step 0.775 ... OK
Create profile matrix with method 'bin' and step 0.775 ... OK
Create profile matrix with method 'bin' and step 0.775 ... OK
Create profile matrix with method 'bin' and step 0.775 ... OK
Create profile matrix with method 'bin' and step 0.775 ... OK
Create profile matrix with method 'bin' and step 0.775 ... OK
Create profile matrix with method 'bin' and step 0.775 ... OK
Create profile matrix with method 'bin' and step 0.775 ... OK
Processing 43579 mz slices ... OK
Create profile matrix with method 'bin' and step 0.775 ... OK
Create profile matrix with method 'bin' and step 0.775 ... OK
Create profile matrix with method 'bin' and step 0.775 ... OK
Create profile matrix with method 'bin' and step 0.775 ... OK
Create profile matrix with method 'bin' and step 0.775 ... OK
Create profile matrix with method 'bin' and step 0.775 ... OK
Create profile matrix with method 'bin' and step 0.775 ... OK
Create profile matrix with method 'bin' and step 0.775 ... OK
Processing 43579 mz slices ... OK
Create profile matrix with method 'bin' and step 0.775 ... OK
Create profile matrix with method 'bin' and step 0.775 ... OK
Create profile matrix with method 'bin' and step 0.775 ... OK
Create profile matrix with method 'bin' and step 0.775 ... OK
Create profile matrix with method 'bin' and step 0.775 ... OK
Create profile matrix with method 'bin' and step 0.775 ... OK
Create profile matrix with method 'bin' and step 0.775 ... OK
Create profile matrix with method 'bin' and step 0.775 ... OK
Processing 43579 mz slices ... OK
Create profile matrix with method 'bin' and step 0.775 ... OK
Create profile matrix with method 'bin' and step 0.775 ... OK
Create profile matrix with method 'bin' and step 0.775 ... OK
Create profile matrix with method 'bin' and step 0.775 ... OK
Create profile matrix with method 'bin' and step 0.775 ... OK
Create profile matrix with method 'bin' and step 0.775 ... OK
Create profile matrix with method 'bin' and step 0.775 ... OK
Create profile matrix with method 'bin' and step 0.775 ... OK
Processing 43579 mz slices ... OK
Create profile matrix with method 'bin' and step 0.775 ... OK
Create profile matrix with method 'bin' and step 0.775 ... OK
Create profile matrix with method 'bin' and step 0.775 ... OK
Create profile matrix with method 'bin' and step 0.775 ... OK
Create profile matrix with method 'bin' and step 0.775 ... OK
Create profile matrix with method 'bin' and step 0.775 ... OK
Create profile matrix with method 'bin' and step 0.775 ... OK
Create profile matrix with method 'bin' and step 0.775 ... OK
Processing 43579 mz slices ... OK
Create profile matrix with method 'bin' and step 0.625 ... OK
Create profile matrix with method 'bin' and step 0.625 ... OK
Create profile matrix with method 'bin' and step 0.625 ... OK
Create profile matrix with method 'bin' and step 0.625 ... OK
Create profile matrix with method 'bin' and step 0.625 ... OK
Processing 43579 mz slices ... OK
Create profile matrix with method 'bin' and step 0.925 ... OK
Create profile matrix with method 'bin' and step 0.925 ... OK
Create profile matrix with method 'bin' and step 0.925 ... OK
Create profile matrix with method 'bin' and step 0.925 ... OK
Create profile matrix with method 'bin' and step 0.925 ... OK
Create profile matrix with method 'bin' and step 0.925 ... OK
Create profile matrix with method 'bin' and step 0.925 ... OK
Create profile matrix with method 'bin' and step 0.925 ... OK
Processing 43579 mz slices ... OK
Create profile matrix with method 'bin' and step 0.775 ... OK
Create profile matrix with method 'bin' and step 0.775 ... OK
Create profile matrix with method 'bin' and step 0.775 ... OK
Create profile matrix with method 'bin' and step 0.775 ... OK
Create profile matrix with method 'bin' and step 0.775 ... OK
Create profile matrix with method 'bin' and step 0.775 ... OK
Create profile matrix with method 'bin' and step 0.775 ... OK
Create profile matrix with method 'bin' and step 0.775 ... OK
Processing 43579 mz slices ... OK
Create profile matrix with method 'bin' and step 0.775 ... OK
Create profile matrix with method 'bin' and step 0.775 ... OK
Create profile matrix with method 'bin' and step 0.775 ... OK
Create profile matrix with method 'bin' and step 0.775 ... OK
Create profile matrix with method 'bin' and step 0.775 ... OK
Create profile matrix with method 'bin' and step 0.775 ... OK
Create profile matrix with method 'bin' and step 0.775 ... OK
Create profile matrix with method 'bin' and step 0.775 ... OK
Processing 43579 mz slices ... OK
Create profile matrix with method 'bin' and step 0.775 ... OK
Create profile matrix with method 'bin' and step 0.775 ... OK
Create profile matrix with method 'bin' and step 0.775 ... OK
Create profile matrix with method 'bin' and step 0.775 ... OK
Create profile matrix with method 'bin' and step 0.775 ... OK
Create profile matrix with method 'bin' and step 0.775 ... OK
Create profile matrix with method 'bin' and step 0.775 ... OK
Create profile matrix with method 'bin' and step 0.775 ... OK
Processing 66315 mz slices ... OK
Create profile matrix with method 'bin' and step 0.775 ... OK
Create profile matrix with method 'bin' and step 0.775 ... OK
Create profile matrix with method 'bin' and step 0.775 ... OK
Create profile matrix with method 'bin' and step 0.775 ... OK
Create profile matrix with method 'bin' and step 0.775 ... OK
Create profile matrix with method 'bin' and step 0.775 ... OK
Create profile matrix with method 'bin' and step 0.775 ... OK
Create profile matrix with method 'bin' and step 0.775 ... OK
Processing 32453 mz slices ... OK
Create profile matrix with method 'bin' and step 0.775 ... OK
Create profile matrix with method 'bin' and step 0.775 ... OK
Create profile matrix with method 'bin' and step 0.775 ... OK
Create profile matrix with method 'bin' and step 0.775 ... OK
Create profile matrix with method 'bin' and step 0.775 ... OK
Create profile matrix with method 'bin' and step 0.775 ... OK
Create profile matrix with method 'bin' and step 0.775 ... OK
Create profile matrix with method 'bin' and step 0.775 ... OK
Processing 43579 mz slices ... OK
Create profile matrix with method 'bin' and step 0.925 ... OK
Create profile matrix with method 'bin' and step 0.925 ... OK
Create profile matrix with method 'bin' and step 0.925 ... OK
Create profile matrix with method 'bin' and step 0.925 ... OK
Create profile matrix with method 'bin' and step 0.925 ... OK
Create profile matrix with method 'bin' and step 0.925 ... OK
Create profile matrix with method 'bin' and step 0.925 ... OK
Create profile matrix with method 'bin' and step 0.925 ... OK
Processing 66315 mz slices ... OK
no increase stopping
library(xcms)
library(Rmpi)

xset <- xcmsSet( 
  method = "centWave",
  peakwidth       = c(3, 20),
  ppm             = 26,
  noise           = 500,
  snthresh        = 10,
  mzdiff          = 0.01,
  prefilter       = c(3, 500),
  mzCenterFun     = "wMean",
  integrate       = 2,
  fitgauss        = FALSE,
  verbose.columns = TRUE)
xset <- retcor( 
  xset,
  method         = "obiwarp",
  plottype       = "none",
  distFunc       = "cor_opt",
  profStep       = 0.775,
  center         = 5,
  response       = 1,
  gapInit        = 0.32,
  gapExtend      = 2.4,
  factorDiag     = 2,
  factorGap      = 1,
  localAlignment = 0)
xset <- group( 
  xset,
  method  = "density",
  bw      = 30,
  mzwid   = 0.035,
  minfrac = 0.05,
  minsamp = 1,
  max     = 50)

xset <- fillPeaks(xset)
Warning message:
In sink() : no sink to remove
