xsAnnotate contains no pseudospectra. Regroup all peaks into one!
Generating peak matrix!
Run isotope peak annotation
 % finished: 100  
Found isotopes: 2 
xsAnnotate contains no pseudospectra. Regroup all peaks into one!
Generating peak matrix!
Run isotope peak annotation
 % finished: 100  
Found isotopes: 0 
xsAnnotate contains no pseudospectra. Regroup all peaks into one!
Generating peak matrix!
Run isotope peak annotation
 % finished: 100  
Found isotopes: 4 
xsAnnotate contains no pseudospectra. Regroup all peaks into one!
Generating peak matrix!
Run isotope peak annotation
 % finished: 100  
Found isotopes: 1 
xsAnnotate contains no pseudospectra. Regroup all peaks into one!
Generating peak matrix!
Run isotope peak annotation
 % finished: 100  
Found isotopes: 2 
xsAnnotate contains no pseudospectra. Regroup all peaks into one!
Generating peak matrix!
Run isotope peak annotation
 % finished: 100  
Found isotopes: 0 
xsAnnotate contains no pseudospectra. Regroup all peaks into one!
Generating peak matrix!
Run isotope peak annotation
 % finished: 100  
Found isotopes: 4 
xsAnnotate contains no pseudospectra. Regroup all peaks into one!
Generating peak matrix!
Run isotope peak annotation
 % finished: 100  
Found isotopes: 1 
xsAnnotate contains no pseudospectra. Regroup all peaks into one!
Generating peak matrix!
Run isotope peak annotation
 % finished: 100  
Found isotopes: 2 
xsAnnotate contains no pseudospectra. Regroup all peaks into one!
Generating peak matrix!
Run isotope peak annotation
 % finished: 100  
Found isotopes: 0 
xsAnnotate contains no pseudospectra. Regroup all peaks into one!
Generating peak matrix!
Run isotope peak annotation
 % finished: 100  
Found isotopes: 4 
xsAnnotate contains no pseudospectra. Regroup all peaks into one!
Generating peak matrix!
Run isotope peak annotation
 % finished: 100  
Found isotopes: 1 
xsAnnotate contains no pseudospectra. Regroup all peaks into one!
Generating peak matrix!
Run isotope peak annotation
 % finished: 100  
Found isotopes: 2 
xsAnnotate contains no pseudospectra. Regroup all peaks into one!
Generating peak matrix!
Run isotope peak annotation
 % finished: 100  
Found isotopes: 0 
xsAnnotate contains no pseudospectra. Regroup all peaks into one!
Generating peak matrix!
Run isotope peak annotation
 % finished: 100  
Found isotopes: 4 
xsAnnotate contains no pseudospectra. Regroup all peaks into one!
Generating peak matrix!
Run isotope peak annotation
 % finished: 100  
Found isotopes: 1 
xsAnnotate contains no pseudospectra. Regroup all peaks into one!
Generating peak matrix!
Run isotope peak annotation
 % finished: 100  
Found isotopes: 0 
xsAnnotate contains no pseudospectra. Regroup all peaks into one!
Generating peak matrix!
Run isotope peak annotation
 % finished: 100  
Found isotopes: 2 
xsAnnotate contains no pseudospectra. Regroup all peaks into one!
Generating peak matrix!
Run isotope peak annotation
 % finished: 100  
Found isotopes: 0 
xsAnnotate contains no pseudospectra. Regroup all peaks into one!
Generating peak matrix!
Run isotope peak annotation
 % finished: 100  
Found isotopes: 0 
xsAnnotate contains no pseudospectra. Regroup all peaks into one!
Generating peak matrix!
Run isotope peak annotation
 % finished: 100  
Found isotopes: 2 
xsAnnotate contains no pseudospectra. Regroup all peaks into one!
Generating peak matrix!
Run isotope peak annotation
 % finished: 100  
Found isotopes: 0 
xsAnnotate contains no pseudospectra. Regroup all peaks into one!
Generating peak matrix!
Run isotope peak annotation
 % finished: 100  
Found isotopes: 0 
xsAnnotate contains no pseudospectra. Regroup all peaks into one!
Generating peak matrix!
Run isotope peak annotation
 % finished: 100  
Found isotopes: 0 
xsAnnotate contains no pseudospectra. Regroup all peaks into one!
Generating peak matrix!
Run isotope peak annotation
 % finished: 100  
Found isotopes: 0 
xsAnnotate contains no pseudospectra. Regroup all peaks into one!
Generating peak matrix!
Run isotope peak annotation
 % finished: 100  
Found isotopes: 0 
xsAnnotate contains no pseudospectra. Regroup all peaks into one!
Generating peak matrix!
Run isotope peak annotation
 % finished: 100  
Found isotopes: 4 
xsAnnotate contains no pseudospectra. Regroup all peaks into one!
Generating peak matrix!
Run isotope peak annotation
 % finished: 100  
Found isotopes: 5 
xsAnnotate contains no pseudospectra. Regroup all peaks into one!
Generating peak matrix!
Run isotope peak annotation
 % finished: 100  
Found isotopes: 0 
xsAnnotate contains no pseudospectra. Regroup all peaks into one!
Generating peak matrix!
Run isotope peak annotation
 % finished: 100  
Found isotopes: 8 
xsAnnotate contains no pseudospectra. Regroup all peaks into one!
Generating peak matrix!
Run isotope peak annotation
 % finished: 100  
Found isotopes: 2 
xsAnnotate contains no pseudospectra. Regroup all peaks into one!
Generating peak matrix!
Run isotope peak annotation
 % finished: 100  
Found isotopes: 7 
xsAnnotate contains no pseudospectra. Regroup all peaks into one!
Generating peak matrix!
Run isotope peak annotation
 % finished: 100  
Found isotopes: 0 
xsAnnotate contains no pseudospectra. Regroup all peaks into one!
Generating peak matrix!
Run isotope peak annotation
 % finished: 100  
Found isotopes: 10 
xsAnnotate contains no pseudospectra. Regroup all peaks into one!
Generating peak matrix!
Run isotope peak annotation
 % finished: 100  
Found isotopes: 2 
xsAnnotate contains no pseudospectra. Regroup all peaks into one!
Generating peak matrix!
Run isotope peak annotation
 % finished: 100  
Found isotopes: 5 
xsAnnotate contains no pseudospectra. Regroup all peaks into one!
Generating peak matrix!
Run isotope peak annotation
 % finished: 100  
Found isotopes: 0 
xsAnnotate contains no pseudospectra. Regroup all peaks into one!
Generating peak matrix!
Run isotope peak annotation
 % finished: 100  
Found isotopes: 8 
xsAnnotate contains no pseudospectra. Regroup all peaks into one!
Generating peak matrix!
Run isotope peak annotation
 % finished: 100  
Found isotopes: 2 
xsAnnotate contains no pseudospectra. Regroup all peaks into one!
Generating peak matrix!
Run isotope peak annotation
 % finished: 100  
Found isotopes: 7 
xsAnnotate contains no pseudospectra. Regroup all peaks into one!
Generating peak matrix!
Run isotope peak annotation
 % finished: 100  
Found isotopes: 0 
xsAnnotate contains no pseudospectra. Regroup all peaks into one!
Generating peak matrix!
Run isotope peak annotation
 % finished: 100  
Found isotopes: 10 
xsAnnotate contains no pseudospectra. Regroup all peaks into one!
Generating peak matrix!
Run isotope peak annotation
 % finished: 100  
Found isotopes: 2 
xsAnnotate contains no pseudospectra. Regroup all peaks into one!
Generating peak matrix!
Run isotope peak annotation
 % finished: 100  
Found isotopes: 4 
xsAnnotate contains no pseudospectra. Regroup all peaks into one!
Generating peak matrix!
Run isotope peak annotation
 % finished: 100  
Found isotopes: 8 
xsAnnotate contains no pseudospectra. Regroup all peaks into one!
Generating peak matrix!
Run isotope peak annotation
 % finished: 100  
Found isotopes: 2 
xsAnnotate contains no pseudospectra. Regroup all peaks into one!
Generating peak matrix!
Run isotope peak annotation
 % finished: 100  
Found isotopes: 2 
xsAnnotate contains no pseudospectra. Regroup all peaks into one!
Generating peak matrix!
Run isotope peak annotation
 % finished: 100  
Found isotopes: 4 
xsAnnotate contains no pseudospectra. Regroup all peaks into one!
Generating peak matrix!
Run isotope peak annotation
 % finished: 100  
Found isotopes: 4 
xsAnnotate contains no pseudospectra. Regroup all peaks into one!
Generating peak matrix!
Run isotope peak annotation
 % finished: 100  
Found isotopes: 4 
xsAnnotate contains no pseudospectra. Regroup all peaks into one!
Generating peak matrix!
Run isotope peak annotation
 % finished: 100  
Found isotopes: 4 
xsAnnotate contains no pseudospectra. Regroup all peaks into one!
Generating peak matrix!
Run isotope peak annotation
 % finished: 100  
Found isotopes: 4 
xsAnnotate contains no pseudospectra. Regroup all peaks into one!
Generating peak matrix!
Run isotope peak annotation
 % finished: 100  
Found isotopes: 4 
xsAnnotate contains no pseudospectra. Regroup all peaks into one!
Generating peak matrix!
Run isotope peak annotation
 % finished: 100  
Found isotopes: 10 
xsAnnotate contains no pseudospectra. Regroup all peaks into one!
Generating peak matrix!
Run isotope peak annotation
 % finished: 100  
Found isotopes: 6 
xsAnnotate contains no pseudospectra. Regroup all peaks into one!
Generating peak matrix!
Run isotope peak annotation
 % finished: 100  
Found isotopes: 2 
xsAnnotate contains no pseudospectra. Regroup all peaks into one!
Generating peak matrix!
Run isotope peak annotation
 % finished: 100  
Found isotopes: 6 
xsAnnotate contains no pseudospectra. Regroup all peaks into one!
Generating peak matrix!
Run isotope peak annotation
 % finished: 100  
Found isotopes: 2 
xsAnnotate contains no pseudospectra. Regroup all peaks into one!
Generating peak matrix!
Run isotope peak annotation
 % finished: 100  
Found isotopes: 7 
xsAnnotate contains no pseudospectra. Regroup all peaks into one!
Generating peak matrix!
Run isotope peak annotation
 % finished: 100  
Found isotopes: 2 
xsAnnotate contains no pseudospectra. Regroup all peaks into one!
Generating peak matrix!
Run isotope peak annotation
 % finished: 100  
Found isotopes: 7 
xsAnnotate contains no pseudospectra. Regroup all peaks into one!
Generating peak matrix!
Run isotope peak annotation
 % finished: 100  
Found isotopes: 2 
xsAnnotate contains no pseudospectra. Regroup all peaks into one!
Generating peak matrix!
Run isotope peak annotation
 % finished: 100  
Found isotopes: 6 
xsAnnotate contains no pseudospectra. Regroup all peaks into one!
Generating peak matrix!
Run isotope peak annotation
 % finished: 100  
Found isotopes: 2 
xsAnnotate contains no pseudospectra. Regroup all peaks into one!
Generating peak matrix!
Run isotope peak annotation
 % finished: 100  
Found isotopes: 6 
xsAnnotate contains no pseudospectra. Regroup all peaks into one!
Generating peak matrix!
Run isotope peak annotation
 % finished: 100  
Found isotopes: 2 
xsAnnotate contains no pseudospectra. Regroup all peaks into one!
Generating peak matrix!
Run isotope peak annotation
 % finished: 100  
Found isotopes: 7 
xsAnnotate contains no pseudospectra. Regroup all peaks into one!
Generating peak matrix!
Run isotope peak annotation
 % finished: 100  
Found isotopes: 2 
xsAnnotate contains no pseudospectra. Regroup all peaks into one!
Generating peak matrix!
Run isotope peak annotation
 % finished: 100  
Found isotopes: 7 
xsAnnotate contains no pseudospectra. Regroup all peaks into one!
Generating peak matrix!
Run isotope peak annotation
 % finished: 100  
Found isotopes: 2 
xsAnnotate contains no pseudospectra. Regroup all peaks into one!
Generating peak matrix!
Run isotope peak annotation
 % finished: 100  
Found isotopes: 5 
xsAnnotate contains no pseudospectra. Regroup all peaks into one!
Generating peak matrix!
Run isotope peak annotation
 % finished: 100  
Found isotopes: 6 
xsAnnotate contains no pseudospectra. Regroup all peaks into one!
Generating peak matrix!
Run isotope peak annotation
 % finished: 100  
Found isotopes: 2 
xsAnnotate contains no pseudospectra. Regroup all peaks into one!
Generating peak matrix!
Run isotope peak annotation
 % finished: 100  
Found isotopes: 5 
xsAnnotate contains no pseudospectra. Regroup all peaks into one!
Generating peak matrix!
Run isotope peak annotation
 % finished: 100  
Found isotopes: 6 
xsAnnotate contains no pseudospectra. Regroup all peaks into one!
Generating peak matrix!
Run isotope peak annotation
 % finished: 100  
Found isotopes: 5 
xsAnnotate contains no pseudospectra. Regroup all peaks into one!
Generating peak matrix!
Run isotope peak annotation
 % finished: 100  
Found isotopes: 5 
xsAnnotate contains no pseudospectra. Regroup all peaks into one!
Generating peak matrix!
Run isotope peak annotation
 % finished: 100  
Found isotopes: 5 
xsAnnotate contains no pseudospectra. Regroup all peaks into one!
Generating peak matrix!
Run isotope peak annotation
 % finished: 100  
Found isotopes: 5 
xsAnnotate contains no pseudospectra. Regroup all peaks into one!
Generating peak matrix!
Run isotope peak annotation
 % finished: 100  
Found isotopes: 5 
xsAnnotate contains no pseudospectra. Regroup all peaks into one!
Generating peak matrix!
Run isotope peak annotation
 % finished: 100  
Found isotopes: 7 
center sample:  Exp2F_CRR_23_NEG 
Processing: Exp2R_CRR_22_NEG  Exp2F_CRR_11_NEG  Exp2F_HCC_6_NEG  Exp2R_HCC_9_NEG  
center sample:  Exp2F_CRR_23_NEG 
Processing: Exp2R_CRR_22_NEG  Exp2F_CRR_11_NEG  Exp2F_HCC_6_NEG  Exp2R_HCC_9_NEG  
center sample:  Exp2F_CRR_23_NEG 
Processing: Exp2R_CRR_22_NEG  Exp2F_CRR_11_NEG  Exp2F_HCC_6_NEG  Exp2R_HCC_9_NEG  
center sample:  Exp2F_CRR_23_NEG 
Processing: Exp2R_CRR_22_NEG  Exp2F_CRR_11_NEG  Exp2F_HCC_6_NEG  Exp2R_HCC_9_NEG  
center sample:  Exp2F_CRR_23_NEG 
Processing: Exp2R_CRR_22_NEG  Exp2F_CRR_11_NEG  Exp2F_HCC_6_NEG  Exp2R_HCC_9_NEG  
center sample:  Exp2F_CRR_23_NEG 
Processing: Exp2R_CRR_22_NEG  Exp2F_CRR_11_NEG  Exp2F_HCC_6_NEG  Exp2R_HCC_9_NEG  
center sample:  Exp2F_CRR_23_NEG 
Processing: Exp2R_CRR_22_NEG  Exp2F_CRR_11_NEG  Exp2F_HCC_6_NEG  Exp2R_HCC_9_NEG  
center sample:  Exp2F_CRR_23_NEG 
Processing: Exp2R_CRR_22_NEG  Exp2F_CRR_11_NEG  Exp2F_HCC_6_NEG  Exp2R_HCC_9_NEG  
center sample:  Exp2F_CRR_23_NEG 
Processing: Exp2R_CRR_22_NEG  Exp2F_CRR_11_NEG  Exp2F_HCC_6_NEG  Exp2R_HCC_9_NEG  
center sample:  Exp2F_CRR_23_NEG 
Processing: Exp2R_CRR_22_NEG  Exp2F_CRR_11_NEG  Exp2F_HCC_6_NEG  Exp2R_HCC_9_NEG  
center sample:  Exp2F_CRR_23_NEG 
Processing: Exp2R_CRR_22_NEG  Exp2F_CRR_11_NEG  Exp2F_HCC_6_NEG  Exp2R_HCC_9_NEG  
center sample:  Exp2F_CRR_23_NEG 
Processing: Exp2R_CRR_22_NEG  Exp2F_CRR_11_NEG  Exp2F_HCC_6_NEG  Exp2R_HCC_9_NEG  
center sample:  Exp2F_CRR_23_NEG 
Processing: Exp2R_CRR_22_NEG  Exp2F_CRR_11_NEG  Exp2F_HCC_6_NEG  Exp2R_HCC_9_NEG  
center sample:  Exp2F_CRR_23_NEG 
Processing: Exp2R_CRR_22_NEG  Exp2F_CRR_11_NEG  Exp2F_HCC_6_NEG  Exp2R_HCC_9_NEG  
center sample:  Exp2F_CRR_23_NEG 
Processing: Exp2R_CRR_22_NEG  Exp2F_CRR_11_NEG  Exp2F_HCC_6_NEG  Exp2R_HCC_9_NEG  
center sample:  Exp2F_CRR_23_NEG 
Processing: Exp2R_CRR_22_NEG  Exp2F_CRR_11_NEG  Exp2F_HCC_6_NEG  Exp2R_HCC_9_NEG  
center sample:  Exp2F_CRR_23_NEG 
Processing: Exp2R_CRR_22_NEG  Exp2F_CRR_11_NEG  Exp2F_HCC_6_NEG  Exp2R_HCC_9_NEG  
center sample:  Exp2F_CRR_23_NEG 
Processing: Exp2R_CRR_22_NEG  Exp2F_CRR_11_NEG  Exp2F_HCC_6_NEG  Exp2R_HCC_9_NEG  
center sample:  Exp2F_CRR_23_NEG 
Processing: Exp2R_CRR_22_NEG  Exp2F_CRR_11_NEG  Exp2F_HCC_6_NEG  Exp2R_HCC_9_NEG  
center sample:  Exp2F_CRR_23_NEG 
Processing: Exp2R_CRR_22_NEG  Exp2F_CRR_11_NEG  Exp2F_HCC_6_NEG  Exp2R_HCC_9_NEG  
center sample:  Exp2F_CRR_23_NEG 
Processing: Exp2R_CRR_22_NEG  Exp2F_CRR_11_NEG  Exp2F_HCC_6_NEG  Exp2R_HCC_9_NEG  
center sample:  Exp2F_CRR_23_NEG 
Processing: Exp2R_CRR_22_NEG  Exp2F_CRR_11_NEG  Exp2F_HCC_6_NEG  Exp2R_HCC_9_NEG  
center sample:  Exp2F_CRR_23_NEG 
Processing: Exp2R_CRR_22_NEG  Exp2F_CRR_11_NEG  Exp2F_HCC_6_NEG  Exp2R_HCC_9_NEG  
center sample:  Exp2F_CRR_23_NEG 
Processing: Exp2R_CRR_22_NEG  Exp2F_CRR_11_NEG  Exp2F_HCC_6_NEG  Exp2R_HCC_9_NEG  
center sample:  Exp2F_CRR_23_NEG 
Processing: Exp2R_CRR_22_NEG  Exp2F_CRR_11_NEG  Exp2F_HCC_6_NEG  Exp2R_HCC_9_NEG  
center sample:  Exp2F_CRR_23_NEG 
Processing: Exp2R_CRR_22_NEG  Exp2F_CRR_11_NEG  Exp2F_HCC_6_NEG  Exp2R_HCC_9_NEG  
center sample:  Exp2F_CRR_23_NEG 
Processing: Exp2R_CRR_22_NEG  Exp2F_CRR_11_NEG  Exp2F_HCC_6_NEG  Exp2R_HCC_9_NEG  
center sample:  Exp2F_CRR_23_NEG 
Processing: Exp2R_CRR_22_NEG  Exp2F_CRR_11_NEG  Exp2F_HCC_6_NEG  Exp2R_HCC_9_NEG  
center sample:  Exp2F_CRR_23_NEG 
Processing: Exp2R_CRR_22_NEG  Exp2F_CRR_11_NEG  Exp2F_HCC_6_NEG  Exp2R_HCC_9_NEG  
center sample:  Exp2F_CRR_23_NEG 
Processing: Exp2R_CRR_22_NEG  Exp2F_CRR_11_NEG  Exp2F_HCC_6_NEG  Exp2R_HCC_9_NEG  
center sample:  Exp2F_CRR_23_NEG 
Processing: Exp2R_CRR_22_NEG  Exp2F_CRR_11_NEG  Exp2F_HCC_6_NEG  Exp2R_HCC_9_NEG  
center sample:  Exp2F_CRR_23_NEG 
Processing: Exp2R_CRR_22_NEG  Exp2F_CRR_11_NEG  Exp2F_HCC_6_NEG  Exp2R_HCC_9_NEG  
center sample:  Exp2F_CRR_23_NEG 
Processing: Exp2R_CRR_22_NEG  Exp2F_CRR_11_NEG  Exp2F_HCC_6_NEG  Exp2R_HCC_9_NEG  
center sample:  Exp2F_CRR_23_NEG 
Processing: Exp2R_CRR_22_NEG  Exp2F_CRR_11_NEG  Exp2F_HCC_6_NEG  Exp2R_HCC_9_NEG  
center sample:  Exp2F_CRR_23_NEG 
Processing: Exp2R_CRR_22_NEG  Exp2F_CRR_11_NEG  Exp2F_HCC_6_NEG  Exp2R_HCC_9_NEG  
center sample:  Exp2F_CRR_23_NEG 
Processing: Exp2R_CRR_22_NEG  Exp2F_CRR_11_NEG  Exp2F_HCC_6_NEG  Exp2R_HCC_9_NEG  
center sample:  Exp2F_CRR_23_NEG 
Processing: Exp2R_CRR_22_NEG  Exp2F_CRR_11_NEG  Exp2F_HCC_6_NEG  Exp2R_HCC_9_NEG  
center sample:  Exp2F_CRR_23_NEG 
Processing: Exp2R_CRR_22_NEG  Exp2F_CRR_11_NEG  Exp2F_HCC_6_NEG  Exp2R_HCC_9_NEG  
center sample:  Exp2F_CRR_23_NEG 
Processing: Exp2R_CRR_22_NEG  Exp2F_CRR_11_NEG  Exp2F_HCC_6_NEG  Exp2R_HCC_9_NEG  
center sample:  Exp2F_CRR_23_NEG 
Processing: Exp2R_CRR_22_NEG  Exp2F_CRR_11_NEG  Exp2F_HCC_6_NEG  Exp2R_HCC_9_NEG  
center sample:  Exp2F_CRR_23_NEG 
Processing: Exp2R_CRR_22_NEG  Exp2F_CRR_11_NEG  Exp2F_HCC_6_NEG  Exp2R_HCC_9_NEG  
center sample:  Exp2F_CRR_23_NEG 
Processing: Exp2R_CRR_22_NEG  Exp2F_CRR_11_NEG  Exp2F_HCC_6_NEG  Exp2R_HCC_9_NEG  
center sample:  Exp2F_CRR_23_NEG 
Processing: Exp2R_CRR_22_NEG  Exp2F_CRR_11_NEG  Exp2F_HCC_6_NEG  Exp2R_HCC_9_NEG  
center sample:  Exp2F_CRR_23_NEG 
Processing: Exp2R_CRR_22_NEG  Exp2F_CRR_11_NEG  Exp2F_HCC_6_NEG  Exp2R_HCC_9_NEG  
center sample:  Exp2F_CRR_23_NEG 
Processing: Exp2R_CRR_22_NEG  Exp2F_CRR_11_NEG  Exp2F_HCC_6_NEG  Exp2R_HCC_9_NEG  
center sample:  Exp2F_CRR_23_NEG 
Processing: Exp2R_CRR_22_NEG  Exp2F_CRR_11_NEG  Exp2F_HCC_6_NEG  Exp2R_HCC_9_NEG  
center sample:  Exp2F_CRR_23_NEG 
Processing: Exp2R_CRR_22_NEG  Exp2F_CRR_11_NEG  Exp2F_HCC_6_NEG  Exp2R_HCC_9_NEG  
center sample:  Exp2F_CRR_23_NEG 
Processing: Exp2R_CRR_22_NEG  Exp2F_CRR_11_NEG  Exp2F_HCC_6_NEG  Exp2R_HCC_9_NEG  
center sample:  Exp2F_CRR_23_NEG 
Processing: Exp2R_CRR_22_NEG  Exp2F_CRR_11_NEG  Exp2F_HCC_6_NEG  Exp2R_HCC_9_NEG  
center sample:  Exp2F_CRR_23_NEG 
Processing: Exp2R_CRR_22_NEG  Exp2F_CRR_11_NEG  Exp2F_HCC_6_NEG  Exp2R_HCC_9_NEG  
center sample:  Exp2F_CRR_23_NEG 
Processing: Exp2R_CRR_22_NEG  Exp2F_CRR_11_NEG  Exp2F_HCC_6_NEG  Exp2R_HCC_9_NEG  
center sample:  Exp2F_CRR_23_NEG 
Processing: Exp2R_CRR_22_NEG  Exp2F_CRR_11_NEG  Exp2F_HCC_6_NEG  Exp2R_HCC_9_NEG  
center sample:  Exp2F_CRR_23_NEG 
Processing: Exp2R_CRR_22_NEG  Exp2F_CRR_11_NEG  Exp2F_HCC_6_NEG  Exp2R_HCC_9_NEG  
center sample:  Exp2F_CRR_23_NEG 
Processing: Exp2R_CRR_22_NEG  Exp2F_CRR_11_NEG  Exp2F_HCC_6_NEG  Exp2R_HCC_9_NEG  
center sample:  Exp2F_CRR_23_NEG 
Processing: Exp2R_CRR_22_NEG  Exp2F_CRR_11_NEG  Exp2F_HCC_6_NEG  Exp2R_HCC_9_NEG  
center sample:  Exp2F_CRR_23_NEG 
Processing: Exp2R_CRR_22_NEG  Exp2F_CRR_11_NEG  Exp2F_HCC_6_NEG  Exp2R_HCC_9_NEG  
center sample:  Exp2F_CRR_23_NEG 
Processing: Exp2R_CRR_22_NEG  Exp2F_CRR_11_NEG  Exp2F_HCC_6_NEG  Exp2R_HCC_9_NEG  
center sample:  Exp2F_CRR_23_NEG 
Processing: Exp2R_CRR_22_NEG  Exp2F_CRR_11_NEG  Exp2F_HCC_6_NEG  Exp2R_HCC_9_NEG  
center sample:  Exp2F_CRR_23_NEG 
Processing: Exp2R_CRR_22_NEG  Exp2F_CRR_11_NEG  Exp2F_HCC_6_NEG  Exp2R_HCC_9_NEG  
center sample:  Exp2F_CRR_23_NEG 
Processing: Exp2R_CRR_22_NEG  Exp2F_CRR_11_NEG  Exp2F_HCC_6_NEG  Exp2R_HCC_9_NEG  
center sample:  Exp2F_CRR_23_NEG 
Processing: Exp2R_CRR_22_NEG  Exp2F_CRR_11_NEG  Exp2F_HCC_6_NEG  Exp2R_HCC_9_NEG  
center sample:  Exp2F_CRR_23_NEG 
Processing: Exp2R_CRR_22_NEG  Exp2F_CRR_11_NEG  Exp2F_HCC_6_NEG  Exp2R_HCC_9_NEG  
center sample:  Exp2F_CRR_23_NEG 
Processing: Exp2R_CRR_22_NEG  Exp2F_CRR_11_NEG  Exp2F_HCC_6_NEG  Exp2R_HCC_9_NEG  
center sample:  Exp2F_CRR_23_NEG 
Processing: Exp2R_CRR_22_NEG  Exp2F_CRR_11_NEG  Exp2F_HCC_6_NEG  Exp2R_HCC_9_NEG  
center sample:  Exp2F_CRR_23_NEG 
Processing: Exp2R_CRR_22_NEG  Exp2F_CRR_11_NEG  Exp2F_HCC_6_NEG  Exp2R_HCC_9_NEG  
center sample:  Exp2F_CRR_23_NEG 
Processing: Exp2R_CRR_22_NEG  Exp2F_CRR_11_NEG  Exp2F_HCC_6_NEG  Exp2R_HCC_9_NEG  
center sample:  Exp2F_CRR_23_NEG 
Processing: Exp2R_CRR_22_NEG  Exp2F_CRR_11_NEG  Exp2F_HCC_6_NEG  Exp2R_HCC_9_NEG  
center sample:  Exp2F_CRR_23_NEG 
Processing: Exp2R_CRR_22_NEG  Exp2F_CRR_11_NEG  Exp2F_HCC_6_NEG  Exp2R_HCC_9_NEG  
center sample:  Exp2F_CRR_23_NEG 
Processing: Exp2R_CRR_22_NEG  Exp2F_CRR_11_NEG  Exp2F_HCC_6_NEG  Exp2R_HCC_9_NEG  
center sample:  Exp2F_CRR_23_NEG 
Processing: Exp2R_CRR_22_NEG  Exp2F_CRR_11_NEG  Exp2F_HCC_6_NEG  Exp2R_HCC_9_NEG  
center sample:  Exp2F_CRR_23_NEG 
Processing: Exp2R_CRR_22_NEG  Exp2F_CRR_11_NEG  Exp2F_HCC_6_NEG  Exp2R_HCC_9_NEG  
center sample:  Exp2F_CRR_23_NEG 
Processing: Exp2R_CRR_22_NEG  Exp2F_CRR_11_NEG  Exp2F_HCC_6_NEG  Exp2R_HCC_9_NEG  
center sample:  Exp2F_CRR_23_NEG 
Processing: Exp2R_CRR_22_NEG  Exp2F_CRR_11_NEG  Exp2F_HCC_6_NEG  Exp2R_HCC_9_NEG  
center sample:  Exp2F_CRR_23_NEG 
Processing: Exp2R_CRR_22_NEG  Exp2F_CRR_11_NEG  Exp2F_HCC_6_NEG  Exp2R_HCC_9_NEG  
center sample:  Exp2F_CRR_23_NEG 
Processing: Exp2R_CRR_22_NEG  Exp2F_CRR_11_NEG  Exp2F_HCC_6_NEG  Exp2R_HCC_9_NEG  
center sample:  Exp2F_CRR_23_NEG 
Processing: Exp2R_CRR_22_NEG  Exp2F_CRR_11_NEG  Exp2F_HCC_6_NEG  Exp2R_HCC_9_NEG  
center sample:  Exp2F_CRR_23_NEG 
Processing: Exp2R_CRR_22_NEG  Exp2F_CRR_11_NEG  Exp2F_HCC_6_NEG  Exp2R_HCC_9_NEG  
center sample:  Exp2F_CRR_23_NEG 
Processing: Exp2R_CRR_22_NEG  Exp2F_CRR_11_NEG  Exp2F_HCC_6_NEG  Exp2R_HCC_9_NEG  
center sample:  Exp2F_CRR_23_NEG 
Processing: Exp2R_CRR_22_NEG  Exp2F_CRR_11_NEG  Exp2F_HCC_6_NEG  Exp2R_HCC_9_NEG  
center sample:  Exp2F_CRR_23_NEG 
Processing: Exp2R_CRR_22_NEG  Exp2F_CRR_11_NEG  Exp2F_HCC_6_NEG  Exp2R_HCC_9_NEG  
center sample:  Exp2F_CRR_23_NEG 
Processing: Exp2R_CRR_22_NEG  Exp2F_CRR_11_NEG  Exp2F_HCC_6_NEG  Exp2R_HCC_9_NEG  
center sample:  Exp2F_CRR_23_NEG 
Processing: Exp2R_CRR_22_NEG  Exp2F_CRR_11_NEG  Exp2F_HCC_6_NEG  Exp2R_HCC_9_NEG  
center sample:  Exp2F_CRR_23_NEG 
Processing: Exp2R_CRR_22_NEG  Exp2F_CRR_11_NEG  Exp2F_HCC_6_NEG  Exp2R_HCC_9_NEG  
center sample:  Exp2F_CRR_23_NEG 
Processing: Exp2R_CRR_22_NEG  Exp2F_CRR_11_NEG  Exp2F_HCC_6_NEG  Exp2R_HCC_9_NEG  
center sample:  Exp2F_CRR_23_NEG 
Processing: Exp2R_CRR_22_NEG  Exp2F_CRR_11_NEG  Exp2F_HCC_6_NEG  Exp2R_HCC_9_NEG  
center sample:  Exp2F_CRR_23_NEG 
Processing: Exp2R_CRR_22_NEG  Exp2F_CRR_11_NEG  Exp2F_HCC_6_NEG  Exp2R_HCC_9_NEG  
center sample:  Exp2F_CRR_23_NEG 
Processing: Exp2R_CRR_22_NEG  Exp2F_CRR_11_NEG  Exp2F_HCC_6_NEG  Exp2R_HCC_9_NEG  
center sample:  Exp2F_CRR_23_NEG 
Processing: Exp2R_CRR_22_NEG  Exp2F_CRR_11_NEG  Exp2F_HCC_6_NEG  Exp2R_HCC_9_NEG  
center sample:  Exp2F_CRR_23_NEG 
Processing: Exp2R_CRR_22_NEG  Exp2F_CRR_11_NEG  Exp2F_HCC_6_NEG  Exp2R_HCC_9_NEG  
center sample:  Exp2F_CRR_23_NEG 
Processing: Exp2R_CRR_22_NEG  Exp2F_CRR_11_NEG  Exp2F_HCC_6_NEG  Exp2R_HCC_9_NEG  
center sample:  Exp2F_CRR_23_NEG 
Processing: Exp2R_CRR_22_NEG  Exp2F_CRR_11_NEG  Exp2F_HCC_6_NEG  Exp2R_HCC_9_NEG  
center sample:  Exp2F_CRR_23_NEG 
Processing: Exp2R_CRR_22_NEG  Exp2F_CRR_11_NEG  Exp2F_HCC_6_NEG  Exp2R_HCC_9_NEG  
center sample:  Exp2F_CRR_23_NEG 
Processing: Exp2R_CRR_22_NEG  Exp2F_CRR_11_NEG  Exp2F_HCC_6_NEG  Exp2R_HCC_9_NEG  
center sample:  Exp2F_CRR_23_NEG 
Processing: Exp2R_CRR_22_NEG  Exp2F_CRR_11_NEG  Exp2F_HCC_6_NEG  Exp2R_HCC_9_NEG  
center sample:  Exp2F_CRR_23_NEG 
Processing: Exp2R_CRR_22_NEG  Exp2F_CRR_11_NEG  Exp2F_HCC_6_NEG  Exp2R_HCC_9_NEG  
center sample:  Exp2F_CRR_23_NEG 
Processing: Exp2R_CRR_22_NEG  Exp2F_CRR_11_NEG  Exp2F_HCC_6_NEG  Exp2R_HCC_9_NEG  
center sample:  Exp2F_CRR_23_NEG 
Processing: Exp2R_CRR_22_NEG  Exp2F_CRR_11_NEG  Exp2F_HCC_6_NEG  Exp2R_HCC_9_NEG  
center sample:  Exp2F_CRR_23_NEG 
Processing: Exp2R_CRR_22_NEG  Exp2F_CRR_11_NEG  Exp2F_HCC_6_NEG  Exp2R_HCC_9_NEG  
center sample:  Exp2F_CRR_23_NEG 
Processing: Exp2R_CRR_22_NEG  Exp2F_CRR_11_NEG  Exp2F_HCC_6_NEG  Exp2R_HCC_9_NEG  
center sample:  Exp2F_CRR_23_NEG 
Processing: Exp2R_CRR_22_NEG  Exp2F_CRR_11_NEG  Exp2F_HCC_6_NEG  Exp2R_HCC_9_NEG  
center sample:  Exp2F_CRR_23_NEG 
Processing: Exp2R_CRR_22_NEG  Exp2F_CRR_11_NEG  Exp2F_HCC_6_NEG  Exp2R_HCC_9_NEG  
center sample:  Exp2F_CRR_23_NEG 
Processing: Exp2R_CRR_22_NEG  Exp2F_CRR_11_NEG  Exp2F_HCC_6_NEG  Exp2R_HCC_9_NEG  
center sample:  Exp2F_CRR_23_NEG 
Processing: Exp2R_CRR_22_NEG  Exp2F_CRR_11_NEG  Exp2F_HCC_6_NEG  Exp2R_HCC_9_NEG  
center sample:  Exp2F_CRR_23_NEG 
Processing: Exp2R_CRR_22_NEG  Exp2F_CRR_11_NEG  Exp2F_HCC_6_NEG  Exp2R_HCC_9_NEG  
center sample:  Exp2F_CRR_23_NEG 
Processing: Exp2R_CRR_22_NEG  Exp2F_CRR_11_NEG  Exp2F_HCC_6_NEG  Exp2R_HCC_9_NEG  
center sample:  Exp2F_CRR_23_NEG 
Processing: Exp2R_CRR_22_NEG  Exp2F_CRR_11_NEG  Exp2F_HCC_6_NEG  Exp2R_HCC_9_NEG  
center sample:  Exp2F_CRR_23_NEG 
Processing: Exp2R_CRR_22_NEG  Exp2F_CRR_11_NEG  Exp2F_HCC_6_NEG  Exp2R_HCC_9_NEG  
center sample:  Exp2F_CRR_23_NEG 
Processing: Exp2R_CRR_22_NEG  Exp2F_CRR_11_NEG  Exp2F_HCC_6_NEG  Exp2R_HCC_9_NEG  
center sample:  Exp2F_CRR_23_NEG 
Processing: Exp2R_CRR_22_NEG  Exp2F_CRR_11_NEG  Exp2F_HCC_6_NEG  Exp2R_HCC_9_NEG  
center sample:  Exp2F_CRR_23_NEG 
Processing: Exp2R_CRR_22_NEG  Exp2F_CRR_11_NEG  Exp2F_HCC_6_NEG  Exp2R_HCC_9_NEG  
center sample:  Exp2F_CRR_23_NEG 
Processing: Exp2R_CRR_22_NEG  Exp2F_CRR_11_NEG  Exp2F_HCC_6_NEG  Exp2R_HCC_9_NEG  
center sample:  Exp2F_CRR_23_NEG 
Processing: Exp2R_CRR_22_NEG  Exp2F_CRR_11_NEG  Exp2F_HCC_6_NEG  Exp2R_HCC_9_NEG  
center sample:  Exp2F_CRR_23_NEG 
Processing: Exp2R_CRR_22_NEG  Exp2F_CRR_11_NEG  Exp2F_HCC_6_NEG  Exp2R_HCC_9_NEG  
center sample:  Exp2F_CRR_23_NEG 
Processing: Exp2R_CRR_22_NEG  Exp2F_CRR_11_NEG  Exp2F_HCC_6_NEG  Exp2R_HCC_9_NEG  
center sample:  Exp2F_CRR_23_NEG 
Processing: Exp2R_CRR_22_NEG  Exp2F_CRR_11_NEG  Exp2F_HCC_6_NEG  Exp2R_HCC_9_NEG  
center sample:  Exp2F_CRR_23_NEG 
Processing: Exp2R_CRR_22_NEG  Exp2F_CRR_11_NEG  Exp2F_HCC_6_NEG  Exp2R_HCC_9_NEG  
center sample:  Exp2F_CRR_23_NEG 
Processing: Exp2R_CRR_22_NEG  Exp2F_CRR_11_NEG  Exp2F_HCC_6_NEG  Exp2R_HCC_9_NEG  
center sample:  Exp2F_CRR_23_NEG 
Processing: Exp2R_CRR_22_NEG  Exp2F_CRR_11_NEG  Exp2F_HCC_6_NEG  Exp2R_HCC_9_NEG  
center sample:  Exp2F_CRR_23_NEG 
Processing: Exp2R_CRR_22_NEG  Exp2F_CRR_11_NEG  Exp2F_HCC_6_NEG  Exp2R_HCC_9_NEG  
center sample:  Exp2F_CRR_23_NEG 
Processing: Exp2R_CRR_22_NEG  Exp2F_CRR_11_NEG  Exp2F_HCC_6_NEG  Exp2R_HCC_9_NEG  
center sample:  Exp2F_CRR_23_NEG 
Processing: Exp2R_CRR_22_NEG  Exp2F_CRR_11_NEG  Exp2F_HCC_6_NEG  Exp2R_HCC_9_NEG  
center sample:  Exp2F_CRR_23_NEG 
Processing: Exp2R_CRR_22_NEG  Exp2F_CRR_11_NEG  Exp2F_HCC_6_NEG  Exp2R_HCC_9_NEG  
center sample:  Exp2F_CRR_23_NEG 
Processing: Exp2R_CRR_22_NEG  Exp2F_CRR_11_NEG  Exp2F_HCC_6_NEG  Exp2R_HCC_9_NEG  
center sample:  Exp2F_CRR_23_NEG 
Processing: Exp2R_CRR_22_NEG  Exp2F_CRR_11_NEG  Exp2F_HCC_6_NEG  Exp2R_HCC_9_NEG  
center sample:  Exp2F_CRR_23_NEG 
Processing: Exp2R_CRR_22_NEG  Exp2F_CRR_11_NEG  Exp2F_HCC_6_NEG  Exp2R_HCC_9_NEG  
center sample:  Exp2F_CRR_23_NEG 
Processing: Exp2R_CRR_22_NEG  Exp2F_CRR_11_NEG  Exp2F_HCC_6_NEG  Exp2R_HCC_9_NEG  
center sample:  Exp2F_CRR_23_NEG 
Processing: Exp2R_CRR_22_NEG  Exp2F_CRR_11_NEG  Exp2F_HCC_6_NEG  Exp2R_HCC_9_NEG  
center sample:  Exp2F_CRR_23_NEG 
Processing: Exp2R_CRR_22_NEG  Exp2F_CRR_11_NEG  Exp2F_HCC_6_NEG  Exp2R_HCC_9_NEG  
center sample:  Exp2F_CRR_23_NEG 
Processing: Exp2R_CRR_22_NEG  Exp2F_CRR_11_NEG  Exp2F_HCC_6_NEG  Exp2R_HCC_9_NEG  
center sample:  Exp2F_CRR_23_NEG 
Processing: Exp2R_CRR_22_NEG  Exp2F_CRR_11_NEG  Exp2F_HCC_6_NEG  Exp2R_HCC_9_NEG  
center sample:  Exp2F_CRR_23_NEG 
Processing: Exp2R_CRR_22_NEG  Exp2F_CRR_11_NEG  Exp2F_HCC_6_NEG  Exp2R_HCC_9_NEG  
center sample:  Exp2F_CRR_23_NEG 
Processing: Exp2R_CRR_22_NEG  Exp2F_CRR_11_NEG  Exp2F_HCC_6_NEG  Exp2R_HCC_9_NEG  
center sample:  Exp2F_CRR_23_NEG 
Processing: Exp2R_CRR_22_NEG  Exp2F_CRR_11_NEG  Exp2F_HCC_6_NEG  Exp2R_HCC_9_NEG  
center sample:  Exp2F_CRR_23_NEG 
Processing: Exp2R_CRR_22_NEG  Exp2F_CRR_11_NEG  Exp2F_HCC_6_NEG  Exp2R_HCC_9_NEG  
center sample:  Exp2F_CRR_23_NEG 
Processing: Exp2R_CRR_22_NEG  Exp2F_CRR_11_NEG  Exp2F_HCC_6_NEG  Exp2R_HCC_9_NEG  
tep 0.85 ... OK
Create profile matrix with method 'bin' and step 0.85 ... OK
Create profile matrix with method 'bin' and step 0.85 ... OK
Create profile matrix with method 'bin' and step 0.85 ... OK
Create profile matrix with method 'bin' and step 0.85 ... OK
Create profile matrix with method 'bin' and step 0.85 ... OK
Processing 60607 mz slices ... OK
Create profile matrix with method 'bin' and step 0.85 ... OK
Create profile matrix with method 'bin' and step 0.85 ... OK
Create profile matrix with method 'bin' and step 0.85 ... OK
Create profile matrix with method 'bin' and step 0.85 ... OK
Create profile matrix with method 'bin' and step 0.85 ... OK
Create profile matrix with method 'bin' and step 0.85 ... OK
Create profile matrix with method 'bin' and step 0.85 ... OK
Create profile matrix with method 'bin' and step 0.85 ... OK
Processing 60607 mz slices ... OK
Create profile matrix with method 'bin' and step 0.85 ... OK
Create profile matrix with method 'bin' and step 0.85 ... OK
Create profile matrix with method 'bin' and step 0.85 ... OK
Create profile matrix with method 'bin' and step 0.85 ... OK
Create profile matrix with method 'bin' and step 0.85 ... OK
Create profile matrix with method 'bin' and step 0.85 ... OK
Create profile matrix with method 'bin' and step 0.85 ... OK
Create profile matrix with method 'bin' and step 0.85 ... OK
Processing 60607 mz slices ... OK
Create profile matrix with method 'bin' and step 0.7 ... OK
Create profile matrix with method 'bin' and step 0.7 ... OK
Create profile matrix with method 'bin' and step 0.7 ... OK
Create profile matrix with method 'bin' and step 0.7 ... OK
Create profile matrix with method 'bin' and step 0.7 ... OK
Create profile matrix with method 'bin' and step 0.7 ... OK
Create profile matrix with method 'bin' and step 0.7 ... OK
Create profile matrix with method 'bin' and step 0.7 ... OK
Processing 60607 mz slices ... OK
Create profile matrix with method 'bin' and step 1 ... OK
Create profile matrix with method 'bin' and step 1 ... OK
Create profile matrix with method 'bin' and step 1 ... OK
Create profile matrix with method 'bin' and step 1 ... OK
Create profile matrix with method 'bin' and step 1 ... OK
Processing 60607 mz slices ... OK
Create profile matrix with method 'bin' and step 0.85 ... OK
Create profile matrix with method 'bin' and step 0.85 ... OK
Create profile matrix with method 'bin' and step 0.85 ... OK
Create profile matrix with method 'bin' and step 0.85 ... OK
Create profile matrix with method 'bin' and step 0.85 ... OK
Create profile matrix with method 'bin' and step 0.85 ... OK
Create profile matrix with method 'bin' and step 0.85 ... OK
Create profile matrix with method 'bin' and step 0.85 ... OK
Processing 60607 mz slices ... OK
Create profile matrix with method 'bin' and step 0.85 ... OK
Create profile matrix with method 'bin' and step 0.85 ... OK
Create profile matrix with method 'bin' and step 0.85 ... OK
Create profile matrix with method 'bin' and step 0.85 ... OK
Create profile matrix with method 'bin' and step 0.85 ... OK
Create profile matrix with method 'bin' and step 0.85 ... OK
Create profile matrix with method 'bin' and step 0.85 ... OK
Create profile matrix with method 'bin' and step 0.85 ... OK
Processing 60607 mz slices ... OK
Create profile matrix with method 'bin' and step 0.85 ... OK
Create profile matrix with method 'bin' and step 0.85 ... OK
Create profile matrix with method 'bin' and step 0.85 ... OK
Create profile matrix with method 'bin' and step 0.85 ... OK
Create profile matrix with method 'bin' and step 0.85 ... OK
Create profile matrix with method 'bin' and step 0.85 ... OK
Create profile matrix with method 'bin' and step 0.85 ... OK
Create profile matrix with method 'bin' and step 0.85 ... OK
Processing 101011 mz slices ... OK
Create profile matrix with method 'bin' and step 0.85 ... OK
Create profile matrix with method 'bin' and step 0.85 ... OK
Create profile matrix with method 'bin' and step 0.85 ... OK
Create profile matrix with method 'bin' and step 0.85 ... OK
Create profile matrix with method 'bin' and step 0.85 ... OK
Create profile matrix with method 'bin' and step 0.85 ... OK
Create profile matrix with method 'bin' and step 0.85 ... OK
Create profile matrix with method 'bin' and step 0.85 ... OK
Processing 43291 mz slices ... OK
Create profile matrix with method 'bin' and step 0.85 ... OK
Create profile matrix with method 'bin' and step 0.85 ... OK
Create profile matrix with method 'bin' and step 0.85 ... OK
Create profile matrix with method 'bin' and step 0.85 ... OK
Create profile matrix with method 'bin' and step 0.85 ... OK
Create profile matrix with method 'bin' and step 0.85 ... OK
Create profile matrix with method 'bin' and step 0.85 ... OK
Create profile matrix with method 'bin' and step 0.85 ... OK
Processing 60607 mz slices ... OK
Create profile matrix with method 'bin' and step 1 ... OK
Create profile matrix with method 'bin' and step 1 ... OK
Create profile matrix with method 'bin' and step 1 ... OK
Create profile matrix with method 'bin' and step 1 ... OK
Create profile matrix with method 'bin' and step 1 ... OK
Processing 50506 mz slices ... OK
profStep or minfrac greater 1, decreasing to 0.71 and 1



starting new DoE with:

gapInit: c(0.1, 0.5)
gapExtend: c(2.04, 2.76)
profStep: c(0.71, 1)
bw: c(12.4, 31.6)
mzwid: c(0.02, 0.04)
distFunc: cor_opt
plottype: none
response: 1
factorDiag: 2
factorGap: 1
localAlignment: 0
retcorMethod: obiwarp
minfrac: 0.05
minsamp: 1
max: 50
center: 5

Create profile matrix with method 'bin' and step 0.71 ... OK
Create profile matrix with method 'bin' and step 0.71 ... OK
Create profile matrix with method 'bin' and step 0.71 ... OK
Create profile matrix with method 'bin' and step 0.71 ... OK
Create profile matrix with method 'bin' and step 0.71 ... OK
Create profile matrix with method 'bin' and step 0.71 ... OK
Create profile matrix with method 'bin' and step 0.71 ... OK
Create profile matrix with method 'bin' and step 0.71 ... OK
Processing 75758 mz slices ... OK
Create profile matrix with method 'bin' and step 0.71 ... OK
Create profile matrix with method 'bin' and step 0.71 ... OK
Create profile matrix with method 'bin' and step 0.71 ... OK
Create profile matrix with method 'bin' and step 0.71 ... OK
Create profile matrix with method 'bin' and step 0.71 ... OK
Create profile matrix with method 'bin' and step 0.71 ... OK
Create profile matrix with method 'bin' and step 0.71 ... OK
Create profile matrix with method 'bin' and step 0.71 ... OK
Processing 75758 mz slices ... OK
Create profile matrix with method 'bin' and step 0.71 ... OK
Create profile matrix with method 'bin' and step 0.71 ... OK
Create profile matrix with method 'bin' and step 0.71 ... OK
Create profile matrix with method 'bin' and step 0.71 ... OK
Create profile matrix with method 'bin' and step 0.71 ... OK
Create profile matrix with method 'bin' and step 0.71 ... OK
Create profile matrix with method 'bin' and step 0.71 ... OK
Create profile matrix with method 'bin' and step 0.71 ... OK
Processing 75758 mz slices ... OK
Create profile matrix with method 'bin' and step 0.71 ... OK
Create profile matrix with method 'bin' and step 0.71 ... OK
Create profile matrix with method 'bin' and step 0.71 ... OK
Create profile matrix with method 'bin' and step 0.71 ... OK
Create profile matrix with method 'bin' and step 0.71 ... OK
Create profile matrix with method 'bin' and step 0.71 ... OK
Create profile matrix with method 'bin' and step 0.71 ... OK
Create profile matrix with method 'bin' and step 0.71 ... OK
Processing 75758 mz slices ... OK
Create profile matrix with method 'bin' and step 1 ... OK
Create profile matrix with method 'bin' and step 1 ... OK
Create profile matrix with method 'bin' and step 1 ... OK
Create profile matrix with method 'bin' and step 1 ... OK
Create profile matrix with method 'bin' and step 1 ... OK
Processing 75758 mz slices ... OK
Create profile matrix with method 'bin' and step 1 ... OK
Create profile matrix with method 'bin' and step 1 ... OK
Create profile matrix with method 'bin' and step 1 ... OK
Create profile matrix with method 'bin' and step 1 ... OK
Create profile matrix with method 'bin' and step 1 ... OK
Processing 75758 mz slices ... OK
Create profile matrix with method 'bin' and step 1 ... OK
Create profile matrix with method 'bin' and step 1 ... OK
Create profile matrix with method 'bin' and step 1 ... OK
Create profile matrix with method 'bin' and step 1 ... OK
Create profile matrix with method 'bin' and step 1 ... OK
Processing 75758 mz slices ... OK
Create profile matrix with method 'bin' and step 1 ... OK
Create profile matrix with method 'bin' and step 1 ... OK
Create profile matrix with method 'bin' and step 1 ... OK
Create profile matrix with method 'bin' and step 1 ... OK
Create profile matrix with method 'bin' and step 1 ... OK
Processing 75758 mz slices ... OK
Create profile matrix with method 'bin' and step 0.71 ... OK
Create profile matrix with method 'bin' and step 0.71 ... OK
Create profile matrix with method 'bin' and step 0.71 ... OK
Create profile matrix with method 'bin' and step 0.71 ... OK
Create profile matrix with method 'bin' and step 0.71 ... OK
Create profile matrix with method 'bin' and step 0.71 ... OK
Create profile matrix with method 'bin' and step 0.71 ... OK
Create profile matrix with method 'bin' and step 0.71 ... OK
Processing 75758 mz slices ... OK
Create profile matrix with method 'bin' and step 0.71 ... OK
Create profile matrix with method 'bin' and step 0.71 ... OK
Create profile matrix with method 'bin' and step 0.71 ... OK
Create profile matrix with method 'bin' and step 0.71 ... OK
Create profile matrix with method 'bin' and step 0.71 ... OK
Create profile matrix with method 'bin' and step 0.71 ... OK
Create profile matrix with method 'bin' and step 0.71 ... OK
Create profile matrix with method 'bin' and step 0.71 ... OK
Processing 75758 mz slices ... OK
Create profile matrix with method 'bin' and step 0.71 ... OK
Create profile matrix with method 'bin' and step 0.71 ... OK
Create profile matrix with method 'bin' and step 0.71 ... OK
Create profile matrix with method 'bin' and step 0.71 ... OK
Create profile matrix with method 'bin' and step 0.71 ... OK
Create profile matrix with method 'bin' and step 0.71 ... OK
Create profile matrix with method 'bin' and step 0.71 ... OK
Create profile matrix with method 'bin' and step 0.71 ... OK
Processing 75758 mz slices ... OK
Create profile matrix with method 'bin' and step 0.71 ... OK
Create profile matrix with method 'bin' and step 0.71 ... OK
Create profile matrix with method 'bin' and step 0.71 ... OK
Create profile matrix with method 'bin' and step 0.71 ... OK
Create profile matrix with method 'bin' and step 0.71 ... OK
Create profile matrix with method 'bin' and step 0.71 ... OK
Create profile matrix with method 'bin' and step 0.71 ... OK
Create profile matrix with method 'bin' and step 0.71 ... OK
Processing 75758 mz slices ... OK
Create profile matrix with method 'bin' and step 1 ... OK
Create profile matrix with method 'bin' and step 1 ... OK
Create profile matrix with method 'bin' and step 1 ... OK
Create profile matrix with method 'bin' and step 1 ... OK
Create profile matrix with method 'bin' and step 1 ... OK
Processing 75758 mz slices ... OK
Create profile matrix with method 'bin' and step 1 ... OK
Create profile matrix with method 'bin' and step 1 ... OK
Create profile matrix with method 'bin' and step 1 ... OK
Create profile matrix with method 'bin' and step 1 ... OK
Create profile matrix with method 'bin' and step 1 ... OK
Processing 75758 mz slices ... OK
Create profile matrix with method 'bin' and step 1 ... OK
Create profile matrix with method 'bin' and step 1 ... OK
Create profile matrix with method 'bin' and step 1 ... OK
Create profile matrix with method 'bin' and step 1 ... OK
Create profile matrix with method 'bin' and step 1 ... OK
Processing 75758 mz slices ... OK
Create profile matrix with method 'bin' and step 1 ... OK
Create profile matrix with method 'bin' and step 1 ... OK
Create profile matrix with method 'bin' and step 1 ... OK
Create profile matrix with method 'bin' and step 1 ... OK
Create profile matrix with method 'bin' and step 1 ... OK
Processing 75758 mz slices ... OK
Create profile matrix with method 'bin' and step 0.71 ... OK
Create profile matrix with method 'bin' and step 0.71 ... OK
Create profile matrix with method 'bin' and step 0.71 ... OK
Create profile matrix with method 'bin' and step 0.71 ... OK
Create profile matrix with method 'bin' and step 0.71 ... OK
Create profile matrix with method 'bin' and step 0.71 ... OK
Create profile matrix with method 'bin' and step 0.71 ... OK
Create profile matrix with method 'bin' and step 0.71 ... OK
Processing 37880 mz slices ... OK
Create profile matrix with method 'bin' and step 0.71 ... OK
Create profile matrix with method 'bin' and step 0.71 ... OK
Create profile matrix with method 'bin' and step 0.71 ... OK
Create profile matrix with method 'bin' and step 0.71 ... OK
Create profile matrix with method 'bin' and step 0.71 ... OK
Create profile matrix with method 'bin' and step 0.71 ... OK
Create profile matrix with method 'bin' and step 0.71 ... OK
Create profile matrix with method 'bin' and step 0.71 ... OK
Processing 37880 mz slices ... OK
Create profile matrix with method 'bin' and step 0.71 ... OK
Create profile matrix with method 'bin' and step 0.71 ... OK
Create profile matrix with method 'bin' and step 0.71 ... OK
Create profile matrix with method 'bin' and step 0.71 ... OK
Create profile matrix with method 'bin' and step 0.71 ... OK
Create profile matrix with method 'bin' and step 0.71 ... OK
Create profile matrix with method 'bin' and step 0.71 ... OK
Create profile matrix with method 'bin' and step 0.71 ... OK
Processing 37880 mz slices ... OK
Create profile matrix with method 'bin' and step 0.71 ... OK
Create profile matrix with method 'bin' and step 0.71 ... OK
Create profile matrix with method 'bin' and step 0.71 ... OK
Create profile matrix with method 'bin' and step 0.71 ... OK
Create profile matrix with method 'bin' and step 0.71 ... OK
Create profile matrix with method 'bin' and step 0.71 ... OK
Create profile matrix with method 'bin' and step 0.71 ... OK
Create profile matrix with method 'bin' and step 0.71 ... OK
Processing 37880 mz slices ... OK
Create profile matrix with method 'bin' and step 1 ... OK
Create profile matrix with method 'bin' and step 1 ... OK
Create profile matrix with method 'bin' and step 1 ... OK
Create profile matrix with method 'bin' and step 1 ... OK
Create profile matrix with method 'bin' and step 1 ... OK
Processing 37880 mz slices ... OK
Create profile matrix with method 'bin' and step 1 ... OK
Create profile matrix with method 'bin' and step 1 ... OK
Create profile matrix with method 'bin' and step 1 ... OK
Create profile matrix with method 'bin' and step 1 ... OK
Create profile matrix with method 'bin' and step 1 ... OK
Processing 37880 mz slices ... OK
Create profile matrix with method 'bin' and step 1 ... OK
Create profile matrix with method 'bin' and step 1 ... OK
Create profile matrix with method 'bin' and step 1 ... OK
Create profile matrix with method 'bin' and step 1 ... OK
Create profile matrix with method 'bin' and step 1 ... OK
Processing 37880 mz slices ... OK
Create profile matrix with method 'bin' and step 1 ... OK
Create profile matrix with method 'bin' and step 1 ... OK
Create profile matrix with method 'bin' and step 1 ... OK
Create profile matrix with method 'bin' and step 1 ... OK
Create profile matrix with method 'bin' and step 1 ... OK
Processing 37880 mz slices ... OK
Create profile matrix with method 'bin' and step 0.71 ... OK
Create profile matrix with method 'bin' and step 0.71 ... OK
Create profile matrix with method 'bin' and step 0.71 ... OK
Create profile matrix with method 'bin' and step 0.71 ... OK
Create profile matrix with method 'bin' and step 0.71 ... OK
Create profile matrix with method 'bin' and step 0.71 ... OK
Create profile matrix with method 'bin' and step 0.71 ... OK
Create profile matrix with method 'bin' and step 0.71 ... OK
Processing 37880 mz slices ... OK
Create profile matrix with method 'bin' and step 0.71 ... OK
Create profile matrix with method 'bin' and step 0.71 ... OK
Create profile matrix with method 'bin' and step 0.71 ... OK
Create profile matrix with method 'bin' and step 0.71 ... OK
Create profile matrix with method 'bin' and step 0.71 ... OK
Create profile matrix with method 'bin' and step 0.71 ... OK
Create profile matrix with method 'bin' and step 0.71 ... OK
Create profile matrix with method 'bin' and step 0.71 ... OK
Processing 37880 mz slices ... OK
Create profile matrix with method 'bin' and step 0.71 ... OK
Create profile matrix with method 'bin' and step 0.71 ... OK
Create profile matrix with method 'bin' and step 0.71 ... OK
Create profile matrix with method 'bin' and step 0.71 ... OK
Create profile matrix with method 'bin' and step 0.71 ... OK
Create profile matrix with method 'bin' and step 0.71 ... OK
Create profile matrix with method 'bin' and step 0.71 ... OK
Create profile matrix with method 'bin' and step 0.71 ... OK
Processing 37880 mz slices ... OK
Create profile matrix with method 'bin' and step 0.71 ... OK
Create profile matrix with method 'bin' and step 0.71 ... OK
Create profile matrix with method 'bin' and step 0.71 ... OK
Create profile matrix with method 'bin' and step 0.71 ... OK
Create profile matrix with method 'bin' and step 0.71 ... OK
Create profile matrix with method 'bin' and step 0.71 ... OK
Create profile matrix with method 'bin' and step 0.71 ... OK
Create profile matrix with method 'bin' and step 0.71 ... OK
Processing 37880 mz slices ... OK
Create profile matrix with method 'bin' and step 1 ... OK
Create profile matrix with method 'bin' and step 1 ... OK
Create profile matrix with method 'bin' and step 1 ... OK
Create profile matrix with method 'bin' and step 1 ... OK
Create profile matrix with method 'bin' and step 1 ... OK
Processing 37880 mz slices ... OK
Create profile matrix with method 'bin' and step 1 ... OK
Create profile matrix with method 'bin' and step 1 ... OK
Create profile matrix with method 'bin' and step 1 ... OK
Create profile matrix with method 'bin' and step 1 ... OK
Create profile matrix with method 'bin' and step 1 ... OK
Processing 37880 mz slices ... OK
Create profile matrix with method 'bin' and step 1 ... OK
Create profile matrix with method 'bin' and step 1 ... OK
Create profile matrix with method 'bin' and step 1 ... OK
Create profile matrix with method 'bin' and step 1 ... OK
Create profile matrix with method 'bin' and step 1 ... OK
Processing 37880 mz slices ... OK
Create profile matrix with method 'bin' and step 1 ... OK
Create profile matrix with method 'bin' and step 1 ... OK
Create profile matrix with method 'bin' and step 1 ... OK
Create profile matrix with method 'bin' and step 1 ... OK
Create profile matrix with method 'bin' and step 1 ... OK
Processing 37880 mz slices ... OK
Create profile matrix with method 'bin' and step 0.855 ... OK
Create profile matrix with method 'bin' and step 0.855 ... OK
Create profile matrix with method 'bin' and step 0.855 ... OK
Create profile matrix with method 'bin' and step 0.855 ... OK
Create profile matrix with method 'bin' and step 0.855 ... OK
Create profile matrix with method 'bin' and step 0.855 ... OK
Create profile matrix with method 'bin' and step 0.855 ... OK
Create profile matrix with method 'bin' and step 0.855 ... OK
Processing 50506 mz slices ... OK
Create profile matrix with method 'bin' and step 0.855 ... OK
Create profile matrix with method 'bin' and step 0.855 ... OK
Create profile matrix with method 'bin' and step 0.855 ... OK
Create profile matrix with method 'bin' and step 0.855 ... OK
Create profile matrix with method 'bin' and step 0.855 ... OK
Create profile matrix with method 'bin' and step 0.855 ... OK
Create profile matrix with method 'bin' and step 0.855 ... OK
Create profile matrix with method 'bin' and step 0.855 ... OK
Processing 50506 mz slices ... OK
Create profile matrix with method 'bin' and step 0.855 ... OK
Create profile matrix with method 'bin' and step 0.855 ... OK
Create profile matrix with method 'bin' and step 0.855 ... OK
Create profile matrix with method 'bin' and step 0.855 ... OK
Create profile matrix with method 'bin' and step 0.855 ... OK
Create profile matrix with method 'bin' and step 0.855 ... OK
Create profile matrix with method 'bin' and step 0.855 ... OK
Create profile matrix with method 'bin' and step 0.855 ... OK
Processing 50506 mz slices ... OK
Create profile matrix with method 'bin' and step 0.855 ... OK
Create profile matrix with method 'bin' and step 0.855 ... OK
Create profile matrix with method 'bin' and step 0.855 ... OK
Create profile matrix with method 'bin' and step 0.855 ... OK
Create profile matrix with method 'bin' and step 0.855 ... OK
Create profile matrix with method 'bin' and step 0.855 ... OK
Create profile matrix with method 'bin' and step 0.855 ... OK
Create profile matrix with method 'bin' and step 0.855 ... OK
Processing 50506 mz slices ... OK
Create profile matrix with method 'bin' and step 0.855 ... OK
Create profile matrix with method 'bin' and step 0.855 ... OK
Create profile matrix with method 'bin' and step 0.855 ... OK
Create profile matrix with method 'bin' and step 0.855 ... OK
Create profile matrix with method 'bin' and step 0.855 ... OK
Create profile matrix with method 'bin' and step 0.855 ... OK
Create profile matrix with method 'bin' and step 0.855 ... OK
Create profile matrix with method 'bin' and step 0.855 ... OK
Processing 50506 mz slices ... OK
Create profile matrix with method 'bin' and step 0.71 ... OK
Create profile matrix with method 'bin' and step 0.71 ... OK
Create profile matrix with method 'bin' and step 0.71 ... OK
Create profile matrix with method 'bin' and step 0.71 ... OK
Create profile matrix with method 'bin' and step 0.71 ... OK
Create profile matrix with method 'bin' and step 0.71 ... OK
Create profile matrix with method 'bin' and step 0.71 ... OK
Create profile matrix with method 'bin' and step 0.71 ... OK
Processing 50506 mz slices ... OK
Create profile matrix with method 'bin' and step 1 ... OK
Create profile matrix with method 'bin' and step 1 ... OK
Create profile matrix with method 'bin' and step 1 ... OK
Create profile matrix with method 'bin' and step 1 ... OK
Create profile matrix with method 'bin' and step 1 ... OK
Processing 50506 mz slices ... OK
Create profile matrix with method 'bin' and step 0.855 ... OK
Create profile matrix with method 'bin' and step 0.855 ... OK
Create profile matrix with method 'bin' and step 0.855 ... OK
Create profile matrix with method 'bin' and step 0.855 ... OK
Create profile matrix with method 'bin' and step 0.855 ... OK
Create profile matrix with method 'bin' and step 0.855 ... OK
Create profile matrix with method 'bin' and step 0.855 ... OK
Create profile matrix with method 'bin' and step 0.855 ... OK
Processing 50506 mz slices ... OK
Create profile matrix with method 'bin' and step 0.855 ... OK
Create profile matrix with method 'bin' and step 0.855 ... OK
Create profile matrix with method 'bin' and step 0.855 ... OK
Create profile matrix with method 'bin' and step 0.855 ... OK
Create profile matrix with method 'bin' and step 0.855 ... OK
Create profile matrix with method 'bin' and step 0.855 ... OK
Create profile matrix with method 'bin' and step 0.855 ... OK
Create profile matrix with method 'bin' and step 0.855 ... OK
Processing 50506 mz slices ... OK
Create profile matrix with method 'bin' and step 0.855 ... OK
Create profile matrix with method 'bin' and step 0.855 ... OK
Create profile matrix with method 'bin' and step 0.855 ... OK
Create profile matrix with method 'bin' and step 0.855 ... OK
Create profile matrix with method 'bin' and step 0.855 ... OK
Create profile matrix with method 'bin' and step 0.855 ... OK
Create profile matrix with method 'bin' and step 0.855 ... OK
Create profile matrix with method 'bin' and step 0.855 ... OK
Processing 75758 mz slices ... OK
Create profile matrix with method 'bin' and step 0.855 ... OK
Create profile matrix with method 'bin' and step 0.855 ... OK
Create profile matrix with method 'bin' and step 0.855 ... OK
Create profile matrix with method 'bin' and step 0.855 ... OK
Create profile matrix with method 'bin' and step 0.855 ... OK
Create profile matrix with method 'bin' and step 0.855 ... OK
Create profile matrix with method 'bin' and step 0.855 ... OK
Create profile matrix with method 'bin' and step 0.855 ... OK
Processing 37880 mz slices ... OK
Create profile matrix with method 'bin' and step 0.855 ... OK
Create profile matrix with method 'bin' and step 0.855 ... OK
Create profile matrix with method 'bin' and step 0.855 ... OK
Create profile matrix with method 'bin' and step 0.855 ... OK
Create profile matrix with method 'bin' and step 0.855 ... OK
Create profile matrix with method 'bin' and step 0.855 ... OK
Create profile matrix with method 'bin' and step 0.855 ... OK
Create profile matrix with method 'bin' and step 0.855 ... OK
Processing 50506 mz slices ... OK
Create profile matrix with method 'bin' and step 0.855 ... OK
Create profile matrix with method 'bin' and step 0.855 ... OK
Create profile matrix with method 'bin' and step 0.855 ... OK
Create profile matrix with method 'bin' and step 0.855 ... OK
Create profile matrix with method 'bin' and step 0.855 ... OK
Create profile matrix with method 'bin' and step 0.855 ... OK
Create profile matrix with method 'bin' and step 0.855 ... OK
Create profile matrix with method 'bin' and step 0.855 ... OK
Processing 37880 mz slices ... OK



starting new DoE with:

gapInit: c(0.2, 0.6)
gapExtend: c(2.112, 2.688)
profStep: c(0.739, 0.971)
bw: c(17.2, 36.4)
mzwid: c(0.028, 0.052)
distFunc: cor_opt
plottype: none
response: 1
factorDiag: 2
factorGap: 1
localAlignment: 0
retcorMethod: obiwarp
minfrac: 0.05
minsamp: 1
max: 50
center: 5

Create profile matrix with method 'bin' and step 0.739 ... OK
Create profile matrix with method 'bin' and step 0.739 ... OK
Create profile matrix with method 'bin' and step 0.739 ... OK
Create profile matrix with method 'bin' and step 0.739 ... OK
Create profile matrix with method 'bin' and step 0.739 ... OK
Create profile matrix with method 'bin' and step 0.739 ... OK
Create profile matrix with method 'bin' and step 0.739 ... OK
Create profile matrix with method 'bin' and step 0.739 ... OK
Processing 54114 mz slices ... OK
Create profile matrix with method 'bin' and step 0.739 ... OK
Create profile matrix with method 'bin' and step 0.739 ... OK
Create profile matrix with method 'bin' and step 0.739 ... OK
Create profile matrix with method 'bin' and step 0.739 ... OK
Create profile matrix with method 'bin' and step 0.739 ... OK
Create profile matrix with method 'bin' and step 0.739 ... OK
Create profile matrix with method 'bin' and step 0.739 ... OK
Create profile matrix with method 'bin' and step 0.739 ... OK
Processing 54114 mz slices ... OK
Create profile matrix with method 'bin' and step 0.739 ... OK
Create profile matrix with method 'bin' and step 0.739 ... OK
Create profile matrix with method 'bin' and step 0.739 ... OK
Create profile matrix with method 'bin' and step 0.739 ... OK
Create profile matrix with method 'bin' and step 0.739 ... OK
Create profile matrix with method 'bin' and step 0.739 ... OK
Create profile matrix with method 'bin' and step 0.739 ... OK
Create profile matrix with method 'bin' and step 0.739 ... OK
Processing 54114 mz slices ... OK
Create profile matrix with method 'bin' and step 0.739 ... OK
Create profile matrix with method 'bin' and step 0.739 ... OK
Create profile matrix with method 'bin' and step 0.739 ... OK
Create profile matrix with method 'bin' and step 0.739 ... OK
Create profile matrix with method 'bin' and step 0.739 ... OK
Create profile matrix with method 'bin' and step 0.739 ... OK
Create profile matrix with method 'bin' and step 0.739 ... OK
Create profile matrix with method 'bin' and step 0.739 ... OK
Processing 54114 mz slices ... OK
Create profile matrix with method 'bin' and step 0.971 ... OK
Create profile matrix with method 'bin' and step 0.971 ... OK
Create profile matrix with method 'bin' and step 0.971 ... OK
Create profile matrix with method 'bin' and step 0.971 ... OK
Create profile matrix with method 'bin' and step 0.971 ... OK
Create profile matrix with method 'bin' and step 0.971 ... OK
Create profile matrix with method 'bin' and step 0.971 ... OK
Create profile matrix with method 'bin' and step 0.971 ... OK
Processing 54114 mz slices ... OK
Create profile matrix with method 'bin' and step 0.971 ... OK
Create profile matrix with method 'bin' and step 0.971 ... OK
Create profile matrix with method 'bin' and step 0.971 ... OK
Create profile matrix with method 'bin' and step 0.971 ... OK
Create profile matrix with method 'bin' and step 0.971 ... OK
Create profile matrix with method 'bin' and step 0.971 ... OK
Create profile matrix with method 'bin' and step 0.971 ... OK
Create profile matrix with method 'bin' and step 0.971 ... OK
Processing 54114 mz slices ... OK
Create profile matrix with method 'bin' and step 0.971 ... OK
Create profile matrix with method 'bin' and step 0.971 ... OK
Create profile matrix with method 'bin' and step 0.971 ... OK
Create profile matrix with method 'bin' and step 0.971 ... OK
Create profile matrix with method 'bin' and step 0.971 ... OK
Create profile matrix with method 'bin' and step 0.971 ... OK
Create profile matrix with method 'bin' and step 0.971 ... OK
Create profile matrix with method 'bin' and step 0.971 ... OK
Processing 54114 mz slices ... OK
Create profile matrix with method 'bin' and step 0.971 ... OK
Create profile matrix with method 'bin' and step 0.971 ... OK
Create profile matrix with method 'bin' and step 0.971 ... OK
Create profile matrix with method 'bin' and step 0.971 ... OK
Create profile matrix with method 'bin' and step 0.971 ... OK
Create profile matrix with method 'bin' and step 0.971 ... OK
Create profile matrix with method 'bin' and step 0.971 ... OK
Create profile matrix with method 'bin' and step 0.971 ... OK
Processing 54114 mz slices ... OK
Create profile matrix with method 'bin' and step 0.739 ... OK
Create profile matrix with method 'bin' and step 0.739 ... OK
Create profile matrix with method 'bin' and step 0.739 ... OK
Create profile matrix with method 'bin' and step 0.739 ... OK
Create profile matrix with method 'bin' and step 0.739 ... OK
Create profile matrix with method 'bin' and step 0.739 ... OK
Create profile matrix with method 'bin' and step 0.739 ... OK
Create profile matrix with method 'bin' and step 0.739 ... OK
Processing 54114 mz slices ... OK
Create profile matrix with method 'bin' and step 0.739 ... OK
Create profile matrix with method 'bin' and step 0.739 ... OK
Create profile matrix with method 'bin' and step 0.739 ... OK
Create profile matrix with method 'bin' and step 0.739 ... OK
Create profile matrix with method 'bin' and step 0.739 ... OK
Create profile matrix with method 'bin' and step 0.739 ... OK
Create profile matrix with method 'bin' and step 0.739 ... OK
Create profile matrix with method 'bin' and step 0.739 ... OK
Processing 54114 mz slices ... OK
Create profile matrix with method 'bin' and step 0.739 ... OK
Create profile matrix with method 'bin' and step 0.739 ... OK
Create profile matrix with method 'bin' and step 0.739 ... OK
Create profile matrix with method 'bin' and step 0.739 ... OK
Create profile matrix with method 'bin' and step 0.739 ... OK
Create profile matrix with method 'bin' and step 0.739 ... OK
Create profile matrix with method 'bin' and step 0.739 ... OK
Create profile matrix with method 'bin' and step 0.739 ... OK
Processing 54114 mz slices ... OK
Create profile matrix with method 'bin' and step 0.739 ... OK
Create profile matrix with method 'bin' and step 0.739 ... OK
Create profile matrix with method 'bin' and step 0.739 ... OK
Create profile matrix with method 'bin' and step 0.739 ... OK
Create profile matrix with method 'bin' and step 0.739 ... OK
Create profile matrix with method 'bin' and step 0.739 ... OK
Create profile matrix with method 'bin' and step 0.739 ... OK
Create profile matrix with method 'bin' and step 0.739 ... OK
Processing 54114 mz slices ... OK
Create profile matrix with method 'bin' and step 0.971 ... OK
Create profile matrix with method 'bin' and step 0.971 ... OK
Create profile matrix with method 'bin' and step 0.971 ... OK
Create profile matrix with method 'bin' and step 0.971 ... OK
Create profile matrix with method 'bin' and step 0.971 ... OK
Create profile matrix with method 'bin' and step 0.971 ... OK
Create profile matrix with method 'bin' and step 0.971 ... OK
Create profile matrix with method 'bin' and step 0.971 ... OK
Processing 54114 mz slices ... OK
Create profile matrix with method 'bin' and step 0.971 ... OK
Create profile matrix with method 'bin' and step 0.971 ... OK
Create profile matrix with method 'bin' and step 0.971 ... OK
Create profile matrix with method 'bin' and step 0.971 ... OK
Create profile matrix with method 'bin' and step 0.971 ... OK
Create profile matrix with method 'bin' and step 0.971 ... OK
Create profile matrix with method 'bin' and step 0.971 ... OK
Create profile matrix with method 'bin' and step 0.971 ... OK
Processing 54114 mz slices ... OK
Create profile matrix with method 'bin' and step 0.971 ... OK
Create profile matrix with method 'bin' and step 0.971 ... OK
Create profile matrix with method 'bin' and step 0.971 ... OK
Create profile matrix with method 'bin' and step 0.971 ... OK
Create profile matrix with method 'bin' and step 0.971 ... OK
Create profile matrix with method 'bin' and step 0.971 ... OK
Create profile matrix with method 'bin' and step 0.971 ... OK
Create profile matrix with method 'bin' and step 0.971 ... OK
Processing 54114 mz slices ... OK
Create profile matrix with method 'bin' and step 0.971 ... OK
Create profile matrix with method 'bin' and step 0.971 ... OK
Create profile matrix with method 'bin' and step 0.971 ... OK
Create profile matrix with method 'bin' and step 0.971 ... OK
Create profile matrix with method 'bin' and step 0.971 ... OK
Create profile matrix with method 'bin' and step 0.971 ... OK
Create profile matrix with method 'bin' and step 0.971 ... OK
Create profile matrix with method 'bin' and step 0.971 ... OK
Processing 54114 mz slices ... OK
Create profile matrix with method 'bin' and step 0.739 ... OK
Create profile matrix with method 'bin' and step 0.739 ... OK
Create profile matrix with method 'bin' and step 0.739 ... OK
Create profile matrix with method 'bin' and step 0.739 ... OK
Create profile matrix with method 'bin' and step 0.739 ... OK
Create profile matrix with method 'bin' and step 0.739 ... OK
Create profile matrix with method 'bin' and step 0.739 ... OK
Create profile matrix with method 'bin' and step 0.739 ... OK
Processing 29139 mz slices ... OK
Create profile matrix with method 'bin' and step 0.739 ... OK
Create profile matrix with method 'bin' and step 0.739 ... OK
Create profile matrix with method 'bin' and step 0.739 ... OK
Create profile matrix with method 'bin' and step 0.739 ... OK
Create profile matrix with method 'bin' and step 0.739 ... OK
Create profile matrix with method 'bin' and step 0.739 ... OK
Create profile matrix with method 'bin' and step 0.739 ... OK
Create profile matrix with method 'bin' and step 0.739 ... OK
Processing 29139 mz slices ... OK
Create profile matrix with method 'bin' and step 0.739 ... OK
Create profile matrix with method 'bin' and step 0.739 ... OK
Create profile matrix with method 'bin' and step 0.739 ... OK
Create profile matrix with method 'bin' and step 0.739 ... OK
Create profile matrix with method 'bin' and step 0.739 ... OK
Create profile matrix with method 'bin' and step 0.739 ... OK
Create profile matrix with method 'bin' and step 0.739 ... OK
Create profile matrix with method 'bin' and step 0.739 ... OK
Processing 29139 mz slices ... OK
Create profile matrix with method 'bin' and step 0.739 ... OK
Create profile matrix with method 'bin' and step 0.739 ... OK
Create profile matrix with method 'bin' and step 0.739 ... OK
Create profile matrix with method 'bin' and step 0.739 ... OK
Create profile matrix with method 'bin' and step 0.739 ... OK
Create profile matrix with method 'bin' and step 0.739 ... OK
Create profile matrix with method 'bin' and step 0.739 ... OK
Create profile matrix with method 'bin' and step 0.739 ... OK
Processing 29139 mz slices ... OK
Create profile matrix with method 'bin' and step 0.971 ... OK
Create profile matrix with method 'bin' and step 0.971 ... OK
Create profile matrix with method 'bin' and step 0.971 ... OK
Create profile matrix with method 'bin' and step 0.971 ... OK
Create profile matrix with method 'bin' and step 0.971 ... OK
Create profile matrix with method 'bin' and step 0.971 ... OK
Create profile matrix with method 'bin' and step 0.971 ... OK
Create profile matrix with method 'bin' and step 0.971 ... OK
Processing 29139 mz slices ... OK
Create profile matrix with method 'bin' and step 0.971 ... OK
Create profile matrix with method 'bin' and step 0.971 ... OK
Create profile matrix with method 'bin' and step 0.971 ... OK
Create profile matrix with method 'bin' and step 0.971 ... OK
Create profile matrix with method 'bin' and step 0.971 ... OK
Create profile matrix with method 'bin' and step 0.971 ... OK
Create profile matrix with method 'bin' and step 0.971 ... OK
Create profile matrix with method 'bin' and step 0.971 ... OK
Processing 29139 mz slices ... OK
Create profile matrix with method 'bin' and step 0.971 ... OK
Create profile matrix with method 'bin' and step 0.971 ... OK
Create profile matrix with method 'bin' and step 0.971 ... OK
Create profile matrix with method 'bin' and step 0.971 ... OK
Create profile matrix with method 'bin' and step 0.971 ... OK
Create profile matrix with method 'bin' and step 0.971 ... OK
Create profile matrix with method 'bin' and step 0.971 ... OK
Create profile matrix with method 'bin' and step 0.971 ... OK
Processing 29139 mz slices ... OK
Create profile matrix with method 'bin' and step 0.971 ... OK
Create profile matrix with method 'bin' and step 0.971 ... OK
Create profile matrix with method 'bin' and step 0.971 ... OK
Create profile matrix with method 'bin' and step 0.971 ... OK
Create profile matrix with method 'bin' and step 0.971 ... OK
Create profile matrix with method 'bin' and step 0.971 ... OK
Create profile matrix with method 'bin' and step 0.971 ... OK
Create profile matrix with method 'bin' and step 0.971 ... OK
Processing 29139 mz slices ... OK
Create profile matrix with method 'bin' and step 0.739 ... OK
Create profile matrix with method 'bin' and step 0.739 ... OK
Create profile matrix with method 'bin' and step 0.739 ... OK
Create profile matrix with method 'bin' and step 0.739 ... OK
Create profile matrix with method 'bin' and step 0.739 ... OK
Create profile matrix with method 'bin' and step 0.739 ... OK
Create profile matrix with method 'bin' and step 0.739 ... OK
Create profile matrix with method 'bin' and step 0.739 ... OK
Processing 29139 mz slices ... OK
Create profile matrix with method 'bin' and step 0.739 ... OK
Create profile matrix with method 'bin' and step 0.739 ... OK
Create profile matrix with method 'bin' and step 0.739 ... OK
Create profile matrix with method 'bin' and step 0.739 ... OK
Create profile matrix with method 'bin' and step 0.739 ... OK
Create profile matrix with method 'bin' and step 0.739 ... OK
Create profile matrix with method 'bin' and step 0.739 ... OK
Create profile matrix with method 'bin' and step 0.739 ... OK
Processing 29139 mz slices ... OK
Create profile matrix with method 'bin' and step 0.739 ... OK
Create profile matrix with method 'bin' and step 0.739 ... OK
Create profile matrix with method 'bin' and step 0.739 ... OK
Create profile matrix with method 'bin' and step 0.739 ... OK
Create profile matrix with method 'bin' and step 0.739 ... OK
Create profile matrix with method 'bin' and step 0.739 ... OK
Create profile matrix with method 'bin' and step 0.739 ... OK
Create profile matrix with method 'bin' and step 0.739 ... OK
Processing 29139 mz slices ... OK
Create profile matrix with method 'bin' and step 0.739 ... OK
Create profile matrix with method 'bin' and step 0.739 ... OK
Create profile matrix with method 'bin' and step 0.739 ... OK
Create profile matrix with method 'bin' and step 0.739 ... OK
Create profile matrix with method 'bin' and step 0.739 ... OK
Create profile matrix with method 'bin' and step 0.739 ... OK
Create profile matrix with method 'bin' and step 0.739 ... OK
Create profile matrix with method 'bin' and step 0.739 ... OK
Processing 29139 mz slices ... OK
Create profile matrix with method 'bin' and step 0.971 ... OK
Create profile matrix with method 'bin' and step 0.971 ... OK
Create profile matrix with method 'bin' and step 0.971 ... OK
Create profile matrix with method 'bin' and step 0.971 ... OK
Create profile matrix with method 'bin' and step 0.971 ... OK
Create profile matrix with method 'bin' and step 0.971 ... OK
Create profile matrix with method 'bin' and step 0.971 ... OK
Create profile matrix with method 'bin' and step 0.971 ... OK
Processing 29139 mz slices ... OK
Create profile matrix with method 'bin' and step 0.971 ... OK
Create profile matrix with method 'bin' and step 0.971 ... OK
Create profile matrix with method 'bin' and step 0.971 ... OK
Create profile matrix with method 'bin' and step 0.971 ... OK
Create profile matrix with method 'bin' and step 0.971 ... OK
Create profile matrix with method 'bin' and step 0.971 ... OK
Create profile matrix with method 'bin' and step 0.971 ... OK
Create profile matrix with method 'bin' and step 0.971 ... OK
Processing 29139 mz slices ... OK
Create profile matrix with method 'bin' and step 0.971 ... OK
Create profile matrix with method 'bin' and step 0.971 ... OK
Create profile matrix with method 'bin' and step 0.971 ... OK
Create profile matrix with method 'bin' and step 0.971 ... OK
Create profile matrix with method 'bin' and step 0.971 ... OK
Create profile matrix with method 'bin' and step 0.971 ... OK
Create profile matrix with method 'bin' and step 0.971 ... OK
Create profile matrix with method 'bin' and step 0.971 ... OK
Processing 29139 mz slices ... OK
Create profile matrix with method 'bin' and step 0.971 ... OK
Create profile matrix with method 'bin' and step 0.971 ... OK
Create profile matrix with method 'bin' and step 0.971 ... OK
Create profile matrix with method 'bin' and step 0.971 ... OK
Create profile matrix with method 'bin' and step 0.971 ... OK
Create profile matrix with method 'bin' and step 0.971 ... OK
Create profile matrix with method 'bin' and step 0.971 ... OK
Create profile matrix with method 'bin' and step 0.971 ... OK
Processing 29139 mz slices ... OK
Create profile matrix with method 'bin' and step 0.855 ... OK
Create profile matrix with method 'bin' and step 0.855 ... OK
Create profile matrix with method 'bin' and step 0.855 ... OK
Create profile matrix with method 'bin' and step 0.855 ... OK
Create profile matrix with method 'bin' and step 0.855 ... OK
Create profile matrix with method 'bin' and step 0.855 ... OK
Create profile matrix with method 'bin' and step 0.855 ... OK
Create profile matrix with method 'bin' and step 0.855 ... OK
Processing 37880 mz slices ... OK
Create profile matrix with method 'bin' and step 0.855 ... OK
Create profile matrix with method 'bin' and step 0.855 ... OK
Create profile matrix with method 'bin' and step 0.855 ... OK
Create profile matrix with method 'bin' and step 0.855 ... OK
Create profile matrix with method 'bin' and step 0.855 ... OK
Create profile matrix with method 'bin' and step 0.855 ... OK
Create profile matrix with method 'bin' and step 0.855 ... OK
Create profile matrix with method 'bin' and step 0.855 ... OK
Processing 37880 mz slices ... OK
Create profile matrix with method 'bin' and step 0.855 ... OK
Create profile matrix with method 'bin' and step 0.855 ... OK
Create profile matrix with method 'bin' and step 0.855 ... OK
Create profile matrix with method 'bin' and step 0.855 ... OK
Create profile matrix with method 'bin' and step 0.855 ... OK
Create profile matrix with method 'bin' and step 0.855 ... OK
Create profile matrix with method 'bin' and step 0.855 ... OK
Create profile matrix with method 'bin' and step 0.855 ... OK
Processing 37880 mz slices ... OK
Create profile matrix with method 'bin' and step 0.855 ... OK
Create profile matrix with method 'bin' and step 0.855 ... OK
Create profile matrix with method 'bin' and step 0.855 ... OK
Create profile matrix with method 'bin' and step 0.855 ... OK
Create profile matrix with method 'bin' and step 0.855 ... OK
Create profile matrix with method 'bin' and step 0.855 ... OK
Create profile matrix with method 'bin' and step 0.855 ... OK
Create profile matrix with method 'bin' and step 0.855 ... OK
Processing 37880 mz slices ... OK
Create profile matrix with method 'bin' and step 0.855 ... OK
Create profile matrix with method 'bin' and step 0.855 ... OK
Create profile matrix with method 'bin' and step 0.855 ... OK
Create profile matrix with method 'bin' and step 0.855 ... OK
Create profile matrix with method 'bin' and step 0.855 ... OK
Create profile matrix with method 'bin' and step 0.855 ... OK
Create profile matrix with method 'bin' and step 0.855 ... OK
Create profile matrix with method 'bin' and step 0.855 ... OK
Processing 37880 mz slices ... OK
Create profile matrix with method 'bin' and step 0.739 ... OK
Create profile matrix with method 'bin' and step 0.739 ... OK
Create profile matrix with method 'bin' and step 0.739 ... OK
Create profile matrix with method 'bin' and step 0.739 ... OK
Create profile matrix with method 'bin' and step 0.739 ... OK
Create profile matrix with method 'bin' and step 0.739 ... OK
Create profile matrix with method 'bin' and step 0.739 ... OK
Create profile matrix with method 'bin' and step 0.739 ... OK
Processing 37880 mz slices ... OK
Create profile matrix with method 'bin' and step 0.971 ... OK
Create profile matrix with method 'bin' and step 0.971 ... OK
Create profile matrix with method 'bin' and step 0.971 ... OK
Create profile matrix with method 'bin' and step 0.971 ... OK
Create profile matrix with method 'bin' and step 0.971 ... OK
Create profile matrix with method 'bin' and step 0.971 ... OK
Create profile matrix with method 'bin' and step 0.971 ... OK
Create profile matrix with method 'bin' and step 0.971 ... OK
Processing 37880 mz slices ... OK
Create profile matrix with method 'bin' and step 0.855 ... OK
Create profile matrix with method 'bin' and step 0.855 ... OK
Create profile matrix with method 'bin' and step 0.855 ... OK
Create profile matrix with method 'bin' and step 0.855 ... OK
Create profile matrix with method 'bin' and step 0.855 ... OK
Create profile matrix with method 'bin' and step 0.855 ... OK
Create profile matrix with method 'bin' and step 0.855 ... OK
Create profile matrix with method 'bin' and step 0.855 ... OK
Processing 37880 mz slices ... OK
Create profile matrix with method 'bin' and step 0.855 ... OK
Create profile matrix with method 'bin' and step 0.855 ... OK
Create profile matrix with method 'bin' and step 0.855 ... OK
Create profile matrix with method 'bin' and step 0.855 ... OK
Create profile matrix with method 'bin' and step 0.855 ... OK
Create profile matrix with method 'bin' and step 0.855 ... OK
Create profile matrix with method 'bin' and step 0.855 ... OK
Create profile matrix with method 'bin' and step 0.855 ... OK
Processing 37880 mz slices ... OK
Create profile matrix with method 'bin' and step 0.855 ... OK
Create profile matrix with method 'bin' and step 0.855 ... OK
Create profile matrix with method 'bin' and step 0.855 ... OK
Create profile matrix with method 'bin' and step 0.855 ... OK
Create profile matrix with method 'bin' and step 0.855 ... OK
Create profile matrix with method 'bin' and step 0.855 ... OK
Create profile matrix with method 'bin' and step 0.855 ... OK
Create profile matrix with method 'bin' and step 0.855 ... OK
Processing 54114 mz slices ... OK
Create profile matrix with method 'bin' and step 0.855 ... OK
Create profile matrix with method 'bin' and step 0.855 ... OK
Create profile matrix with method 'bin' and step 0.855 ... OK
Create profile matrix with method 'bin' and step 0.855 ... OK
Create profile matrix with method 'bin' and step 0.855 ... OK
Create profile matrix with method 'bin' and step 0.855 ... OK
Create profile matrix with method 'bin' and step 0.855 ... OK
Create profile matrix with method 'bin' and step 0.855 ... OK
Processing 29139 mz slices ... OK
Create profile matrix with method 'bin' and step 0.855 ... OK
Create profile matrix with method 'bin' and step 0.855 ... OK
Create profile matrix with method 'bin' and step 0.855 ... OK
Create profile matrix with method 'bin' and step 0.855 ... OK
Create profile matrix with method 'bin' and step 0.855 ... OK
Create profile matrix with method 'bin' and step 0.855 ... OK
Create profile matrix with method 'bin' and step 0.855 ... OK
Create profile matrix with method 'bin' and step 0.855 ... OK
Processing 37880 mz slices ... OK
Create profile matrix with method 'bin' and step 0.971 ... OK
Create profile matrix with method 'bin' and step 0.971 ... OK
Create profile matrix with method 'bin' and step 0.971 ... OK
Create profile matrix with method 'bin' and step 0.971 ... OK
Create profile matrix with method 'bin' and step 0.971 ... OK
Create profile matrix with method 'bin' and step 0.971 ... OK
Create profile matrix with method 'bin' and step 0.971 ... OK
Create profile matrix with method 'bin' and step 0.971 ... OK
Processing 32939 mz slices ... OK
no increase stopping
library(xcms)
library(Rmpi)

xset <- xcmsSet( 
  method = "centWave",
  peakwidth       = c(4, 78.5),
  ppm             = 24.5,
  noise           = 500,
  snthresh        = 10,
  mzdiff          = 0.0045,
  prefilter       = c(3, 500),
  mzCenterFun     = "wMean",
  integrate       = 2,
  fitgauss        = FALSE,
  verbose.columns = TRUE)
xset <- retcor( 
  xset,
  method         = "obiwarp",
  plottype       = "none",
  distFunc       = "cor_opt",
  profStep       = 0.855,
  center         = 5,
  response       = 1,
  gapInit        = 0.4,
  gapExtend      = 2.4,
  factorDiag     = 2,
  factorGap      = 1,
  localAlignment = 0)
xset <- group( 
  xset,
  method  = "density",
  bw      = 26.8,
  mzwid   = 0.04,
  minfrac = 0.05,
  minsamp = 1,
  max     = 50)

xset <- fillPeaks(xset)
Warning message:
In sink() : no sink to remove
