[1] ".cdf"
 [1] "/home/downloading_data/MTBLS191/cdf/Victoria_University.Subject-01.bloodplasma-1.cdf"
 [2] "/home/downloading_data/MTBLS191/cdf/Victoria_University.Subject-01.bloodplasma-2.cdf"
 [3] "/home/downloading_data/MTBLS191/cdf/Victoria_University.Subject-01.bloodplasma-3.cdf"
 [4] "/home/downloading_data/MTBLS191/cdf/Victoria_University.Subject-01.bloodplasma-4.cdf"
 [5] "/home/downloading_data/MTBLS191/cdf/Victoria_University.Subject-01.bloodplasma-5.cdf"
 [6] "/home/downloading_data/MTBLS191/cdf/Victoria_University.Subject-01.bloodplasma-6.cdf"
 [7] "/home/downloading_data/MTBLS191/cdf/Victoria_University.Subject-01.bloodplasma-7.cdf"
 [8] "/home/downloading_data/MTBLS191/cdf/Victoria_University.Subject-01.bloodplasma-8.cdf"
 [9] "/home/downloading_data/MTBLS191/cdf/Victoria_University.Subject-02.bloodplasma-1.cdf"
[10] "/home/downloading_data/MTBLS191/cdf/Victoria_University.Subject-02.bloodplasma-2.cdf"
[11] "/home/downloading_data/MTBLS191/cdf/Victoria_University.Subject-02.bloodplasma-3.cdf"
[12] "/home/downloading_data/MTBLS191/cdf/Victoria_University.Subject-02.bloodplasma-4.cdf"
[13] "/home/downloading_data/MTBLS191/cdf/Victoria_University.Subject-02.bloodplasma-5.cdf"
[14] "/home/downloading_data/MTBLS191/cdf/Victoria_University.Subject-02.bloodplasma-6.cdf"
[15] "/home/downloading_data/MTBLS191/cdf/Victoria_University.Subject-02.bloodplasma-7.cdf"
[16] "/home/downloading_data/MTBLS191/cdf/Victoria_University.Subject-02.bloodplasma-8.cdf"
[17] "/home/downloading_data/MTBLS191/cdf/Victoria_University.Subject-03.bloodplasma-1.cdf"
[18] "/home/downloading_data/MTBLS191/cdf/Victoria_University.Subject-03.bloodplasma-3.cdf"
[19] "/home/downloading_data/MTBLS191/cdf/Victoria_University.Subject-03.bloodplasma-4.cdf"
[20] "/home/downloading_data/MTBLS191/cdf/Victoria_University.Subject-03.bloodplasma-5.cdf"
[21] "/home/downloading_data/MTBLS191/cdf/Victoria_University.Subject-03.bloodplasma-7.cdf"
[22] "/home/downloading_data/MTBLS191/cdf/Victoria_University.Subject-03.bloodplasma-8.cdf"
[23] "/home/downloading_data/MTBLS191/cdf/Victoria_University.Subject-04.bloodplasma-1.cdf"
[24] "/home/downloading_data/MTBLS191/cdf/Victoria_University.Subject-04.bloodplasma-2.cdf"
[25] "/home/downloading_data/MTBLS191/cdf/Victoria_University.Subject-04.bloodplasma-3.cdf"
[26] "/home/downloading_data/MTBLS191/cdf/Victoria_University.Subject-04.bloodplasma-4.cdf"
[27] "/home/downloading_data/MTBLS191/cdf/Victoria_University.Subject-04.bloodplasma-5.cdf"
[28] "/home/downloading_data/MTBLS191/cdf/Victoria_University.Subject-04.bloodplasma-6.cdf"
[29] "/home/downloading_data/MTBLS191/cdf/Victoria_University.Subject-04.bloodplasma-7.cdf"
[30] "/home/downloading_data/MTBLS191/cdf/Victoria_University.Subject-04.bloodplasma-8.cdf"
[31] "/home/downloading_data/MTBLS191/cdf/Victoria_University.Subject-05.bloodplasma-1.cdf"
[32] "/home/downloading_data/MTBLS191/cdf/Victoria_University.Subject-05.bloodplasma-2.cdf"
[33] "/home/downloading_data/MTBLS191/cdf/Victoria_University.Subject-05.bloodplasma-3.cdf"
[34] "/home/downloading_data/MTBLS191/cdf/Victoria_University.Subject-05.bloodplasma-4.cdf"
[35] "/home/downloading_data/MTBLS191/cdf/Victoria_University.Subject-05.bloodplasma-5.cdf"
[36] "/home/downloading_data/MTBLS191/cdf/Victoria_University.Subject-05.bloodplasma-6.cdf"
[37] "/home/downloading_data/MTBLS191/cdf/Victoria_University.Subject-05.bloodplasma-7.cdf"
[38] "/home/downloading_data/MTBLS191/cdf/Victoria_University.Subject-05.bloodplasma-8.cdf"
[39] "/home/downloading_data/MTBLS191/cdf/Victoria_University.Subject-06.bloodplasma-1.cdf"
[40] "/home/downloading_data/MTBLS191/cdf/Victoria_University.Subject-06.bloodplasma-2.cdf"
[41] "/home/downloading_data/MTBLS191/cdf/Victoria_University.Subject-06.bloodplasma-3.cdf"
[42] "/home/downloading_data/MTBLS191/cdf/Victoria_University.Subject-06.bloodplasma-4.cdf"
[43] "/home/downloading_data/MTBLS191/cdf/Victoria_University.Subject-06.bloodplasma-5.cdf"
[44] "/home/downloading_data/MTBLS191/cdf/Victoria_University.Subject-06.bloodplasma-6.cdf"
[45] "/home/downloading_data/MTBLS191/cdf/Victoria_University.Subject-06.bloodplasma-7.cdf"
[46] "/home/downloading_data/MTBLS191/cdf/Victoria_University.Subject-06.bloodplasma-8.cdf"
[47] "/home/downloading_data/MTBLS191/cdf/Victoria_University.Subject-07.bloodplasma-1.cdf"
[48] "/home/downloading_data/MTBLS191/cdf/Victoria_University.Subject-07.bloodplasma-2.cdf"
[49] "/home/downloading_data/MTBLS191/cdf/Victoria_University.Subject-07.bloodplasma-3.cdf"
[50] "/home/downloading_data/MTBLS191/cdf/Victoria_University.Subject-07.bloodplasma-4.cdf"
[51] "/home/downloading_data/MTBLS191/cdf/Victoria_University.Subject-07.bloodplasma-5.cdf"
[52] "/home/downloading_data/MTBLS191/cdf/Victoria_University.Subject-07.bloodplasma-6.cdf"
[53] "/home/downloading_data/MTBLS191/cdf/Victoria_University.Subject-07.bloodplasma-7.cdf"
[54] "/home/downloading_data/MTBLS191/cdf/Victoria_University.Subject-07.bloodplasma-8.cdf"
