xsAnnotate contains no pseudospectra. Regroup all peaks into one!
Generating peak matrix!
Run isotope peak annotation
 % finished: 100  
Found isotopes: 0 
xsAnnotate contains no pseudospectra. Regroup all peaks into one!
Generating peak matrix!
Run isotope peak annotation
 % finished: 100  
Found isotopes: 0 
xsAnnotate contains no pseudospectra. Regroup all peaks into one!
Generating peak matrix!
Run isotope peak annotation
 % finished: 100  
Found isotopes: 0 
xsAnnotate contains no pseudospectra. Regroup all peaks into one!
Generating peak matrix!
Run isotope peak annotation
 % finished: 100  
Found isotopes: 0 
xsAnnotate contains no pseudospectra. Regroup all peaks into one!
Generating peak matrix!
Run isotope peak annotation
 % finished: 100  
Found isotopes: 0 
xsAnnotate contains no pseudospectra. Regroup all peaks into one!
Generating peak matrix!
Run isotope peak annotation
 % finished: 100  
Found isotopes: 0 
xsAnnotate contains no pseudospectra. Regroup all peaks into one!
Generating peak matrix!
Run isotope peak annotation
 % finished: 100  
Found isotopes: 0 
xsAnnotate contains no pseudospectra. Regroup all peaks into one!
Generating peak matrix!
Run isotope peak annotation
 % finished: 100  
Found isotopes: 0 
xsAnnotate contains no pseudospectra. Regroup all peaks into one!
Generating peak matrix!
Run isotope peak annotation
 % finished: 100  
Found isotopes: 0 
xsAnnotate contains no pseudospectra. Regroup all peaks into one!
Generating peak matrix!
Run isotope peak annotation
 % finished: 100  
Found isotopes: 0 
xsAnnotate contains no pseudospectra. Regroup all peaks into one!
Generating peak matrix!
Run isotope peak annotation
 % finished: 100  
Found isotopes: 0 
xsAnnotate contains no pseudospectra. Regroup all peaks into one!
Generating peak matrix!
Run isotope peak annotation
 % finished: 100  
Found isotopes: 0 
xsAnnotate contains no pseudospectra. Regroup all peaks into one!
Generating peak matrix!
Run isotope peak annotation
 % finished: 100  
Found isotopes: 0 
xsAnnotate contains no pseudospectra. Regroup all peaks into one!
Generating peak matrix!
Run isotope peak annotation
 % finished: 100  
Found isotopes: 0 
xsAnnotate contains no pseudospectra. Regroup all peaks into one!
Generating peak matrix!
Run isotope peak annotation
 % finished: 100  
Found isotopes: 0 
xsAnnotate contains no pseudospectra. Regroup all peaks into one!
Generating peak matrix!
Run isotope peak annotation
 % finished: 100  
Found isotopes: 0 
xsAnnotate contains no pseudospectra. Regroup all peaks into one!
Generating peak matrix!
Run isotope peak annotation
 % finished: 100  
Found isotopes: 0 
xsAnnotate contains no pseudospectra. Regroup all peaks into one!
Generating peak matrix!
Run isotope peak annotation
 % finished: 100  
Found isotopes: 0 
xsAnnotate contains no pseudospectra. Regroup all peaks into one!
Generating peak matrix!
Run isotope peak annotation
 % finished: 100  
Found isotopes: 0 
xsAnnotate contains no pseudospectra. Regroup all peaks into one!
Generating peak matrix!
Run isotope peak annotation
 % finished: 100  
Found isotopes: 0 
xsAnnotate contains no pseudospectra. Regroup all peaks into one!
Generating peak matrix!
Run isotope peak annotation
 % finished: 100  
Found isotopes: 0 
xsAnnotate contains no pseudospectra. Regroup all peaks into one!
Generating peak matrix!
Run isotope peak annotation
 % finished: 100  
Found isotopes: 0 
xsAnnotate contains no pseudospectra. Regroup all peaks into one!
Generating peak matrix!
Run isotope peak annotation
 % finished: 100  
Found isotopes: 0 
xsAnnotate contains no pseudospectra. Regroup all peaks into one!
Generating peak matrix!
Run isotope peak annotation
 % finished: 100  
Found isotopes: 0 
xsAnnotate contains no pseudospectra. Regroup all peaks into one!
Generating peak matrix!
Run isotope peak annotation
 % finished: 100  
Found isotopes: 0 
xsAnnotate contains no pseudospectra. Regroup all peaks into one!
Generating peak matrix!
Run isotope peak annotation
 % finished: 100  
Found isotopes: 0 
xsAnnotate contains no pseudospectra. Regroup all peaks into one!
Generating peak matrix!
Run isotope peak annotation
 % finished: 100  
Found isotopes: 0 
xsAnnotate contains no pseudospectra. Regroup all peaks into one!
Generating peak matrix!
Run isotope peak annotation
 % finished: 100  
Found isotopes: 0 
xsAnnotate contains no pseudospectra. Regroup all peaks into one!
Generating peak matrix!
Run isotope peak annotation
 % finished: 100  
Found isotopes: 0 
xsAnnotate contains no pseudospectra. Regroup all peaks into one!
Generating peak matrix!
Run isotope peak annotation
 % finished: 100  
Found isotopes: 0 
xsAnnotate contains no pseudospectra. Regroup all peaks into one!
Generating peak matrix!
Run isotope peak annotation
 % finished: 100  
Found isotopes: 0 
xsAnnotate contains no pseudospectra. Regroup all peaks into one!
Generating peak matrix!
Run isotope peak annotation
 % finished: 100  
Found isotopes: 0 
xsAnnotate contains no pseudospectra. Regroup all peaks into one!
Generating peak matrix!
Run isotope peak annotation
 % finished: 100  
Found isotopes: 0 
xsAnnotate contains no pseudospectra. Regroup all peaks into one!
Generating peak matrix!
Run isotope peak annotation
 % finished: 100  
Found isotopes: 0 
xsAnnotate contains no pseudospectra. Regroup all peaks into one!
Generating peak matrix!
Run isotope peak annotation
 % finished: 100  
Found isotopes: 0 
xsAnnotate contains no pseudospectra. Regroup all peaks into one!
Generating peak matrix!
Run isotope peak annotation
 % finished: 100  
Found isotopes: 0 
xsAnnotate contains no pseudospectra. Regroup all peaks into one!
Generating peak matrix!
Run isotope peak annotation
 % finished: 100  
Found isotopes: 0 
xsAnnotate contains no pseudospectra. Regroup all peaks into one!
Generating peak matrix!
Run isotope peak annotation
 % finished: 100  
Found isotopes: 0 
xsAnnotate contains no pseudospectra. Regroup all peaks into one!
Generating peak matrix!
Run isotope peak annotation
 % finished: 100  
Found isotopes: 0 
xsAnnotate contains no pseudospectra. Regroup all peaks into one!
Generating peak matrix!
Run isotope peak annotation
 % finished: 100  
Found isotopes: 0 
xsAnnotate contains no pseudospectra. Regroup all peaks into one!
Generating peak matrix!
Run isotope peak annotation
 % finished: 100  
Found isotopes: 0 
xsAnnotate contains no pseudospectra. Regroup all peaks into one!
Generating peak matrix!
Run isotope peak annotation
 % finished: 100  
Found isotopes: 0 
xsAnnotate contains no pseudospectra. Regroup all peaks into one!
Generating peak matrix!
Run isotope peak annotation
 % finished: 100  
Found isotopes: 0 
xsAnnotate contains no pseudospectra. Regroup all peaks into one!
Generating peak matrix!
Run isotope peak annotation
 % finished: 100  
Found isotopes: 0 
xsAnnotate contains no pseudospectra. Regroup all peaks into one!
Generating peak matrix!
Run isotope peak annotation
 % finished: 100  
Found isotopes: 0 
xsAnnotate contains no pseudospectra. Regroup all peaks into one!
Generating peak matrix!
Run isotope peak annotation
 % finished: 100  
Found isotopes: 0 
xsAnnotate contains no pseudospectra. Regroup all peaks into one!
Generating peak matrix!
Run isotope peak annotation
 % finished: 100  
Found isotopes: 0 
xsAnnotate contains no pseudospectra. Regroup all peaks into one!
Generating peak matrix!
Run isotope peak annotation
 % finished: 100  
Found isotopes: 0 
xsAnnotate contains no pseudospectra. Regroup all peaks into one!
Generating peak matrix!
Run isotope peak annotation
 % finished: 100  
Found isotopes: 0 
xsAnnotate contains no pseudospectra. Regroup all peaks into one!
Generating peak matrix!
Run isotope peak annotation
 % finished: 100  
Found isotopes: 0 
xsAnnotate contains no pseudospectra. Regroup all peaks into one!
Generating peak matrix!
Run isotope peak annotation
 % finished: 100  
Found isotopes: 0 
xsAnnotate contains no pseudospectra. Regroup all peaks into one!
Generating peak matrix!
Run isotope peak annotation
 % finished: 100  
Found isotopes: 0 
xsAnnotate contains no pseudospectra. Regroup all peaks into one!
Generating peak matrix!
Run isotope peak annotation
 % finished: 100  
Found isotopes: 0 
xsAnnotate contains no pseudospectra. Regroup all peaks into one!
Generating peak matrix!
Run isotope peak annotation
 % finished: 100  
Found isotopes: 0 
xsAnnotate contains no pseudospectra. Regroup all peaks into one!
Generating peak matrix!
Run isotope peak annotation
 % finished: 100  
Found isotopes: 0 
xsAnnotate contains no pseudospectra. Regroup all peaks into one!
Generating peak matrix!
Run isotope peak annotation
 % finished: 100  
Found isotopes: 0 
xsAnnotate contains no pseudospectra. Regroup all peaks into one!
Generating peak matrix!
Run isotope peak annotation
 % finished: 100  
Found isotopes: 0 
xsAnnotate contains no pseudospectra. Regroup all peaks into one!
Generating peak matrix!
Run isotope peak annotation
 % finished: 100  
Found isotopes: 0 
xsAnnotate contains no pseudospectra. Regroup all peaks into one!
Generating peak matrix!
Run isotope peak annotation
 % finished: 100  
Found isotopes: 0 
xsAnnotate contains no pseudospectra. Regroup all peaks into one!
Generating peak matrix!
Run isotope peak annotation
 % finished: 100  
Found isotopes: 0 
xsAnnotate contains no pseudospectra. Regroup all peaks into one!
Generating peak matrix!
Run isotope peak annotation
 % finished: 100  
Found isotopes: 0 
xsAnnotate contains no pseudospectra. Regroup all peaks into one!
Generating peak matrix!
Run isotope peak annotation
 % finished: 100  
Found isotopes: 0 
xsAnnotate contains no pseudospectra. Regroup all peaks into one!
Generating peak matrix!
Run isotope peak annotation
 % finished: 100  
Found isotopes: 0 
xsAnnotate contains no pseudospectra. Regroup all peaks into one!
Generating peak matrix!
Run isotope peak annotation
 % finished: 100  
Found isotopes: 0 
xsAnnotate contains no pseudospectra. Regroup all peaks into one!
Generating peak matrix!
Run isotope peak annotation
 % finished: 100  
Found isotopes: 0 
xsAnnotate contains no pseudospectra. Regroup all peaks into one!
Generating peak matrix!
Run isotope peak annotation
 % finished: 100  
Found isotopes: 0 
xsAnnotate contains no pseudospectra. Regroup all peaks into one!
Generating peak matrix!
Run isotope peak annotation
 % finished: 100  
Found isotopes: 0 
xsAnnotate contains no pseudospectra. Regroup all peaks into one!
Generating peak matrix!
Run isotope peak annotation
 % finished: 100  
Found isotopes: 0 
xsAnnotate contains no pseudospectra. Regroup all peaks into one!
Generating peak matrix!
Run isotope peak annotation
 % finished: 100  
Found isotopes: 0 
xsAnnotate contains no pseudospectra. Regroup all peaks into one!
Generating peak matrix!
Run isotope peak annotation
 % finished: 100  
Found isotopes: 0 
xsAnnotate contains no pseudospectra. Regroup all peaks into one!
Generating peak matrix!
Run isotope peak annotation
 % finished: 100  
Found isotopes: 0 
xsAnnotate contains no pseudospectra. Regroup all peaks into one!
Generating peak matrix!
Run isotope peak annotation
 % finished: 100  
Found isotopes: 0 
xsAnnotate contains no pseudospectra. Regroup all peaks into one!
Generating peak matrix!
Run isotope peak annotation
 % finished: 100  
Found isotopes: 0 
xsAnnotate contains no pseudospectra. Regroup all peaks into one!
Generating peak matrix!
Run isotope peak annotation
 % finished: 100  
Found isotopes: 0 
xsAnnotate contains no pseudospectra. Regroup all peaks into one!
Generating peak matrix!
Run isotope peak annotation
 % finished: 100  
Found isotopes: 0 
xsAnnotate contains no pseudospectra. Regroup all peaks into one!
Generating peak matrix!
Run isotope peak annotation
 % finished: 100  
Found isotopes: 0 
xsAnnotate contains no pseudospectra. Regroup all peaks into one!
Generating peak matrix!
Run isotope peak annotation
 % finished: 100  
Found isotopes: 0 
xsAnnotate contains no pseudospectra. Regroup all peaks into one!
Generating peak matrix!
Run isotope peak annotation
 % finished: 100  
Found isotopes: 0 
xsAnnotate contains no pseudospectra. Regroup all peaks into one!
Generating peak matrix!
Run isotope peak annotation
 % finished: 100  
Found isotopes: 0 
xsAnnotate contains no pseudospectra. Regroup all peaks into one!
Generating peak matrix!
Run isotope peak annotation
 % finished: 100  
Found isotopes: 0 
xsAnnotate contains no pseudospectra. Regroup all peaks into one!
Generating peak matrix!
Run isotope peak annotation
 % finished: 100  
Found isotopes: 0 
xsAnnotate contains no pseudospectra. Regroup all peaks into one!
Generating peak matrix!
Run isotope peak annotation
 % finished: 100  
Found isotopes: 0 
xsAnnotate contains no pseudospectra. Regroup all peaks into one!
Generating peak matrix!
Run isotope peak annotation
 % finished: 100  
Found isotopes: 0 
xsAnnotate contains no pseudospectra. Regroup all peaks into one!
Generating peak matrix!
Run isotope peak annotation
 % finished: 100  
Found isotopes: 0 
xsAnnotate contains no pseudospectra. Regroup all peaks into one!
Generating peak matrix!
Run isotope peak annotation
 % finished: 100  
Found isotopes: 0 
xsAnnotate contains no pseudospectra. Regroup all peaks into one!
Generating peak matrix!
Run isotope peak annotation
 % finished: 100  
Found isotopes: 0 
xsAnnotate contains no pseudospectra. Regroup all peaks into one!
Generating peak matrix!
Run isotope peak annotation
 % finished: 100  
Found isotopes: 0 
xsAnnotate contains no pseudospectra. Regroup all peaks into one!
Generating peak matrix!
Run isotope peak annotation
 % finished: 100  
Found isotopes: 0 
xsAnnotate contains no pseudospectra. Regroup all peaks into one!
Generating peak matrix!
Run isotope peak annotation
 % finished: 100  
Found isotopes: 0 
xsAnnotate contains no pseudospectra. Regroup all peaks into one!
Generating peak matrix!
Run isotope peak annotation
 % finished: 100  
Found isotopes: 0 
xsAnnotate contains no pseudospectra. Regroup all peaks into one!
Generating peak matrix!
Run isotope peak annotation
 % finished: 100  
Found isotopes: 0 
xsAnnotate contains no pseudospectra. Regroup all peaks into one!
Generating peak matrix!
Run isotope peak annotation
 % finished: 100  
Found isotopes: 0 
xsAnnotate contains no pseudospectra. Regroup all peaks into one!
Generating peak matrix!
Run isotope peak annotation
 % finished: 100  
Found isotopes: 0 
xsAnnotate contains no pseudospectra. Regroup all peaks into one!
Generating peak matrix!
Run isotope peak annotation
 % finished: 100  
Found isotopes: 0 
xsAnnotate contains no pseudospectra. Regroup all peaks into one!
Generating peak matrix!
Run isotope peak annotation
 % finished: 100  
Found isotopes: 0 
xsAnnotate contains no pseudospectra. Regroup all peaks into one!
Generating peak matrix!
Run isotope peak annotation
 % finished: 100  
Found isotopes: 0 
xsAnnotate contains no pseudospectra. Regroup all peaks into one!
Generating peak matrix!
Run isotope peak annotation
 % finished: 100  
Found isotopes: 0 
xsAnnotate contains no pseudospectra. Regroup all peaks into one!
Generating peak matrix!
Run isotope peak annotation
 % finished: 100  
Found isotopes: 0 
xsAnnotate contains no pseudospectra. Regroup all peaks into one!
Generating peak matrix!
Run isotope peak annotation
 % finished: 100  
Found isotopes: 0 
xsAnnotate contains no pseudospectra. Regroup all peaks into one!
Generating peak matrix!
Run isotope peak annotation
 % finished: 100  
Found isotopes: 0 
xsAnnotate contains no pseudospectra. Regroup all peaks into one!
Generating peak matrix!
Run isotope peak annotation
 % finished: 100  
Found isotopes: 0 
xsAnnotate contains no pseudospectra. Regroup all peaks into one!
Generating peak matrix!
Run isotope peak annotation
 % finished: 100  
Found isotopes: 0 
xsAnnotate contains no pseudospectra. Regroup all peaks into one!
Generating peak matrix!
Run isotope peak annotation
 % finished: 100  
Found isotopes: 0 
xsAnnotate contains no pseudospectra. Regroup all peaks into one!
Generating peak matrix!
Run isotope peak annotation
 % finished: 100  
Found isotopes: 0 
xsAnnotate contains no pseudospectra. Regroup all peaks into one!
Generating peak matrix!
Run isotope peak annotation
 % finished: 100  
Found isotopes: 0 
xsAnnotate contains no pseudospectra. Regroup all peaks into one!
Generating peak matrix!
Run isotope peak annotation
 % finished: 100  
Found isotopes: 0 
xsAnnotate contains no pseudospectra. Regroup all peaks into one!
Generating peak matrix!
Run isotope peak annotation
 % finished: 100  
Found isotopes: 0 
xsAnnotate contains no pseudospectra. Regroup all peaks into one!
Generating peak matrix!
Run isotope peak annotation
 % finished: 100  
Found isotopes: 0 
xsAnnotate contains no pseudospectra. Regroup all peaks into one!
Generating peak matrix!
Run isotope peak annotation
 % finished: 100  
Found isotopes: 0 
xsAnnotate contains no pseudospectra. Regroup all peaks into one!
Generating peak matrix!
Run isotope peak annotation
 % finished: 100  
Found isotopes: 0 
xsAnnotate contains no pseudospectra. Regroup all peaks into one!
Generating peak matrix!
Run isotope peak annotation
 % finished: 100  
Found isotopes: 0 
xsAnnotate contains no pseudospectra. Regroup all peaks into one!
Generating peak matrix!
Run isotope peak annotation
 % finished: 100  
Found isotopes: 0 
xsAnnotate contains no pseudospectra. Regroup all peaks into one!
Generating peak matrix!
Run isotope peak annotation
 % finished: 100  
Found isotopes: 0 
xsAnnotate contains no pseudospectra. Regroup all peaks into one!
Generating peak matrix!
Run isotope peak annotation
 % finished: 100  
Found isotopes: 0 
xsAnnotate contains no pseudospectra. Regroup all peaks into one!
Generating peak matrix!
Run isotope peak annotation
 % finished: 100  
Found isotopes: 0 
xsAnnotate contains no pseudospectra. Regroup all peaks into one!
Generating peak matrix!
Run isotope peak annotation
 % finished: 100  
Found isotopes: 0 
xsAnnotate contains no pseudospectra. Regroup all peaks into one!
Generating peak matrix!
Run isotope peak annotation
 % finished: 100  
Found isotopes: 0 
xsAnnotate contains no pseudospectra. Regroup all peaks into one!
Generating peak matrix!
Run isotope peak annotation
 % finished: 100  
Found isotopes: 0 
xsAnnotate contains no pseudospectra. Regroup all peaks into one!
Generating peak matrix!
Run isotope peak annotation
 % finished: 100  
Found isotopes: 0 
xsAnnotate contains no pseudospectra. Regroup all peaks into one!
Generating peak matrix!
Run isotope peak annotation
 % finished: 100  
Found isotopes: 0 
xsAnnotate contains no pseudospectra. Regroup all peaks into one!
Generating peak matrix!
Run isotope peak annotation
 % finished: 100  
Found isotopes: 0 
xsAnnotate contains no pseudospectra. Regroup all peaks into one!
Generating peak matrix!
Run isotope peak annotation
 % finished: 100  
Found isotopes: 0 
xsAnnotate contains no pseudospectra. Regroup all peaks into one!
Generating peak matrix!
Run isotope peak annotation
 % finished: 100  
Found isotopes: 0 
xsAnnotate contains no pseudospectra. Regroup all peaks into one!
Generating peak matrix!
Run isotope peak annotation
 % finished: 100  
Found isotopes: 0 
xsAnnotate contains no pseudospectra. Regroup all peaks into one!
Generating peak matrix!
Run isotope peak annotation
 % finished: 100  
Found isotopes: 0 
xsAnnotate contains no pseudospectra. Regroup all peaks into one!
Generating peak matrix!
Run isotope peak annotation
 % finished: 100  
Found isotopes: 0 
xsAnnotate contains no pseudospectra. Regroup all peaks into one!
Generating peak matrix!
Run isotope peak annotation
 % finished: 100  
Found isotopes: 0 
xsAnnotate contains no pseudospectra. Regroup all peaks into one!
Generating peak matrix!
Run isotope peak annotation
 % finished: 100  
Found isotopes: 0 
xsAnnotate contains no pseudospectra. Regroup all peaks into one!
Generating peak matrix!
Run isotope peak annotation
 % finished: 100  
Found isotopes: 0 
xsAnnotate contains no pseudospectra. Regroup all peaks into one!
Generating peak matrix!
Run isotope peak annotation
 % finished: 100  
Found isotopes: 0 
xsAnnotate contains no pseudospectra. Regroup all peaks into one!
Generating peak matrix!
Run isotope peak annotation
 % finished: 100  
Found isotopes: 0 
xsAnnotate contains no pseudospectra. Regroup all peaks into one!
Generating peak matrix!
Run isotope peak annotation
 % finished: 100  
Found isotopes: 0 
xsAnnotate contains no pseudospectra. Regroup all peaks into one!
Generating peak matrix!
Run isotope peak annotation
 % finished: 100  
Found isotopes: 0 
xsAnnotate contains no pseudospectra. Regroup all peaks into one!
Generating peak matrix!
Run isotope peak annotation
 % finished: 100  
Found isotopes: 0 
xsAnnotate contains no pseudospectra. Regroup all peaks into one!
Generating peak matrix!
Run isotope peak annotation
 % finished: 100  
Found isotopes: 0 
xsAnnotate contains no pseudospectra. Regroup all peaks into one!
Generating peak matrix!
Run isotope peak annotation
 % finished: 100  
Found isotopes: 0 
xsAnnotate contains no pseudospectra. Regroup all peaks into one!
Generating peak matrix!
Run isotope peak annotation
 % finished: 100  
Found isotopes: 0 
xsAnnotate contains no pseudospectra. Regroup all peaks into one!
Generating peak matrix!
Run isotope peak annotation
 % finished: 100  
Found isotopes: 0 
xsAnnotate contains no pseudospectra. Regroup all peaks into one!
Generating peak matrix!
Run isotope peak annotation
 % finished: 100  
Found isotopes: 0 
xsAnnotate contains no pseudospectra. Regroup all peaks into one!
Generating peak matrix!
Run isotope peak annotation
 % finished: 100  
Found isotopes: 0 
xsAnnotate contains no pseudospectra. Regroup all peaks into one!
Generating peak matrix!
Run isotope peak annotation
 % finished: 100  
Found isotopes: 0 
xsAnnotate contains no pseudospectra. Regroup all peaks into one!
Generating peak matrix!
Run isotope peak annotation
 % finished: 100  
Found isotopes: 0 
xsAnnotate contains no pseudospectra. Regroup all peaks into one!
Generating peak matrix!
Run isotope peak annotation
 % finished: 100  
Found isotopes: 0 
xsAnnotate contains no pseudospectra. Regroup all peaks into one!
Generating peak matrix!
Run isotope peak annotation
 % finished: 100  
Found isotopes: 0 
xsAnnotate contains no pseudospectra. Regroup all peaks into one!
Generating peak matrix!
Run isotope peak annotation
 % finished: 100  
Found isotopes: 0 
xsAnnotate contains no pseudospectra. Regroup all peaks into one!
Generating peak matrix!
Run isotope peak annotation
 % finished: 100  
Found isotopes: 0 
xsAnnotate contains no pseudospectra. Regroup all peaks into one!
Generating peak matrix!
Run isotope peak annotation
 % finished: 100  
Found isotopes: 0 
xsAnnotate contains no pseudospectra. Regroup all peaks into one!
Generating peak matrix!
Run isotope peak annotation
 % finished: 100  
Found isotopes: 0 
xsAnnotate contains no pseudospectra. Regroup all peaks into one!
Generating peak matrix!
Run isotope peak annotation
 % finished: 100  
Found isotopes: 0 
xsAnnotate contains no pseudospectra. Regroup all peaks into one!
Generating peak matrix!
Run isotope peak annotation
 % finished: 100  
Found isotopes: 0 
xsAnnotate contains no pseudospectra. Regroup all peaks into one!
Generating peak matrix!
Run isotope peak annotation
 % finished: 100  
Found isotopes: 0 
xsAnnotate contains no pseudospectra. Regroup all peaks into one!
Generating peak matrix!
Run isotope peak annotation
 % finished: 100  
Found isotopes: 0 
xsAnnotate contains no pseudospectra. Regroup all peaks into one!
Generating peak matrix!
Run isotope peak annotation
 % finished: 100  
Found isotopes: 0 
xsAnnotate contains no pseudospectra. Regroup all peaks into one!
Generating peak matrix!
Run isotope peak annotation
 % finished: 100  
Found isotopes: 0 
xsAnnotate contains no pseudospectra. Regroup all peaks into one!
Generating peak matrix!
Run isotope peak annotation
 % finished: 100  
Found isotopes: 0 
xsAnnotate contains no pseudospectra. Regroup all peaks into one!
Generating peak matrix!
Run isotope peak annotation
 % finished: 100  
Found isotopes: 0 
xsAnnotate contains no pseudospectra. Regroup all peaks into one!
Generating peak matrix!
Run isotope peak annotation
 % finished: 100  
Found isotopes: 0 
xsAnnotate contains no pseudospectra. Regroup all peaks into one!
Generating peak matrix!
Run isotope peak annotation
 % finished: 100  
Found isotopes: 0 
center sample:  Victoria_University.Subject-04.bloodplasma-4 
Processing: Victoria_University.Subject-03.bloodplasma-8  Victoria_University.Subject-07.bloodplasma-4  Victoria_University.Subject-05.bloodplasma-4  Victoria_University.Subject-07.bloodplasma-7  
center sample:  Victoria_University.Subject-04.bloodplasma-4 
Processing: Victoria_University.Subject-03.bloodplasma-8  Victoria_University.Subject-07.bloodplasma-4  Victoria_University.Subject-05.bloodplasma-4  Victoria_University.Subject-07.bloodplasma-7  
center sample:  Victoria_University.Subject-04.bloodplasma-4 
Processing: Victoria_University.Subject-03.bloodplasma-8  Victoria_University.Subject-07.bloodplasma-4  Victoria_University.Subject-05.bloodplasma-4  Victoria_University.Subject-07.bloodplasma-7  
center sample:  Victoria_University.Subject-04.bloodplasma-4 
Processing: Victoria_University.Subject-03.bloodplasma-8  Victoria_University.Subject-07.bloodplasma-4  Victoria_University.Subject-05.bloodplasma-4  Victoria_University.Subject-07.bloodplasma-7  
center sample:  Victoria_University.Subject-04.bloodplasma-4 
Processing: Victoria_University.Subject-03.bloodplasma-8  Victoria_University.Subject-07.bloodplasma-4  Victoria_University.Subject-05.bloodplasma-4  Victoria_University.Subject-07.bloodplasma-7  
center sample:  Victoria_University.Subject-04.bloodplasma-4 
Processing: Victoria_University.Subject-03.bloodplasma-8  Victoria_University.Subject-07.bloodplasma-4  Victoria_University.Subject-05.bloodplasma-4  Victoria_University.Subject-07.bloodplasma-7  
center sample:  Victoria_University.Subject-04.bloodplasma-4 
Processing: Victoria_University.Subject-03.bloodplasma-8  Victoria_University.Subject-07.bloodplasma-4  Victoria_University.Subject-05.bloodplasma-4  Victoria_University.Subject-07.bloodplasma-7  
center sample:  Victoria_University.Subject-04.bloodplasma-4 
Processing: Victoria_University.Subject-03.bloodplasma-8  Victoria_University.Subject-07.bloodplasma-4  Victoria_University.Subject-05.bloodplasma-4  Victoria_University.Subject-07.bloodplasma-7  
center sample:  Victoria_University.Subject-04.bloodplasma-4 
Processing: Victoria_University.Subject-03.bloodplasma-8  Victoria_University.Subject-07.bloodplasma-4  Victoria_University.Subject-05.bloodplasma-4  Victoria_University.Subject-07.bloodplasma-7  
center sample:  Victoria_University.Subject-04.bloodplasma-4 
Processing: Victoria_University.Subject-03.bloodplasma-8  Victoria_University.Subject-07.bloodplasma-4  Victoria_University.Subject-05.bloodplasma-4  Victoria_University.Subject-07.bloodplasma-7  
center sample:  Victoria_University.Subject-04.bloodplasma-4 
Processing: Victoria_University.Subject-03.bloodplasma-8  Victoria_University.Subject-07.bloodplasma-4  Victoria_University.Subject-05.bloodplasma-4  Victoria_University.Subject-07.bloodplasma-7  
center sample:  Victoria_University.Subject-04.bloodplasma-4 
Processing: Victoria_University.Subject-03.bloodplasma-8  Victoria_University.Subject-07.bloodplasma-4  Victoria_University.Subject-05.bloodplasma-4  Victoria_University.Subject-07.bloodplasma-7  
center sample:  Victoria_University.Subject-04.bloodplasma-4 
Processing: Victoria_University.Subject-03.bloodplasma-8  Victoria_University.Subject-07.bloodplasma-4  Victoria_University.Subject-05.bloodplasma-4  Victoria_University.Subject-07.bloodplasma-7  
center sample:  Victoria_University.Subject-04.bloodplasma-4 
Processing: Victoria_University.Subject-03.bloodplasma-8  Victoria_University.Subject-07.bloodplasma-4  Victoria_University.Subject-05.bloodplasma-4  Victoria_University.Subject-07.bloodplasma-7  
center sample:  Victoria_University.Subject-04.bloodplasma-4 
Processing: Victoria_University.Subject-03.bloodplasma-8  Victoria_University.Subject-07.bloodplasma-4  Victoria_University.Subject-05.bloodplasma-4  Victoria_University.Subject-07.bloodplasma-7  
center sample:  Victoria_University.Subject-04.bloodplasma-4 
Processing: Victoria_University.Subject-03.bloodplasma-8  Victoria_University.Subject-07.bloodplasma-4  Victoria_University.Subject-05.bloodplasma-4  Victoria_University.Subject-07.bloodplasma-7  
center sample:  Victoria_University.Subject-04.bloodplasma-4 
Processing: Victoria_University.Subject-03.bloodplasma-8  Victoria_University.Subject-07.bloodplasma-4  Victoria_University.Subject-05.bloodplasma-4  Victoria_University.Subject-07.bloodplasma-7  
center sample:  Victoria_University.Subject-04.bloodplasma-4 
Processing: Victoria_University.Subject-03.bloodplasma-8  Victoria_University.Subject-07.bloodplasma-4  Victoria_University.Subject-05.bloodplasma-4  Victoria_University.Subject-07.bloodplasma-7  
center sample:  Victoria_University.Subject-04.bloodplasma-4 
Processing: Victoria_University.Subject-03.bloodplasma-8  Victoria_University.Subject-07.bloodplasma-4  Victoria_University.Subject-05.bloodplasma-4  Victoria_University.Subject-07.bloodplasma-7  
center sample:  Victoria_University.Subject-04.bloodplasma-4 
Processing: Victoria_University.Subject-03.bloodplasma-8  Victoria_University.Subject-07.bloodplasma-4  Victoria_University.Subject-05.bloodplasma-4  Victoria_University.Subject-07.bloodplasma-7  
center sample:  Victoria_University.Subject-04.bloodplasma-4 
Processing: Victoria_University.Subject-03.bloodplasma-8  Victoria_University.Subject-07.bloodplasma-4  Victoria_University.Subject-05.bloodplasma-4  Victoria_University.Subject-07.bloodplasma-7  
center sample:  Victoria_University.Subject-04.bloodplasma-4 
Processing: Victoria_University.Subject-03.bloodplasma-8  Victoria_University.Subject-07.bloodplasma-4  Victoria_University.Subject-05.bloodplasma-4  Victoria_University.Subject-07.bloodplasma-7  
center sample:  Victoria_University.Subject-04.bloodplasma-4 
Processing: Victoria_University.Subject-03.bloodplasma-8  Victoria_University.Subject-07.bloodplasma-4  Victoria_University.Subject-05.bloodplasma-4  Victoria_University.Subject-07.bloodplasma-7  
center sample:  Victoria_University.Subject-04.bloodplasma-4 
Processing: Victoria_University.Subject-03.bloodplasma-8  Victoria_University.Subject-07.bloodplasma-4  Victoria_University.Subject-05.bloodplasma-4  Victoria_University.Subject-07.bloodplasma-7  
center sample:  Victoria_University.Subject-04.bloodplasma-4 
Processing: Victoria_University.Subject-03.bloodplasma-8  Victoria_University.Subject-07.bloodplasma-4  Victoria_University.Subject-05.bloodplasma-4  Victoria_University.Subject-07.bloodplasma-7  
center sample:  Victoria_University.Subject-04.bloodplasma-4 
Processing: Victoria_University.Subject-03.bloodplasma-8  Victoria_University.Subject-07.bloodplasma-4  Victoria_University.Subject-05.bloodplasma-4  Victoria_University.Subject-07.bloodplasma-7  
center sample:  Victoria_University.Subject-04.bloodplasma-4 
Processing: Victoria_University.Subject-03.bloodplasma-8  Victoria_University.Subject-07.bloodplasma-4  Victoria_University.Subject-05.bloodplasma-4  Victoria_University.Subject-07.bloodplasma-7  
center sample:  Victoria_University.Subject-04.bloodplasma-4 
Processing: Victoria_University.Subject-03.bloodplasma-8  Victoria_University.Subject-07.bloodplasma-4  Victoria_University.Subject-05.bloodplasma-4  Victoria_University.Subject-07.bloodplasma-7  
center sample:  Victoria_University.Subject-04.bloodplasma-4 
Processing: Victoria_University.Subject-03.bloodplasma-8  Victoria_University.Subject-07.bloodplasma-4  Victoria_University.Subject-05.bloodplasma-4  Victoria_University.Subject-07.bloodplasma-7  
center sample:  Victoria_University.Subject-04.bloodplasma-4 
Processing: Victoria_University.Subject-03.bloodplasma-8  Victoria_University.Subject-07.bloodplasma-4  Victoria_University.Subject-05.bloodplasma-4  Victoria_University.Subject-07.bloodplasma-7  
center sample:  Victoria_University.Subject-04.bloodplasma-4 
Processing: Victoria_University.Subject-03.bloodplasma-8  Victoria_University.Subject-07.bloodplasma-4  Victoria_University.Subject-05.bloodplasma-4  Victoria_University.Subject-07.bloodplasma-7  
center sample:  Victoria_University.Subject-04.bloodplasma-4 
Processing: Victoria_University.Subject-03.bloodplasma-8  Victoria_University.Subject-07.bloodplasma-4  Victoria_University.Subject-05.bloodplasma-4  Victoria_University.Subject-07.bloodplasma-7  
center sample:  Victoria_University.Subject-04.bloodplasma-4 
Processing: Victoria_University.Subject-03.bloodplasma-8  Victoria_University.Subject-07.bloodplasma-4  Victoria_University.Subject-05.bloodplasma-4  Victoria_University.Subject-07.bloodplasma-7  
center sample:  Victoria_University.Subject-04.bloodplasma-4 
Processing: Victoria_University.Subject-03.bloodplasma-8  Victoria_University.Subject-07.bloodplasma-4  Victoria_University.Subject-05.bloodplasma-4  Victoria_University.Subject-07.bloodplasma-7  
center sample:  Victoria_University.Subject-04.bloodplasma-4 
Processing: Victoria_University.Subject-03.bloodplasma-8  Victoria_University.Subject-07.bloodplasma-4  Victoria_University.Subject-05.bloodplasma-4  Victoria_University.Subject-07.bloodplasma-7  
center sample:  Victoria_University.Subject-04.bloodplasma-4 
Processing: Victoria_University.Subject-03.bloodplasma-8  Victoria_University.Subject-07.bloodplasma-4  Victoria_University.Subject-05.bloodplasma-4  Victoria_University.Subject-07.bloodplasma-7  
center sample:  Victoria_University.Subject-04.bloodplasma-4 
Processing: Victoria_University.Subject-03.bloodplasma-8  Victoria_University.Subject-07.bloodplasma-4  Victoria_University.Subject-05.bloodplasma-4  Victoria_University.Subject-07.bloodplasma-7  
center sample:  Victoria_University.Subject-04.bloodplasma-4 
Processing: Victoria_University.Subject-03.bloodplasma-8  Victoria_University.Subject-07.bloodplasma-4  Victoria_University.Subject-05.bloodplasma-4  Victoria_University.Subject-07.bloodplasma-7  
center sample:  Victoria_University.Subject-04.bloodplasma-4 
Processing: Victoria_University.Subject-03.bloodplasma-8  Victoria_University.Subject-07.bloodplasma-4  Victoria_University.Subject-05.bloodplasma-4  Victoria_University.Subject-07.bloodplasma-7  
center sample:  Victoria_University.Subject-04.bloodplasma-4 
Processing: Victoria_University.Subject-03.bloodplasma-8  Victoria_University.Subject-07.bloodplasma-4  Victoria_University.Subject-05.bloodplasma-4  Victoria_University.Subject-07.bloodplasma-7  
center sample:  Victoria_University.Subject-04.bloodplasma-4 
Processing: Victoria_University.Subject-03.bloodplasma-8  Victoria_University.Subject-07.bloodplasma-4  Victoria_University.Subject-05.bloodplasma-4  Victoria_University.Subject-07.bloodplasma-7  
center sample:  Victoria_University.Subject-04.bloodplasma-4 
Processing: Victoria_University.Subject-03.bloodplasma-8  Victoria_University.Subject-07.bloodplasma-4  Victoria_University.Subject-05.bloodplasma-4  Victoria_University.Subject-07.bloodplasma-7  
center sample:  Victoria_University.Subject-04.bloodplasma-4 
Processing: Victoria_University.Subject-03.bloodplasma-8  Victoria_University.Subject-07.bloodplasma-4  Victoria_University.Subject-05.bloodplasma-4  Victoria_University.Subject-07.bloodplasma-7  
center sample:  Victoria_University.Subject-04.bloodplasma-4 
Processing: Victoria_University.Subject-03.bloodplasma-8  Victoria_University.Subject-07.bloodplasma-4  Victoria_University.Subject-05.bloodplasma-4  Victoria_University.Subject-07.bloodplasma-7  
center sample:  Victoria_University.Subject-04.bloodplasma-4 
Processing: Victoria_University.Subject-03.bloodplasma-8  Victoria_University.Subject-07.bloodplasma-4  Victoria_University.Subject-05.bloodplasma-4  Victoria_University.Subject-07.bloodplasma-7  
center sample:  Victoria_University.Subject-04.bloodplasma-4 
Processing: Victoria_University.Subject-03.bloodplasma-8  Victoria_University.Subject-07.bloodplasma-4  Victoria_University.Subject-05.bloodplasma-4  Victoria_University.Subject-07.bloodplasma-7  
center sample:  Victoria_University.Subject-04.bloodplasma-4 
Processing: Victoria_University.Subject-03.bloodplasma-8  Victoria_University.Subject-07.bloodplasma-4  Victoria_University.Subject-05.bloodplasma-4  Victoria_University.Subject-07.bloodplasma-7  
center sample:  Victoria_University.Subject-04.bloodplasma-4 
Processing: Victoria_University.Subject-03.bloodplasma-8  Victoria_University.Subject-07.bloodplasma-4  Victoria_University.Subject-05.bloodplasma-4  Victoria_University.Subject-07.bloodplasma-7  
center sample:  Victoria_University.Subject-04.bloodplasma-4 
Processing: Victoria_University.Subject-03.bloodplasma-8  Victoria_University.Subject-07.bloodplasma-4  Victoria_University.Subject-05.bloodplasma-4  Victoria_University.Subject-07.bloodplasma-7  
center sample:  Victoria_University.Subject-04.bloodplasma-4 
Processing: Victoria_University.Subject-03.bloodplasma-8  Victoria_University.Subject-07.bloodplasma-4  Victoria_University.Subject-05.bloodplasma-4  Victoria_University.Subject-07.bloodplasma-7  
center sample:  Victoria_University.Subject-04.bloodplasma-4 
Processing: Victoria_University.Subject-03.bloodplasma-8  Victoria_University.Subject-07.bloodplasma-4  Victoria_University.Subject-05.bloodplasma-4  Victoria_University.Subject-07.bloodplasma-7  
center sample:  Victoria_University.Subject-04.bloodplasma-4 
Processing: Victoria_University.Subject-03.bloodplasma-8  Victoria_University.Subject-07.bloodplasma-4  Victoria_University.Subject-05.bloodplasma-4  Victoria_University.Subject-07.bloodplasma-7  
center sample:  Victoria_University.Subject-04.bloodplasma-4 
Processing: Victoria_University.Subject-03.bloodplasma-8  Victoria_University.Subject-07.bloodplasma-4  Victoria_University.Subject-05.bloodplasma-4  Victoria_University.Subject-07.bloodplasma-7  
center sample:  Victoria_University.Subject-04.bloodplasma-4 
Processing: Victoria_University.Subject-03.bloodplasma-8  Victoria_University.Subject-07.bloodplasma-4  Victoria_University.Subject-05.bloodplasma-4  Victoria_University.Subject-07.bloodplasma-7  
center sample:  Victoria_University.Subject-04.bloodplasma-4 
Processing: Victoria_University.Subject-03.bloodplasma-8  Victoria_University.Subject-07.bloodplasma-4  Victoria_University.Subject-05.bloodplasma-4  Victoria_University.Subject-07.bloodplasma-7  
center sample:  Victoria_University.Subject-04.bloodplasma-4 
Processing: Victoria_University.Subject-03.bloodplasma-8  Victoria_University.Subject-07.bloodplasma-4  Victoria_University.Subject-05.bloodplasma-4  Victoria_University.Subject-07.bloodplasma-7  
center sample:  Victoria_University.Subject-04.bloodplasma-4 
Processing: Victoria_University.Subject-03.bloodplasma-8  Victoria_University.Subject-07.bloodplasma-4  Victoria_University.Subject-05.bloodplasma-4  Victoria_University.Subject-07.bloodplasma-7  
center sample:  Victoria_University.Subject-04.bloodplasma-4 
Processing: Victoria_University.Subject-03.bloodplasma-8  Victoria_University.Subject-07.bloodplasma-4  Victoria_University.Subject-05.bloodplasma-4  Victoria_University.Subject-07.bloodplasma-7  
center sample:  Victoria_University.Subject-04.bloodplasma-4 
Processing: Victoria_University.Subject-03.bloodplasma-8  Victoria_University.Subject-07.bloodplasma-4  Victoria_University.Subject-05.bloodplasma-4  Victoria_University.Subject-07.bloodplasma-7  
center sample:  Victoria_University.Subject-04.bloodplasma-4 
Processing: Victoria_University.Subject-03.bloodplasma-8  Victoria_University.Subject-07.bloodplasma-4  Victoria_University.Subject-05.bloodplasma-4  Victoria_University.Subject-07.bloodplasma-7  
center sample:  Victoria_University.Subject-04.bloodplasma-4 
Processing: Victoria_University.Subject-03.bloodplasma-8  Victoria_University.Subject-07.bloodplasma-4  Victoria_University.Subject-05.bloodplasma-4  Victoria_University.Subject-07.bloodplasma-7  
center sample:  Victoria_University.Subject-04.bloodplasma-4 
Processing: Victoria_University.Subject-03.bloodplasma-8  Victoria_University.Subject-07.bloodplasma-4  Victoria_University.Subject-05.bloodplasma-4  Victoria_University.Subject-07.bloodplasma-7  
center sample:  Victoria_University.Subject-04.bloodplasma-4 
Processing: Victoria_University.Subject-03.bloodplasma-8  Victoria_University.Subject-07.bloodplasma-4  Victoria_University.Subject-05.bloodplasma-4  Victoria_University.Subject-07.bloodplasma-7  
center sample:  Victoria_University.Subject-04.bloodplasma-4 
Processing: Victoria_University.Subject-03.bloodplasma-8  Victoria_University.Subject-07.bloodplasma-4  Victoria_University.Subject-05.bloodplasma-4  Victoria_University.Subject-07.bloodplasma-7  
center sample:  Victoria_University.Subject-04.bloodplasma-4 
Processing: Victoria_University.Subject-03.bloodplasma-8  Victoria_University.Subject-07.bloodplasma-4  Victoria_University.Subject-05.bloodplasma-4  Victoria_University.Subject-07.bloodplasma-7  
center sample:  Victoria_University.Subject-04.bloodplasma-4 
Processing: Victoria_University.Subject-03.bloodplasma-8  Victoria_University.Subject-07.bloodplasma-4  Victoria_University.Subject-05.bloodplasma-4  Victoria_University.Subject-07.bloodplasma-7  
center sample:  Victoria_University.Subject-04.bloodplasma-4 
Processing: Victoria_University.Subject-03.bloodplasma-8  Victoria_University.Subject-07.bloodplasma-4  Victoria_University.Subject-05.bloodplasma-4  Victoria_University.Subject-07.bloodplasma-7  
center sample:  Victoria_University.Subject-04.bloodplasma-4 
Processing: Victoria_University.Subject-03.bloodplasma-8  Victoria_University.Subject-07.bloodplasma-4  Victoria_University.Subject-05.bloodplasma-4  Victoria_University.Subject-07.bloodplasma-7  
center sample:  Victoria_University.Subject-04.bloodplasma-4 
Processing: Victoria_University.Subject-03.bloodplasma-8  Victoria_University.Subject-07.bloodplasma-4  Victoria_University.Subject-05.bloodplasma-4  Victoria_University.Subject-07.bloodplasma-7  
center sample:  Victoria_University.Subject-04.bloodplasma-4 
Processing: Victoria_University.Subject-03.bloodplasma-8  Victoria_University.Subject-07.bloodplasma-4  Victoria_University.Subject-05.bloodplasma-4  Victoria_University.Subject-07.bloodplasma-7  
center sample:  Victoria_University.Subject-04.bloodplasma-4 
Processing: Victoria_University.Subject-03.bloodplasma-8  Victoria_University.Subject-07.bloodplasma-4  Victoria_University.Subject-05.bloodplasma-4  Victoria_University.Subject-07.bloodplasma-7  
center sample:  Victoria_University.Subject-04.bloodplasma-4 
Processing: Victoria_University.Subject-03.bloodplasma-8  Victoria_University.Subject-07.bloodplasma-4  Victoria_University.Subject-05.bloodplasma-4  Victoria_University.Subject-07.bloodplasma-7  
center sample:  Victoria_University.Subject-04.bloodplasma-4 
Processing: Victoria_University.Subject-03.bloodplasma-8  Victoria_University.Subject-07.bloodplasma-4  Victoria_University.Subject-05.bloodplasma-4  Victoria_University.Subject-07.bloodplasma-7  
center sample:  Victoria_University.Subject-04.bloodplasma-4 
Processing: Victoria_University.Subject-03.bloodplasma-8  Victoria_University.Subject-07.bloodplasma-4  Victoria_University.Subject-05.bloodplasma-4  Victoria_University.Subject-07.bloodplasma-7  
center sample:  Victoria_University.Subject-04.bloodplasma-4 
Processing: Victoria_University.Subject-03.bloodplasma-8  Victoria_University.Subject-07.bloodplasma-4  Victoria_University.Subject-05.bloodplasma-4  Victoria_University.Subject-07.bloodplasma-7  
center sample:  Victoria_University.Subject-04.bloodplasma-4 
Processing: Victoria_University.Subject-03.bloodplasma-8  Victoria_University.Subject-07.bloodplasma-4  Victoria_University.Subject-05.bloodplasma-4  Victoria_University.Subject-07.bloodplasma-7  
center sample:  Victoria_University.Subject-04.bloodplasma-4 
Processing: Victoria_University.Subject-03.bloodplasma-8  Victoria_University.Subject-07.bloodplasma-4  Victoria_University.Subject-05.bloodplasma-4  Victoria_University.Subject-07.bloodplasma-7  
center sample:  Victoria_University.Subject-04.bloodplasma-4 
Processing: Victoria_University.Subject-03.bloodplasma-8  Victoria_University.Subject-07.bloodplasma-4  Victoria_University.Subject-05.bloodplasma-4  Victoria_University.Subject-07.bloodplasma-7  
center sample:  Victoria_University.Subject-04.bloodplasma-4 
Processing: Victoria_University.Subject-03.bloodplasma-8  Victoria_University.Subject-07.bloodplasma-4  Victoria_University.Subject-05.bloodplasma-4  Victoria_University.Subject-07.bloodplasma-7  
center sample:  Victoria_University.Subject-04.bloodplasma-4 
Processing: Victoria_University.Subject-03.bloodplasma-8  Victoria_University.Subject-07.bloodplasma-4  Victoria_University.Subject-05.bloodplasma-4  Victoria_University.Subject-07.bloodplasma-7  
center sample:  Victoria_University.Subject-04.bloodplasma-4 
Processing: Victoria_University.Subject-03.bloodplasma-8  Victoria_University.Subject-07.bloodplasma-4  Victoria_University.Subject-05.bloodplasma-4  Victoria_University.Subject-07.bloodplasma-7  
center sample:  Victoria_University.Subject-04.bloodplasma-4 
Processing: Victoria_University.Subject-03.bloodplasma-8  Victoria_University.Subject-07.bloodplasma-4  Victoria_University.Subject-05.bloodplasma-4  Victoria_University.Subject-07.bloodplasma-7  
center sample:  Victoria_University.Subject-04.bloodplasma-4 
Processing: Victoria_University.Subject-03.bloodplasma-8  Victoria_University.Subject-07.bloodplasma-4  Victoria_University.Subject-05.bloodplasma-4  Victoria_University.Subject-07.bloodplasma-7  
center sample:  Victoria_University.Subject-04.bloodplasma-4 
Processing: Victoria_University.Subject-03.bloodplasma-8  Victoria_University.Subject-07.bloodplasma-4  Victoria_University.Subject-05.bloodplasma-4  Victoria_University.Subject-07.bloodplasma-7  
center sample:  Victoria_University.Subject-04.bloodplasma-4 
Processing: Victoria_University.Subject-03.bloodplasma-8  Victoria_University.Subject-07.bloodplasma-4  Victoria_University.Subject-05.bloodplasma-4  Victoria_University.Subject-07.bloodplasma-7  
center sample:  Victoria_University.Subject-04.bloodplasma-4 
Processing: Victoria_University.Subject-03.bloodplasma-8  Victoria_University.Subject-07.bloodplasma-4  Victoria_University.Subject-05.bloodplasma-4  Victoria_University.Subject-07.bloodplasma-7  
center sample:  Victoria_University.Subject-04.bloodplasma-4 
Processing: Victoria_University.Subject-03.bloodplasma-8  Victoria_University.Subject-07.bloodplasma-4  Victoria_University.Subject-05.bloodplasma-4  Victoria_University.Subject-07.bloodplasma-7  
center sample:  Victoria_University.Subject-04.bloodplasma-4 
Processing: Victoria_University.Subject-03.bloodplasma-8  Victoria_University.Subject-07.bloodplasma-4  Victoria_University.Subject-05.bloodplasma-4  Victoria_University.Subject-07.bloodplasma-7  
center sample:  Victoria_University.Subject-04.bloodplasma-4 
Processing: Victoria_University.Subject-03.bloodplasma-8  Victoria_University.Subject-07.bloodplasma-4  Victoria_University.Subject-05.bloodplasma-4  Victoria_University.Subject-07.bloodplasma-7  
center sample:  Victoria_University.Subject-04.bloodplasma-4 
Processing: Victoria_University.Subject-03.bloodplasma-8  Victoria_University.Subject-07.bloodplasma-4  Victoria_University.Subject-05.bloodplasma-4  Victoria_University.Subject-07.bloodplasma-7  
ofile matrix with method 'bin' and step 0.73 ... OK
Processing 60735 mz slices ... OK
Create profile matrix with method 'bin' and step 0.73 ... OK
Create profile matrix with method 'bin' and step 0.73 ... OK
Create profile matrix with method 'bin' and step 0.73 ... OK
Create profile matrix with method 'bin' and step 0.73 ... OK
Create profile matrix with method 'bin' and step 0.73 ... OK
Create profile matrix with method 'bin' and step 0.73 ... OK
Create profile matrix with method 'bin' and step 0.73 ... OK
Create profile matrix with method 'bin' and step 0.73 ... OK
Processing 60735 mz slices ... OK
Create profile matrix with method 'bin' and step 0.73 ... OK
Create profile matrix with method 'bin' and step 0.73 ... OK
Create profile matrix with method 'bin' and step 0.73 ... OK
Create profile matrix with method 'bin' and step 0.73 ... OK
Create profile matrix with method 'bin' and step 0.73 ... OK
Create profile matrix with method 'bin' and step 0.73 ... OK
Create profile matrix with method 'bin' and step 0.73 ... OK
Create profile matrix with method 'bin' and step 0.73 ... OK
Processing 60735 mz slices ... OK
Create profile matrix with method 'bin' and step 0.97 ... OK
Create profile matrix with method 'bin' and step 0.97 ... OK
Create profile matrix with method 'bin' and step 0.97 ... OK
Create profile matrix with method 'bin' and step 0.97 ... OK
Create profile matrix with method 'bin' and step 0.97 ... OK
Create profile matrix with method 'bin' and step 0.97 ... OK
Create profile matrix with method 'bin' and step 0.97 ... OK
Create profile matrix with method 'bin' and step 0.97 ... OK
Processing 60735 mz slices ... OK
Create profile matrix with method 'bin' and step 0.97 ... OK
Create profile matrix with method 'bin' and step 0.97 ... OK
Create profile matrix with method 'bin' and step 0.97 ... OK
Create profile matrix with method 'bin' and step 0.97 ... OK
Create profile matrix with method 'bin' and step 0.97 ... OK
Create profile matrix with method 'bin' and step 0.97 ... OK
Create profile matrix with method 'bin' and step 0.97 ... OK
Create profile matrix with method 'bin' and step 0.97 ... OK
Processing 60735 mz slices ... OK
Create profile matrix with method 'bin' and step 0.97 ... OK
Create profile matrix with method 'bin' and step 0.97 ... OK
Create profile matrix with method 'bin' and step 0.97 ... OK
Create profile matrix with method 'bin' and step 0.97 ... OK
Create profile matrix with method 'bin' and step 0.97 ... OK
Create profile matrix with method 'bin' and step 0.97 ... OK
Create profile matrix with method 'bin' and step 0.97 ... OK
Create profile matrix with method 'bin' and step 0.97 ... OK
Processing 60735 mz slices ... OK
Create profile matrix with method 'bin' and step 0.97 ... OK
Create profile matrix with method 'bin' and step 0.97 ... OK
Create profile matrix with method 'bin' and step 0.97 ... OK
Create profile matrix with method 'bin' and step 0.97 ... OK
Create profile matrix with method 'bin' and step 0.97 ... OK
Create profile matrix with method 'bin' and step 0.97 ... OK
Create profile matrix with method 'bin' and step 0.97 ... OK
Create profile matrix with method 'bin' and step 0.97 ... OK
Processing 60735 mz slices ... OK
Create profile matrix with method 'bin' and step 0.73 ... OK
Create profile matrix with method 'bin' and step 0.73 ... OK
Create profile matrix with method 'bin' and step 0.73 ... OK
Create profile matrix with method 'bin' and step 0.73 ... OK
Create profile matrix with method 'bin' and step 0.73 ... OK
Create profile matrix with method 'bin' and step 0.73 ... OK
Create profile matrix with method 'bin' and step 0.73 ... OK
Create profile matrix with method 'bin' and step 0.73 ... OK
Processing 60735 mz slices ... OK
Create profile matrix with method 'bin' and step 0.73 ... OK
Create profile matrix with method 'bin' and step 0.73 ... OK
Create profile matrix with method 'bin' and step 0.73 ... OK
Create profile matrix with method 'bin' and step 0.73 ... OK
Create profile matrix with method 'bin' and step 0.73 ... OK
Create profile matrix with method 'bin' and step 0.73 ... OK
Create profile matrix with method 'bin' and step 0.73 ... OK
Create profile matrix with method 'bin' and step 0.73 ... OK
Processing 60735 mz slices ... OK
Create profile matrix with method 'bin' and step 0.73 ... OK
Create profile matrix with method 'bin' and step 0.73 ... OK
Create profile matrix with method 'bin' and step 0.73 ... OK
Create profile matrix with method 'bin' and step 0.73 ... OK
Create profile matrix with method 'bin' and step 0.73 ... OK
Create profile matrix with method 'bin' and step 0.73 ... OK
Create profile matrix with method 'bin' and step 0.73 ... OK
Create profile matrix with method 'bin' and step 0.73 ... OK
Processing 60735 mz slices ... OK
Create profile matrix with method 'bin' and step 0.73 ... OK
Create profile matrix with method 'bin' and step 0.73 ... OK
Create profile matrix with method 'bin' and step 0.73 ... OK
Create profile matrix with method 'bin' and step 0.73 ... OK
Create profile matrix with method 'bin' and step 0.73 ... OK
Create profile matrix with method 'bin' and step 0.73 ... OK
Create profile matrix with method 'bin' and step 0.73 ... OK
Create profile matrix with method 'bin' and step 0.73 ... OK
Processing 60735 mz slices ... OK
Create profile matrix with method 'bin' and step 0.97 ... OK
Create profile matrix with method 'bin' and step 0.97 ... OK
Create profile matrix with method 'bin' and step 0.97 ... OK
Create profile matrix with method 'bin' and step 0.97 ... OK
Create profile matrix with method 'bin' and step 0.97 ... OK
Create profile matrix with method 'bin' and step 0.97 ... OK
Create profile matrix with method 'bin' and step 0.97 ... OK
Create profile matrix with method 'bin' and step 0.97 ... OK
Processing 60735 mz slices ... OK
Create profile matrix with method 'bin' and step 0.97 ... OK
Create profile matrix with method 'bin' and step 0.97 ... OK
Create profile matrix with method 'bin' and step 0.97 ... OK
Create profile matrix with method 'bin' and step 0.97 ... OK
Create profile matrix with method 'bin' and step 0.97 ... OK
Create profile matrix with method 'bin' and step 0.97 ... OK
Create profile matrix with method 'bin' and step 0.97 ... OK
Create profile matrix with method 'bin' and step 0.97 ... OK
Processing 60735 mz slices ... OK
Create profile matrix with method 'bin' and step 0.97 ... OK
Create profile matrix with method 'bin' and step 0.97 ... OK
Create profile matrix with method 'bin' and step 0.97 ... OK
Create profile matrix with method 'bin' and step 0.97 ... OK
Create profile matrix with method 'bin' and step 0.97 ... OK
Create profile matrix with method 'bin' and step 0.97 ... OK
Create profile matrix with method 'bin' and step 0.97 ... OK
Create profile matrix with method 'bin' and step 0.97 ... OK
Processing 60735 mz slices ... OK
Create profile matrix with method 'bin' and step 0.97 ... OK
Create profile matrix with method 'bin' and step 0.97 ... OK
Create profile matrix with method 'bin' and step 0.97 ... OK
Create profile matrix with method 'bin' and step 0.97 ... OK
Create profile matrix with method 'bin' and step 0.97 ... OK
Create profile matrix with method 'bin' and step 0.97 ... OK
Create profile matrix with method 'bin' and step 0.97 ... OK
Create profile matrix with method 'bin' and step 0.97 ... OK
Processing 60735 mz slices ... OK
Create profile matrix with method 'bin' and step 0.73 ... OK
Create profile matrix with method 'bin' and step 0.73 ... OK
Create profile matrix with method 'bin' and step 0.73 ... OK
Create profile matrix with method 'bin' and step 0.73 ... OK
Create profile matrix with method 'bin' and step 0.73 ... OK
Create profile matrix with method 'bin' and step 0.73 ... OK
Create profile matrix with method 'bin' and step 0.73 ... OK
Create profile matrix with method 'bin' and step 0.73 ... OK
Processing 6750 mz slices ... OK
Create profile matrix with method 'bin' and step 0.73 ... OK
Create profile matrix with method 'bin' and step 0.73 ... OK
Create profile matrix with method 'bin' and step 0.73 ... OK
Create profile matrix with method 'bin' and step 0.73 ... OK
Create profile matrix with method 'bin' and step 0.73 ... OK
Create profile matrix with method 'bin' and step 0.73 ... OK
Create profile matrix with method 'bin' and step 0.73 ... OK
Create profile matrix with method 'bin' and step 0.73 ... OK
Processing 6750 mz slices ... OK
Create profile matrix with method 'bin' and step 0.73 ... OK
Create profile matrix with method 'bin' and step 0.73 ... OK
Create profile matrix with method 'bin' and step 0.73 ... OK
Create profile matrix with method 'bin' and step 0.73 ... OK
Create profile matrix with method 'bin' and step 0.73 ... OK
Create profile matrix with method 'bin' and step 0.73 ... OK
Create profile matrix with method 'bin' and step 0.73 ... OK
Create profile matrix with method 'bin' and step 0.73 ... OK
Processing 6750 mz slices ... OK
Create profile matrix with method 'bin' and step 0.73 ... OK
Create profile matrix with method 'bin' and step 0.73 ... OK
Create profile matrix with method 'bin' and step 0.73 ... OK
Create profile matrix with method 'bin' and step 0.73 ... OK
Create profile matrix with method 'bin' and step 0.73 ... OK
Create profile matrix with method 'bin' and step 0.73 ... OK
Create profile matrix with method 'bin' and step 0.73 ... OK
Create profile matrix with method 'bin' and step 0.73 ... OK
Processing 6750 mz slices ... OK
Create profile matrix with method 'bin' and step 0.97 ... OK
Create profile matrix with method 'bin' and step 0.97 ... OK
Create profile matrix with method 'bin' and step 0.97 ... OK
Create profile matrix with method 'bin' and step 0.97 ... OK
Create profile matrix with method 'bin' and step 0.97 ... OK
Create profile matrix with method 'bin' and step 0.97 ... OK
Create profile matrix with method 'bin' and step 0.97 ... OK
Create profile matrix with method 'bin' and step 0.97 ... OK
Processing 6750 mz slices ... OK
Create profile matrix with method 'bin' and step 0.97 ... OK
Create profile matrix with method 'bin' and step 0.97 ... OK
Create profile matrix with method 'bin' and step 0.97 ... OK
Create profile matrix with method 'bin' and step 0.97 ... OK
Create profile matrix with method 'bin' and step 0.97 ... OK
Create profile matrix with method 'bin' and step 0.97 ... OK
Create profile matrix with method 'bin' and step 0.97 ... OK
Create profile matrix with method 'bin' and step 0.97 ... OK
Processing 6750 mz slices ... OK
Create profile matrix with method 'bin' and step 0.97 ... OK
Create profile matrix with method 'bin' and step 0.97 ... OK
Create profile matrix with method 'bin' and step 0.97 ... OK
Create profile matrix with method 'bin' and step 0.97 ... OK
Create profile matrix with method 'bin' and step 0.97 ... OK
Create profile matrix with method 'bin' and step 0.97 ... OK
Create profile matrix with method 'bin' and step 0.97 ... OK
Create profile matrix with method 'bin' and step 0.97 ... OK
Processing 6750 mz slices ... OK
Create profile matrix with method 'bin' and step 0.97 ... OK
Create profile matrix with method 'bin' and step 0.97 ... OK
Create profile matrix with method 'bin' and step 0.97 ... OK
Create profile matrix with method 'bin' and step 0.97 ... OK
Create profile matrix with method 'bin' and step 0.97 ... OK
Create profile matrix with method 'bin' and step 0.97 ... OK
Create profile matrix with method 'bin' and step 0.97 ... OK
Create profile matrix with method 'bin' and step 0.97 ... OK
Processing 6750 mz slices ... OK
Create profile matrix with method 'bin' and step 0.73 ... OK
Create profile matrix with method 'bin' and step 0.73 ... OK
Create profile matrix with method 'bin' and step 0.73 ... OK
Create profile matrix with method 'bin' and step 0.73 ... OK
Create profile matrix with method 'bin' and step 0.73 ... OK
Create profile matrix with method 'bin' and step 0.73 ... OK
Create profile matrix with method 'bin' and step 0.73 ... OK
Create profile matrix with method 'bin' and step 0.73 ... OK
Processing 6750 mz slices ... OK
Create profile matrix with method 'bin' and step 0.73 ... OK
Create profile matrix with method 'bin' and step 0.73 ... OK
Create profile matrix with method 'bin' and step 0.73 ... OK
Create profile matrix with method 'bin' and step 0.73 ... OK
Create profile matrix with method 'bin' and step 0.73 ... OK
Create profile matrix with method 'bin' and step 0.73 ... OK
Create profile matrix with method 'bin' and step 0.73 ... OK
Create profile matrix with method 'bin' and step 0.73 ... OK
Processing 6750 mz slices ... OK
Create profile matrix with method 'bin' and step 0.73 ... OK
Create profile matrix with method 'bin' and step 0.73 ... OK
Create profile matrix with method 'bin' and step 0.73 ... OK
Create profile matrix with method 'bin' and step 0.73 ... OK
Create profile matrix with method 'bin' and step 0.73 ... OK
Create profile matrix with method 'bin' and step 0.73 ... OK
Create profile matrix with method 'bin' and step 0.73 ... OK
Create profile matrix with method 'bin' and step 0.73 ... OK
Processing 6750 mz slices ... OK
Create profile matrix with method 'bin' and step 0.73 ... OK
Create profile matrix with method 'bin' and step 0.73 ... OK
Create profile matrix with method 'bin' and step 0.73 ... OK
Create profile matrix with method 'bin' and step 0.73 ... OK
Create profile matrix with method 'bin' and step 0.73 ... OK
Create profile matrix with method 'bin' and step 0.73 ... OK
Create profile matrix with method 'bin' and step 0.73 ... OK
Create profile matrix with method 'bin' and step 0.73 ... OK
Processing 6750 mz slices ... OK
Create profile matrix with method 'bin' and step 0.97 ... OK
Create profile matrix with method 'bin' and step 0.97 ... OK
Create profile matrix with method 'bin' and step 0.97 ... OK
Create profile matrix with method 'bin' and step 0.97 ... OK
Create profile matrix with method 'bin' and step 0.97 ... OK
Create profile matrix with method 'bin' and step 0.97 ... OK
Create profile matrix with method 'bin' and step 0.97 ... OK
Create profile matrix with method 'bin' and step 0.97 ... OK
Processing 6750 mz slices ... OK
Create profile matrix with method 'bin' and step 0.97 ... OK
Create profile matrix with method 'bin' and step 0.97 ... OK
Create profile matrix with method 'bin' and step 0.97 ... OK
Create profile matrix with method 'bin' and step 0.97 ... OK
Create profile matrix with method 'bin' and step 0.97 ... OK
Create profile matrix with method 'bin' and step 0.97 ... OK
Create profile matrix with method 'bin' and step 0.97 ... OK
Create profile matrix with method 'bin' and step 0.97 ... OK
Processing 6750 mz slices ... OK
Create profile matrix with method 'bin' and step 0.97 ... OK
Create profile matrix with method 'bin' and step 0.97 ... OK
Create profile matrix with method 'bin' and step 0.97 ... OK
Create profile matrix with method 'bin' and step 0.97 ... OK
Create profile matrix with method 'bin' and step 0.97 ... OK
Create profile matrix with method 'bin' and step 0.97 ... OK
Create profile matrix with method 'bin' and step 0.97 ... OK
Create profile matrix with method 'bin' and step 0.97 ... OK
Processing 6750 mz slices ... OK
Create profile matrix with method 'bin' and step 0.97 ... OK
Create profile matrix with method 'bin' and step 0.97 ... OK
Create profile matrix with method 'bin' and step 0.97 ... OK
Create profile matrix with method 'bin' and step 0.97 ... OK
Create profile matrix with method 'bin' and step 0.97 ... OK
Create profile matrix with method 'bin' and step 0.97 ... OK
Create profile matrix with method 'bin' and step 0.97 ... OK
Create profile matrix with method 'bin' and step 0.97 ... OK
Processing 6750 mz slices ... OK
Create profile matrix with method 'bin' and step 0.85 ... OK
Create profile matrix with method 'bin' and step 0.85 ... OK
Create profile matrix with method 'bin' and step 0.85 ... OK
Create profile matrix with method 'bin' and step 0.85 ... OK
Create profile matrix with method 'bin' and step 0.85 ... OK
Create profile matrix with method 'bin' and step 0.85 ... OK
Create profile matrix with method 'bin' and step 0.85 ... OK
Create profile matrix with method 'bin' and step 0.85 ... OK
Processing 12148 mz slices ... OK
Create profile matrix with method 'bin' and step 0.85 ... OK
Create profile matrix with method 'bin' and step 0.85 ... OK
Create profile matrix with method 'bin' and step 0.85 ... OK
Create profile matrix with method 'bin' and step 0.85 ... OK
Create profile matrix with method 'bin' and step 0.85 ... OK
Create profile matrix with method 'bin' and step 0.85 ... OK
Create profile matrix with method 'bin' and step 0.85 ... OK
Create profile matrix with method 'bin' and step 0.85 ... OK
Processing 12148 mz slices ... OK
Create profile matrix with method 'bin' and step 0.85 ... OK
Create profile matrix with method 'bin' and step 0.85 ... OK
Create profile matrix with method 'bin' and step 0.85 ... OK
Create profile matrix with method 'bin' and step 0.85 ... OK
Create profile matrix with method 'bin' and step 0.85 ... OK
Create profile matrix with method 'bin' and step 0.85 ... OK
Create profile matrix with method 'bin' and step 0.85 ... OK
Create profile matrix with method 'bin' and step 0.85 ... OK
Processing 12148 mz slices ... OK
Create profile matrix with method 'bin' and step 0.85 ... OK
Create profile matrix with method 'bin' and step 0.85 ... OK
Create profile matrix with method 'bin' and step 0.85 ... OK
Create profile matrix with method 'bin' and step 0.85 ... OK
Create profile matrix with method 'bin' and step 0.85 ... OK
Create profile matrix with method 'bin' and step 0.85 ... OK
Create profile matrix with method 'bin' and step 0.85 ... OK
Create profile matrix with method 'bin' and step 0.85 ... OK
Processing 12148 mz slices ... OK
Create profile matrix with method 'bin' and step 0.85 ... OK
Create profile matrix with method 'bin' and step 0.85 ... OK
Create profile matrix with method 'bin' and step 0.85 ... OK
Create profile matrix with method 'bin' and step 0.85 ... OK
Create profile matrix with method 'bin' and step 0.85 ... OK
Create profile matrix with method 'bin' and step 0.85 ... OK
Create profile matrix with method 'bin' and step 0.85 ... OK
Create profile matrix with method 'bin' and step 0.85 ... OK
Processing 12148 mz slices ... OK
Create profile matrix with method 'bin' and step 0.73 ... OK
Create profile matrix with method 'bin' and step 0.73 ... OK
Create profile matrix with method 'bin' and step 0.73 ... OK
Create profile matrix with method 'bin' and step 0.73 ... OK
Create profile matrix with method 'bin' and step 0.73 ... OK
Create profile matrix with method 'bin' and step 0.73 ... OK
Create profile matrix with method 'bin' and step 0.73 ... OK
Create profile matrix with method 'bin' and step 0.73 ... OK
Processing 12148 mz slices ... OK
Create profile matrix with method 'bin' and step 0.97 ... OK
Create profile matrix with method 'bin' and step 0.97 ... OK
Create profile matrix with method 'bin' and step 0.97 ... OK
Create profile matrix with method 'bin' and step 0.97 ... OK
Create profile matrix with method 'bin' and step 0.97 ... OK
Create profile matrix with method 'bin' and step 0.97 ... OK
Create profile matrix with method 'bin' and step 0.97 ... OK
Create profile matrix with method 'bin' and step 0.97 ... OK
Processing 12148 mz slices ... OK
Create profile matrix with method 'bin' and step 0.85 ... OK
Create profile matrix with method 'bin' and step 0.85 ... OK
Create profile matrix with method 'bin' and step 0.85 ... OK
Create profile matrix with method 'bin' and step 0.85 ... OK
Create profile matrix with method 'bin' and step 0.85 ... OK
Create profile matrix with method 'bin' and step 0.85 ... OK
Create profile matrix with method 'bin' and step 0.85 ... OK
Create profile matrix with method 'bin' and step 0.85 ... OK
Processing 12148 mz slices ... OK
Create profile matrix with method 'bin' and step 0.85 ... OK
Create profile matrix with method 'bin' and step 0.85 ... OK
Create profile matrix with method 'bin' and step 0.85 ... OK
Create profile matrix with method 'bin' and step 0.85 ... OK
Create profile matrix with method 'bin' and step 0.85 ... OK
Create profile matrix with method 'bin' and step 0.85 ... OK
Create profile matrix with method 'bin' and step 0.85 ... OK
Create profile matrix with method 'bin' and step 0.85 ... OK
Processing 12148 mz slices ... OK
Create profile matrix with method 'bin' and step 0.85 ... OK
Create profile matrix with method 'bin' and step 0.85 ... OK
Create profile matrix with method 'bin' and step 0.85 ... OK
Create profile matrix with method 'bin' and step 0.85 ... OK
Create profile matrix with method 'bin' and step 0.85 ... OK
Create profile matrix with method 'bin' and step 0.85 ... OK
Create profile matrix with method 'bin' and step 0.85 ... OK
Create profile matrix with method 'bin' and step 0.85 ... OK
Processing 60735 mz slices ... OK
Create profile matrix with method 'bin' and step 0.85 ... OK
Create profile matrix with method 'bin' and step 0.85 ... OK
Create profile matrix with method 'bin' and step 0.85 ... OK
Create profile matrix with method 'bin' and step 0.85 ... OK
Create profile matrix with method 'bin' and step 0.85 ... OK
Create profile matrix with method 'bin' and step 0.85 ... OK
Create profile matrix with method 'bin' and step 0.85 ... OK
Create profile matrix with method 'bin' and step 0.85 ... OK
Processing 6750 mz slices ... OK
Create profile matrix with method 'bin' and step 0.85 ... OK
Create profile matrix with method 'bin' and step 0.85 ... OK
Create profile matrix with method 'bin' and step 0.85 ... OK
Create profile matrix with method 'bin' and step 0.85 ... OK
Create profile matrix with method 'bin' and step 0.85 ... OK
Create profile matrix with method 'bin' and step 0.85 ... OK
Create profile matrix with method 'bin' and step 0.85 ... OK
Create profile matrix with method 'bin' and step 0.85 ... OK
Processing 12148 mz slices ... OK
Create profile matrix with method 'bin' and step 0.85 ... OK
Create profile matrix with method 'bin' and step 0.85 ... OK
Create profile matrix with method 'bin' and step 0.85 ... OK
Create profile matrix with method 'bin' and step 0.85 ... OK
Create profile matrix with method 'bin' and step 0.85 ... OK
Create profile matrix with method 'bin' and step 0.85 ... OK
Create profile matrix with method 'bin' and step 0.85 ... OK
Create profile matrix with method 'bin' and step 0.85 ... OK
Processing 60735 mz slices ... OK
no increase stopping
library(xcms)
library(Rmpi)

xset <- xcmsSet( 
  method = "centWave",
  peakwidth       = c(24, 65),
  ppm             = 32,
  noise           = 5,
  snthresh        = 10,
  mzdiff          = 0.01,
  prefilter       = c(3, 475.25),
  mzCenterFun     = "wMean",
  integrate       = 2,
  fitgauss        = FALSE,
  verbose.columns = TRUE)
xset <- retcor( 
  xset,
  method         = "obiwarp",
  plottype       = "none",
  distFunc       = "cor_opt",
  profStep       = 0.85,
  center         = 3,
  response       = 1,
  gapInit        = 0.22,
  gapExtend      = 2.7,
  factorDiag     = 2,
  factorGap      = 1,
  localAlignment = 0)
xset <- group( 
  xset,
  method  = "density",
  bw      = 38,
  mzwid   = 0.015,
  minfrac = 0.05,
  minsamp = 1,
  max     = 50)

xset <- fillPeaks(xset)
Warning message:
In sink() : no sink to remove
