xsAnnotate contains no pseudospectra. Regroup all peaks into one!
Generating peak matrix!
Run isotope peak annotation
 % finished: 100  
Found isotopes: 0 
xsAnnotate contains no pseudospectra. Regroup all peaks into one!
Generating peak matrix!
Run isotope peak annotation
 % finished: 100  
Found isotopes: 0 
xsAnnotate contains no pseudospectra. Regroup all peaks into one!
Generating peak matrix!
Run isotope peak annotation
 % finished: 100  
Found isotopes: 0 
xsAnnotate contains no pseudospectra. Regroup all peaks into one!
Generating peak matrix!
Run isotope peak annotation
 % finished: 100  
Found isotopes: 0 
xsAnnotate contains no pseudospectra. Regroup all peaks into one!
Generating peak matrix!
Run isotope peak annotation
 % finished: 100  
Found isotopes: 0 
xsAnnotate contains no pseudospectra. Regroup all peaks into one!
Generating peak matrix!
Run isotope peak annotation
 % finished: 100  
Found isotopes: 0 
xsAnnotate contains no pseudospectra. Regroup all peaks into one!
Generating peak matrix!
Run isotope peak annotation
 % finished: 100  
Found isotopes: 0 
xsAnnotate contains no pseudospectra. Regroup all peaks into one!
Generating peak matrix!
Run isotope peak annotation
 % finished: 100  
Found isotopes: 0 
xsAnnotate contains no pseudospectra. Regroup all peaks into one!
Generating peak matrix!
Run isotope peak annotation
 % finished: 100  
Found isotopes: 0 
xsAnnotate contains no pseudospectra. Regroup all peaks into one!
Generating peak matrix!
Run isotope peak annotation
 % finished: 100  
Found isotopes: 0 
xsAnnotate contains no pseudospectra. Regroup all peaks into one!
Generating peak matrix!
Run isotope peak annotation
 % finished: 100  
Found isotopes: 0 
xsAnnotate contains no pseudospectra. Regroup all peaks into one!
Generating peak matrix!
Run isotope peak annotation
 % finished: 100  
Found isotopes: 0 
xsAnnotate contains no pseudospectra. Regroup all peaks into one!
Generating peak matrix!
Run isotope peak annotation
 % finished: 100  
Found isotopes: 0 
xsAnnotate contains no pseudospectra. Regroup all peaks into one!
Generating peak matrix!
Run isotope peak annotation
 % finished: 100  
Found isotopes: 0 
xsAnnotate contains no pseudospectra. Regroup all peaks into one!
Generating peak matrix!
Run isotope peak annotation
 % finished: 100  
Found isotopes: 0 
xsAnnotate contains no pseudospectra. Regroup all peaks into one!
Generating peak matrix!
Run isotope peak annotation
 % finished: 100  
Found isotopes: 0 
xsAnnotate contains no pseudospectra. Regroup all peaks into one!
Generating peak matrix!
Run isotope peak annotation
 % finished: 100  
Found isotopes: 0 
xsAnnotate contains no pseudospectra. Regroup all peaks into one!
Generating peak matrix!
Run isotope peak annotation
 % finished: 100  
Found isotopes: 0 
xsAnnotate contains no pseudospectra. Regroup all peaks into one!
Generating peak matrix!
Run isotope peak annotation
 % finished: 100  
Found isotopes: 0 
xsAnnotate contains no pseudospectra. Regroup all peaks into one!
Generating peak matrix!
Run isotope peak annotation
 % finished: 100  
Found isotopes: 0 
xsAnnotate contains no pseudospectra. Regroup all peaks into one!
Generating peak matrix!
Run isotope peak annotation
 % finished: 100  
Found isotopes: 0 
xsAnnotate contains no pseudospectra. Regroup all peaks into one!
Generating peak matrix!
Run isotope peak annotation
 % finished: 100  
Found isotopes: 0 
xsAnnotate contains no pseudospectra. Regroup all peaks into one!
Generating peak matrix!
Run isotope peak annotation
 % finished: 100  
Found isotopes: 0 
xsAnnotate contains no pseudospectra. Regroup all peaks into one!
Generating peak matrix!
Run isotope peak annotation
 % finished: 100  
Found isotopes: 0 
xsAnnotate contains no pseudospectra. Regroup all peaks into one!
Generating peak matrix!
Run isotope peak annotation
 % finished: 100  
Found isotopes: 0 
xsAnnotate contains no pseudospectra. Regroup all peaks into one!
Generating peak matrix!
Run isotope peak annotation
 % finished: 100  
Found isotopes: 0 
xsAnnotate contains no pseudospectra. Regroup all peaks into one!
Generating peak matrix!
Run isotope peak annotation
 % finished: 100  
Found isotopes: 0 
xsAnnotate contains no pseudospectra. Regroup all peaks into one!
Generating peak matrix!
Run isotope peak annotation
 % finished: 100  
Found isotopes: 0 
xsAnnotate contains no pseudospectra. Regroup all peaks into one!
Generating peak matrix!
Run isotope peak annotation
 % finished: 100  
Found isotopes: 0 
xsAnnotate contains no pseudospectra. Regroup all peaks into one!
Generating peak matrix!
Run isotope peak annotation
 % finished: 100  
Found isotopes: 0 
xsAnnotate contains no pseudospectra. Regroup all peaks into one!
Generating peak matrix!
Run isotope peak annotation
 % finished: 100  
Found isotopes: 0 
xsAnnotate contains no pseudospectra. Regroup all peaks into one!
Generating peak matrix!
Run isotope peak annotation
 % finished: 100  
Found isotopes: 0 
center sample:  Victoria_University.Subject-06.bloodplasma-3 
Processing: Victoria_University.Subject-01.bloodplasma-4  Victoria_University.Subject-06.bloodplasma-2  Victoria_University.Subject-01.bloodplasma-1  Victoria_University.Subject-05.bloodplasma-4  
center sample:  Victoria_University.Subject-06.bloodplasma-3 
Processing: Victoria_University.Subject-01.bloodplasma-4  Victoria_University.Subject-06.bloodplasma-2  Victoria_University.Subject-01.bloodplasma-1  Victoria_University.Subject-05.bloodplasma-4  
center sample:  Victoria_University.Subject-06.bloodplasma-3 
Processing: Victoria_University.Subject-01.bloodplasma-4  Victoria_University.Subject-06.bloodplasma-2  Victoria_University.Subject-01.bloodplasma-1  Victoria_University.Subject-05.bloodplasma-4  
center sample:  Victoria_University.Subject-06.bloodplasma-3 
Processing: Victoria_University.Subject-01.bloodplasma-4  Victoria_University.Subject-06.bloodplasma-2  Victoria_University.Subject-01.bloodplasma-1  Victoria_University.Subject-05.bloodplasma-4  
center sample:  Victoria_University.Subject-06.bloodplasma-3 
Processing: Victoria_University.Subject-01.bloodplasma-4  Victoria_University.Subject-06.bloodplasma-2  Victoria_University.Subject-01.bloodplasma-1  Victoria_University.Subject-05.bloodplasma-4  
center sample:  Victoria_University.Subject-06.bloodplasma-3 
Processing: Victoria_University.Subject-01.bloodplasma-4  Victoria_University.Subject-06.bloodplasma-2  Victoria_University.Subject-01.bloodplasma-1  Victoria_University.Subject-05.bloodplasma-4  
center sample:  Victoria_University.Subject-06.bloodplasma-3 
Processing: Victoria_University.Subject-01.bloodplasma-4  Victoria_University.Subject-06.bloodplasma-2  Victoria_University.Subject-01.bloodplasma-1  Victoria_University.Subject-05.bloodplasma-4  
center sample:  Victoria_University.Subject-06.bloodplasma-3 
Processing: Victoria_University.Subject-01.bloodplasma-4  Victoria_University.Subject-06.bloodplasma-2  Victoria_University.Subject-01.bloodplasma-1  Victoria_University.Subject-05.bloodplasma-4  
center sample:  Victoria_University.Subject-06.bloodplasma-3 
Processing: Victoria_University.Subject-01.bloodplasma-4  Victoria_University.Subject-06.bloodplasma-2  Victoria_University.Subject-01.bloodplasma-1  Victoria_University.Subject-05.bloodplasma-4  
center sample:  Victoria_University.Subject-06.bloodplasma-3 
Processing: Victoria_University.Subject-01.bloodplasma-4  Victoria_University.Subject-06.bloodplasma-2  Victoria_University.Subject-01.bloodplasma-1  Victoria_University.Subject-05.bloodplasma-4  
center sample:  Victoria_University.Subject-06.bloodplasma-3 
Processing: Victoria_University.Subject-01.bloodplasma-4  Victoria_University.Subject-06.bloodplasma-2  Victoria_University.Subject-01.bloodplasma-1  Victoria_University.Subject-05.bloodplasma-4  
center sample:  Victoria_University.Subject-06.bloodplasma-3 
Processing: Victoria_University.Subject-01.bloodplasma-4  Victoria_University.Subject-06.bloodplasma-2  Victoria_University.Subject-01.bloodplasma-1  Victoria_University.Subject-05.bloodplasma-4  
center sample:  Victoria_University.Subject-06.bloodplasma-3 
Processing: Victoria_University.Subject-01.bloodplasma-4  Victoria_University.Subject-06.bloodplasma-2  Victoria_University.Subject-01.bloodplasma-1  Victoria_University.Subject-05.bloodplasma-4  
center sample:  Victoria_University.Subject-06.bloodplasma-3 
Processing: Victoria_University.Subject-01.bloodplasma-4  Victoria_University.Subject-06.bloodplasma-2  Victoria_University.Subject-01.bloodplasma-1  Victoria_University.Subject-05.bloodplasma-4  
center sample:  Victoria_University.Subject-06.bloodplasma-3 
Processing: Victoria_University.Subject-01.bloodplasma-4  Victoria_University.Subject-06.bloodplasma-2  Victoria_University.Subject-01.bloodplasma-1  Victoria_University.Subject-05.bloodplasma-4  
center sample:  Victoria_University.Subject-06.bloodplasma-3 
Processing: Victoria_University.Subject-01.bloodplasma-4  Victoria_University.Subject-06.bloodplasma-2  Victoria_University.Subject-01.bloodplasma-1  Victoria_University.Subject-05.bloodplasma-4  
center sample:  Victoria_University.Subject-06.bloodplasma-3 
Processing: Victoria_University.Subject-01.bloodplasma-4  Victoria_University.Subject-06.bloodplasma-2  Victoria_University.Subject-01.bloodplasma-1  Victoria_University.Subject-05.bloodplasma-4  
center sample:  Victoria_University.Subject-06.bloodplasma-3 
Processing: Victoria_University.Subject-01.bloodplasma-4  Victoria_University.Subject-06.bloodplasma-2  Victoria_University.Subject-01.bloodplasma-1  Victoria_University.Subject-05.bloodplasma-4  
center sample:  Victoria_University.Subject-06.bloodplasma-3 
Processing: Victoria_University.Subject-01.bloodplasma-4  Victoria_University.Subject-06.bloodplasma-2  Victoria_University.Subject-01.bloodplasma-1  Victoria_University.Subject-05.bloodplasma-4  
center sample:  Victoria_University.Subject-06.bloodplasma-3 
Processing: Victoria_University.Subject-01.bloodplasma-4  Victoria_University.Subject-06.bloodplasma-2  Victoria_University.Subject-01.bloodplasma-1  Victoria_University.Subject-05.bloodplasma-4  
center sample:  Victoria_University.Subject-06.bloodplasma-3 
Processing: Victoria_University.Subject-01.bloodplasma-4  Victoria_University.Subject-06.bloodplasma-2  Victoria_University.Subject-01.bloodplasma-1  Victoria_University.Subject-05.bloodplasma-4  
center sample:  Victoria_University.Subject-06.bloodplasma-3 
Processing: Victoria_University.Subject-01.bloodplasma-4  Victoria_University.Subject-06.bloodplasma-2  Victoria_University.Subject-01.bloodplasma-1  Victoria_University.Subject-05.bloodplasma-4  
center sample:  Victoria_University.Subject-06.bloodplasma-3 
Processing: Victoria_University.Subject-01.bloodplasma-4  Victoria_University.Subject-06.bloodplasma-2  Victoria_University.Subject-01.bloodplasma-1  Victoria_University.Subject-05.bloodplasma-4  
center sample:  Victoria_University.Subject-06.bloodplasma-3 
Processing: Victoria_University.Subject-01.bloodplasma-4  Victoria_University.Subject-06.bloodplasma-2  Victoria_University.Subject-01.bloodplasma-1  Victoria_University.Subject-05.bloodplasma-4  
center sample:  Victoria_University.Subject-06.bloodplasma-3 
Processing: Victoria_University.Subject-01.bloodplasma-4  Victoria_University.Subject-06.bloodplasma-2  Victoria_University.Subject-01.bloodplasma-1  Victoria_University.Subject-05.bloodplasma-4  
center sample:  Victoria_University.Subject-06.bloodplasma-3 
Processing: Victoria_University.Subject-01.bloodplasma-4  Victoria_University.Subject-06.bloodplasma-2  Victoria_University.Subject-01.bloodplasma-1  Victoria_University.Subject-05.bloodplasma-4  
center sample:  Victoria_University.Subject-06.bloodplasma-3 
Processing: Victoria_University.Subject-01.bloodplasma-4  Victoria_University.Subject-06.bloodplasma-2  Victoria_University.Subject-01.bloodplasma-1  Victoria_University.Subject-05.bloodplasma-4  
center sample:  Victoria_University.Subject-06.bloodplasma-3 
Processing: Victoria_University.Subject-01.bloodplasma-4  Victoria_University.Subject-06.bloodplasma-2  Victoria_University.Subject-01.bloodplasma-1  Victoria_University.Subject-05.bloodplasma-4  
center sample:  Victoria_University.Subject-06.bloodplasma-3 
Processing: Victoria_University.Subject-01.bloodplasma-4  Victoria_University.Subject-06.bloodplasma-2  Victoria_University.Subject-01.bloodplasma-1  Victoria_University.Subject-05.bloodplasma-4  
center sample:  Victoria_University.Subject-06.bloodplasma-3 
Processing: Victoria_University.Subject-01.bloodplasma-4  Victoria_University.Subject-06.bloodplasma-2  Victoria_University.Subject-01.bloodplasma-1  Victoria_University.Subject-05.bloodplasma-4  
center sample:  Victoria_University.Subject-06.bloodplasma-3 
Processing: Victoria_University.Subject-01.bloodplasma-4  Victoria_University.Subject-06.bloodplasma-2  Victoria_University.Subject-01.bloodplasma-1  Victoria_University.Subject-05.bloodplasma-4  
center sample:  Victoria_University.Subject-06.bloodplasma-3 
Processing: Victoria_University.Subject-01.bloodplasma-4  Victoria_University.Subject-06.bloodplasma-2  Victoria_University.Subject-01.bloodplasma-1  Victoria_University.Subject-05.bloodplasma-4  
center sample:  Victoria_University.Subject-06.bloodplasma-3 
Processing: Victoria_University.Subject-01.bloodplasma-4  Victoria_University.Subject-06.bloodplasma-2  Victoria_University.Subject-01.bloodplasma-1  Victoria_University.Subject-05.bloodplasma-4  
center sample:  Victoria_University.Subject-06.bloodplasma-3 
Processing: Victoria_University.Subject-01.bloodplasma-4  Victoria_University.Subject-06.bloodplasma-2  Victoria_University.Subject-01.bloodplasma-1  Victoria_University.Subject-05.bloodplasma-4  
center sample:  Victoria_University.Subject-06.bloodplasma-3 
Processing: Victoria_University.Subject-01.bloodplasma-4  Victoria_University.Subject-06.bloodplasma-2  Victoria_University.Subject-01.bloodplasma-1  Victoria_University.Subject-05.bloodplasma-4  
center sample:  Victoria_University.Subject-06.bloodplasma-3 
Processing: Victoria_University.Subject-01.bloodplasma-4  Victoria_University.Subject-06.bloodplasma-2  Victoria_University.Subject-01.bloodplasma-1  Victoria_University.Subject-05.bloodplasma-4  
center sample:  Victoria_University.Subject-06.bloodplasma-3 
Processing: Victoria_University.Subject-01.bloodplasma-4  Victoria_University.Subject-06.bloodplasma-2  Victoria_University.Subject-01.bloodplasma-1  Victoria_University.Subject-05.bloodplasma-4  
center sample:  Victoria_University.Subject-06.bloodplasma-3 
Processing: Victoria_University.Subject-01.bloodplasma-4  Victoria_University.Subject-06.bloodplasma-2  Victoria_University.Subject-01.bloodplasma-1  Victoria_University.Subject-05.bloodplasma-4  
center sample:  Victoria_University.Subject-06.bloodplasma-3 
Processing: Victoria_University.Subject-01.bloodplasma-4  Victoria_University.Subject-06.bloodplasma-2  Victoria_University.Subject-01.bloodplasma-1  Victoria_University.Subject-05.bloodplasma-4  
center sample:  Victoria_University.Subject-06.bloodplasma-3 
Processing: Victoria_University.Subject-01.bloodplasma-4  Victoria_University.Subject-06.bloodplasma-2  Victoria_University.Subject-01.bloodplasma-1  Victoria_University.Subject-05.bloodplasma-4  
center sample:  Victoria_University.Subject-06.bloodplasma-3 
Processing: Victoria_University.Subject-01.bloodplasma-4  Victoria_University.Subject-06.bloodplasma-2  Victoria_University.Subject-01.bloodplasma-1  Victoria_University.Subject-05.bloodplasma-4  
center sample:  Victoria_University.Subject-06.bloodplasma-3 
Processing: Victoria_University.Subject-01.bloodplasma-4  Victoria_University.Subject-06.bloodplasma-2  Victoria_University.Subject-01.bloodplasma-1  Victoria_University.Subject-05.bloodplasma-4  
center sample:  Victoria_University.Subject-06.bloodplasma-3 
Processing: Victoria_University.Subject-01.bloodplasma-4  Victoria_University.Subject-06.bloodplasma-2  Victoria_University.Subject-01.bloodplasma-1  Victoria_University.Subject-05.bloodplasma-4  
center sample:  Victoria_University.Subject-06.bloodplasma-3 
Processing: Victoria_University.Subject-01.bloodplasma-4  Victoria_University.Subject-06.bloodplasma-2  Victoria_University.Subject-01.bloodplasma-1  Victoria_University.Subject-05.bloodplasma-4  
center sample:  Victoria_University.Subject-06.bloodplasma-3 
Processing: Victoria_University.Subject-01.bloodplasma-4  Victoria_University.Subject-06.bloodplasma-2  Victoria_University.Subject-01.bloodplasma-1  Victoria_University.Subject-05.bloodplasma-4  
center sample:  Victoria_University.Subject-06.bloodplasma-3 
Processing: Victoria_University.Subject-01.bloodplasma-4  Victoria_University.Subject-06.bloodplasma-2  Victoria_University.Subject-01.bloodplasma-1  Victoria_University.Subject-05.bloodplasma-4  
center sample:  Victoria_University.Subject-06.bloodplasma-3 
Processing: Victoria_University.Subject-01.bloodplasma-4  Victoria_University.Subject-06.bloodplasma-2  Victoria_University.Subject-01.bloodplasma-1  Victoria_University.Subject-05.bloodplasma-4  
center sample:  Victoria_University.Subject-06.bloodplasma-3 
Processing: Victoria_University.Subject-01.bloodplasma-4  Victoria_University.Subject-06.bloodplasma-2  Victoria_University.Subject-01.bloodplasma-1  Victoria_University.Subject-05.bloodplasma-4  
center sample:  Victoria_University.Subject-06.bloodplasma-3 
Processing: Victoria_University.Subject-01.bloodplasma-4  Victoria_University.Subject-06.bloodplasma-2  Victoria_University.Subject-01.bloodplasma-1  Victoria_University.Subject-05.bloodplasma-4  
center sample:  Victoria_University.Subject-06.bloodplasma-3 
Processing: Victoria_University.Subject-01.bloodplasma-4  Victoria_University.Subject-06.bloodplasma-2  Victoria_University.Subject-01.bloodplasma-1  Victoria_University.Subject-05.bloodplasma-4  
center sample:  Victoria_University.Subject-06.bloodplasma-3 
Processing: Victoria_University.Subject-01.bloodplasma-4  Victoria_University.Subject-06.bloodplasma-2  Victoria_University.Subject-01.bloodplasma-1  Victoria_University.Subject-05.bloodplasma-4  
center sample:  Victoria_University.Subject-06.bloodplasma-3 
Processing: Victoria_University.Subject-01.bloodplasma-4  Victoria_University.Subject-06.bloodplasma-2  Victoria_University.Subject-01.bloodplasma-1  Victoria_University.Subject-05.bloodplasma-4  
center sample:  Victoria_University.Subject-06.bloodplasma-3 
Processing: Victoria_University.Subject-01.bloodplasma-4  Victoria_University.Subject-06.bloodplasma-2  Victoria_University.Subject-01.bloodplasma-1  Victoria_University.Subject-05.bloodplasma-4  
center sample:  Victoria_University.Subject-06.bloodplasma-3 
Processing: Victoria_University.Subject-01.bloodplasma-4  Victoria_University.Subject-06.bloodplasma-2  Victoria_University.Subject-01.bloodplasma-1  Victoria_University.Subject-05.bloodplasma-4  
center sample:  Victoria_University.Subject-06.bloodplasma-3 
Processing: Victoria_University.Subject-01.bloodplasma-4  Victoria_University.Subject-06.bloodplasma-2  Victoria_University.Subject-01.bloodplasma-1  Victoria_University.Subject-05.bloodplasma-4  
center sample:  Victoria_University.Subject-06.bloodplasma-3 
Processing: Victoria_University.Subject-01.bloodplasma-4  Victoria_University.Subject-06.bloodplasma-2  Victoria_University.Subject-01.bloodplasma-1  Victoria_University.Subject-05.bloodplasma-4  
center sample:  Victoria_University.Subject-06.bloodplasma-3 
Processing: Victoria_University.Subject-01.bloodplasma-4  Victoria_University.Subject-06.bloodplasma-2  Victoria_University.Subject-01.bloodplasma-1  Victoria_University.Subject-05.bloodplasma-4  
center sample:  Victoria_University.Subject-06.bloodplasma-3 
Processing: Victoria_University.Subject-01.bloodplasma-4  Victoria_University.Subject-06.bloodplasma-2  Victoria_University.Subject-01.bloodplasma-1  Victoria_University.Subject-05.bloodplasma-4  
center sample:  Victoria_University.Subject-06.bloodplasma-3 
Processing: Victoria_University.Subject-01.bloodplasma-4  Victoria_University.Subject-06.bloodplasma-2  Victoria_University.Subject-01.bloodplasma-1  Victoria_University.Subject-05.bloodplasma-4  
center sample:  Victoria_University.Subject-06.bloodplasma-3 
Processing: Victoria_University.Subject-01.bloodplasma-4  Victoria_University.Subject-06.bloodplasma-2  Victoria_University.Subject-01.bloodplasma-1  Victoria_University.Subject-05.bloodplasma-4  
center sample:  Victoria_University.Subject-06.bloodplasma-3 
Processing: Victoria_University.Subject-01.bloodplasma-4  Victoria_University.Subject-06.bloodplasma-2  Victoria_University.Subject-01.bloodplasma-1  Victoria_University.Subject-05.bloodplasma-4  
center sample:  Victoria_University.Subject-06.bloodplasma-3 
Processing: Victoria_University.Subject-01.bloodplasma-4  Victoria_University.Subject-06.bloodplasma-2  Victoria_University.Subject-01.bloodplasma-1  Victoria_University.Subject-05.bloodplasma-4  
center sample:  Victoria_University.Subject-06.bloodplasma-3 
Processing: Victoria_University.Subject-01.bloodplasma-4  Victoria_University.Subject-06.bloodplasma-2  Victoria_University.Subject-01.bloodplasma-1  Victoria_University.Subject-05.bloodplasma-4  
center sample:  Victoria_University.Subject-06.bloodplasma-3 
Processing: Victoria_University.Subject-01.bloodplasma-4  Victoria_University.Subject-06.bloodplasma-2  Victoria_University.Subject-01.bloodplasma-1  Victoria_University.Subject-05.bloodplasma-4  
center sample:  Victoria_University.Subject-06.bloodplasma-3 
Processing: Victoria_University.Subject-01.bloodplasma-4  Victoria_University.Subject-06.bloodplasma-2  Victoria_University.Subject-01.bloodplasma-1  Victoria_University.Subject-05.bloodplasma-4  
center sample:  Victoria_University.Subject-06.bloodplasma-3 
Processing: Victoria_University.Subject-01.bloodplasma-4  Victoria_University.Subject-06.bloodplasma-2  Victoria_University.Subject-01.bloodplasma-1  Victoria_University.Subject-05.bloodplasma-4  
center sample:  Victoria_University.Subject-06.bloodplasma-3 
Processing: Victoria_University.Subject-01.bloodplasma-4  Victoria_University.Subject-06.bloodplasma-2  Victoria_University.Subject-01.bloodplasma-1  Victoria_University.Subject-05.bloodplasma-4  
center sample:  Victoria_University.Subject-06.bloodplasma-3 
Processing: Victoria_University.Subject-01.bloodplasma-4  Victoria_University.Subject-06.bloodplasma-2  Victoria_University.Subject-01.bloodplasma-1  Victoria_University.Subject-05.bloodplasma-4  
center sample:  Victoria_University.Subject-06.bloodplasma-3 
Processing: Victoria_University.Subject-01.bloodplasma-4  Victoria_University.Subject-06.bloodplasma-2  Victoria_University.Subject-01.bloodplasma-1  Victoria_University.Subject-05.bloodplasma-4  
center sample:  Victoria_University.Subject-06.bloodplasma-3 
Processing: Victoria_University.Subject-01.bloodplasma-4  Victoria_University.Subject-06.bloodplasma-2  Victoria_University.Subject-01.bloodplasma-1  Victoria_University.Subject-05.bloodplasma-4  
center sample:  Victoria_University.Subject-06.bloodplasma-3 
Processing: Victoria_University.Subject-01.bloodplasma-4  Victoria_University.Subject-06.bloodplasma-2  Victoria_University.Subject-01.bloodplasma-1  Victoria_University.Subject-05.bloodplasma-4  
center sample:  Victoria_University.Subject-06.bloodplasma-3 
Processing: Victoria_University.Subject-01.bloodplasma-4  Victoria_University.Subject-06.bloodplasma-2  Victoria_University.Subject-01.bloodplasma-1  Victoria_University.Subject-05.bloodplasma-4  
center sample:  Victoria_University.Subject-06.bloodplasma-3 
Processing: Victoria_University.Subject-01.bloodplasma-4  Victoria_University.Subject-06.bloodplasma-2  Victoria_University.Subject-01.bloodplasma-1  Victoria_University.Subject-05.bloodplasma-4  d 'bin' and step 0.85 ... OK
Create profile matrix with method 'bin' and step 0.85 ... OK
Processing 19530 mz slices ... OK
Create profile matrix with method 'bin' and step 0.85 ... OK
Create profile matrix with method 'bin' and step 0.85 ... OK
Create profile matrix with method 'bin' and step 0.85 ... OK
Create profile matrix with method 'bin' and step 0.85 ... OK
Create profile matrix with method 'bin' and step 0.85 ... OK
Create profile matrix with method 'bin' and step 0.85 ... OK
Create profile matrix with method 'bin' and step 0.85 ... OK
Create profile matrix with method 'bin' and step 0.85 ... OK
Processing 19530 mz slices ... OK
Create profile matrix with method 'bin' and step 0.85 ... OK
Create profile matrix with method 'bin' and step 0.85 ... OK
Create profile matrix with method 'bin' and step 0.85 ... OK
Create profile matrix with method 'bin' and step 0.85 ... OK
Create profile matrix with method 'bin' and step 0.85 ... OK
Create profile matrix with method 'bin' and step 0.85 ... OK
Create profile matrix with method 'bin' and step 0.85 ... OK
Create profile matrix with method 'bin' and step 0.85 ... OK
Processing 19530 mz slices ... OK
Create profile matrix with method 'bin' and step 0.85 ... OK
Create profile matrix with method 'bin' and step 0.85 ... OK
Create profile matrix with method 'bin' and step 0.85 ... OK
Create profile matrix with method 'bin' and step 0.85 ... OK
Create profile matrix with method 'bin' and step 0.85 ... OK
Create profile matrix with method 'bin' and step 0.85 ... OK
Create profile matrix with method 'bin' and step 0.85 ... OK
Create profile matrix with method 'bin' and step 0.85 ... OK
Processing 19530 mz slices ... OK
Create profile matrix with method 'bin' and step 0.85 ... OK
Create profile matrix with method 'bin' and step 0.85 ... OK
Create profile matrix with method 'bin' and step 0.85 ... OK
Create profile matrix with method 'bin' and step 0.85 ... OK
Create profile matrix with method 'bin' and step 0.85 ... OK
Create profile matrix with method 'bin' and step 0.85 ... OK
Create profile matrix with method 'bin' and step 0.85 ... OK
Create profile matrix with method 'bin' and step 0.85 ... OK
Processing 19530 mz slices ... OK
Create profile matrix with method 'bin' and step 0.7 ... OK
Create profile matrix with method 'bin' and step 0.7 ... OK
Create profile matrix with method 'bin' and step 0.7 ... OK
Create profile matrix with method 'bin' and step 0.7 ... OK
Create profile matrix with method 'bin' and step 0.7 ... OK
Create profile matrix with method 'bin' and step 0.7 ... OK
Create profile matrix with method 'bin' and step 0.7 ... OK
Create profile matrix with method 'bin' and step 0.7 ... OK
Processing 19530 mz slices ... OK
Create profile matrix with method 'bin' and step 1 ... OK
Create profile matrix with method 'bin' and step 1 ... OK
Create profile matrix with method 'bin' and step 1 ... OK
Create profile matrix with method 'bin' and step 1 ... OK
Create profile matrix with method 'bin' and step 1 ... OK
Processing 19530 mz slices ... OK
Create profile matrix with method 'bin' and step 0.85 ... OK
Create profile matrix with method 'bin' and step 0.85 ... OK
Create profile matrix with method 'bin' and step 0.85 ... OK
Create profile matrix with method 'bin' and step 0.85 ... OK
Create profile matrix with method 'bin' and step 0.85 ... OK
Create profile matrix with method 'bin' and step 0.85 ... OK
Create profile matrix with method 'bin' and step 0.85 ... OK
Create profile matrix with method 'bin' and step 0.85 ... OK
Processing 19530 mz slices ... OK
Create profile matrix with method 'bin' and step 0.85 ... OK
Create profile matrix with method 'bin' and step 0.85 ... OK
Create profile matrix with method 'bin' and step 0.85 ... OK
Create profile matrix with method 'bin' and step 0.85 ... OK
Create profile matrix with method 'bin' and step 0.85 ... OK
Create profile matrix with method 'bin' and step 0.85 ... OK
Create profile matrix with method 'bin' and step 0.85 ... OK
Create profile matrix with method 'bin' and step 0.85 ... OK
Processing 19530 mz slices ... OK
Create profile matrix with method 'bin' and step 0.85 ... OK
Create profile matrix with method 'bin' and step 0.85 ... OK
Create profile matrix with method 'bin' and step 0.85 ... OK
Create profile matrix with method 'bin' and step 0.85 ... OK
Create profile matrix with method 'bin' and step 0.85 ... OK
Create profile matrix with method 'bin' and step 0.85 ... OK
Create profile matrix with method 'bin' and step 0.85 ... OK
Create profile matrix with method 'bin' and step 0.85 ... OK
Processing 32548 mz slices ... OK
Create profile matrix with method 'bin' and step 0.85 ... OK
Create profile matrix with method 'bin' and step 0.85 ... OK
Create profile matrix with method 'bin' and step 0.85 ... OK
Create profile matrix with method 'bin' and step 0.85 ... OK
Create profile matrix with method 'bin' and step 0.85 ... OK
Create profile matrix with method 'bin' and step 0.85 ... OK
Create profile matrix with method 'bin' and step 0.85 ... OK
Create profile matrix with method 'bin' and step 0.85 ... OK
Processing 13950 mz slices ... OK
Create profile matrix with method 'bin' and step 0.85 ... OK
Create profile matrix with method 'bin' and step 0.85 ... OK
Create profile matrix with method 'bin' and step 0.85 ... OK
Create profile matrix with method 'bin' and step 0.85 ... OK
Create profile matrix with method 'bin' and step 0.85 ... OK
Create profile matrix with method 'bin' and step 0.85 ... OK
Create profile matrix with method 'bin' and step 0.85 ... OK
Create profile matrix with method 'bin' and step 0.85 ... OK
Processing 19530 mz slices ... OK
Create profile matrix with method 'bin' and step 0.82 ... OK
Create profile matrix with method 'bin' and step 0.82 ... OK
Create profile matrix with method 'bin' and step 0.82 ... OK
Create profile matrix with method 'bin' and step 0.82 ... OK
Create profile matrix with method 'bin' and step 0.82 ... OK
Create profile matrix with method 'bin' and step 0.82 ... OK
Create profile matrix with method 'bin' and step 0.82 ... OK
Create profile matrix with method 'bin' and step 0.82 ... OK
Processing 19530 mz slices ... OK



starting new DoE with:

gapInit: c(0.16, 0.64)
gapExtend: c(2.16, 2.64)
profStep: c(0.7, 0.94)
bw: c(28.4, 47.6)
mzwid: c(0.017, 0.033)
distFunc: cor_opt
plottype: none
response: 1
factorDiag: 2
factorGap: 1
localAlignment: 0
retcorMethod: obiwarp
minfrac: 0.05
minsamp: 1
max: 50
center: 4

Create profile matrix with method 'bin' and step 0.7 ... OK
Create profile matrix with method 'bin' and step 0.7 ... OK
Create profile matrix with method 'bin' and step 0.7 ... OK
Create profile matrix with method 'bin' and step 0.7 ... OK
Create profile matrix with method 'bin' and step 0.7 ... OK
Create profile matrix with method 'bin' and step 0.7 ... OK
Create profile matrix with method 'bin' and step 0.7 ... OK
Create profile matrix with method 'bin' and step 0.7 ... OK
Processing 28719 mz slices ... OK
Create profile matrix with method 'bin' and step 0.7 ... OK
Create profile matrix with method 'bin' and step 0.7 ... OK
Create profile matrix with method 'bin' and step 0.7 ... OK
Create profile matrix with method 'bin' and step 0.7 ... OK
Create profile matrix with method 'bin' and step 0.7 ... OK
Create profile matrix with method 'bin' and step 0.7 ... OK
Create profile matrix with method 'bin' and step 0.7 ... OK
Create profile matrix with method 'bin' and step 0.7 ... OK
Processing 28719 mz slices ... OK
Create profile matrix with method 'bin' and step 0.7 ... OK
Create profile matrix with method 'bin' and step 0.7 ... OK
Create profile matrix with method 'bin' and step 0.7 ... OK
Create profile matrix with method 'bin' and step 0.7 ... OK
Create profile matrix with method 'bin' and step 0.7 ... OK
Create profile matrix with method 'bin' and step 0.7 ... OK
Create profile matrix with method 'bin' and step 0.7 ... OK
Create profile matrix with method 'bin' and step 0.7 ... OK
Processing 28719 mz slices ... OK
Create profile matrix with method 'bin' and step 0.7 ... OK
Create profile matrix with method 'bin' and step 0.7 ... OK
Create profile matrix with method 'bin' and step 0.7 ... OK
Create profile matrix with method 'bin' and step 0.7 ... OK
Create profile matrix with method 'bin' and step 0.7 ... OK
Create profile matrix with method 'bin' and step 0.7 ... OK
Create profile matrix with method 'bin' and step 0.7 ... OK
Create profile matrix with method 'bin' and step 0.7 ... OK
Processing 28719 mz slices ... OK
Create profile matrix with method 'bin' and step 0.94 ... OK
Create profile matrix with method 'bin' and step 0.94 ... OK
Create profile matrix with method 'bin' and step 0.94 ... OK
Create profile matrix with method 'bin' and step 0.94 ... OK
Create profile matrix with method 'bin' and step 0.94 ... OK
Create profile matrix with method 'bin' and step 0.94 ... OK
Create profile matrix with method 'bin' and step 0.94 ... OK
Create profile matrix with method 'bin' and step 0.94 ... OK
Processing 28719 mz slices ... OK
Create profile matrix with method 'bin' and step 0.94 ... OK
Create profile matrix with method 'bin' and step 0.94 ... OK
Create profile matrix with method 'bin' and step 0.94 ... OK
Create profile matrix with method 'bin' and step 0.94 ... OK
Create profile matrix with method 'bin' and step 0.94 ... OK
Create profile matrix with method 'bin' and step 0.94 ... OK
Create profile matrix with method 'bin' and step 0.94 ... OK
Create profile matrix with method 'bin' and step 0.94 ... OK
Processing 28719 mz slices ... OK
Create profile matrix with method 'bin' and step 0.94 ... OK
Create profile matrix with method 'bin' and step 0.94 ... OK
Create profile matrix with method 'bin' and step 0.94 ... OK
Create profile matrix with method 'bin' and step 0.94 ... OK
Create profile matrix with method 'bin' and step 0.94 ... OK
Create profile matrix with method 'bin' and step 0.94 ... OK
Create profile matrix with method 'bin' and step 0.94 ... OK
Create profile matrix with method 'bin' and step 0.94 ... OK
Processing 28719 mz slices ... OK
Create profile matrix with method 'bin' and step 0.94 ... OK
Create profile matrix with method 'bin' and step 0.94 ... OK
Create profile matrix with method 'bin' and step 0.94 ... OK
Create profile matrix with method 'bin' and step 0.94 ... OK
Create profile matrix with method 'bin' and step 0.94 ... OK
Create profile matrix with method 'bin' and step 0.94 ... OK
Create profile matrix with method 'bin' and step 0.94 ... OK
Create profile matrix with method 'bin' and step 0.94 ... OK
Processing 28719 mz slices ... OK
Create profile matrix with method 'bin' and step 0.7 ... OK
Create profile matrix with method 'bin' and step 0.7 ... OK
Create profile matrix with method 'bin' and step 0.7 ... OK
Create profile matrix with method 'bin' and step 0.7 ... OK
Create profile matrix with method 'bin' and step 0.7 ... OK
Create profile matrix with method 'bin' and step 0.7 ... OK
Create profile matrix with method 'bin' and step 0.7 ... OK
Create profile matrix with method 'bin' and step 0.7 ... OK
Processing 28719 mz slices ... OK
Create profile matrix with method 'bin' and step 0.7 ... OK
Create profile matrix with method 'bin' and step 0.7 ... OK
Create profile matrix with method 'bin' and step 0.7 ... OK
Create profile matrix with method 'bin' and step 0.7 ... OK
Create profile matrix with method 'bin' and step 0.7 ... OK
Create profile matrix with method 'bin' and step 0.7 ... OK
Create profile matrix with method 'bin' and step 0.7 ... OK
Create profile matrix with method 'bin' and step 0.7 ... OK
Processing 28719 mz slices ... OK
Create profile matrix with method 'bin' and step 0.7 ... OK
Create profile matrix with method 'bin' and step 0.7 ... OK
Create profile matrix with method 'bin' and step 0.7 ... OK
Create profile matrix with method 'bin' and step 0.7 ... OK
Create profile matrix with method 'bin' and step 0.7 ... OK
Create profile matrix with method 'bin' and step 0.7 ... OK
Create profile matrix with method 'bin' and step 0.7 ... OK
Create profile matrix with method 'bin' and step 0.7 ... OK
Processing 28719 mz slices ... OK
Create profile matrix with method 'bin' and step 0.7 ... OK
Create profile matrix with method 'bin' and step 0.7 ... OK
Create profile matrix with method 'bin' and step 0.7 ... OK
Create profile matrix with method 'bin' and step 0.7 ... OK
Create profile matrix with method 'bin' and step 0.7 ... OK
Create profile matrix with method 'bin' and step 0.7 ... OK
Create profile matrix with method 'bin' and step 0.7 ... OK
Create profile matrix with method 'bin' and step 0.7 ... OK
Processing 28719 mz slices ... OK
Create profile matrix with method 'bin' and step 0.94 ... OK
Create profile matrix with method 'bin' and step 0.94 ... OK
Create profile matrix with method 'bin' and step 0.94 ... OK
Create profile matrix with method 'bin' and step 0.94 ... OK
Create profile matrix with method 'bin' and step 0.94 ... OK
Create profile matrix with method 'bin' and step 0.94 ... OK
Create profile matrix with method 'bin' and step 0.94 ... OK
Create profile matrix with method 'bin' and step 0.94 ... OK
Processing 28719 mz slices ... OK
Create profile matrix with method 'bin' and step 0.94 ... OK
Create profile matrix with method 'bin' and step 0.94 ... OK
Create profile matrix with method 'bin' and step 0.94 ... OK
Create profile matrix with method 'bin' and step 0.94 ... OK
Create profile matrix with method 'bin' and step 0.94 ... OK
Create profile matrix with method 'bin' and step 0.94 ... OK
Create profile matrix with method 'bin' and step 0.94 ... OK
Create profile matrix with method 'bin' and step 0.94 ... OK
Processing 28719 mz slices ... OK
Create profile matrix with method 'bin' and step 0.94 ... OK
Create profile matrix with method 'bin' and step 0.94 ... OK
Create profile matrix with method 'bin' and step 0.94 ... OK
Create profile matrix with method 'bin' and step 0.94 ... OK
Create profile matrix with method 'bin' and step 0.94 ... OK
Create profile matrix with method 'bin' and step 0.94 ... OK
Create profile matrix with method 'bin' and step 0.94 ... OK
Create profile matrix with method 'bin' and step 0.94 ... OK
Processing 28719 mz slices ... OK
Create profile matrix with method 'bin' and step 0.94 ... OK
Create profile matrix with method 'bin' and step 0.94 ... OK
Create profile matrix with method 'bin' and step 0.94 ... OK
Create profile matrix with method 'bin' and step 0.94 ... OK
Create profile matrix with method 'bin' and step 0.94 ... OK
Create profile matrix with method 'bin' and step 0.94 ... OK
Create profile matrix with method 'bin' and step 0.94 ... OK
Create profile matrix with method 'bin' and step 0.94 ... OK
Processing 28719 mz slices ... OK
Create profile matrix with method 'bin' and step 0.7 ... OK
Create profile matrix with method 'bin' and step 0.7 ... OK
Create profile matrix with method 'bin' and step 0.7 ... OK
Create profile matrix with method 'bin' and step 0.7 ... OK
Create profile matrix with method 'bin' and step 0.7 ... OK
Create profile matrix with method 'bin' and step 0.7 ... OK
Create profile matrix with method 'bin' and step 0.7 ... OK
Create profile matrix with method 'bin' and step 0.7 ... OK
Processing 14795 mz slices ... OK
Create profile matrix with method 'bin' and step 0.7 ... OK
Create profile matrix with method 'bin' and step 0.7 ... OK
Create profile matrix with method 'bin' and step 0.7 ... OK
Create profile matrix with method 'bin' and step 0.7 ... OK
Create profile matrix with method 'bin' and step 0.7 ... OK
Create profile matrix with method 'bin' and step 0.7 ... OK
Create profile matrix with method 'bin' and step 0.7 ... OK
Create profile matrix with method 'bin' and step 0.7 ... OK
Processing 14795 mz slices ... OK
Create profile matrix with method 'bin' and step 0.7 ... OK
Create profile matrix with method 'bin' and step 0.7 ... OK
Create profile matrix with method 'bin' and step 0.7 ... OK
Create profile matrix with method 'bin' and step 0.7 ... OK
Create profile matrix with method 'bin' and step 0.7 ... OK
Create profile matrix with method 'bin' and step 0.7 ... OK
Create profile matrix with method 'bin' and step 0.7 ... OK
Create profile matrix with method 'bin' and step 0.7 ... OK
Processing 14795 mz slices ... OK
Create profile matrix with method 'bin' and step 0.7 ... OK
Create profile matrix with method 'bin' and step 0.7 ... OK
Create profile matrix with method 'bin' and step 0.7 ... OK
Create profile matrix with method 'bin' and step 0.7 ... OK
Create profile matrix with method 'bin' and step 0.7 ... OK
Create profile matrix with method 'bin' and step 0.7 ... OK
Create profile matrix with method 'bin' and step 0.7 ... OK
Create profile matrix with method 'bin' and step 0.7 ... OK
Processing 14795 mz slices ... OK
Create profile matrix with method 'bin' and step 0.94 ... OK
Create profile matrix with method 'bin' and step 0.94 ... OK
Create profile matrix with method 'bin' and step 0.94 ... OK
Create profile matrix with method 'bin' and step 0.94 ... OK
Create profile matrix with method 'bin' and step 0.94 ... OK
Create profile matrix with method 'bin' and step 0.94 ... OK
Create profile matrix with method 'bin' and step 0.94 ... OK
Create profile matrix with method 'bin' and step 0.94 ... OK
Processing 14795 mz slices ... OK
Create profile matrix with method 'bin' and step 0.94 ... OK
Create profile matrix with method 'bin' and step 0.94 ... OK
Create profile matrix with method 'bin' and step 0.94 ... OK
Create profile matrix with method 'bin' and step 0.94 ... OK
Create profile matrix with method 'bin' and step 0.94 ... OK
Create profile matrix with method 'bin' and step 0.94 ... OK
Create profile matrix with method 'bin' and step 0.94 ... OK
Create profile matrix with method 'bin' and step 0.94 ... OK
Processing 14795 mz slices ... OK
Create profile matrix with method 'bin' and step 0.94 ... OK
Create profile matrix with method 'bin' and step 0.94 ... OK
Create profile matrix with method 'bin' and step 0.94 ... OK
Create profile matrix with method 'bin' and step 0.94 ... OK
Create profile matrix with method 'bin' and step 0.94 ... OK
Create profile matrix with method 'bin' and step 0.94 ... OK
Create profile matrix with method 'bin' and step 0.94 ... OK
Create profile matrix with method 'bin' and step 0.94 ... OK
Processing 14795 mz slices ... OK
Create profile matrix with method 'bin' and step 0.94 ... OK
Create profile matrix with method 'bin' and step 0.94 ... OK
Create profile matrix with method 'bin' and step 0.94 ... OK
Create profile matrix with method 'bin' and step 0.94 ... OK
Create profile matrix with method 'bin' and step 0.94 ... OK
Create profile matrix with method 'bin' and step 0.94 ... OK
Create profile matrix with method 'bin' and step 0.94 ... OK
Create profile matrix with method 'bin' and step 0.94 ... OK
Processing 14795 mz slices ... OK
Create profile matrix with method 'bin' and step 0.7 ... OK
Create profile matrix with method 'bin' and step 0.7 ... OK
Create profile matrix with method 'bin' and step 0.7 ... OK
Create profile matrix with method 'bin' and step 0.7 ... OK
Create profile matrix with method 'bin' and step 0.7 ... OK
Create profile matrix with method 'bin' and step 0.7 ... OK
Create profile matrix with method 'bin' and step 0.7 ... OK
Create profile matrix with method 'bin' and step 0.7 ... OK
Processing 14795 mz slices ... OK
Create profile matrix with method 'bin' and step 0.7 ... OK
Create profile matrix with method 'bin' and step 0.7 ... OK
Create profile matrix with method 'bin' and step 0.7 ... OK
Create profile matrix with method 'bin' and step 0.7 ... OK
Create profile matrix with method 'bin' and step 0.7 ... OK
Create profile matrix with method 'bin' and step 0.7 ... OK
Create profile matrix with method 'bin' and step 0.7 ... OK
Create profile matrix with method 'bin' and step 0.7 ... OK
Processing 14795 mz slices ... OK
Create profile matrix with method 'bin' and step 0.7 ... OK
Create profile matrix with method 'bin' and step 0.7 ... OK
Create profile matrix with method 'bin' and step 0.7 ... OK
Create profile matrix with method 'bin' and step 0.7 ... OK
Create profile matrix with method 'bin' and step 0.7 ... OK
Create profile matrix with method 'bin' and step 0.7 ... OK
Create profile matrix with method 'bin' and step 0.7 ... OK
Create profile matrix with method 'bin' and step 0.7 ... OK
Processing 14795 mz slices ... OK
Create profile matrix with method 'bin' and step 0.7 ... OK
Create profile matrix with method 'bin' and step 0.7 ... OK
Create profile matrix with method 'bin' and step 0.7 ... OK
Create profile matrix with method 'bin' and step 0.7 ... OK
Create profile matrix with method 'bin' and step 0.7 ... OK
Create profile matrix with method 'bin' and step 0.7 ... OK
Create profile matrix with method 'bin' and step 0.7 ... OK
Create profile matrix with method 'bin' and step 0.7 ... OK
