xsAnnotate contains no pseudospectra. Regroup all peaks into one!
Generating peak matrix!
Run isotope peak annotation
 % finished: 100  
Found isotopes: 0 
xsAnnotate contains no pseudospectra. Regroup all peaks into one!
Generating peak matrix!
Run isotope peak annotation
 % finished: 100  
Found isotopes: 0 
xsAnnotate contains no pseudospectra. Regroup all peaks into one!
Generating peak matrix!
Run isotope peak annotation
 % finished: 100  
Found isotopes: 0 
xsAnnotate contains no pseudospectra. Regroup all peaks into one!
Generating peak matrix!
Run isotope peak annotation
 % finished: 100  
Found isotopes: 0 
xsAnnotate contains no pseudospectra. Regroup all peaks into one!
Generating peak matrix!
Run isotope peak annotation
 % finished: 100  
Found isotopes: 0 
xsAnnotate contains no pseudospectra. Regroup all peaks into one!
Generating peak matrix!
Run isotope peak annotation
 % finished: 100  
Found isotopes: 0 
xsAnnotate contains no pseudospectra. Regroup all peaks into one!
Generating peak matrix!
Run isotope peak annotation
 % finished: 100  
Found isotopes: 0 
xsAnnotate contains no pseudospectra. Regroup all peaks into one!
Generating peak matrix!
Run isotope peak annotation
 % finished: 100  
Found isotopes: 0 
xsAnnotate contains no pseudospectra. Regroup all peaks into one!
Generating peak matrix!
Run isotope peak annotation
 % finished: 100  
Found isotopes: 0 
xsAnnotate contains no pseudospectra. Regroup all peaks into one!
Generating peak matrix!
Run isotope peak annotation
 % finished: 100  
Found isotopes: 0 
xsAnnotate contains no pseudospectra. Regroup all peaks into one!
Generating peak matrix!
Run isotope peak annotation
 % finished: 100  
Found isotopes: 0 
xsAnnotate contains no pseudospectra. Regroup all peaks into one!
Generating peak matrix!
Run isotope peak annotation
 % finished: 100  
Found isotopes: 0 
xsAnnotate contains no pseudospectra. Regroup all peaks into one!
Generating peak matrix!
Run isotope peak annotation
 % finished: 100  
Found isotopes: 0 
xsAnnotate contains no pseudospectra. Regroup all peaks into one!
Generating peak matrix!
Run isotope peak annotation
 % finished: 100  
Found isotopes: 0 
xsAnnotate contains no pseudospectra. Regroup all peaks into one!
Generating peak matrix!
Run isotope peak annotation
 % finished: 100  
Found isotopes: 0 
xsAnnotate contains no pseudospectra. Regroup all peaks into one!
Generating peak matrix!
Run isotope peak annotation
 % finished: 100  
Found isotopes: 0 
xsAnnotate contains no pseudospectra. Regroup all peaks into one!
Generating peak matrix!
Run isotope peak annotation
 % finished: 100  
Found isotopes: 0 
xsAnnotate contains no pseudospectra. Regroup all peaks into one!
Generating peak matrix!
Run isotope peak annotation
 % finished: 100  
Found isotopes: 0 
xsAnnotate contains no pseudospectra. Regroup all peaks into one!
Generating peak matrix!
Run isotope peak annotation
 % finished: 100  
Found isotopes: 0 
xsAnnotate contains no pseudospectra. Regroup all peaks into one!
Generating peak matrix!
Run isotope peak annotation
 % finished: 100  
Found isotopes: 0 
xsAnnotate contains no pseudospectra. Regroup all peaks into one!
Generating peak matrix!
Run isotope peak annotation
 % finished: 100  
Found isotopes: 0 
xsAnnotate contains no pseudospectra. Regroup all peaks into one!
Generating peak matrix!
Run isotope peak annotation
 % finished: 100  
Found isotopes: 0 
xsAnnotate contains no pseudospectra. Regroup all peaks into one!
Generating peak matrix!
Run isotope peak annotation
 % finished: 100  
Found isotopes: 0 
xsAnnotate contains no pseudospectra. Regroup all peaks into one!
Generating peak matrix!
Run isotope peak annotation
 % finished: 100  
Found isotopes: 0 
xsAnnotate contains no pseudospectra. Regroup all peaks into one!
Generating peak matrix!
Run isotope peak annotation
 % finished: 100  
Found isotopes: 0 
xsAnnotate contains no pseudospectra. Regroup all peaks into one!
Generating peak matrix!
Run isotope peak annotation
 % finished: 100  
Found isotopes: 0 
xsAnnotate contains no pseudospectra. Regroup all peaks into one!
Generating peak matrix!
Run isotope peak annotation
 % finished: 100  
Found isotopes: 0 
xsAnnotate contains no pseudospectra. Regroup all peaks into one!
Generating peak matrix!
Run isotope peak annotation
 % finished: 100  
Found isotopes: 0 
xsAnnotate contains no pseudospectra. Regroup all peaks into one!
Generating peak matrix!
Run isotope peak annotation
 % finished: 100  
Found isotopes: 0 
xsAnnotate contains no pseudospectra. Regroup all peaks into one!
Generating peak matrix!
Run isotope peak annotation
 % finished: 100  
Found isotopes: 0 
xsAnnotate contains no pseudospectra. Regroup all peaks into one!
Generating peak matrix!
Run isotope peak annotation
 % finished: 100  
Found isotopes: 0 
xsAnnotate contains no pseudospectra. Regroup all peaks into one!
Generating peak matrix!
Run isotope peak annotation
 % finished: 100  
Found isotopes: 0 
xsAnnotate contains no pseudospectra. Regroup all peaks into one!
Generating peak matrix!
Run isotope peak annotation
 % finished: 100  
Found isotopes: 0 
xsAnnotate contains no pseudospectra. Regroup all peaks into one!
Generating peak matrix!
Run isotope peak annotation
 % finished: 100  
Found isotopes: 0 
xsAnnotate contains no pseudospectra. Regroup all peaks into one!
Generating peak matrix!
Run isotope peak annotation
 % finished: 100  
Found isotopes: 0 
xsAnnotate contains no pseudospectra. Regroup all peaks into one!
Generating peak matrix!
Run isotope peak annotation
 % finished: 100  
Found isotopes: 0 
xsAnnotate contains no pseudospectra. Regroup all peaks into one!
Generating peak matrix!
Run isotope peak annotation
 % finished: 100  
Found isotopes: 0 
xsAnnotate contains no pseudospectra. Regroup all peaks into one!
Generating peak matrix!
Run isotope peak annotation
 % finished: 100  
Found isotopes: 0 
xsAnnotate contains no pseudospectra. Regroup all peaks into one!
Generating peak matrix!
Run isotope peak annotation
 % finished: 100  
Found isotopes: 0 
xsAnnotate contains no pseudospectra. Regroup all peaks into one!
Generating peak matrix!
Run isotope peak annotation
 % finished: 100  
Found isotopes: 0 
xsAnnotate contains no pseudospectra. Regroup all peaks into one!
Generating peak matrix!
Run isotope peak annotation
 % finished: 100  
Found isotopes: 0 
center sample:  Victoria_University.Subject-04.bloodplasma-5 
Processing: Victoria_University.Subject-07.bloodplasma-6  Victoria_University.Subject-06.bloodplasma-8  Victoria_University.Subject-05.bloodplasma-6  center sample:  Victoria_University.Subject-04.bloodplasma-5 
Processing: Victoria_University.Subject-07.bloodplasma-6  Victoria_University.Subject-06.bloodplasma-8  Victoria_University.Subject-05.bloodplasma-6  center sample:  Victoria_University.Subject-04.bloodplasma-5 
Processing: Victoria_University.Subject-07.bloodplasma-6  Victoria_University.Subject-06.bloodplasma-8  Victoria_University.Subject-05.bloodplasma-6  center sample:  Victoria_University.Subject-04.bloodplasma-5 
Processing: Victoria_University.Subject-07.bloodplasma-6  Victoria_University.Subject-06.bloodplasma-8  Victoria_University.Subject-05.bloodplasma-6  center sample:  Victoria_University.Subject-04.bloodplasma-5 
Processing: Victoria_University.Subject-07.bloodplasma-6  Victoria_University.Subject-06.bloodplasma-8  Victoria_University.Subject-05.bloodplasma-6  Victoria_University.Subject-02.bloodplasma-8  
center sample:  Victoria_University.Subject-04.bloodplasma-5 
Processing: Victoria_University.Subject-07.bloodplasma-6  Victoria_University.Subject-06.bloodplasma-8  Victoria_University.Subject-05.bloodplasma-6  Victoria_University.Subject-02.bloodplasma-8  
center sample:  Victoria_University.Subject-04.bloodplasma-5 
Processing: Victoria_University.Subject-07.bloodplasma-6  Victoria_University.Subject-06.bloodplasma-8  Victoria_University.Subject-05.bloodplasma-6  Victoria_University.Subject-02.bloodplasma-8  
center sample:  Victoria_University.Subject-04.bloodplasma-5 
Processing: Victoria_University.Subject-07.bloodplasma-6  Victoria_University.Subject-06.bloodplasma-8  Victoria_University.Subject-05.bloodplasma-6  Victoria_University.Subject-02.bloodplasma-8  
center sample:  Victoria_University.Subject-04.bloodplasma-5 
Processing: Victoria_University.Subject-07.bloodplasma-6  Victoria_University.Subject-06.bloodplasma-8  Victoria_University.Subject-05.bloodplasma-6  center sample:  Victoria_University.Subject-04.bloodplasma-5 
Processing: Victoria_University.Subject-07.bloodplasma-6  Victoria_University.Subject-06.bloodplasma-8  Victoria_University.Subject-05.bloodplasma-6  center sample:  Victoria_University.Subject-04.bloodplasma-5 
Processing: Victoria_University.Subject-07.bloodplasma-6  Victoria_University.Subject-06.bloodplasma-8  Victoria_University.Subject-05.bloodplasma-6  center sample:  Victoria_University.Subject-04.bloodplasma-5 
Processing: Victoria_University.Subject-07.bloodplasma-6  Victoria_University.Subject-06.bloodplasma-8  Victoria_University.Subject-05.bloodplasma-6  center sample:  Victoria_University.Subject-04.bloodplasma-5 
Processing: Victoria_University.Subject-07.bloodplasma-6  Victoria_University.Subject-06.bloodplasma-8  Victoria_University.Subject-05.bloodplasma-6  Victoria_University.Subject-02.bloodplasma-8  
center sample:  Victoria_University.Subject-04.bloodplasma-5 
Processing: Victoria_University.Subject-07.bloodplasma-6  Victoria_University.Subject-06.bloodplasma-8  Victoria_University.Subject-05.bloodplasma-6  Victoria_University.Subject-02.bloodplasma-8  
center sample:  Victoria_University.Subject-04.bloodplasma-5 
Processing: Victoria_University.Subject-07.bloodplasma-6  Victoria_University.Subject-06.bloodplasma-8  Victoria_University.Subject-05.bloodplasma-6  Victoria_University.Subject-02.bloodplasma-8  
center sample:  Victoria_University.Subject-04.bloodplasma-5 
Processing: Victoria_University.Subject-07.bloodplasma-6  Victoria_University.Subject-06.bloodplasma-8  Victoria_University.Subject-05.bloodplasma-6  Victoria_University.Subject-02.bloodplasma-8  
center sample:  Victoria_University.Subject-04.bloodplasma-5 
Processing: Victoria_University.Subject-07.bloodplasma-6  Victoria_University.Subject-06.bloodplasma-8  Victoria_University.Subject-05.bloodplasma-6  center sample:  Victoria_University.Subject-04.bloodplasma-5 
Processing: Victoria_University.Subject-07.bloodplasma-6  Victoria_University.Subject-06.bloodplasma-8  Victoria_University.Subject-05.bloodplasma-6  center sample:  Victoria_University.Subject-04.bloodplasma-5 
Processing: Victoria_University.Subject-07.bloodplasma-6  Victoria_University.Subject-06.bloodplasma-8  Victoria_University.Subject-05.bloodplasma-6  center sample:  Victoria_University.Subject-04.bloodplasma-5 
Processing: Victoria_University.Subject-07.bloodplasma-6  Victoria_University.Subject-06.bloodplasma-8  Victoria_University.Subject-05.bloodplasma-6  center sample:  Victoria_University.Subject-04.bloodplasma-5 
Processing: Victoria_University.Subject-07.bloodplasma-6  Victoria_University.Subject-06.bloodplasma-8  Victoria_University.Subject-05.bloodplasma-6  Victoria_University.Subject-02.bloodplasma-8  
center sample:  Victoria_University.Subject-04.bloodplasma-5 
Processing: Victoria_University.Subject-07.bloodplasma-6  Victoria_University.Subject-06.bloodplasma-8  Victoria_University.Subject-05.bloodplasma-6  Victoria_University.Subject-02.bloodplasma-8  
center sample:  Victoria_University.Subject-04.bloodplasma-5 
Processing: Victoria_University.Subject-07.bloodplasma-6  Victoria_University.Subject-06.bloodplasma-8  Victoria_University.Subject-05.bloodplasma-6  Victoria_University.Subject-02.bloodplasma-8  
center sample:  Victoria_University.Subject-04.bloodplasma-5 
Processing: Victoria_University.Subject-07.bloodplasma-6  Victoria_University.Subject-06.bloodplasma-8  Victoria_University.Subject-05.bloodplasma-6  Victoria_University.Subject-02.bloodplasma-8  
center sample:  Victoria_University.Subject-04.bloodplasma-5 
Processing: Victoria_University.Subject-07.bloodplasma-6  Victoria_University.Subject-06.bloodplasma-8  Victoria_University.Subject-05.bloodplasma-6  center sample:  Victoria_University.Subject-04.bloodplasma-5 
Processing: Victoria_University.Subject-07.bloodplasma-6  Victoria_University.Subject-06.bloodplasma-8  Victoria_University.Subject-05.bloodplasma-6  center sample:  Victoria_University.Subject-04.bloodplasma-5 
Processing: Victoria_University.Subject-07.bloodplasma-6  Victoria_University.Subject-06.bloodplasma-8  Victoria_University.Subject-05.bloodplasma-6  center sample:  Victoria_University.Subject-04.bloodplasma-5 
Processing: Victoria_University.Subject-07.bloodplasma-6  Victoria_University.Subject-06.bloodplasma-8  Victoria_University.Subject-05.bloodplasma-6  center sample:  Victoria_University.Subject-04.bloodplasma-5 
Processing: Victoria_University.Subject-07.bloodplasma-6  Victoria_University.Subject-06.bloodplasma-8  Victoria_University.Subject-05.bloodplasma-6  Victoria_University.Subject-02.bloodplasma-8  
center sample:  Victoria_University.Subject-04.bloodplasma-5 
Processing: Victoria_University.Subject-07.bloodplasma-6  Victoria_University.Subject-06.bloodplasma-8  Victoria_University.Subject-05.bloodplasma-6  Victoria_University.Subject-02.bloodplasma-8  
center sample:  Victoria_University.Subject-04.bloodplasma-5 
Processing: Victoria_University.Subject-07.bloodplasma-6  Victoria_University.Subject-06.bloodplasma-8  Victoria_University.Subject-05.bloodplasma-6  Victoria_University.Subject-02.bloodplasma-8  
center sample:  Victoria_University.Subject-04.bloodplasma-5 
Processing: Victoria_University.Subject-07.bloodplasma-6  Victoria_University.Subject-06.bloodplasma-8  Victoria_University.Subject-05.bloodplasma-6  Victoria_University.Subject-02.bloodplasma-8  
center sample:  Victoria_University.Subject-04.bloodplasma-5 
Processing: Victoria_University.Subject-07.bloodplasma-6  Victoria_University.Subject-06.bloodplasma-8  Victoria_University.Subject-05.bloodplasma-6  center sample:  Victoria_University.Subject-04.bloodplasma-5 
Processing: Victoria_University.Subject-07.bloodplasma-6  Victoria_University.Subject-06.bloodplasma-8  Victoria_University.Subject-05.bloodplasma-6  center sample:  Victoria_University.Subject-04.bloodplasma-5 
Processing: Victoria_University.Subject-07.bloodplasma-6  Victoria_University.Subject-06.bloodplasma-8  Victoria_University.Subject-05.bloodplasma-6  center sample:  Victoria_University.Subject-04.bloodplasma-5 
Processing: Victoria_University.Subject-07.bloodplasma-6  Victoria_University.Subject-06.bloodplasma-8  Victoria_University.Subject-05.bloodplasma-6  center sample:  Victoria_University.Subject-04.bloodplasma-5 
Processing: Victoria_University.Subject-07.bloodplasma-6  Victoria_University.Subject-06.bloodplasma-8  Victoria_University.Subject-05.bloodplasma-6  center sample:  Victoria_University.Subject-04.bloodplasma-5 
Processing: Victoria_University.Subject-07.bloodplasma-6  Victoria_University.Subject-06.bloodplasma-8  Victoria_University.Subject-05.bloodplasma-6  center sample:  Victoria_University.Subject-04.bloodplasma-5 
Processing: Victoria_University.Subject-07.bloodplasma-6  Victoria_University.Subject-06.bloodplasma-8  Victoria_University.Subject-05.bloodplasma-6  Victoria_University.Subject-02.bloodplasma-8  
center sample:  Victoria_University.Subject-04.bloodplasma-5 
Processing: Victoria_University.Subject-07.bloodplasma-6  Victoria_University.Subject-06.bloodplasma-8  Victoria_University.Subject-05.bloodplasma-6  center sample:  Victoria_University.Subject-04.bloodplasma-5 
Processing: Victoria_University.Subject-07.bloodplasma-6  Victoria_University.Subject-06.bloodplasma-8  Victoria_University.Subject-05.bloodplasma-6  center sample:  Victoria_University.Subject-04.bloodplasma-5 
Processing: Victoria_University.Subject-07.bloodplasma-6  Victoria_University.Subject-06.bloodplasma-8  Victoria_University.Subject-05.bloodplasma-6  center sample:  Victoria_University.Subject-04.bloodplasma-5 
Processing: Victoria_University.Subject-07.bloodplasma-6  Victoria_University.Subject-06.bloodplasma-8  Victoria_University.Subject-05.bloodplasma-6  center sample:  Victoria_University.Subject-04.bloodplasma-5 
Processing: Victoria_University.Subject-07.bloodplasma-6  Victoria_University.Subject-06.bloodplasma-8  Victoria_University.Subject-05.bloodplasma-6  center sample:  Victoria_University.Subject-04.bloodplasma-5 
Processing: Victoria_University.Subject-07.bloodplasma-6  Victoria_University.Subject-06.bloodplasma-8  Victoria_University.Subject-05.bloodplasma-6  Victoria_University.Subject-02.bloodplasma-8  
center sample:  Victoria_University.Subject-04.bloodplasma-5 
Processing: Victoria_University.Subject-07.bloodplasma-6  Victoria_University.Subject-06.bloodplasma-8  Victoria_University.Subject-05.bloodplasma-6  Victoria_University.Subject-02.bloodplasma-8  
center sample:  Victoria_University.Subject-04.bloodplasma-5 
Processing: Victoria_University.Subject-07.bloodplasma-6  Victoria_University.Subject-06.bloodplasma-8  Victoria_University.Subject-05.bloodplasma-6  Victoria_University.Subject-02.bloodplasma-8  
center sample:  Victoria_University.Subject-04.bloodplasma-5 
Processing: Victoria_University.Subject-07.bloodplasma-6  Victoria_University.Subject-06.bloodplasma-8  Victoria_University.Subject-05.bloodplasma-6  Victoria_University.Subject-02.bloodplasma-8  
center sample:  Victoria_University.Subject-04.bloodplasma-5 
Processing: Victoria_University.Subject-07.bloodplasma-6  Victoria_University.Subject-06.bloodplasma-8  Victoria_University.Subject-05.bloodplasma-6  Victoria_University.Subject-02.bloodplasma-8  
center sample:  Victoria_University.Subject-04.bloodplasma-5 
Processing: Victoria_University.Subject-07.bloodplasma-6  Victoria_University.Subject-06.bloodplasma-8  Victoria_University.Subject-05.bloodplasma-6  Victoria_University.Subject-02.bloodplasma-8  
center sample:  Victoria_University.Subject-04.bloodplasma-5 
Processing: Victoria_University.Subject-07.bloodplasma-6  Victoria_University.Subject-06.bloodplasma-8  Victoria_University.Subject-05.bloodplasma-6  Victoria_University.Subject-02.bloodplasma-8  
center sample:  Victoria_University.Subject-04.bloodplasma-5 
Processing: Victoria_University.Subject-07.bloodplasma-6  Victoria_University.Subject-06.bloodplasma-8  Victoria_University.Subject-05.bloodplasma-6  Victoria_University.Subject-02.bloodplasma-8  
center sample:  Victoria_University.Subject-04.bloodplasma-5 
Processing: Victoria_University.Subject-07.bloodplasma-6  Victoria_University.Subject-06.bloodplasma-8  Victoria_University.Subject-05.bloodplasma-6  Victoria_University.Subject-02.bloodplasma-8  
center sample:  Victoria_University.Subject-04.bloodplasma-5 
Processing: Victoria_University.Subject-07.bloodplasma-6  Victoria_University.Subject-06.bloodplasma-8  Victoria_University.Subject-05.bloodplasma-6  Victoria_University.Subject-02.bloodplasma-8  
center sample:  Victoria_University.Subject-04.bloodplasma-5 
Processing: Victoria_University.Subject-07.bloodplasma-6  Victoria_University.Subject-06.bloodplasma-8  Victoria_University.Subject-05.bloodplasma-6  Victoria_University.Subject-02.bloodplasma-8  
center sample:  Victoria_University.Subject-04.bloodplasma-5 
Processing: Victoria_University.Subject-07.bloodplasma-6  Victoria_University.Subject-06.bloodplasma-8  Victoria_University.Subject-05.bloodplasma-6  Victoria_University.Subject-02.bloodplasma-8  
center sample:  Victoria_University.Subject-04.bloodplasma-5 
Processing: Victoria_University.Subject-07.bloodplasma-6  Victoria_University.Subject-06.bloodplasma-8  Victoria_University.Subject-05.bloodplasma-6  Victoria_University.Subject-02.bloodplasma-8  
center sample:  Victoria_University.Subject-04.bloodplasma-5 
Processing: Victoria_University.Subject-07.bloodplasma-6  Victoria_University.Subject-06.bloodplasma-8  Victoria_University.Subject-05.bloodplasma-6  Victoria_University.Subject-02.bloodplasma-8  
center sample:  Victoria_University.Subject-04.bloodplasma-5 
Processing: Victoria_University.Subject-07.bloodplasma-6  Victoria_University.Subject-06.bloodplasma-8  Victoria_University.Subject-05.bloodplasma-6  Victoria_University.Subject-02.bloodplasma-8  
center sample:  Victoria_University.Subject-04.bloodplasma-5 
Processing: Victoria_University.Subject-07.bloodplasma-6  Victoria_University.Subject-06.bloodplasma-8  Victoria_University.Subject-05.bloodplasma-6  Victoria_University.Subject-02.bloodplasma-8  
center sample:  Victoria_University.Subject-04.bloodplasma-5 
Processing: Victoria_University.Subject-07.bloodplasma-6  Victoria_University.Subject-06.bloodplasma-8  Victoria_University.Subject-05.bloodplasma-6  Victoria_University.Subject-02.bloodplasma-8  
center sample:  Victoria_University.Subject-04.bloodplasma-5 
Processing: Victoria_University.Subject-07.bloodplasma-6  Victoria_University.Subject-06.bloodplasma-8  Victoria_University.Subject-05.bloodplasma-6  Victoria_University.Subject-02.bloodplasma-8  
center sample:  Victoria_University.Subject-04.bloodplasma-5 
Processing: Victoria_University.Subject-07.bloodplasma-6  Victoria_University.Subject-06.bloodplasma-8  Victoria_University.Subject-05.bloodplasma-6  Victoria_University.Subject-02.bloodplasma-8  
center sample:  Victoria_University.Subject-04.bloodplasma-5 
Processing: Victoria_University.Subject-07.bloodplasma-6  Victoria_University.Subject-06.bloodplasma-8  Victoria_University.Subject-05.bloodplasma-6  Victoria_University.Subject-02.bloodplasma-8  
center sample:  Victoria_University.Subject-04.bloodplasma-5 
Processing: Victoria_University.Subject-07.bloodplasma-6  Victoria_University.Subject-06.bloodplasma-8  Victoria_University.Subject-05.bloodplasma-6  Victoria_University.Subject-02.bloodplasma-8  
center sample:  Victoria_University.Subject-04.bloodplasma-5 
Processing: Victoria_University.Subject-07.bloodplasma-6  Victoria_University.Subject-06.bloodplasma-8  Victoria_University.Subject-05.bloodplasma-6  Victoria_University.Subject-02.bloodplasma-8  
center sample:  Victoria_University.Subject-04.bloodplasma-5 
Processing: Victoria_University.Subject-07.bloodplasma-6  Victoria_University.Subject-06.bloodplasma-8  Victoria_University.Subject-05.bloodplasma-6  Victoria_University.Subject-02.bloodplasma-8  
center sample:  Victoria_University.Subject-04.bloodplasma-5 
Processing: Victoria_University.Subject-07.bloodplasma-6  Victoria_University.Subject-06.bloodplasma-8  Victoria_University.Subject-05.bloodplasma-6  Victoria_University.Subject-02.bloodplasma-8  
center sample:  Victoria_University.Subject-04.bloodplasma-5 
Processing: Victoria_University.Subject-07.bloodplasma-6  Victoria_University.Subject-06.bloodplasma-8  Victoria_University.Subject-05.bloodplasma-6  Victoria_University.Subject-02.bloodplasma-8  
center sample:  Victoria_University.Subject-04.bloodplasma-5 
Processing: Victoria_University.Subject-07.bloodplasma-6  Victoria_University.Subject-06.bloodplasma-8  Victoria_University.Subject-05.bloodplasma-6  Victoria_University.Subject-02.bloodplasma-8  
center sample:  Victoria_University.Subject-04.bloodplasma-5 
Processing: Victoria_University.Subject-07.bloodplasma-6  Victoria_University.Subject-06.bloodplasma-8  Victoria_University.Subject-05.bloodplasma-6  Victoria_University.Subject-02.bloodplasma-8  
center sample:  Victoria_University.Subject-04.bloodplasma-5 
Processing: Victoria_University.Subject-07.bloodplasma-6  Victoria_University.Subject-06.bloodplasma-8  Victoria_University.Subject-05.bloodplasma-6  Victoria_University.Subject-02.bloodplasma-8  
center sample:  Victoria_University.Subject-04.bloodplasma-5 
Processing: Victoria_University.Subject-07.bloodplasma-6  Victoria_University.Subject-06.bloodplasma-8  Victoria_University.Subject-05.bloodplasma-6  Victoria_University.Subject-02.bloodplasma-8  
center sample:  Victoria_University.Subject-04.bloodplasma-5 
Processing: Victoria_University.Subject-07.bloodplasma-6  Victoria_University.Subject-06.bloodplasma-8  Victoria_University.Subject-05.bloodplasma-6  Victoria_University.Subject-02.bloodplasma-8  
center sample:  Victoria_University.Subject-04.bloodplasma-5 
Processing: Victoria_University.Subject-07.bloodplasma-6  Victoria_University.Subject-06.bloodplasma-8  Victoria_University.Subject-05.bloodplasma-6  Victoria_University.Subject-02.bloodplasma-8  
center sample:  Victoria_University.Subject-04.bloodplasma-5 
Processing: Victoria_University.Subject-07.bloodplasma-6  Victoria_University.Subject-06.bloodplasma-8  Victoria_University.Subject-05.bloodplasma-6  Victoria_University.Subject-02.bloodplasma-8  
center sample:  Victoria_University.Subject-04.bloodplasma-5 
Processing: Victoria_University.Subject-07.bloodplasma-6  Victoria_University.Subject-06.bloodplasma-8  Victoria_University.Subject-05.bloodplasma-6  Victoria_University.Subject-02.bloodplasma-8  
center sample:  Victoria_University.Subject-04.bloodplasma-5 
Processing: Victoria_University.Subject-07.bloodplasma-6  Victoria_University.Subject-06.bloodplasma-8  Victoria_University.Subject-05.bloodplasma-6  center sample:  Victoria_University.Subject-04.bloodplasma-5 
Processing: Victoria_University.Subject-07.bloodplasma-6  Victoria_University.Subject-06.bloodplasma-8  Victoria_University.Subject-05.bloodplasma-6  center sample:  Victoria_University.Subject-04.bloodplasma-5 
Processing: Victoria_University.Subject-07.bloodplasma-6  Victoria_University.Subject-06.bloodplasma-8  Victoria_University.Subject-05.bloodplasma-6  center sample:  Victoria_University.Subject-04.bloodplasma-5 
Processing: Victoria_University.Subject-07.bloodplasma-6  Victoria_University.Subject-06.bloodplasma-8  Victoria_University.Subject-05.bloodplasma-6  center sample:  Victoria_University.Subject-04.bloodplasma-5 
Processing: Victoria_University.Subject-07.bloodplasma-6  Victoria_University.Subject-06.bloodplasma-8  Victoria_University.Subject-05.bloodplasma-6  center sample:  Victoria_University.Subject-04.bloodplasma-5 
Processing: Victoria_University.Subject-07.bloodplasma-6  Victoria_University.Subject-06.bloodplasma-8  Victoria_University.Subject-05.bloodplasma-6  Victoria_University.Subject-02.bloodplasma-8  
center sample:  Victoria_University.Subject-04.bloodplasma-5 
Processing: Victoria_University.Subject-07.bloodplasma-6  Victoria_University.Subject-06.bloodplasma-8  Victoria_University.Subject-05.bloodplasma-6  Victoria_University.Subject-02.bloodplasma-8  
center sample:  Victoria_University.Subject-04.bloodplasma-5 
Processing: Victoria_University.Subject-07.bloodplasma-6  Victoria_University.Subject-06.bloodplasma-8  Victoria_University.Subject-05.bloodplasma-6  center sample:  Victoria_University.Subject-04.bloodplasma-5 
Processing: Victoria_University.Subject-07.bloodplasma-6  Victoria_University.Subject-06.bloodplasma-8  Victoria_University.Subject-05.bloodplasma-6  center sample:  Victoria_University.Subject-04.bloodplasma-5 
Processing: Victoria_University.Subject-07.bloodplasma-6  Victoria_University.Subject-06.bloodplasma-8  Victoria_University.Subject-05.bloodplasma-6  center sample:  Victoria_University.Subject-04.bloodplasma-5 
Processing: Victoria_University.Subject-07.bloodplasma-6  Victoria_University.Subject-06.bloodplasma-8  Victoria_University.Subject-05.bloodplasma-6  center sample:  Victoria_University.Subject-04.bloodplasma-5 
Processing: Victoria_University.Subject-07.bloodplasma-6  Victoria_University.Subject-06.bloodplasma-8  Victoria_University.Subject-05.bloodplasma-6  center sample:  Victoria_University.Subject-04.bloodplasma-5 
Processing: Victoria_University.Subject-07.bloodplasma-6  Victoria_University.Subject-06.bloodplasma-8  Victoria_University.Subject-05.bloodplasma-6  Create profile matrix with method 'bin' and step 0.85 ... OK
Create profile matrix with method 'bin' and step 0.85 ... OK
Create profile matrix with method 'bin' and step 0.85 ... OK
Create profile matrix with method 'bin' and step 0.85 ... OK
Create profile matrix with method 'bin' and step 0.85 ... OK
Create profile matrix with method 'bin' and step 0.85 ... OK
Error in .local(object, ...) : 
  Dimensions of profile matrices do not match !

Processing 17482 mz slices ... OK
Create profile matrix with method 'bin' and step 0.85 ... OK
Create profile matrix with method 'bin' and step 0.85 ... OK
Create profile matrix with method 'bin' and step 0.85 ... OK
Create profile matrix with method 'bin' and step 0.85 ... OK
Create profile matrix with method 'bin' and step 0.85 ... OK
Create profile matrix with method 'bin' and step 0.85 ... OK
Error in .local(object, ...) : 
  Dimensions of profile matrices do not match !

Processing 7493 mz slices ... OK
Create profile matrix with method 'bin' and step 0.85 ... OK
Create profile matrix with method 'bin' and step 0.85 ... OK
Create profile matrix with method 'bin' and step 0.85 ... OK
Create profile matrix with method 'bin' and step 0.85 ... OK
Create profile matrix with method 'bin' and step 0.85 ... OK
Create profile matrix with method 'bin' and step 0.85 ... OK
Error in .local(object, ...) : 
  Dimensions of profile matrices do not match !

Processing 10490 mz slices ... OK
Create profile matrix with method 'bin' and step 0.91 ... OK
Create profile matrix with method 'bin' and step 0.91 ... OK
Create profile matrix with method 'bin' and step 0.91 ... OK
Create profile matrix with method 'bin' and step 0.91 ... OK
Create profile matrix with method 'bin' and step 0.91 ... OK
Create profile matrix with method 'bin' and step 0.91 ... OK
Create profile matrix with method 'bin' and step 0.91 ... OK
Create profile matrix with method 'bin' and step 0.91 ... OK
Processing 17482 mz slices ... OK
profStep or minfrac greater 1, decreasing to 0.76 and 1



starting new DoE with:

gapInit: c(0, 0.4)
gapExtend: c(2.34, 3.06)
profStep: c(0.76, 1)
bw: c(28.4, 47.6)
mzwid: c(0.003, 0.027)
distFunc: cor_opt
plottype: none
response: 1
factorDiag: 2
factorGap: 1
localAlignment: 0
retcorMethod: obiwarp
minfrac: 0.05
minsamp: 1
max: 50
center: 1

Create profile matrix with method 'bin' and step 0.76 ... OK
Create profile matrix with method 'bin' and step 0.76 ... OK
Create profile matrix with method 'bin' and step 0.76 ... OK
Create profile matrix with method 'bin' and step 0.76 ... OK
Create profile matrix with method 'bin' and step 0.76 ... OK
Create profile matrix with method 'bin' and step 0.76 ... OK
Create profile matrix with method 'bin' and step 0.76 ... OK
Create profile matrix with method 'bin' and step 0.76 ... OK
Processing 87402 mz slices ... OK
Create profile matrix with method 'bin' and step 0.76 ... OK
Create profile matrix with method 'bin' and step 0.76 ... OK
Create profile matrix with method 'bin' and step 0.76 ... OK
Create profile matrix with method 'bin' and step 0.76 ... OK
Create profile matrix with method 'bin' and step 0.76 ... OK
Create profile matrix with method 'bin' and step 0.76 ... OK
Create profile matrix with method 'bin' and step 0.76 ... OK
Create profile matrix with method 'bin' and step 0.76 ... OK
Processing 87402 mz slices ... OK
Create profile matrix with method 'bin' and step 0.76 ... OK
Create profile matrix with method 'bin' and step 0.76 ... OK
Create profile matrix with method 'bin' and step 0.76 ... OK
Create profile matrix with method 'bin' and step 0.76 ... OK
Create profile matrix with method 'bin' and step 0.76 ... OK
Create profile matrix with method 'bin' and step 0.76 ... OK
Create profile matrix with method 'bin' and step 0.76 ... OK
Create profile matrix with method 'bin' and step 0.76 ... OK
Processing 87402 mz slices ... OK
Create profile matrix with method 'bin' and step 0.76 ... OK
Create profile matrix with method 'bin' and step 0.76 ... OK
Create profile matrix with method 'bin' and step 0.76 ... OK
Create profile matrix with method 'bin' and step 0.76 ... OK
Create profile matrix with method 'bin' and step 0.76 ... OK
Create profile matrix with method 'bin' and step 0.76 ... OK
Create profile matrix with method 'bin' and step 0.76 ... OK
Create profile matrix with method 'bin' and step 0.76 ... OK
Processing 87402 mz slices ... OK
Create profile matrix with method 'bin' and step 1 ... OK
Create profile matrix with method 'bin' and step 1 ... OK
Create profile matrix with method 'bin' and step 1 ... OK
Create profile matrix with method 'bin' and step 1 ... OK
Create profile matrix with method 'bin' and step 1 ... OK
Processing 87402 mz slices ... OK
Create profile matrix with method 'bin' and step 1 ... OK
Create profile matrix with method 'bin' and step 1 ... OK
Create profile matrix with method 'bin' and step 1 ... OK
Create profile matrix with method 'bin' and step 1 ... OK
Create profile matrix with method 'bin' and step 1 ... OK
Processing 87402 mz slices ... OK
Create profile matrix with method 'bin' and step 1 ... OK
Create profile matrix with method 'bin' and step 1 ... OK
Create profile matrix with method 'bin' and step 1 ... OK
Create profile matrix with method 'bin' and step 1 ... OK
Create profile matrix with method 'bin' and step 1 ... OK
Processing 87402 mz slices ... OK
Create profile matrix with method 'bin' and step 1 ... OK
Create profile matrix with method 'bin' and step 1 ... OK
Create profile matrix with method 'bin' and step 1 ... OK
Create profile matrix with method 'bin' and step 1 ... OK
Create profile matrix with method 'bin' and step 1 ... OK
Processing 87402 mz slices ... OK
Create profile matrix with method 'bin' and step 0.76 ... OK
Create profile matrix with method 'bin' and step 0.76 ... OK
Create profile matrix with method 'bin' and step 0.76 ... OK
Create profile matrix with method 'bin' and step 0.76 ... OK
Create profile matrix with method 'bin' and step 0.76 ... OK
Create profile matrix with method 'bin' and step 0.76 ... OK
Create profile matrix with method 'bin' and step 0.76 ... OK
Create profile matrix with method 'bin' and step 0.76 ... OK
Processing 87402 mz slices ... OK
Create profile matrix with method 'bin' and step 0.76 ... OK
Create profile matrix with method 'bin' and step 0.76 ... OK
Create profile matrix with method 'bin' and step 0.76 ... OK
Create profile matrix with method 'bin' and step 0.76 ... OK
Create profile matrix with method 'bin' and step 0.76 ... OK
Create profile matrix with method 'bin' and step 0.76 ... OK
Create profile matrix with method 'bin' and step 0.76 ... OK
Create profile matrix with method 'bin' and step 0.76 ... OK
Processing 87402 mz slices ... OK
Create profile matrix with method 'bin' and step 0.76 ... OK
Create profile matrix with method 'bin' and step 0.76 ... OK
Create profile matrix with method 'bin' and step 0.76 ... OK
Create profile matrix with method 'bin' and step 0.76 ... OK
Create profile matrix with method 'bin' and step 0.76 ... OK
Create profile matrix with method 'bin' and step 0.76 ... OK
Create profile matrix with method 'bin' and step 0.76 ... OK
Create profile matrix with method 'bin' and step 0.76 ... OK
Processing 87402 mz slices ... OK
Create profile matrix with method 'bin' and step 0.76 ... OK
Create profile matrix with method 'bin' and step 0.76 ... OK
Create profile matrix with method 'bin' and step 0.76 ... OK
Create profile matrix with method 'bin' and step 0.76 ... OK
Create profile matrix with method 'bin' and step 0.76 ... OK
Create profile matrix with method 'bin' and step 0.76 ... OK
Create profile matrix with method 'bin' and step 0.76 ... OK
Create profile matrix with method 'bin' and step 0.76 ... OK
Processing 87402 mz slices ... OK
Create profile matrix with method 'bin' and step 1 ... OK
Create profile matrix with method 'bin' and step 1 ... OK
Create profile matrix with method 'bin' and step 1 ... OK
Create profile matrix with method 'bin' and step 1 ... OK
Create profile matrix with method 'bin' and step 1 ... OK
Processing 87402 mz slices ... OK
Create profile matrix with method 'bin' and step 1 ... OK
Create profile matrix with method 'bin' and step 1 ... OK
Create profile matrix with method 'bin' and step 1 ... OK
Create profile matrix with method 'bin' and step 1 ... OK
Create profile matrix with method 'bin' and step 1 ... OK
Processing 87402 mz slices ... OK
Create profile matrix with method 'bin' and step 1 ... OK
Create profile matrix with method 'bin' and step 1 ... OK
Create profile matrix with method 'bin' and step 1 ... OK
Create profile matrix with method 'bin' and step 1 ... OK
Create profile matrix with method 'bin' and step 1 ... OK
Processing 87402 mz slices ... OK
Create profile matrix with method 'bin' and step 1 ... OK
Create profile matrix with method 'bin' and step 1 ... OK
Create profile matrix with method 'bin' and step 1 ... OK
Create profile matrix with method 'bin' and step 1 ... OK
Create profile matrix with method 'bin' and step 1 ... OK
Processing 87402 mz slices ... OK
Create profile matrix with method 'bin' and step 0.76 ... OK
Create profile matrix with method 'bin' and step 0.76 ... OK
Create profile matrix with method 'bin' and step 0.76 ... OK
Create profile matrix with method 'bin' and step 0.76 ... OK
Create profile matrix with method 'bin' and step 0.76 ... OK
Create profile matrix with method 'bin' and step 0.76 ... OK
Create profile matrix with method 'bin' and step 0.76 ... OK
Create profile matrix with method 'bin' and step 0.76 ... OK
Processing 9713 mz slices ... OK
Create profile matrix with method 'bin' and step 0.76 ... OK
Create profile matrix with method 'bin' and step 0.76 ... OK
Create profile matrix with method 'bin' and step 0.76 ... OK
Create profile matrix with method 'bin' and step 0.76 ... OK
Create profile matrix with method 'bin' and step 0.76 ... OK
Create profile matrix with method 'bin' and step 0.76 ... OK
Create profile matrix with method 'bin' and step 0.76 ... OK
Create profile matrix with method 'bin' and step 0.76 ... OK
Processing 9713 mz slices ... OK
Create profile matrix with method 'bin' and step 0.76 ... OK
Create profile matrix with method 'bin' and step 0.76 ... OK
Create profile matrix with method 'bin' and step 0.76 ... OK
Create profile matrix with method 'bin' and step 0.76 ... OK
Create profile matrix with method 'bin' and step 0.76 ... OK
Create profile matrix with method 'bin' and step 0.76 ... OK
Create profile matrix with method 'bin' and step 0.76 ... OK
Create profile matrix with method 'bin' and step 0.76 ... OK
Processing 9713 mz slices ... OK
Create profile matrix with method 'bin' and step 0.76 ... OK
Create profile matrix with method 'bin' and step 0.76 ... OK
Create profile matrix with method 'bin' and step 0.76 ... OK
Create profile matrix with method 'bin' and step 0.76 ... OK
Create profile matrix with method 'bin' and step 0.76 ... OK
Create profile matrix with method 'bin' and step 0.76 ... OK
Create profile matrix with method 'bin' and step 0.76 ... OK
Create profile matrix with method 'bin' and step 0.76 ... OK
Processing 9713 mz slices ... OK
Create profile matrix with method 'bin' and step 1 ... OK
Create profile matrix with method 'bin' and step 1 ... OK
Create profile matrix with method 'bin' and step 1 ... OK
Create profile matrix with method 'bin' and step 1 ... OK
Create profile matrix with method 'bin' and step 1 ... OK
Processing 9713 mz slices ... OK
Create profile matrix with method 'bin' and step 1 ... OK
Create profile matrix with method 'bin' and step 1 ... OK
Create profile matrix with method 'bin' and step 1 ... OK
Create profile matrix with method 'bin' and step 1 ... OK
Create profile matrix with method 'bin' and step 1 ... OK
Processing 9713 mz slices ... OK
Create profile matrix with method 'bin' and step 1 ... OK
Create profile matrix with method 'bin' and step 1 ... OK
Create profile matrix with method 'bin' and step 1 ... OK
Create profile matrix with method 'bin' and step 1 ... OK
Create profile matrix with method 'bin' and step 1 ... OK
Processing 9713 mz slices ... OK
Create profile matrix with method 'bin' and step 1 ... OK
Create profile matrix with method 'bin' and step 1 ... OK
Create profile matrix with method 'bin' and step 1 ... OK
Create profile matrix with method 'bin' and step 1 ... OK
Create profile matrix with method 'bin' and step 1 ... OK
Processing 9713 mz slices ... OK
Create profile matrix with method 'bin' and step 0.76 ... OK
Create profile matrix with method 'bin' and step 0.76 ... OK
Create profile matrix with method 'bin' and step 0.76 ... OK
Create profile matrix with method 'bin' and step 0.76 ... OK
Create profile matrix with method 'bin' and step 0.76 ... OK
Create profile matrix with method 'bin' and step 0.76 ... OK
Create profile matrix with method 'bin' and step 0.76 ... OK
Create profile matrix with method 'bin' and step 0.76 ... OK
Processing 9713 mz slices ... OK
Create profile matrix with method 'bin' and step 0.76 ... OK
Create profile matrix with method 'bin' and step 0.76 ... OK
Create profile matrix with method 'bin' and step 0.76 ... OK
Create profile matrix with method 'bin' and step 0.76 ... OK
Create profile matrix with method 'bin' and step 0.76 ... OK
Create profile matrix with method 'bin' and step 0.76 ... OK
Create profile matrix with method 'bin' and step 0.76 ... OK
Create profile matrix with method 'bin' and step 0.76 ... OK
Processing 9713 mz slices ... OK
Create profile matrix with method 'bin' and step 0.76 ... OK
Create profile matrix with method 'bin' and step 0.76 ... OK
Create profile matrix with method 'bin' and step 0.76 ... OK
Create profile matrix with method 'bin' and step 0.76 ... OK
Create profile matrix with method 'bin' and step 0.76 ... OK
Create profile matrix with method 'bin' and step 0.76 ... OK
Create profile matrix with method 'bin' and step 0.76 ... OK
Create profile matrix with method 'bin' and step 0.76 ... OK
Processing 9713 mz slices ... OK
Create profile matrix with method 'bin' and step 0.76 ... OK
Create profile matrix with method 'bin' and step 0.76 ... OK
Create profile matrix with method 'bin' and step 0.76 ... OK
Create profile matrix with method 'bin' and step 0.76 ... OK
Create profile matrix with method 'bin' and step 0.76 ... OK
Create profile matrix with method 'bin' and step 0.76 ... OK
Create profile matrix with method 'bin' and step 0.76 ... OK
Create profile matrix with method 'bin' and step 0.76 ... OK
Processing 9713 mz slices ... OK
Create profile matrix with method 'bin' and step 1 ... OK
Create profile matrix with method 'bin' and step 1 ... OK
Create profile matrix with method 'bin' and step 1 ... OK
Create profile matrix with method 'bin' and step 1 ... OK
Create profile matrix with method 'bin' and step 1 ... OK
Processing 9713 mz slices ... OK
Create profile matrix with method 'bin' and step 1 ... OK
Create profile matrix with method 'bin' and step 1 ... OK
Create profile matrix with method 'bin' and step 1 ... OK
Create profile matrix with method 'bin' and step 1 ... OK
Create profile matrix with method 'bin' and step 1 ... OK
Processing 9713 mz slices ... OK
Create profile matrix with method 'bin' and step 1 ... OK
Create profile matrix with method 'bin' and step 1 ... OK
Create profile matrix with method 'bin' and step 1 ... OK
Create profile matrix with method 'bin' and step 1 ... OK
Create profile matrix with method 'bin' and step 1 ... OK
Processing 9713 mz slices ... OK
Create profile matrix with method 'bin' and step 1 ... OK
Create profile matrix with method 'bin' and step 1 ... OK
Create profile matrix with method 'bin' and step 1 ... OK
Create profile matrix with method 'bin' and step 1 ... OK
Create profile matrix with method 'bin' and step 1 ... OK
Processing 9713 mz slices ... OK
Create profile matrix with method 'bin' and step 0.88 ... OK
Create profile matrix with method 'bin' and step 0.88 ... OK
Create profile matrix with method 'bin' and step 0.88 ... OK
Create profile matrix with method 'bin' and step 0.88 ... OK
Error in .local(object, ...) : 
  Dimensions of profile matrices do not match !

Processing 17482 mz slices ... OK
Create profile matrix with method 'bin' and step 0.88 ... OK
Create profile matrix with method 'bin' and step 0.88 ... OK
Create profile matrix with method 'bin' and step 0.88 ... OK
Create profile matrix with method 'bin' and step 0.88 ... OK
Error in .local(object, ...) : 
  Dimensions of profile matrices do not match !

Processing 17482 mz slices ... OK
Create profile matrix with method 'bin' and step 0.88 ... OK
Create profile matrix with method 'bin' and step 0.88 ... OK
Create profile matrix with method 'bin' and step 0.88 ... OK
Create profile matrix with method 'bin' and step 0.88 ... OK
Error in .local(object, ...) : 
  Dimensions of profile matrices do not match !

Processing 17482 mz slices ... OK
Create profile matrix with method 'bin' and step 0.88 ... OK
Create profile matrix with method 'bin' and step 0.88 ... OK
Create profile matrix with method 'bin' and step 0.88 ... OK
Create profile matrix with method 'bin' and step 0.88 ... OK
Error in .local(object, ...) : 
  Dimensions of profile matrices do not match !

Processing 17482 mz slices ... OK
Create profile matrix with method 'bin' and step 0.88 ... OK
Create profile matrix with method 'bin' and step 0.88 ... OK
Create profile matrix with method 'bin' and step 0.88 ... OK
Create profile matrix with method 'bin' and step 0.88 ... OK
Error in .local(object, ...) : 
  Dimensions of profile matrices do not match !

Processing 17482 mz slices ... OK
Create profile matrix with method 'bin' and step 0.76 ... OK
Create profile matrix with method 'bin' and step 0.76 ... OK
Create profile matrix with method 'bin' and step 0.76 ... OK
Create profile matrix with method 'bin' and step 0.76 ... OK
Create profile matrix with method 'bin' and step 0.76 ... OK
Create profile matrix with method 'bin' and step 0.76 ... OK
Create profile matrix with method 'bin' and step 0.76 ... OK
Create profile matrix with method 'bin' and step 0.76 ... OK
Processing 17482 mz slices ... OK
Create profile matrix with method 'bin' and step 1 ... OK
Create profile matrix with method 'bin' and step 1 ... OK
Create profile matrix with method 'bin' and step 1 ... OK
Create profile matrix with method 'bin' and step 1 ... OK
Create profile matrix with method 'bin' and step 1 ... OK
Processing 17482 mz slices ... OK
Create profile matrix with method 'bin' and step 0.88 ... OK
Create profile matrix with method 'bin' and step 0.88 ... OK
Create profile matrix with method 'bin' and step 0.88 ... OK
Create profile matrix with method 'bin' and step 0.88 ... OK
Error in .local(object, ...) : 
  Dimensions of profile matrices do not match !

Processing 17482 mz slices ... OK
Create profile matrix with method 'bin' and step 0.88 ... OK
Create profile matrix with method 'bin' and step 0.88 ... OK
Create profile matrix with method 'bin' and step 0.88 ... OK
Create profile matrix with method 'bin' and step 0.88 ... OK
Error in .local(object, ...) : 
  Dimensions of profile matrices do not match !

Processing 17482 mz slices ... OK
Create profile matrix with method 'bin' and step 0.88 ... OK
Create profile matrix with method 'bin' and step 0.88 ... OK
Create profile matrix with method 'bin' and step 0.88 ... OK
Create profile matrix with method 'bin' and step 0.88 ... OK
Error in .local(object, ...) : 
  Dimensions of profile matrices do not match !

Processing 87402 mz slices ... OK
Create profile matrix with method 'bin' and step 0.88 ... OK
Create profile matrix with method 'bin' and step 0.88 ... OK
Create profile matrix with method 'bin' and step 0.88 ... OK
Create profile matrix with method 'bin' and step 0.88 ... OK
Error in .local(object, ...) : 
  Dimensions of profile matrices do not match !

Processing 9713 mz slices ... OK
Create profile matrix with method 'bin' and step 0.88 ... OK
Create profile matrix with method 'bin' and step 0.88 ... OK
Create profile matrix with method 'bin' and step 0.88 ... OK
Create profile matrix with method 'bin' and step 0.88 ... OK
Error in .local(object, ...) : 
  Dimensions of profile matrices do not match !

Processing 17482 mz slices ... OK
Create profile matrix with method 'bin' and step 0.94 ... OK
Create profile matrix with method 'bin' and step 0.94 ... OK
Create profile matrix with method 'bin' and step 0.94 ... OK
Create profile matrix with method 'bin' and step 0.94 ... OK
Create profile matrix with method 'bin' and step 0.94 ... OK
Create profile matrix with method 'bin' and step 0.94 ... OK
Error in .local(object, ...) : 
  Dimensions of profile matrices do not match !

Processing 9713 mz slices ... OK
no increase stopping
library(xcms)
library(Rmpi)

xset <- xcmsSet( 
  method = "centWave",
  peakwidth       = c(20, 55),
  ppm             = 17,
  noise           = 5,
  snthresh        = 10,
  mzdiff          = -0.001,
  prefilter       = c(3, 5),
  mzCenterFun     = "wMean",
  integrate       = 2,
  fitgauss        = FALSE,
  verbose.columns = TRUE)
xset <- retcor( 
  xset,
  method         = "obiwarp",
  plottype       = "none",
  distFunc       = "cor_opt",
  profStep       = 0.91,
  center         = 1,
  response       = 1,
  gapInit        = 0,
  gapExtend      = 2.7,
  factorDiag     = 2,
  factorGap      = 1,
  localAlignment = 0)
xset <- group( 
  xset,
  method  = "density",
  bw      = 38,
  mzwid   = 0.015,
  minfrac = 0.05,
  minsamp = 1,
  max     = 50)

xset <- fillPeaks(xset)
Warning message:
In sink() : no sink to remove
