xsAnnotate contains no pseudospectra. Regroup all peaks into one!
Generating peak matrix!
Run isotope peak annotation
 % finished: 100  
Found isotopes: 0 
xsAnnotate contains no pseudospectra. Regroup all peaks into one!
Generating peak matrix!
Run isotope peak annotation
 % finished: 100  
Found isotopes: 0 
xsAnnotate contains no pseudospectra. Regroup all peaks into one!
Generating peak matrix!
Run isotope peak annotation
 % finished: 100  
Found isotopes: 0 
xsAnnotate contains no pseudospectra. Regroup all peaks into one!
Generating peak matrix!
Run isotope peak annotation
 % finished: 100  
Found isotopes: 0 
xsAnnotate contains no pseudospectra. Regroup all peaks into one!
Generating peak matrix!
Run isotope peak annotation
 % finished: 100  
Found isotopes: 0 
xsAnnotate contains no pseudospectra. Regroup all peaks into one!
Generating peak matrix!
Run isotope peak annotation
 % finished: 100  
Found isotopes: 0 
xsAnnotate contains no pseudospectra. Regroup all peaks into one!
Generating peak matrix!
Run isotope peak annotation
 % finished: 100  
Found isotopes: 0 
xsAnnotate contains no pseudospectra. Regroup all peaks into one!
Generating peak matrix!
Run isotope peak annotation
 % finished: 100  
Found isotopes: 0 
xsAnnotate contains no pseudospectra. Regroup all peaks into one!
Generating peak matrix!
Run isotope peak annotation
 % finished: 100  
Found isotopes: 0 
xsAnnotate contains no pseudospectra. Regroup all peaks into one!
Generating peak matrix!
Run isotope peak annotation
 % finished: 100  
Found isotopes: 0 
xsAnnotate contains no pseudospectra. Regroup all peaks into one!
Generating peak matrix!
Run isotope peak annotation
 % finished: 100  
Found isotopes: 0 
xsAnnotate contains no pseudospectra. Regroup all peaks into one!
Generating peak matrix!
Run isotope peak annotation
 % finished: 100  
Found isotopes: 0 
xsAnnotate contains no pseudospectra. Regroup all peaks into one!
Generating peak matrix!
Run isotope peak annotation
 % finished: 100  
Found isotopes: 0 
xsAnnotate contains no pseudospectra. Regroup all peaks into one!
Generating peak matrix!
Run isotope peak annotation
 % finished: 100  
Found isotopes: 0 
xsAnnotate contains no pseudospectra. Regroup all peaks into one!
Generating peak matrix!
Run isotope peak annotation
 % finished: 100  
Found isotopes: 0 
xsAnnotate contains no pseudospectra. Regroup all peaks into one!
Generating peak matrix!
Run isotope peak annotation
 % finished: 100  
Found isotopes: 0 
xsAnnotate contains no pseudospectra. Regroup all peaks into one!
Generating peak matrix!
Run isotope peak annotation
 % finished: 100  
Found isotopes: 0 
xsAnnotate contains no pseudospectra. Regroup all peaks into one!
Generating peak matrix!
Run isotope peak annotation
 % finished: 100  
Found isotopes: 0 
xsAnnotate contains no pseudospectra. Regroup all peaks into one!
Generating peak matrix!
Run isotope peak annotation
 % finished: 100  
Found isotopes: 0 
xsAnnotate contains no pseudospectra. Regroup all peaks into one!
Generating peak matrix!
Run isotope peak annotation
 % finished: 100  
Found isotopes: 0 
xsAnnotate contains no pseudospectra. Regroup all peaks into one!
Generating peak matrix!
Run isotope peak annotation
 % finished: 100  
Found isotopes: 0 
xsAnnotate contains no pseudospectra. Regroup all peaks into one!
Generating peak matrix!
Run isotope peak annotation
 % finished: 100  
Found isotopes: 0 
xsAnnotate contains no pseudospectra. Regroup all peaks into one!
Generating peak matrix!
Run isotope peak annotation
 % finished: 100  
Found isotopes: 0 
xsAnnotate contains no pseudospectra. Regroup all peaks into one!
Generating peak matrix!
Run isotope peak annotation
 % finished: 100  
Found isotopes: 0 
xsAnnotate contains no pseudospectra. Regroup all peaks into one!
Generating peak matrix!
Run isotope peak annotation
 % finished: 100  
Found isotopes: 0 
xsAnnotate contains no pseudospectra. Regroup all peaks into one!
Generating peak matrix!
Run isotope peak annotation
 % finished: 100  
Found isotopes: 0 
xsAnnotate contains no pseudospectra. Regroup all peaks into one!
Generating peak matrix!
Run isotope peak annotation
 % finished: 100  
Found isotopes: 0 
xsAnnotate contains no pseudospectra. Regroup all peaks into one!
Generating peak matrix!
Run isotope peak annotation
 % finished: 100  
Found isotopes: 0 
xsAnnotate contains no pseudospectra. Regroup all peaks into one!
Generating peak matrix!
Run isotope peak annotation
 % finished: 100  
Found isotopes: 0 
xsAnnotate contains no pseudospectra. Regroup all peaks into one!
Generating peak matrix!
Run isotope peak annotation
 % finished: 100  
Found isotopes: 0 
xsAnnotate contains no pseudospectra. Regroup all peaks into one!
Generating peak matrix!
Run isotope peak annotation
 % finished: 100  
Found isotopes: 0 
xsAnnotate contains no pseudospectra. Regroup all peaks into one!
Generating peak matrix!
Run isotope peak annotation
 % finished: 100  
Found isotopes: 0 
xsAnnotate contains no pseudospectra. Regroup all peaks into one!
Generating peak matrix!
Run isotope peak annotation
 % finished: 100  
Found isotopes: 0 
xsAnnotate contains no pseudospectra. Regroup all peaks into one!
Generating peak matrix!
Run isotope peak annotation
 % finished: 100  
Found isotopes: 0 
xsAnnotate contains no pseudospectra. Regroup all peaks into one!
Generating peak matrix!
Run isotope peak annotation
 % finished: 100  
Found isotopes: 0 
xsAnnotate contains no pseudospectra. Regroup all peaks into one!
Generating peak matrix!
Run isotope peak annotation
 % finished: 100  
Found isotopes: 0 
xsAnnotate contains no pseudospectra. Regroup all peaks into one!
Generating peak matrix!
Run isotope peak annotation
 % finished: 100  
Found isotopes: 0 
xsAnnotate contains no pseudospectra. Regroup all peaks into one!
Generating peak matrix!
Run isotope peak annotation
 % finished: 100  
Found isotopes: 0 
xsAnnotate contains no pseudospectra. Regroup all peaks into one!
Generating peak matrix!
Run isotope peak annotation
 % finished: 100  
Found isotopes: 0 
xsAnnotate contains no pseudospectra. Regroup all peaks into one!
Generating peak matrix!
Run isotope peak annotation
 % finished: 100  
Found isotopes: 0 
xsAnnotate contains no pseudospectra. Regroup all peaks into one!
Generating peak matrix!
Run isotope peak annotation
 % finished: 100  
Found isotopes: 0 
xsAnnotate contains no pseudospectra. Regroup all peaks into one!
Generating peak matrix!
Run isotope peak annotation
 % finished: 100  
Found isotopes: 0 
xsAnnotate contains no pseudospectra. Regroup all peaks into one!
Generating peak matrix!
Run isotope peak annotation
 % finished: 100  
Found isotopes: 0 
xsAnnotate contains no pseudospectra. Regroup all peaks into one!
Generating peak matrix!
Run isotope peak annotation
 % finished: 100  
Found isotopes: 0 
xsAnnotate contains no pseudospectra. Regroup all peaks into one!
Generating peak matrix!
Run isotope peak annotation
 % finished: 100  
Found isotopes: 0 
xsAnnotate contains no pseudospectra. Regroup all peaks into one!
Generating peak matrix!
Run isotope peak annotation
 % finished: 100  
Found isotopes: 0 
xsAnnotate contains no pseudospectra. Regroup all peaks into one!
Generating peak matrix!
Run isotope peak annotation
 % finished: 100  
Found isotopes: 0 
xsAnnotate contains no pseudospectra. Regroup all peaks into one!
Generating peak matrix!
Run isotope peak annotation
 % finished: 100  
Found isotopes: 0 
xsAnnotate contains no pseudospectra. Regroup all peaks into one!
Generating peak matrix!
Run isotope peak annotation
 % finished: 100  
Found isotopes: 0 
xsAnnotate contains no pseudospectra. Regroup all peaks into one!
Generating peak matrix!
Run isotope peak annotation
 % finished: 100  
Found isotopes: 0 
xsAnnotate contains no pseudospectra. Regroup all peaks into one!
Generating peak matrix!
Run isotope peak annotation
 % finished: 100  
Found isotopes: 0 
xsAnnotate contains no pseudospectra. Regroup all peaks into one!
Generating peak matrix!
Run isotope peak annotation
 % finished: 100  
Found isotopes: 0 
xsAnnotate contains no pseudospectra. Regroup all peaks into one!
Generating peak matrix!
Run isotope peak annotation
 % finished: 100  
Found isotopes: 0 
xsAnnotate contains no pseudospectra. Regroup all peaks into one!
Generating peak matrix!
Run isotope peak annotation
 % finished: 100  
Found isotopes: 0 
xsAnnotate contains no pseudospectra. Regroup all peaks into one!
Generating peak matrix!
Run isotope peak annotation
 % finished: 100  
Found isotopes: 0 
xsAnnotate contains no pseudospectra. Regroup all peaks into one!
Generating peak matrix!
Run isotope peak annotation
 % finished: 100  
Found isotopes: 0 
xsAnnotate contains no pseudospectra. Regroup all peaks into one!
Generating peak matrix!
Run isotope peak annotation
 % finished: 100  
Found isotopes: 0 
xsAnnotate contains no pseudospectra. Regroup all peaks into one!
Generating peak matrix!
Run isotope peak annotation
 % finished: 100  
Found isotopes: 0 
xsAnnotate contains no pseudospectra. Regroup all peaks into one!
Generating peak matrix!
Run isotope peak annotation
 % finished: 100  
Found isotopes: 0 
xsAnnotate contains no pseudospectra. Regroup all peaks into one!
Generating peak matrix!
Run isotope peak annotation
 % finished: 100  
Found isotopes: 0 
xsAnnotate contains no pseudospectra. Regroup all peaks into one!
Generating peak matrix!
Run isotope peak annotation
 % finished: 100  
Found isotopes: 0 
xsAnnotate contains no pseudospectra. Regroup all peaks into one!
Generating peak matrix!
Run isotope peak annotation
 % finished: 100  
Found isotopes: 0 
xsAnnotate contains no pseudospectra. Regroup all peaks into one!
Generating peak matrix!
Run isotope peak annotation
 % finished: 100  
Found isotopes: 0 
xsAnnotate contains no pseudospectra. Regroup all peaks into one!
Generating peak matrix!
Run isotope peak annotation
 % finished: 100  
Found isotopes: 0 
xsAnnotate contains no pseudospectra. Regroup all peaks into one!
Generating peak matrix!
Run isotope peak annotation
 % finished: 100  
Found isotopes: 0 
xsAnnotate contains no pseudospectra. Regroup all peaks into one!
Generating peak matrix!
Run isotope peak annotation
 % finished: 100  
Found isotopes: 0 
xsAnnotate contains no pseudospectra. Regroup all peaks into one!
Generating peak matrix!
Run isotope peak annotation
 % finished: 100  
Found isotopes: 0 
xsAnnotate contains no pseudospectra. Regroup all peaks into one!
Generating peak matrix!
Run isotope peak annotation
 % finished: 100  
Found isotopes: 0 
xsAnnotate contains no pseudospectra. Regroup all peaks into one!
Generating peak matrix!
Run isotope peak annotation
 % finished: 100  
Found isotopes: 0 
xsAnnotate contains no pseudospectra. Regroup all peaks into one!
Generating peak matrix!
Run isotope peak annotation
 % finished: 100  
Found isotopes: 0 
xsAnnotate contains no pseudospectra. Regroup all peaks into one!
Generating peak matrix!
Run isotope peak annotation
 % finished: 100  
Found isotopes: 0 
xsAnnotate contains no pseudospectra. Regroup all peaks into one!
Generating peak matrix!
Run isotope peak annotation
 % finished: 100  
Found isotopes: 0 
xsAnnotate contains no pseudospectra. Regroup all peaks into one!
Generating peak matrix!
Run isotope peak annotation
 % finished: 100  
Found isotopes: 0 
xsAnnotate contains no pseudospectra. Regroup all peaks into one!
Generating peak matrix!
Run isotope peak annotation
 % finished: 100  
Found isotopes: 0 
xsAnnotate contains no pseudospectra. Regroup all peaks into one!
Generating peak matrix!
Run isotope peak annotation
 % finished: 100  
Found isotopes: 0 
xsAnnotate contains no pseudospectra. Regroup all peaks into one!
Generating peak matrix!
Run isotope peak annotation
 % finished: 100  
Found isotopes: 0 
xsAnnotate contains no pseudospectra. Regroup all peaks into one!
Generating peak matrix!
Run isotope peak annotation
 % finished: 100  
Found isotopes: 0 
xsAnnotate contains no pseudospectra. Regroup all peaks into one!
Generating peak matrix!
Run isotope peak annotation
 % finished: 100  
Found isotopes: 0 
xsAnnotate contains no pseudospectra. Regroup all peaks into one!
Generating peak matrix!
Run isotope peak annotation
 % finished: 100  
Found isotopes: 0 
xsAnnotate contains no pseudospectra. Regroup all peaks into one!
Generating peak matrix!
Run isotope peak annotation
 % finished: 100  
Found isotopes: 0 
xsAnnotate contains no pseudospectra. Regroup all peaks into one!
Generating peak matrix!
Run isotope peak annotation
 % finished: 100  
Found isotopes: 0 
xsAnnotate contains no pseudospectra. Regroup all peaks into one!
Generating peak matrix!
Run isotope peak annotation
 % finished: 100  
Found isotopes: 0 
xsAnnotate contains no pseudospectra. Regroup all peaks into one!
Generating peak matrix!
Run isotope peak annotation
 % finished: 100  
Found isotopes: 0 
xsAnnotate contains no pseudospectra. Regroup all peaks into one!
Generating peak matrix!
Run isotope peak annotation
 % finished: 100  
Found isotopes: 0 
xsAnnotate contains no pseudospectra. Regroup all peaks into one!
Generating peak matrix!
Run isotope peak annotation
 % finished: 100  
Found isotopes: 0 
xsAnnotate contains no pseudospectra. Regroup all peaks into one!
Generating peak matrix!
Run isotope peak annotation
 % finished: 100  
Found isotopes: 0 
xsAnnotate contains no pseudospectra. Regroup all peaks into one!
Generating peak matrix!
Run isotope peak annotation
 % finished: 100  
Found isotopes: 0 
xsAnnotate contains no pseudospectra. Regroup all peaks into one!
Generating peak matrix!
Run isotope peak annotation
 % finished: 100  
Found isotopes: 0 
xsAnnotate contains no pseudospectra. Regroup all peaks into one!
Generating peak matrix!
Run isotope peak annotation
 % finished: 100  
Found isotopes: 0 
xsAnnotate contains no pseudospectra. Regroup all peaks into one!
Generating peak matrix!
Run isotope peak annotation
 % finished: 100  
Found isotopes: 0 
xsAnnotate contains no pseudospectra. Regroup all peaks into one!
Generating peak matrix!
Run isotope peak annotation
 % finished: 100  
Found isotopes: 0 
xsAnnotate contains no pseudospectra. Regroup all peaks into one!
Generating peak matrix!
Run isotope peak annotation
 % finished: 100  
Found isotopes: 0 
xsAnnotate contains no pseudospectra. Regroup all peaks into one!
Generating peak matrix!
Run isotope peak annotation
 % finished: 100  
Found isotopes: 0 
xsAnnotate contains no pseudospectra. Regroup all peaks into one!
Generating peak matrix!
Run isotope peak annotation
 % finished: 100  
Found isotopes: 0 
xsAnnotate contains no pseudospectra. Regroup all peaks into one!
Generating peak matrix!
Run isotope peak annotation
 % finished: 100  
Found isotopes: 0 
xsAnnotate contains no pseudospectra. Regroup all peaks into one!
Generating peak matrix!
Run isotope peak annotation
 % finished: 100  
Found isotopes: 0 
xsAnnotate contains no pseudospectra. Regroup all peaks into one!
Generating peak matrix!
Run isotope peak annotation
 % finished: 100  
Found isotopes: 0 
xsAnnotate contains no pseudospectra. Regroup all peaks into one!
Generating peak matrix!
Run isotope peak annotation
 % finished: 100  
Found isotopes: 0 
xsAnnotate contains no pseudospectra. Regroup all peaks into one!
Generating peak matrix!
Run isotope peak annotation
 % finished: 100  
Found isotopes: 0 
xsAnnotate contains no pseudospectra. Regroup all peaks into one!
Generating peak matrix!
Run isotope peak annotation
 % finished: 100  
Found isotopes: 0 
xsAnnotate contains no pseudospectra. Regroup all peaks into one!
Generating peak matrix!
Run isotope peak annotation
 % finished: 100  
Found isotopes: 0 
xsAnnotate contains no pseudospectra. Regroup all peaks into one!
Generating peak matrix!
Run isotope peak annotation
 % finished: 100  
Found isotopes: 0 
xsAnnotate contains no pseudospectra. Regroup all peaks into one!
Generating peak matrix!
Run isotope peak annotation
 % finished: 100  
Found isotopes: 0 
xsAnnotate contains no pseudospectra. Regroup all peaks into one!
Generating peak matrix!
Run isotope peak annotation
 % finished: 100  
Found isotopes: 0 
xsAnnotate contains no pseudospectra. Regroup all peaks into one!
Generating peak matrix!
Run isotope peak annotation
 % finished: 100  
Found isotopes: 0 
xsAnnotate contains no pseudospectra. Regroup all peaks into one!
Generating peak matrix!
Run isotope peak annotation
 % finished: 100  
Found isotopes: 0 
xsAnnotate contains no pseudospectra. Regroup all peaks into one!
Generating peak matrix!
Run isotope peak annotation
 % finished: 100  
Found isotopes: 0 
xsAnnotate contains no pseudospectra. Regroup all peaks into one!
Generating peak matrix!
Run isotope peak annotation
 % finished: 100  
Found isotopes: 0 
xsAnnotate contains no pseudospectra. Regroup all peaks into one!
Generating peak matrix!
Run isotope peak annotation
 % finished: 100  
Found isotopes: 0 
xsAnnotate contains no pseudospectra. Regroup all peaks into one!
Generating peak matrix!
Run isotope peak annotation
 % finished: 100  
Found isotopes: 0 
xsAnnotate contains no pseudospectra. Regroup all peaks into one!
Generating peak matrix!
Run isotope peak annotation
 % finished: 100  
Found isotopes: 0 
xsAnnotate contains no pseudospectra. Regroup all peaks into one!
Generating peak matrix!
Run isotope peak annotation
 % finished: 100  
Found isotopes: 0 
xsAnnotate contains no pseudospectra. Regroup all peaks into one!
Generating peak matrix!
Run isotope peak annotation
 % finished: 100  
Found isotopes: 0 
xsAnnotate contains no pseudospectra. Regroup all peaks into one!
Generating peak matrix!
Run isotope peak annotation
 % finished: 100  
Found isotopes: 0 
xsAnnotate contains no pseudospectra. Regroup all peaks into one!
Generating peak matrix!
Run isotope peak annotation
 % finished: 100  
Found isotopes: 0 
xsAnnotate contains no pseudospectra. Regroup all peaks into one!
Generating peak matrix!
Run isotope peak annotation
 % finished: 100  
Found isotopes: 0 
xsAnnotate contains no pseudospectra. Regroup all peaks into one!
Generating peak matrix!
Run isotope peak annotation
 % finished: 100  
Found isotopes: 0 
xsAnnotate contains no pseudospectra. Regroup all peaks into one!
Generating peak matrix!
Run isotope peak annotation
 % finished: 100  
Found isotopes: 0 
xsAnnotate contains no pseudospectra. Regroup all peaks into one!
Generating peak matrix!
Run isotope peak annotation
 % finished: 100  
Found isotopes: 0 
xsAnnotate contains no pseudospectra. Regroup all peaks into one!
Generating peak matrix!
Run isotope peak annotation
 % finished: 100  
Found isotopes: 0 
xsAnnotate contains no pseudospectra. Regroup all peaks into one!
Generating peak matrix!
Run isotope peak annotation
 % finished: 100  
Found isotopes: 0 
xsAnnotate contains no pseudospectra. Regroup all peaks into one!
Generating peak matrix!
Run isotope peak annotation
 % finished: 100  
Found isotopes: 0 
xsAnnotate contains no pseudospectra. Regroup all peaks into one!
Generating peak matrix!
Run isotope peak annotation
 % finished: 100  
Found isotopes: 0 
xsAnnotate contains no pseudospectra. Regroup all peaks into one!
Generating peak matrix!
Run isotope peak annotation
 % finished: 100  
Found isotopes: 0 
xsAnnotate contains no pseudospectra. Regroup all peaks into one!
Generating peak matrix!
Run isotope peak annotation
 % finished: 100  
Found isotopes: 0 
center sample:  Victoria_University.Subject-02.bloodplasma-2 
Processing: Victoria_University.Subject-04.bloodplasma-2  Victoria_University.Subject-05.bloodplasma-1  Victoria_University.Subject-04.bloodplasma-6  Victoria_University.Subject-01.bloodplasma-8  center sample:  Victoria_University.Subject-02.bloodplasma-2 
Processing: Victoria_University.Subject-04.bloodplasma-2  Victoria_University.Subject-05.bloodplasma-1  Victoria_University.Subject-04.bloodplasma-6  Victoria_University.Subject-01.bloodplasma-8  center sample:  Victoria_University.Subject-02.bloodplasma-2 
Processing: Victoria_University.Subject-04.bloodplasma-2  Victoria_University.Subject-05.bloodplasma-1  Victoria_University.Subject-04.bloodplasma-6  Victoria_University.Subject-01.bloodplasma-8  center sample:  Victoria_University.Subject-02.bloodplasma-2 
Processing: Victoria_University.Subject-04.bloodplasma-2  Victoria_University.Subject-05.bloodplasma-1  Victoria_University.Subject-04.bloodplasma-6  Victoria_University.Subject-01.bloodplasma-8  center sample:  Victoria_University.Subject-02.bloodplasma-2 
Processing: Victoria_University.Subject-04.bloodplasma-2  Victoria_University.Subject-05.bloodplasma-1  Victoria_University.Subject-04.bloodplasma-6  Victoria_University.Subject-01.bloodplasma-8  
center sample:  Victoria_University.Subject-02.bloodplasma-2 
Processing: Victoria_University.Subject-04.bloodplasma-2  Victoria_University.Subject-05.bloodplasma-1  Victoria_University.Subject-04.bloodplasma-6  Victoria_University.Subject-01.bloodplasma-8  
center sample:  Victoria_University.Subject-02.bloodplasma-2 
Processing: Victoria_University.Subject-04.bloodplasma-2  Victoria_University.Subject-05.bloodplasma-1  Victoria_University.Subject-04.bloodplasma-6  Victoria_University.Subject-01.bloodplasma-8  
center sample:  Victoria_University.Subject-02.bloodplasma-2 
Processing: Victoria_University.Subject-04.bloodplasma-2  Victoria_University.Subject-05.bloodplasma-1  Victoria_University.Subject-04.bloodplasma-6  Victoria_University.Subject-01.bloodplasma-8  
center sample:  Victoria_University.Subject-02.bloodplasma-2 
Processing: Victoria_University.Subject-04.bloodplasma-2  Victoria_University.Subject-05.bloodplasma-1  Victoria_University.Subject-04.bloodplasma-6  Victoria_University.Subject-01.bloodplasma-8  center sample:  Victoria_University.Subject-02.bloodplasma-2 
Processing: Victoria_University.Subject-04.bloodplasma-2  Victoria_University.Subject-05.bloodplasma-1  Victoria_University.Subject-04.bloodplasma-6  Victoria_University.Subject-01.bloodplasma-8  center sample:  Victoria_University.Subject-02.bloodplasma-2 
Processing: Victoria_University.Subject-04.bloodplasma-2  Victoria_University.Subject-05.bloodplasma-1  Victoria_University.Subject-04.bloodplasma-6  Victoria_University.Subject-01.bloodplasma-8  center sample:  Victoria_University.Subject-02.bloodplasma-2 
Processing: Victoria_University.Subject-04.bloodplasma-2  Victoria_University.Subject-05.bloodplasma-1  Victoria_University.Subject-04.bloodplasma-6  Victoria_University.Subject-01.bloodplasma-8  center sample:  Victoria_University.Subject-02.bloodplasma-2 
Processing: Victoria_University.Subject-04.bloodplasma-2  Victoria_University.Subject-05.bloodplasma-1  Victoria_University.Subject-04.bloodplasma-6  Victoria_University.Subject-01.bloodplasma-8  
center sample:  Victoria_University.Subject-02.bloodplasma-2 
Processing: Victoria_University.Subject-04.bloodplasma-2  Victoria_University.Subject-05.bloodplasma-1  Victoria_University.Subject-04.bloodplasma-6  Victoria_University.Subject-01.bloodplasma-8  
center sample:  Victoria_University.Subject-02.bloodplasma-2 
Processing: Victoria_University.Subject-04.bloodplasma-2  Victoria_University.Subject-05.bloodplasma-1  Victoria_University.Subject-04.bloodplasma-6  Victoria_University.Subject-01.bloodplasma-8  
center sample:  Victoria_University.Subject-02.bloodplasma-2 
Processing: Victoria_University.Subject-04.bloodplasma-2  Victoria_University.Subject-05.bloodplasma-1  Victoria_University.Subject-04.bloodplasma-6  Victoria_University.Subject-01.bloodplasma-8  
center sample:  Victoria_University.Subject-02.bloodplasma-2 
Processing: Victoria_University.Subject-04.bloodplasma-2  Victoria_University.Subject-05.bloodplasma-1  Victoria_University.Subject-04.bloodplasma-6  Victoria_University.Subject-01.bloodplasma-8  center sample:  Victoria_University.Subject-02.bloodplasma-2 
Processing: Victoria_University.Subject-04.bloodplasma-2  Victoria_University.Subject-05.bloodplasma-1  Victoria_University.Subject-04.bloodplasma-6  Victoria_University.Subject-01.bloodplasma-8  center sample:  Victoria_University.Subject-02.bloodplasma-2 
Processing: Victoria_University.Subject-04.bloodplasma-2  Victoria_University.Subject-05.bloodplasma-1  Victoria_University.Subject-04.bloodplasma-6  Victoria_University.Subject-01.bloodplasma-8  center sample:  Victoria_University.Subject-02.bloodplasma-2 
Processing: Victoria_University.Subject-04.bloodplasma-2  Victoria_University.Subject-05.bloodplasma-1  Victoria_University.Subject-04.bloodplasma-6  Victoria_University.Subject-01.bloodplasma-8  center sample:  Victoria_University.Subject-02.bloodplasma-2 
Processing: Victoria_University.Subject-04.bloodplasma-2  Victoria_University.Subject-05.bloodplasma-1  Victoria_University.Subject-04.bloodplasma-6  Victoria_University.Subject-01.bloodplasma-8  
center sample:  Victoria_University.Subject-02.bloodplasma-2 
Processing: Victoria_University.Subject-04.bloodplasma-2  Victoria_University.Subject-05.bloodplasma-1  Victoria_University.Subject-04.bloodplasma-6  Victoria_University.Subject-01.bloodplasma-8  
center sample:  Victoria_University.Subject-02.bloodplasma-2 
Processing: Victoria_University.Subject-04.bloodplasma-2  Victoria_University.Subject-05.bloodplasma-1  Victoria_University.Subject-04.bloodplasma-6  Victoria_University.Subject-01.bloodplasma-8  
center sample:  Victoria_University.Subject-02.bloodplasma-2 
Processing: Victoria_University.Subject-04.bloodplasma-2  Victoria_University.Subject-05.bloodplasma-1  Victoria_University.Subject-04.bloodplasma-6  Victoria_University.Subject-01.bloodplasma-8  
center sample:  Victoria_University.Subject-02.bloodplasma-2 
Processing: Victoria_University.Subject-04.bloodplasma-2  Victoria_University.Subject-05.bloodplasma-1  Victoria_University.Subject-04.bloodplasma-6  Victoria_University.Subject-01.bloodplasma-8  center sample:  Victoria_University.Subject-02.bloodplasma-2 
Processing: Victoria_University.Subject-04.bloodplasma-2  Victoria_University.Subject-05.bloodplasma-1  Victoria_University.Subject-04.bloodplasma-6  Victoria_University.Subject-01.bloodplasma-8  center sample:  Victoria_University.Subject-02.bloodplasma-2 
Processing: Victoria_University.Subject-04.bloodplasma-2  Victoria_University.Subject-05.bloodplasma-1  Victoria_University.Subject-04.bloodplasma-6  Victoria_University.Subject-01.bloodplasma-8  center sample:  Victoria_University.Subject-02.bloodplasma-2 
Processing: Victoria_University.Subject-04.bloodplasma-2  Victoria_University.Subject-05.bloodplasma-1  Victoria_University.Subject-04.bloodplasma-6  Victoria_University.Subject-01.bloodplasma-8  center sample:  Victoria_University.Subject-02.bloodplasma-2 
Processing: Victoria_University.Subject-04.bloodplasma-2  Victoria_University.Subject-05.bloodplasma-1  Victoria_University.Subject-04.bloodplasma-6  Victoria_University.Subject-01.bloodplasma-8  
center sample:  Victoria_University.Subject-02.bloodplasma-2 
Processing: Victoria_University.Subject-04.bloodplasma-2  Victoria_University.Subject-05.bloodplasma-1  Victoria_University.Subject-04.bloodplasma-6  Victoria_University.Subject-01.bloodplasma-8  
center sample:  Victoria_University.Subject-02.bloodplasma-2 
Processing: Victoria_University.Subject-04.bloodplasma-2  Victoria_University.Subject-05.bloodplasma-1  Victoria_University.Subject-04.bloodplasma-6  Victoria_University.Subject-01.bloodplasma-8  
center sample:  Victoria_University.Subject-02.bloodplasma-2 
Processing: Victoria_University.Subject-04.bloodplasma-2  Victoria_University.Subject-05.bloodplasma-1  Victoria_University.Subject-04.bloodplasma-6  Victoria_University.Subject-01.bloodplasma-8  
center sample:  Victoria_University.Subject-02.bloodplasma-2 
Processing: Victoria_University.Subject-04.bloodplasma-2  Victoria_University.Subject-05.bloodplasma-1  Victoria_University.Subject-04.bloodplasma-6  Victoria_University.Subject-01.bloodplasma-8  center sample:  Victoria_University.Subject-02.bloodplasma-2 
Processing: Victoria_University.Subject-04.bloodplasma-2  Victoria_University.Subject-05.bloodplasma-1  Victoria_University.Subject-04.bloodplasma-6  Victoria_University.Subject-01.bloodplasma-8  center sample:  Victoria_University.Subject-02.bloodplasma-2 
Processing: Victoria_University.Subject-04.bloodplasma-2  Victoria_University.Subject-05.bloodplasma-1  Victoria_University.Subject-04.bloodplasma-6  Victoria_University.Subject-01.bloodplasma-8  center sample:  Victoria_University.Subject-02.bloodplasma-2 
Processing: Victoria_University.Subject-04.bloodplasma-2  Victoria_University.Subject-05.bloodplasma-1  Victoria_University.Subject-04.bloodplasma-6  Victoria_University.Subject-01.bloodplasma-8  center sample:  Victoria_University.Subject-02.bloodplasma-2 
Processing: Victoria_University.Subject-04.bloodplasma-2  Victoria_University.Subject-05.bloodplasma-1  Victoria_University.Subject-04.bloodplasma-6  Victoria_University.Subject-01.bloodplasma-8  center sample:  Victoria_University.Subject-02.bloodplasma-2 
Processing: Victoria_University.Subject-04.bloodplasma-2  Victoria_University.Subject-05.bloodplasma-1  Victoria_University.Subject-04.bloodplasma-6  Victoria_University.Subject-01.bloodplasma-8  center sample:  Victoria_University.Subject-02.bloodplasma-2 
Processing: Victoria_University.Subject-04.bloodplasma-2  Victoria_University.Subject-05.bloodplasma-1  Victoria_University.Subject-04.bloodplasma-6  Victoria_University.Subject-01.bloodplasma-8  
center sample:  Victoria_University.Subject-02.bloodplasma-2 
Processing: Victoria_University.Subject-04.bloodplasma-2  Victoria_University.Subject-05.bloodplasma-1  Victoria_University.Subject-04.bloodplasma-6  Victoria_University.Subject-01.bloodplasma-8  center sample:  Victoria_University.Subject-02.bloodplasma-2 
Processing: Victoria_University.Subject-04.bloodplasma-2  Victoria_University.Subject-05.bloodplasma-1  Victoria_University.Subject-04.bloodplasma-6  Victoria_University.Subject-01.bloodplasma-8  center sample:  Victoria_University.Subject-02.bloodplasma-2 
Processing: Victoria_University.Subject-04.bloodplasma-2  Victoria_University.Subject-05.bloodplasma-1  Victoria_University.Subject-04.bloodplasma-6  Victoria_University.Subject-01.bloodplasma-8  center sample:  Victoria_University.Subject-02.bloodplasma-2 
Processing: Victoria_University.Subject-04.bloodplasma-2  Victoria_University.Subject-05.bloodplasma-1  Victoria_University.Subject-04.bloodplasma-6  Victoria_University.Subject-01.bloodplasma-8  center sample:  Victoria_University.Subject-02.bloodplasma-2 
Processing: Victoria_University.Subject-04.bloodplasma-2  Victoria_University.Subject-05.bloodplasma-1  Victoria_University.Subject-04.bloodplasma-6  Victoria_University.Subject-01.bloodplasma-8  center sample:  Victoria_University.Subject-02.bloodplasma-2 
Processing: Victoria_University.Subject-04.bloodplasma-2  Victoria_University.Subject-05.bloodplasma-1  Victoria_University.Subject-04.bloodplasma-6  Victoria_University.Subject-01.bloodplasma-8  
center sample:  Victoria_University.Subject-02.bloodplasma-2 
Processing: Victoria_University.Subject-04.bloodplasma-2  Victoria_University.Subject-05.bloodplasma-1  Victoria_University.Subject-04.bloodplasma-6  Victoria_University.Subject-01.bloodplasma-8  center sample:  Victoria_University.Subject-02.bloodplasma-2 
Processing: Victoria_University.Subject-04.bloodplasma-2  Victoria_University.Subject-05.bloodplasma-1  Victoria_University.Subject-04.bloodplasma-6  Victoria_University.Subject-01.bloodplasma-8  center sample:  Victoria_University.Subject-02.bloodplasma-2 
Processing: Victoria_University.Subject-04.bloodplasma-2  Victoria_University.Subject-05.bloodplasma-1  Victoria_University.Subject-04.bloodplasma-6  Victoria_University.Subject-01.bloodplasma-8  center sample:  Victoria_University.Subject-02.bloodplasma-2 
Processing: Victoria_University.Subject-04.bloodplasma-2  Victoria_University.Subject-05.bloodplasma-1  Victoria_University.Subject-04.bloodplasma-6  Victoria_University.Subject-01.bloodplasma-8  center sample:  Victoria_University.Subject-02.bloodplasma-2 
Processing: Victoria_University.Subject-04.bloodplasma-2  Victoria_University.Subject-05.bloodplasma-1  Victoria_University.Subject-04.bloodplasma-6  Victoria_University.Subject-01.bloodplasma-8  
center sample:  Victoria_University.Subject-02.bloodplasma-2 
Processing: Victoria_University.Subject-04.bloodplasma-2  Victoria_University.Subject-05.bloodplasma-1  Victoria_University.Subject-04.bloodplasma-6  Victoria_University.Subject-01.bloodplasma-8  
center sample:  Victoria_University.Subject-02.bloodplasma-2 
Processing: Victoria_University.Subject-04.bloodplasma-2  Victoria_University.Subject-05.bloodplasma-1  Victoria_University.Subject-04.bloodplasma-6  Victoria_University.Subject-01.bloodplasma-8  
center sample:  Victoria_University.Subject-02.bloodplasma-2 
Processing: Victoria_University.Subject-04.bloodplasma-2  Victoria_University.Subject-05.bloodplasma-1  Victoria_University.Subject-04.bloodplasma-6  Victoria_University.Subject-01.bloodplasma-8  
center sample:  Victoria_University.Subject-02.bloodplasma-2 
Processing: Victoria_University.Subject-04.bloodplasma-2  Victoria_University.Subject-05.bloodplasma-1  Victoria_University.Subject-04.bloodplasma-6  Victoria_University.Subject-01.bloodplasma-8  center sample:  Victoria_University.Subject-02.bloodplasma-2 
Processing: Victoria_University.Subject-04.bloodplasma-2  Victoria_University.Subject-05.bloodplasma-1  Victoria_University.Subject-04.bloodplasma-6  Victoria_University.Subject-01.bloodplasma-8  center sample:  Victoria_University.Subject-02.bloodplasma-2 
Processing: Victoria_University.Subject-04.bloodplasma-2  Victoria_University.Subject-05.bloodplasma-1  Victoria_University.Subject-04.bloodplasma-6  Victoria_University.Subject-01.bloodplasma-8  center sample:  Victoria_University.Subject-02.bloodplasma-2 
Processing: Victoria_University.Subject-04.bloodplasma-2  Victoria_University.Subject-05.bloodplasma-1  Victoria_University.Subject-04.bloodplasma-6  Victoria_University.Subject-01.bloodplasma-8  center sample:  Victoria_University.Subject-02.bloodplasma-2 
Processing: Victoria_University.Subject-04.bloodplasma-2  Victoria_University.Subject-05.bloodplasma-1  Victoria_University.Subject-04.bloodplasma-6  Victoria_University.Subject-01.bloodplasma-8  
center sample:  Victoria_University.Subject-02.bloodplasma-2 
Processing: Victoria_University.Subject-04.bloodplasma-2  Victoria_University.Subject-05.bloodplasma-1  Victoria_University.Subject-04.bloodplasma-6  Victoria_University.Subject-01.bloodplasma-8  
center sample:  Victoria_University.Subject-02.bloodplasma-2 
Processing: Victoria_University.Subject-04.bloodplasma-2  Victoria_University.Subject-05.bloodplasma-1  Victoria_University.Subject-04.bloodplasma-6  Victoria_University.Subject-01.bloodplasma-8  
center sample:  Victoria_University.Subject-02.bloodplasma-2 
Processing: Victoria_University.Subject-04.bloodplasma-2  Victoria_University.Subject-05.bloodplasma-1  Victoria_University.Subject-04.bloodplasma-6  Victoria_University.Subject-01.bloodplasma-8  
center sample:  Victoria_University.Subject-02.bloodplasma-2 
Processing: Victoria_University.Subject-04.bloodplasma-2  Victoria_University.Subject-05.bloodplasma-1  Victoria_University.Subject-04.bloodplasma-6  Victoria_University.Subject-01.bloodplasma-8  center sample:  Victoria_University.Subject-02.bloodplasma-2 
Processing: Victoria_University.Subject-04.bloodplasma-2  Victoria_University.Subject-05.bloodplasma-1  Victoria_University.Subject-04.bloodplasma-6  Victoria_University.Subject-01.bloodplasma-8  center sample:  Victoria_University.Subject-02.bloodplasma-2 
Processing: Victoria_University.Subject-04.bloodplasma-2  Victoria_University.Subject-05.bloodplasma-1  Victoria_University.Subject-04.bloodplasma-6  Victoria_University.Subject-01.bloodplasma-8  center sample:  Victoria_University.Subject-02.bloodplasma-2 
Processing: Victoria_University.Subject-04.bloodplasma-2  Victoria_University.Subject-05.bloodplasma-1  Victoria_University.Subject-04.bloodplasma-6  Victoria_University.Subject-01.bloodplasma-8  center sample:  Victoria_University.Subject-02.bloodplasma-2 
Processing: Victoria_University.Subject-04.bloodplasma-2  Victoria_University.Subject-05.bloodplasma-1  Victoria_University.Subject-04.bloodplasma-6  Victoria_University.Subject-01.bloodplasma-8  
center sample:  Victoria_University.Subject-02.bloodplasma-2 
Processing: Victoria_University.Subject-04.bloodplasma-2  Victoria_University.Subject-05.bloodplasma-1  Victoria_University.Subject-04.bloodplasma-6  Victoria_University.Subject-01.bloodplasma-8  
center sample:  Victoria_University.Subject-02.bloodplasma-2 
Processing: Victoria_University.Subject-04.bloodplasma-2  Victoria_University.Subject-05.bloodplasma-1  Victoria_University.Subject-04.bloodplasma-6  Victoria_University.Subject-01.bloodplasma-8  
center sample:  Victoria_University.Subject-02.bloodplasma-2 
Processing: Victoria_University.Subject-04.bloodplasma-2  Victoria_University.Subject-05.bloodplasma-1  Victoria_University.Subject-04.bloodplasma-6  Victoria_University.Subject-01.bloodplasma-8  
center sample:  Victoria_University.Subject-02.bloodplasma-2 
Processing: Victoria_University.Subject-04.bloodplasma-2  Victoria_University.Subject-05.bloodplasma-1  Victoria_University.Subject-04.bloodplasma-6  Victoria_University.Subject-01.bloodplasma-8  center sample:  Victoria_University.Subject-02.bloodplasma-2 
Processing: Victoria_University.Subject-04.bloodplasma-2  Victoria_University.Subject-05.bloodplasma-1  Victoria_University.Subject-04.bloodplasma-6  Victoria_University.Subject-01.bloodplasma-8  center sample:  Victoria_University.Subject-02.bloodplasma-2 
Processing: Victoria_University.Subject-04.bloodplasma-2  Victoria_University.Subject-05.bloodplasma-1  Victoria_University.Subject-04.bloodplasma-6  Victoria_University.Subject-01.bloodplasma-8  center sample:  Victoria_University.Subject-02.bloodplasma-2 
Processing: Victoria_University.Subject-04.bloodplasma-2  Victoria_University.Subject-05.bloodplasma-1  Victoria_University.Subject-04.bloodplasma-6  Victoria_University.Subject-01.bloodplasma-8  center sample:  Victoria_University.Subject-02.bloodplasma-2 
Processing: Victoria_University.Subject-04.bloodplasma-2  Victoria_University.Subject-05.bloodplasma-1  Victoria_University.Subject-04.bloodplasma-6  Victoria_University.Subject-01.bloodplasma-8  
center sample:  Victoria_University.Subject-02.bloodplasma-2 
Processing: Victoria_University.Subject-04.bloodplasma-2  Victoria_University.Subject-05.bloodplasma-1  Victoria_University.Subject-04.bloodplasma-6  Victoria_University.Subject-01.bloodplasma-8  
center sample:  Victoria_University.Subject-02.bloodplasma-2 
Processing: Victoria_University.Subject-04.bloodplasma-2  Victoria_University.Subject-05.bloodplasma-1  Victoria_University.Subject-04.bloodplasma-6  Victoria_University.Subject-01.bloodplasma-8  
center sample:  Victoria_University.Subject-02.bloodplasma-2 
Processing: Victoria_University.Subject-04.bloodplasma-2  Victoria_University.Subject-05.bloodplasma-1  Victoria_University.Subject-04.bloodplasma-6  Victoria_University.Subject-01.bloodplasma-8  
center sample:  Victoria_University.Subject-02.bloodplasma-2 
Processing: Victoria_University.Subject-04.bloodplasma-2  Victoria_University.Subject-05.bloodplasma-1  Victoria_University.Subject-04.bloodplasma-6  Victoria_University.Subject-01.bloodplasma-8  center sample:  Victoria_University.Subject-02.bloodplasma-2 
Processing: Victoria_University.Subject-04.bloodplasma-2  Victoria_University.Subject-05.bloodplasma-1  Victoria_University.Subject-04.bloodplasma-6  Victoria_University.Subject-01.bloodplasma-8  center sample:  Victoria_University.Subject-02.bloodplasma-2 
Processing: Victoria_University.Subject-04.bloodplasma-2  Victoria_University.Subject-05.bloodplasma-1  Victoria_University.Subject-04.bloodplasma-6  Victoria_University.Subject-01.bloodplasma-8  center sample:  Victoria_University.Subject-02.bloodplasma-2 
Processing: Victoria_University.Subject-04.bloodplasma-2  Victoria_University.Subject-05.bloodplasma-1  Victoria_University.Subject-04.bloodplasma-6  Victoria_University.Subject-01.bloodplasma-8  center sample:  Victoria_University.Subject-02.bloodplasma-2 
Processing: Victoria_University.Subject-04.bloodplasma-2  Victoria_University.Subject-05.bloodplasma-1  Victoria_University.Subject-04.bloodplasma-6  Victoria_University.Subject-01.bloodplasma-8  center sample:  Victoria_University.Subject-02.bloodplasma-2 
Processing: Victoria_University.Subject-04.bloodplasma-2  Victoria_University.Subject-05.bloodplasma-1  Victoria_University.Subject-04.bloodplasma-6  Victoria_University.Subject-01.bloodplasma-8  center sample:  Victoria_University.Subject-02.bloodplasma-2 
Processing: Victoria_University.Subject-04.bloodplasma-2  Victoria_University.Subject-05.bloodplasma-1  Victoria_University.Subject-04.bloodplasma-6  Victoria_University.Subject-01.bloodplasma-8  
center sample:  Victoria_University.Subject-02.bloodplasma-2 
Processing: Victoria_University.Subject-04.bloodplasma-2  Victoria_University.Subject-05.bloodplasma-1  Victoria_University.Subject-04.bloodplasma-6  Victoria_University.Subject-01.bloodplasma-8  center sample:  Victoria_University.Subject-02.bloodplasma-2 
Processing: Victoria_University.Subject-04.bloodplasma-2  Victoria_University.Subject-05.bloodplasma-1  Victoria_University.Subject-04.bloodplasma-6  Victoria_University.Subject-01.bloodplasma-8  center sample:  Victoria_University.Subject-02.bloodplasma-2 
Processing: Victoria_University.Subject-04.bloodplasma-2  Victoria_University.Subject-05.bloodplasma-1  Victoria_University.Subject-04.bloodplasma-6  Victoria_University.Subject-01.bloodplasma-8  center sample:  Victoria_University.Subject-02.bloodplasma-2 
Processing: Victoria_University.Subject-04.bloodplasma-2  Victoria_University.Subject-05.bloodplasma-1  Victoria_University.Subject-04.bloodplasma-6  Victoria_University.Subject-01.bloodplasma-8  center sample:  Victoria_University.Subject-02.bloodplasma-2 
Processing: Victoria_University.Subject-04.bloodplasma-2  Victoria_University.Subject-05.bloodplasma-1  Victoria_University.Subject-04.bloodplasma-6  Victoria_University.Subject-01.bloodplasma-8  center sample:  Victoria_University.Subject-02.bloodplasma-2 
Processing: Victoria_University.Subject-04.bloodplasma-2  Victoria_University.Subject-05.bloodplasma-1  Victoria_University.Subject-04.bloodplasma-6  Victoria_University.Subject-01.bloodplasma-8  
od 'bin' and step 0.85 ... OK
Create profile matrix with method 'bin' and step 0.85 ... OK
Create profile matrix with method 'bin' and step 0.85 ... OK
Error in .local(object, ...) : 
  Dimensions of profile matrices do not match !

Processing 11930 mz slices ... OK
Create profile matrix with method 'bin' and step 0.85 ... OK
Create profile matrix with method 'bin' and step 0.85 ... OK
Create profile matrix with method 'bin' and step 0.85 ... OK
Create profile matrix with method 'bin' and step 0.85 ... OK
Create profile matrix with method 'bin' and step 0.85 ... OK
Create profile matrix with method 'bin' and step 0.85 ... OK
Create profile matrix with method 'bin' and step 0.85 ... OK
Create profile matrix with method 'bin' and step 0.85 ... OK
Error in .local(object, ...) : 
  Dimensions of profile matrices do not match !

Processing 11930 mz slices ... OK
Create profile matrix with method 'bin' and step 0.85 ... OK
Create profile matrix with method 'bin' and step 0.85 ... OK
Create profile matrix with method 'bin' and step 0.85 ... OK
Create profile matrix with method 'bin' and step 0.85 ... OK
Create profile matrix with method 'bin' and step 0.85 ... OK
Create profile matrix with method 'bin' and step 0.85 ... OK
Create profile matrix with method 'bin' and step 0.85 ... OK
Create profile matrix with method 'bin' and step 0.85 ... OK
Error in .local(object, ...) : 
  Dimensions of profile matrices do not match !

Processing 19882 mz slices ... OK
Create profile matrix with method 'bin' and step 0.85 ... OK
Create profile matrix with method 'bin' and step 0.85 ... OK
Create profile matrix with method 'bin' and step 0.85 ... OK
Create profile matrix with method 'bin' and step 0.85 ... OK
Create profile matrix with method 'bin' and step 0.85 ... OK
Create profile matrix with method 'bin' and step 0.85 ... OK
Create profile matrix with method 'bin' and step 0.85 ... OK
Create profile matrix with method 'bin' and step 0.85 ... OK
Error in .local(object, ...) : 
  Dimensions of profile matrices do not match !

Processing 8522 mz slices ... OK
Create profile matrix with method 'bin' and step 0.85 ... OK
Create profile matrix with method 'bin' and step 0.85 ... OK
Create profile matrix with method 'bin' and step 0.85 ... OK
Create profile matrix with method 'bin' and step 0.85 ... OK
Create profile matrix with method 'bin' and step 0.85 ... OK
Create profile matrix with method 'bin' and step 0.85 ... OK
Create profile matrix with method 'bin' and step 0.85 ... OK
Create profile matrix with method 'bin' and step 0.85 ... OK
Error in .local(object, ...) : 
  Dimensions of profile matrices do not match !

Processing 11930 mz slices ... OK
Create profile matrix with method 'bin' and step 1 ... OK
Create profile matrix with method 'bin' and step 1 ... OK
Create profile matrix with method 'bin' and step 1 ... OK
Create profile matrix with method 'bin' and step 1 ... OK
Create profile matrix with method 'bin' and step 1 ... OK
Processing 19882 mz slices ... OK
profStep or minfrac greater 1, decreasing to 0.71 and 1



starting new DoE with:

gapInit: c(0, 0.4)
gapExtend: c(2.04, 2.76)
profStep: c(0.71, 1)
bw: c(12.4, 31.6)
mzwid: c(0.003, 0.027)
distFunc: cor_opt
plottype: none
response: 1
factorDiag: 2
factorGap: 1
localAlignment: 0
retcorMethod: obiwarp
minfrac: 0.05
minsamp: 1
max: 50
center: 2

Create profile matrix with method 'bin' and step 0.71 ... OK
Create profile matrix with method 'bin' and step 0.71 ... OK
Create profile matrix with method 'bin' and step 0.71 ... OK
Create profile matrix with method 'bin' and step 0.71 ... OK
Create profile matrix with method 'bin' and step 0.71 ... OK
Create profile matrix with method 'bin' and step 0.71 ... OK
Create profile matrix with method 'bin' and step 0.71 ... OK
Create profile matrix with method 'bin' and step 0.71 ... OK
Error in .local(object, ...) : 
  Dimensions of profile matrices do not match !

Processing 99402 mz slices ... OK
Create profile matrix with method 'bin' and step 0.71 ... OK
Create profile matrix with method 'bin' and step 0.71 ... OK
Create profile matrix with method 'bin' and step 0.71 ... OK
Create profile matrix with method 'bin' and step 0.71 ... OK
Create profile matrix with method 'bin' and step 0.71 ... OK
Create profile matrix with method 'bin' and step 0.71 ... OK
Create profile matrix with method 'bin' and step 0.71 ... OK
Create profile matrix with method 'bin' and step 0.71 ... OK
Error in .local(object, ...) : 
  Dimensions of profile matrices do not match !

Processing 99402 mz slices ... OK
Create profile matrix with method 'bin' and step 0.71 ... OK
Create profile matrix with method 'bin' and step 0.71 ... OK
Create profile matrix with method 'bin' and step 0.71 ... OK
Create profile matrix with method 'bin' and step 0.71 ... OK
Create profile matrix with method 'bin' and step 0.71 ... OK
Create profile matrix with method 'bin' and step 0.71 ... OK
Create profile matrix with method 'bin' and step 0.71 ... OK
Create profile matrix with method 'bin' and step 0.71 ... OK
Error in .local(object, ...) : 
  Dimensions of profile matrices do not match !

Processing 99402 mz slices ... OK
Create profile matrix with method 'bin' and step 0.71 ... OK
Create profile matrix with method 'bin' and step 0.71 ... OK
Create profile matrix with method 'bin' and step 0.71 ... OK
Create profile matrix with method 'bin' and step 0.71 ... OK
Create profile matrix with method 'bin' and step 0.71 ... OK
Create profile matrix with method 'bin' and step 0.71 ... OK
Create profile matrix with method 'bin' and step 0.71 ... OK
Create profile matrix with method 'bin' and step 0.71 ... OK
Error in .local(object, ...) : 
  Dimensions of profile matrices do not match !

Processing 99402 mz slices ... OK
Create profile matrix with method 'bin' and step 1 ... OK
Create profile matrix with method 'bin' and step 1 ... OK
Create profile matrix with method 'bin' and step 1 ... OK
Create profile matrix with method 'bin' and step 1 ... OK
Create profile matrix with method 'bin' and step 1 ... OK
Processing 99402 mz slices ... OK
Create profile matrix with method 'bin' and step 1 ... OK
Create profile matrix with method 'bin' and step 1 ... OK
Create profile matrix with method 'bin' and step 1 ... OK
Create profile matrix with method 'bin' and step 1 ... OK
Create profile matrix with method 'bin' and step 1 ... OK
Processing 99402 mz slices ... OK
Create profile matrix with method 'bin' and step 1 ... OK
Create profile matrix with method 'bin' and step 1 ... OK
Create profile matrix with method 'bin' and step 1 ... OK
Create profile matrix with method 'bin' and step 1 ... OK
Create profile matrix with method 'bin' and step 1 ... OK
Processing 99402 mz slices ... OK
Create profile matrix with method 'bin' and step 1 ... OK
Create profile matrix with method 'bin' and step 1 ... OK
Create profile matrix with method 'bin' and step 1 ... OK
Create profile matrix with method 'bin' and step 1 ... OK
Create profile matrix with method 'bin' and step 1 ... OK
Processing 99402 mz slices ... OK
Create profile matrix with method 'bin' and step 0.71 ... OK
Create profile matrix with method 'bin' and step 0.71 ... OK
Create profile matrix with method 'bin' and step 0.71 ... OK
Create profile matrix with method 'bin' and step 0.71 ... OK
Create profile matrix with method 'bin' and step 0.71 ... OK
Create profile matrix with method 'bin' and step 0.71 ... OK
Create profile matrix with method 'bin' and step 0.71 ... OK
Create profile matrix with method 'bin' and step 0.71 ... OK
Error in .local(object, ...) : 
  Dimensions of profile matrices do not match !

Processing 99402 mz slices ... OK
Create profile matrix with method 'bin' and step 0.71 ... OK
Create profile matrix with method 'bin' and step 0.71 ... OK
Create profile matrix with method 'bin' and step 0.71 ... OK
Create profile matrix with method 'bin' and step 0.71 ... OK
Create profile matrix with method 'bin' and step 0.71 ... OK
Create profile matrix with method 'bin' and step 0.71 ... OK
Create profile matrix with method 'bin' and step 0.71 ... OK
Create profile matrix with method 'bin' and step 0.71 ... OK
Error in .local(object, ...) : 
  Dimensions of profile matrices do not match !

Processing 99402 mz slices ... OK
Create profile matrix with method 'bin' and step 0.71 ... OK
Create profile matrix with method 'bin' and step 0.71 ... OK
Create profile matrix with method 'bin' and step 0.71 ... OK
Create profile matrix with method 'bin' and step 0.71 ... OK
Create profile matrix with method 'bin' and step 0.71 ... OK
Create profile matrix with method 'bin' and step 0.71 ... OK
Create profile matrix with method 'bin' and step 0.71 ... OK
Create profile matrix with method 'bin' and step 0.71 ... OK
Error in .local(object, ...) : 
  Dimensions of profile matrices do not match !

Processing 99402 mz slices ... OK
Create profile matrix with method 'bin' and step 0.71 ... OK
Create profile matrix with method 'bin' and step 0.71 ... OK
Create profile matrix with method 'bin' and step 0.71 ... OK
Create profile matrix with method 'bin' and step 0.71 ... OK
Create profile matrix with method 'bin' and step 0.71 ... OK
Create profile matrix with method 'bin' and step 0.71 ... OK
Create profile matrix with method 'bin' and step 0.71 ... OK
Create profile matrix with method 'bin' and step 0.71 ... OK
Error in .local(object, ...) : 
  Dimensions of profile matrices do not match !

Processing 99402 mz slices ... OK
Create profile matrix with method 'bin' and step 1 ... OK
Create profile matrix with method 'bin' and step 1 ... OK
Create profile matrix with method 'bin' and step 1 ... OK
Create profile matrix with method 'bin' and step 1 ... OK
Create profile matrix with method 'bin' and step 1 ... OK
Processing 99402 mz slices ... OK
Create profile matrix with method 'bin' and step 1 ... OK
Create profile matrix with method 'bin' and step 1 ... OK
Create profile matrix with method 'bin' and step 1 ... OK
Create profile matrix with method 'bin' and step 1 ... OK
Create profile matrix with method 'bin' and step 1 ... OK
Processing 99402 mz slices ... OK
Create profile matrix with method 'bin' and step 1 ... OK
Create profile matrix with method 'bin' and step 1 ... OK
Create profile matrix with method 'bin' and step 1 ... OK
Create profile matrix with method 'bin' and step 1 ... OK
Create profile matrix with method 'bin' and step 1 ... OK
Processing 99402 mz slices ... OK
Create profile matrix with method 'bin' and step 1 ... OK
Create profile matrix with method 'bin' and step 1 ... OK
Create profile matrix with method 'bin' and step 1 ... OK
Create profile matrix with method 'bin' and step 1 ... OK
Create profile matrix with method 'bin' and step 1 ... OK
Processing 99402 mz slices ... OK
Create profile matrix with method 'bin' and step 0.71 ... OK
Create profile matrix with method 'bin' and step 0.71 ... OK
Create profile matrix with method 'bin' and step 0.71 ... OK
Create profile matrix with method 'bin' and step 0.71 ... OK
Create profile matrix with method 'bin' and step 0.71 ... OK
Create profile matrix with method 'bin' and step 0.71 ... OK
Create profile matrix with method 'bin' and step 0.71 ... OK
Create profile matrix with method 'bin' and step 0.71 ... OK
Error in .local(object, ...) : 
  Dimensions of profile matrices do not match !

Processing 11046 mz slices ... OK
Create profile matrix with method 'bin' and step 0.71 ... OK
Create profile matrix with method 'bin' and step 0.71 ... OK
Create profile matrix with method 'bin' and step 0.71 ... OK
Create profile matrix with method 'bin' and step 0.71 ... OK
Create profile matrix with method 'bin' and step 0.71 ... OK
Create profile matrix with method 'bin' and step 0.71 ... OK
Create profile matrix with method 'bin' and step 0.71 ... OK
Create profile matrix with method 'bin' and step 0.71 ... OK
Error in .local(object, ...) : 
  Dimensions of profile matrices do not match !

Processing 11046 mz slices ... OK
Create profile matrix with method 'bin' and step 0.71 ... OK
Create profile matrix with method 'bin' and step 0.71 ... OK
Create profile matrix with method 'bin' and step 0.71 ... OK
Create profile matrix with method 'bin' and step 0.71 ... OK
Create profile matrix with method 'bin' and step 0.71 ... OK
Create profile matrix with method 'bin' and step 0.71 ... OK
Create profile matrix with method 'bin' and step 0.71 ... OK
Create profile matrix with method 'bin' and step 0.71 ... OK
Error in .local(object, ...) : 
  Dimensions of profile matrices do not match !

Processing 11046 mz slices ... OK
Create profile matrix with method 'bin' and step 0.71 ... OK
Create profile matrix with method 'bin' and step 0.71 ... OK
Create profile matrix with method 'bin' and step 0.71 ... OK
Create profile matrix with method 'bin' and step 0.71 ... OK
Create profile matrix with method 'bin' and step 0.71 ... OK
Create profile matrix with method 'bin' and step 0.71 ... OK
Create profile matrix with method 'bin' and step 0.71 ... OK
Create profile matrix with method 'bin' and step 0.71 ... OK
Error in .local(object, ...) : 
  Dimensions of profile matrices do not match !

Processing 11046 mz slices ... OK
Create profile matrix with method 'bin' and step 1 ... OK
Create profile matrix with method 'bin' and step 1 ... OK
Create profile matrix with method 'bin' and step 1 ... OK
Create profile matrix with method 'bin' and step 1 ... OK
Create profile matrix with method 'bin' and step 1 ... OK
Processing 11046 mz slices ... OK
Create profile matrix with method 'bin' and step 1 ... OK
Create profile matrix with method 'bin' and step 1 ... OK
Create profile matrix with method 'bin' and step 1 ... OK
Create profile matrix with method 'bin' and step 1 ... OK
Create profile matrix with method 'bin' and step 1 ... OK
Processing 11046 mz slices ... OK
Create profile matrix with method 'bin' and step 1 ... OK
Create profile matrix with method 'bin' and step 1 ... OK
Create profile matrix with method 'bin' and step 1 ... OK
Create profile matrix with method 'bin' and step 1 ... OK
Create profile matrix with method 'bin' and step 1 ... OK
Processing 11046 mz slices ... OK
Create profile matrix with method 'bin' and step 1 ... OK
Create profile matrix with method 'bin' and step 1 ... OK
Create profile matrix with method 'bin' and step 1 ... OK
Create profile matrix with method 'bin' and step 1 ... OK
Create profile matrix with method 'bin' and step 1 ... OK
Processing 11046 mz slices ... OK
Create profile matrix with method 'bin' and step 0.71 ... OK
Create profile matrix with method 'bin' and step 0.71 ... OK
Create profile matrix with method 'bin' and step 0.71 ... OK
Create profile matrix with method 'bin' and step 0.71 ... OK
Create profile matrix with method 'bin' and step 0.71 ... OK
Create profile matrix with method 'bin' and step 0.71 ... OK
Create profile matrix with method 'bin' and step 0.71 ... OK
Create profile matrix with method 'bin' and step 0.71 ... OK
Error in .local(object, ...) : 
  Dimensions of profile matrices do not match !

Processing 11046 mz slices ... OK
Create profile matrix with method 'bin' and step 0.71 ... OK
Create profile matrix with method 'bin' and step 0.71 ... OK
Create profile matrix with method 'bin' and step 0.71 ... OK
Create profile matrix with method 'bin' and step 0.71 ... OK
Create profile matrix with method 'bin' and step 0.71 ... OK
Create profile matrix with method 'bin' and step 0.71 ... OK
Create profile matrix with method 'bin' and step 0.71 ... OK
Create profile matrix with method 'bin' and step 0.71 ... OK
Error in .local(object, ...) : 
  Dimensions of profile matrices do not match !

Processing 11046 mz slices ... OK
Create profile matrix with method 'bin' and step 0.71 ... OK
Create profile matrix with method 'bin' and step 0.71 ... OK
Create profile matrix with method 'bin' and step 0.71 ... OK
Create profile matrix with method 'bin' and step 0.71 ... OK
Create profile matrix with method 'bin' and step 0.71 ... OK
Create profile matrix with method 'bin' and step 0.71 ... OK
Create profile matrix with method 'bin' and step 0.71 ... OK
Create profile matrix with method 'bin' and step 0.71 ... OK
Error in .local(object, ...) : 
  Dimensions of profile matrices do not match !

Processing 11046 mz slices ... OK
Create profile matrix with method 'bin' and step 0.71 ... OK
Create profile matrix with method 'bin' and step 0.71 ... OK
Create profile matrix with method 'bin' and step 0.71 ... OK
Create profile matrix with method 'bin' and step 0.71 ... OK
Create profile matrix with method 'bin' and step 0.71 ... OK
Create profile matrix with method 'bin' and step 0.71 ... OK
Create profile matrix with method 'bin' and step 0.71 ... OK
Create profile matrix with method 'bin' and step 0.71 ... OK
Error in .local(object, ...) : 
  Dimensions of profile matrices do not match !

Processing 11046 mz slices ... OK
Create profile matrix with method 'bin' and step 1 ... OK
Create profile matrix with method 'bin' and step 1 ... OK
Create profile matrix with method 'bin' and step 1 ... OK
Create profile matrix with method 'bin' and step 1 ... OK
Create profile matrix with method 'bin' and step 1 ... OK
Processing 11046 mz slices ... OK
Create profile matrix with method 'bin' and step 1 ... OK
Create profile matrix with method 'bin' and step 1 ... OK
Create profile matrix with method 'bin' and step 1 ... OK
Create profile matrix with method 'bin' and step 1 ... OK
Create profile matrix with method 'bin' and step 1 ... OK
Processing 11046 mz slices ... OK
Create profile matrix with method 'bin' and step 1 ... OK
Create profile matrix with method 'bin' and step 1 ... OK
Create profile matrix with method 'bin' and step 1 ... OK
Create profile matrix with method 'bin' and step 1 ... OK
Create profile matrix with method 'bin' and step 1 ... OK
Processing 11046 mz slices ... OK
Create profile matrix with method 'bin' and step 1 ... OK
Create profile matrix with method 'bin' and step 1 ... OK
Create profile matrix with method 'bin' and step 1 ... OK
Create profile matrix with method 'bin' and step 1 ... OK
Create profile matrix with method 'bin' and step 1 ... OK
Processing 11046 mz slices ... OK
Create profile matrix with method 'bin' and step 0.855 ... OK
Create profile matrix with method 'bin' and step 0.855 ... OK
Create profile matrix with method 'bin' and step 0.855 ... OK
Create profile matrix with method 'bin' and step 0.855 ... OK
Create profile matrix with method 'bin' and step 0.855 ... OK
Create profile matrix with method 'bin' and step 0.855 ... OK
Create profile matrix with method 'bin' and step 0.855 ... OK
Create profile matrix with method 'bin' and step 0.855 ... OK
Error in .local(object, ...) : 
  Dimensions of profile matrices do not match !

Processing 19882 mz slices ... OK
Create profile matrix with method 'bin' and step 0.855 ... OK
Create profile matrix with method 'bin' and step 0.855 ... OK
Create profile matrix with method 'bin' and step 0.855 ... OK
Create profile matrix with method 'bin' and step 0.855 ... OK
Create profile matrix with method 'bin' and step 0.855 ... OK
Create profile matrix with method 'bin' and step 0.855 ... OK
Create profile matrix with method 'bin' and step 0.855 ... OK
Create profile matrix with method 'bin' and step 0.855 ... OK
Error in .local(object, ...) : 
  Dimensions of profile matrices do not match !

Processing 19882 mz slices ... OK
Create profile matrix with method 'bin' and step 0.855 ... OK
Create profile matrix with method 'bin' and step 0.855 ... OK
Create profile matrix with method 'bin' and step 0.855 ... OK
Create profile matrix with method 'bin' and step 0.855 ... OK
Create profile matrix with method 'bin' and step 0.855 ... OK
Create profile matrix with method 'bin' and step 0.855 ... OK
Create profile matrix with method 'bin' and step 0.855 ... OK
Create profile matrix with method 'bin' and step 0.855 ... OK
Error in .local(object, ...) : 
  Dimensions of profile matrices do not match !

Processing 19882 mz slices ... OK
Create profile matrix with method 'bin' and step 0.855 ... OK
Create profile matrix with method 'bin' and step 0.855 ... OK
Create profile matrix with method 'bin' and step 0.855 ... OK
Create profile matrix with method 'bin' and step 0.855 ... OK
Create profile matrix with method 'bin' and step 0.855 ... OK
Create profile matrix with method 'bin' and step 0.855 ... OK
Create profile matrix with method 'bin' and step 0.855 ... OK
Create profile matrix with method 'bin' and step 0.855 ... OK
Error in .local(object, ...) : 
  Dimensions of profile matrices do not match !

Processing 19882 mz slices ... OK
Create profile matrix with method 'bin' and step 0.855 ... OK
Create profile matrix with method 'bin' and step 0.855 ... OK
Create profile matrix with method 'bin' and step 0.855 ... OK
Create profile matrix with method 'bin' and step 0.855 ... OK
Create profile matrix with method 'bin' and step 0.855 ... OK
Create profile matrix with method 'bin' and step 0.855 ... OK
Create profile matrix with method 'bin' and step 0.855 ... OK
Create profile matrix with method 'bin' and step 0.855 ... OK
Error in .local(object, ...) : 
  Dimensions of profile matrices do not match !

Processing 19882 mz slices ... OK
Create profile matrix with method 'bin' and step 0.71 ... OK
Create profile matrix with method 'bin' and step 0.71 ... OK
Create profile matrix with method 'bin' and step 0.71 ... OK
Create profile matrix with method 'bin' and step 0.71 ... OK
Create profile matrix with method 'bin' and step 0.71 ... OK
Create profile matrix with method 'bin' and step 0.71 ... OK
Create profile matrix with method 'bin' and step 0.71 ... OK
Create profile matrix with method 'bin' and step 0.71 ... OK
Error in .local(object, ...) : 
  Dimensions of profile matrices do not match !

Processing 19882 mz slices ... OK
Create profile matrix with method 'bin' and step 1 ... OK
Create profile matrix with method 'bin' and step 1 ... OK
Create profile matrix with method 'bin' and step 1 ... OK
Create profile matrix with method 'bin' and step 1 ... OK
Create profile matrix with method 'bin' and step 1 ... OK
Processing 19882 mz slices ... OK
Create profile matrix with method 'bin' and step 0.855 ... OK
Create profile matrix with method 'bin' and step 0.855 ... OK
Create profile matrix with method 'bin' and step 0.855 ... OK
Create profile matrix with method 'bin' and step 0.855 ... OK
Create profile matrix with method 'bin' and step 0.855 ... OK
Create profile matrix with method 'bin' and step 0.855 ... OK
Create profile matrix with method 'bin' and step 0.855 ... OK
Create profile matrix with method 'bin' and step 0.855 ... OK
Error in .local(object, ...) : 
  Dimensions of profile matrices do not match !

Processing 19882 mz slices ... OK
Create profile matrix with method 'bin' and step 0.855 ... OK
Create profile matrix with method 'bin' and step 0.855 ... OK
Create profile matrix with method 'bin' and step 0.855 ... OK
Create profile matrix with method 'bin' and step 0.855 ... OK
Create profile matrix with method 'bin' and step 0.855 ... OK
Create profile matrix with method 'bin' and step 0.855 ... OK
Create profile matrix with method 'bin' and step 0.855 ... OK
Create profile matrix with method 'bin' and step 0.855 ... OK
Error in .local(object, ...) : 
  Dimensions of profile matrices do not match !

Processing 19882 mz slices ... OK
Create profile matrix with method 'bin' and step 0.855 ... OK
Create profile matrix with method 'bin' and step 0.855 ... OK
Create profile matrix with method 'bin' and step 0.855 ... OK
Create profile matrix with method 'bin' and step 0.855 ... OK
Create profile matrix with method 'bin' and step 0.855 ... OK
Create profile matrix with method 'bin' and step 0.855 ... OK
Create profile matrix with method 'bin' and step 0.855 ... OK
Create profile matrix with method 'bin' and step 0.855 ... OK
Error in .local(object, ...) : 
  Dimensions of profile matrices do not match !

Processing 99402 mz slices ... OK
Create profile matrix with method 'bin' and step 0.855 ... OK
Create profile matrix with method 'bin' and step 0.855 ... OK
Create profile matrix with method 'bin' and step 0.855 ... OK
Create profile matrix with method 'bin' and step 0.855 ... OK
Create profile matrix with method 'bin' and step 0.855 ... OK
Create profile matrix with method 'bin' and step 0.855 ... OK
Create profile matrix with method 'bin' and step 0.855 ... OK
Create profile matrix with method 'bin' and step 0.855 ... OK
Error in .local(object, ...) : 
  Dimensions of profile matrices do not match !

Processing 11046 mz slices ... OK
Create profile matrix with method 'bin' and step 0.855 ... OK
Create profile matrix with method 'bin' and step 0.855 ... OK
Create profile matrix with method 'bin' and step 0.855 ... OK
Create profile matrix with method 'bin' and step 0.855 ... OK
Create profile matrix with method 'bin' and step 0.855 ... OK
Create profile matrix with method 'bin' and step 0.855 ... OK
Create profile matrix with method 'bin' and step 0.855 ... OK
Create profile matrix with method 'bin' and step 0.855 ... OK
Error in .local(object, ...) : 
  Dimensions of profile matrices do not match !

Processing 19882 mz slices ... OK
Create profile matrix with method 'bin' and step 1 ... OK
Create profile matrix with method 'bin' and step 1 ... OK
Create profile matrix with method 'bin' and step 1 ... OK
Create profile matrix with method 'bin' and step 1 ... OK
Create profile matrix with method 'bin' and step 1 ... OK
Processing 99402 mz slices ... OK
no increase stopping
library(xcms)
library(Rmpi)

xset <- xcmsSet( 
  method = "centWave",
  peakwidth       = c(20, 72.5),
  ppm             = 35.75,
  noise           = 1,
  snthresh        = 10,
  mzdiff          = 0.01275,
  prefilter       = c(3, 1),
  mzCenterFun     = "wMean",
  integrate       = 2,
  fitgauss        = FALSE,
  verbose.columns = TRUE)
xset <- retcor( 
  xset,
  method         = "obiwarp",
  plottype       = "none",
  distFunc       = "cor_opt",
  profStep       = 1,
  center         = 2,
  response       = 1,
  gapInit        = 0,
  gapExtend      = 2.7,
  factorDiag     = 2,
  factorGap      = 1,
  localAlignment = 0)
xset <- group( 
  xset,
  method  = "density",
  bw      = 22,
  mzwid   = 0.015,
  minfrac = 0.05,
  minsamp = 1,
  max     = 50)

xset <- fillPeaks(xset)
Warning message:
In sink() : no sink to remove
