xsAnnotate contains no pseudospectra. Regroup all peaks into one!
Generating peak matrix!
Run isotope peak annotation
 % finished: 100  
Found isotopes: 0 
xsAnnotate contains no pseudospectra. Regroup all peaks into one!
Generating peak matrix!
Run isotope peak annotation
 % finished: 100  
Found isotopes: 0 
xsAnnotate contains no pseudospectra. Regroup all peaks into one!
Generating peak matrix!
Run isotope peak annotation
 % finished: 100  
Found isotopes: 0 
xsAnnotate contains no pseudospectra. Regroup all peaks into one!
Generating peak matrix!
Run isotope peak annotation
 % finished: 100  
Found isotopes: 0 
xsAnnotate contains no pseudospectra. Regroup all peaks into one!
Generating peak matrix!
Run isotope peak annotation
 % finished: 100  
Found isotopes: 0 
xsAnnotate contains no pseudospectra. Regroup all peaks into one!
Generating peak matrix!
Run isotope peak annotation
 % finished: 100  
Found isotopes: 0 
xsAnnotate contains no pseudospectra. Regroup all peaks into one!
Generating peak matrix!
Run isotope peak annotation
 % finished: 100  
Found isotopes: 0 
xsAnnotate contains no pseudospectra. Regroup all peaks into one!
Generating peak matrix!
Run isotope peak annotation
 % finished: 100  
Found isotopes: 0 
xsAnnotate contains no pseudospectra. Regroup all peaks into one!
Generating peak matrix!
Run isotope peak annotation
 % finished: 100  
Found isotopes: 0 
xsAnnotate contains no pseudospectra. Regroup all peaks into one!
Generating peak matrix!
Run isotope peak annotation
 % finished: 100  
Found isotopes: 0 
xsAnnotate contains no pseudospectra. Regroup all peaks into one!
Generating peak matrix!
Run isotope peak annotation
 % finished: 100  
Found isotopes: 0 
xsAnnotate contains no pseudospectra. Regroup all peaks into one!
Generating peak matrix!
Run isotope peak annotation
 % finished: 100  
Found isotopes: 0 
xsAnnotate contains no pseudospectra. Regroup all peaks into one!
Generating peak matrix!
Run isotope peak annotation
 % finished: 100  
Found isotopes: 0 
xsAnnotate contains no pseudospectra. Regroup all peaks into one!
Generating peak matrix!
Run isotope peak annotation
 % finished: 100  
Found isotopes: 0 
xsAnnotate contains no pseudospectra. Regroup all peaks into one!
Generating peak matrix!
Run isotope peak annotation
 % finished: 100  
Found isotopes: 0 
xsAnnotate contains no pseudospectra. Regroup all peaks into one!
Generating peak matrix!
Run isotope peak annotation
 % finished: 100  
Found isotopes: 0 
xsAnnotate contains no pseudospectra. Regroup all peaks into one!
Generating peak matrix!
Run isotope peak annotation
 % finished: 100  
Found isotopes: 0 
xsAnnotate contains no pseudospectra. Regroup all peaks into one!
Generating peak matrix!
Run isotope peak annotation
 % finished: 100  
Found isotopes: 0 
xsAnnotate contains no pseudospectra. Regroup all peaks into one!
Generating peak matrix!
Run isotope peak annotation
 % finished: 100  
Found isotopes: 0 
xsAnnotate contains no pseudospectra. Regroup all peaks into one!
Generating peak matrix!
Run isotope peak annotation
 % finished: 100  
Found isotopes: 0 
xsAnnotate contains no pseudospectra. Regroup all peaks into one!
Generating peak matrix!
Run isotope peak annotation
 % finished: 100  
Found isotopes: 0 
xsAnnotate contains no pseudospectra. Regroup all peaks into one!
Generating peak matrix!
Run isotope peak annotation
 % finished: 100  
Found isotopes: 0 
xsAnnotate contains no pseudospectra. Regroup all peaks into one!
Generating peak matrix!
Run isotope peak annotation
 % finished: 100  
Found isotopes: 0 
xsAnnotate contains no pseudospectra. Regroup all peaks into one!
Generating peak matrix!
Run isotope peak annotation
 % finished: 100  
Found isotopes: 0 
xsAnnotate contains no pseudospectra. Regroup all peaks into one!
Generating peak matrix!
Run isotope peak annotation
 % finished: 100  
Found isotopes: 0 
xsAnnotate contains no pseudospectra. Regroup all peaks into one!
Generating peak matrix!
Run isotope peak annotation
 % finished: 100  
Found isotopes: 0 
xsAnnotate contains no pseudospectra. Regroup all peaks into one!
Generating peak matrix!
Run isotope peak annotation
 % finished: 100  
Found isotopes: 0 
xsAnnotate contains no pseudospectra. Regroup all peaks into one!
Generating peak matrix!
Run isotope peak annotation
 % finished: 100  
Found isotopes: 0 
xsAnnotate contains no pseudospectra. Regroup all peaks into one!
Generating peak matrix!
Run isotope peak annotation
 % finished: 100  
Found isotopes: 0 
xsAnnotate contains no pseudospectra. Regroup all peaks into one!
Generating peak matrix!
Run isotope peak annotation
 % finished: 100  
Found isotopes: 0 
xsAnnotate contains no pseudospectra. Regroup all peaks into one!
Generating peak matrix!
Run isotope peak annotation
 % finished: 100  
Found isotopes: 0 
xsAnnotate contains no pseudospectra. Regroup all peaks into one!
Generating peak matrix!
Run isotope peak annotation
 % finished: 100  
Found isotopes: 0 
xsAnnotate contains no pseudospectra. Regroup all peaks into one!
Generating peak matrix!
Run isotope peak annotation
 % finished: 100  
Found isotopes: 0 
xsAnnotate contains no pseudospectra. Regroup all peaks into one!
Generating peak matrix!
Run isotope peak annotation
 % finished: 100  
Found isotopes: 0 
xsAnnotate contains no pseudospectra. Regroup all peaks into one!
Generating peak matrix!
Run isotope peak annotation
 % finished: 100  
Found isotopes: 0 
xsAnnotate contains no pseudospectra. Regroup all peaks into one!
Generating peak matrix!
Run isotope peak annotation
 % finished: 100  
Found isotopes: 0 
xsAnnotate contains no pseudospectra. Regroup all peaks into one!
Generating peak matrix!
Run isotope peak annotation
 % finished: 100  
Found isotopes: 0 
xsAnnotate contains no pseudospectra. Regroup all peaks into one!
Generating peak matrix!
Run isotope peak annotation
 % finished: 100  
Found isotopes: 0 
xsAnnotate contains no pseudospectra. Regroup all peaks into one!
Generating peak matrix!
Run isotope peak annotation
 % finished: 100  
Found isotopes: 0 
xsAnnotate contains no pseudospectra. Regroup all peaks into one!
Generating peak matrix!
Run isotope peak annotation
 % finished: 100  
Found isotopes: 0 
xsAnnotate contains no pseudospectra. Regroup all peaks into one!
Generating peak matrix!
Run isotope peak annotation
 % finished: 100  
Found isotopes: 0 
xsAnnotate contains no pseudospectra. Regroup all peaks into one!
Generating peak matrix!
Run isotope peak annotation
 % finished: 100  
Found isotopes: 0 
xsAnnotate contains no pseudospectra. Regroup all peaks into one!
Generating peak matrix!
Run isotope peak annotation
 % finished: 100  
Found isotopes: 0 
xsAnnotate contains no pseudospectra. Regroup all peaks into one!
Generating peak matrix!
Run isotope peak annotation
 % finished: 100  
Found isotopes: 0 
xsAnnotate contains no pseudospectra. Regroup all peaks into one!
Generating peak matrix!
Run isotope peak annotation
 % finished: 100  
Found isotopes: 0 
xsAnnotate contains no pseudospectra. Regroup all peaks into one!
Generating peak matrix!
Run isotope peak annotation
 % finished: 100  
Found isotopes: 0 
xsAnnotate contains no pseudospectra. Regroup all peaks into one!
Generating peak matrix!
Run isotope peak annotation
 % finished: 100  
Found isotopes: 0 
xsAnnotate contains no pseudospectra. Regroup all peaks into one!
Generating peak matrix!
Run isotope peak annotation
 % finished: 100  
Found isotopes: 0 
xsAnnotate contains no pseudospectra. Regroup all peaks into one!
Generating peak matrix!
Run isotope peak annotation
 % finished: 100  
Found isotopes: 0 
xsAnnotate contains no pseudospectra. Regroup all peaks into one!
Generating peak matrix!
Run isotope peak annotation
 % finished: 100  
Found isotopes: 0 
xsAnnotate contains no pseudospectra. Regroup all peaks into one!
Generating peak matrix!
Run isotope peak annotation
 % finished: 100  
Found isotopes: 0 
xsAnnotate contains no pseudospectra. Regroup all peaks into one!
Generating peak matrix!
Run isotope peak annotation
 % finished: 100  
Found isotopes: 0 
xsAnnotate contains no pseudospectra. Regroup all peaks into one!
Generating peak matrix!
Run isotope peak annotation
 % finished: 100  
Found isotopes: 0 
xsAnnotate contains no pseudospectra. Regroup all peaks into one!
Generating peak matrix!
Run isotope peak annotation
 % finished: 100  
Found isotopes: 0 
xsAnnotate contains no pseudospectra. Regroup all peaks into one!
Generating peak matrix!
Run isotope peak annotation
 % finished: 100  
Found isotopes: 0 
xsAnnotate contains no pseudospectra. Regroup all peaks into one!
Generating peak matrix!
Run isotope peak annotation
 % finished: 100  
Found isotopes: 0 
xsAnnotate contains no pseudospectra. Regroup all peaks into one!
Generating peak matrix!
Run isotope peak annotation
 % finished: 100  
Found isotopes: 0 
xsAnnotate contains no pseudospectra. Regroup all peaks into one!
Generating peak matrix!
Run isotope peak annotation
 % finished: 100  
Found isotopes: 0 
xsAnnotate contains no pseudospectra. Regroup all peaks into one!
Generating peak matrix!
Run isotope peak annotation
 % finished: 100  
Found isotopes: 0 
xsAnnotate contains no pseudospectra. Regroup all peaks into one!
Generating peak matrix!
Run isotope peak annotation
 % finished: 100  
Found isotopes: 0 
xsAnnotate contains no pseudospectra. Regroup all peaks into one!
Generating peak matrix!
Run isotope peak annotation
 % finished: 100  
Found isotopes: 0 
xsAnnotate contains no pseudospectra. Regroup all peaks into one!
Generating peak matrix!
Run isotope peak annotation
 % finished: 100  
Found isotopes: 0 
xsAnnotate contains no pseudospectra. Regroup all peaks into one!
Generating peak matrix!
Run isotope peak annotation
 % finished: 100  
Found isotopes: 0 
xsAnnotate contains no pseudospectra. Regroup all peaks into one!
Generating peak matrix!
Run isotope peak annotation
 % finished: 100  
Found isotopes: 0 
xsAnnotate contains no pseudospectra. Regroup all peaks into one!
Generating peak matrix!
Run isotope peak annotation
 % finished: 100  
Found isotopes: 0 
xsAnnotate contains no pseudospectra. Regroup all peaks into one!
Generating peak matrix!
Run isotope peak annotation
 % finished: 100  
Found isotopes: 0 
xsAnnotate contains no pseudospectra. Regroup all peaks into one!
Generating peak matrix!
Run isotope peak annotation
 % finished: 100  
Found isotopes: 0 
xsAnnotate contains no pseudospectra. Regroup all peaks into one!
Generating peak matrix!
Run isotope peak annotation
 % finished: 100  
Found isotopes: 0 
xsAnnotate contains no pseudospectra. Regroup all peaks into one!
Generating peak matrix!
Run isotope peak annotation
 % finished: 100  
Found isotopes: 0 
xsAnnotate contains no pseudospectra. Regroup all peaks into one!
Generating peak matrix!
Run isotope peak annotation
 % finished: 100  
Found isotopes: 0 
xsAnnotate contains no pseudospectra. Regroup all peaks into one!
Generating peak matrix!
Run isotope peak annotation
 % finished: 100  
Found isotopes: 0 
xsAnnotate contains no pseudospectra. Regroup all peaks into one!
Generating peak matrix!
Run isotope peak annotation
 % finished: 100  
Found isotopes: 0 
xsAnnotate contains no pseudospectra. Regroup all peaks into one!
Generating peak matrix!
Run isotope peak annotation
 % finished: 100  
Found isotopes: 0 
xsAnnotate contains no pseudospectra. Regroup all peaks into one!
Generating peak matrix!
Run isotope peak annotation
 % finished: 100  
Found isotopes: 0 
xsAnnotate contains no pseudospectra. Regroup all peaks into one!
Generating peak matrix!
Run isotope peak annotation
 % finished: 100  
Found isotopes: 0 
xsAnnotate contains no pseudospectra. Regroup all peaks into one!
Generating peak matrix!
Run isotope peak annotation
 % finished: 100  
Found isotopes: 0 
xsAnnotate contains no pseudospectra. Regroup all peaks into one!
Generating peak matrix!
Run isotope peak annotation
 % finished: 100  
Found isotopes: 0 
xsAnnotate contains no pseudospectra. Regroup all peaks into one!
Generating peak matrix!
Run isotope peak annotation
 % finished: 100  
Found isotopes: 0 
xsAnnotate contains no pseudospectra. Regroup all peaks into one!
Generating peak matrix!
Run isotope peak annotation
 % finished: 100  
Found isotopes: 0 
xsAnnotate contains no pseudospectra. Regroup all peaks into one!
Generating peak matrix!
Run isotope peak annotation
 % finished: 100  
Found isotopes: 0 
xsAnnotate contains no pseudospectra. Regroup all peaks into one!
Generating peak matrix!
Run isotope peak annotation
 % finished: 100  
Found isotopes: 0 
xsAnnotate contains no pseudospectra. Regroup all peaks into one!
Generating peak matrix!
Run isotope peak annotation
 % finished: 100  
Found isotopes: 0 
xsAnnotate contains no pseudospectra. Regroup all peaks into one!
Generating peak matrix!
Run isotope peak annotation
 % finished: 100  
Found isotopes: 0 
xsAnnotate contains no pseudospectra. Regroup all peaks into one!
Generating peak matrix!
Run isotope peak annotation
 % finished: 100  
Found isotopes: 0 
xsAnnotate contains no pseudospectra. Regroup all peaks into one!
Generating peak matrix!
Run isotope peak annotation
 % finished: 100  
Found isotopes: 0 
xsAnnotate contains no pseudospectra. Regroup all peaks into one!
Generating peak matrix!
Run isotope peak annotation
 % finished: 100  
Found isotopes: 0 
xsAnnotate contains no pseudospectra. Regroup all peaks into one!
Generating peak matrix!
Run isotope peak annotation
 % finished: 100  
Found isotopes: 0 
xsAnnotate contains no pseudospectra. Regroup all peaks into one!
Generating peak matrix!
Run isotope peak annotation
 % finished: 100  
Found isotopes: 0 
xsAnnotate contains no pseudospectra. Regroup all peaks into one!
Generating peak matrix!
Run isotope peak annotation
 % finished: 100  
Found isotopes: 0 
xsAnnotate contains no pseudospectra. Regroup all peaks into one!
Generating peak matrix!
Run isotope peak annotation
 % finished: 100  
Found isotopes: 0 
xsAnnotate contains no pseudospectra. Regroup all peaks into one!
Generating peak matrix!
Run isotope peak annotation
 % finished: 100  
Found isotopes: 0 
xsAnnotate contains no pseudospectra. Regroup all peaks into one!
Generating peak matrix!
Run isotope peak annotation
 % finished: 100  
Found isotopes: 0 
xsAnnotate contains no pseudospectra. Regroup all peaks into one!
Generating peak matrix!
Run isotope peak annotation
 % finished: 100  
Found isotopes: 0 
xsAnnotate contains no pseudospectra. Regroup all peaks into one!
Generating peak matrix!
Run isotope peak annotation
 % finished: 100  
Found isotopes: 0 
xsAnnotate contains no pseudospectra. Regroup all peaks into one!
Generating peak matrix!
Run isotope peak annotation
 % finished: 100  
Found isotopes: 0 
xsAnnotate contains no pseudospectra. Regroup all peaks into one!
Generating peak matrix!
Run isotope peak annotation
 % finished: 100  
Found isotopes: 0 
xsAnnotate contains no pseudospectra. Regroup all peaks into one!
Generating peak matrix!
Run isotope peak annotation
 % finished: 100  
Found isotopes: 0 
xsAnnotate contains no pseudospectra. Regroup all peaks into one!
Generating peak matrix!
Run isotope peak annotation
 % finished: 100  
Found isotopes: 0 
xsAnnotate contains no pseudospectra. Regroup all peaks into one!
Generating peak matrix!
Run isotope peak annotation
 % finished: 100  
Found isotopes: 0 
xsAnnotate contains no pseudospectra. Regroup all peaks into one!
Generating peak matrix!
Run isotope peak annotation
 % finished: 100  
Found isotopes: 0 
xsAnnotate contains no pseudospectra. Regroup all peaks into one!
Generating peak matrix!
Run isotope peak annotation
 % finished: 100  
Found isotopes: 0 
xsAnnotate contains no pseudospectra. Regroup all peaks into one!
Generating peak matrix!
Run isotope peak annotation
 % finished: 100  
Found isotopes: 0 
xsAnnotate contains no pseudospectra. Regroup all peaks into one!
Generating peak matrix!
Run isotope peak annotation
 % finished: 100  
Found isotopes: 0 
xsAnnotate contains no pseudospectra. Regroup all peaks into one!
Generating peak matrix!
Run isotope peak annotation
 % finished: 100  
Found isotopes: 0 
xsAnnotate contains no pseudospectra. Regroup all peaks into one!
Generating peak matrix!
Run isotope peak annotation
 % finished: 100  
Found isotopes: 0 
xsAnnotate contains no pseudospectra. Regroup all peaks into one!
Generating peak matrix!
Run isotope peak annotation
 % finished: 100  
Found isotopes: 0 
xsAnnotate contains no pseudospectra. Regroup all peaks into one!
Generating peak matrix!
Run isotope peak annotation
 % finished: 100  
Found isotopes: 0 
xsAnnotate contains no pseudospectra. Regroup all peaks into one!
Generating peak matrix!
Run isotope peak annotation
 % finished: 100  
Found isotopes: 0 
xsAnnotate contains no pseudospectra. Regroup all peaks into one!
Generating peak matrix!
Run isotope peak annotation
 % finished: 100  
Found isotopes: 0 
xsAnnotate contains no pseudospectra. Regroup all peaks into one!
Generating peak matrix!
Run isotope peak annotation
 % finished: 100  
Found isotopes: 0 
xsAnnotate contains no pseudospectra. Regroup all peaks into one!
Generating peak matrix!
Run isotope peak annotation
 % finished: 100  
Found isotopes: 0 
xsAnnotate contains no pseudospectra. Regroup all peaks into one!
Generating peak matrix!
Run isotope peak annotation
 % finished: 100  
Found isotopes: 0 
xsAnnotate contains no pseudospectra. Regroup all peaks into one!
Generating peak matrix!
Run isotope peak annotation
 % finished: 100  
Found isotopes: 0 
xsAnnotate contains no pseudospectra. Regroup all peaks into one!
Generating peak matrix!
Run isotope peak annotation
 % finished: 100  
Found isotopes: 0 
xsAnnotate contains no pseudospectra. Regroup all peaks into one!
Generating peak matrix!
Run isotope peak annotation
 % finished: 100  
Found isotopes: 0 
xsAnnotate contains no pseudospectra. Regroup all peaks into one!
Generating peak matrix!
Run isotope peak annotation
 % finished: 100  
Found isotopes: 0 
xsAnnotate contains no pseudospectra. Regroup all peaks into one!
Generating peak matrix!
Run isotope peak annotation
 % finished: 100  
Found isotopes: 0 
xsAnnotate contains no pseudospectra. Regroup all peaks into one!
Generating peak matrix!
Run isotope peak annotation
 % finished: 100  
Found isotopes: 0 
xsAnnotate contains no pseudospectra. Regroup all peaks into one!
Generating peak matrix!
Run isotope peak annotation
 % finished: 100  
Found isotopes: 0 
xsAnnotate contains no pseudospectra. Regroup all peaks into one!
Generating peak matrix!
Run isotope peak annotation
 % finished: 100  
Found isotopes: 0 
xsAnnotate contains no pseudospectra. Regroup all peaks into one!
Generating peak matrix!
Run isotope peak annotation
 % finished: 100  
Found isotopes: 0 
xsAnnotate contains no pseudospectra. Regroup all peaks into one!
Generating peak matrix!
Run isotope peak annotation
 % finished: 100  
Found isotopes: 0 
xsAnnotate contains no pseudospectra. Regroup all peaks into one!
Generating peak matrix!
Run isotope peak annotation
 % finished: 100  
Found isotopes: 0 
xsAnnotate contains no pseudospectra. Regroup all peaks into one!
Generating peak matrix!
Run isotope peak annotation
 % finished: 100  
Found isotopes: 0 
xsAnnotate contains no pseudospectra. Regroup all peaks into one!
Generating peak matrix!
Run isotope peak annotation
 % finished: 100  
Found isotopes: 0 
xsAnnotate contains no pseudospectra. Regroup all peaks into one!
Generating peak matrix!
Run isotope peak annotation
 % finished: 100  
Found isotopes: 0 
xsAnnotate contains no pseudospectra. Regroup all peaks into one!
Generating peak matrix!
Run isotope peak annotation
 % finished: 100  
Found isotopes: 0 
xsAnnotate contains no pseudospectra. Regroup all peaks into one!
Generating peak matrix!
Run isotope peak annotation
 % finished: 100  
Found isotopes: 0 
xsAnnotate contains no pseudospectra. Regroup all peaks into one!
Generating peak matrix!
Run isotope peak annotation
 % finished: 100  
Found isotopes: 0 
xsAnnotate contains no pseudospectra. Regroup all peaks into one!
Generating peak matrix!
Run isotope peak annotation
 % finished: 100  
Found isotopes: 0 
xsAnnotate contains no pseudospectra. Regroup all peaks into one!
Generating peak matrix!
Run isotope peak annotation
 % finished: 100  
Found isotopes: 0 
xsAnnotate contains no pseudospectra. Regroup all peaks into one!
Generating peak matrix!
Run isotope peak annotation
 % finished: 100  
Found isotopes: 0 
xsAnnotate contains no pseudospectra. Regroup all peaks into one!
Generating peak matrix!
Run isotope peak annotation
 % finished: 100  
Found isotopes: 0 
xsAnnotate contains no pseudospectra. Regroup all peaks into one!
Generating peak matrix!
Run isotope peak annotation
 % finished: 100  
Found isotopes: 0 
xsAnnotate contains no pseudospectra. Regroup all peaks into one!
Generating peak matrix!
Run isotope peak annotation
 % finished: 100  
Found isotopes: 0 
xsAnnotate contains no pseudospectra. Regroup all peaks into one!
Generating peak matrix!
Run isotope peak annotation
 % finished: 100  
Found isotopes: 0 
xsAnnotate contains no pseudospectra. Regroup all peaks into one!
Generating peak matrix!
Run isotope peak annotation
 % finished: 100  
Found isotopes: 0 
xsAnnotate contains no pseudospectra. Regroup all peaks into one!
Generating peak matrix!
Run isotope peak annotation
 % finished: 100  
Found isotopes: 0 
xsAnnotate contains no pseudospectra. Regroup all peaks into one!
Generating peak matrix!
Run isotope peak annotation
 % finished: 100  
Found isotopes: 0 
xsAnnotate contains no pseudospectra. Regroup all peaks into one!
Generating peak matrix!
Run isotope peak annotation
 % finished: 100  
Found isotopes: 0 
xsAnnotate contains no pseudospectra. Regroup all peaks into one!
Generating peak matrix!
Run isotope peak annotation
 % finished: 100  
Found isotopes: 0 
center sample:  Victoria_University.Subject-01.bloodplasma-5 
Processing: Victoria_University.Subject-04.bloodplasma-2  Victoria_University.Subject-06.bloodplasma-6  Victoria_University.Subject-05.bloodplasma-7  Victoria_University.Subject-07.bloodplasma-4  
center sample:  Victoria_University.Subject-01.bloodplasma-5 
Processing: Victoria_University.Subject-04.bloodplasma-2  Victoria_University.Subject-06.bloodplasma-6  Victoria_University.Subject-05.bloodplasma-7  Victoria_University.Subject-07.bloodplasma-4  
center sample:  Victoria_University.Subject-01.bloodplasma-5 
Processing: Victoria_University.Subject-04.bloodplasma-2  Victoria_University.Subject-06.bloodplasma-6  Victoria_University.Subject-05.bloodplasma-7  Victoria_University.Subject-07.bloodplasma-4  
center sample:  Victoria_University.Subject-01.bloodplasma-5 
Processing: Victoria_University.Subject-04.bloodplasma-2  Victoria_University.Subject-06.bloodplasma-6  Victoria_University.Subject-05.bloodplasma-7  Victoria_University.Subject-07.bloodplasma-4  
center sample:  Victoria_University.Subject-01.bloodplasma-5 
Processing: Victoria_University.Subject-04.bloodplasma-2  Victoria_University.Subject-06.bloodplasma-6  Victoria_University.Subject-05.bloodplasma-7  Victoria_University.Subject-07.bloodplasma-4  
center sample:  Victoria_University.Subject-01.bloodplasma-5 
Processing: Victoria_University.Subject-04.bloodplasma-2  Victoria_University.Subject-06.bloodplasma-6  Victoria_University.Subject-05.bloodplasma-7  Victoria_University.Subject-07.bloodplasma-4  
center sample:  Victoria_University.Subject-01.bloodplasma-5 
Processing: Victoria_University.Subject-04.bloodplasma-2  Victoria_University.Subject-06.bloodplasma-6  Victoria_University.Subject-05.bloodplasma-7  Victoria_University.Subject-07.bloodplasma-4  
center sample:  Victoria_University.Subject-01.bloodplasma-5 
Processing: Victoria_University.Subject-04.bloodplasma-2  Victoria_University.Subject-06.bloodplasma-6  Victoria_University.Subject-05.bloodplasma-7  Victoria_University.Subject-07.bloodplasma-4  
center sample:  Victoria_University.Subject-01.bloodplasma-5 
Processing: Victoria_University.Subject-04.bloodplasma-2  Victoria_University.Subject-06.bloodplasma-6  Victoria_University.Subject-05.bloodplasma-7  Victoria_University.Subject-07.bloodplasma-4  
center sample:  Victoria_University.Subject-01.bloodplasma-5 
Processing: Victoria_University.Subject-04.bloodplasma-2  Victoria_University.Subject-06.bloodplasma-6  Victoria_University.Subject-05.bloodplasma-7  Victoria_University.Subject-07.bloodplasma-4  
center sample:  Victoria_University.Subject-01.bloodplasma-5 
Processing: Victoria_University.Subject-04.bloodplasma-2  Victoria_University.Subject-06.bloodplasma-6  Victoria_University.Subject-05.bloodplasma-7  Victoria_University.Subject-07.bloodplasma-4  
center sample:  Victoria_University.Subject-01.bloodplasma-5 
Processing: Victoria_University.Subject-04.bloodplasma-2  Victoria_University.Subject-06.bloodplasma-6  Victoria_University.Subject-05.bloodplasma-7  Victoria_University.Subject-07.bloodplasma-4  
center sample:  Victoria_University.Subject-01.bloodplasma-5 
Processing: Victoria_University.Subject-04.bloodplasma-2  Victoria_University.Subject-06.bloodplasma-6  Victoria_University.Subject-05.bloodplasma-7  Victoria_University.Subject-07.bloodplasma-4  
center sample:  Victoria_University.Subject-01.bloodplasma-5 
Processing: Victoria_University.Subject-04.bloodplasma-2  Victoria_University.Subject-06.bloodplasma-6  Victoria_University.Subject-05.bloodplasma-7  Victoria_University.Subject-07.bloodplasma-4  
center sample:  Victoria_University.Subject-01.bloodplasma-5 
Processing: Victoria_University.Subject-04.bloodplasma-2  Victoria_University.Subject-06.bloodplasma-6  Victoria_University.Subject-05.bloodplasma-7  Victoria_University.Subject-07.bloodplasma-4  
center sample:  Victoria_University.Subject-01.bloodplasma-5 
Processing: Victoria_University.Subject-04.bloodplasma-2  Victoria_University.Subject-06.bloodplasma-6  Victoria_University.Subject-05.bloodplasma-7  Victoria_University.Subject-07.bloodplasma-4  
center sample:  Victoria_University.Subject-01.bloodplasma-5 
Processing: Victoria_University.Subject-04.bloodplasma-2  Victoria_University.Subject-06.bloodplasma-6  Victoria_University.Subject-05.bloodplasma-7  Victoria_University.Subject-07.bloodplasma-4  
center sample:  Victoria_University.Subject-01.bloodplasma-5 
Processing: Victoria_University.Subject-04.bloodplasma-2  Victoria_University.Subject-06.bloodplasma-6  Victoria_University.Subject-05.bloodplasma-7  Victoria_University.Subject-07.bloodplasma-4  
center sample:  Victoria_University.Subject-01.bloodplasma-5 
Processing: Victoria_University.Subject-04.bloodplasma-2  Victoria_University.Subject-06.bloodplasma-6  Victoria_University.Subject-05.bloodplasma-7  Victoria_University.Subject-07.bloodplasma-4  
center sample:  Victoria_University.Subject-01.bloodplasma-5 
Processing: Victoria_University.Subject-04.bloodplasma-2  Victoria_University.Subject-06.bloodplasma-6  Victoria_University.Subject-05.bloodplasma-7  Victoria_University.Subject-07.bloodplasma-4  
center sample:  Victoria_University.Subject-01.bloodplasma-5 
Processing: Victoria_University.Subject-04.bloodplasma-2  Victoria_University.Subject-06.bloodplasma-6  Victoria_University.Subject-05.bloodplasma-7  Victoria_University.Subject-07.bloodplasma-4  
center sample:  Victoria_University.Subject-01.bloodplasma-5 
Processing: Victoria_University.Subject-04.bloodplasma-2  Victoria_University.Subject-06.bloodplasma-6  Victoria_University.Subject-05.bloodplasma-7  Victoria_University.Subject-07.bloodplasma-4  
center sample:  Victoria_University.Subject-01.bloodplasma-5 
Processing: Victoria_University.Subject-04.bloodplasma-2  Victoria_University.Subject-06.bloodplasma-6  Victoria_University.Subject-05.bloodplasma-7  Victoria_University.Subject-07.bloodplasma-4  
center sample:  Victoria_University.Subject-01.bloodplasma-5 
Processing: Victoria_University.Subject-04.bloodplasma-2  Victoria_University.Subject-06.bloodplasma-6  Victoria_University.Subject-05.bloodplasma-7  Victoria_University.Subject-07.bloodplasma-4  
center sample:  Victoria_University.Subject-01.bloodplasma-5 
Processing: Victoria_University.Subject-04.bloodplasma-2  Victoria_University.Subject-06.bloodplasma-6  Victoria_University.Subject-05.bloodplasma-7  Victoria_University.Subject-07.bloodplasma-4  
center sample:  Victoria_University.Subject-01.bloodplasma-5 
Processing: Victoria_University.Subject-04.bloodplasma-2  Victoria_University.Subject-06.bloodplasma-6  Victoria_University.Subject-05.bloodplasma-7  Victoria_University.Subject-07.bloodplasma-4  
center sample:  Victoria_University.Subject-01.bloodplasma-5 
Processing: Victoria_University.Subject-04.bloodplasma-2  Victoria_University.Subject-06.bloodplasma-6  Victoria_University.Subject-05.bloodplasma-7  Victoria_University.Subject-07.bloodplasma-4  
center sample:  Victoria_University.Subject-01.bloodplasma-5 
Processing: Victoria_University.Subject-04.bloodplasma-2  Victoria_University.Subject-06.bloodplasma-6  Victoria_University.Subject-05.bloodplasma-7  Victoria_University.Subject-07.bloodplasma-4  
center sample:  Victoria_University.Subject-01.bloodplasma-5 
Processing: Victoria_University.Subject-04.bloodplasma-2  Victoria_University.Subject-06.bloodplasma-6  Victoria_University.Subject-05.bloodplasma-7  Victoria_University.Subject-07.bloodplasma-4  
center sample:  Victoria_University.Subject-01.bloodplasma-5 
Processing: Victoria_University.Subject-04.bloodplasma-2  Victoria_University.Subject-06.bloodplasma-6  Victoria_University.Subject-05.bloodplasma-7  Victoria_University.Subject-07.bloodplasma-4  
center sample:  Victoria_University.Subject-01.bloodplasma-5 
Processing: Victoria_University.Subject-04.bloodplasma-2  Victoria_University.Subject-06.bloodplasma-6  Victoria_University.Subject-05.bloodplasma-7  Victoria_University.Subject-07.bloodplasma-4  
center sample:  Victoria_University.Subject-01.bloodplasma-5 
Processing: Victoria_University.Subject-04.bloodplasma-2  Victoria_University.Subject-06.bloodplasma-6  Victoria_University.Subject-05.bloodplasma-7  Victoria_University.Subject-07.bloodplasma-4  
center sample:  Victoria_University.Subject-01.bloodplasma-5 
Processing: Victoria_University.Subject-04.bloodplasma-2  Victoria_University.Subject-06.bloodplasma-6  Victoria_University.Subject-05.bloodplasma-7  Victoria_University.Subject-07.bloodplasma-4  
center sample:  Victoria_University.Subject-01.bloodplasma-5 
Processing: Victoria_University.Subject-04.bloodplasma-2  Victoria_University.Subject-06.bloodplasma-6  Victoria_University.Subject-05.bloodplasma-7  Victoria_University.Subject-07.bloodplasma-4  
center sample:  Victoria_University.Subject-01.bloodplasma-5 
Processing: Victoria_University.Subject-04.bloodplasma-2  Victoria_University.Subject-06.bloodplasma-6  Victoria_University.Subject-05.bloodplasma-7  Victoria_University.Subject-07.bloodplasma-4  
center sample:  Victoria_University.Subject-01.bloodplasma-5 
Processing: Victoria_University.Subject-04.bloodplasma-2  Victoria_University.Subject-06.bloodplasma-6  Victoria_University.Subject-05.bloodplasma-7  Victoria_University.Subject-07.bloodplasma-4  
center sample:  Victoria_University.Subject-01.bloodplasma-5 
Processing: Victoria_University.Subject-04.bloodplasma-2  Victoria_University.Subject-06.bloodplasma-6  Victoria_University.Subject-05.bloodplasma-7  Victoria_University.Subject-07.bloodplasma-4  
center sample:  Victoria_University.Subject-01.bloodplasma-5 
Processing: Victoria_University.Subject-04.bloodplasma-2  Victoria_University.Subject-06.bloodplasma-6  Victoria_University.Subject-05.bloodplasma-7  Victoria_University.Subject-07.bloodplasma-4  
center sample:  Victoria_University.Subject-01.bloodplasma-5 
Processing: Victoria_University.Subject-04.bloodplasma-2  Victoria_University.Subject-06.bloodplasma-6  Victoria_University.Subject-05.bloodplasma-7  Victoria_University.Subject-07.bloodplasma-4  
center sample:  Victoria_University.Subject-01.bloodplasma-5 
Processing: Victoria_University.Subject-04.bloodplasma-2  Victoria_University.Subject-06.bloodplasma-6  Victoria_University.Subject-05.bloodplasma-7  Victoria_University.Subject-07.bloodplasma-4  
center sample:  Victoria_University.Subject-01.bloodplasma-5 
Processing: Victoria_University.Subject-04.bloodplasma-2  Victoria_University.Subject-06.bloodplasma-6  Victoria_University.Subject-05.bloodplasma-7  Victoria_University.Subject-07.bloodplasma-4  
center sample:  Victoria_University.Subject-01.bloodplasma-5 
Processing: Victoria_University.Subject-04.bloodplasma-2  Victoria_University.Subject-06.bloodplasma-6  Victoria_University.Subject-05.bloodplasma-7  Victoria_University.Subject-07.bloodplasma-4  
center sample:  Victoria_University.Subject-01.bloodplasma-5 
Processing: Victoria_University.Subject-04.bloodplasma-2  Victoria_University.Subject-06.bloodplasma-6  Victoria_University.Subject-05.bloodplasma-7  Victoria_University.Subject-07.bloodplasma-4  
center sample:  Victoria_University.Subject-01.bloodplasma-5 
Processing: Victoria_University.Subject-04.bloodplasma-2  Victoria_University.Subject-06.bloodplasma-6  Victoria_University.Subject-05.bloodplasma-7  Victoria_University.Subject-07.bloodplasma-4  
center sample:  Victoria_University.Subject-01.bloodplasma-5 
Processing: Victoria_University.Subject-04.bloodplasma-2  Victoria_University.Subject-06.bloodplasma-6  Victoria_University.Subject-05.bloodplasma-7  Victoria_University.Subject-07.bloodplasma-4  
center sample:  Victoria_University.Subject-01.bloodplasma-5 
Processing: Victoria_University.Subject-04.bloodplasma-2  Victoria_University.Subject-06.bloodplasma-6  Victoria_University.Subject-05.bloodplasma-7  Victoria_University.Subject-07.bloodplasma-4  
center sample:  Victoria_University.Subject-01.bloodplasma-5 
Processing: Victoria_University.Subject-04.bloodplasma-2  Victoria_University.Subject-06.bloodplasma-6  Victoria_University.Subject-05.bloodplasma-7  Victoria_University.Subject-07.bloodplasma-4  
center sample:  Victoria_University.Subject-01.bloodplasma-5 
Processing: Victoria_University.Subject-04.bloodplasma-2  Victoria_University.Subject-06.bloodplasma-6  Victoria_University.Subject-05.bloodplasma-7  Victoria_University.Subject-07.bloodplasma-4  
center sample:  Victoria_University.Subject-01.bloodplasma-5 
Processing: Victoria_University.Subject-04.bloodplasma-2  Victoria_University.Subject-06.bloodplasma-6  Victoria_University.Subject-05.bloodplasma-7  Victoria_University.Subject-07.bloodplasma-4  
center sample:  Victoria_University.Subject-01.bloodplasma-5 
Processing: Victoria_University.Subject-04.bloodplasma-2  Victoria_University.Subject-06.bloodplasma-6  Victoria_University.Subject-05.bloodplasma-7  Victoria_University.Subject-07.bloodplasma-4  
center sample:  Victoria_University.Subject-01.bloodplasma-5 
Processing: Victoria_University.Subject-04.bloodplasma-2  Victoria_University.Subject-06.bloodplasma-6  Victoria_University.Subject-05.bloodplasma-7  Victoria_University.Subject-07.bloodplasma-4  
center sample:  Victoria_University.Subject-01.bloodplasma-5 
Processing: Victoria_University.Subject-04.bloodplasma-2  Victoria_University.Subject-06.bloodplasma-6  Victoria_University.Subject-05.bloodplasma-7  Victoria_University.Subject-07.bloodplasma-4  
center sample:  Victoria_University.Subject-01.bloodplasma-5 
Processing: Victoria_University.Subject-04.bloodplasma-2  Victoria_University.Subject-06.bloodplasma-6  Victoria_University.Subject-05.bloodplasma-7  Victoria_University.Subject-07.bloodplasma-4  
center sample:  Victoria_University.Subject-01.bloodplasma-5 
Processing: Victoria_University.Subject-04.bloodplasma-2  Victoria_University.Subject-06.bloodplasma-6  Victoria_University.Subject-05.bloodplasma-7  Victoria_University.Subject-07.bloodplasma-4  
center sample:  Victoria_University.Subject-01.bloodplasma-5 
Processing: Victoria_University.Subject-04.bloodplasma-2  Victoria_University.Subject-06.bloodplasma-6  Victoria_University.Subject-05.bloodplasma-7  Victoria_University.Subject-07.bloodplasma-4  
center sample:  Victoria_University.Subject-01.bloodplasma-5 
Processing: Victoria_University.Subject-04.bloodplasma-2  Victoria_University.Subject-06.bloodplasma-6  Victoria_University.Subject-05.bloodplasma-7  Victoria_University.Subject-07.bloodplasma-4  
center sample:  Victoria_University.Subject-01.bloodplasma-5 
Processing: Victoria_University.Subject-04.bloodplasma-2  Victoria_University.Subject-06.bloodplasma-6  Victoria_University.Subject-05.bloodplasma-7  Victoria_University.Subject-07.bloodplasma-4  
center sample:  Victoria_University.Subject-01.bloodplasma-5 
Processing: Victoria_University.Subject-04.bloodplasma-2  Victoria_University.Subject-06.bloodplasma-6  Victoria_University.Subject-05.bloodplasma-7  Victoria_University.Subject-07.bloodplasma-4  
center sample:  Victoria_University.Subject-01.bloodplasma-5 
Processing: Victoria_University.Subject-04.bloodplasma-2  Victoria_University.Subject-06.bloodplasma-6  Victoria_University.Subject-05.bloodplasma-7  Victoria_University.Subject-07.bloodplasma-4  
center sample:  Victoria_University.Subject-01.bloodplasma-5 
Processing: Victoria_University.Subject-04.bloodplasma-2  Victoria_University.Subject-06.bloodplasma-6  Victoria_University.Subject-05.bloodplasma-7  Victoria_University.Subject-07.bloodplasma-4  
center sample:  Victoria_University.Subject-01.bloodplasma-5 
Processing: Victoria_University.Subject-04.bloodplasma-2  Victoria_University.Subject-06.bloodplasma-6  Victoria_University.Subject-05.bloodplasma-7  Victoria_University.Subject-07.bloodplasma-4  
center sample:  Victoria_University.Subject-01.bloodplasma-5 
Processing: Victoria_University.Subject-04.bloodplasma-2  Victoria_University.Subject-06.bloodplasma-6  Victoria_University.Subject-05.bloodplasma-7  Victoria_University.Subject-07.bloodplasma-4  
center sample:  Victoria_University.Subject-01.bloodplasma-5 
Processing: Victoria_University.Subject-04.bloodplasma-2  Victoria_University.Subject-06.bloodplasma-6  Victoria_University.Subject-05.bloodplasma-7  Victoria_University.Subject-07.bloodplasma-4  
center sample:  Victoria_University.Subject-01.bloodplasma-5 
Processing: Victoria_University.Subject-04.bloodplasma-2  Victoria_University.Subject-06.bloodplasma-6  Victoria_University.Subject-05.bloodplasma-7  Victoria_University.Subject-07.bloodplasma-4  
center sample:  Victoria_University.Subject-01.bloodplasma-5 
Processing: Victoria_University.Subject-04.bloodplasma-2  Victoria_University.Subject-06.bloodplasma-6  Victoria_University.Subject-05.bloodplasma-7  Victoria_University.Subject-07.bloodplasma-4  
center sample:  Victoria_University.Subject-01.bloodplasma-5 
Processing: Victoria_University.Subject-04.bloodplasma-2  Victoria_University.Subject-06.bloodplasma-6  Victoria_University.Subject-05.bloodplasma-7  Victoria_University.Subject-07.bloodplasma-4  
center sample:  Victoria_University.Subject-01.bloodplasma-5 
Processing: Victoria_University.Subject-04.bloodplasma-2  Victoria_University.Subject-06.bloodplasma-6  Victoria_University.Subject-05.bloodplasma-7  Victoria_University.Subject-07.bloodplasma-4  
center sample:  Victoria_University.Subject-01.bloodplasma-5 
Processing: Victoria_University.Subject-04.bloodplasma-2  Victoria_University.Subject-06.bloodplasma-6  Victoria_University.Subject-05.bloodplasma-7  Victoria_University.Subject-07.bloodplasma-4  
center sample:  Victoria_University.Subject-01.bloodplasma-5 
Processing: Victoria_University.Subject-04.bloodplasma-2  Victoria_University.Subject-06.bloodplasma-6  Victoria_University.Subject-05.bloodplasma-7  Victoria_University.Subject-07.bloodplasma-4  
center sample:  Victoria_University.Subject-01.bloodplasma-5 
Processing: Victoria_University.Subject-04.bloodplasma-2  Victoria_University.Subject-06.bloodplasma-6  Victoria_University.Subject-05.bloodplasma-7  Victoria_University.Subject-07.bloodplasma-4  
center sample:  Victoria_University.Subject-01.bloodplasma-5 
Processing: Victoria_University.Subject-04.bloodplasma-2  Victoria_University.Subject-06.bloodplasma-6  Victoria_University.Subject-05.bloodplasma-7  Victoria_University.Subject-07.bloodplasma-4  
center sample:  Victoria_University.Subject-01.bloodplasma-5 
Processing: Victoria_University.Subject-04.bloodplasma-2  Victoria_University.Subject-06.bloodplasma-6  Victoria_University.Subject-05.bloodplasma-7  Victoria_University.Subject-07.bloodplasma-4  
center sample:  Victoria_University.Subject-01.bloodplasma-5 
Processing: Victoria_University.Subject-04.bloodplasma-2  Victoria_University.Subject-06.bloodplasma-6  Victoria_University.Subject-05.bloodplasma-7  Victoria_University.Subject-07.bloodplasma-4  
center sample:  Victoria_University.Subject-01.bloodplasma-5 
Processing: Victoria_University.Subject-04.bloodplasma-2  Victoria_University.Subject-06.bloodplasma-6  Victoria_University.Subject-05.bloodplasma-7  Victoria_University.Subject-07.bloodplasma-4  
center sample:  Victoria_University.Subject-01.bloodplasma-5 
Processing: Victoria_University.Subject-04.bloodplasma-2  Victoria_University.Subject-06.bloodplasma-6  Victoria_University.Subject-05.bloodplasma-7  Victoria_University.Subject-07.bloodplasma-4  
center sample:  Victoria_University.Subject-01.bloodplasma-5 
Processing: Victoria_University.Subject-04.bloodplasma-2  Victoria_University.Subject-06.bloodplasma-6  Victoria_University.Subject-05.bloodplasma-7  Victoria_University.Subject-07.bloodplasma-4  
center sample:  Victoria_University.Subject-01.bloodplasma-5 
Processing: Victoria_University.Subject-04.bloodplasma-2  Victoria_University.Subject-06.bloodplasma-6  Victoria_University.Subject-05.bloodplasma-7  Victoria_University.Subject-07.bloodplasma-4  
center sample:  Victoria_University.Subject-01.bloodplasma-5 
Processing: Victoria_University.Subject-04.bloodplasma-2  Victoria_University.Subject-06.bloodplasma-6  Victoria_University.Subject-05.bloodplasma-7  Victoria_University.Subject-07.bloodplasma-4  
center sample:  Victoria_University.Subject-01.bloodplasma-5 
Processing: Victoria_University.Subject-04.bloodplasma-2  Victoria_University.Subject-06.bloodplasma-6  Victoria_University.Subject-05.bloodplasma-7  Victoria_University.Subject-07.bloodplasma-4  
center sample:  Victoria_University.Subject-01.bloodplasma-5 
Processing: Victoria_University.Subject-04.bloodplasma-2  Victoria_University.Subject-06.bloodplasma-6  Victoria_University.Subject-05.bloodplasma-7  Victoria_University.Subject-07.bloodplasma-4  
center sample:  Victoria_University.Subject-01.bloodplasma-5 
Processing: Victoria_University.Subject-04.bloodplasma-2  Victoria_University.Subject-06.bloodplasma-6  Victoria_University.Subject-05.bloodplasma-7  Victoria_University.Subject-07.bloodplasma-4  
center sample:  Victoria_University.Subject-01.bloodplasma-5 
Processing: Victoria_University.Subject-04.bloodplasma-2  Victoria_University.Subject-06.bloodplasma-6  Victoria_University.Subject-05.bloodplasma-7  Victoria_University.Subject-07.bloodplasma-4  
center sample:  Victoria_University.Subject-01.bloodplasma-5 
Processing: Victoria_University.Subject-04.bloodplasma-2  Victoria_University.Subject-06.bloodplasma-6  Victoria_University.Subject-05.bloodplasma-7  Victoria_University.Subject-07.bloodplasma-4  
center sample:  Victoria_University.Subject-01.bloodplasma-5 
Processing: Victoria_University.Subject-04.bloodplasma-2  Victoria_University.Subject-06.bloodplasma-6  Victoria_University.Subject-05.bloodplasma-7  Victoria_University.Subject-07.bloodplasma-4  
center sample:  Victoria_University.Subject-01.bloodplasma-5 
Processing: Victoria_University.Subject-04.bloodplasma-2  Victoria_University.Subject-06.bloodplasma-6  Victoria_University.Subject-05.bloodplasma-7  Victoria_University.Subject-07.bloodplasma-4  
center sample:  Victoria_University.Subject-01.bloodplasma-5 
Processing: Victoria_University.Subject-04.bloodplasma-2  Victoria_University.Subject-06.bloodplasma-6  Victoria_University.Subject-05.bloodplasma-7  Victoria_University.Subject-07.bloodplasma-4  
center sample:  Victoria_University.Subject-01.bloodplasma-5 
Processing: Victoria_University.Subject-04.bloodplasma-2  Victoria_University.Subject-06.bloodplasma-6  Victoria_University.Subject-05.bloodplasma-7  Victoria_University.Subject-07.bloodplasma-4  
center sample:  Victoria_University.Subject-01.bloodplasma-5 
Processing: Victoria_University.Subject-04.bloodplasma-2  Victoria_University.Subject-06.bloodplasma-6  Victoria_University.Subject-05.bloodplasma-7  Victoria_University.Subject-07.bloodplasma-4  
center sample:  Victoria_University.Subject-01.bloodplasma-5 
Processing: Victoria_University.Subject-04.bloodplasma-2  Victoria_University.Subject-06.bloodplasma-6  Victoria_University.Subject-05.bloodplasma-7  Victoria_University.Subject-07.bloodplasma-4  
center sample:  Victoria_University.Subject-01.bloodplasma-5 
Processing: Victoria_University.Subject-04.bloodplasma-2  Victoria_University.Subject-06.bloodplasma-6  Victoria_University.Subject-05.bloodplasma-7  Victoria_University.Subject-07.bloodplasma-4  
ith method 'bin' and step 0.71 ... OK
Create profile matrix with method 'bin' and step 0.71 ... OK
Create profile matrix with method 'bin' and step 0.71 ... OK
Create profile matrix with method 'bin' and step 0.71 ... OK
Create profile matrix with method 'bin' and step 0.71 ... OK
Create profile matrix with method 'bin' and step 0.71 ... OK
Create profile matrix with method 'bin' and step 0.71 ... OK
Create profile matrix with method 'bin' and step 0.71 ... OK
Processing 87402 mz slices ... OK
Create profile matrix with method 'bin' and step 0.71 ... OK
Create profile matrix with method 'bin' and step 0.71 ... OK
Create profile matrix with method 'bin' and step 0.71 ... OK
Create profile matrix with method 'bin' and step 0.71 ... OK
Create profile matrix with method 'bin' and step 0.71 ... OK
Create profile matrix with method 'bin' and step 0.71 ... OK
Create profile matrix with method 'bin' and step 0.71 ... OK
Create profile matrix with method 'bin' and step 0.71 ... OK
Processing 87402 mz slices ... OK
Create profile matrix with method 'bin' and step 1 ... OK
Create profile matrix with method 'bin' and step 1 ... OK
Create profile matrix with method 'bin' and step 1 ... OK
Create profile matrix with method 'bin' and step 1 ... OK
Create profile matrix with method 'bin' and step 1 ... OK
Processing 87402 mz slices ... OK
Create profile matrix with method 'bin' and step 1 ... OK
Create profile matrix with method 'bin' and step 1 ... OK
Create profile matrix with method 'bin' and step 1 ... OK
Create profile matrix with method 'bin' and step 1 ... OK
Create profile matrix with method 'bin' and step 1 ... OK
Processing 87402 mz slices ... OK
Create profile matrix with method 'bin' and step 1 ... OK
Create profile matrix with method 'bin' and step 1 ... OK
Create profile matrix with method 'bin' and step 1 ... OK
Create profile matrix with method 'bin' and step 1 ... OK
Create profile matrix with method 'bin' and step 1 ... OK
Processing 87402 mz slices ... OK
Create profile matrix with method 'bin' and step 1 ... OK
Create profile matrix with method 'bin' and step 1 ... OK
Create profile matrix with method 'bin' and step 1 ... OK
Create profile matrix with method 'bin' and step 1 ... OK
Create profile matrix with method 'bin' and step 1 ... OK
Processing 87402 mz slices ... OK
Create profile matrix with method 'bin' and step 0.71 ... OK
Create profile matrix with method 'bin' and step 0.71 ... OK
Create profile matrix with method 'bin' and step 0.71 ... OK
Create profile matrix with method 'bin' and step 0.71 ... OK
Create profile matrix with method 'bin' and step 0.71 ... OK
Create profile matrix with method 'bin' and step 0.71 ... OK
Create profile matrix with method 'bin' and step 0.71 ... OK
Create profile matrix with method 'bin' and step 0.71 ... OK
Processing 87402 mz slices ... OK
Create profile matrix with method 'bin' and step 0.71 ... OK
Create profile matrix with method 'bin' and step 0.71 ... OK
Create profile matrix with method 'bin' and step 0.71 ... OK
Create profile matrix with method 'bin' and step 0.71 ... OK
Create profile matrix with method 'bin' and step 0.71 ... OK
Create profile matrix with method 'bin' and step 0.71 ... OK
Create profile matrix with method 'bin' and step 0.71 ... OK
Create profile matrix with method 'bin' and step 0.71 ... OK
Processing 87402 mz slices ... OK
Create profile matrix with method 'bin' and step 0.71 ... OK
Create profile matrix with method 'bin' and step 0.71 ... OK
Create profile matrix with method 'bin' and step 0.71 ... OK
Create profile matrix with method 'bin' and step 0.71 ... OK
Create profile matrix with method 'bin' and step 0.71 ... OK
Create profile matrix with method 'bin' and step 0.71 ... OK
Create profile matrix with method 'bin' and step 0.71 ... OK
Create profile matrix with method 'bin' and step 0.71 ... OK
Processing 87402 mz slices ... OK
Create profile matrix with method 'bin' and step 0.71 ... OK
Create profile matrix with method 'bin' and step 0.71 ... OK
Create profile matrix with method 'bin' and step 0.71 ... OK
Create profile matrix with method 'bin' and step 0.71 ... OK
Create profile matrix with method 'bin' and step 0.71 ... OK
Create profile matrix with method 'bin' and step 0.71 ... OK
Create profile matrix with method 'bin' and step 0.71 ... OK
Create profile matrix with method 'bin' and step 0.71 ... OK
Processing 87402 mz slices ... OK
Create profile matrix with method 'bin' and step 1 ... OK
Create profile matrix with method 'bin' and step 1 ... OK
Create profile matrix with method 'bin' and step 1 ... OK
Create profile matrix with method 'bin' and step 1 ... OK
Create profile matrix with method 'bin' and step 1 ... OK
Processing 87402 mz slices ... OK
Create profile matrix with method 'bin' and step 1 ... OK
Create profile matrix with method 'bin' and step 1 ... OK
Create profile matrix with method 'bin' and step 1 ... OK
Create profile matrix with method 'bin' and step 1 ... OK
Create profile matrix with method 'bin' and step 1 ... OK
Processing 87402 mz slices ... OK
Create profile matrix with method 'bin' and step 1 ... OK
Create profile matrix with method 'bin' and step 1 ... OK
Create profile matrix with method 'bin' and step 1 ... OK
Create profile matrix with method 'bin' and step 1 ... OK
Create profile matrix with method 'bin' and step 1 ... OK
Processing 87402 mz slices ... OK
Create profile matrix with method 'bin' and step 1 ... OK
Create profile matrix with method 'bin' and step 1 ... OK
Create profile matrix with method 'bin' and step 1 ... OK
Create profile matrix with method 'bin' and step 1 ... OK
Create profile matrix with method 'bin' and step 1 ... OK
Processing 87402 mz slices ... OK
Create profile matrix with method 'bin' and step 0.71 ... OK
Create profile matrix with method 'bin' and step 0.71 ... OK
Create profile matrix with method 'bin' and step 0.71 ... OK
Create profile matrix with method 'bin' and step 0.71 ... OK
Create profile matrix with method 'bin' and step 0.71 ... OK
Create profile matrix with method 'bin' and step 0.71 ... OK
Create profile matrix with method 'bin' and step 0.71 ... OK
Create profile matrix with method 'bin' and step 0.71 ... OK
Processing 9713 mz slices ... OK
Create profile matrix with method 'bin' and step 0.71 ... OK
Create profile matrix with method 'bin' and step 0.71 ... OK
Create profile matrix with method 'bin' and step 0.71 ... OK
Create profile matrix with method 'bin' and step 0.71 ... OK
Create profile matrix with method 'bin' and step 0.71 ... OK
Create profile matrix with method 'bin' and step 0.71 ... OK
Create profile matrix with method 'bin' and step 0.71 ... OK
Create profile matrix with method 'bin' and step 0.71 ... OK
Processing 9713 mz slices ... OK
Create profile matrix with method 'bin' and step 0.71 ... OK
Create profile matrix with method 'bin' and step 0.71 ... OK
Create profile matrix with method 'bin' and step 0.71 ... OK
Create profile matrix with method 'bin' and step 0.71 ... OK
Create profile matrix with method 'bin' and step 0.71 ... OK
Create profile matrix with method 'bin' and step 0.71 ... OK
Create profile matrix with method 'bin' and step 0.71 ... OK
Create profile matrix with method 'bin' and step 0.71 ... OK
Processing 9713 mz slices ... OK
Create profile matrix with method 'bin' and step 0.71 ... OK
Create profile matrix with method 'bin' and step 0.71 ... OK
Create profile matrix with method 'bin' and step 0.71 ... OK
Create profile matrix with method 'bin' and step 0.71 ... OK
Create profile matrix with method 'bin' and step 0.71 ... OK
Create profile matrix with method 'bin' and step 0.71 ... OK
Create profile matrix with method 'bin' and step 0.71 ... OK
Create profile matrix with method 'bin' and step 0.71 ... OK
Processing 9713 mz slices ... OK
Create profile matrix with method 'bin' and step 1 ... OK
Create profile matrix with method 'bin' and step 1 ... OK
Create profile matrix with method 'bin' and step 1 ... OK
Create profile matrix with method 'bin' and step 1 ... OK
Create profile matrix with method 'bin' and step 1 ... OK
Processing 9713 mz slices ... OK
Create profile matrix with method 'bin' and step 1 ... OK
Create profile matrix with method 'bin' and step 1 ... OK
Create profile matrix with method 'bin' and step 1 ... OK
Create profile matrix with method 'bin' and step 1 ... OK
Create profile matrix with method 'bin' and step 1 ... OK
Processing 9713 mz slices ... OK
Create profile matrix with method 'bin' and step 1 ... OK
Create profile matrix with method 'bin' and step 1 ... OK
Create profile matrix with method 'bin' and step 1 ... OK
Create profile matrix with method 'bin' and step 1 ... OK
Create profile matrix with method 'bin' and step 1 ... OK
Processing 9713 mz slices ... OK
Create profile matrix with method 'bin' and step 1 ... OK
Create profile matrix with method 'bin' and step 1 ... OK
Create profile matrix with method 'bin' and step 1 ... OK
Create profile matrix with method 'bin' and step 1 ... OK
Create profile matrix with method 'bin' and step 1 ... OK
Processing 9713 mz slices ... OK
Create profile matrix with method 'bin' and step 0.71 ... OK
Create profile matrix with method 'bin' and step 0.71 ... OK
Create profile matrix with method 'bin' and step 0.71 ... OK
Create profile matrix with method 'bin' and step 0.71 ... OK
Create profile matrix with method 'bin' and step 0.71 ... OK
Create profile matrix with method 'bin' and step 0.71 ... OK
Create profile matrix with method 'bin' and step 0.71 ... OK
Create profile matrix with method 'bin' and step 0.71 ... OK
Processing 9713 mz slices ... OK
Create profile matrix with method 'bin' and step 0.71 ... OK
Create profile matrix with method 'bin' and step 0.71 ... OK
Create profile matrix with method 'bin' and step 0.71 ... OK
Create profile matrix with method 'bin' and step 0.71 ... OK
Create profile matrix with method 'bin' and step 0.71 ... OK
Create profile matrix with method 'bin' and step 0.71 ... OK
Create profile matrix with method 'bin' and step 0.71 ... OK
Create profile matrix with method 'bin' and step 0.71 ... OK
Processing 9713 mz slices ... OK
Create profile matrix with method 'bin' and step 0.71 ... OK
Create profile matrix with method 'bin' and step 0.71 ... OK
Create profile matrix with method 'bin' and step 0.71 ... OK
Create profile matrix with method 'bin' and step 0.71 ... OK
Create profile matrix with method 'bin' and step 0.71 ... OK
Create profile matrix with method 'bin' and step 0.71 ... OK
Create profile matrix with method 'bin' and step 0.71 ... OK
Create profile matrix with method 'bin' and step 0.71 ... OK
Processing 9713 mz slices ... OK
Create profile matrix with method 'bin' and step 0.71 ... OK
Create profile matrix with method 'bin' and step 0.71 ... OK
Create profile matrix with method 'bin' and step 0.71 ... OK
Create profile matrix with method 'bin' and step 0.71 ... OK
Create profile matrix with method 'bin' and step 0.71 ... OK
Create profile matrix with method 'bin' and step 0.71 ... OK
Create profile matrix with method 'bin' and step 0.71 ... OK
Create profile matrix with method 'bin' and step 0.71 ... OK
Processing 9713 mz slices ... OK
Create profile matrix with method 'bin' and step 1 ... OK
Create profile matrix with method 'bin' and step 1 ... OK
Create profile matrix with method 'bin' and step 1 ... OK
Create profile matrix with method 'bin' and step 1 ... OK
Create profile matrix with method 'bin' and step 1 ... OK
Processing 9713 mz slices ... OK
Create profile matrix with method 'bin' and step 1 ... OK
Create profile matrix with method 'bin' and step 1 ... OK
Create profile matrix with method 'bin' and step 1 ... OK
Create profile matrix with method 'bin' and step 1 ... OK
Create profile matrix with method 'bin' and step 1 ... OK
Processing 9713 mz slices ... OK
Create profile matrix with method 'bin' and step 1 ... OK
Create profile matrix with method 'bin' and step 1 ... OK
Create profile matrix with method 'bin' and step 1 ... OK
Create profile matrix with method 'bin' and step 1 ... OK
Create profile matrix with method 'bin' and step 1 ... OK
Processing 9713 mz slices ... OK
Create profile matrix with method 'bin' and step 1 ... OK
Create profile matrix with method 'bin' and step 1 ... OK
Create profile matrix with method 'bin' and step 1 ... OK
Create profile matrix with method 'bin' and step 1 ... OK
Create profile matrix with method 'bin' and step 1 ... OK
Processing 9713 mz slices ... OK
Create profile matrix with method 'bin' and step 0.855 ... OK
Create profile matrix with method 'bin' and step 0.855 ... OK
Create profile matrix with method 'bin' and step 0.855 ... OK
Create profile matrix with method 'bin' and step 0.855 ... OK
Create profile matrix with method 'bin' and step 0.855 ... OK
Create profile matrix with method 'bin' and step 0.855 ... OK
Create profile matrix with method 'bin' and step 0.855 ... OK
Create profile matrix with method 'bin' and step 0.855 ... OK
Processing 17482 mz slices ... OK
Create profile matrix with method 'bin' and step 0.855 ... OK
Create profile matrix with method 'bin' and step 0.855 ... OK
Create profile matrix with method 'bin' and step 0.855 ... OK
Create profile matrix with method 'bin' and step 0.855 ... OK
Create profile matrix with method 'bin' and step 0.855 ... OK
Create profile matrix with method 'bin' and step 0.855 ... OK
Create profile matrix with method 'bin' and step 0.855 ... OK
Create profile matrix with method 'bin' and step 0.855 ... OK
Processing 17482 mz slices ... OK
Create profile matrix with method 'bin' and step 0.855 ... OK
Create profile matrix with method 'bin' and step 0.855 ... OK
Create profile matrix with method 'bin' and step 0.855 ... OK
Create profile matrix with method 'bin' and step 0.855 ... OK
Create profile matrix with method 'bin' and step 0.855 ... OK
Create profile matrix with method 'bin' and step 0.855 ... OK
Create profile matrix with method 'bin' and step 0.855 ... OK
Create profile matrix with method 'bin' and step 0.855 ... OK
Processing 17482 mz slices ... OK
Create profile matrix with method 'bin' and step 0.855 ... OK
Create profile matrix with method 'bin' and step 0.855 ... OK
Create profile matrix with method 'bin' and step 0.855 ... OK
Create profile matrix with method 'bin' and step 0.855 ... OK
Create profile matrix with method 'bin' and step 0.855 ... OK
Create profile matrix with method 'bin' and step 0.855 ... OK
Create profile matrix with method 'bin' and step 0.855 ... OK
Create profile matrix with method 'bin' and step 0.855 ... OK
Processing 17482 mz slices ... OK
Create profile matrix with method 'bin' and step 0.855 ... OK
Create profile matrix with method 'bin' and step 0.855 ... OK
Create profile matrix with method 'bin' and step 0.855 ... OK
Create profile matrix with method 'bin' and step 0.855 ... OK
Create profile matrix with method 'bin' and step 0.855 ... OK
Create profile matrix with method 'bin' and step 0.855 ... OK
Create profile matrix with method 'bin' and step 0.855 ... OK
Create profile matrix with method 'bin' and step 0.855 ... OK
Processing 17482 mz slices ... OK
Create profile matrix with method 'bin' and step 0.71 ... OK
Create profile matrix with method 'bin' and step 0.71 ... OK
Create profile matrix with method 'bin' and step 0.71 ... OK
Create profile matrix with method 'bin' and step 0.71 ... OK
Create profile matrix with method 'bin' and step 0.71 ... OK
Create profile matrix with method 'bin' and step 0.71 ... OK
Create profile matrix with method 'bin' and step 0.71 ... OK
Create profile matrix with method 'bin' and step 0.71 ... OK
Processing 17482 mz slices ... OK
Create profile matrix with method 'bin' and step 1 ... OK
Create profile matrix with method 'bin' and step 1 ... OK
Create profile matrix with method 'bin' and step 1 ... OK
Create profile matrix with method 'bin' and step 1 ... OK
Create profile matrix with method 'bin' and step 1 ... OK
Processing 17482 mz slices ... OK
Create profile matrix with method 'bin' and step 0.855 ... OK
Create profile matrix with method 'bin' and step 0.855 ... OK
Create profile matrix with method 'bin' and step 0.855 ... OK
Create profile matrix with method 'bin' and step 0.855 ... OK
Create profile matrix with method 'bin' and step 0.855 ... OK
Create profile matrix with method 'bin' and step 0.855 ... OK
Create profile matrix with method 'bin' and step 0.855 ... OK
Create profile matrix with method 'bin' and step 0.855 ... OK
Processing 17482 mz slices ... OK
Create profile matrix with method 'bin' and step 0.855 ... OK
Create profile matrix with method 'bin' and step 0.855 ... OK
Create profile matrix with method 'bin' and step 0.855 ... OK
Create profile matrix with method 'bin' and step 0.855 ... OK
Create profile matrix with method 'bin' and step 0.855 ... OK
Create profile matrix with method 'bin' and step 0.855 ... OK
Create profile matrix with method 'bin' and step 0.855 ... OK
Create profile matrix with method 'bin' and step 0.855 ... OK
Processing 17482 mz slices ... OK
Create profile matrix with method 'bin' and step 0.855 ... OK
Create profile matrix with method 'bin' and step 0.855 ... OK
Create profile matrix with method 'bin' and step 0.855 ... OK
Create profile matrix with method 'bin' and step 0.855 ... OK
Create profile matrix with method 'bin' and step 0.855 ... OK
Create profile matrix with method 'bin' and step 0.855 ... OK
Create profile matrix with method 'bin' and step 0.855 ... OK
Create profile matrix with method 'bin' and step 0.855 ... OK
Processing 87402 mz slices ... OK
Create profile matrix with method 'bin' and step 0.855 ... OK
Create profile matrix with method 'bin' and step 0.855 ... OK
Create profile matrix with method 'bin' and step 0.855 ... OK
Create profile matrix with method 'bin' and step 0.855 ... OK
Create profile matrix with method 'bin' and step 0.855 ... OK
Create profile matrix with method 'bin' and step 0.855 ... OK
Create profile matrix with method 'bin' and step 0.855 ... OK
Create profile matrix with method 'bin' and step 0.855 ... OK
Processing 9713 mz slices ... OK
Create profile matrix with method 'bin' and step 0.855 ... OK
Create profile matrix with method 'bin' and step 0.855 ... OK
Create profile matrix with method 'bin' and step 0.855 ... OK
Create profile matrix with method 'bin' and step 0.855 ... OK
Create profile matrix with method 'bin' and step 0.855 ... OK
Create profile matrix with method 'bin' and step 0.855 ... OK
Create profile matrix with method 'bin' and step 0.855 ... OK
Create profile matrix with method 'bin' and step 0.855 ... OK
Processing 17482 mz slices ... OK
Create profile matrix with method 'bin' and step 0.9855 ... OK
Create profile matrix with method 'bin' and step 0.9855 ... OK
Create profile matrix with method 'bin' and step 0.9855 ... OK
Create profile matrix with method 'bin' and step 0.9855 ... OK
Create profile matrix with method 'bin' and step 0.9855 ... OK
Create profile matrix with method 'bin' and step 0.9855 ... OK
Create profile matrix with method 'bin' and step 0.9855 ... OK
Create profile matrix with method 'bin' and step 0.9855 ... OK
Processing 17482 mz slices ... OK
no increase stopping
library(xcms)
library(Rmpi)

xset <- xcmsSet( 
  method = "centWave",
  peakwidth       = c(20, 35),
  ppm             = 32,
  noise           = 500,
  snthresh        = 10,
  mzdiff          = 0.01,
  prefilter       = c(3, 500),
  mzCenterFun     = "wMean",
  integrate       = 2,
  fitgauss        = FALSE,
  verbose.columns = TRUE)
xset <- retcor( 
  xset,
  method         = "obiwarp",
  plottype       = "none",
  distFunc       = "cor_opt",
  profStep       = 1,
  center         = 1,
  response       = 1,
  gapInit        = 0,
  gapExtend      = 2.7,
  factorDiag     = 2,
  factorGap      = 1,
  localAlignment = 0)
xset <- group( 
  xset,
  method  = "density",
  bw      = 38,
  mzwid   = 0.015,
  minfrac = 0.05,
  minsamp = 1,
  max     = 50)

xset <- fillPeaks(xset)
Warning message:
In sink() : no sink to remove
