xsAnnotate contains no pseudospectra. Regroup all peaks into one!
Generating peak matrix!
Run isotope peak annotation
 % finished: 100  
Found isotopes: 0 
xsAnnotate contains no pseudospectra. Regroup all peaks into one!
Generating peak matrix!
Run isotope peak annotation
 % finished: 100  
Found isotopes: 0 
xsAnnotate contains no pseudospectra. Regroup all peaks into one!
Generating peak matrix!
Run isotope peak annotation
 % finished: 100  
Found isotopes: 0 
xsAnnotate contains no pseudospectra. Regroup all peaks into one!
Generating peak matrix!
Run isotope peak annotation
 % finished: 100  
Found isotopes: 0 
xsAnnotate contains no pseudospectra. Regroup all peaks into one!
Generating peak matrix!
Run isotope peak annotation
 % finished: 100  
Found isotopes: 0 
xsAnnotate contains no pseudospectra. Regroup all peaks into one!
Generating peak matrix!
Run isotope peak annotation
 % finished: 100  
Found isotopes: 0 
xsAnnotate contains no pseudospectra. Regroup all peaks into one!
Generating peak matrix!
Run isotope peak annotation
 % finished: 100  
Found isotopes: 0 
xsAnnotate contains no pseudospectra. Regroup all peaks into one!
Generating peak matrix!
Run isotope peak annotation
 % finished: 100  
Found isotopes: 0 
xsAnnotate contains no pseudospectra. Regroup all peaks into one!
Generating peak matrix!
Run isotope peak annotation
 % finished: 100  
Found isotopes: 0 
xsAnnotate contains no pseudospectra. Regroup all peaks into one!
Generating peak matrix!
Run isotope peak annotation
 % finished: 100  
Found isotopes: 0 
xsAnnotate contains no pseudospectra. Regroup all peaks into one!
Generating peak matrix!
Run isotope peak annotation
 % finished: 100  
Found isotopes: 0 
xsAnnotate contains no pseudospectra. Regroup all peaks into one!
Generating peak matrix!
Run isotope peak annotation
 % finished: 100  
Found isotopes: 0 
xsAnnotate contains no pseudospectra. Regroup all peaks into one!
Generating peak matrix!
Run isotope peak annotation
 % finished: 100  
Found isotopes: 0 
xsAnnotate contains no pseudospectra. Regroup all peaks into one!
Generating peak matrix!
Run isotope peak annotation
 % finished: 100  
Found isotopes: 0 
xsAnnotate contains no pseudospectra. Regroup all peaks into one!
Generating peak matrix!
Run isotope peak annotation
 % finished: 100  
Found isotopes: 0 
xsAnnotate contains no pseudospectra. Regroup all peaks into one!
Generating peak matrix!
Run isotope peak annotation
 % finished: 100  
Found isotopes: 0 
xsAnnotate contains no pseudospectra. Regroup all peaks into one!
Generating peak matrix!
Run isotope peak annotation
 % finished: 100  
Found isotopes: 0 
xsAnnotate contains no pseudospectra. Regroup all peaks into one!
Generating peak matrix!
Run isotope peak annotation
 % finished: 100  
Found isotopes: 0 
xsAnnotate contains no pseudospectra. Regroup all peaks into one!
Generating peak matrix!
Run isotope peak annotation
 % finished: 100  
Found isotopes: 0 
xsAnnotate contains no pseudospectra. Regroup all peaks into one!
Generating peak matrix!
Run isotope peak annotation
 % finished: 100  
Found isotopes: 0 
xsAnnotate contains no pseudospectra. Regroup all peaks into one!
Generating peak matrix!
Run isotope peak annotation
 % finished: 100  
Found isotopes: 0 
xsAnnotate contains no pseudospectra. Regroup all peaks into one!
Generating peak matrix!
Run isotope peak annotation
 % finished: 100  
Found isotopes: 0 
xsAnnotate contains no pseudospectra. Regroup all peaks into one!
Generating peak matrix!
Run isotope peak annotation
 % finished: 100  
Found isotopes: 0 
xsAnnotate contains no pseudospectra. Regroup all peaks into one!
Generating peak matrix!
Run isotope peak annotation
 % finished: 100  
Found isotopes: 0 
xsAnnotate contains no pseudospectra. Regroup all peaks into one!
Generating peak matrix!
Run isotope peak annotation
 % finished: 100  
Found isotopes: 0 
xsAnnotate contains no pseudospectra. Regroup all peaks into one!
Generating peak matrix!
Run isotope peak annotation
 % finished: 100  
Found isotopes: 0 
xsAnnotate contains no pseudospectra. Regroup all peaks into one!
Generating peak matrix!
Run isotope peak annotation
 % finished: 100  
Found isotopes: 0 
xsAnnotate contains no pseudospectra. Regroup all peaks into one!
Generating peak matrix!
Run isotope peak annotation
 % finished: 100  
Found isotopes: 0 
xsAnnotate contains no pseudospectra. Regroup all peaks into one!
Generating peak matrix!
Run isotope peak annotation
 % finished: 100  
Found isotopes: 0 
xsAnnotate contains no pseudospectra. Regroup all peaks into one!
Generating peak matrix!
Run isotope peak annotation
 % finished: 100  
Found isotopes: 0 
xsAnnotate contains no pseudospectra. Regroup all peaks into one!
Generating peak matrix!
Run isotope peak annotation
 % finished: 100  
Found isotopes: 0 
xsAnnotate contains no pseudospectra. Regroup all peaks into one!
Generating peak matrix!
Run isotope peak annotation
 % finished: 100  
Found isotopes: 0 
xsAnnotate contains no pseudospectra. Regroup all peaks into one!
Generating peak matrix!
Run isotope peak annotation
 % finished: 100  
Found isotopes: 0 
xsAnnotate contains no pseudospectra. Regroup all peaks into one!
Generating peak matrix!
Run isotope peak annotation
 % finished: 100  
Found isotopes: 0 
xsAnnotate contains no pseudospectra. Regroup all peaks into one!
Generating peak matrix!
Run isotope peak annotation
 % finished: 100  
Found isotopes: 0 
xsAnnotate contains no pseudospectra. Regroup all peaks into one!
Generating peak matrix!
Run isotope peak annotation
 % finished: 100  
Found isotopes: 0 
xsAnnotate contains no pseudospectra. Regroup all peaks into one!
Generating peak matrix!
Run isotope peak annotation
 % finished: 100  
Found isotopes: 0 
xsAnnotate contains no pseudospectra. Regroup all peaks into one!
Generating peak matrix!
Run isotope peak annotation
 % finished: 100  
Found isotopes: 0 
xsAnnotate contains no pseudospectra. Regroup all peaks into one!
Generating peak matrix!
Run isotope peak annotation
 % finished: 100  
Found isotopes: 0 
xsAnnotate contains no pseudospectra. Regroup all peaks into one!
Generating peak matrix!
Run isotope peak annotation
 % finished: 100  
Found isotopes: 0 
xsAnnotate contains no pseudospectra. Regroup all peaks into one!
Generating peak matrix!
Run isotope peak annotation
 % finished: 100  
Found isotopes: 0 
xsAnnotate contains no pseudospectra. Regroup all peaks into one!
Generating peak matrix!
Run isotope peak annotation
 % finished: 100  
Found isotopes: 0 
xsAnnotate contains no pseudospectra. Regroup all peaks into one!
Generating peak matrix!
Run isotope peak annotation
 % finished: 100  
Found isotopes: 0 
xsAnnotate contains no pseudospectra. Regroup all peaks into one!
Generating peak matrix!
Run isotope peak annotation
 % finished: 100  
Found isotopes: 0 
xsAnnotate contains no pseudospectra. Regroup all peaks into one!
Generating peak matrix!
Run isotope peak annotation
 % finished: 100  
Found isotopes: 0 
xsAnnotate contains no pseudospectra. Regroup all peaks into one!
Generating peak matrix!
Run isotope peak annotation
 % finished: 100  
Found isotopes: 0 
xsAnnotate contains no pseudospectra. Regroup all peaks into one!
Generating peak matrix!
Run isotope peak annotation
 % finished: 100  
Found isotopes: 0 
xsAnnotate contains no pseudospectra. Regroup all peaks into one!
Generating peak matrix!
Run isotope peak annotation
 % finished: 100  
Found isotopes: 0 
xsAnnotate contains no pseudospectra. Regroup all peaks into one!
Generating peak matrix!
Run isotope peak annotation
 % finished: 100  
Found isotopes: 0 
xsAnnotate contains no pseudospectra. Regroup all peaks into one!
Generating peak matrix!
Run isotope peak annotation
 % finished: 100  
Found isotopes: 0 
center sample:  Victoria_University.Subject-04.bloodplasma-5 
Processing: Victoria_University.Subject-05.bloodplasma-5  center sample:  Victoria_University.Subject-04.bloodplasma-5 
Processing: Victoria_University.Subject-05.bloodplasma-5  center sample:  Victoria_University.Subject-04.bloodplasma-5 
Processing: Victoria_University.Subject-05.bloodplasma-5  center sample:  Victoria_University.Subject-04.bloodplasma-5 
Processing: Victoria_University.Subject-05.bloodplasma-5  center sample:  Victoria_University.Subject-04.bloodplasma-5 
Processing: Victoria_University.Subject-05.bloodplasma-5  Victoria_University.Subject-02.bloodplasma-8  Victoria_University.Subject-01.bloodplasma-1  Victoria_University.Subject-01.bloodplasma-7  
center sample:  Victoria_University.Subject-04.bloodplasma-5 
Processing: Victoria_University.Subject-05.bloodplasma-5  Victoria_University.Subject-02.bloodplasma-8  Victoria_University.Subject-01.bloodplasma-1  Victoria_University.Subject-01.bloodplasma-7  
center sample:  Victoria_University.Subject-04.bloodplasma-5 
Processing: Victoria_University.Subject-05.bloodplasma-5  Victoria_University.Subject-02.bloodplasma-8  Victoria_University.Subject-01.bloodplasma-1  Victoria_University.Subject-01.bloodplasma-7  
center sample:  Victoria_University.Subject-04.bloodplasma-5 
Processing: Victoria_University.Subject-05.bloodplasma-5  Victoria_University.Subject-02.bloodplasma-8  Victoria_University.Subject-01.bloodplasma-1  Victoria_University.Subject-01.bloodplasma-7  
center sample:  Victoria_University.Subject-04.bloodplasma-5 
Processing: Victoria_University.Subject-05.bloodplasma-5  center sample:  Victoria_University.Subject-04.bloodplasma-5 
Processing: Victoria_University.Subject-05.bloodplasma-5  center sample:  Victoria_University.Subject-04.bloodplasma-5 
Processing: Victoria_University.Subject-05.bloodplasma-5  center sample:  Victoria_University.Subject-04.bloodplasma-5 
Processing: Victoria_University.Subject-05.bloodplasma-5  center sample:  Victoria_University.Subject-04.bloodplasma-5 
Processing: Victoria_University.Subject-05.bloodplasma-5  Victoria_University.Subject-02.bloodplasma-8  Victoria_University.Subject-01.bloodplasma-1  Victoria_University.Subject-01.bloodplasma-7  
center sample:  Victoria_University.Subject-04.bloodplasma-5 
Processing: Victoria_University.Subject-05.bloodplasma-5  Victoria_University.Subject-02.bloodplasma-8  Victoria_University.Subject-01.bloodplasma-1  Victoria_University.Subject-01.bloodplasma-7  
center sample:  Victoria_University.Subject-04.bloodplasma-5 
Processing: Victoria_University.Subject-05.bloodplasma-5  Victoria_University.Subject-02.bloodplasma-8  Victoria_University.Subject-01.bloodplasma-1  Victoria_University.Subject-01.bloodplasma-7  
center sample:  Victoria_University.Subject-04.bloodplasma-5 
Processing: Victoria_University.Subject-05.bloodplasma-5  Victoria_University.Subject-02.bloodplasma-8  Victoria_University.Subject-01.bloodplasma-1  Victoria_University.Subject-01.bloodplasma-7  
center sample:  Victoria_University.Subject-04.bloodplasma-5 
Processing: Victoria_University.Subject-05.bloodplasma-5  center sample:  Victoria_University.Subject-04.bloodplasma-5 
Processing: Victoria_University.Subject-05.bloodplasma-5  center sample:  Victoria_University.Subject-04.bloodplasma-5 
Processing: Victoria_University.Subject-05.bloodplasma-5  center sample:  Victoria_University.Subject-04.bloodplasma-5 
Processing: Victoria_University.Subject-05.bloodplasma-5  center sample:  Victoria_University.Subject-04.bloodplasma-5 
Processing: Victoria_University.Subject-05.bloodplasma-5  Victoria_University.Subject-02.bloodplasma-8  Victoria_University.Subject-01.bloodplasma-1  Victoria_University.Subject-01.bloodplasma-7  
center sample:  Victoria_University.Subject-04.bloodplasma-5 
Processing: Victoria_University.Subject-05.bloodplasma-5  Victoria_University.Subject-02.bloodplasma-8  Victoria_University.Subject-01.bloodplasma-1  Victoria_University.Subject-01.bloodplasma-7  
center sample:  Victoria_University.Subject-04.bloodplasma-5 
Processing: Victoria_University.Subject-05.bloodplasma-5  Victoria_University.Subject-02.bloodplasma-8  Victoria_University.Subject-01.bloodplasma-1  Victoria_University.Subject-01.bloodplasma-7  
center sample:  Victoria_University.Subject-04.bloodplasma-5 
Processing: Victoria_University.Subject-05.bloodplasma-5  Victoria_University.Subject-02.bloodplasma-8  Victoria_University.Subject-01.bloodplasma-1  Victoria_University.Subject-01.bloodplasma-7  
center sample:  Victoria_University.Subject-04.bloodplasma-5 
Processing: Victoria_University.Subject-05.bloodplasma-5  center sample:  Victoria_University.Subject-04.bloodplasma-5 
Processing: Victoria_University.Subject-05.bloodplasma-5  center sample:  Victoria_University.Subject-04.bloodplasma-5 
Processing: Victoria_University.Subject-05.bloodplasma-5  center sample:  Victoria_University.Subject-04.bloodplasma-5 
Processing: Victoria_University.Subject-05.bloodplasma-5  center sample:  Victoria_University.Subject-04.bloodplasma-5 
Processing: Victoria_University.Subject-05.bloodplasma-5  Victoria_University.Subject-02.bloodplasma-8  Victoria_University.Subject-01.bloodplasma-1  Victoria_University.Subject-01.bloodplasma-7  
center sample:  Victoria_University.Subject-04.bloodplasma-5 
Processing: Victoria_University.Subject-05.bloodplasma-5  Victoria_University.Subject-02.bloodplasma-8  Victoria_University.Subject-01.bloodplasma-1  Victoria_University.Subject-01.bloodplasma-7  
center sample:  Victoria_University.Subject-04.bloodplasma-5 
Processing: Victoria_University.Subject-05.bloodplasma-5  Victoria_University.Subject-02.bloodplasma-8  Victoria_University.Subject-01.bloodplasma-1  Victoria_University.Subject-01.bloodplasma-7  
center sample:  Victoria_University.Subject-04.bloodplasma-5 
Processing: Victoria_University.Subject-05.bloodplasma-5  Victoria_University.Subject-02.bloodplasma-8  Victoria_University.Subject-01.bloodplasma-1  Victoria_University.Subject-01.bloodplasma-7  
center sample:  Victoria_University.Subject-04.bloodplasma-5 
Processing: Victoria_University.Subject-05.bloodplasma-5  center sample:  Victoria_University.Subject-04.bloodplasma-5 
Processing: Victoria_University.Subject-05.bloodplasma-5  center sample:  Victoria_University.Subject-04.bloodplasma-5 
Processing: Victoria_University.Subject-05.bloodplasma-5  center sample:  Victoria_University.Subject-04.bloodplasma-5 
Processing: Victoria_University.Subject-05.bloodplasma-5  center sample:  Victoria_University.Subject-04.bloodplasma-5 
Processing: Victoria_University.Subject-05.bloodplasma-5  center sample:  Victoria_University.Subject-04.bloodplasma-5 
Processing: Victoria_University.Subject-05.bloodplasma-5  center sample:  Victoria_University.Subject-04.bloodplasma-5 
Processing: Victoria_University.Subject-05.bloodplasma-5  Victoria_University.Subject-02.bloodplasma-8  Victoria_University.Subject-01.bloodplasma-1  Victoria_University.Subject-01.bloodplasma-7  
center sample:  Victoria_University.Subject-04.bloodplasma-5 
Processing: Victoria_University.Subject-05.bloodplasma-5  center sample:  Victoria_University.Subject-04.bloodplasma-5 
Processing: Victoria_University.Subject-05.bloodplasma-5  center sample:  Victoria_University.Subject-04.bloodplasma-5 
Processing: Victoria_University.Subject-05.bloodplasma-5  center sample:  Victoria_University.Subject-04.bloodplasma-5 
Processing: Victoria_University.Subject-05.bloodplasma-5  center sample:  Victoria_University.Subject-04.bloodplasma-5 
Processing: Victoria_University.Subject-05.bloodplasma-5  center sample:  Victoria_University.Subject-04.bloodplasma-5 
Processing: Victoria_University.Subject-05.bloodplasma-5  Victoria_University.Subject-02.bloodplasma-8  Victoria_University.Subject-01.bloodplasma-1  Victoria_University.Subject-01.bloodplasma-7  
center sample:  Victoria_University.Subject-04.bloodplasma-5 
Processing: Victoria_University.Subject-05.bloodplasma-5  center sample:  Victoria_University.Subject-04.bloodplasma-5 
Processing: Victoria_University.Subject-05.bloodplasma-5  center sample:  Victoria_University.Subject-04.bloodplasma-5 
Processing: Victoria_University.Subject-05.bloodplasma-5  center sample:  Victoria_University.Subject-04.bloodplasma-5 
Processing: Victoria_University.Subject-05.bloodplasma-5  center sample:  Victoria_University.Subject-04.bloodplasma-5 
Processing: Victoria_University.Subject-05.bloodplasma-5  Victoria_University.Subject-02.bloodplasma-8  Victoria_University.Subject-01.bloodplasma-1  Victoria_University.Subject-01.bloodplasma-7  
center sample:  Victoria_University.Subject-04.bloodplasma-5 
Processing: Victoria_University.Subject-05.bloodplasma-5  Victoria_University.Subject-02.bloodplasma-8  Victoria_University.Subject-01.bloodplasma-1  Victoria_University.Subject-01.bloodplasma-7  
center sample:  Victoria_University.Subject-04.bloodplasma-5 
Processing: Victoria_University.Subject-05.bloodplasma-5  Victoria_University.Subject-02.bloodplasma-8  Victoria_University.Subject-01.bloodplasma-1  Victoria_University.Subject-01.bloodplasma-7  
center sample:  Victoria_University.Subject-04.bloodplasma-5 
Processing: Victoria_University.Subject-05.bloodplasma-5  Victoria_University.Subject-02.bloodplasma-8  Victoria_University.Subject-01.bloodplasma-1  Victoria_University.Subject-01.bloodplasma-7  
center sample:  Victoria_University.Subject-04.bloodplasma-5 
Processing: Victoria_University.Subject-05.bloodplasma-5  center sample:  Victoria_University.Subject-04.bloodplasma-5 
Processing: Victoria_University.Subject-05.bloodplasma-5  center sample:  Victoria_University.Subject-04.bloodplasma-5 
Processing: Victoria_University.Subject-05.bloodplasma-5  center sample:  Victoria_University.Subject-04.bloodplasma-5 
Processing: Victoria_University.Subject-05.bloodplasma-5  center sample:  Victoria_University.Subject-04.bloodplasma-5 
Processing: Victoria_University.Subject-05.bloodplasma-5  Victoria_University.Subject-02.bloodplasma-8  Victoria_University.Subject-01.bloodplasma-1  Victoria_University.Subject-01.bloodplasma-7  
center sample:  Victoria_University.Subject-04.bloodplasma-5 
Processing: Victoria_University.Subject-05.bloodplasma-5  Victoria_University.Subject-02.bloodplasma-8  Victoria_University.Subject-01.bloodplasma-1  Victoria_University.Subject-01.bloodplasma-7  
center sample:  Victoria_University.Subject-04.bloodplasma-5 
Processing: Victoria_University.Subject-05.bloodplasma-5  Victoria_University.Subject-02.bloodplasma-8  Victoria_University.Subject-01.bloodplasma-1  Victoria_University.Subject-01.bloodplasma-7  
center sample:  Victoria_University.Subject-04.bloodplasma-5 
Processing: Victoria_University.Subject-05.bloodplasma-5  Victoria_University.Subject-02.bloodplasma-8  Victoria_University.Subject-01.bloodplasma-1  Victoria_University.Subject-01.bloodplasma-7  
center sample:  Victoria_University.Subject-04.bloodplasma-5 
Processing: Victoria_University.Subject-05.bloodplasma-5  center sample:  Victoria_University.Subject-04.bloodplasma-5 
Processing: Victoria_University.Subject-05.bloodplasma-5  center sample:  Victoria_University.Subject-04.bloodplasma-5 
Processing: Victoria_University.Subject-05.bloodplasma-5  center sample:  Victoria_University.Subject-04.bloodplasma-5 
Processing: Victoria_University.Subject-05.bloodplasma-5  center sample:  Victoria_University.Subject-04.bloodplasma-5 
Processing: Victoria_University.Subject-05.bloodplasma-5  Victoria_University.Subject-02.bloodplasma-8  Victoria_University.Subject-01.bloodplasma-1  Victoria_University.Subject-01.bloodplasma-7  
center sample:  Victoria_University.Subject-04.bloodplasma-5 
Processing: Victoria_University.Subject-05.bloodplasma-5  Victoria_University.Subject-02.bloodplasma-8  Victoria_University.Subject-01.bloodplasma-1  Victoria_University.Subject-01.bloodplasma-7  
center sample:  Victoria_University.Subject-04.bloodplasma-5 
Processing: Victoria_University.Subject-05.bloodplasma-5  Victoria_University.Subject-02.bloodplasma-8  Victoria_University.Subject-01.bloodplasma-1  Victoria_University.Subject-01.bloodplasma-7  
center sample:  Victoria_University.Subject-04.bloodplasma-5 
Processing: Victoria_University.Subject-05.bloodplasma-5  Victoria_University.Subject-02.bloodplasma-8  Victoria_University.Subject-01.bloodplasma-1  Victoria_University.Subject-01.bloodplasma-7  
center sample:  Victoria_University.Subject-04.bloodplasma-5 
Processing: Victoria_University.Subject-05.bloodplasma-5  center sample:  Victoria_University.Subject-04.bloodplasma-5 
Processing: Victoria_University.Subject-05.bloodplasma-5  center sample:  Victoria_University.Subject-04.bloodplasma-5 
Processing: Victoria_University.Subject-05.bloodplasma-5  center sample:  Victoria_University.Subject-04.bloodplasma-5 
Processing: Victoria_University.Subject-05.bloodplasma-5  center sample:  Victoria_University.Subject-04.bloodplasma-5 
Processing: Victoria_University.Subject-05.bloodplasma-5  Victoria_University.Subject-02.bloodplasma-8  Victoria_University.Subject-01.bloodplasma-1  Victoria_University.Subject-01.bloodplasma-7  
center sample:  Victoria_University.Subject-04.bloodplasma-5 
Processing: Victoria_University.Subject-05.bloodplasma-5  Victoria_University.Subject-02.bloodplasma-8  Victoria_University.Subject-01.bloodplasma-1  Victoria_University.Subject-01.bloodplasma-7  
center sample:  Victoria_University.Subject-04.bloodplasma-5 
Processing: Victoria_University.Subject-05.bloodplasma-5  Victoria_University.Subject-02.bloodplasma-8  Victoria_University.Subject-01.bloodplasma-1  Victoria_University.Subject-01.bloodplasma-7  
center sample:  Victoria_University.Subject-04.bloodplasma-5 
Processing: Victoria_University.Subject-05.bloodplasma-5  Victoria_University.Subject-02.bloodplasma-8  Victoria_University.Subject-01.bloodplasma-1  Victoria_University.Subject-01.bloodplasma-7  
center sample:  Victoria_University.Subject-04.bloodplasma-5 
Processing: Victoria_University.Subject-05.bloodplasma-5  center sample:  Victoria_University.Subject-04.bloodplasma-5 
Processing: Victoria_University.Subject-05.bloodplasma-5  center sample:  Victoria_University.Subject-04.bloodplasma-5 
Processing: Victoria_University.Subject-05.bloodplasma-5  center sample:  Victoria_University.Subject-04.bloodplasma-5 
Processing: Victoria_University.Subject-05.bloodplasma-5  center sample:  Victoria_University.Subject-04.bloodplasma-5 
Processing: Victoria_University.Subject-05.bloodplasma-5  center sample:  Victoria_University.Subject-04.bloodplasma-5 
Processing: Victoria_University.Subject-05.bloodplasma-5  center sample:  Victoria_University.Subject-04.bloodplasma-5 
Processing: Victoria_University.Subject-05.bloodplasma-5  Victoria_University.Subject-02.bloodplasma-8  Victoria_University.Subject-01.bloodplasma-1  Victoria_University.Subject-01.bloodplasma-7  
center sample:  Victoria_University.Subject-04.bloodplasma-5 
Processing: Victoria_University.Subject-05.bloodplasma-5  center sample:  Victoria_University.Subject-04.bloodplasma-5 
Processing: Victoria_University.Subject-05.bloodplasma-5  center sample:  Victoria_University.Subject-04.bloodplasma-5 
Processing: Victoria_University.Subject-05.bloodplasma-5  center sample:  Victoria_University.Subject-04.bloodplasma-5 
Processing: Victoria_University.Subject-05.bloodplasma-5  center sample:  Victoria_University.Subject-04.bloodplasma-5 
Processing: Victoria_University.Subject-05.bloodplasma-5  center sample:  Victoria_University.Subject-04.bloodplasma-5 
Processing: Victoria_University.Subject-05.bloodplasma-5  Victoria_University.Subject-02.bloodplasma-8  Victoria_University.Subject-01.bloodplasma-1  Victoria_University.Subject-01.bloodplasma-7  
.71 ... OK
Create profile matrix with method 'bin' and step 0.71 ... OK
Error in .local(object, ...) : 
  Dimensions of profile matrices do not match !

Processing 26602 mz slices ... OK
Create profile matrix with method 'bin' and step 1 ... OK
Create profile matrix with method 'bin' and step 1 ... OK
Create profile matrix with method 'bin' and step 1 ... OK
Create profile matrix with method 'bin' and step 1 ... OK
Create profile matrix with method 'bin' and step 1 ... OK
Processing 26602 mz slices ... OK
Create profile matrix with method 'bin' and step 1 ... OK
Create profile matrix with method 'bin' and step 1 ... OK
Create profile matrix with method 'bin' and step 1 ... OK
Create profile matrix with method 'bin' and step 1 ... OK
Create profile matrix with method 'bin' and step 1 ... OK
Processing 26602 mz slices ... OK
Create profile matrix with method 'bin' and step 1 ... OK
Create profile matrix with method 'bin' and step 1 ... OK
Create profile matrix with method 'bin' and step 1 ... OK
Create profile matrix with method 'bin' and step 1 ... OK
Create profile matrix with method 'bin' and step 1 ... OK
Processing 26602 mz slices ... OK
Create profile matrix with method 'bin' and step 1 ... OK
Create profile matrix with method 'bin' and step 1 ... OK
Create profile matrix with method 'bin' and step 1 ... OK
Create profile matrix with method 'bin' and step 1 ... OK
Create profile matrix with method 'bin' and step 1 ... OK
Processing 26602 mz slices ... OK
Create profile matrix with method 'bin' and step 0.71 ... OK
Create profile matrix with method 'bin' and step 0.71 ... OK
Error in .local(object, ...) : 
  Dimensions of profile matrices do not match !

Processing 26602 mz slices ... OK
Create profile matrix with method 'bin' and step 0.71 ... OK
Create profile matrix with method 'bin' and step 0.71 ... OK
Error in .local(object, ...) : 
  Dimensions of profile matrices do not match !

Processing 26602 mz slices ... OK
Create profile matrix with method 'bin' and step 0.71 ... OK
Create profile matrix with method 'bin' and step 0.71 ... OK
Error in .local(object, ...) : 
  Dimensions of profile matrices do not match !

Processing 26602 mz slices ... OK
Create profile matrix with method 'bin' and step 0.71 ... OK
Create profile matrix with method 'bin' and step 0.71 ... OK
Error in .local(object, ...) : 
  Dimensions of profile matrices do not match !

Processing 26602 mz slices ... OK
Create profile matrix with method 'bin' and step 1 ... OK
Create profile matrix with method 'bin' and step 1 ... OK
Create profile matrix with method 'bin' and step 1 ... OK
Create profile matrix with method 'bin' and step 1 ... OK
Create profile matrix with method 'bin' and step 1 ... OK
Processing 26602 mz slices ... OK
Create profile matrix with method 'bin' and step 1 ... OK
Create profile matrix with method 'bin' and step 1 ... OK
Create profile matrix with method 'bin' and step 1 ... OK
Create profile matrix with method 'bin' and step 1 ... OK
Create profile matrix with method 'bin' and step 1 ... OK
Processing 26602 mz slices ... OK
Create profile matrix with method 'bin' and step 1 ... OK
Create profile matrix with method 'bin' and step 1 ... OK
Create profile matrix with method 'bin' and step 1 ... OK
Create profile matrix with method 'bin' and step 1 ... OK
Create profile matrix with method 'bin' and step 1 ... OK
Processing 26602 mz slices ... OK
Create profile matrix with method 'bin' and step 1 ... OK
Create profile matrix with method 'bin' and step 1 ... OK
Create profile matrix with method 'bin' and step 1 ... OK
Create profile matrix with method 'bin' and step 1 ... OK
Create profile matrix with method 'bin' and step 1 ... OK
Processing 26602 mz slices ... OK
Create profile matrix with method 'bin' and step 0.71 ... OK
Create profile matrix with method 'bin' and step 0.71 ... OK
Error in .local(object, ...) : 
  Dimensions of profile matrices do not match !

Processing 13705 mz slices ... OK
Create profile matrix with method 'bin' and step 0.71 ... OK
Create profile matrix with method 'bin' and step 0.71 ... OK
Error in .local(object, ...) : 
  Dimensions of profile matrices do not match !

Processing 13705 mz slices ... OK
Create profile matrix with method 'bin' and step 0.71 ... OK
Create profile matrix with method 'bin' and step 0.71 ... OK
Error in .local(object, ...) : 
  Dimensions of profile matrices do not match !

Processing 13705 mz slices ... OK
Create profile matrix with method 'bin' and step 0.71 ... OK
Create profile matrix with method 'bin' and step 0.71 ... OK
Error in .local(object, ...) : 
  Dimensions of profile matrices do not match !

Processing 13705 mz slices ... OK
Create profile matrix with method 'bin' and step 1 ... OK
Create profile matrix with method 'bin' and step 1 ... OK
Create profile matrix with method 'bin' and step 1 ... OK
Create profile matrix with method 'bin' and step 1 ... OK
Create profile matrix with method 'bin' and step 1 ... OK
Processing 13705 mz slices ... OK
Create profile matrix with method 'bin' and step 1 ... OK
Create profile matrix with method 'bin' and step 1 ... OK
Create profile matrix with method 'bin' and step 1 ... OK
Create profile matrix with method 'bin' and step 1 ... OK
Create profile matrix with method 'bin' and step 1 ... OK
Processing 13705 mz slices ... OK
Create profile matrix with method 'bin' and step 1 ... OK
Create profile matrix with method 'bin' and step 1 ... OK
Create profile matrix with method 'bin' and step 1 ... OK
Create profile matrix with method 'bin' and step 1 ... OK
Create profile matrix with method 'bin' and step 1 ... OK
Processing 13705 mz slices ... OK
Create profile matrix with method 'bin' and step 1 ... OK
Create profile matrix with method 'bin' and step 1 ... OK
Create profile matrix with method 'bin' and step 1 ... OK
Create profile matrix with method 'bin' and step 1 ... OK
Create profile matrix with method 'bin' and step 1 ... OK
Processing 13705 mz slices ... OK
Create profile matrix with method 'bin' and step 0.71 ... OK
Create profile matrix with method 'bin' and step 0.71 ... OK
Error in .local(object, ...) : 
  Dimensions of profile matrices do not match !

Processing 13705 mz slices ... OK
Create profile matrix with method 'bin' and step 0.71 ... OK
Create profile matrix with method 'bin' and step 0.71 ... OK
Error in .local(object, ...) : 
  Dimensions of profile matrices do not match !

Processing 13705 mz slices ... OK
Create profile matrix with method 'bin' and step 0.71 ... OK
Create profile matrix with method 'bin' and step 0.71 ... OK
Error in .local(object, ...) : 
  Dimensions of profile matrices do not match !

Processing 13705 mz slices ... OK
Create profile matrix with method 'bin' and step 0.71 ... OK
Create profile matrix with method 'bin' and step 0.71 ... OK
Error in .local(object, ...) : 
  Dimensions of profile matrices do not match !

Processing 13705 mz slices ... OK
Create profile matrix with method 'bin' and step 1 ... OK
Create profile matrix with method 'bin' and step 1 ... OK
Create profile matrix with method 'bin' and step 1 ... OK
Create profile matrix with method 'bin' and step 1 ... OK
Create profile matrix with method 'bin' and step 1 ... OK
Processing 13705 mz slices ... OK
Create profile matrix with method 'bin' and step 1 ... OK
Create profile matrix with method 'bin' and step 1 ... OK
Create profile matrix with method 'bin' and step 1 ... OK
Create profile matrix with method 'bin' and step 1 ... OK
Create profile matrix with method 'bin' and step 1 ... OK
Processing 13705 mz slices ... OK
Create profile matrix with method 'bin' and step 1 ... OK
Create profile matrix with method 'bin' and step 1 ... OK
Create profile matrix with method 'bin' and step 1 ... OK
Create profile matrix with method 'bin' and step 1 ... OK
Create profile matrix with method 'bin' and step 1 ... OK
Processing 13705 mz slices ... OK
Create profile matrix with method 'bin' and step 1 ... OK
Create profile matrix with method 'bin' and step 1 ... OK
Create profile matrix with method 'bin' and step 1 ... OK
Create profile matrix with method 'bin' and step 1 ... OK
Create profile matrix with method 'bin' and step 1 ... OK
Processing 13705 mz slices ... OK
Create profile matrix with method 'bin' and step 0.855 ... OK
Create profile matrix with method 'bin' and step 0.855 ... OK
Error in .local(object, ...) : 
  Dimensions of profile matrices do not match !

Processing 18090 mz slices ... OK
Create profile matrix with method 'bin' and step 0.855 ... OK
Create profile matrix with method 'bin' and step 0.855 ... OK
Error in .local(object, ...) : 
  Dimensions of profile matrices do not match !

Processing 18090 mz slices ... OK
Create profile matrix with method 'bin' and step 0.855 ... OK
Create profile matrix with method 'bin' and step 0.855 ... OK
Error in .local(object, ...) : 
  Dimensions of profile matrices do not match !

Processing 18090 mz slices ... OK
Create profile matrix with method 'bin' and step 0.855 ... OK
Create profile matrix with method 'bin' and step 0.855 ... OK
Error in .local(object, ...) : 
  Dimensions of profile matrices do not match !

Processing 18090 mz slices ... OK
Create profile matrix with method 'bin' and step 0.855 ... OK
Create profile matrix with method 'bin' and step 0.855 ... OK
Error in .local(object, ...) : 
  Dimensions of profile matrices do not match !

Processing 18090 mz slices ... OK
Create profile matrix with method 'bin' and step 0.71 ... OK
Create profile matrix with method 'bin' and step 0.71 ... OK
Error in .local(object, ...) : 
  Dimensions of profile matrices do not match !

Processing 18090 mz slices ... OK
Create profile matrix with method 'bin' and step 1 ... OK
Create profile matrix with method 'bin' and step 1 ... OK
Create profile matrix with method 'bin' and step 1 ... OK
Create profile matrix with method 'bin' and step 1 ... OK
Create profile matrix with method 'bin' and step 1 ... OK
Processing 18090 mz slices ... OK
Create profile matrix with method 'bin' and step 0.855 ... OK
Create profile matrix with method 'bin' and step 0.855 ... OK
Error in .local(object, ...) : 
  Dimensions of profile matrices do not match !

Processing 18090 mz slices ... OK
Create profile matrix with method 'bin' and step 0.855 ... OK
Create profile matrix with method 'bin' and step 0.855 ... OK
Error in .local(object, ...) : 
  Dimensions of profile matrices do not match !

Processing 18090 mz slices ... OK
Create profile matrix with method 'bin' and step 0.855 ... OK
Create profile matrix with method 'bin' and step 0.855 ... OK
Error in .local(object, ...) : 
  Dimensions of profile matrices do not match !

Processing 26602 mz slices ... OK
Create profile matrix with method 'bin' and step 0.855 ... OK
Create profile matrix with method 'bin' and step 0.855 ... OK
Error in .local(object, ...) : 
  Dimensions of profile matrices do not match !

Processing 13705 mz slices ... OK
Create profile matrix with method 'bin' and step 0.855 ... OK
Create profile matrix with method 'bin' and step 0.855 ... OK
Error in .local(object, ...) : 
  Dimensions of profile matrices do not match !

Processing 18090 mz slices ... OK
Create profile matrix with method 'bin' and step 1 ... OK
Create profile matrix with method 'bin' and step 1 ... OK
Create profile matrix with method 'bin' and step 1 ... OK
Create profile matrix with method 'bin' and step 1 ... OK
Create profile matrix with method 'bin' and step 1 ... OK
Processing 13705 mz slices ... OK
no increase stopping
library(xcms)
library(Rmpi)

xset <- xcmsSet( 
  method = "centWave",
  peakwidth       = c(16, 51),
  ppm             = 17,
  noise           = 5,
  snthresh        = 10,
  mzdiff          = -0.001,
  prefilter       = c(3, 5),
  mzCenterFun     = "wMean",
  integrate       = 2,
  fitgauss        = FALSE,
  verbose.columns = TRUE)
xset <- retcor( 
  xset,
  method         = "obiwarp",
  plottype       = "none",
  distFunc       = "cor_opt",
  profStep       = 1,
  center         = 5,
  response       = 1,
  gapInit        = 0.4,
  gapExtend      = 2.4,
  factorDiag     = 2,
  factorGap      = 1,
  localAlignment = 0)
xset <- group( 
  xset,
  method  = "density",
  bw      = 30,
  mzwid   = 0.025,
  minfrac = 0.05,
  minsamp = 1,
  max     = 50)

xset <- fillPeaks(xset)
Warning message:
In sink() : no sink to remove
