INFO:root:++++++ Need to convert cdf data to mzData ++++++
INFO:root:++++++ Done with cdf to mzData conversion ++++++
INFO:root:++++++ No IPO out files given, Running IPO ++++++
INFO:root:['nohup Rscript IPO_param_picking.R --fnames mzData_from_cdf.txt --whichFile 40 --isotope CAMERA >> IPO_40.out', 'nohup Rscript IPO_param_picking.R --fnames mzData_from_cdf.txt --whichFile 1 --isotope CAMERA >> IPO_1.out', 'nohup Rscript IPO_param_picking.R --fnames mzData_from_cdf.txt --whichFile 47 --isotope CAMERA >> IPO_47.out']
INFO:root:++++++ Getting xcms parameters ++++++
INFO:root:No params created due to no IPO runs finishing, debug and rerun
INFO:root:++++++ Need to convert cdf data to mzData ++++++
INFO:root:++++++ Done with cdf to mzData conversion ++++++
INFO:root:++++++ No IPO out files given, Running IPO ++++++
INFO:root:['nohup Rscript IPO_param_picking.R --fnames mzData_from_cdf.txt --whichFile 31 --isotope CAMERA > IPO_31.out', 'nohup Rscript IPO_param_picking.R --fnames mzData_from_cdf.txt --whichFile 40 --isotope CAMERA > IPO_40.out', 'nohup Rscript IPO_param_picking.R --fnames mzData_from_cdf.txt --whichFile 30 --isotope CAMERA > IPO_30.out']
INFO:root:++++++ Getting xcms parameters ++++++
INFO:root:No params created due to no IPO runs finishing, debug and rerun
INFO:root:++++++ Need to convert cdf data to mzData ++++++
INFO:root:++++++ Done with cdf to mzData conversion ++++++
INFO:root:++++++ No IPO out files given, Running IPO ++++++
INFO:root:['nohup Rscript IPO_param_picking.R --fnames mzData_from_cdf.txt --whichFile 12 --isotope CAMERA > IPO_12.out', 'nohup Rscript IPO_param_picking.R --fnames mzData_from_cdf.txt --whichFile 38 --isotope CAMERA > IPO_38.out', 'nohup Rscript IPO_param_picking.R --fnames mzData_from_cdf.txt --whichFile 53 --isotope CAMERA > IPO_53.out']
INFO:root:++++++ Getting xcms parameters ++++++
INFO:root:No params created due to no IPO runs finishing, debug and rerun
INFO:root:++++++ Need to convert cdf data to mzData ++++++
INFO:root:++++++ Done with cdf to mzData conversion ++++++
INFO:root:++++++ No IPO out files given, Running IPO ++++++
INFO:root:['nohup Rscript IPO_param_picking.R --fnames mzData_from_cdf.txt --whichFile 13 --isotope CAMERA > IPO_13.out', 'nohup Rscript IPO_param_picking.R --fnames mzData_from_cdf.txt --whichFile 14 --isotope CAMERA > IPO_14.out', 'nohup Rscript IPO_param_picking.R --fnames mzData_from_cdf.txt --whichFile 7 --isotope CAMERA > IPO_7.out']
INFO:root:++++++ Getting xcms parameters ++++++
INFO:root:No params created due to no IPO runs finishing, debug and rerun
INFO:root:++++++ Need to convert cdf data to mzData ++++++
INFO:root:++++++ Done with cdf to mzData conversion ++++++
INFO:root:++++++ No IPO out files given, Running IPO ++++++
INFO:root:['nohup Rscript IPO_param_picking.R --fnames mzData_from_cdf.txt --whichFile 14 --isotope CAMERA > IPO_14.out', 'nohup Rscript IPO_param_picking.R --fnames mzData_from_cdf.txt --whichFile 13 --isotope CAMERA > IPO_13.out', 'nohup Rscript IPO_param_picking.R --fnames mzData_from_cdf.txt --whichFile 42 --isotope CAMERA > IPO_42.out']
INFO:root:++++++ Need to convert cdf data to mzData ++++++
INFO:root:++++++ Done with cdf to mzData conversion ++++++
INFO:root:++++++ No IPO out files given, Running IPO ++++++
INFO:root:['nohup Rscript IPO_param_picking.R --fnames mzData_from_cdf.txt --whichFile 53 --isotope CAMERA > IPO_53.out', 'nohup Rscript IPO_param_picking.R --fnames mzData_from_cdf.txt --whichFile 21 --isotope CAMERA > IPO_21.out', 'nohup Rscript IPO_param_picking.R --fnames mzData_from_cdf.txt --whichFile 43 --isotope CAMERA > IPO_43.out']
INFO:root:++++++ Getting xcms parameters ++++++
INFO:root:params: {'peakMin': 24.0, 'peakMax': 65.0, 'ppm': 32.0, 'noise': 5.0, 'snthresh': 10.0, 'mzdiff': 0.01, 'filterMin': 3.0, 'filterMax': 475.25, 'integrate': 2.0, 'binSizeObi': 1.0, 'gapInit': 0.0, 'gapExtend': 2.7, 'bw': 22.0, 'binSizeDensity': 0.015, 'minfrac': 0.05, 'minsamp': 1.0}
INFO:root:params: {'peakMin': 20.0, 'peakMax': 72.5, 'ppm': 35.75, 'noise': 1.0, 'snthresh': 10.0, 'mzdiff': 0.01275, 'filterMin': 3.0, 'filterMax': 1.0, 'integrate': 2.0, 'binSizeObi': 1.0, 'gapInit': 0.0, 'gapExtend': 2.7, 'bw': 22.0, 'binSizeDensity': 0.015, 'minfrac': 0.05, 'minsamp': 1.0}
INFO:root:params: {'peakMin': 15.2, 'peakMax': 50.0, 'ppm': 32.0, 'noise': 5.0, 'snthresh': 10.0, 'mzdiff': 0.01, 'filterMin': 3.0, 'filterMax': 5.0, 'integrate': 2.0, 'binSizeObi': 0.7, 'gapInit': 0.0, 'gapExtend': 2.4, 'bw': 30.0, 'binSizeDensity': 0.025, 'minfrac': 0.05, 'minsamp': 1.0}
INFO:root:++++++ XCMS params ++++++
INFO:root:{'peakMin': 19.733333333333334, 'peakMax': 62.5, 'ppm': 33.25, 'noise': 3.6666666666666665, 'snthresh': 10.0, 'mzdiff': 0.010916666666666667, 'filterMin': 3.0, 'filterMax': 160.41666666666666, 'integrate': 2.0, 'binSizeObi': 0.9, 'gapInit': 0.0, 'gapExtend': 2.6, 'bw': 24.666666666666668, 'binSizeDensity': 0.018333333333333333, 'minfrac': 0.05000000000000001, 'minsamp': 1.0, 'file_count': 1.0}
INFO:root:++++++ Starting xcms run ++++++
INFO:root:nohup Rscript ./extract_features_xcms3.R --fnames '/home/downloading_data/MTBLS191/cdf/mzData_from_cdf.txt' --ppm 33.25 --mode 'positive' --peakMin 19.733333333333334 --peakMax 62.5 --mzdiff 0.010916666666666667 --binSizeObi 0.9 --gapInit 0.0 --gapExtend 2.6 --bw 24.666666666666668 --minFrac 0.05000000000000001 --binSizeDensity 0.018333333333333333 --alignedFile '/home/downloading_data/MTBLS191/cdf/IPO_aligned_MTBLS191.csv' --noise 3.6666666666666665 --filterMin 3.0 --filterMax 160.41666666666666 > '/home/downloading_data/MTBLS191/cdf/mzData_from_cdf_feat_extraction.out'
INFO:root:++++++ Completed xcms run ++++++
INFO:root:++++++ Need to convert cdf data to mzData ++++++
INFO:root:++++++ Done with cdf to mzData conversion ++++++
INFO:root:++++++ No IPO out files given, Running IPO ++++++
INFO:root:['nohup Rscript IPO_param_picking.R --fnames mzData_from_cdf.txt --whichFile 6 --isotope CAMERA > IPO_6.out', 'nohup Rscript IPO_param_picking.R --fnames mzData_from_cdf.txt --whichFile 38 --isotope CAMERA > IPO_38.out', 'nohup Rscript IPO_param_picking.R --fnames mzData_from_cdf.txt --whichFile 50 --isotope CAMERA > IPO_50.out']
INFO:root:++++++ Getting xcms parameters ++++++
INFO:root:params: {'peakMin': 24.0, 'peakMax': 65.0, 'ppm': 32.0, 'noise': 5.0, 'snthresh': 10.0, 'mzdiff': 0.01, 'filterMin': 3.0, 'filterMax': 475.25, 'integrate': 2.0, 'binSizeObi': 0.85, 'gapInit': 0.22, 'gapExtend': 2.7, 'bw': 38.0, 'binSizeDensity': 0.015, 'minfrac': 0.05, 'minsamp': 1.0}
INFO:root:params: {'peakMin': 20.0, 'peakMax': 35.0, 'ppm': 32.0, 'noise': 500.0, 'snthresh': 10.0, 'mzdiff': 0.01, 'filterMin': 3.0, 'filterMax': 500.0, 'integrate': 2.0, 'binSizeObi': 1.0, 'gapInit': 0.0, 'gapExtend': 2.7, 'bw': 38.0, 'binSizeDensity': 0.015, 'minfrac': 0.05, 'minsamp': 1.0}
INFO:root:params: {'peakMin': 28.0, 'peakMax': 51.5, 'ppm': 24.5, 'noise': 252.5, 'snthresh': 10.0, 'mzdiff': 0.0045, 'filterMin': 3.0, 'filterMax': 252.5, 'integrate': 2.0, 'binSizeObi': 1.0, 'gapInit': 0.0, 'gapExtend': 2.4, 'bw': 38.0, 'binSizeDensity': 0.025, 'minfrac': 0.05, 'minsamp': 1.0}
INFO:root:++++++ XCMS params ++++++
INFO:root:{'peakMin': 24.0, 'peakMax': 50.5, 'ppm': 29.5, 'noise': 252.5, 'snthresh': 10.0, 'mzdiff': 0.008166666666666668, 'filterMin': 3.0, 'filterMax': 409.25, 'integrate': 2.0, 'binSizeObi': 0.9500000000000001, 'gapInit': 0.07333333333333333, 'gapExtend': 2.6, 'bw': 38.0, 'binSizeDensity': 0.018333333333333333, 'minfrac': 0.05000000000000001, 'minsamp': 1.0, 'file_count': 1.0}
INFO:root:++++++ Starting xcms run ++++++
INFO:root:nohup Rscript ./extract_features_xcms3.R --fnames '/home/downloading_data/MTBLS191/cdf/mzData_from_cdf.txt' --ppm 29.5 --mode 'positive' --peakMin 24.0 --peakMax 50.5 --mzdiff 0.008166666666666668 --binSizeObi 0.9500000000000001 --gapInit 0.07333333333333333 --gapExtend 2.6 --bw 38.0 --minFrac 0.05000000000000001 --binSizeDensity 0.018333333333333333 --alignedFile '/home/downloading_data/MTBLS191/cdf/IPO_aligned_MTBLS191.csv' --noise 252.5 --filterMin 3.0 --filterMax 409.25 > '/home/downloading_data/MTBLS191/cdf/mzData_from_cdf_feat_extraction.out'
INFO:root:++++++ Completed xcms run ++++++
