[1] ".CDF"
 [1] "/home/downloading_data/MTBLS19/raw/neg/exp1/Exp1F_CRR_10_NEG.CDF"
 [2] "/home/downloading_data/MTBLS19/raw/neg/exp1/Exp1F_CRR_11_NEG.CDF"
 [3] "/home/downloading_data/MTBLS19/raw/neg/exp1/Exp1F_CRR_12_NEG.CDF"
 [4] "/home/downloading_data/MTBLS19/raw/neg/exp1/Exp1F_CRR_13_NEG.CDF"
 [5] "/home/downloading_data/MTBLS19/raw/neg/exp1/Exp1F_CRR_14_NEG.CDF"
 [6] "/home/downloading_data/MTBLS19/raw/neg/exp1/Exp1F_CRR_15_NEG.CDF"
 [7] "/home/downloading_data/MTBLS19/raw/neg/exp1/Exp1F_CRR_16_NEG.CDF"
 [8] "/home/downloading_data/MTBLS19/raw/neg/exp1/Exp1F_CRR_17_NEG.CDF"
 [9] "/home/downloading_data/MTBLS19/raw/neg/exp1/Exp1F_CRR_18_NEG.CDF"
[10] "/home/downloading_data/MTBLS19/raw/neg/exp1/Exp1F_CRR_19_NEG.CDF"
[11] "/home/downloading_data/MTBLS19/raw/neg/exp1/Exp1F_CRR_1_NEG.CDF" 
[12] "/home/downloading_data/MTBLS19/raw/neg/exp1/Exp1F_CRR_20_NEG.CDF"
[13] "/home/downloading_data/MTBLS19/raw/neg/exp1/Exp1F_CRR_21_NEG.CDF"
[14] "/home/downloading_data/MTBLS19/raw/neg/exp1/Exp1F_CRR_22_NEG.CDF"
[15] "/home/downloading_data/MTBLS19/raw/neg/exp1/Exp1F_CRR_23_NEG.CDF"
[16] "/home/downloading_data/MTBLS19/raw/neg/exp1/Exp1F_CRR_24_NEG.CDF"
[17] "/home/downloading_data/MTBLS19/raw/neg/exp1/Exp1F_CRR_25_NEG.CDF"
[18] "/home/downloading_data/MTBLS19/raw/neg/exp1/Exp1F_CRR_2_NEG.CDF" 
[19] "/home/downloading_data/MTBLS19/raw/neg/exp1/Exp1F_CRR_3_NEG.CDF" 
[20] "/home/downloading_data/MTBLS19/raw/neg/exp1/Exp1F_CRR_4_NEG.CDF" 
[21] "/home/downloading_data/MTBLS19/raw/neg/exp1/Exp1F_CRR_5_NEG.CDF" 
[22] "/home/downloading_data/MTBLS19/raw/neg/exp1/Exp1F_CRR_6_NEG.CDF" 
[23] "/home/downloading_data/MTBLS19/raw/neg/exp1/Exp1F_CRR_7_NEG.CDF" 
[24] "/home/downloading_data/MTBLS19/raw/neg/exp1/Exp1F_CRR_8_NEG.CDF" 
[25] "/home/downloading_data/MTBLS19/raw/neg/exp1/Exp1F_CRR_9_NEG.CDF" 
[26] "/home/downloading_data/MTBLS19/raw/neg/exp1/Exp1F_HCC_10_NEG.CDF"
[27] "/home/downloading_data/MTBLS19/raw/neg/exp1/Exp1F_HCC_11_NEG.CDF"
[28] "/home/downloading_data/MTBLS19/raw/neg/exp1/Exp1F_HCC_12_NEG.CDF"
[29] "/home/downloading_data/MTBLS19/raw/neg/exp1/Exp1F_HCC_13_NEG.CDF"
[30] "/home/downloading_data/MTBLS19/raw/neg/exp1/Exp1F_HCC_14_NEG.CDF"
[31] "/home/downloading_data/MTBLS19/raw/neg/exp1/Exp1F_HCC_15_NEG.CDF"
[32] "/home/downloading_data/MTBLS19/raw/neg/exp1/Exp1F_HCC_16_NEG.CDF"
[33] "/home/downloading_data/MTBLS19/raw/neg/exp1/Exp1F_HCC_17_NEG.CDF"
[34] "/home/downloading_data/MTBLS19/raw/neg/exp1/Exp1F_HCC_18_NEG.CDF"
[35] "/home/downloading_data/MTBLS19/raw/neg/exp1/Exp1F_HCC_19_NEG.CDF"
[36] "/home/downloading_data/MTBLS19/raw/neg/exp1/Exp1F_HCC_1_NEG.CDF" 
[37] "/home/downloading_data/MTBLS19/raw/neg/exp1/Exp1F_HCC_20_NEG.CDF"
[38] "/home/downloading_data/MTBLS19/raw/neg/exp1/Exp1F_HCC_2_NEG.CDF" 
[39] "/home/downloading_data/MTBLS19/raw/neg/exp1/Exp1F_HCC_3_NEG.CDF" 
[40] "/home/downloading_data/MTBLS19/raw/neg/exp1/Exp1F_HCC_4_NEG.CDF" 
[41] "/home/downloading_data/MTBLS19/raw/neg/exp1/Exp1F_HCC_5_NEG.CDF" 
[42] "/home/downloading_data/MTBLS19/raw/neg/exp1/Exp1F_HCC_6_NEG.CDF" 
[43] "/home/downloading_data/MTBLS19/raw/neg/exp1/Exp1F_HCC_7_NEG.CDF" 
[44] "/home/downloading_data/MTBLS19/raw/neg/exp1/Exp1F_HCC_8_NEG.CDF" 
[45] "/home/downloading_data/MTBLS19/raw/neg/exp1/Exp1F_HCC_9_NEG.CDF" 
[46] "/home/downloading_data/MTBLS19/raw/neg/exp1/Exp1R_CRR_10_NEG.CDF"
[47] "/home/downloading_data/MTBLS19/raw/neg/exp1/Exp1R_CRR_11_NEG.CDF"
[48] "/home/downloading_data/MTBLS19/raw/neg/exp1/Exp1R_CRR_12_NEG.CDF"
[49] "/home/downloading_data/MTBLS19/raw/neg/exp1/Exp1R_CRR_13_NEG.CDF"
[50] "/home/downloading_data/MTBLS19/raw/neg/exp1/Exp1R_CRR_14_NEG.CDF"
[51] "/home/downloading_data/MTBLS19/raw/neg/exp1/Exp1R_CRR_15_NEG.CDF"
[52] "/home/downloading_data/MTBLS19/raw/neg/exp1/Exp1R_CRR_16_NEG.CDF"
[53] "/home/downloading_data/MTBLS19/raw/neg/exp1/Exp1R_CRR_17_NEG.CDF"
[54] "/home/downloading_data/MTBLS19/raw/neg/exp1/Exp1R_CRR_18_NEG.CDF"
[55] "/home/downloading_data/MTBLS19/raw/neg/exp1/Exp1R_CRR_19_NEG.CDF"
[56] "/home/downloading_data/MTBLS19/raw/neg/exp1/Exp1R_CRR_1_NEG.CDF" 
[57] "/home/downloading_data/MTBLS19/raw/neg/exp1/Exp1R_CRR_20_NEG.CDF"
[58] "/home/downloading_data/MTBLS19/raw/neg/exp1/Exp1R_CRR_21_NEG.CDF"
[59] "/home/downloading_data/MTBLS19/raw/neg/exp1/Exp1R_CRR_22_NEG.CDF"
[60] "/home/downloading_data/MTBLS19/raw/neg/exp1/Exp1R_CRR_23_NEG.CDF"
[61] "/home/downloading_data/MTBLS19/raw/neg/exp1/Exp1R_CRR_24_NEG.CDF"
[62] "/home/downloading_data/MTBLS19/raw/neg/exp1/Exp1R_CRR_25_NEG.CDF"
[63] "/home/downloading_data/MTBLS19/raw/neg/exp1/Exp1R_CRR_2_NEG.CDF" 
[64] "/home/downloading_data/MTBLS19/raw/neg/exp1/Exp1R_CRR_3_NEG.CDF" 
[65] "/home/downloading_data/MTBLS19/raw/neg/exp1/Exp1R_CRR_4_NEG.CDF" 
[66] "/home/downloading_data/MTBLS19/raw/neg/exp1/Exp1R_CRR_5_NEG.CDF" 
[67] "/home/downloading_data/MTBLS19/raw/neg/exp1/Exp1R_CRR_6_NEG.CDF" 
[68] "/home/downloading_data/MTBLS19/raw/neg/exp1/Exp1R_CRR_7_NEG.CDF" 
[69] "/home/downloading_data/MTBLS19/raw/neg/exp1/Exp1R_CRR_8_NEG.CDF" 
[70] "/home/downloading_data/MTBLS19/raw/neg/exp1/Exp1R_CRR_9_NEG.CDF" 
[71] "/home/downloading_data/MTBLS19/raw/neg/exp1/Exp1R_HCC_10_NEG.CDF"
[72] "/home/downloading_data/MTBLS19/raw/neg/exp1/Exp1R_HCC_11_NEG.CDF"
[73] "/home/downloading_data/MTBLS19/raw/neg/exp1/Exp1R_HCC_12_NEG.CDF"
[74] "/home/downloading_data/MTBLS19/raw/neg/exp1/Exp1R_HCC_13_NEG.CDF"
[75] "/home/downloading_data/MTBLS19/raw/neg/exp1/Exp1R_HCC_14_NEG.CDF"
[76] "/home/downloading_data/MTBLS19/raw/neg/exp1/Exp1R_HCC_15_NEG.CDF"
[77] "/home/downloading_data/MTBLS19/raw/neg/exp1/Exp1R_HCC_16_NEG.CDF"
[78] "/home/downloading_data/MTBLS19/raw/neg/exp1/Exp1R_HCC_17_NEG.CDF"
[79] "/home/downloading_data/MTBLS19/raw/neg/exp1/Exp1R_HCC_18_NEG.CDF"
[80] "/home/downloading_data/MTBLS19/raw/neg/exp1/Exp1R_HCC_19_NEG.CDF"
[81] "/home/downloading_data/MTBLS19/raw/neg/exp1/Exp1R_HCC_1_NEG.CDF" 
[82] "/home/downloading_data/MTBLS19/raw/neg/exp1/Exp1R_HCC_20_NEG.CDF"
[83] "/home/downloading_data/MTBLS19/raw/neg/exp1/Exp1R_HCC_2_NEG.CDF" 
[84] "/home/downloading_data/MTBLS19/raw/neg/exp1/Exp1R_HCC_3_NEG.CDF" 
[85] "/home/downloading_data/MTBLS19/raw/neg/exp1/Exp1R_HCC_4_NEG.CDF" 
[86] "/home/downloading_data/MTBLS19/raw/neg/exp1/Exp1R_HCC_5_NEG.CDF" 
[87] "/home/downloading_data/MTBLS19/raw/neg/exp1/Exp1R_HCC_6_NEG.CDF" 
[88] "/home/downloading_data/MTBLS19/raw/neg/exp1/Exp1R_HCC_7_NEG.CDF" 
[89] "/home/downloading_data/MTBLS19/raw/neg/exp1/Exp1R_HCC_8_NEG.CDF" 
[90] "/home/downloading_data/MTBLS19/raw/neg/exp1/Exp1R_HCC_9_NEG.CDF" 
