xsAnnotate contains no pseudospectra. Regroup all peaks into one!
Generating peak matrix!
Run isotope peak annotation
 % finished: 100  
Found isotopes: 1 
xsAnnotate contains no pseudospectra. Regroup all peaks into one!
Generating peak matrix!
Run isotope peak annotation
 % finished: 100  
Found isotopes: 0 
xsAnnotate contains no pseudospectra. Regroup all peaks into one!
Generating peak matrix!
Run isotope peak annotation
 % finished: 100  
Found isotopes: 3 
xsAnnotate contains no pseudospectra. Regroup all peaks into one!
Generating peak matrix!
Run isotope peak annotation
 % finished: 100  
Found isotopes: 0 
xsAnnotate contains no pseudospectra. Regroup all peaks into one!
Generating peak matrix!
Run isotope peak annotation
 % finished: 100  
Found isotopes: 1 
xsAnnotate contains no pseudospectra. Regroup all peaks into one!
Generating peak matrix!
Run isotope peak annotation
 % finished: 100  
Found isotopes: 0 
xsAnnotate contains no pseudospectra. Regroup all peaks into one!
Generating peak matrix!
Run isotope peak annotation
 % finished: 100  
Found isotopes: 3 
xsAnnotate contains no pseudospectra. Regroup all peaks into one!
Generating peak matrix!
Run isotope peak annotation
 % finished: 100  
Found isotopes: 0 
xsAnnotate contains no pseudospectra. Regroup all peaks into one!
Generating peak matrix!
Run isotope peak annotation
 % finished: 100  
Found isotopes: 1 
xsAnnotate contains no pseudospectra. Regroup all peaks into one!
Generating peak matrix!
Run isotope peak annotation
 % finished: 100  
Found isotopes: 0 
xsAnnotate contains no pseudospectra. Regroup all peaks into one!
Generating peak matrix!
Run isotope peak annotation
 % finished: 100  
Found isotopes: 3 
xsAnnotate contains no pseudospectra. Regroup all peaks into one!
Generating peak matrix!
Run isotope peak annotation
 % finished: 100  
Found isotopes: 0 
xsAnnotate contains no pseudospectra. Regroup all peaks into one!
Generating peak matrix!
Run isotope peak annotation
 % finished: 100  
Found isotopes: 1 
xsAnnotate contains no pseudospectra. Regroup all peaks into one!
Generating peak matrix!
Run isotope peak annotation
 % finished: 100  
Found isotopes: 0 
xsAnnotate contains no pseudospectra. Regroup all peaks into one!
Generating peak matrix!
Run isotope peak annotation
 % finished: 100  
Found isotopes: 3 
xsAnnotate contains no pseudospectra. Regroup all peaks into one!
Generating peak matrix!
Run isotope peak annotation
 % finished: 100  
Found isotopes: 0 
xsAnnotate contains no pseudospectra. Regroup all peaks into one!
Generating peak matrix!
Run isotope peak annotation
 % finished: 100  
Found isotopes: 0 
xsAnnotate contains no pseudospectra. Regroup all peaks into one!
Generating peak matrix!
Run isotope peak annotation
 % finished: 100  
Found isotopes: 3 
xsAnnotate contains no pseudospectra. Regroup all peaks into one!
Generating peak matrix!
Run isotope peak annotation
 % finished: 100  
Found isotopes: 0 
xsAnnotate contains no pseudospectra. Regroup all peaks into one!
Generating peak matrix!
Run isotope peak annotation
 % finished: 100  
Found isotopes: 0 
xsAnnotate contains no pseudospectra. Regroup all peaks into one!
Generating peak matrix!
Run isotope peak annotation
 % finished: 100  
Found isotopes: 0 
xsAnnotate contains no pseudospectra. Regroup all peaks into one!
Generating peak matrix!
Run isotope peak annotation
 % finished: 100  
Found isotopes: 0 
xsAnnotate contains no pseudospectra. Regroup all peaks into one!
Generating peak matrix!
Run isotope peak annotation
 % finished: 100  
Found isotopes: 0 
xsAnnotate contains no pseudospectra. Regroup all peaks into one!
Generating peak matrix!
Run isotope peak annotation
 % finished: 100  
Found isotopes: 0 
xsAnnotate contains no pseudospectra. Regroup all peaks into one!
Generating peak matrix!
Run isotope peak annotation
 % finished: 100  
Found isotopes: 0 
xsAnnotate contains no pseudospectra. Regroup all peaks into one!
Generating peak matrix!
Run isotope peak annotation
 % finished: 100  
Found isotopes: 0 
xsAnnotate contains no pseudospectra. Regroup all peaks into one!
Generating peak matrix!
Run isotope peak annotation
 % finished: 100  
Found isotopes: 3 
xsAnnotate contains no pseudospectra. Regroup all peaks into one!
Generating peak matrix!
Run isotope peak annotation
 % finished: 100  
Found isotopes: 13 
xsAnnotate contains no pseudospectra. Regroup all peaks into one!
Generating peak matrix!
Run isotope peak annotation
 % finished: 100  
Found isotopes: 0 
xsAnnotate contains no pseudospectra. Regroup all peaks into one!
Generating peak matrix!
Run isotope peak annotation
 % finished: 100  
Found isotopes: 14 
xsAnnotate contains no pseudospectra. Regroup all peaks into one!
Generating peak matrix!
Run isotope peak annotation
 % finished: 100  
Found isotopes: 2 
xsAnnotate contains no pseudospectra. Regroup all peaks into one!
Generating peak matrix!
Run isotope peak annotation
 % finished: 100  
Found isotopes: 14 
xsAnnotate contains no pseudospectra. Regroup all peaks into one!
Generating peak matrix!
Run isotope peak annotation
 % finished: 100  
Found isotopes: 0 
xsAnnotate contains no pseudospectra. Regroup all peaks into one!
Generating peak matrix!
Run isotope peak annotation
 % finished: 100  
Found isotopes: 15 
xsAnnotate contains no pseudospectra. Regroup all peaks into one!
Generating peak matrix!
Run isotope peak annotation
 % finished: 100  
Found isotopes: 2 
xsAnnotate contains no pseudospectra. Regroup all peaks into one!
Generating peak matrix!
Run isotope peak annotation
 % finished: 100  
Found isotopes: 13 
xsAnnotate contains no pseudospectra. Regroup all peaks into one!
Generating peak matrix!
Run isotope peak annotation
 % finished: 100  
Found isotopes: 0 
xsAnnotate contains no pseudospectra. Regroup all peaks into one!
Generating peak matrix!
Run isotope peak annotation
 % finished: 100  
Found isotopes: 14 
xsAnnotate contains no pseudospectra. Regroup all peaks into one!
Generating peak matrix!
Run isotope peak annotation
 % finished: 100  
Found isotopes: 2 
xsAnnotate contains no pseudospectra. Regroup all peaks into one!
Generating peak matrix!
Run isotope peak annotation
 % finished: 100  
Found isotopes: 14 
xsAnnotate contains no pseudospectra. Regroup all peaks into one!
Generating peak matrix!
Run isotope peak annotation
 % finished: 100  
Found isotopes: 0 
xsAnnotate contains no pseudospectra. Regroup all peaks into one!
Generating peak matrix!
Run isotope peak annotation
 % finished: 100  
Found isotopes: 15 
xsAnnotate contains no pseudospectra. Regroup all peaks into one!
Generating peak matrix!
Run isotope peak annotation
 % finished: 100  
Found isotopes: 2 
xsAnnotate contains no pseudospectra. Regroup all peaks into one!
Generating peak matrix!
Run isotope peak annotation
 % finished: 100  
Found isotopes: 3 
xsAnnotate contains no pseudospectra. Regroup all peaks into one!
Generating peak matrix!
Run isotope peak annotation
 % finished: 100  
Found isotopes: 15 
xsAnnotate contains no pseudospectra. Regroup all peaks into one!
Generating peak matrix!
Run isotope peak annotation
 % finished: 100  
Found isotopes: 0 
xsAnnotate contains no pseudospectra. Regroup all peaks into one!
Generating peak matrix!
Run isotope peak annotation
 % finished: 100  
Found isotopes: 3 
xsAnnotate contains no pseudospectra. Regroup all peaks into one!
Generating peak matrix!
Run isotope peak annotation
 % finished: 100  
Found isotopes: 4 
xsAnnotate contains no pseudospectra. Regroup all peaks into one!
Generating peak matrix!
Run isotope peak annotation
 % finished: 100  
Found isotopes: 3 
xsAnnotate contains no pseudospectra. Regroup all peaks into one!
Generating peak matrix!
Run isotope peak annotation
 % finished: 100  
Found isotopes: 3 
xsAnnotate contains no pseudospectra. Regroup all peaks into one!
Generating peak matrix!
Run isotope peak annotation
 % finished: 100  
Found isotopes: 3 
xsAnnotate contains no pseudospectra. Regroup all peaks into one!
Generating peak matrix!
Run isotope peak annotation
 % finished: 100  
Found isotopes: 3 
xsAnnotate contains no pseudospectra. Regroup all peaks into one!
Generating peak matrix!
Run isotope peak annotation
 % finished: 100  
Found isotopes: 3 
xsAnnotate contains no pseudospectra. Regroup all peaks into one!
Generating peak matrix!
Run isotope peak annotation
 % finished: 100  
Found isotopes: 15 
xsAnnotate contains no pseudospectra. Regroup all peaks into one!
Generating peak matrix!
Run isotope peak annotation
 % finished: 100  
Found isotopes: 15 
xsAnnotate contains no pseudospectra. Regroup all peaks into one!
Generating peak matrix!
Run isotope peak annotation
 % finished: 100  
Found isotopes: 2 
xsAnnotate contains no pseudospectra. Regroup all peaks into one!
Generating peak matrix!
Run isotope peak annotation
 % finished: 100  
Found isotopes: 15 
xsAnnotate contains no pseudospectra. Regroup all peaks into one!
Generating peak matrix!
Run isotope peak annotation
 % finished: 100  
Found isotopes: 3 
xsAnnotate contains no pseudospectra. Regroup all peaks into one!
Generating peak matrix!
Run isotope peak annotation
 % finished: 100  
Found isotopes: 15 
xsAnnotate contains no pseudospectra. Regroup all peaks into one!
Generating peak matrix!
Run isotope peak annotation
 % finished: 100  
Found isotopes: 2 
xsAnnotate contains no pseudospectra. Regroup all peaks into one!
Generating peak matrix!
Run isotope peak annotation
 % finished: 100  
Found isotopes: 15 
xsAnnotate contains no pseudospectra. Regroup all peaks into one!
Generating peak matrix!
Run isotope peak annotation
 % finished: 100  
Found isotopes: 3 
xsAnnotate contains no pseudospectra. Regroup all peaks into one!
Generating peak matrix!
Run isotope peak annotation
 % finished: 100  
Found isotopes: 15 
xsAnnotate contains no pseudospectra. Regroup all peaks into one!
Generating peak matrix!
Run isotope peak annotation
 % finished: 100  
Found isotopes: 2 
xsAnnotate contains no pseudospectra. Regroup all peaks into one!
Generating peak matrix!
Run isotope peak annotation
 % finished: 100  
Found isotopes: 15 
xsAnnotate contains no pseudospectra. Regroup all peaks into one!
Generating peak matrix!
Run isotope peak annotation
 % finished: 100  
Found isotopes: 3 
xsAnnotate contains no pseudospectra. Regroup all peaks into one!
Generating peak matrix!
Run isotope peak annotation
 % finished: 100  
Found isotopes: 15 
xsAnnotate contains no pseudospectra. Regroup all peaks into one!
Generating peak matrix!
Run isotope peak annotation
 % finished: 100  
Found isotopes: 2 
xsAnnotate contains no pseudospectra. Regroup all peaks into one!
Generating peak matrix!
Run isotope peak annotation
 % finished: 100  
Found isotopes: 15 
xsAnnotate contains no pseudospectra. Regroup all peaks into one!
Generating peak matrix!
Run isotope peak annotation
 % finished: 100  
Found isotopes: 3 
xsAnnotate contains no pseudospectra. Regroup all peaks into one!
Generating peak matrix!
Run isotope peak annotation
 % finished: 100  
Found isotopes: 6 
xsAnnotate contains no pseudospectra. Regroup all peaks into one!
Generating peak matrix!
Run isotope peak annotation
 % finished: 100  
Found isotopes: 15 
xsAnnotate contains no pseudospectra. Regroup all peaks into one!
Generating peak matrix!
Run isotope peak annotation
 % finished: 100  
Found isotopes: 2 
xsAnnotate contains no pseudospectra. Regroup all peaks into one!
Generating peak matrix!
Run isotope peak annotation
 % finished: 100  
Found isotopes: 6 
xsAnnotate contains no pseudospectra. Regroup all peaks into one!
Generating peak matrix!
Run isotope peak annotation
 % finished: 100  
Found isotopes: 6 
xsAnnotate contains no pseudospectra. Regroup all peaks into one!
Generating peak matrix!
Run isotope peak annotation
 % finished: 100  
Found isotopes: 6 
xsAnnotate contains no pseudospectra. Regroup all peaks into one!
Generating peak matrix!
Run isotope peak annotation
 % finished: 100  
Found isotopes: 6 
xsAnnotate contains no pseudospectra. Regroup all peaks into one!
Generating peak matrix!
Run isotope peak annotation
 % finished: 100  
Found isotopes: 6 
xsAnnotate contains no pseudospectra. Regroup all peaks into one!
Generating peak matrix!
Run isotope peak annotation
 % finished: 100  
Found isotopes: 6 
xsAnnotate contains no pseudospectra. Regroup all peaks into one!
Generating peak matrix!
Run isotope peak annotation
 % finished: 100  
Found isotopes: 6 
xsAnnotate contains no pseudospectra. Regroup all peaks into one!
Generating peak matrix!
Run isotope peak annotation
 % finished: 100  
Found isotopes: 15 
center sample:  Exp1R_HCC_11_NEG 
Processing: Exp1R_HCC_5_NEG  Exp1R_HCC_6_NEG  Exp1R_CRR_5_NEG  Exp1R_HCC_3_NEG  
center sample:  Exp1R_HCC_11_NEG 
Processing: Exp1R_HCC_5_NEG  Exp1R_HCC_6_NEG  Exp1R_CRR_5_NEG  Exp1R_HCC_3_NEG  
center sample:  Exp1R_HCC_11_NEG 
Processing: Exp1R_HCC_5_NEG  Exp1R_HCC_6_NEG  Exp1R_CRR_5_NEG  Exp1R_HCC_3_NEG  
center sample:  Exp1R_HCC_11_NEG 
Processing: Exp1R_HCC_5_NEG  Exp1R_HCC_6_NEG  Exp1R_CRR_5_NEG  Exp1R_HCC_3_NEG  
center sample:  Exp1R_HCC_11_NEG 
Processing: Exp1R_HCC_5_NEG  Exp1R_HCC_6_NEG  Exp1R_CRR_5_NEG  Exp1R_HCC_3_NEG  
center sample:  Exp1R_HCC_11_NEG 
Processing: Exp1R_HCC_5_NEG  Exp1R_HCC_6_NEG  Exp1R_CRR_5_NEG  Exp1R_HCC_3_NEG  
center sample:  Exp1R_HCC_11_NEG 
Processing: Exp1R_HCC_5_NEG  Exp1R_HCC_6_NEG  Exp1R_CRR_5_NEG  Exp1R_HCC_3_NEG  
center sample:  Exp1R_HCC_11_NEG 
Processing: Exp1R_HCC_5_NEG  Exp1R_HCC_6_NEG  Exp1R_CRR_5_NEG  Exp1R_HCC_3_NEG  
center sample:  Exp1R_HCC_11_NEG 
Processing: Exp1R_HCC_5_NEG  Exp1R_HCC_6_NEG  Exp1R_CRR_5_NEG  Exp1R_HCC_3_NEG  
center sample:  Exp1R_HCC_11_NEG 
Processing: Exp1R_HCC_5_NEG  Exp1R_HCC_6_NEG  Exp1R_CRR_5_NEG  Exp1R_HCC_3_NEG  
center sample:  Exp1R_HCC_11_NEG 
Processing: Exp1R_HCC_5_NEG  Exp1R_HCC_6_NEG  Exp1R_CRR_5_NEG  Exp1R_HCC_3_NEG  
center sample:  Exp1R_HCC_11_NEG 
Processing: Exp1R_HCC_5_NEG  Exp1R_HCC_6_NEG  Exp1R_CRR_5_NEG  Exp1R_HCC_3_NEG  
center sample:  Exp1R_HCC_11_NEG 
Processing: Exp1R_HCC_5_NEG  Exp1R_HCC_6_NEG  Exp1R_CRR_5_NEG  Exp1R_HCC_3_NEG  
center sample:  Exp1R_HCC_11_NEG 
Processing: Exp1R_HCC_5_NEG  Exp1R_HCC_6_NEG  Exp1R_CRR_5_NEG  Exp1R_HCC_3_NEG  
center sample:  Exp1R_HCC_11_NEG 
Processing: Exp1R_HCC_5_NEG  Exp1R_HCC_6_NEG  Exp1R_CRR_5_NEG  Exp1R_HCC_3_NEG  
center sample:  Exp1R_HCC_11_NEG 
Processing: Exp1R_HCC_5_NEG  Exp1R_HCC_6_NEG  Exp1R_CRR_5_NEG  Exp1R_HCC_3_NEG  
center sample:  Exp1R_HCC_11_NEG 
Processing: Exp1R_HCC_5_NEG  Exp1R_HCC_6_NEG  Exp1R_CRR_5_NEG  Exp1R_HCC_3_NEG  
center sample:  Exp1R_HCC_11_NEG 
Processing: Exp1R_HCC_5_NEG  Exp1R_HCC_6_NEG  Exp1R_CRR_5_NEG  Exp1R_HCC_3_NEG  
center sample:  Exp1R_HCC_11_NEG 
Processing: Exp1R_HCC_5_NEG  Exp1R_HCC_6_NEG  Exp1R_CRR_5_NEG  Exp1R_HCC_3_NEG  
center sample:  Exp1R_HCC_11_NEG 
Processing: Exp1R_HCC_5_NEG  Exp1R_HCC_6_NEG  Exp1R_CRR_5_NEG  Exp1R_HCC_3_NEG  
center sample:  Exp1R_HCC_11_NEG 
Processing: Exp1R_HCC_5_NEG  Exp1R_HCC_6_NEG  Exp1R_CRR_5_NEG  Exp1R_HCC_3_NEG  
center sample:  Exp1R_HCC_11_NEG 
Processing: Exp1R_HCC_5_NEG  Exp1R_HCC_6_NEG  Exp1R_CRR_5_NEG  Exp1R_HCC_3_NEG  
center sample:  Exp1R_HCC_11_NEG 
Processing: Exp1R_HCC_5_NEG  Exp1R_HCC_6_NEG  Exp1R_CRR_5_NEG  Exp1R_HCC_3_NEG  
center sample:  Exp1R_HCC_11_NEG 
Processing: Exp1R_HCC_5_NEG  Exp1R_HCC_6_NEG  Exp1R_CRR_5_NEG  Exp1R_HCC_3_NEG  
center sample:  Exp1R_HCC_11_NEG 
Processing: Exp1R_HCC_5_NEG  Exp1R_HCC_6_NEG  Exp1R_CRR_5_NEG  Exp1R_HCC_3_NEG  
center sample:  Exp1R_HCC_11_NEG 
Processing: Exp1R_HCC_5_NEG  Exp1R_HCC_6_NEG  Exp1R_CRR_5_NEG  Exp1R_HCC_3_NEG  
center sample:  Exp1R_HCC_11_NEG 
Processing: Exp1R_HCC_5_NEG  Exp1R_HCC_6_NEG  Exp1R_CRR_5_NEG  Exp1R_HCC_3_NEG  
center sample:  Exp1R_HCC_11_NEG 
Processing: Exp1R_HCC_5_NEG  Exp1R_HCC_6_NEG  Exp1R_CRR_5_NEG  Exp1R_HCC_3_NEG  
center sample:  Exp1R_HCC_11_NEG 
Processing: Exp1R_HCC_5_NEG  Exp1R_HCC_6_NEG  Exp1R_CRR_5_NEG  Exp1R_HCC_3_NEG  
center sample:  Exp1R_HCC_11_NEG 
Processing: Exp1R_HCC_5_NEG  Exp1R_HCC_6_NEG  Exp1R_CRR_5_NEG  Exp1R_HCC_3_NEG  
center sample:  Exp1R_HCC_11_NEG 
Processing: Exp1R_HCC_5_NEG  Exp1R_HCC_6_NEG  Exp1R_CRR_5_NEG  Exp1R_HCC_3_NEG  
center sample:  Exp1R_HCC_11_NEG 
Processing: Exp1R_HCC_5_NEG  Exp1R_HCC_6_NEG  Exp1R_CRR_5_NEG  Exp1R_HCC_3_NEG  
center sample:  Exp1R_HCC_11_NEG 
Processing: Exp1R_HCC_5_NEG  Exp1R_HCC_6_NEG  Exp1R_CRR_5_NEG  Exp1R_HCC_3_NEG  
center sample:  Exp1R_HCC_11_NEG 
Processing: Exp1R_HCC_5_NEG  Exp1R_HCC_6_NEG  Exp1R_CRR_5_NEG  Exp1R_HCC_3_NEG  
center sample:  Exp1R_HCC_11_NEG 
Processing: Exp1R_HCC_5_NEG  Exp1R_HCC_6_NEG  Exp1R_CRR_5_NEG  Exp1R_HCC_3_NEG  
center sample:  Exp1R_HCC_11_NEG 
Processing: Exp1R_HCC_5_NEG  Exp1R_HCC_6_NEG  Exp1R_CRR_5_NEG  Exp1R_HCC_3_NEG  
center sample:  Exp1R_HCC_11_NEG 
Processing: Exp1R_HCC_5_NEG  Exp1R_HCC_6_NEG  Exp1R_CRR_5_NEG  Exp1R_HCC_3_NEG  
center sample:  Exp1R_HCC_11_NEG 
Processing: Exp1R_HCC_5_NEG  Exp1R_HCC_6_NEG  Exp1R_CRR_5_NEG  Exp1R_HCC_3_NEG  
center sample:  Exp1R_HCC_11_NEG 
Processing: Exp1R_HCC_5_NEG  Exp1R_HCC_6_NEG  Exp1R_CRR_5_NEG  Exp1R_HCC_3_NEG  
center sample:  Exp1R_HCC_11_NEG 
Processing: Exp1R_HCC_5_NEG  Exp1R_HCC_6_NEG  Exp1R_CRR_5_NEG  Exp1R_HCC_3_NEG  
center sample:  Exp1R_HCC_11_NEG 
Processing: Exp1R_HCC_5_NEG  Exp1R_HCC_6_NEG  Exp1R_CRR_5_NEG  Exp1R_HCC_3_NEG  
center sample:  Exp1R_HCC_11_NEG 
Processing: Exp1R_HCC_5_NEG  Exp1R_HCC_6_NEG  Exp1R_CRR_5_NEG  Exp1R_HCC_3_NEG  
center sample:  Exp1R_HCC_11_NEG 
Processing: Exp1R_HCC_5_NEG  Exp1R_HCC_6_NEG  Exp1R_CRR_5_NEG  Exp1R_HCC_3_NEG  
center sample:  Exp1R_HCC_11_NEG 
Processing: Exp1R_HCC_5_NEG  Exp1R_HCC_6_NEG  Exp1R_CRR_5_NEG  Exp1R_HCC_3_NEG  
center sample:  Exp1R_HCC_11_NEG 
Processing: Exp1R_HCC_5_NEG  Exp1R_HCC_6_NEG  Exp1R_CRR_5_NEG  Exp1R_HCC_3_NEG  
center sample:  Exp1R_HCC_11_NEG 
Processing: Exp1R_HCC_5_NEG  Exp1R_HCC_6_NEG  Exp1R_CRR_5_NEG  Exp1R_HCC_3_NEG  
center sample:  Exp1R_HCC_11_NEG 
Processing: Exp1R_HCC_5_NEG  Exp1R_HCC_6_NEG  Exp1R_CRR_5_NEG  Exp1R_HCC_3_NEG  
center sample:  Exp1R_HCC_11_NEG 
Processing: Exp1R_HCC_5_NEG  Exp1R_HCC_6_NEG  Exp1R_CRR_5_NEG  Exp1R_HCC_3_NEG  
center sample:  Exp1R_HCC_11_NEG 
Processing: Exp1R_HCC_5_NEG  Exp1R_HCC_6_NEG  Exp1R_CRR_5_NEG  Exp1R_HCC_3_NEG  
center sample:  Exp1R_HCC_11_NEG 
Processing: Exp1R_HCC_5_NEG  Exp1R_HCC_6_NEG  Exp1R_CRR_5_NEG  Exp1R_HCC_3_NEG  
center sample:  Exp1R_HCC_11_NEG 
Processing: Exp1R_HCC_5_NEG  Exp1R_HCC_6_NEG  Exp1R_CRR_5_NEG  Exp1R_HCC_3_NEG  
center sample:  Exp1R_HCC_11_NEG 
Processing: Exp1R_HCC_5_NEG  Exp1R_HCC_6_NEG  Exp1R_CRR_5_NEG  Exp1R_HCC_3_NEG  
center sample:  Exp1R_HCC_11_NEG 
Processing: Exp1R_HCC_5_NEG  Exp1R_HCC_6_NEG  Exp1R_CRR_5_NEG  Exp1R_HCC_3_NEG  
center sample:  Exp1R_HCC_11_NEG 
Processing: Exp1R_HCC_5_NEG  Exp1R_HCC_6_NEG  Exp1R_CRR_5_NEG  Exp1R_HCC_3_NEG  
center sample:  Exp1R_HCC_11_NEG 
Processing: Exp1R_HCC_5_NEG  Exp1R_HCC_6_NEG  Exp1R_CRR_5_NEG  Exp1R_HCC_3_NEG  
center sample:  Exp1R_HCC_11_NEG 
Processing: Exp1R_HCC_5_NEG  Exp1R_HCC_6_NEG  Exp1R_CRR_5_NEG  Exp1R_HCC_3_NEG  
center sample:  Exp1R_HCC_11_NEG 
Processing: Exp1R_HCC_5_NEG  Exp1R_HCC_6_NEG  Exp1R_CRR_5_NEG  Exp1R_HCC_3_NEG  
center sample:  Exp1R_HCC_11_NEG 
Processing: Exp1R_HCC_5_NEG  Exp1R_HCC_6_NEG  Exp1R_CRR_5_NEG  Exp1R_HCC_3_NEG  
center sample:  Exp1R_HCC_11_NEG 
Processing: Exp1R_HCC_5_NEG  Exp1R_HCC_6_NEG  Exp1R_CRR_5_NEG  Exp1R_HCC_3_NEG  
center sample:  Exp1R_HCC_11_NEG 
Processing: Exp1R_HCC_5_NEG  Exp1R_HCC_6_NEG  Exp1R_CRR_5_NEG  Exp1R_HCC_3_NEG  
center sample:  Exp1R_HCC_11_NEG 
Processing: Exp1R_HCC_5_NEG  Exp1R_HCC_6_NEG  Exp1R_CRR_5_NEG  Exp1R_HCC_3_NEG  
center sample:  Exp1R_HCC_11_NEG 
Processing: Exp1R_HCC_5_NEG  Exp1R_HCC_6_NEG  Exp1R_CRR_5_NEG  Exp1R_HCC_3_NEG  
center sample:  Exp1R_HCC_11_NEG 
Processing: Exp1R_HCC_5_NEG  Exp1R_HCC_6_NEG  Exp1R_CRR_5_NEG  Exp1R_HCC_3_NEG  
center sample:  Exp1R_HCC_11_NEG 
Processing: Exp1R_HCC_5_NEG  Exp1R_HCC_6_NEG  Exp1R_CRR_5_NEG  Exp1R_HCC_3_NEG  
center sample:  Exp1R_HCC_11_NEG 
Processing: Exp1R_HCC_5_NEG  Exp1R_HCC_6_NEG  Exp1R_CRR_5_NEG  Exp1R_HCC_3_NEG  
center sample:  Exp1R_HCC_11_NEG 
Processing: Exp1R_HCC_5_NEG  Exp1R_HCC_6_NEG  Exp1R_CRR_5_NEG  Exp1R_HCC_3_NEG  
center sample:  Exp1R_HCC_11_NEG 
Processing: Exp1R_HCC_5_NEG  Exp1R_HCC_6_NEG  Exp1R_CRR_5_NEG  Exp1R_HCC_3_NEG  
center sample:  Exp1R_HCC_11_NEG 
Processing: Exp1R_HCC_5_NEG  Exp1R_HCC_6_NEG  Exp1R_CRR_5_NEG  Exp1R_HCC_3_NEG  
center sample:  Exp1R_HCC_11_NEG 
Processing: Exp1R_HCC_5_NEG  Exp1R_HCC_6_NEG  Exp1R_CRR_5_NEG  Exp1R_HCC_3_NEG  
center sample:  Exp1R_HCC_11_NEG 
Processing: Exp1R_HCC_5_NEG  Exp1R_HCC_6_NEG  Exp1R_CRR_5_NEG  Exp1R_HCC_3_NEG  
center sample:  Exp1R_HCC_11_NEG 
Processing: Exp1R_HCC_5_NEG  Exp1R_HCC_6_NEG  Exp1R_CRR_5_NEG  Exp1R_HCC_3_NEG  
center sample:  Exp1R_HCC_11_NEG 
Processing: Exp1R_HCC_5_NEG  Exp1R_HCC_6_NEG  Exp1R_CRR_5_NEG  Exp1R_HCC_3_NEG  
center sample:  Exp1R_HCC_11_NEG 
Processing: Exp1R_HCC_5_NEG  Exp1R_HCC_6_NEG  Exp1R_CRR_5_NEG  Exp1R_HCC_3_NEG  
center sample:  Exp1R_HCC_11_NEG 
Processing: Exp1R_HCC_5_NEG  Exp1R_HCC_6_NEG  Exp1R_CRR_5_NEG  Exp1R_HCC_3_NEG  
center sample:  Exp1R_HCC_11_NEG 
Processing: Exp1R_HCC_5_NEG  Exp1R_HCC_6_NEG  Exp1R_CRR_5_NEG  Exp1R_HCC_3_NEG  
center sample:  Exp1R_HCC_11_NEG 
Processing: Exp1R_HCC_5_NEG  Exp1R_HCC_6_NEG  Exp1R_CRR_5_NEG  Exp1R_HCC_3_NEG  
center sample:  Exp1R_HCC_11_NEG 
Processing: Exp1R_HCC_5_NEG  Exp1R_HCC_6_NEG  Exp1R_CRR_5_NEG  Exp1R_HCC_3_NEG  
center sample:  Exp1R_HCC_11_NEG 
Processing: Exp1R_HCC_5_NEG  Exp1R_HCC_6_NEG  Exp1R_CRR_5_NEG  Exp1R_HCC_3_NEG  
center sample:  Exp1R_HCC_11_NEG 
Processing: Exp1R_HCC_5_NEG  Exp1R_HCC_6_NEG  Exp1R_CRR_5_NEG  Exp1R_HCC_3_NEG  
center sample:  Exp1R_HCC_11_NEG 
Processing: Exp1R_HCC_5_NEG  Exp1R_HCC_6_NEG  Exp1R_CRR_5_NEG  Exp1R_HCC_3_NEG  
center sample:  Exp1R_HCC_11_NEG 
Processing: Exp1R_HCC_5_NEG  Exp1R_HCC_6_NEG  Exp1R_CRR_5_NEG  Exp1R_HCC_3_NEG  
center sample:  Exp1R_HCC_11_NEG 
Processing: Exp1R_HCC_5_NEG  Exp1R_HCC_6_NEG  Exp1R_CRR_5_NEG  Exp1R_HCC_3_NEG  
center sample:  Exp1R_HCC_11_NEG 
Processing: Exp1R_HCC_5_NEG  Exp1R_HCC_6_NEG  Exp1R_CRR_5_NEG  Exp1R_HCC_3_NEG  
center sample:  Exp1R_HCC_11_NEG 
Processing: Exp1R_HCC_5_NEG  Exp1R_HCC_6_NEG  Exp1R_CRR_5_NEG  Exp1R_HCC_3_NEG  
center sample:  Exp1R_HCC_11_NEG 
Processing: Exp1R_HCC_5_NEG  Exp1R_HCC_6_NEG  Exp1R_CRR_5_NEG  Exp1R_HCC_3_NEG  
center sample:  Exp1R_HCC_11_NEG 
Processing: Exp1R_HCC_5_NEG  Exp1R_HCC_6_NEG  Exp1R_CRR_5_NEG  Exp1R_HCC_3_NEG  
center sample:  Exp1R_HCC_11_NEG 
Processing: Exp1R_HCC_5_NEG  Exp1R_HCC_6_NEG  Exp1R_CRR_5_NEG  Exp1R_HCC_3_NEG  
center sample:  Exp1R_HCC_11_NEG 
Processing: Exp1R_HCC_5_NEG  Exp1R_HCC_6_NEG  Exp1R_CRR_5_NEG  Exp1R_HCC_3_NEG  
center sample:  Exp1R_HCC_11_NEG 
Processing: Exp1R_HCC_5_NEG  Exp1R_HCC_6_NEG  Exp1R_CRR_5_NEG  Exp1R_HCC_3_NEG  
center sample:  Exp1R_HCC_11_NEG 
Processing: Exp1R_HCC_5_NEG  Exp1R_HCC_6_NEG  Exp1R_CRR_5_NEG  Exp1R_HCC_3_NEG  
ces ... OK
Create profile matrix with method 'bin' and step 0.7 ... OK
Create profile matrix with method 'bin' and step 0.7 ... OK
Create profile matrix with method 'bin' and step 0.7 ... OK
Create profile matrix with method 'bin' and step 0.7 ... OK
Create profile matrix with method 'bin' and step 0.7 ... OK
Create profile matrix with method 'bin' and step 0.7 ... OK
Create profile matrix with method 'bin' and step 0.7 ... OK
Create profile matrix with method 'bin' and step 0.7 ... OK
Processing 43579 mz slices ... OK
Create profile matrix with method 'bin' and step 1 ... OK
Create profile matrix with method 'bin' and step 1 ... OK
Create profile matrix with method 'bin' and step 1 ... OK
Create profile matrix with method 'bin' and step 1 ... OK
Create profile matrix with method 'bin' and step 1 ... OK
Processing 43579 mz slices ... OK
Create profile matrix with method 'bin' and step 1 ... OK
Create profile matrix with method 'bin' and step 1 ... OK
Create profile matrix with method 'bin' and step 1 ... OK
Create profile matrix with method 'bin' and step 1 ... OK
Create profile matrix with method 'bin' and step 1 ... OK
Processing 43579 mz slices ... OK
Create profile matrix with method 'bin' and step 1 ... OK
Create profile matrix with method 'bin' and step 1 ... OK
Create profile matrix with method 'bin' and step 1 ... OK
Create profile matrix with method 'bin' and step 1 ... OK
Create profile matrix with method 'bin' and step 1 ... OK
Processing 43579 mz slices ... OK
Create profile matrix with method 'bin' and step 1 ... OK
Create profile matrix with method 'bin' and step 1 ... OK
Create profile matrix with method 'bin' and step 1 ... OK
Create profile matrix with method 'bin' and step 1 ... OK
Create profile matrix with method 'bin' and step 1 ... OK
Processing 43579 mz slices ... OK
Create profile matrix with method 'bin' and step 0.7 ... OK
Create profile matrix with method 'bin' and step 0.7 ... OK
Create profile matrix with method 'bin' and step 0.7 ... OK
Create profile matrix with method 'bin' and step 0.7 ... OK
Create profile matrix with method 'bin' and step 0.7 ... OK
Create profile matrix with method 'bin' and step 0.7 ... OK
Create profile matrix with method 'bin' and step 0.7 ... OK
Create profile matrix with method 'bin' and step 0.7 ... OK
Processing 43579 mz slices ... OK
Create profile matrix with method 'bin' and step 0.7 ... OK
Create profile matrix with method 'bin' and step 0.7 ... OK
Create profile matrix with method 'bin' and step 0.7 ... OK
Create profile matrix with method 'bin' and step 0.7 ... OK
Create profile matrix with method 'bin' and step 0.7 ... OK
Create profile matrix with method 'bin' and step 0.7 ... OK
Create profile matrix with method 'bin' and step 0.7 ... OK
Create profile matrix with method 'bin' and step 0.7 ... OK
Processing 43579 mz slices ... OK
Create profile matrix with method 'bin' and step 0.7 ... OK
Create profile matrix with method 'bin' and step 0.7 ... OK
Create profile matrix with method 'bin' and step 0.7 ... OK
Create profile matrix with method 'bin' and step 0.7 ... OK
Create profile matrix with method 'bin' and step 0.7 ... OK
Create profile matrix with method 'bin' and step 0.7 ... OK
Create profile matrix with method 'bin' and step 0.7 ... OK
Create profile matrix with method 'bin' and step 0.7 ... OK
Processing 43579 mz slices ... OK
Create profile matrix with method 'bin' and step 0.7 ... OK
Create profile matrix with method 'bin' and step 0.7 ... OK
Create profile matrix with method 'bin' and step 0.7 ... OK
Create profile matrix with method 'bin' and step 0.7 ... OK
Create profile matrix with method 'bin' and step 0.7 ... OK
Create profile matrix with method 'bin' and step 0.7 ... OK
Create profile matrix with method 'bin' and step 0.7 ... OK
Create profile matrix with method 'bin' and step 0.7 ... OK
Processing 43579 mz slices ... OK
Create profile matrix with method 'bin' and step 1 ... OK
Create profile matrix with method 'bin' and step 1 ... OK
Create profile matrix with method 'bin' and step 1 ... OK
Create profile matrix with method 'bin' and step 1 ... OK
Create profile matrix with method 'bin' and step 1 ... OK
Processing 43579 mz slices ... OK
Create profile matrix with method 'bin' and step 1 ... OK
Create profile matrix with method 'bin' and step 1 ... OK
Create profile matrix with method 'bin' and step 1 ... OK
Create profile matrix with method 'bin' and step 1 ... OK
Create profile matrix with method 'bin' and step 1 ... OK
Processing 43579 mz slices ... OK
Create profile matrix with method 'bin' and step 1 ... OK
Create profile matrix with method 'bin' and step 1 ... OK
Create profile matrix with method 'bin' and step 1 ... OK
Create profile matrix with method 'bin' and step 1 ... OK
Create profile matrix with method 'bin' and step 1 ... OK
Processing 43579 mz slices ... OK
Create profile matrix with method 'bin' and step 1 ... OK
Create profile matrix with method 'bin' and step 1 ... OK
Create profile matrix with method 'bin' and step 1 ... OK
Create profile matrix with method 'bin' and step 1 ... OK
Create profile matrix with method 'bin' and step 1 ... OK
Processing 43579 mz slices ... OK
Create profile matrix with method 'bin' and step 0.85 ... OK
Create profile matrix with method 'bin' and step 0.85 ... OK
Create profile matrix with method 'bin' and step 0.85 ... OK
Create profile matrix with method 'bin' and step 0.85 ... OK
Create profile matrix with method 'bin' and step 0.85 ... OK
Create profile matrix with method 'bin' and step 0.85 ... OK
Create profile matrix with method 'bin' and step 0.85 ... OK
Create profile matrix with method 'bin' and step 0.85 ... OK
Processing 61010 mz slices ... OK
Create profile matrix with method 'bin' and step 0.85 ... OK
Create profile matrix with method 'bin' and step 0.85 ... OK
Create profile matrix with method 'bin' and step 0.85 ... OK
Create profile matrix with method 'bin' and step 0.85 ... OK
Create profile matrix with method 'bin' and step 0.85 ... OK
Create profile matrix with method 'bin' and step 0.85 ... OK
Create profile matrix with method 'bin' and step 0.85 ... OK
Create profile matrix with method 'bin' and step 0.85 ... OK
Processing 61010 mz slices ... OK
Create profile matrix with method 'bin' and step 0.85 ... OK
Create profile matrix with method 'bin' and step 0.85 ... OK
Create profile matrix with method 'bin' and step 0.85 ... OK
Create profile matrix with method 'bin' and step 0.85 ... OK
Create profile matrix with method 'bin' and step 0.85 ... OK
Create profile matrix with method 'bin' and step 0.85 ... OK
Create profile matrix with method 'bin' and step 0.85 ... OK
Create profile matrix with method 'bin' and step 0.85 ... OK
Processing 61010 mz slices ... OK
Create profile matrix with method 'bin' and step 0.85 ... OK
Create profile matrix with method 'bin' and step 0.85 ... OK
Create profile matrix with method 'bin' and step 0.85 ... OK
Create profile matrix with method 'bin' and step 0.85 ... OK
Create profile matrix with method 'bin' and step 0.85 ... OK
Create profile matrix with method 'bin' and step 0.85 ... OK
Create profile matrix with method 'bin' and step 0.85 ... OK
Create profile matrix with method 'bin' and step 0.85 ... OK
Processing 61010 mz slices ... OK
Create profile matrix with method 'bin' and step 0.85 ... OK
Create profile matrix with method 'bin' and step 0.85 ... OK
Create profile matrix with method 'bin' and step 0.85 ... OK
Create profile matrix with method 'bin' and step 0.85 ... OK
Create profile matrix with method 'bin' and step 0.85 ... OK
Create profile matrix with method 'bin' and step 0.85 ... OK
Create profile matrix with method 'bin' and step 0.85 ... OK
Create profile matrix with method 'bin' and step 0.85 ... OK
Processing 61010 mz slices ... OK
Create profile matrix with method 'bin' and step 0.7 ... OK
Create profile matrix with method 'bin' and step 0.7 ... OK
Create profile matrix with method 'bin' and step 0.7 ... OK
Create profile matrix with method 'bin' and step 0.7 ... OK
Create profile matrix with method 'bin' and step 0.7 ... OK
Create profile matrix with method 'bin' and step 0.7 ... OK
Create profile matrix with method 'bin' and step 0.7 ... OK
Create profile matrix with method 'bin' and step 0.7 ... OK
Processing 61010 mz slices ... OK
Create profile matrix with method 'bin' and step 1 ... OK
Create profile matrix with method 'bin' and step 1 ... OK
Create profile matrix with method 'bin' and step 1 ... OK
Create profile matrix with method 'bin' and step 1 ... OK
Create profile matrix with method 'bin' and step 1 ... OK
Processing 61010 mz slices ... OK
Create profile matrix with method 'bin' and step 0.85 ... OK
Create profile matrix with method 'bin' and step 0.85 ... OK
Create profile matrix with method 'bin' and step 0.85 ... OK
Create profile matrix with method 'bin' and step 0.85 ... OK
Create profile matrix with method 'bin' and step 0.85 ... OK
Create profile matrix with method 'bin' and step 0.85 ... OK
Create profile matrix with method 'bin' and step 0.85 ... OK
Create profile matrix with method 'bin' and step 0.85 ... OK
Processing 61010 mz slices ... OK
Create profile matrix with method 'bin' and step 0.85 ... OK
Create profile matrix with method 'bin' and step 0.85 ... OK
Create profile matrix with method 'bin' and step 0.85 ... OK
Create profile matrix with method 'bin' and step 0.85 ... OK
Create profile matrix with method 'bin' and step 0.85 ... OK
Create profile matrix with method 'bin' and step 0.85 ... OK
Create profile matrix with method 'bin' and step 0.85 ... OK
Create profile matrix with method 'bin' and step 0.85 ... OK
Processing 61010 mz slices ... OK
Create profile matrix with method 'bin' and step 0.85 ... OK
Create profile matrix with method 'bin' and step 0.85 ... OK
Create profile matrix with method 'bin' and step 0.85 ... OK
Create profile matrix with method 'bin' and step 0.85 ... OK
Create profile matrix with method 'bin' and step 0.85 ... OK
Create profile matrix with method 'bin' and step 0.85 ... OK
Create profile matrix with method 'bin' and step 0.85 ... OK
Create profile matrix with method 'bin' and step 0.85 ... OK
Processing 101682 mz slices ... OK
Create profile matrix with method 'bin' and step 0.85 ... OK
Create profile matrix with method 'bin' and step 0.85 ... OK
Create profile matrix with method 'bin' and step 0.85 ... OK
Create profile matrix with method 'bin' and step 0.85 ... OK
Create profile matrix with method 'bin' and step 0.85 ... OK
Create profile matrix with method 'bin' and step 0.85 ... OK
Create profile matrix with method 'bin' and step 0.85 ... OK
Create profile matrix with method 'bin' and step 0.85 ... OK
Processing 43579 mz slices ... OK
Create profile matrix with method 'bin' and step 0.85 ... OK
Create profile matrix with method 'bin' and step 0.85 ... OK
Create profile matrix with method 'bin' and step 0.85 ... OK
Create profile matrix with method 'bin' and step 0.85 ... OK
Create profile matrix with method 'bin' and step 0.85 ... OK
Create profile matrix with method 'bin' and step 0.85 ... OK
Create profile matrix with method 'bin' and step 0.85 ... OK
Create profile matrix with method 'bin' and step 0.85 ... OK
Processing 61010 mz slices ... OK
Create profile matrix with method 'bin' and step 1 ... OK
Create profile matrix with method 'bin' and step 1 ... OK
Create profile matrix with method 'bin' and step 1 ... OK
Create profile matrix with method 'bin' and step 1 ... OK
Create profile matrix with method 'bin' and step 1 ... OK
Processing 101682 mz slices ... OK
profStep or minfrac greater 1, decreasing to 0.71 and 1



starting new DoE with:

gapInit: c(0.08, 0.48)
gapExtend: c(2.04, 2.76)
profStep: c(0.71, 1)
bw: c(25.2, 41.2)
mzwid: c(0.003, 0.027)
distFunc: cor_opt
plottype: none
response: 1
factorDiag: 2
factorGap: 1
localAlignment: 0
retcorMethod: obiwarp
minfrac: 0.05
minsamp: 1
max: 50
center: 2

Create profile matrix with method 'bin' and step 0.71 ... OK
Create profile matrix with method 'bin' and step 0.71 ... OK
Create profile matrix with method 'bin' and step 0.71 ... OK
Create profile matrix with method 'bin' and step 0.71 ... OK
Create profile matrix with method 'bin' and step 0.71 ... OK
Create profile matrix with method 'bin' and step 0.71 ... OK
Create profile matrix with method 'bin' and step 0.71 ... OK
Create profile matrix with method 'bin' and step 0.71 ... OK
Processing 508405 mz slices ... OK
Create profile matrix with method 'bin' and step 0.71 ... OK
Create profile matrix with method 'bin' and step 0.71 ... OK
Create profile matrix with method 'bin' and step 0.71 ... OK
Create profile matrix with method 'bin' and step 0.71 ... OK
Create profile matrix with method 'bin' and step 0.71 ... OK
Create profile matrix with method 'bin' and step 0.71 ... OK
Create profile matrix with method 'bin' and step 0.71 ... OK
Create profile matrix with method 'bin' and step 0.71 ... OK
Processing 508405 mz slices ... OK
Create profile matrix with method 'bin' and step 0.71 ... OK
Create profile matrix with method 'bin' and step 0.71 ... OK
Create profile matrix with method 'bin' and step 0.71 ... OK
Create profile matrix with method 'bin' and step 0.71 ... OK
Create profile matrix with method 'bin' and step 0.71 ... OK
Create profile matrix with method 'bin' and step 0.71 ... OK
Create profile matrix with method 'bin' and step 0.71 ... OK
Create profile matrix with method 'bin' and step 0.71 ... OK
Processing 508405 mz slices ... OK
Create profile matrix with method 'bin' and step 0.71 ... OK
Create profile matrix with method 'bin' and step 0.71 ... OK
Create profile matrix with method 'bin' and step 0.71 ... OK
Create profile matrix with method 'bin' and step 0.71 ... OK
Create profile matrix with method 'bin' and step 0.71 ... OK
Create profile matrix with method 'bin' and step 0.71 ... OK
Create profile matrix with method 'bin' and step 0.71 ... OK
Create profile matrix with method 'bin' and step 0.71 ... OK
Processing 508405 mz slices ... OK
Create profile matrix with method 'bin' and step 1 ... OK
Create profile matrix with method 'bin' and step 1 ... OK
Create profile matrix with method 'bin' and step 1 ... OK
Create profile matrix with method 'bin' and step 1 ... OK
Create profile matrix with method 'bin' and step 1 ... OK
Processing 508405 mz slices ... OK
Create profile matrix with method 'bin' and step 1 ... OK
Create profile matrix with method 'bin' and step 1 ... OK
Create profile matrix with method 'bin' and step 1 ... OK
Create profile matrix with method 'bin' and step 1 ... OK
Create profile matrix with method 'bin' and step 1 ... OK
Processing 508405 mz slices ... OK
Create profile matrix with method 'bin' and step 1 ... OK
Create profile matrix with method 'bin' and step 1 ... OK
Create profile matrix with method 'bin' and step 1 ... OK
Create profile matrix with method 'bin' and step 1 ... OK
Create profile matrix with method 'bin' and step 1 ... OK
Processing 508405 mz slices ... OK
Create profile matrix with method 'bin' and step 1 ... OK
Create profile matrix with method 'bin' and step 1 ... OK
Create profile matrix with method 'bin' and step 1 ... OK
Create profile matrix with method 'bin' and step 1 ... OK
Create profile matrix with method 'bin' and step 1 ... OK
Processing 508405 mz slices ... OK
Create profile matrix with method 'bin' and step 0.71 ... OK
Create profile matrix with method 'bin' and step 0.71 ... OK
Create profile matrix with method 'bin' and step 0.71 ... OK
Create profile matrix with method 'bin' and step 0.71 ... OK
Create profile matrix with method 'bin' and step 0.71 ... OK
Create profile matrix with method 'bin' and step 0.71 ... OK
Create profile matrix with method 'bin' and step 0.71 ... OK
Create profile matrix with method 'bin' and step 0.71 ... OK
Processing 508405 mz slices ... OK
Create profile matrix with method 'bin' and step 0.71 ... OK
Create profile matrix with method 'bin' and step 0.71 ... OK
Create profile matrix with method 'bin' and step 0.71 ... OK
Create profile matrix with method 'bin' and step 0.71 ... OK
Create profile matrix with method 'bin' and step 0.71 ... OK
Create profile matrix with method 'bin' and step 0.71 ... OK
Create profile matrix with method 'bin' and step 0.71 ... OK
Create profile matrix with method 'bin' and step 0.71 ... OK
Processing 508405 mz slices ... OK
Create profile matrix with method 'bin' and step 0.71 ... OK
Create profile matrix with method 'bin' and step 0.71 ... OK
Create profile matrix with method 'bin' and step 0.71 ... OK
Create profile matrix with method 'bin' and step 0.71 ... OK
Create profile matrix with method 'bin' and step 0.71 ... OK
Create profile matrix with method 'bin' and step 0.71 ... OK
Create profile matrix with method 'bin' and step 0.71 ... OK
Create profile matrix with method 'bin' and step 0.71 ... OK
Processing 508405 mz slices ... OK
Create profile matrix with method 'bin' and step 0.71 ... OK
Create profile matrix with method 'bin' and step 0.71 ... OK
Create profile matrix with method 'bin' and step 0.71 ... OK
Create profile matrix with method 'bin' and step 0.71 ... OK
Create profile matrix with method 'bin' and step 0.71 ... OK
Create profile matrix with method 'bin' and step 0.71 ... OK
Create profile matrix with method 'bin' and step 0.71 ... OK
Create profile matrix with method 'bin' and step 0.71 ... OK
Processing 508405 mz slices ... OK
Create profile matrix with method 'bin' and step 1 ... OK
Create profile matrix with method 'bin' and step 1 ... OK
Create profile matrix with method 'bin' and step 1 ... OK
Create profile matrix with method 'bin' and step 1 ... OK
Create profile matrix with method 'bin' and step 1 ... OK
Processing 508405 mz slices ... OK
Create profile matrix with method 'bin' and step 1 ... OK
Create profile matrix with method 'bin' and step 1 ... OK
Create profile matrix with method 'bin' and step 1 ... OK
Create profile matrix with method 'bin' and step 1 ... OK
Create profile matrix with method 'bin' and step 1 ... OK
Processing 508405 mz slices ... OK
Create profile matrix with method 'bin' and step 1 ... OK
Create profile matrix with method 'bin' and step 1 ... OK
Create profile matrix with method 'bin' and step 1 ... OK
Create profile matrix with method 'bin' and step 1 ... OK
Create profile matrix with method 'bin' and step 1 ... OK
Processing 508405 mz slices ... OK
Create profile matrix with method 'bin' and step 1 ... OK
Create profile matrix with method 'bin' and step 1 ... OK
Create profile matrix with method 'bin' and step 1 ... OK
Create profile matrix with method 'bin' and step 1 ... OK
Create profile matrix with method 'bin' and step 1 ... OK
Processing 508405 mz slices ... OK
Create profile matrix with method 'bin' and step 0.71 ... OK
Create profile matrix with method 'bin' and step 0.71 ... OK
Create profile matrix with method 'bin' and step 0.71 ... OK
Create profile matrix with method 'bin' and step 0.71 ... OK
Create profile matrix with method 'bin' and step 0.71 ... OK
Create profile matrix with method 'bin' and step 0.71 ... OK
Create profile matrix with method 'bin' and step 0.71 ... OK
Create profile matrix with method 'bin' and step 0.71 ... OK
Processing 56491 mz slices ... OK
Create profile matrix with method 'bin' and step 0.71 ... OK
Create profile matrix with method 'bin' and step 0.71 ... OK
Create profile matrix with method 'bin' and step 0.71 ... OK
Create profile matrix with method 'bin' and step 0.71 ... OK
Create profile matrix with method 'bin' and step 0.71 ... OK
Create profile matrix with method 'bin' and step 0.71 ... OK
Create profile matrix with method 'bin' and step 0.71 ... OK
Create profile matrix with method 'bin' and step 0.71 ... OK
Processing 56491 mz slices ... OK
Create profile matrix with method 'bin' and step 0.71 ... OK
Create profile matrix with method 'bin' and step 0.71 ... OK
Create profile matrix with method 'bin' and step 0.71 ... OK
Create profile matrix with method 'bin' and step 0.71 ... OK
Create profile matrix with method 'bin' and step 0.71 ... OK
Create profile matrix with method 'bin' and step 0.71 ... OK
Create profile matrix with method 'bin' and step 0.71 ... OK
Create profile matrix with method 'bin' and step 0.71 ... OK
Processing 56491 mz slices ... OK
Create profile matrix with method 'bin' and step 0.71 ... OK
Create profile matrix with method 'bin' and step 0.71 ... OK
Create profile matrix with method 'bin' and step 0.71 ... OK
Create profile matrix with method 'bin' and step 0.71 ... OK
Create profile matrix with method 'bin' and step 0.71 ... OK
Create profile matrix with method 'bin' and step 0.71 ... OK
Create profile matrix with method 'bin' and step 0.71 ... OK
Create profile matrix with method 'bin' and step 0.71 ... OK
Processing 56491 mz slices ... OK
Create profile matrix with method 'bin' and step 1 ... OK
Create profile matrix with method 'bin' and step 1 ... OK
Create profile matrix with method 'bin' and step 1 ... OK
Create profile matrix with method 'bin' and step 1 ... OK
Create profile matrix with method 'bin' and step 1 ... OK
Processing 56491 mz slices ... OK
Create profile matrix with method 'bin' and step 1 ... OK
Create profile matrix with method 'bin' and step 1 ... OK
Create profile matrix with method 'bin' and step 1 ... OK
Create profile matrix with method 'bin' and step 1 ... OK
Create profile matrix with method 'bin' and step 1 ... OK
Processing 56491 mz slices ... OK
Create profile matrix with method 'bin' and step 1 ... OK
Create profile matrix with method 'bin' and step 1 ... OK
Create profile matrix with method 'bin' and step 1 ... OK
Create profile matrix with method 'bin' and step 1 ... OK
Create profile matrix with method 'bin' and step 1 ... OK
Processing 56491 mz slices ... OK
Create profile matrix with method 'bin' and step 1 ... OK
Create profile matrix with method 'bin' and step 1 ... OK
Create profile matrix with method 'bin' and step 1 ... OK
Create profile matrix with method 'bin' and step 1 ... OK
Create profile matrix with method 'bin' and step 1 ... OK
Processing 56491 mz slices ... OK
Create profile matrix with method 'bin' and step 0.71 ... OK
Create profile matrix with method 'bin' and step 0.71 ... OK
Create profile matrix with method 'bin' and step 0.71 ... OK
Create profile matrix with method 'bin' and step 0.71 ... OK
Create profile matrix with method 'bin' and step 0.71 ... OK
Create profile matrix with method 'bin' and step 0.71 ... OK
Create profile matrix with method 'bin' and step 0.71 ... OK
Create profile matrix with method 'bin' and step 0.71 ... OK
Processing 56491 mz slices ... OK
Create profile matrix with method 'bin' and step 0.71 ... OK
Create profile matrix with method 'bin' and step 0.71 ... OK
Create profile matrix with method 'bin' and step 0.71 ... OK
Create profile matrix with method 'bin' and step 0.71 ... OK
Create profile matrix with method 'bin' and step 0.71 ... OK
Create profile matrix with method 'bin' and step 0.71 ... OK
Create profile matrix with method 'bin' and step 0.71 ... OK
Create profile matrix with method 'bin' and step 0.71 ... OK
Processing 56491 mz slices ... OK
Create profile matrix with method 'bin' and step 0.71 ... OK
Create profile matrix with method 'bin' and step 0.71 ... OK
Create profile matrix with method 'bin' and step 0.71 ... OK
Create profile matrix with method 'bin' and step 0.71 ... OK
Create profile matrix with method 'bin' and step 0.71 ... OK
Create profile matrix with method 'bin' and step 0.71 ... OK
Create profile matrix with method 'bin' and step 0.71 ... OK
Create profile matrix with method 'bin' and step 0.71 ... OK
Processing 56491 mz slices ... OK
Create profile matrix with method 'bin' and step 0.71 ... OK
Create profile matrix with method 'bin' and step 0.71 ... OK
Create profile matrix with method 'bin' and step 0.71 ... OK
Create profile matrix with method 'bin' and step 0.71 ... OK
Create profile matrix with method 'bin' and step 0.71 ... OK
Create profile matrix with method 'bin' and step 0.71 ... OK
Create profile matrix with method 'bin' and step 0.71 ... OK
Create profile matrix with method 'bin' and step 0.71 ... OK
Processing 56491 mz slices ... OK
Create profile matrix with method 'bin' and step 1 ... OK
Create profile matrix with method 'bin' and step 1 ... OK
Create profile matrix with method 'bin' and step 1 ... OK
Create profile matrix with method 'bin' and step 1 ... OK
Create profile matrix with method 'bin' and step 1 ... OK
Processing 56491 mz slices ... OK
Create profile matrix with method 'bin' and step 1 ... OK
Create profile matrix with method 'bin' and step 1 ... OK
Create profile matrix with method 'bin' and step 1 ... OK
Create profile matrix with method 'bin' and step 1 ... OK
Create profile matrix with method 'bin' and step 1 ... OK
Processing 56491 mz slices ... OK
Create profile matrix with method 'bin' and step 1 ... OK
Create profile matrix with method 'bin' and step 1 ... OK
Create profile matrix with method 'bin' and step 1 ... OK
Create profile matrix with method 'bin' and step 1 ... OK
Create profile matrix with method 'bin' and step 1 ... OK
Processing 56491 mz slices ... OK
Create profile matrix with method 'bin' and step 1 ... OK
Create profile matrix with method 'bin' and step 1 ... OK
Create profile matrix with method 'bin' and step 1 ... OK
Create profile matrix with method 'bin' and step 1 ... OK
Create profile matrix with method 'bin' and step 1 ... OK
Processing 56491 mz slices ... OK
Create profile matrix with method 'bin' and step 0.855 ... OK
Create profile matrix with method 'bin' and step 0.855 ... OK
Create profile matrix with method 'bin' and step 0.855 ... OK
Create profile matrix with method 'bin' and step 0.855 ... OK
Create profile matrix with method 'bin' and step 0.855 ... OK
Create profile matrix with method 'bin' and step 0.855 ... OK
Create profile matrix with method 'bin' and step 0.855 ... OK
Create profile matrix with method 'bin' and step 0.855 ... OK
Processing 101682 mz slices ... OK
Create profile matrix with method 'bin' and step 0.855 ... OK
Create profile matrix with method 'bin' and step 0.855 ... OK
Create profile matrix with method 'bin' and step 0.855 ... OK
Create profile matrix with method 'bin' and step 0.855 ... OK
Create profile matrix with method 'bin' and step 0.855 ... OK
Create profile matrix with method 'bin' and step 0.855 ... OK
Create profile matrix with method 'bin' and step 0.855 ... OK
Create profile matrix with method 'bin' and step 0.855 ... OK
Processing 101682 mz slices ... OK
Create profile matrix with method 'bin' and step 0.855 ... OK
Create profile matrix with method 'bin' and step 0.855 ... OK
Create profile matrix with method 'bin' and step 0.855 ... OK
Create profile matrix with method 'bin' and step 0.855 ... OK
Create profile matrix with method 'bin' and step 0.855 ... OK
Create profile matrix with method 'bin' and step 0.855 ... OK
Create profile matrix with method 'bin' and step 0.855 ... OK
Create profile matrix with method 'bin' and step 0.855 ... OK
Processing 101682 mz slices ... OK
Create profile matrix with method 'bin' and step 0.855 ... OK
Create profile matrix with method 'bin' and step 0.855 ... OK
Create profile matrix with method 'bin' and step 0.855 ... OK
Create profile matrix with method 'bin' and step 0.855 ... OK
Create profile matrix with method 'bin' and step 0.855 ... OK
Create profile matrix with method 'bin' and step 0.855 ... OK
Create profile matrix with method 'bin' and step 0.855 ... OK
Create profile matrix with method 'bin' and step 0.855 ... OK
Processing 101682 mz slices ... OK
Create profile matrix with method 'bin' and step 0.855 ... OK
Create profile matrix with method 'bin' and step 0.855 ... OK
Create profile matrix with method 'bin' and step 0.855 ... OK
Create profile matrix with method 'bin' and step 0.855 ... OK
Create profile matrix with method 'bin' and step 0.855 ... OK
Create profile matrix with method 'bin' and step 0.855 ... OK
Create profile matrix with method 'bin' and step 0.855 ... OK
Create profile matrix with method 'bin' and step 0.855 ... OK
Processing 101682 mz slices ... OK
Create profile matrix with method 'bin' and step 0.71 ... OK
Create profile matrix with method 'bin' and step 0.71 ... OK
Create profile matrix with method 'bin' and step 0.71 ... OK
Create profile matrix with method 'bin' and step 0.71 ... OK
Create profile matrix with method 'bin' and step 0.71 ... OK
Create profile matrix with method 'bin' and step 0.71 ... OK
Create profile matrix with method 'bin' and step 0.71 ... OK
Create profile matrix with method 'bin' and step 0.71 ... OK
Processing 101682 mz slices ... OK
Create profile matrix with method 'bin' and step 1 ... OK
Create profile matrix with method 'bin' and step 1 ... OK
Create profile matrix with method 'bin' and step 1 ... OK
Create profile matrix with method 'bin' and step 1 ... OK
Create profile matrix with method 'bin' and step 1 ... OK
Processing 101682 mz slices ... OK
Create profile matrix with method 'bin' and step 0.855 ... OK
Create profile matrix with method 'bin' and step 0.855 ... OK
Create profile matrix with method 'bin' and step 0.855 ... OK
Create profile matrix with method 'bin' and step 0.855 ... OK
Create profile matrix with method 'bin' and step 0.855 ... OK
Create profile matrix with method 'bin' and step 0.855 ... OK
Create profile matrix with method 'bin' and step 0.855 ... OK
Create profile matrix with method 'bin' and step 0.855 ... OK
Processing 101682 mz slices ... OK
Create profile matrix with method 'bin' and step 0.855 ... OK
Create profile matrix with method 'bin' and step 0.855 ... OK
Create profile matrix with method 'bin' and step 0.855 ... OK
Create profile matrix with method 'bin' and step 0.855 ... OK
Create profile matrix with method 'bin' and step 0.855 ... OK
Create profile matrix with method 'bin' and step 0.855 ... OK
Create profile matrix with method 'bin' and step 0.855 ... OK
Create profile matrix with method 'bin' and step 0.855 ... OK
Processing 101682 mz slices ... OK
Create profile matrix with method 'bin' and step 0.855 ... OK
Create profile matrix with method 'bin' and step 0.855 ... OK
Create profile matrix with method 'bin' and step 0.855 ... OK
Create profile matrix with method 'bin' and step 0.855 ... OK
Create profile matrix with method 'bin' and step 0.855 ... OK
Create profile matrix with method 'bin' and step 0.855 ... OK
Create profile matrix with method 'bin' and step 0.855 ... OK
Create profile matrix with method 'bin' and step 0.855 ... OK
Processing 508405 mz slices ... OK
Create profile matrix with method 'bin' and step 0.855 ... OK
Create profile matrix with method 'bin' and step 0.855 ... OK
Create profile matrix with method 'bin' and step 0.855 ... OK
Create profile matrix with method 'bin' and step 0.855 ... OK
Create profile matrix with method 'bin' and step 0.855 ... OK
Create profile matrix with method 'bin' and step 0.855 ... OK
Create profile matrix with method 'bin' and step 0.855 ... OK
Create profile matrix with method 'bin' and step 0.855 ... OK
Processing 56491 mz slices ... OK
Create profile matrix with method 'bin' and step 0.855 ... OK
Create profile matrix with method 'bin' and step 0.855 ... OK
Create profile matrix with method 'bin' and step 0.855 ... OK
Create profile matrix with method 'bin' and step 0.855 ... OK
Create profile matrix with method 'bin' and step 0.855 ... OK
Create profile matrix with method 'bin' and step 0.855 ... OK
Create profile matrix with method 'bin' and step 0.855 ... OK
Create profile matrix with method 'bin' and step 0.855 ... OK
Processing 101682 mz slices ... OK
Create profile matrix with method 'bin' and step 0.71 ... OK
Create profile matrix with method 'bin' and step 0.71 ... OK
Create profile matrix with method 'bin' and step 0.71 ... OK
Create profile matrix with method 'bin' and step 0.71 ... OK
Create profile matrix with method 'bin' and step 0.71 ... OK
Create profile matrix with method 'bin' and step 0.71 ... OK
Create profile matrix with method 'bin' and step 0.71 ... OK
Create profile matrix with method 'bin' and step 0.71 ... OK
Processing 94150 mz slices ... OK
no increase stopping
library(xcms)
library(Rmpi)

xset <- xcmsSet( 
  method = "centWave",
  peakwidth       = c(4, 80),
  ppm             = 30.5,
  noise           = 500,
  snthresh        = 10,
  mzdiff          = 0.0045,
  prefilter       = c(3, 500),
  mzCenterFun     = "wMean",
  integrate       = 2,
  fitgauss        = FALSE,
  verbose.columns = TRUE)
xset <- retcor( 
  xset,
  method         = "obiwarp",
  plottype       = "none",
  distFunc       = "cor_opt",
  profStep       = 1,
  center         = 2,
  response       = 1,
  gapInit        = 0.28,
  gapExtend      = 2.7,
  factorDiag     = 2,
  factorGap      = 1,
  localAlignment = 0)
xset <- group( 
  xset,
  method  = "density",
  bw      = 33.2,
  mzwid   = 0.015,
  minfrac = 0.05,
  minsamp = 1,
  max     = 50)

xset <- fillPeaks(xset)
Warning message:
In sink() : no sink to remove
