xsAnnotate contains no pseudospectra. Regroup all peaks into one!
Generating peak matrix!
Run isotope peak annotation
 % finished: 100  
Found isotopes: 0 
xsAnnotate contains no pseudospectra. Regroup all peaks into one!
Generating peak matrix!
Run isotope peak annotation
 % finished: 100  
Found isotopes: 0 
xsAnnotate contains no pseudospectra. Regroup all peaks into one!
Generating peak matrix!
Run isotope peak annotation
 % finished: 100  
Found isotopes: 2 
xsAnnotate contains no pseudospectra. Regroup all peaks into one!
Generating peak matrix!
Run isotope peak annotation
 % finished: 100  
Found isotopes: 1 
xsAnnotate contains no pseudospectra. Regroup all peaks into one!
Generating peak matrix!
Run isotope peak annotation
 % finished: 100  
Found isotopes: 0 
xsAnnotate contains no pseudospectra. Regroup all peaks into one!
Generating peak matrix!
Run isotope peak annotation
 % finished: 100  
Found isotopes: 0 
xsAnnotate contains no pseudospectra. Regroup all peaks into one!
Generating peak matrix!
Run isotope peak annotation
 % finished: 100  
Found isotopes: 2 
xsAnnotate contains no pseudospectra. Regroup all peaks into one!
Generating peak matrix!
Run isotope peak annotation
 % finished: 100  
Found isotopes: 1 
xsAnnotate contains no pseudospectra. Regroup all peaks into one!
Generating peak matrix!
Run isotope peak annotation
 % finished: 100  
Found isotopes: 0 
xsAnnotate contains no pseudospectra. Regroup all peaks into one!
Generating peak matrix!
Run isotope peak annotation
 % finished: 100  
Found isotopes: 0 
xsAnnotate contains no pseudospectra. Regroup all peaks into one!
Generating peak matrix!
Run isotope peak annotation
 % finished: 100  
Found isotopes: 2 
xsAnnotate contains no pseudospectra. Regroup all peaks into one!
Generating peak matrix!
Run isotope peak annotation
 % finished: 100  
Found isotopes: 1 
xsAnnotate contains no pseudospectra. Regroup all peaks into one!
Generating peak matrix!
Run isotope peak annotation
 % finished: 100  
Found isotopes: 0 
xsAnnotate contains no pseudospectra. Regroup all peaks into one!
Generating peak matrix!
Run isotope peak annotation
 % finished: 100  
Found isotopes: 0 
xsAnnotate contains no pseudospectra. Regroup all peaks into one!
Generating peak matrix!
Run isotope peak annotation
 % finished: 100  
Found isotopes: 2 
xsAnnotate contains no pseudospectra. Regroup all peaks into one!
Generating peak matrix!
Run isotope peak annotation
 % finished: 100  
Found isotopes: 1 
xsAnnotate contains no pseudospectra. Regroup all peaks into one!
Generating peak matrix!
Run isotope peak annotation
 % finished: 100  
Found isotopes: 0 
xsAnnotate contains no pseudospectra. Regroup all peaks into one!
Generating peak matrix!
Run isotope peak annotation
 % finished: 100  
Found isotopes: 2 
xsAnnotate contains no pseudospectra. Regroup all peaks into one!
Generating peak matrix!
Run isotope peak annotation
 % finished: 100  
Found isotopes: 0 
xsAnnotate contains no pseudospectra. Regroup all peaks into one!
Generating peak matrix!
Run isotope peak annotation
 % finished: 100  
Found isotopes: 0 
xsAnnotate contains no pseudospectra. Regroup all peaks into one!
Generating peak matrix!
Run isotope peak annotation
 % finished: 100  
Found isotopes: 0 
xsAnnotate contains no pseudospectra. Regroup all peaks into one!
Generating peak matrix!
Run isotope peak annotation
 % finished: 100  
Found isotopes: 0 
xsAnnotate contains no pseudospectra. Regroup all peaks into one!
Generating peak matrix!
Run isotope peak annotation
 % finished: 100  
Found isotopes: 0 
xsAnnotate contains no pseudospectra. Regroup all peaks into one!
Generating peak matrix!
Run isotope peak annotation
 % finished: 100  
Found isotopes: 0 
xsAnnotate contains no pseudospectra. Regroup all peaks into one!
Generating peak matrix!
Run isotope peak annotation
 % finished: 100  
Found isotopes: 0 
xsAnnotate contains no pseudospectra. Regroup all peaks into one!
Generating peak matrix!
Run isotope peak annotation
 % finished: 100  
Found isotopes: 0 
xsAnnotate contains no pseudospectra. Regroup all peaks into one!
Generating peak matrix!
Run isotope peak annotation
 % finished: 100  
Found isotopes: 1 
xsAnnotate contains no pseudospectra. Regroup all peaks into one!
Generating peak matrix!
Run isotope peak annotation
 % finished: 100  
Found isotopes: 0 
xsAnnotate contains no pseudospectra. Regroup all peaks into one!
Generating peak matrix!
Run isotope peak annotation
 % finished: 100  
Found isotopes: 0 
xsAnnotate contains no pseudospectra. Regroup all peaks into one!
Generating peak matrix!
Run isotope peak annotation
 % finished: 100  
Found isotopes: 2 
xsAnnotate contains no pseudospectra. Regroup all peaks into one!
Generating peak matrix!
Run isotope peak annotation
 % finished: 100  
Found isotopes: 1 
xsAnnotate contains no pseudospectra. Regroup all peaks into one!
Generating peak matrix!
Run isotope peak annotation
 % finished: 100  
Found isotopes: 0 
xsAnnotate contains no pseudospectra. Regroup all peaks into one!
Generating peak matrix!
Run isotope peak annotation
 % finished: 100  
Found isotopes: 0 
xsAnnotate contains no pseudospectra. Regroup all peaks into one!
Generating peak matrix!
Run isotope peak annotation
 % finished: 100  
Found isotopes: 2 
xsAnnotate contains no pseudospectra. Regroup all peaks into one!
Generating peak matrix!
Run isotope peak annotation
 % finished: 100  
Found isotopes: 1 
xsAnnotate contains no pseudospectra. Regroup all peaks into one!
Generating peak matrix!
Run isotope peak annotation
 % finished: 100  
Found isotopes: 0 
xsAnnotate contains no pseudospectra. Regroup all peaks into one!
Generating peak matrix!
Run isotope peak annotation
 % finished: 100  
Found isotopes: 0 
xsAnnotate contains no pseudospectra. Regroup all peaks into one!
Generating peak matrix!
Run isotope peak annotation
 % finished: 100  
Found isotopes: 2 
xsAnnotate contains no pseudospectra. Regroup all peaks into one!
Generating peak matrix!
Run isotope peak annotation
 % finished: 100  
Found isotopes: 1 
xsAnnotate contains no pseudospectra. Regroup all peaks into one!
Generating peak matrix!
Run isotope peak annotation
 % finished: 100  
Found isotopes: 0 
xsAnnotate contains no pseudospectra. Regroup all peaks into one!
Generating peak matrix!
Run isotope peak annotation
 % finished: 100  
Found isotopes: 0 
xsAnnotate contains no pseudospectra. Regroup all peaks into one!
Generating peak matrix!
Run isotope peak annotation
 % finished: 100  
Found isotopes: 2 
xsAnnotate contains no pseudospectra. Regroup all peaks into one!
Generating peak matrix!
Run isotope peak annotation
 % finished: 100  
Found isotopes: 1 
xsAnnotate contains no pseudospectra. Regroup all peaks into one!
Generating peak matrix!
Run isotope peak annotation
 % finished: 100  
Found isotopes: 1 
xsAnnotate contains no pseudospectra. Regroup all peaks into one!
Generating peak matrix!
Run isotope peak annotation
 % finished: 100  
Found isotopes: 0 
xsAnnotate contains no pseudospectra. Regroup all peaks into one!
Generating peak matrix!
Run isotope peak annotation
 % finished: 100  
Found isotopes: 1 
xsAnnotate contains no pseudospectra. Regroup all peaks into one!
Generating peak matrix!
Run isotope peak annotation
 % finished: 100  
Found isotopes: 0 
xsAnnotate contains no pseudospectra. Regroup all peaks into one!
Generating peak matrix!
Run isotope peak annotation
 % finished: 100  
Found isotopes: 1 
xsAnnotate contains no pseudospectra. Regroup all peaks into one!
Generating peak matrix!
Run isotope peak annotation
 % finished: 100  
Found isotopes: 1 
xsAnnotate contains no pseudospectra. Regroup all peaks into one!
Generating peak matrix!
Run isotope peak annotation
 % finished: 100  
Found isotopes: 1 
xsAnnotate contains no pseudospectra. Regroup all peaks into one!
Generating peak matrix!
Run isotope peak annotation
 % finished: 100  
Found isotopes: 1 
xsAnnotate contains no pseudospectra. Regroup all peaks into one!
Generating peak matrix!
Run isotope peak annotation
 % finished: 100  
Found isotopes: 1 
xsAnnotate contains no pseudospectra. Regroup all peaks into one!
Generating peak matrix!
Run isotope peak annotation
 % finished: 100  
Found isotopes: 1 
xsAnnotate contains no pseudospectra. Regroup all peaks into one!
Generating peak matrix!
Run isotope peak annotation
 % finished: 100  
Found isotopes: 2 
xsAnnotate contains no pseudospectra. Regroup all peaks into one!
Generating peak matrix!
Run isotope peak annotation
 % finished: 100  
Found isotopes: 2 
xsAnnotate contains no pseudospectra. Regroup all peaks into one!
Generating peak matrix!
Run isotope peak annotation
 % finished: 100  
Found isotopes: 1 
xsAnnotate contains no pseudospectra. Regroup all peaks into one!
Generating peak matrix!
Run isotope peak annotation
 % finished: 100  
Found isotopes: 2 
xsAnnotate contains no pseudospectra. Regroup all peaks into one!
Generating peak matrix!
Run isotope peak annotation
 % finished: 100  
Found isotopes: 2 
xsAnnotate contains no pseudospectra. Regroup all peaks into one!
Generating peak matrix!
Run isotope peak annotation
 % finished: 100  
Found isotopes: 2 
xsAnnotate contains no pseudospectra. Regroup all peaks into one!
Generating peak matrix!
Run isotope peak annotation
 % finished: 100  
Found isotopes: 1 
xsAnnotate contains no pseudospectra. Regroup all peaks into one!
Generating peak matrix!
Run isotope peak annotation
 % finished: 100  
Found isotopes: 2 
xsAnnotate contains no pseudospectra. Regroup all peaks into one!
Generating peak matrix!
Run isotope peak annotation
 % finished: 100  
Found isotopes: 2 
xsAnnotate contains no pseudospectra. Regroup all peaks into one!
Generating peak matrix!
Run isotope peak annotation
 % finished: 100  
Found isotopes: 2 
xsAnnotate contains no pseudospectra. Regroup all peaks into one!
Generating peak matrix!
Run isotope peak annotation
 % finished: 100  
Found isotopes: 2 
xsAnnotate contains no pseudospectra. Regroup all peaks into one!
Generating peak matrix!
Run isotope peak annotation
 % finished: 100  
Found isotopes: 2 
xsAnnotate contains no pseudospectra. Regroup all peaks into one!
Generating peak matrix!
Run isotope peak annotation
 % finished: 100  
Found isotopes: 1 
xsAnnotate contains no pseudospectra. Regroup all peaks into one!
Generating peak matrix!
Run isotope peak annotation
 % finished: 100  
Found isotopes: 2 
xsAnnotate contains no pseudospectra. Regroup all peaks into one!
Generating peak matrix!
Run isotope peak annotation
 % finished: 100  
Found isotopes: 2 
xsAnnotate contains no pseudospectra. Regroup all peaks into one!
Generating peak matrix!
Run isotope peak annotation
 % finished: 100  
Found isotopes: 2 
xsAnnotate contains no pseudospectra. Regroup all peaks into one!
Generating peak matrix!
Run isotope peak annotation
 % finished: 100  
Found isotopes: 2 
xsAnnotate contains no pseudospectra. Regroup all peaks into one!
Generating peak matrix!
Run isotope peak annotation
 % finished: 100  
Found isotopes: 2 
xsAnnotate contains no pseudospectra. Regroup all peaks into one!
Generating peak matrix!
Run isotope peak annotation
 % finished: 100  
Found isotopes: 2 
center sample:  Exp1R_CRR_7_NEG 
Processing: Exp1F_CRR_20_NEG  Exp1F_HCC_15_NEG  Exp1R_CRR_23_NEG  Exp1R_CRR_17_NEG  
center sample:  Exp1R_CRR_7_NEG 
Processing: Exp1F_CRR_20_NEG  Exp1F_HCC_15_NEG  Exp1R_CRR_23_NEG  Exp1R_CRR_17_NEG  
center sample:  Exp1R_CRR_7_NEG 
Processing: Exp1F_CRR_20_NEG  Exp1F_HCC_15_NEG  Exp1R_CRR_23_NEG  Exp1R_CRR_17_NEG  
center sample:  Exp1R_CRR_7_NEG 
Processing: Exp1F_CRR_20_NEG  Exp1F_HCC_15_NEG  Exp1R_CRR_23_NEG  Exp1R_CRR_17_NEG  
center sample:  Exp1R_CRR_7_NEG 
Processing: Exp1F_CRR_20_NEG  Exp1F_HCC_15_NEG  Exp1R_CRR_23_NEG  Exp1R_CRR_17_NEG  
center sample:  Exp1R_CRR_7_NEG 
Processing: Exp1F_CRR_20_NEG  Exp1F_HCC_15_NEG  Exp1R_CRR_23_NEG  Exp1R_CRR_17_NEG  
center sample:  Exp1R_CRR_7_NEG 
Processing: Exp1F_CRR_20_NEG  Exp1F_HCC_15_NEG  Exp1R_CRR_23_NEG  Exp1R_CRR_17_NEG  
center sample:  Exp1R_CRR_7_NEG 
Processing: Exp1F_CRR_20_NEG  Exp1F_HCC_15_NEG  Exp1R_CRR_23_NEG  Exp1R_CRR_17_NEG  
center sample:  Exp1R_CRR_7_NEG 
Processing: Exp1F_CRR_20_NEG  Exp1F_HCC_15_NEG  Exp1R_CRR_23_NEG  Exp1R_CRR_17_NEG  
center sample:  Exp1R_CRR_7_NEG 
Processing: Exp1F_CRR_20_NEG  Exp1F_HCC_15_NEG  Exp1R_CRR_23_NEG  Exp1R_CRR_17_NEG  
center sample:  Exp1R_CRR_7_NEG 
Processing: Exp1F_CRR_20_NEG  Exp1F_HCC_15_NEG  Exp1R_CRR_23_NEG  Exp1R_CRR_17_NEG  
center sample:  Exp1R_CRR_7_NEG 
Processing: Exp1F_CRR_20_NEG  Exp1F_HCC_15_NEG  Exp1R_CRR_23_NEG  Exp1R_CRR_17_NEG  
center sample:  Exp1R_CRR_7_NEG 
Processing: Exp1F_CRR_20_NEG  Exp1F_HCC_15_NEG  Exp1R_CRR_23_NEG  Exp1R_CRR_17_NEG  
center sample:  Exp1R_CRR_7_NEG 
Processing: Exp1F_CRR_20_NEG  Exp1F_HCC_15_NEG  Exp1R_CRR_23_NEG  Exp1R_CRR_17_NEG  
center sample:  Exp1R_CRR_7_NEG 
Processing: Exp1F_CRR_20_NEG  Exp1F_HCC_15_NEG  Exp1R_CRR_23_NEG  Exp1R_CRR_17_NEG  
center sample:  Exp1R_CRR_7_NEG 
Processing: Exp1F_CRR_20_NEG  Exp1F_HCC_15_NEG  Exp1R_CRR_23_NEG  Exp1R_CRR_17_NEG  
center sample:  Exp1R_CRR_7_NEG 
Processing: Exp1F_CRR_20_NEG  Exp1F_HCC_15_NEG  Exp1R_CRR_23_NEG  Exp1R_CRR_17_NEG  
center sample:  Exp1R_CRR_7_NEG 
Processing: Exp1F_CRR_20_NEG  Exp1F_HCC_15_NEG  Exp1R_CRR_23_NEG  Exp1R_CRR_17_NEG  
center sample:  Exp1R_CRR_7_NEG 
Processing: Exp1F_CRR_20_NEG  Exp1F_HCC_15_NEG  Exp1R_CRR_23_NEG  Exp1R_CRR_17_NEG  
center sample:  Exp1R_CRR_7_NEG 
Processing: Exp1F_CRR_20_NEG  Exp1F_HCC_15_NEG  Exp1R_CRR_23_NEG  Exp1R_CRR_17_NEG  
center sample:  Exp1R_CRR_7_NEG 
Processing: Exp1F_CRR_20_NEG  Exp1F_HCC_15_NEG  Exp1R_CRR_23_NEG  Exp1R_CRR_17_NEG  
center sample:  Exp1R_CRR_7_NEG 
Processing: Exp1F_CRR_20_NEG  Exp1F_HCC_15_NEG  Exp1R_CRR_23_NEG  Exp1R_CRR_17_NEG  
center sample:  Exp1R_CRR_7_NEG 
Processing: Exp1F_CRR_20_NEG  Exp1F_HCC_15_NEG  Exp1R_CRR_23_NEG  Exp1R_CRR_17_NEG  
center sample:  Exp1R_CRR_7_NEG 
Processing: Exp1F_CRR_20_NEG  Exp1F_HCC_15_NEG  Exp1R_CRR_23_NEG  Exp1R_CRR_17_NEG  
center sample:  Exp1R_CRR_7_NEG 
Processing: Exp1F_CRR_20_NEG  Exp1F_HCC_15_NEG  Exp1R_CRR_23_NEG  Exp1R_CRR_17_NEG  
center sample:  Exp1R_CRR_7_NEG 
Processing: Exp1F_CRR_20_NEG  Exp1F_HCC_15_NEG  Exp1R_CRR_23_NEG  Exp1R_CRR_17_NEG  
center sample:  Exp1R_CRR_7_NEG 
Processing: Exp1F_CRR_20_NEG  Exp1F_HCC_15_NEG  Exp1R_CRR_23_NEG  Exp1R_CRR_17_NEG  
center sample:  Exp1R_CRR_7_NEG 
Processing: Exp1F_CRR_20_NEG  Exp1F_HCC_15_NEG  Exp1R_CRR_23_NEG  Exp1R_CRR_17_NEG  
center sample:  Exp1R_CRR_7_NEG 
Processing: Exp1F_CRR_20_NEG  Exp1F_HCC_15_NEG  Exp1R_CRR_23_NEG  Exp1R_CRR_17_NEG  
center sample:  Exp1R_CRR_7_NEG 
Processing: Exp1F_CRR_20_NEG  Exp1F_HCC_15_NEG  Exp1R_CRR_23_NEG  Exp1R_CRR_17_NEG  
center sample:  Exp1R_CRR_7_NEG 
Processing: Exp1F_CRR_20_NEG  Exp1F_HCC_15_NEG  Exp1R_CRR_23_NEG  Exp1R_CRR_17_NEG  
center sample:  Exp1R_CRR_7_NEG 
Processing: Exp1F_CRR_20_NEG  Exp1F_HCC_15_NEG  Exp1R_CRR_23_NEG  Exp1R_CRR_17_NEG  
center sample:  Exp1R_CRR_7_NEG 
Processing: Exp1F_CRR_20_NEG  Exp1F_HCC_15_NEG  Exp1R_CRR_23_NEG  Exp1R_CRR_17_NEG  
center sample:  Exp1R_CRR_7_NEG 
Processing: Exp1F_CRR_20_NEG  Exp1F_HCC_15_NEG  Exp1R_CRR_23_NEG  Exp1R_CRR_17_NEG  
center sample:  Exp1R_CRR_7_NEG 
Processing: Exp1F_CRR_20_NEG  Exp1F_HCC_15_NEG  Exp1R_CRR_23_NEG  Exp1R_CRR_17_NEG  
center sample:  Exp1R_CRR_7_NEG 
Processing: Exp1F_CRR_20_NEG  Exp1F_HCC_15_NEG  Exp1R_CRR_23_NEG  Exp1R_CRR_17_NEG  
center sample:  Exp1R_CRR_7_NEG 
Processing: Exp1F_CRR_20_NEG  Exp1F_HCC_15_NEG  Exp1R_CRR_23_NEG  Exp1R_CRR_17_NEG  
center sample:  Exp1R_CRR_7_NEG 
Processing: Exp1F_CRR_20_NEG  Exp1F_HCC_15_NEG  Exp1R_CRR_23_NEG  Exp1R_CRR_17_NEG  
center sample:  Exp1R_CRR_7_NEG 
Processing: Exp1F_CRR_20_NEG  Exp1F_HCC_15_NEG  Exp1R_CRR_23_NEG  Exp1R_CRR_17_NEG  
center sample:  Exp1R_CRR_7_NEG 
Processing: Exp1F_CRR_20_NEG  Exp1F_HCC_15_NEG  Exp1R_CRR_23_NEG  Exp1R_CRR_17_NEG  
center sample:  Exp1R_CRR_7_NEG 
Processing: Exp1F_CRR_20_NEG  Exp1F_HCC_15_NEG  Exp1R_CRR_23_NEG  Exp1R_CRR_17_NEG  
center sample:  Exp1R_CRR_7_NEG 
Processing: Exp1F_CRR_20_NEG  Exp1F_HCC_15_NEG  Exp1R_CRR_23_NEG  Exp1R_CRR_17_NEG  
center sample:  Exp1R_CRR_7_NEG 
Processing: Exp1F_CRR_20_NEG  Exp1F_HCC_15_NEG  Exp1R_CRR_23_NEG  Exp1R_CRR_17_NEG  
center sample:  Exp1R_CRR_7_NEG 
Processing: Exp1F_CRR_20_NEG  Exp1F_HCC_15_NEG  Exp1R_CRR_23_NEG  Exp1R_CRR_17_NEG  
center sample:  Exp1R_CRR_7_NEG 
Processing: Exp1F_CRR_20_NEG  Exp1F_HCC_15_NEG  Exp1R_CRR_23_NEG  Exp1R_CRR_17_NEG  
center sample:  Exp1R_CRR_7_NEG 
Processing: Exp1F_CRR_20_NEG  Exp1F_HCC_15_NEG  Exp1R_CRR_23_NEG  Exp1R_CRR_17_NEG  
center sample:  Exp1R_CRR_7_NEG 
Processing: Exp1F_CRR_20_NEG  Exp1F_HCC_15_NEG  Exp1R_CRR_23_NEG  Exp1R_CRR_17_NEG  
center sample:  Exp1R_CRR_7_NEG 
Processing: Exp1F_CRR_20_NEG  Exp1F_HCC_15_NEG  Exp1R_CRR_23_NEG  Exp1R_CRR_17_NEG  
center sample:  Exp1R_CRR_7_NEG 
Processing: Exp1F_CRR_20_NEG  Exp1F_HCC_15_NEG  Exp1R_CRR_23_NEG  Exp1R_CRR_17_NEG  
center sample:  Exp1R_CRR_7_NEG 
Processing: Exp1F_CRR_20_NEG  Exp1F_HCC_15_NEG  Exp1R_CRR_23_NEG  Exp1R_CRR_17_NEG  
center sample:  Exp1R_CRR_7_NEG 
Processing: Exp1F_CRR_20_NEG  Exp1F_HCC_15_NEG  Exp1R_CRR_23_NEG  Exp1R_CRR_17_NEG  
center sample:  Exp1R_CRR_7_NEG 
Processing: Exp1F_CRR_20_NEG  Exp1F_HCC_15_NEG  Exp1R_CRR_23_NEG  Exp1R_CRR_17_NEG  
center sample:  Exp1R_CRR_7_NEG 
Processing: Exp1F_CRR_20_NEG  Exp1F_HCC_15_NEG  Exp1R_CRR_23_NEG  Exp1R_CRR_17_NEG  
center sample:  Exp1R_CRR_7_NEG 
Processing: Exp1F_CRR_20_NEG  Exp1F_HCC_15_NEG  Exp1R_CRR_23_NEG  Exp1R_CRR_17_NEG  
center sample:  Exp1R_CRR_7_NEG 
Processing: Exp1F_CRR_20_NEG  Exp1F_HCC_15_NEG  Exp1R_CRR_23_NEG  Exp1R_CRR_17_NEG  
center sample:  Exp1R_CRR_7_NEG 
Processing: Exp1F_CRR_20_NEG  Exp1F_HCC_15_NEG  Exp1R_CRR_23_NEG  Exp1R_CRR_17_NEG  
center sample:  Exp1R_CRR_7_NEG 
Processing: Exp1F_CRR_20_NEG  Exp1F_HCC_15_NEG  Exp1R_CRR_23_NEG  Exp1R_CRR_17_NEG  
center sample:  Exp1R_CRR_7_NEG 
Processing: Exp1F_CRR_20_NEG  Exp1F_HCC_15_NEG  Exp1R_CRR_23_NEG  Exp1R_CRR_17_NEG  
center sample:  Exp1R_CRR_7_NEG 
Processing: Exp1F_CRR_20_NEG  Exp1F_HCC_15_NEG  Exp1R_CRR_23_NEG  Exp1R_CRR_17_NEG  
center sample:  Exp1R_CRR_7_NEG 
Processing: Exp1F_CRR_20_NEG  Exp1F_HCC_15_NEG  Exp1R_CRR_23_NEG  Exp1R_CRR_17_NEG  
center sample:  Exp1R_CRR_7_NEG 
Processing: Exp1F_CRR_20_NEG  Exp1F_HCC_15_NEG  Exp1R_CRR_23_NEG  Exp1R_CRR_17_NEG  
center sample:  Exp1R_CRR_7_NEG 
Processing: Exp1F_CRR_20_NEG  Exp1F_HCC_15_NEG  Exp1R_CRR_23_NEG  Exp1R_CRR_17_NEG  
center sample:  Exp1R_CRR_7_NEG 
Processing: Exp1F_CRR_20_NEG  Exp1F_HCC_15_NEG  Exp1R_CRR_23_NEG  Exp1R_CRR_17_NEG  
center sample:  Exp1R_CRR_7_NEG 
Processing: Exp1F_CRR_20_NEG  Exp1F_HCC_15_NEG  Exp1R_CRR_23_NEG  Exp1R_CRR_17_NEG  
center sample:  Exp1R_CRR_7_NEG 
Processing: Exp1F_CRR_20_NEG  Exp1F_HCC_15_NEG  Exp1R_CRR_23_NEG  Exp1R_CRR_17_NEG  
center sample:  Exp1R_CRR_7_NEG 
Processing: Exp1F_CRR_20_NEG  Exp1F_HCC_15_NEG  Exp1R_CRR_23_NEG  Exp1R_CRR_17_NEG  
center sample:  Exp1R_CRR_7_NEG 
Processing: Exp1F_CRR_20_NEG  Exp1F_HCC_15_NEG  Exp1R_CRR_23_NEG  Exp1R_CRR_17_NEG  
center sample:  Exp1R_CRR_7_NEG 
Processing: Exp1F_CRR_20_NEG  Exp1F_HCC_15_NEG  Exp1R_CRR_23_NEG  Exp1R_CRR_17_NEG  
center sample:  Exp1R_CRR_7_NEG 
Processing: Exp1F_CRR_20_NEG  Exp1F_HCC_15_NEG  Exp1R_CRR_23_NEG  Exp1R_CRR_17_NEG  
center sample:  Exp1R_CRR_7_NEG 
Processing: Exp1F_CRR_20_NEG  Exp1F_HCC_15_NEG  Exp1R_CRR_23_NEG  Exp1R_CRR_17_NEG  
center sample:  Exp1R_CRR_7_NEG 
Processing: Exp1F_CRR_20_NEG  Exp1F_HCC_15_NEG  Exp1R_CRR_23_NEG  Exp1R_CRR_17_NEG  
center sample:  Exp1R_CRR_7_NEG 
Processing: Exp1F_CRR_20_NEG  Exp1F_HCC_15_NEG  Exp1R_CRR_23_NEG  Exp1R_CRR_17_NEG  
center sample:  Exp1R_CRR_7_NEG 
Processing: Exp1F_CRR_20_NEG  Exp1F_HCC_15_NEG  Exp1R_CRR_23_NEG  Exp1R_CRR_17_NEG  
center sample:  Exp1R_CRR_7_NEG 
Processing: Exp1F_CRR_20_NEG  Exp1F_HCC_15_NEG  Exp1R_CRR_23_NEG  Exp1R_CRR_17_NEG  
center sample:  Exp1R_CRR_7_NEG 
Processing: Exp1F_CRR_20_NEG  Exp1F_HCC_15_NEG  Exp1R_CRR_23_NEG  Exp1R_CRR_17_NEG  
center sample:  Exp1R_CRR_7_NEG 
Processing: Exp1F_CRR_20_NEG  Exp1F_HCC_15_NEG  Exp1R_CRR_23_NEG  Exp1R_CRR_17_NEG  
center sample:  Exp1R_CRR_7_NEG 
Processing: Exp1F_CRR_20_NEG  Exp1F_HCC_15_NEG  Exp1R_CRR_23_NEG  Exp1R_CRR_17_NEG  
center sample:  Exp1R_CRR_7_NEG 
Processing: Exp1F_CRR_20_NEG  Exp1F_HCC_15_NEG  Exp1R_CRR_23_NEG  Exp1R_CRR_17_NEG  
center sample:  Exp1R_CRR_7_NEG 
Processing: Exp1F_CRR_20_NEG  Exp1F_HCC_15_NEG  Exp1R_CRR_23_NEG  Exp1R_CRR_17_NEG  
center sample:  Exp1R_CRR_7_NEG 
Processing: Exp1F_CRR_20_NEG  Exp1F_HCC_15_NEG  Exp1R_CRR_23_NEG  Exp1R_CRR_17_NEG  
center sample:  Exp1R_CRR_7_NEG 
Processing: Exp1F_CRR_20_NEG  Exp1F_HCC_15_NEG  Exp1R_CRR_23_NEG  Exp1R_CRR_17_NEG  
center sample:  Exp1R_CRR_7_NEG 
Processing: Exp1F_CRR_20_NEG  Exp1F_HCC_15_NEG  Exp1R_CRR_23_NEG  Exp1R_CRR_17_NEG  
center sample:  Exp1R_CRR_7_NEG 
Processing: Exp1F_CRR_20_NEG  Exp1F_HCC_15_NEG  Exp1R_CRR_23_NEG  Exp1R_CRR_17_NEG  
center sample:  Exp1R_CRR_7_NEG 
Processing: Exp1F_CRR_20_NEG  Exp1F_HCC_15_NEG  Exp1R_CRR_23_NEG  Exp1R_CRR_17_NEG  
center sample:  Exp1R_CRR_7_NEG 
Processing: Exp1F_CRR_20_NEG  Exp1F_HCC_15_NEG  Exp1R_CRR_23_NEG  Exp1R_CRR_17_NEG  
center sample:  Exp1R_CRR_7_NEG 
Processing: Exp1F_CRR_20_NEG  Exp1F_HCC_15_NEG  Exp1R_CRR_23_NEG  Exp1R_CRR_17_NEG  
center sample:  Exp1R_CRR_7_NEG 
Processing: Exp1F_CRR_20_NEG  Exp1F_HCC_15_NEG  Exp1R_CRR_23_NEG  Exp1R_CRR_17_NEG  
center sample:  Exp1R_CRR_7_NEG 
Processing: Exp1F_CRR_20_NEG  Exp1F_HCC_15_NEG  Exp1R_CRR_23_NEG  Exp1R_CRR_17_NEG  
center sample:  Exp1R_CRR_7_NEG 
Processing: Exp1F_CRR_20_NEG  Exp1F_HCC_15_NEG  Exp1R_CRR_23_NEG  Exp1R_CRR_17_NEG  
center sample:  Exp1R_CRR_7_NEG 
Processing: Exp1F_CRR_20_NEG  Exp1F_HCC_15_NEG  Exp1R_CRR_23_NEG  Exp1R_CRR_17_NEG  
x with method 'bin' and step 1 ... OK
Processing 41008 mz slices ... OK
Create profile matrix with method 'bin' and step 1 ... OK
Create profile matrix with method 'bin' and step 1 ... OK
Create profile matrix with method 'bin' and step 1 ... OK
Create profile matrix with method 'bin' and step 1 ... OK
Create profile matrix with method 'bin' and step 1 ... OK
Processing 41008 mz slices ... OK
Create profile matrix with method 'bin' and step 1 ... OK
Create profile matrix with method 'bin' and step 1 ... OK
Create profile matrix with method 'bin' and step 1 ... OK
Create profile matrix with method 'bin' and step 1 ... OK
Create profile matrix with method 'bin' and step 1 ... OK
Processing 41008 mz slices ... OK
Create profile matrix with method 'bin' and step 0.7 ... OK
Create profile matrix with method 'bin' and step 0.7 ... OK
Create profile matrix with method 'bin' and step 0.7 ... OK
Create profile matrix with method 'bin' and step 0.7 ... OK
Create profile matrix with method 'bin' and step 0.7 ... OK
Create profile matrix with method 'bin' and step 0.7 ... OK
Create profile matrix with method 'bin' and step 0.7 ... OK
Create profile matrix with method 'bin' and step 0.7 ... OK
Processing 41008 mz slices ... OK
Create profile matrix with method 'bin' and step 0.7 ... OK
Create profile matrix with method 'bin' and step 0.7 ... OK
Create profile matrix with method 'bin' and step 0.7 ... OK
Create profile matrix with method 'bin' and step 0.7 ... OK
Create profile matrix with method 'bin' and step 0.7 ... OK
Create profile matrix with method 'bin' and step 0.7 ... OK
Create profile matrix with method 'bin' and step 0.7 ... OK
Create profile matrix with method 'bin' and step 0.7 ... OK
Processing 41008 mz slices ... OK
Create profile matrix with method 'bin' and step 0.7 ... OK
Create profile matrix with method 'bin' and step 0.7 ... OK
Create profile matrix with method 'bin' and step 0.7 ... OK
Create profile matrix with method 'bin' and step 0.7 ... OK
Create profile matrix with method 'bin' and step 0.7 ... OK
Create profile matrix with method 'bin' and step 0.7 ... OK
Create profile matrix with method 'bin' and step 0.7 ... OK
Create profile matrix with method 'bin' and step 0.7 ... OK
Processing 41008 mz slices ... OK
Create profile matrix with method 'bin' and step 0.7 ... OK
Create profile matrix with method 'bin' and step 0.7 ... OK
Create profile matrix with method 'bin' and step 0.7 ... OK
Create profile matrix with method 'bin' and step 0.7 ... OK
Create profile matrix with method 'bin' and step 0.7 ... OK
Create profile matrix with method 'bin' and step 0.7 ... OK
Create profile matrix with method 'bin' and step 0.7 ... OK
Create profile matrix with method 'bin' and step 0.7 ... OK
Processing 41008 mz slices ... OK
Create profile matrix with method 'bin' and step 1 ... OK
Create profile matrix with method 'bin' and step 1 ... OK
Create profile matrix with method 'bin' and step 1 ... OK
Create profile matrix with method 'bin' and step 1 ... OK
Create profile matrix with method 'bin' and step 1 ... OK
Processing 41008 mz slices ... OK
Create profile matrix with method 'bin' and step 1 ... OK
Create profile matrix with method 'bin' and step 1 ... OK
Create profile matrix with method 'bin' and step 1 ... OK
Create profile matrix with method 'bin' and step 1 ... OK
Create profile matrix with method 'bin' and step 1 ... OK
Processing 41008 mz slices ... OK
Create profile matrix with method 'bin' and step 1 ... OK
Create profile matrix with method 'bin' and step 1 ... OK
Create profile matrix with method 'bin' and step 1 ... OK
Create profile matrix with method 'bin' and step 1 ... OK
Create profile matrix with method 'bin' and step 1 ... OK
Processing 41008 mz slices ... OK
Create profile matrix with method 'bin' and step 1 ... OK
Create profile matrix with method 'bin' and step 1 ... OK
Create profile matrix with method 'bin' and step 1 ... OK
Create profile matrix with method 'bin' and step 1 ... OK
Create profile matrix with method 'bin' and step 1 ... OK
Processing 41008 mz slices ... OK
Create profile matrix with method 'bin' and step 0.85 ... OK
Create profile matrix with method 'bin' and step 0.85 ... OK
Create profile matrix with method 'bin' and step 0.85 ... OK
Create profile matrix with method 'bin' and step 0.85 ... OK
Create profile matrix with method 'bin' and step 0.85 ... OK
Create profile matrix with method 'bin' and step 0.85 ... OK
Create profile matrix with method 'bin' and step 0.85 ... OK
Create profile matrix with method 'bin' and step 0.85 ... OK
Processing 57410 mz slices ... OK
Create profile matrix with method 'bin' and step 0.85 ... OK
Create profile matrix with method 'bin' and step 0.85 ... OK
Create profile matrix with method 'bin' and step 0.85 ... OK
Create profile matrix with method 'bin' and step 0.85 ... OK
Create profile matrix with method 'bin' and step 0.85 ... OK
Create profile matrix with method 'bin' and step 0.85 ... OK
Create profile matrix with method 'bin' and step 0.85 ... OK
Create profile matrix with method 'bin' and step 0.85 ... OK
Processing 57410 mz slices ... OK
Create profile matrix with method 'bin' and step 0.85 ... OK
Create profile matrix with method 'bin' and step 0.85 ... OK
Create profile matrix with method 'bin' and step 0.85 ... OK
Create profile matrix with method 'bin' and step 0.85 ... OK
Create profile matrix with method 'bin' and step 0.85 ... OK
Create profile matrix with method 'bin' and step 0.85 ... OK
Create profile matrix with method 'bin' and step 0.85 ... OK
Create profile matrix with method 'bin' and step 0.85 ... OK
Processing 57410 mz slices ... OK
Create profile matrix with method 'bin' and step 0.85 ... OK
Create profile matrix with method 'bin' and step 0.85 ... OK
Create profile matrix with method 'bin' and step 0.85 ... OK
Create profile matrix with method 'bin' and step 0.85 ... OK
Create profile matrix with method 'bin' and step 0.85 ... OK
Create profile matrix with method 'bin' and step 0.85 ... OK
Create profile matrix with method 'bin' and step 0.85 ... OK
Create profile matrix with method 'bin' and step 0.85 ... OK
Processing 57410 mz slices ... OK
Create profile matrix with method 'bin' and step 0.85 ... OK
Create profile matrix with method 'bin' and step 0.85 ... OK
Create profile matrix with method 'bin' and step 0.85 ... OK
Create profile matrix with method 'bin' and step 0.85 ... OK
Create profile matrix with method 'bin' and step 0.85 ... OK
Create profile matrix with method 'bin' and step 0.85 ... OK
Create profile matrix with method 'bin' and step 0.85 ... OK
Create profile matrix with method 'bin' and step 0.85 ... OK
Processing 57410 mz slices ... OK
Create profile matrix with method 'bin' and step 0.7 ... OK
Create profile matrix with method 'bin' and step 0.7 ... OK
Create profile matrix with method 'bin' and step 0.7 ... OK
Create profile matrix with method 'bin' and step 0.7 ... OK
Create profile matrix with method 'bin' and step 0.7 ... OK
Create profile matrix with method 'bin' and step 0.7 ... OK
Create profile matrix with method 'bin' and step 0.7 ... OK
Create profile matrix with method 'bin' and step 0.7 ... OK
Processing 57410 mz slices ... OK
Create profile matrix with method 'bin' and step 1 ... OK
Create profile matrix with method 'bin' and step 1 ... OK
Create profile matrix with method 'bin' and step 1 ... OK
Create profile matrix with method 'bin' and step 1 ... OK
Create profile matrix with method 'bin' and step 1 ... OK
Processing 57410 mz slices ... OK
Create profile matrix with method 'bin' and step 0.85 ... OK
Create profile matrix with method 'bin' and step 0.85 ... OK
Create profile matrix with method 'bin' and step 0.85 ... OK
Create profile matrix with method 'bin' and step 0.85 ... OK
Create profile matrix with method 'bin' and step 0.85 ... OK
Create profile matrix with method 'bin' and step 0.85 ... OK
Create profile matrix with method 'bin' and step 0.85 ... OK
Create profile matrix with method 'bin' and step 0.85 ... OK
Processing 57410 mz slices ... OK
Create profile matrix with method 'bin' and step 0.85 ... OK
Create profile matrix with method 'bin' and step 0.85 ... OK
Create profile matrix with method 'bin' and step 0.85 ... OK
Create profile matrix with method 'bin' and step 0.85 ... OK
Create profile matrix with method 'bin' and step 0.85 ... OK
Create profile matrix with method 'bin' and step 0.85 ... OK
Create profile matrix with method 'bin' and step 0.85 ... OK
Create profile matrix with method 'bin' and step 0.85 ... OK
Processing 57410 mz slices ... OK
Create profile matrix with method 'bin' and step 0.85 ... OK
Create profile matrix with method 'bin' and step 0.85 ... OK
Create profile matrix with method 'bin' and step 0.85 ... OK
Create profile matrix with method 'bin' and step 0.85 ... OK
Create profile matrix with method 'bin' and step 0.85 ... OK
Create profile matrix with method 'bin' and step 0.85 ... OK
Create profile matrix with method 'bin' and step 0.85 ... OK
Create profile matrix with method 'bin' and step 0.85 ... OK
Processing 95683 mz slices ... OK
Create profile matrix with method 'bin' and step 0.85 ... OK
Create profile matrix with method 'bin' and step 0.85 ... OK
Create profile matrix with method 'bin' and step 0.85 ... OK
Create profile matrix with method 'bin' and step 0.85 ... OK
Create profile matrix with method 'bin' and step 0.85 ... OK
Create profile matrix with method 'bin' and step 0.85 ... OK
Create profile matrix with method 'bin' and step 0.85 ... OK
Create profile matrix with method 'bin' and step 0.85 ... OK
Processing 41008 mz slices ... OK
Create profile matrix with method 'bin' and step 0.85 ... OK
Create profile matrix with method 'bin' and step 0.85 ... OK
Create profile matrix with method 'bin' and step 0.85 ... OK
Create profile matrix with method 'bin' and step 0.85 ... OK
Create profile matrix with method 'bin' and step 0.85 ... OK
Create profile matrix with method 'bin' and step 0.85 ... OK
Create profile matrix with method 'bin' and step 0.85 ... OK
Create profile matrix with method 'bin' and step 0.85 ... OK
Processing 57410 mz slices ... OK
Create profile matrix with method 'bin' and step 0.85 ... OK
Create profile matrix with method 'bin' and step 0.85 ... OK
Create profile matrix with method 'bin' and step 0.85 ... OK
Create profile matrix with method 'bin' and step 0.85 ... OK
Create profile matrix with method 'bin' and step 0.85 ... OK
Create profile matrix with method 'bin' and step 0.85 ... OK
Create profile matrix with method 'bin' and step 0.85 ... OK
Create profile matrix with method 'bin' and step 0.85 ... OK
Processing 57410 mz slices ... OK



starting new DoE with:

gapInit: c(0.16, 0.56)
gapExtend: c(2.16, 2.64)
profStep: c(0.73, 0.97)
bw: c(23.6, 36.4)
mzwid: c(0.017, 0.033)
distFunc: cor_opt
plottype: none
response: 1
factorDiag: 2
factorGap: 1
localAlignment: 0
retcorMethod: obiwarp
minfrac: 0.05
minsamp: 1
max: 50
center: 1

Create profile matrix with method 'bin' and step 0.73 ... OK
Create profile matrix with method 'bin' and step 0.73 ... OK
Create profile matrix with method 'bin' and step 0.73 ... OK
Create profile matrix with method 'bin' and step 0.73 ... OK
Create profile matrix with method 'bin' and step 0.73 ... OK
Create profile matrix with method 'bin' and step 0.73 ... OK
Create profile matrix with method 'bin' and step 0.73 ... OK
Create profile matrix with method 'bin' and step 0.73 ... OK
Processing 84426 mz slices ... OK
Create profile matrix with method 'bin' and step 0.73 ... OK
Create profile matrix with method 'bin' and step 0.73 ... OK
Create profile matrix with method 'bin' and step 0.73 ... OK
Create profile matrix with method 'bin' and step 0.73 ... OK
Create profile matrix with method 'bin' and step 0.73 ... OK
Create profile matrix with method 'bin' and step 0.73 ... OK
Create profile matrix with method 'bin' and step 0.73 ... OK
Create profile matrix with method 'bin' and step 0.73 ... OK
Processing 84426 mz slices ... OK
Create profile matrix with method 'bin' and step 0.73 ... OK
Create profile matrix with method 'bin' and step 0.73 ... OK
Create profile matrix with method 'bin' and step 0.73 ... OK
Create profile matrix with method 'bin' and step 0.73 ... OK
Create profile matrix with method 'bin' and step 0.73 ... OK
Create profile matrix with method 'bin' and step 0.73 ... OK
Create profile matrix with method 'bin' and step 0.73 ... OK
Create profile matrix with method 'bin' and step 0.73 ... OK
Processing 84426 mz slices ... OK
Create profile matrix with method 'bin' and step 0.73 ... OK
Create profile matrix with method 'bin' and step 0.73 ... OK
Create profile matrix with method 'bin' and step 0.73 ... OK
Create profile matrix with method 'bin' and step 0.73 ... OK
Create profile matrix with method 'bin' and step 0.73 ... OK
Create profile matrix with method 'bin' and step 0.73 ... OK
Create profile matrix with method 'bin' and step 0.73 ... OK
Create profile matrix with method 'bin' and step 0.73 ... OK
Processing 84426 mz slices ... OK
Create profile matrix with method 'bin' and step 0.97 ... OK
Create profile matrix with method 'bin' and step 0.97 ... OK
Create profile matrix with method 'bin' and step 0.97 ... OK
Create profile matrix with method 'bin' and step 0.97 ... OK
Create profile matrix with method 'bin' and step 0.97 ... OK
Create profile matrix with method 'bin' and step 0.97 ... OK
Create profile matrix with method 'bin' and step 0.97 ... OK
Create profile matrix with method 'bin' and step 0.97 ... OK
Processing 84426 mz slices ... OK
Create profile matrix with method 'bin' and step 0.97 ... OK
Create profile matrix with method 'bin' and step 0.97 ... OK
Create profile matrix with method 'bin' and step 0.97 ... OK
Create profile matrix with method 'bin' and step 0.97 ... OK
Create profile matrix with method 'bin' and step 0.97 ... OK
Create profile matrix with method 'bin' and step 0.97 ... OK
Create profile matrix with method 'bin' and step 0.97 ... OK
Create profile matrix with method 'bin' and step 0.97 ... OK
Processing 84426 mz slices ... OK
Create profile matrix with method 'bin' and step 0.97 ... OK
Create profile matrix with method 'bin' and step 0.97 ... OK
Create profile matrix with method 'bin' and step 0.97 ... OK
Create profile matrix with method 'bin' and step 0.97 ... OK
Create profile matrix with method 'bin' and step 0.97 ... OK
Create profile matrix with method 'bin' and step 0.97 ... OK
Create profile matrix with method 'bin' and step 0.97 ... OK
Create profile matrix with method 'bin' and step 0.97 ... OK
Processing 84426 mz slices ... OK
Create profile matrix with method 'bin' and step 0.97 ... OK
Create profile matrix with method 'bin' and step 0.97 ... OK
Create profile matrix with method 'bin' and step 0.97 ... OK
Create profile matrix with method 'bin' and step 0.97 ... OK
Create profile matrix with method 'bin' and step 0.97 ... OK
Create profile matrix with method 'bin' and step 0.97 ... OK
Create profile matrix with method 'bin' and step 0.97 ... OK
Create profile matrix with method 'bin' and step 0.97 ... OK
Processing 84426 mz slices ... OK
Create profile matrix with method 'bin' and step 0.73 ... OK
Create profile matrix with method 'bin' and step 0.73 ... OK
Create profile matrix with method 'bin' and step 0.73 ... OK
Create profile matrix with method 'bin' and step 0.73 ... OK
Create profile matrix with method 'bin' and step 0.73 ... OK
Create profile matrix with method 'bin' and step 0.73 ... OK
Create profile matrix with method 'bin' and step 0.73 ... OK
Create profile matrix with method 'bin' and step 0.73 ... OK
Processing 84426 mz slices ... OK
Create profile matrix with method 'bin' and step 0.73 ... OK
Create profile matrix with method 'bin' and step 0.73 ... OK
Create profile matrix with method 'bin' and step 0.73 ... OK
Create profile matrix with method 'bin' and step 0.73 ... OK
Create profile matrix with method 'bin' and step 0.73 ... OK
Create profile matrix with method 'bin' and step 0.73 ... OK
Create profile matrix with method 'bin' and step 0.73 ... OK
Create profile matrix with method 'bin' and step 0.73 ... OK
Processing 84426 mz slices ... OK
Create profile matrix with method 'bin' and step 0.73 ... OK
Create profile matrix with method 'bin' and step 0.73 ... OK
Create profile matrix with method 'bin' and step 0.73 ... OK
Create profile matrix with method 'bin' and step 0.73 ... OK
Create profile matrix with method 'bin' and step 0.73 ... OK
Create profile matrix with method 'bin' and step 0.73 ... OK
Create profile matrix with method 'bin' and step 0.73 ... OK
Create profile matrix with method 'bin' and step 0.73 ... OK
Processing 84426 mz slices ... OK
Create profile matrix with method 'bin' and step 0.73 ... OK
Create profile matrix with method 'bin' and step 0.73 ... OK
Create profile matrix with method 'bin' and step 0.73 ... OK
Create profile matrix with method 'bin' and step 0.73 ... OK
Create profile matrix with method 'bin' and step 0.73 ... OK
Create profile matrix with method 'bin' and step 0.73 ... OK
Create profile matrix with method 'bin' and step 0.73 ... OK
Create profile matrix with method 'bin' and step 0.73 ... OK
Processing 84426 mz slices ... OK
Create profile matrix with method 'bin' and step 0.97 ... OK
Create profile matrix with method 'bin' and step 0.97 ... OK
Create profile matrix with method 'bin' and step 0.97 ... OK
Create profile matrix with method 'bin' and step 0.97 ... OK
Create profile matrix with method 'bin' and step 0.97 ... OK
Create profile matrix with method 'bin' and step 0.97 ... OK
Create profile matrix with method 'bin' and step 0.97 ... OK
Create profile matrix with method 'bin' and step 0.97 ... OK
Processing 84426 mz slices ... OK
Create profile matrix with method 'bin' and step 0.97 ... OK
Create profile matrix with method 'bin' and step 0.97 ... OK
Create profile matrix with method 'bin' and step 0.97 ... OK
Create profile matrix with method 'bin' and step 0.97 ... OK
Create profile matrix with method 'bin' and step 0.97 ... OK
Create profile matrix with method 'bin' and step 0.97 ... OK
Create profile matrix with method 'bin' and step 0.97 ... OK
Create profile matrix with method 'bin' and step 0.97 ... OK
Processing 84426 mz slices ... OK
Create profile matrix with method 'bin' and step 0.97 ... OK
Create profile matrix with method 'bin' and step 0.97 ... OK
Create profile matrix with method 'bin' and step 0.97 ... OK
Create profile matrix with method 'bin' and step 0.97 ... OK
Create profile matrix with method 'bin' and step 0.97 ... OK
Create profile matrix with method 'bin' and step 0.97 ... OK
Create profile matrix with method 'bin' and step 0.97 ... OK
Create profile matrix with method 'bin' and step 0.97 ... OK
Processing 84426 mz slices ... OK
Create profile matrix with method 'bin' and step 0.97 ... OK
Create profile matrix with method 'bin' and step 0.97 ... OK
Create profile matrix with method 'bin' and step 0.97 ... OK
Create profile matrix with method 'bin' and step 0.97 ... OK
Create profile matrix with method 'bin' and step 0.97 ... OK
Create profile matrix with method 'bin' and step 0.97 ... OK
Create profile matrix with method 'bin' and step 0.97 ... OK
Create profile matrix with method 'bin' and step 0.97 ... OK
Processing 84426 mz slices ... OK
Create profile matrix with method 'bin' and step 0.73 ... OK
Create profile matrix with method 'bin' and step 0.73 ... OK
Create profile matrix with method 'bin' and step 0.73 ... OK
Create profile matrix with method 'bin' and step 0.73 ... OK
Create profile matrix with method 'bin' and step 0.73 ... OK
Create profile matrix with method 'bin' and step 0.73 ... OK
Create profile matrix with method 'bin' and step 0.73 ... OK
Create profile matrix with method 'bin' and step 0.73 ... OK
Processing 43493 mz slices ... OK
Create profile matrix with method 'bin' and step 0.73 ... OK
Create profile matrix with method 'bin' and step 0.73 ... OK
Create profile matrix with method 'bin' and step 0.73 ... OK
Create profile matrix with method 'bin' and step 0.73 ... OK
Create profile matrix with method 'bin' and step 0.73 ... OK
Create profile matrix with method 'bin' and step 0.73 ... OK
Create profile matrix with method 'bin' and step 0.73 ... OK
Create profile matrix with method 'bin' and step 0.73 ... OK
Processing 43493 mz slices ... OK
Create profile matrix with method 'bin' and step 0.73 ... OK
Create profile matrix with method 'bin' and step 0.73 ... OK
Create profile matrix with method 'bin' and step 0.73 ... OK
Create profile matrix with method 'bin' and step 0.73 ... OK
Create profile matrix with method 'bin' and step 0.73 ... OK
Create profile matrix with method 'bin' and step 0.73 ... OK
Create profile matrix with method 'bin' and step 0.73 ... OK
Create profile matrix with method 'bin' and step 0.73 ... OK
Processing 43493 mz slices ... OK
Create profile matrix with method 'bin' and step 0.73 ... OK
Create profile matrix with method 'bin' and step 0.73 ... OK
Create profile matrix with method 'bin' and step 0.73 ... OK
Create profile matrix with method 'bin' and step 0.73 ... OK
Create profile matrix with method 'bin' and step 0.73 ... OK
Create profile matrix with method 'bin' and step 0.73 ... OK
Create profile matrix with method 'bin' and step 0.73 ... OK
Create profile matrix with method 'bin' and step 0.73 ... OK
Processing 43493 mz slices ... OK
Create profile matrix with method 'bin' and step 0.97 ... OK
Create profile matrix with method 'bin' and step 0.97 ... OK
Create profile matrix with method 'bin' and step 0.97 ... OK
Create profile matrix with method 'bin' and step 0.97 ... OK
Create profile matrix with method 'bin' and step 0.97 ... OK
Create profile matrix with method 'bin' and step 0.97 ... OK
Create profile matrix with method 'bin' and step 0.97 ... OK
Create profile matrix with method 'bin' and step 0.97 ... OK
Processing 43493 mz slices ... OK
Create profile matrix with method 'bin' and step 0.97 ... OK
Create profile matrix with method 'bin' and step 0.97 ... OK
Create profile matrix with method 'bin' and step 0.97 ... OK
Create profile matrix with method 'bin' and step 0.97 ... OK
Create profile matrix with method 'bin' and step 0.97 ... OK
Create profile matrix with method 'bin' and step 0.97 ... OK
Create profile matrix with method 'bin' and step 0.97 ... OK
Create profile matrix with method 'bin' and step 0.97 ... OK
Processing 43493 mz slices ... OK
Create profile matrix with method 'bin' and step 0.97 ... OK
Create profile matrix with method 'bin' and step 0.97 ... OK
Create profile matrix with method 'bin' and step 0.97 ... OK
Create profile matrix with method 'bin' and step 0.97 ... OK
Create profile matrix with method 'bin' and step 0.97 ... OK
Create profile matrix with method 'bin' and step 0.97 ... OK
Create profile matrix with method 'bin' and step 0.97 ... OK
Create profile matrix with method 'bin' and step 0.97 ... OK
Processing 43493 mz slices ... OK
Create profile matrix with method 'bin' and step 0.97 ... OK
Create profile matrix with method 'bin' and step 0.97 ... OK
Create profile matrix with method 'bin' and step 0.97 ... OK
Create profile matrix with method 'bin' and step 0.97 ... OK
Create profile matrix with method 'bin' and step 0.97 ... OK
Create profile matrix with method 'bin' and step 0.97 ... OK
Create profile matrix with method 'bin' and step 0.97 ... OK
Create profile matrix with method 'bin' and step 0.97 ... OK
Processing 43493 mz slices ... OK
Create profile matrix with method 'bin' and step 0.73 ... OK
Create profile matrix with method 'bin' and step 0.73 ... OK
Create profile matrix with method 'bin' and step 0.73 ... OK
Create profile matrix with method 'bin' and step 0.73 ... OK
Create profile matrix with method 'bin' and step 0.73 ... OK
Create profile matrix with method 'bin' and step 0.73 ... OK
Create profile matrix with method 'bin' and step 0.73 ... OK
Create profile matrix with method 'bin' and step 0.73 ... OK
Processing 43493 mz slices ... OK
Create profile matrix with method 'bin' and step 0.73 ... OK
Create profile matrix with method 'bin' and step 0.73 ... OK
Create profile matrix with method 'bin' and step 0.73 ... OK
Create profile matrix with method 'bin' and step 0.73 ... OK
Create profile matrix with method 'bin' and step 0.73 ... OK
Create profile matrix with method 'bin' and step 0.73 ... OK
Create profile matrix with method 'bin' and step 0.73 ... OK
Create profile matrix with method 'bin' and step 0.73 ... OK
Processing 43493 mz slices ... OK
Create profile matrix with method 'bin' and step 0.73 ... OK
Create profile matrix with method 'bin' and step 0.73 ... OK
Create profile matrix with method 'bin' and step 0.73 ... OK
Create profile matrix with method 'bin' and step 0.73 ... OK
Create profile matrix with method 'bin' and step 0.73 ... OK
Create profile matrix with method 'bin' and step 0.73 ... OK
Create profile matrix with method 'bin' and step 0.73 ... OK
Create profile matrix with method 'bin' and step 0.73 ... OK
Processing 43493 mz slices ... OK
Create profile matrix with method 'bin' and step 0.73 ... OK
Create profile matrix with method 'bin' and step 0.73 ... OK
Create profile matrix with method 'bin' and step 0.73 ... OK
Create profile matrix with method 'bin' and step 0.73 ... OK
Create profile matrix with method 'bin' and step 0.73 ... OK
Create profile matrix with method 'bin' and step 0.73 ... OK
Create profile matrix with method 'bin' and step 0.73 ... OK
Create profile matrix with method 'bin' and step 0.73 ... OK
Processing 43493 mz slices ... OK
Create profile matrix with method 'bin' and step 0.97 ... OK
Create profile matrix with method 'bin' and step 0.97 ... OK
Create profile matrix with method 'bin' and step 0.97 ... OK
Create profile matrix with method 'bin' and step 0.97 ... OK
Create profile matrix with method 'bin' and step 0.97 ... OK
Create profile matrix with method 'bin' and step 0.97 ... OK
Create profile matrix with method 'bin' and step 0.97 ... OK
Create profile matrix with method 'bin' and step 0.97 ... OK
Processing 43493 mz slices ... OK
Create profile matrix with method 'bin' and step 0.97 ... OK
Create profile matrix with method 'bin' and step 0.97 ... OK
Create profile matrix with method 'bin' and step 0.97 ... OK
Create profile matrix with method 'bin' and step 0.97 ... OK
Create profile matrix with method 'bin' and step 0.97 ... OK
Create profile matrix with method 'bin' and step 0.97 ... OK
Create profile matrix with method 'bin' and step 0.97 ... OK
Create profile matrix with method 'bin' and step 0.97 ... OK
Processing 43493 mz slices ... OK
Create profile matrix with method 'bin' and step 0.97 ... OK
Create profile matrix with method 'bin' and step 0.97 ... OK
Create profile matrix with method 'bin' and step 0.97 ... OK
Create profile matrix with method 'bin' and step 0.97 ... OK
Create profile matrix with method 'bin' and step 0.97 ... OK
Create profile matrix with method 'bin' and step 0.97 ... OK
Create profile matrix with method 'bin' and step 0.97 ... OK
Create profile matrix with method 'bin' and step 0.97 ... OK
Processing 43493 mz slices ... OK
Create profile matrix with method 'bin' and step 0.97 ... OK
Create profile matrix with method 'bin' and step 0.97 ... OK
Create profile matrix with method 'bin' and step 0.97 ... OK
Create profile matrix with method 'bin' and step 0.97 ... OK
Create profile matrix with method 'bin' and step 0.97 ... OK
Create profile matrix with method 'bin' and step 0.97 ... OK
Create profile matrix with method 'bin' and step 0.97 ... OK
Create profile matrix with method 'bin' and step 0.97 ... OK
Processing 43493 mz slices ... OK
Create profile matrix with method 'bin' and step 0.85 ... OK
Create profile matrix with method 'bin' and step 0.85 ... OK
Create profile matrix with method 'bin' and step 0.85 ... OK
Create profile matrix with method 'bin' and step 0.85 ... OK
Create profile matrix with method 'bin' and step 0.85 ... OK
Create profile matrix with method 'bin' and step 0.85 ... OK
Create profile matrix with method 'bin' and step 0.85 ... OK
Create profile matrix with method 'bin' and step 0.85 ... OK
Processing 57410 mz slices ... OK
Create profile matrix with method 'bin' and step 0.85 ... OK
Create profile matrix with method 'bin' and step 0.85 ... OK
Create profile matrix with method 'bin' and step 0.85 ... OK
Create profile matrix with method 'bin' and step 0.85 ... OK
Create profile matrix with method 'bin' and step 0.85 ... OK
Create profile matrix with method 'bin' and step 0.85 ... OK
Create profile matrix with method 'bin' and step 0.85 ... OK
Create profile matrix with method 'bin' and step 0.85 ... OK
Processing 57410 mz slices ... OK
Create profile matrix with method 'bin' and step 0.85 ... OK
Create profile matrix with method 'bin' and step 0.85 ... OK
Create profile matrix with method 'bin' and step 0.85 ... OK
Create profile matrix with method 'bin' and step 0.85 ... OK
Create profile matrix with method 'bin' and step 0.85 ... OK
Create profile matrix with method 'bin' and step 0.85 ... OK
Create profile matrix with method 'bin' and step 0.85 ... OK
Create profile matrix with method 'bin' and step 0.85 ... OK
Processing 57410 mz slices ... OK
Create profile matrix with method 'bin' and step 0.85 ... OK
Create profile matrix with method 'bin' and step 0.85 ... OK
Create profile matrix with method 'bin' and step 0.85 ... OK
Create profile matrix with method 'bin' and step 0.85 ... OK
Create profile matrix with method 'bin' and step 0.85 ... OK
Create profile matrix with method 'bin' and step 0.85 ... OK
Create profile matrix with method 'bin' and step 0.85 ... OK
Create profile matrix with method 'bin' and step 0.85 ... OK
Processing 57410 mz slices ... OK
Create profile matrix with method 'bin' and step 0.85 ... OK
Create profile matrix with method 'bin' and step 0.85 ... OK
Create profile matrix with method 'bin' and step 0.85 ... OK
Create profile matrix with method 'bin' and step 0.85 ... OK
Create profile matrix with method 'bin' and step 0.85 ... OK
Create profile matrix with method 'bin' and step 0.85 ... OK
Create profile matrix with method 'bin' and step 0.85 ... OK
Create profile matrix with method 'bin' and step 0.85 ... OK
Processing 57410 mz slices ... OK
Create profile matrix with method 'bin' and step 0.73 ... OK
Create profile matrix with method 'bin' and step 0.73 ... OK
Create profile matrix with method 'bin' and step 0.73 ... OK
Create profile matrix with method 'bin' and step 0.73 ... OK
Create profile matrix with method 'bin' and step 0.73 ... OK
Create profile matrix with method 'bin' and step 0.73 ... OK
Create profile matrix with method 'bin' and step 0.73 ... OK
Create profile matrix with method 'bin' and step 0.73 ... OK
Processing 57410 mz slices ... OK
Create profile matrix with method 'bin' and step 0.97 ... OK
Create profile matrix with method 'bin' and step 0.97 ... OK
Create profile matrix with method 'bin' and step 0.97 ... OK
Create profile matrix with method 'bin' and step 0.97 ... OK
Create profile matrix with method 'bin' and step 0.97 ... OK
Create profile matrix with method 'bin' and step 0.97 ... OK
Create profile matrix with method 'bin' and step 0.97 ... OK
Create profile matrix with method 'bin' and step 0.97 ... OK
Processing 57410 mz slices ... OK
Create profile matrix with method 'bin' and step 0.85 ... OK
Create profile matrix with method 'bin' and step 0.85 ... OK
Create profile matrix with method 'bin' and step 0.85 ... OK
Create profile matrix with method 'bin' and step 0.85 ... OK
Create profile matrix with method 'bin' and step 0.85 ... OK
Create profile matrix with method 'bin' and step 0.85 ... OK
Create profile matrix with method 'bin' and step 0.85 ... OK
Create profile matrix with method 'bin' and step 0.85 ... OK
Processing 57410 mz slices ... OK
Create profile matrix with method 'bin' and step 0.85 ... OK
Create profile matrix with method 'bin' and step 0.85 ... OK
Create profile matrix with method 'bin' and step 0.85 ... OK
Create profile matrix with method 'bin' and step 0.85 ... OK
Create profile matrix with method 'bin' and step 0.85 ... OK
Create profile matrix with method 'bin' and step 0.85 ... OK
Create profile matrix with method 'bin' and step 0.85 ... OK
Create profile matrix with method 'bin' and step 0.85 ... OK
Processing 57410 mz slices ... OK
Create profile matrix with method 'bin' and step 0.85 ... OK
Create profile matrix with method 'bin' and step 0.85 ... OK
Create profile matrix with method 'bin' and step 0.85 ... OK
Create profile matrix with method 'bin' and step 0.85 ... OK
Create profile matrix with method 'bin' and step 0.85 ... OK
Create profile matrix with method 'bin' and step 0.85 ... OK
Create profile matrix with method 'bin' and step 0.85 ... OK
Create profile matrix with method 'bin' and step 0.85 ... OK
Processing 84426 mz slices ... OK
Create profile matrix with method 'bin' and step 0.85 ... OK
Create profile matrix with method 'bin' and step 0.85 ... OK
Create profile matrix with method 'bin' and step 0.85 ... OK
Create profile matrix with method 'bin' and step 0.85 ... OK
Create profile matrix with method 'bin' and step 0.85 ... OK
Create profile matrix with method 'bin' and step 0.85 ... OK
Create profile matrix with method 'bin' and step 0.85 ... OK
Create profile matrix with method 'bin' and step 0.85 ... OK
Processing 43493 mz slices ... OK
Create profile matrix with method 'bin' and step 0.85 ... OK
Create profile matrix with method 'bin' and step 0.85 ... OK
Create profile matrix with method 'bin' and step 0.85 ... OK
Create profile matrix with method 'bin' and step 0.85 ... OK
Create profile matrix with method 'bin' and step 0.85 ... OK
Create profile matrix with method 'bin' and step 0.85 ... OK
Create profile matrix with method 'bin' and step 0.85 ... OK
Create profile matrix with method 'bin' and step 0.85 ... OK
Processing 57410 mz slices ... OK
Create profile matrix with method 'bin' and step 0.838 ... OK
Create profile matrix with method 'bin' and step 0.838 ... OK
Create profile matrix with method 'bin' and step 0.838 ... OK
Create profile matrix with method 'bin' and step 0.838 ... OK
Create profile matrix with method 'bin' and step 0.838 ... OK
Create profile matrix with method 'bin' and step 0.838 ... OK
Create profile matrix with method 'bin' and step 0.838 ... OK
Create profile matrix with method 'bin' and step 0.838 ... OK
Processing 57410 mz slices ... OK
no increase stopping
library(xcms)
library(Rmpi)

xset <- xcmsSet( 
  method = "centWave",
  peakwidth       = c(16, 83),
  ppm             = 14,
  noise           = 500,
  snthresh        = 10,
  mzdiff          = -0.012,
  prefilter       = c(3, 500),
  mzCenterFun     = "wMean",
  integrate       = 2,
  fitgauss        = FALSE,
  verbose.columns = TRUE)
xset <- retcor( 
  xset,
  method         = "obiwarp",
  plottype       = "none",
  distFunc       = "cor_opt",
  profStep       = 0.85,
  center         = 1,
  response       = 1,
  gapInit        = 0.36,
  gapExtend      = 2.4,
  factorDiag     = 2,
  factorGap      = 1,
  localAlignment = 0)
xset <- group( 
  xset,
  method  = "density",
  bw      = 30,
  mzwid   = 0.025,
  minfrac = 0.05,
  minsamp = 1,
  max     = 50)

xset <- fillPeaks(xset)
Warning message:
In sink() : no sink to remove
