xsAnnotate contains no pseudospectra. Regroup all peaks into one!
Generating peak matrix!
Run isotope peak annotation
 % finished: 100  
Found isotopes: 54 
xsAnnotate contains no pseudospectra. Regroup all peaks into one!
Generating peak matrix!
Run isotope peak annotation
 % finished: 100  
Found isotopes: 9 
xsAnnotate contains no pseudospectra. Regroup all peaks into one!
Generating peak matrix!
Run isotope peak annotation
 % finished: 100  
Found isotopes: 60 
xsAnnotate contains no pseudospectra. Regroup all peaks into one!
Generating peak matrix!
Run isotope peak annotation
 % finished: 100  
Found isotopes: 10 
xsAnnotate contains no pseudospectra. Regroup all peaks into one!
Generating peak matrix!
Run isotope peak annotation
 % finished: 100  
Found isotopes: 136 
xsAnnotate contains no pseudospectra. Regroup all peaks into one!
Generating peak matrix!
Run isotope peak annotation
 % finished: 100  
Found isotopes: 24 
xsAnnotate contains no pseudospectra. Regroup all peaks into one!
Generating peak matrix!
Run isotope peak annotation
 % finished: 100  
Found isotopes: 151 
xsAnnotate contains no pseudospectra. Regroup all peaks into one!
Generating peak matrix!
Run isotope peak annotation
 % finished: 100  
Found isotopes: 24 
xsAnnotate contains no pseudospectra. Regroup all peaks into one!
Generating peak matrix!
Run isotope peak annotation
 % finished: 100  
Found isotopes: 54 
xsAnnotate contains no pseudospectra. Regroup all peaks into one!
Generating peak matrix!
Run isotope peak annotation
 % finished: 100  
Found isotopes: 9 
xsAnnotate contains no pseudospectra. Regroup all peaks into one!
Generating peak matrix!
Run isotope peak annotation
 % finished: 100  
Found isotopes: 60 
xsAnnotate contains no pseudospectra. Regroup all peaks into one!
Generating peak matrix!
Run isotope peak annotation
 % finished: 100  
Found isotopes: 10 
xsAnnotate contains no pseudospectra. Regroup all peaks into one!
Generating peak matrix!
Run isotope peak annotation
 % finished: 100  
Found isotopes: 135 
xsAnnotate contains no pseudospectra. Regroup all peaks into one!
Generating peak matrix!
Run isotope peak annotation
 % finished: 100  
Found isotopes: 24 
xsAnnotate contains no pseudospectra. Regroup all peaks into one!
Generating peak matrix!
Run isotope peak annotation
 % finished: 100  
Found isotopes: 149 
xsAnnotate contains no pseudospectra. Regroup all peaks into one!
Generating peak matrix!
Run isotope peak annotation
 % finished: 100  
Found isotopes: 24 
xsAnnotate contains no pseudospectra. Regroup all peaks into one!
Generating peak matrix!
Run isotope peak annotation
 % finished: 100  
Found isotopes: 0 
xsAnnotate contains no pseudospectra. Regroup all peaks into one!
Generating peak matrix!
Run isotope peak annotation
 % finished: 100  
Found isotopes: 0 
xsAnnotate contains no pseudospectra. Regroup all peaks into one!
Generating peak matrix!
Run isotope peak annotation
 % finished: 100  
Found isotopes: 3 
xsAnnotate contains no pseudospectra. Regroup all peaks into one!
Generating peak matrix!
Run isotope peak annotation
 % finished: 100  
Found isotopes: 1 
xsAnnotate contains no pseudospectra. Regroup all peaks into one!
Generating peak matrix!
Run isotope peak annotation
 % finished: 100  
Found isotopes: 0 
xsAnnotate contains no pseudospectra. Regroup all peaks into one!
Generating peak matrix!
Run isotope peak annotation
 % finished: 100  
Found isotopes: 0 
xsAnnotate contains no pseudospectra. Regroup all peaks into one!
Generating peak matrix!
Run isotope peak annotation
 % finished: 100  
Found isotopes: 3 
xsAnnotate contains no pseudospectra. Regroup all peaks into one!
Generating peak matrix!
Run isotope peak annotation
 % finished: 100  
Found isotopes: 1 
xsAnnotate contains no pseudospectra. Regroup all peaks into one!
Generating peak matrix!
Run isotope peak annotation
 % finished: 100  
Found isotopes: 0 
xsAnnotate contains no pseudospectra. Regroup all peaks into one!
Generating peak matrix!
Run isotope peak annotation
 % finished: 100  
Found isotopes: 0 
xsAnnotate contains no pseudospectra. Regroup all peaks into one!
Generating peak matrix!
Run isotope peak annotation
 % finished: 100  
Found isotopes: 3 
xsAnnotate contains no pseudospectra. Regroup all peaks into one!
Generating peak matrix!
Run isotope peak annotation
 % finished: 100  
Found isotopes: 1 
xsAnnotate contains no pseudospectra. Regroup all peaks into one!
Generating peak matrix!
Run isotope peak annotation
 % finished: 100  
Found isotopes: 0 
xsAnnotate contains no pseudospectra. Regroup all peaks into one!
Generating peak matrix!
Run isotope peak annotation
 % finished: 100  
Found isotopes: 0 
xsAnnotate contains no pseudospectra. Regroup all peaks into one!
Generating peak matrix!
Run isotope peak annotation
 % finished: 100  
Found isotopes: 3 
xsAnnotate contains no pseudospectra. Regroup all peaks into one!
Generating peak matrix!
Run isotope peak annotation
 % finished: 100  
Found isotopes: 1 
xsAnnotate contains no pseudospectra. Regroup all peaks into one!
Generating peak matrix!
Run isotope peak annotation
 % finished: 100  
Found isotopes: 10 
xsAnnotate contains no pseudospectra. Regroup all peaks into one!
Generating peak matrix!
Run isotope peak annotation
 % finished: 100  
Found isotopes: 4 
xsAnnotate contains no pseudospectra. Regroup all peaks into one!
Generating peak matrix!
Run isotope peak annotation
 % finished: 100  
Found isotopes: 12 
xsAnnotate contains no pseudospectra. Regroup all peaks into one!
Generating peak matrix!
Run isotope peak annotation
 % finished: 100  
Found isotopes: 4 
xsAnnotate contains no pseudospectra. Regroup all peaks into one!
Generating peak matrix!
Run isotope peak annotation
 % finished: 100  
Found isotopes: 14 
xsAnnotate contains no pseudospectra. Regroup all peaks into one!
Generating peak matrix!
Run isotope peak annotation
 % finished: 100  
Found isotopes: 4 
xsAnnotate contains no pseudospectra. Regroup all peaks into one!
Generating peak matrix!
Run isotope peak annotation
 % finished: 100  
Found isotopes: 14 
xsAnnotate contains no pseudospectra. Regroup all peaks into one!
Generating peak matrix!
Run isotope peak annotation
 % finished: 100  
Found isotopes: 4 
xsAnnotate contains no pseudospectra. Regroup all peaks into one!
Generating peak matrix!
Run isotope peak annotation
 % finished: 100  
Found isotopes: 10 
xsAnnotate contains no pseudospectra. Regroup all peaks into one!
Generating peak matrix!
Run isotope peak annotation
 % finished: 100  
Found isotopes: 4 
xsAnnotate contains no pseudospectra. Regroup all peaks into one!
Generating peak matrix!
Run isotope peak annotation
 % finished: 100  
Found isotopes: 12 
xsAnnotate contains no pseudospectra. Regroup all peaks into one!
Generating peak matrix!
Run isotope peak annotation
 % finished: 100  
Found isotopes: 4 
xsAnnotate contains no pseudospectra. Regroup all peaks into one!
Generating peak matrix!
Run isotope peak annotation
 % finished: 100  
Found isotopes: 14 
xsAnnotate contains no pseudospectra. Regroup all peaks into one!
Generating peak matrix!
Run isotope peak annotation
 % finished: 100  
Found isotopes: 4 
xsAnnotate contains no pseudospectra. Regroup all peaks into one!
Generating peak matrix!
Run isotope peak annotation
 % finished: 100  
Found isotopes: 14 
xsAnnotate contains no pseudospectra. Regroup all peaks into one!
Generating peak matrix!
Run isotope peak annotation
 % finished: 100  
Found isotopes: 4 
xsAnnotate contains no pseudospectra. Regroup all peaks into one!
Generating peak matrix!
Run isotope peak annotation
 % finished: 100  
Found isotopes: 0 
xsAnnotate contains no pseudospectra. Regroup all peaks into one!
Generating peak matrix!
Run isotope peak annotation
 % finished: 100  
Found isotopes: 0 
xsAnnotate contains no pseudospectra. Regroup all peaks into one!
Generating peak matrix!
Run isotope peak annotation
 % finished: 100  
Found isotopes: 3 
xsAnnotate contains no pseudospectra. Regroup all peaks into one!
Generating peak matrix!
Run isotope peak annotation
 % finished: 100  
Found isotopes: 1 
xsAnnotate contains no pseudospectra. Regroup all peaks into one!
Generating peak matrix!
Run isotope peak annotation
 % finished: 100  
Found isotopes: 0 
xsAnnotate contains no pseudospectra. Regroup all peaks into one!
Generating peak matrix!
Run isotope peak annotation
 % finished: 100  
Found isotopes: 0 
xsAnnotate contains no pseudospectra. Regroup all peaks into one!
Generating peak matrix!
Run isotope peak annotation
 % finished: 100  
Found isotopes: 3 
xsAnnotate contains no pseudospectra. Regroup all peaks into one!
Generating peak matrix!
Run isotope peak annotation
 % finished: 100  
Found isotopes: 1 
xsAnnotate contains no pseudospectra. Regroup all peaks into one!
Generating peak matrix!
Run isotope peak annotation
 % finished: 100  
Found isotopes: 0 
xsAnnotate contains no pseudospectra. Regroup all peaks into one!
Generating peak matrix!
Run isotope peak annotation
 % finished: 100  
Found isotopes: 0 
xsAnnotate contains no pseudospectra. Regroup all peaks into one!
Generating peak matrix!
Run isotope peak annotation
 % finished: 100  
Found isotopes: 3 
xsAnnotate contains no pseudospectra. Regroup all peaks into one!
Generating peak matrix!
Run isotope peak annotation
 % finished: 100  
Found isotopes: 1 
xsAnnotate contains no pseudospectra. Regroup all peaks into one!
Generating peak matrix!
Run isotope peak annotation
 % finished: 100  
Found isotopes: 0 
xsAnnotate contains no pseudospectra. Regroup all peaks into one!
Generating peak matrix!
Run isotope peak annotation
 % finished: 100  
Found isotopes: 0 
xsAnnotate contains no pseudospectra. Regroup all peaks into one!
Generating peak matrix!
Run isotope peak annotation
 % finished: 100  
Found isotopes: 3 
xsAnnotate contains no pseudospectra. Regroup all peaks into one!
Generating peak matrix!
Run isotope peak annotation
 % finished: 100  
Found isotopes: 1 
xsAnnotate contains no pseudospectra. Regroup all peaks into one!
Generating peak matrix!
Run isotope peak annotation
 % finished: 100  
Found isotopes: 3 
xsAnnotate contains no pseudospectra. Regroup all peaks into one!
Generating peak matrix!
Run isotope peak annotation
 % finished: 100  
Found isotopes: 8 
xsAnnotate contains no pseudospectra. Regroup all peaks into one!
Generating peak matrix!
Run isotope peak annotation
 % finished: 100  
Found isotopes: 2 
xsAnnotate contains no pseudospectra. Regroup all peaks into one!
Generating peak matrix!
Run isotope peak annotation
 % finished: 100  
Found isotopes: 1 
xsAnnotate contains no pseudospectra. Regroup all peaks into one!
Generating peak matrix!
Run isotope peak annotation
 % finished: 100  
Found isotopes: 6 
xsAnnotate contains no pseudospectra. Regroup all peaks into one!
Generating peak matrix!
Run isotope peak annotation
 % finished: 100  
Found isotopes: 3 
xsAnnotate contains no pseudospectra. Regroup all peaks into one!
Generating peak matrix!
Run isotope peak annotation
 % finished: 100  
Found isotopes: 3 
xsAnnotate contains no pseudospectra. Regroup all peaks into one!
Generating peak matrix!
Run isotope peak annotation
 % finished: 100  
Found isotopes: 3 
xsAnnotate contains no pseudospectra. Regroup all peaks into one!
Generating peak matrix!
Run isotope peak annotation
 % finished: 100  
Found isotopes: 3 
xsAnnotate contains no pseudospectra. Regroup all peaks into one!
Generating peak matrix!
Run isotope peak annotation
 % finished: 100  
Found isotopes: 8 
xsAnnotate contains no pseudospectra. Regroup all peaks into one!
Generating peak matrix!
Run isotope peak annotation
 % finished: 100  
Found isotopes: 1 
xsAnnotate contains no pseudospectra. Regroup all peaks into one!
Generating peak matrix!
Run isotope peak annotation
 % finished: 100  
Found isotopes: 3 
xsAnnotate contains no pseudospectra. Regroup all peaks into one!
Generating peak matrix!
Run isotope peak annotation
 % finished: 100  
Found isotopes: 1 
xsAnnotate contains no pseudospectra. Regroup all peaks into one!
Generating peak matrix!
Run isotope peak annotation
 % finished: 100  
Found isotopes: 3 
xsAnnotate contains no pseudospectra. Regroup all peaks into one!
Generating peak matrix!
Run isotope peak annotation
 % finished: 100  
Found isotopes: 149 
xsAnnotate contains no pseudospectra. Regroup all peaks into one!
Generating peak matrix!
Run isotope peak annotation
 % finished: 100  
Found isotopes: 270 
xsAnnotate contains no pseudospectra. Regroup all peaks into one!
Generating peak matrix!
Run isotope peak annotation
 % finished: 100  
Found isotopes: 23 
xsAnnotate contains no pseudospectra. Regroup all peaks into one!
Generating peak matrix!
Run isotope peak annotation
 % finished: 100  
Found isotopes: 284 
xsAnnotate contains no pseudospectra. Regroup all peaks into one!
Generating peak matrix!
Run isotope peak annotation
 % finished: 100  
Found isotopes: 29 
xsAnnotate contains no pseudospectra. Regroup all peaks into one!
Generating peak matrix!
Run isotope peak annotation
 % finished: 100  
Found isotopes: 394 
xsAnnotate contains no pseudospectra. Regroup all peaks into one!
Generating peak matrix!
Run isotope peak annotation
 % finished: 100  
Found isotopes: 41 
xsAnnotate contains no pseudospectra. Regroup all peaks into one!
Generating peak matrix!
Run isotope peak annotation
 % finished: 100  
Found isotopes: 398 
xsAnnotate contains no pseudospectra. Regroup all peaks into one!
Generating peak matrix!
Run isotope peak annotation
 % finished: 100  
Found isotopes: 46 
xsAnnotate contains no pseudospectra. Regroup all peaks into one!
Generating peak matrix!
Run isotope peak annotation
 % finished: 100  
Found isotopes: 270 
xsAnnotate contains no pseudospectra. Regroup all peaks into one!
Generating peak matrix!
Run isotope peak annotation
 % finished: 100  
Found isotopes: 23 
xsAnnotate contains no pseudospectra. Regroup all peaks into one!
Generating peak matrix!
Run isotope peak annotation
 % finished: 100  
Found isotopes: 284 
xsAnnotate contains no pseudospectra. Regroup all peaks into one!
Generating peak matrix!
Run isotope peak annotation
 % finished: 100  
Found isotopes: 29 
xsAnnotate contains no pseudospectra. Regroup all peaks into one!
Generating peak matrix!
Run isotope peak annotation
 % finished: 100  
Found isotopes: 396 
xsAnnotate contains no pseudospectra. Regroup all peaks into one!
Generating peak matrix!
Run isotope peak annotation
 % finished: 100  
Found isotopes: 41 
xsAnnotate contains no pseudospectra. Regroup all peaks into one!
Generating peak matrix!
Run isotope peak annotation
 % finished: 100  
Found isotopes: 398 
xsAnnotate contains no pseudospectra. Regroup all peaks into one!
Generating peak matrix!
Run isotope peak annotation
 % finished: 100  
Found isotopes: 46 
xsAnnotate contains no pseudospectra. Regroup all peaks into one!
Generating peak matrix!
Run isotope peak annotation
 % finished: 100  
Found isotopes: 8 
xsAnnotate contains no pseudospectra. Regroup all peaks into one!
Generating peak matrix!
Run isotope peak annotation
 % finished: 100  
Found isotopes: 1 
xsAnnotate contains no pseudospectra. Regroup all peaks into one!
Generating peak matrix!
Run isotope peak annotation
 % finished: 100  
Found isotopes: 9 
xsAnnotate contains no pseudospectra. Regroup all peaks into one!
Generating peak matrix!
Run isotope peak annotation
 % finished: 100  
Found isotopes: 2 
xsAnnotate contains no pseudospectra. Regroup all peaks into one!
Generating peak matrix!
Run isotope peak annotation
 % finished: 100  
Found isotopes: 8 
xsAnnotate contains no pseudospectra. Regroup all peaks into one!
Generating peak matrix!
Run isotope peak annotation
 % finished: 100  
Found isotopes: 1 
xsAnnotate contains no pseudospectra. Regroup all peaks into one!
Generating peak matrix!
Run isotope peak annotation
 % finished: 100  
Found isotopes: 9 
xsAnnotate contains no pseudospectra. Regroup all peaks into one!
Generating peak matrix!
Run isotope peak annotation
 % finished: 100  
Found isotopes: 2 
xsAnnotate contains no pseudospectra. Regroup all peaks into one!
Generating peak matrix!
Run isotope peak annotation
 % finished: 100  
Found isotopes: 8 
xsAnnotate contains no pseudospectra. Regroup all peaks into one!
Generating peak matrix!
Run isotope peak annotation
 % finished: 100  
Found isotopes: 1 
xsAnnotate contains no pseudospectra. Regroup all peaks into one!
Generating peak matrix!
Run isotope peak annotation
 % finished: 100  
Found isotopes: 9 
xsAnnotate contains no pseudospectra. Regroup all peaks into one!
Generating peak matrix!
Run isotope peak annotation
 % finished: 100  
Found isotopes: 2 
xsAnnotate contains no pseudospectra. Regroup all peaks into one!
Generating peak matrix!
Run isotope peak annotation
 % finished: 100  
Found isotopes: 8 
xsAnnotate contains no pseudospectra. Regroup all peaks into one!
Generating peak matrix!
Run isotope peak annotation
 % finished: 100  
Found isotopes: 1 
xsAnnotate contains no pseudospectra. Regroup all peaks into one!
Generating peak matrix!
Run isotope peak annotation
 % finished: 100  
Found isotopes: 9 
xsAnnotate contains no pseudospectra. Regroup all peaks into one!
Generating peak matrix!
Run isotope peak annotation
 % finished: 100  
Found isotopes: 2 
xsAnnotate contains no pseudospectra. Regroup all peaks into one!
Generating peak matrix!
Run isotope peak annotation
 % finished: 100  
Found isotopes: 14 
xsAnnotate contains no pseudospectra. Regroup all peaks into one!
Generating peak matrix!
Run isotope peak annotation
 % finished: 100  
Found isotopes: 4 
xsAnnotate contains no pseudospectra. Regroup all peaks into one!
Generating peak matrix!
Run isotope peak annotation
 % finished: 100  
Found isotopes: 14 
xsAnnotate contains no pseudospectra. Regroup all peaks into one!
Generating peak matrix!
Run isotope peak annotation
 % finished: 100  
Found isotopes: 5 
xsAnnotate contains no pseudospectra. Regroup all peaks into one!
Generating peak matrix!
Run isotope peak annotation
 % finished: 100  
Found isotopes: 15 
xsAnnotate contains no pseudospectra. Regroup all peaks into one!
Generating peak matrix!
Run isotope peak annotation
 % finished: 100  
Found isotopes: 5 
xsAnnotate contains no pseudospectra. Regroup all peaks into one!
Generating peak matrix!
Run isotope peak annotation
 % finished: 100  
Found isotopes: 15 
xsAnnotate contains no pseudospectra. Regroup all peaks into one!
Generating peak matrix!
Run isotope peak annotation
 % finished: 100  
Found isotopes: 5 
xsAnnotate contains no pseudospectra. Regroup all peaks into one!
Generating peak matrix!
Run isotope peak annotation
 % finished: 100  
Found isotopes: 14 
xsAnnotate contains no pseudospectra. Regroup all peaks into one!
Generating peak matrix!
Run isotope peak annotation
 % finished: 100  
Found isotopes: 4 
xsAnnotate contains no pseudospectra. Regroup all peaks into one!
Generating peak matrix!
Run isotope peak annotation
 % finished: 100  
Found isotopes: 14 
xsAnnotate contains no pseudospectra. Regroup all peaks into one!
Generating peak matrix!
Run isotope peak annotation
 % finished: 100  
Found isotopes: 5 
xsAnnotate contains no pseudospectra. Regroup all peaks into one!
Generating peak matrix!
Run isotope peak annotation
 % finished: 100  
Found isotopes: 15 
xsAnnotate contains no pseudospectra. Regroup all peaks into one!
Generating peak matrix!
Run isotope peak annotation
 % finished: 100  
Found isotopes: 5 
xsAnnotate contains no pseudospectra. Regroup all peaks into one!
Generating peak matrix!
Run isotope peak annotation
 % finished: 100  
Found isotopes: 15 
xsAnnotate contains no pseudospectra. Regroup all peaks into one!
Generating peak matrix!
Run isotope peak annotation
 % finished: 100  
Found isotopes: 5 
xsAnnotate contains no pseudospectra. Regroup all peaks into one!
Generating peak matrix!
Run isotope peak annotation
 % finished: 100  
Found isotopes: 8 
xsAnnotate contains no pseudospectra. Regroup all peaks into one!
Generating peak matrix!
Run isotope peak annotation
 % finished: 100  
Found isotopes: 1 
xsAnnotate contains no pseudospectra. Regroup all peaks into one!
Generating peak matrix!
Run isotope peak annotation
 % finished: 100  
Found isotopes: 9 
xsAnnotate contains no pseudospectra. Regroup all peaks into one!
Generating peak matrix!
Run isotope peak annotation
 % finished: 100  
Found isotopes: 2 
xsAnnotate contains no pseudospectra. Regroup all peaks into one!
Generating peak matrix!
Run isotope peak annotation
 % finished: 100  
Found isotopes: 8 
xsAnnotate contains no pseudospectra. Regroup all peaks into one!
Generating peak matrix!
Run isotope peak annotation
 % finished: 100  
Found isotopes: 1 
xsAnnotate contains no pseudospectra. Regroup all peaks into one!
Generating peak matrix!
Run isotope peak annotation
 % finished: 100  
Found isotopes: 9 
xsAnnotate contains no pseudospectra. Regroup all peaks into one!
Generating peak matrix!
Run isotope peak annotation
 % finished: 100  
Found isotopes: 2 
xsAnnotate contains no pseudospectra. Regroup all peaks into one!
Generating peak matrix!
Run isotope peak annotation
 % finished: 100  
Found isotopes: 8 
xsAnnotate contains no pseudospectra. Regroup all peaks into one!
Generating peak matrix!
Run isotope peak annotation
 % finished: 100  
Found isotopes: 1 
xsAnnotate contains no pseudospectra. Regroup all peaks into one!
Generating peak matrix!
Run isotope peak annotation
 % finished: 100  
Found isotopes: 9 
xsAnnotate contains no pseudospectra. Regroup all peaks into one!
Generating peak matrix!
Run isotope peak annotation
 % finished: 100  
Found isotopes: 2 
xsAnnotate contains no pseudospectra. Regroup all peaks into one!
Generating peak matrix!
Run isotope peak annotation
 % finished: 100  
Found isotopes: 8 
xsAnnotate contains no pseudospectra. Regroup all peaks into one!
Generating peak matrix!
Run isotope peak annotation
 % finished: 100  
Found isotopes: 1 
xsAnnotate contains no pseudospectra. Regroup all peaks into one!
Generating peak matrix!
Run isotope peak annotation
 % finished: 100  
Found isotopes: 9 
xsAnnotate contains no pseudospectra. Regroup all peaks into one!
Generating peak matrix!
Run isotope peak annotation
 % finished: 100  
Found isotopes: 2 
xsAnnotate contains no pseudospectra. Regroup all peaks into one!
Generating peak matrix!
Run isotope peak annotation
 % finished: 100  
Found isotopes: 9 
xsAnnotate contains no pseudospectra. Regroup all peaks into one!
Generating peak matrix!
Run isotope peak annotation
 % finished: 100  
Found isotopes: 16 
xsAnnotate contains no pseudospectra. Regroup all peaks into one!
Generating peak matrix!
Run isotope peak annotation
 % finished: 100  
Found isotopes: 6 
xsAnnotate contains no pseudospectra. Regroup all peaks into one!
Generating peak matrix!
Run isotope peak annotation
 % finished: 100  
Found isotopes: 8 
xsAnnotate contains no pseudospectra. Regroup all peaks into one!
Generating peak matrix!
Run isotope peak annotation
 % finished: 100  
Found isotopes: 9 
xsAnnotate contains no pseudospectra. Regroup all peaks into one!
Generating peak matrix!
Run isotope peak annotation
 % finished: 100  
Found isotopes: 9 
xsAnnotate contains no pseudospectra. Regroup all peaks into one!
Generating peak matrix!
Run isotope peak annotation
 % finished: 100  
Found isotopes: 9 
xsAnnotate contains no pseudospectra. Regroup all peaks into one!
Generating peak matrix!
Run isotope peak annotation
 % finished: 100  
Found isotopes: 9 
xsAnnotate contains no pseudospectra. Regroup all peaks into one!
Generating peak matrix!
Run isotope peak annotation
 % finished: 100  
Found isotopes: 9 
xsAnnotate contains no pseudospectra. Regroup all peaks into one!
Generating peak matrix!
Run isotope peak annotation
 % finished: 100  
Found isotopes: 22 
xsAnnotate contains no pseudospectra. Regroup all peaks into one!
Generating peak matrix!
Run isotope peak annotation
 % finished: 100  
Found isotopes: 3 
xsAnnotate contains no pseudospectra. Regroup all peaks into one!
Generating peak matrix!
Run isotope peak annotation
 % finished: 100  
Found isotopes: 9 
xsAnnotate contains no pseudospectra. Regroup all peaks into one!
Generating peak matrix!
Run isotope peak annotation
 % finished: 100  
Found isotopes: 6 
xsAnnotate contains no pseudospectra. Regroup all peaks into one!
Generating peak matrix!
Run isotope peak annotation
 % finished: 100  
Found isotopes: 9 
xsAnnotate contains no pseudospectra. Regroup all peaks into one!
Generating peak matrix!
Run isotope peak annotation
 % finished: 100  
Found isotopes: 396 
xsAnnotate contains no pseudospectra. Regroup all peaks into one!
Generating peak matrix!
Run isotope peak annotation
 % finished: 100  
Found isotopes: 273 
xsAnnotate contains no pseudospectra. Regroup all peaks into one!
Generating peak matrix!
Run isotope peak annotation
 % finished: 100  
Found isotopes: 28 
xsAnnotate contains no pseudospectra. Regroup all peaks into one!
Generating peak matrix!
Run isotope peak annotation
 % finished: 100  
Found isotopes: 320 
xsAnnotate contains no pseudospectra. Regroup all peaks into one!
Generating peak matrix!
Run isotope peak annotation
 % finished: 100  
Found isotopes: 36 
xsAnnotate contains no pseudospectra. Regroup all peaks into one!
Generating peak matrix!
Run isotope peak annotation
 % finished: 100  
Found isotopes: 378 
xsAnnotate contains no pseudospectra. Regroup all peaks into one!
Generating peak matrix!
Run isotope peak annotation
 % finished: 100  
Found isotopes: 53 
xsAnnotate contains no pseudospectra. Regroup all peaks into one!
Generating peak matrix!
Run isotope peak annotation
 % finished: 100  
Found isotopes: 416 
xsAnnotate contains no pseudospectra. Regroup all peaks into one!
Generating peak matrix!
Run isotope peak annotation
 % finished: 100  
Found isotopes: 63 
xsAnnotate contains no pseudospectra. Regroup all peaks into one!
Generating peak matrix!
Run isotope peak annotation
 % finished: 100  
Found isotopes: 276 
xsAnnotate contains no pseudospectra. Regroup all peaks into one!
Generating peak matrix!
Run isotope peak annotation
 % finished: 100  
Found isotopes: 28 
xsAnnotate contains no pseudospectra. Regroup all peaks into one!
Generating peak matrix!
Run isotope peak annotation
 % finished: 100  
Found isotopes: 320 
xsAnnotate contains no pseudospectra. Regroup all peaks into one!
Generating peak matrix!
Run isotope peak annotation
 % finished: 100  
Found isotopes: 36 
xsAnnotate contains no pseudospectra. Regroup all peaks into one!
Generating peak matrix!
Run isotope peak annotation
 % finished: 100  
Found isotopes: 376 
xsAnnotate contains no pseudospectra. Regroup all peaks into one!
Generating peak matrix!
Run isotope peak annotation
 % finished: 100  
Found isotopes: 53 
xsAnnotate contains no pseudospectra. Regroup all peaks into one!
Generating peak matrix!
Run isotope peak annotation
 % finished: 100  
Found isotopes: 420 
xsAnnotate contains no pseudospectra. Regroup all peaks into one!
Generating peak matrix!
Run isotope peak annotation
 % finished: 100  
Found isotopes: 63 
xsAnnotate contains no pseudospectra. Regroup all peaks into one!
Generating peak matrix!
Run isotope peak annotation
 % finished: 100  
Found isotopes: 7 
xsAnnotate contains no pseudospectra. Regroup all peaks into one!
Generating peak matrix!
Run isotope peak annotation
 % finished: 100  
Found isotopes: 1 
xsAnnotate contains no pseudospectra. Regroup all peaks into one!
Generating peak matrix!
Run isotope peak annotation
 % finished: 100  
Found isotopes: 7 
xsAnnotate contains no pseudospectra. Regroup all peaks into one!
Generating peak matrix!
Run isotope peak annotation
 % finished: 100  
Found isotopes: 2 
xsAnnotate contains no pseudospectra. Regroup all peaks into one!
Generating peak matrix!
Run isotope peak annotation
 % finished: 100  
Found isotopes: 7 
xsAnnotate contains no pseudospectra. Regroup all peaks into one!
Generating peak matrix!
Run isotope peak annotation
 % finished: 100  
Found isotopes: 1 
xsAnnotate contains no pseudospectra. Regroup all peaks into one!
Generating peak matrix!
Run isotope peak annotation
 % finished: 100  
Found isotopes: 7 
xsAnnotate contains no pseudospectra. Regroup all peaks into one!
Generating peak matrix!
Run isotope peak annotation
 % finished: 100  
Found isotopes: 2 
xsAnnotate contains no pseudospectra. Regroup all peaks into one!
Generating peak matrix!
Run isotope peak annotation
 % finished: 100  
Found isotopes: 7 
xsAnnotate contains no pseudospectra. Regroup all peaks into one!
Generating peak matrix!
Run isotope peak annotation
 % finished: 100  
Found isotopes: 1 
xsAnnotate contains no pseudospectra. Regroup all peaks into one!
Generating peak matrix!
Run isotope peak annotation
 % finished: 100  
Found isotopes: 7 
xsAnnotate contains no pseudospectra. Regroup all peaks into one!
Generating peak matrix!
Run isotope peak annotation
 % finished: 100  
Found isotopes: 2 
xsAnnotate contains no pseudospectra. Regroup all peaks into one!
Generating peak matrix!
Run isotope peak annotation
 % finished: 100  
Found isotopes: 7 
xsAnnotate contains no pseudospectra. Regroup all peaks into one!
Generating peak matrix!
Run isotope peak annotation
 % finished: 100  
Found isotopes: 1 
xsAnnotate contains no pseudospectra. Regroup all peaks into one!
Generating peak matrix!
Run isotope peak annotation
 % finished: 100  
Found isotopes: 7 
xsAnnotate contains no pseudospectra. Regroup all peaks into one!
Generating peak matrix!
Run isotope peak annotation
 % finished: 100  
Found isotopes: 2 
xsAnnotate contains no pseudospectra. Regroup all peaks into one!
Generating peak matrix!
Run isotope peak annotation
 % finished: 100  
Found isotopes: 18 
xsAnnotate contains no pseudospectra. Regroup all peaks into one!
Generating peak matrix!
Run isotope peak annotation
 % finished: 100  
Found isotopes: 5 
xsAnnotate contains no pseudospectra. Regroup all peaks into one!
Generating peak matrix!
Run isotope peak annotation
 % finished: 100  
Found isotopes: 18 
xsAnnotate contains no pseudospectra. Regroup all peaks into one!
Generating peak matrix!
Run isotope peak annotation
 % finished: 100  
Found isotopes: 6 
xsAnnotate contains no pseudospectra. Regroup all peaks into one!
Generating peak matrix!
Run isotope peak annotation
 % finished: 100  
Found isotopes: 18 
xsAnnotate contains no pseudospectra. Regroup all peaks into one!
Generating peak matrix!
Run isotope peak annotation
 % finished: 100  
Found isotopes: 6 
xsAnnotate contains no pseudospectra. Regroup all peaks into one!
Generating peak matrix!
Run isotope peak annotation
 % finished: 100  
Found isotopes: 18 
xsAnnotate contains no pseudospectra. Regroup all peaks into one!
Generating peak matrix!
Run isotope peak annotation
 % finished: 100  
Found isotopes: 7 
xsAnnotate contains no pseudospectra. Regroup all peaks into one!
Generating peak matrix!
Run isotope peak annotation
 % finished: 100  
Found isotopes: 18 
xsAnnotate contains no pseudospectra. Regroup all peaks into one!
Generating peak matrix!
Run isotope peak annotation
 % finished: 100  
Found isotopes: 5 
xsAnnotate contains no pseudospectra. Regroup all peaks into one!
Generating peak matrix!
Run isotope peak annotation
 % finished: 100  
Found isotopes: 18 
xsAnnotate contains no pseudospectra. Regroup all peaks into one!
Generating peak matrix!
Run isotope peak annotation
 % finished: 100  
Found isotopes: 6 
xsAnnotate contains no pseudospectra. Regroup all peaks into one!
Generating peak matrix!
Run isotope peak annotation
 % finished: 100  
Found isotopes: 18 
xsAnnotate contains no pseudospectra. Regroup all peaks into one!
Generating peak matrix!
Run isotope peak annotation
 % finished: 100  
Found isotopes: 6 
xsAnnotate contains no pseudospectra. Regroup all peaks into one!
Generating peak matrix!
Run isotope peak annotation
 % finished: 100  
Found isotopes: 18 
xsAnnotate contains no pseudospectra. Regroup all peaks into one!
Generating peak matrix!
Run isotope peak annotation
 % finished: 100  
Found isotopes: 7 
xsAnnotate contains no pseudospectra. Regroup all peaks into one!
Generating peak matrix!
Run isotope peak annotation
 % finished: 100  
Found isotopes: 7 
xsAnnotate contains no pseudospectra. Regroup all peaks into one!
Generating peak matrix!
Run isotope peak annotation
 % finished: 100  
Found isotopes: 1 
xsAnnotate contains no pseudospectra. Regroup all peaks into one!
Generating peak matrix!
Run isotope peak annotation
 % finished: 100  
Found isotopes: 7 
xsAnnotate contains no pseudospectra. Regroup all peaks into one!
Generating peak matrix!
Run isotope peak annotation
 % finished: 100  
Found isotopes: 2 
xsAnnotate contains no pseudospectra. Regroup all peaks into one!
Generating peak matrix!
Run isotope peak annotation
 % finished: 100  
Found isotopes: 7 
xsAnnotate contains no pseudospectra. Regroup all peaks into one!
Generating peak matrix!
Run isotope peak annotation
 % finished: 100  
Found isotopes: 1 
xsAnnotate contains no pseudospectra. Regroup all peaks into one!
Generating peak matrix!
Run isotope peak annotation
 % finished: 100  
Found isotopes: 7 
xsAnnotate contains no pseudospectra. Regroup all peaks into one!
Generating peak matrix!
Run isotope peak annotation
 % finished: 100  
Found isotopes: 2 
xsAnnotate contains no pseudospectra. Regroup all peaks into one!
Generating peak matrix!
Run isotope peak annotation
 % finished: 100  
Found isotopes: 7 
xsAnnotate contains no pseudospectra. Regroup all peaks into one!
Generating peak matrix!
Run isotope peak annotation
 % finished: 100  
Found isotopes: 1 
xsAnnotate contains no pseudospectra. Regroup all peaks into one!
Generating peak matrix!
Run isotope peak annotation
 % finished: 100  
Found isotopes: 7 
xsAnnotate contains no pseudospectra. Regroup all peaks into one!
Generating peak matrix!
Run isotope peak annotation
 % finished: 100  
Found isotopes: 2 
xsAnnotate contains no pseudospectra. Regroup all peaks into one!
Generating peak matrix!
Run isotope peak annotation
 % finished: 100  
Found isotopes: 7 
xsAnnotate contains no pseudospectra. Regroup all peaks into one!
Generating peak matrix!
Run isotope peak annotation
 % finished: 100  
Found isotopes: 1 
xsAnnotate contains no pseudospectra. Regroup all peaks into one!
Generating peak matrix!
Run isotope peak annotation
 % finished: 100  
Found isotopes: 7 
xsAnnotate contains no pseudospectra. Regroup all peaks into one!
Generating peak matrix!
Run isotope peak annotation
 % finished: 100  
Found isotopes: 2 
xsAnnotate contains no pseudospectra. Regroup all peaks into one!
Generating peak matrix!
Run isotope peak annotation
 % finished: 100  
Found isotopes: 12 
xsAnnotate contains no pseudospectra. Regroup all peaks into one!
Generating peak matrix!
Run isotope peak annotation
 % finished: 100  
Found isotopes: 17 
xsAnnotate contains no pseudospectra. Regroup all peaks into one!
Generating peak matrix!
Run isotope peak annotation
 % finished: 100  
Found isotopes: 6 
xsAnnotate contains no pseudospectra. Regroup all peaks into one!
Generating peak matrix!
Run isotope peak annotation
 % finished: 100  
Found isotopes: 11 
xsAnnotate contains no pseudospectra. Regroup all peaks into one!
Generating peak matrix!
Run isotope peak annotation
 % finished: 100  
Found isotopes: 14 
xsAnnotate contains no pseudospectra. Regroup all peaks into one!
Generating peak matrix!
Run isotope peak annotation
 % finished: 100  
Found isotopes: 12 
xsAnnotate contains no pseudospectra. Regroup all peaks into one!
Generating peak matrix!
Run isotope peak annotation
 % finished: 100  
Found isotopes: 12 
xsAnnotate contains no pseudospectra. Regroup all peaks into one!
Generating peak matrix!
Run isotope peak annotation
 % finished: 100  
Found isotopes: 12 
xsAnnotate contains no pseudospectra. Regroup all peaks into one!
Generating peak matrix!
Run isotope peak annotation
 % finished: 100  
Found isotopes: 12 
xsAnnotate contains no pseudospectra. Regroup all peaks into one!
Generating peak matrix!
Run isotope peak annotation
 % finished: 100  
Found isotopes: 28 
xsAnnotate contains no pseudospectra. Regroup all peaks into one!
Generating peak matrix!
Run isotope peak annotation
 % finished: 100  
Found isotopes: 7 
xsAnnotate contains no pseudospectra. Regroup all peaks into one!
Generating peak matrix!
Run isotope peak annotation
 % finished: 100  
Found isotopes: 12 
xsAnnotate contains no pseudospectra. Regroup all peaks into one!
Generating peak matrix!
Run isotope peak annotation
 % finished: 100  
Found isotopes: 11 
xsAnnotate contains no pseudospectra. Regroup all peaks into one!
Generating peak matrix!
Run isotope peak annotation
 % finished: 100  
Found isotopes: 12 
xsAnnotate contains no pseudospectra. Regroup all peaks into one!
Generating peak matrix!
Run isotope peak annotation
 % finished: 100  
Found isotopes: 417 
center sample:  Exp1R_CRR_22_NEG 
Processing: Exp1R_CRR_5_NEG  Exp1F_HCC_20_NEG  Exp1F_CRR_10_NEG  Exp1R_HCC_17_NEG  
center sample:  Exp1R_CRR_22_NEG 
Processing: Exp1R_CRR_5_NEG  Exp1F_HCC_20_NEG  Exp1F_CRR_10_NEG  Exp1R_HCC_17_NEG  
center sample:  Exp1R_CRR_22_NEG 
Processing: Exp1R_CRR_5_NEG  Exp1F_HCC_20_NEG  Exp1F_CRR_10_NEG  Exp1R_HCC_17_NEG  
center sample:  Exp1R_CRR_22_NEG 
Processing: Exp1R_CRR_5_NEG  Exp1F_HCC_20_NEG  Exp1F_CRR_10_NEG  Exp1R_HCC_17_NEG  
center sample:  Exp1R_CRR_22_NEG 
Processing: Exp1R_CRR_5_NEG  Exp1F_HCC_20_NEG  Exp1F_CRR_10_NEG  Exp1R_HCC_17_NEG  
center sample:  Exp1R_CRR_22_NEG 
Processing: Exp1R_CRR_5_NEG  Exp1F_HCC_20_NEG  Exp1F_CRR_10_NEG  Exp1R_HCC_17_NEG  
center sample:  Exp1R_CRR_22_NEG 
Processing: Exp1R_CRR_5_NEG  Exp1F_HCC_20_NEG  Exp1F_CRR_10_NEG  Exp1R_HCC_17_NEG  
center sample:  Exp1R_CRR_22_NEG 
Processing: Exp1R_CRR_5_NEG  Exp1F_HCC_20_NEG  Exp1F_CRR_10_NEG  Exp1R_HCC_17_NEG  
center sample:  Exp1R_CRR_22_NEG 
Processing: Exp1R_CRR_5_NEG  Exp1F_HCC_20_NEG  Exp1F_CRR_10_NEG  Exp1R_HCC_17_NEG  
center sample:  Exp1R_CRR_22_NEG 
Processing: Exp1R_CRR_5_NEG  Exp1F_HCC_20_NEG  Exp1F_CRR_10_NEG  Exp1R_HCC_17_NEG  
center sample:  Exp1R_CRR_22_NEG 
Processing: Exp1R_CRR_5_NEG  Exp1F_HCC_20_NEG  Exp1F_CRR_10_NEG  Exp1R_HCC_17_NEG  
center sample:  Exp1R_CRR_22_NEG 
Processing: Exp1R_CRR_5_NEG  Exp1F_HCC_20_NEG  Exp1F_CRR_10_NEG  Exp1R_HCC_17_NEG  
center sample:  Exp1R_CRR_22_NEG 
Processing: Exp1R_CRR_5_NEG  Exp1F_HCC_20_NEG  Exp1F_CRR_10_NEG  Exp1R_HCC_17_NEG  
center sample:  Exp1R_CRR_22_NEG 
Processing: Exp1R_CRR_5_NEG  Exp1F_HCC_20_NEG  Exp1F_CRR_10_NEG  Exp1R_HCC_17_NEG  
center sample:  Exp1R_CRR_22_NEG 
Processing: Exp1R_CRR_5_NEG  Exp1F_HCC_20_NEG  Exp1F_CRR_10_NEG  Exp1R_HCC_17_NEG  
center sample:  Exp1R_CRR_22_NEG 
Processing: Exp1R_CRR_5_NEG  Exp1F_HCC_20_NEG  Exp1F_CRR_10_NEG  Exp1R_HCC_17_NEG  
center sample:  Exp1R_CRR_22_NEG 
Processing: Exp1R_CRR_5_NEG  Exp1F_HCC_20_NEG  Exp1F_CRR_10_NEG  Exp1R_HCC_17_NEG  
center sample:  Exp1R_CRR_22_NEG 
Processing: Exp1R_CRR_5_NEG  Exp1F_HCC_20_NEG  Exp1F_CRR_10_NEG  Exp1R_HCC_17_NEG  
center sample:  Exp1R_CRR_22_NEG 
Processing: Exp1R_CRR_5_NEG  Exp1F_HCC_20_NEG  Exp1F_CRR_10_NEG  Exp1R_HCC_17_NEG  
center sample:  Exp1R_CRR_22_NEG 
Processing: Exp1R_CRR_5_NEG  Exp1F_HCC_20_NEG  Exp1F_CRR_10_NEG  Exp1R_HCC_17_NEG  
center sample:  Exp1R_CRR_22_NEG 
Processing: Exp1R_CRR_5_NEG  Exp1F_HCC_20_NEG  Exp1F_CRR_10_NEG  Exp1R_HCC_17_NEG  
center sample:  Exp1R_CRR_22_NEG 
Processing: Exp1R_CRR_5_NEG  Exp1F_HCC_20_NEG  Exp1F_CRR_10_NEG  Exp1R_HCC_17_NEG  
center sample:  Exp1R_CRR_22_NEG 
Processing: Exp1R_CRR_5_NEG  Exp1F_HCC_20_NEG  Exp1F_CRR_10_NEG  Exp1R_HCC_17_NEG  
center sample:  Exp1R_CRR_22_NEG 
Processing: Exp1R_CRR_5_NEG  Exp1F_HCC_20_NEG  Exp1F_CRR_10_NEG  Exp1R_HCC_17_NEG  
center sample:  Exp1R_CRR_22_NEG 
Processing: Exp1R_CRR_5_NEG  Exp1F_HCC_20_NEG  Exp1F_CRR_10_NEG  Exp1R_HCC_17_NEG  
center sample:  Exp1R_CRR_22_NEG 
Processing: Exp1R_CRR_5_NEG  Exp1F_HCC_20_NEG  Exp1F_CRR_10_NEG  Exp1R_HCC_17_NEG  
center sample:  Exp1R_CRR_22_NEG 
Processing: Exp1R_CRR_5_NEG  Exp1F_HCC_20_NEG  Exp1F_CRR_10_NEG  Exp1R_HCC_17_NEG  
center sample:  Exp1R_CRR_22_NEG 
Processing: Exp1R_CRR_5_NEG  Exp1F_HCC_20_NEG  Exp1F_CRR_10_NEG  Exp1R_HCC_17_NEG  
center sample:  Exp1R_CRR_22_NEG 
Processing: Exp1R_CRR_5_NEG  Exp1F_HCC_20_NEG  Exp1F_CRR_10_NEG  Exp1R_HCC_17_NEG  
center sample:  Exp1R_CRR_22_NEG 
Processing: Exp1R_CRR_5_NEG  Exp1F_HCC_20_NEG  Exp1F_CRR_10_NEG  Exp1R_HCC_17_NEG  
center sample:  Exp1R_CRR_22_NEG 
Processing: Exp1R_CRR_5_NEG  Exp1F_HCC_20_NEG  Exp1F_CRR_10_NEG  Exp1R_HCC_17_NEG  
center sample:  Exp1R_CRR_22_NEG 
Processing: Exp1R_CRR_5_NEG  Exp1F_HCC_20_NEG  Exp1F_CRR_10_NEG  Exp1R_HCC_17_NEG  
center sample:  Exp1R_CRR_22_NEG 
Processing: Exp1R_CRR_5_NEG  Exp1F_HCC_20_NEG  Exp1F_CRR_10_NEG  Exp1R_HCC_17_NEG  
center sample:  Exp1R_CRR_22_NEG 
Processing: Exp1R_CRR_5_NEG  Exp1F_HCC_20_NEG  Exp1F_CRR_10_NEG  Exp1R_HCC_17_NEG  
center sample:  Exp1R_CRR_22_NEG 
Processing: Exp1R_CRR_5_NEG  Exp1F_HCC_20_NEG  Exp1F_CRR_10_NEG  Exp1R_HCC_17_NEG  
center sample:  Exp1R_CRR_22_NEG 
Processing: Exp1R_CRR_5_NEG  Exp1F_HCC_20_NEG  Exp1F_CRR_10_NEG  Exp1R_HCC_17_NEG  
center sample:  Exp1R_CRR_22_NEG 
Processing: Exp1R_CRR_5_NEG  Exp1F_HCC_20_NEG  Exp1F_CRR_10_NEG  Exp1R_HCC_17_NEG  
center sample:  Exp1R_CRR_22_NEG 
Processing: Exp1R_CRR_5_NEG  Exp1F_HCC_20_NEG  Exp1F_CRR_10_NEG  Exp1R_HCC_17_NEG  
center sample:  Exp1R_CRR_22_NEG 
Processing: Exp1R_CRR_5_NEG  Exp1F_HCC_20_NEG  Exp1F_CRR_10_NEG  Exp1R_HCC_17_NEG  
center sample:  Exp1R_CRR_22_NEG 
Processing: Exp1R_CRR_5_NEG  Exp1F_HCC_20_NEG  Exp1F_CRR_10_NEG  Exp1R_HCC_17_NEG  
center sample:  Exp1R_CRR_22_NEG 
Processing: Exp1R_CRR_5_NEG  Exp1F_HCC_20_NEG  Exp1F_CRR_10_NEG  Exp1R_HCC_17_NEG  
center sample:  Exp1R_CRR_22_NEG 
Processing: Exp1R_CRR_5_NEG  Exp1F_HCC_20_NEG  Exp1F_CRR_10_NEG  Exp1R_HCC_17_NEG  
center sample:  Exp1R_CRR_22_NEG 
Processing: Exp1R_CRR_5_NEG  Exp1F_HCC_20_NEG  Exp1F_CRR_10_NEG  Exp1R_HCC_17_NEG  
center sample:  Exp1R_CRR_22_NEG 
Processing: Exp1R_CRR_5_NEG  Exp1F_HCC_20_NEG  Exp1F_CRR_10_NEG  Exp1R_HCC_17_NEG  
center sample:  Exp1R_CRR_22_NEG 
Processing: Exp1R_CRR_5_NEG  Exp1F_HCC_20_NEG  Exp1F_CRR_10_NEG  Exp1R_HCC_17_NEG  
center sample:  Exp1R_CRR_22_NEG 
Processing: Exp1R_CRR_5_NEG  Exp1F_HCC_20_NEG  Exp1F_CRR_10_NEG  Exp1R_HCC_17_NEG  
center sample:  Exp1R_CRR_22_NEG 
Processing: Exp1R_CRR_5_NEG  Exp1F_HCC_20_NEG  Exp1F_CRR_10_NEG  Exp1R_HCC_17_NEG  
center sample:  Exp1R_CRR_22_NEG 
Processing: Exp1R_CRR_5_NEG  Exp1F_HCC_20_NEG  Exp1F_CRR_10_NEG  Exp1R_HCC_17_NEG  
center sample:  Exp1R_CRR_22_NEG 
Processing: Exp1R_CRR_5_NEG  Exp1F_HCC_20_NEG  Exp1F_CRR_10_NEG  Exp1R_HCC_17_NEG  
center sample:  Exp1R_CRR_22_NEG 
Processing: Exp1R_CRR_5_NEG  Exp1F_HCC_20_NEG  Exp1F_CRR_10_NEG  Exp1R_HCC_17_NEG  
center sample:  Exp1R_CRR_22_NEG 
Processing: Exp1R_CRR_5_NEG  Exp1F_HCC_20_NEG  Exp1F_CRR_10_NEG  Exp1R_HCC_17_NEG  
center sample:  Exp1R_CRR_22_NEG 
Processing: Exp1R_CRR_5_NEG  Exp1F_HCC_20_NEG  Exp1F_CRR_10_NEG  Exp1R_HCC_17_NEG  
center sample:  Exp1R_CRR_22_NEG 
Processing: Exp1R_CRR_5_NEG  Exp1F_HCC_20_NEG  Exp1F_CRR_10_NEG  Exp1R_HCC_17_NEG  
center sample:  Exp1R_CRR_22_NEG 
Processing: Exp1R_CRR_5_NEG  Exp1F_HCC_20_NEG  Exp1F_CRR_10_NEG  Exp1R_HCC_17_NEG  
center sample:  Exp1R_CRR_22_NEG 
Processing: Exp1R_CRR_5_NEG  Exp1F_HCC_20_NEG  Exp1F_CRR_10_NEG  Exp1R_HCC_17_NEG  
center sample:  Exp1R_CRR_22_NEG 
Processing: Exp1R_CRR_5_NEG  Exp1F_HCC_20_NEG  Exp1F_CRR_10_NEG  Exp1R_HCC_17_NEG  
center sample:  Exp1R_CRR_22_NEG 
Processing: Exp1R_CRR_5_NEG  Exp1F_HCC_20_NEG  Exp1F_CRR_10_NEG  Exp1R_HCC_17_NEG  
center sample:  Exp1R_CRR_22_NEG 
Processing: Exp1R_CRR_5_NEG  Exp1F_HCC_20_NEG  Exp1F_CRR_10_NEG  Exp1R_HCC_17_NEG  
center sample:  Exp1R_CRR_22_NEG 
Processing: Exp1R_CRR_5_NEG  Exp1F_HCC_20_NEG  Exp1F_CRR_10_NEG  Exp1R_HCC_17_NEG  
center sample:  Exp1R_CRR_22_NEG 
Processing: Exp1R_CRR_5_NEG  Exp1F_HCC_20_NEG  Exp1F_CRR_10_NEG  Exp1R_HCC_17_NEG  
center sample:  Exp1R_CRR_22_NEG 
Processing: Exp1R_CRR_5_NEG  Exp1F_HCC_20_NEG  Exp1F_CRR_10_NEG  Exp1R_HCC_17_NEG  
center sample:  Exp1R_CRR_22_NEG 
Processing: Exp1R_CRR_5_NEG  Exp1F_HCC_20_NEG  Exp1F_CRR_10_NEG  Exp1R_HCC_17_NEG  
center sample:  Exp1R_CRR_22_NEG 
Processing: Exp1R_CRR_5_NEG  Exp1F_HCC_20_NEG  Exp1F_CRR_10_NEG  Exp1R_HCC_17_NEG  
center sample:  Exp1R_CRR_22_NEG 
Processing: Exp1R_CRR_5_NEG  Exp1F_HCC_20_NEG  Exp1F_CRR_10_NEG  Exp1R_HCC_17_NEG  
center sample:  Exp1R_CRR_22_NEG 
Processing: Exp1R_CRR_5_NEG  Exp1F_HCC_20_NEG  Exp1F_CRR_10_NEG  Exp1R_HCC_17_NEG  
center sample:  Exp1R_CRR_22_NEG 
Processing: Exp1R_CRR_5_NEG  Exp1F_HCC_20_NEG  Exp1F_CRR_10_NEG  Exp1R_HCC_17_NEG  
center sample:  Exp1R_CRR_22_NEG 
Processing: Exp1R_CRR_5_NEG  Exp1F_HCC_20_NEG  Exp1F_CRR_10_NEG  Exp1R_HCC_17_NEG  
center sample:  Exp1R_CRR_22_NEG 
Processing: Exp1R_CRR_5_NEG  Exp1F_HCC_20_NEG  Exp1F_CRR_10_NEG  Exp1R_HCC_17_NEG  
center sample:  Exp1R_CRR_22_NEG 
Processing: Exp1R_CRR_5_NEG  Exp1F_HCC_20_NEG  Exp1F_CRR_10_NEG  Exp1R_HCC_17_NEG  
center sample:  Exp1R_CRR_22_NEG 
Processing: Exp1R_CRR_5_NEG  Exp1F_HCC_20_NEG  Exp1F_CRR_10_NEG  Exp1R_HCC_17_NEG  
center sample:  Exp1R_CRR_22_NEG 
Processing: Exp1R_CRR_5_NEG  Exp1F_HCC_20_NEG  Exp1F_CRR_10_NEG  Exp1R_HCC_17_NEG  
center sample:  Exp1R_CRR_22_NEG 
Processing: Exp1R_CRR_5_NEG  Exp1F_HCC_20_NEG  Exp1F_CRR_10_NEG  Exp1R_HCC_17_NEG  
center sample:  Exp1R_CRR_22_NEG 
Processing: Exp1R_CRR_5_NEG  Exp1F_HCC_20_NEG  Exp1F_CRR_10_NEG  Exp1R_HCC_17_NEG  
center sample:  Exp1R_CRR_22_NEG 
Processing: Exp1R_CRR_5_NEG  Exp1F_HCC_20_NEG  Exp1F_CRR_10_NEG  Exp1R_HCC_17_NEG  
center sample:  Exp1R_CRR_22_NEG 
Processing: Exp1R_CRR_5_NEG  Exp1F_HCC_20_NEG  Exp1F_CRR_10_NEG  Exp1R_HCC_17_NEG  
center sample:  Exp1R_CRR_22_NEG 
Processing: Exp1R_CRR_5_NEG  Exp1F_HCC_20_NEG  Exp1F_CRR_10_NEG  Exp1R_HCC_17_NEG  
center sample:  Exp1R_CRR_22_NEG 
Processing: Exp1R_CRR_5_NEG  Exp1F_HCC_20_NEG  Exp1F_CRR_10_NEG  Exp1R_HCC_17_NEG  
7 ... OK
Create profile matrix with method 'bin' and step 0.7 ... OK
Create profile matrix with method 'bin' and step 0.7 ... OK
Create profile matrix with method 'bin' and step 0.7 ... OK
Create profile matrix with method 'bin' and step 0.7 ... OK
Create profile matrix with method 'bin' and step 0.7 ... OK
Processing 45603 mz slices ... OK
Create profile matrix with method 'bin' and step 0.7 ... OK
Create profile matrix with method 'bin' and step 0.7 ... OK
Create profile matrix with method 'bin' and step 0.7 ... OK
Create profile matrix with method 'bin' and step 0.7 ... OK
Create profile matrix with method 'bin' and step 0.7 ... OK
Create profile matrix with method 'bin' and step 0.7 ... OK
Create profile matrix with method 'bin' and step 0.7 ... OK
Create profile matrix with method 'bin' and step 0.7 ... OK
Processing 45603 mz slices ... OK
Create profile matrix with method 'bin' and step 1 ... OK
Create profile matrix with method 'bin' and step 1 ... OK
Create profile matrix with method 'bin' and step 1 ... OK
Create profile matrix with method 'bin' and step 1 ... OK
Create profile matrix with method 'bin' and step 1 ... OK
Processing 45603 mz slices ... OK
Create profile matrix with method 'bin' and step 1 ... OK
Create profile matrix with method 'bin' and step 1 ... OK
Create profile matrix with method 'bin' and step 1 ... OK
Create profile matrix with method 'bin' and step 1 ... OK
Create profile matrix with method 'bin' and step 1 ... OK
Processing 45603 mz slices ... OK
Create profile matrix with method 'bin' and step 1 ... OK
Create profile matrix with method 'bin' and step 1 ... OK
Create profile matrix with method 'bin' and step 1 ... OK
Create profile matrix with method 'bin' and step 1 ... OK
Create profile matrix with method 'bin' and step 1 ... OK
Processing 45603 mz slices ... OK
Create profile matrix with method 'bin' and step 1 ... OK
Create profile matrix with method 'bin' and step 1 ... OK
Create profile matrix with method 'bin' and step 1 ... OK
Create profile matrix with method 'bin' and step 1 ... OK
Create profile matrix with method 'bin' and step 1 ... OK
Processing 45603 mz slices ... OK
Create profile matrix with method 'bin' and step 0.7 ... OK
Create profile matrix with method 'bin' and step 0.7 ... OK
Create profile matrix with method 'bin' and step 0.7 ... OK
Create profile matrix with method 'bin' and step 0.7 ... OK
Create profile matrix with method 'bin' and step 0.7 ... OK
Create profile matrix with method 'bin' and step 0.7 ... OK
Create profile matrix with method 'bin' and step 0.7 ... OK
Create profile matrix with method 'bin' and step 0.7 ... OK
Processing 45603 mz slices ... OK
Create profile matrix with method 'bin' and step 0.7 ... OK
Create profile matrix with method 'bin' and step 0.7 ... OK
Create profile matrix with method 'bin' and step 0.7 ... OK
Create profile matrix with method 'bin' and step 0.7 ... OK
Create profile matrix with method 'bin' and step 0.7 ... OK
Create profile matrix with method 'bin' and step 0.7 ... OK
Create profile matrix with method 'bin' and step 0.7 ... OK
Create profile matrix with method 'bin' and step 0.7 ... OK
Processing 45603 mz slices ... OK
Create profile matrix with method 'bin' and step 0.7 ... OK
Create profile matrix with method 'bin' and step 0.7 ... OK
Create profile matrix with method 'bin' and step 0.7 ... OK
Create profile matrix with method 'bin' and step 0.7 ... OK
Create profile matrix with method 'bin' and step 0.7 ... OK
Create profile matrix with method 'bin' and step 0.7 ... OK
Create profile matrix with method 'bin' and step 0.7 ... OK
Create profile matrix with method 'bin' and step 0.7 ... OK
Processing 45603 mz slices ... OK
Create profile matrix with method 'bin' and step 0.7 ... OK
Create profile matrix with method 'bin' and step 0.7 ... OK
Create profile matrix with method 'bin' and step 0.7 ... OK
Create profile matrix with method 'bin' and step 0.7 ... OK
Create profile matrix with method 'bin' and step 0.7 ... OK
Create profile matrix with method 'bin' and step 0.7 ... OK
Create profile matrix with method 'bin' and step 0.7 ... OK
Create profile matrix with method 'bin' and step 0.7 ... OK
Processing 45603 mz slices ... OK
Create profile matrix with method 'bin' and step 1 ... OK
Create profile matrix with method 'bin' and step 1 ... OK
Create profile matrix with method 'bin' and step 1 ... OK
Create profile matrix with method 'bin' and step 1 ... OK
Create profile matrix with method 'bin' and step 1 ... OK
Processing 45603 mz slices ... OK
Create profile matrix with method 'bin' and step 1 ... OK
Create profile matrix with method 'bin' and step 1 ... OK
Create profile matrix with method 'bin' and step 1 ... OK
Create profile matrix with method 'bin' and step 1 ... OK
Create profile matrix with method 'bin' and step 1 ... OK
Processing 45603 mz slices ... OK
Create profile matrix with method 'bin' and step 1 ... OK
Create profile matrix with method 'bin' and step 1 ... OK
Create profile matrix with method 'bin' and step 1 ... OK
Create profile matrix with method 'bin' and step 1 ... OK
Create profile matrix with method 'bin' and step 1 ... OK
Processing 45603 mz slices ... OK
Create profile matrix with method 'bin' and step 1 ... OK
Create profile matrix with method 'bin' and step 1 ... OK
Create profile matrix with method 'bin' and step 1 ... OK
Create profile matrix with method 'bin' and step 1 ... OK
Create profile matrix with method 'bin' and step 1 ... OK
Processing 45603 mz slices ... OK
Create profile matrix with method 'bin' and step 0.85 ... OK
Create profile matrix with method 'bin' and step 0.85 ... OK
Create profile matrix with method 'bin' and step 0.85 ... OK
Create profile matrix with method 'bin' and step 0.85 ... OK
Create profile matrix with method 'bin' and step 0.85 ... OK
Create profile matrix with method 'bin' and step 0.85 ... OK
Create profile matrix with method 'bin' and step 0.85 ... OK
Create profile matrix with method 'bin' and step 0.85 ... OK
Processing 63844 mz slices ... OK
Create profile matrix with method 'bin' and step 0.85 ... OK
Create profile matrix with method 'bin' and step 0.85 ... OK
Create profile matrix with method 'bin' and step 0.85 ... OK
Create profile matrix with method 'bin' and step 0.85 ... OK
Create profile matrix with method 'bin' and step 0.85 ... OK
Create profile matrix with method 'bin' and step 0.85 ... OK
Create profile matrix with method 'bin' and step 0.85 ... OK
Create profile matrix with method 'bin' and step 0.85 ... OK
Processing 63844 mz slices ... OK
Create profile matrix with method 'bin' and step 0.85 ... OK
Create profile matrix with method 'bin' and step 0.85 ... OK
Create profile matrix with method 'bin' and step 0.85 ... OK
Create profile matrix with method 'bin' and step 0.85 ... OK
Create profile matrix with method 'bin' and step 0.85 ... OK
Create profile matrix with method 'bin' and step 0.85 ... OK
Create profile matrix with method 'bin' and step 0.85 ... OK
Create profile matrix with method 'bin' and step 0.85 ... OK
Processing 63844 mz slices ... OK
Create profile matrix with method 'bin' and step 0.85 ... OK
Create profile matrix with method 'bin' and step 0.85 ... OK
Create profile matrix with method 'bin' and step 0.85 ... OK
Create profile matrix with method 'bin' and step 0.85 ... OK
Create profile matrix with method 'bin' and step 0.85 ... OK
Create profile matrix with method 'bin' and step 0.85 ... OK
Create profile matrix with method 'bin' and step 0.85 ... OK
Create profile matrix with method 'bin' and step 0.85 ... OK
Processing 63844 mz slices ... OK
Create profile matrix with method 'bin' and step 0.85 ... OK
Create profile matrix with method 'bin' and step 0.85 ... OK
Create profile matrix with method 'bin' and step 0.85 ... OK
Create profile matrix with method 'bin' and step 0.85 ... OK
Create profile matrix with method 'bin' and step 0.85 ... OK
Create profile matrix with method 'bin' and step 0.85 ... OK
Create profile matrix with method 'bin' and step 0.85 ... OK
Create profile matrix with method 'bin' and step 0.85 ... OK
Processing 63844 mz slices ... OK
Create profile matrix with method 'bin' and step 0.7 ... OK
Create profile matrix with method 'bin' and step 0.7 ... OK
Create profile matrix with method 'bin' and step 0.7 ... OK
Create profile matrix with method 'bin' and step 0.7 ... OK
Create profile matrix with method 'bin' and step 0.7 ... OK
Create profile matrix with method 'bin' and step 0.7 ... OK
Create profile matrix with method 'bin' and step 0.7 ... OK
Create profile matrix with method 'bin' and step 0.7 ... OK
Processing 63844 mz slices ... OK
Create profile matrix with method 'bin' and step 1 ... OK
Create profile matrix with method 'bin' and step 1 ... OK
Create profile matrix with method 'bin' and step 1 ... OK
Create profile matrix with method 'bin' and step 1 ... OK
Create profile matrix with method 'bin' and step 1 ... OK
Processing 63844 mz slices ... OK
Create profile matrix with method 'bin' and step 0.85 ... OK
Create profile matrix with method 'bin' and step 0.85 ... OK
Create profile matrix with method 'bin' and step 0.85 ... OK
Create profile matrix with method 'bin' and step 0.85 ... OK
Create profile matrix with method 'bin' and step 0.85 ... OK
Create profile matrix with method 'bin' and step 0.85 ... OK
Create profile matrix with method 'bin' and step 0.85 ... OK
Create profile matrix with method 'bin' and step 0.85 ... OK
Processing 63844 mz slices ... OK
Create profile matrix with method 'bin' and step 0.85 ... OK
Create profile matrix with method 'bin' and step 0.85 ... OK
Create profile matrix with method 'bin' and step 0.85 ... OK
Create profile matrix with method 'bin' and step 0.85 ... OK
Create profile matrix with method 'bin' and step 0.85 ... OK
Create profile matrix with method 'bin' and step 0.85 ... OK
Create profile matrix with method 'bin' and step 0.85 ... OK
Create profile matrix with method 'bin' and step 0.85 ... OK
Processing 63844 mz slices ... OK
Create profile matrix with method 'bin' and step 0.85 ... OK
Create profile matrix with method 'bin' and step 0.85 ... OK
Create profile matrix with method 'bin' and step 0.85 ... OK
Create profile matrix with method 'bin' and step 0.85 ... OK
Create profile matrix with method 'bin' and step 0.85 ... OK
Create profile matrix with method 'bin' and step 0.85 ... OK
Create profile matrix with method 'bin' and step 0.85 ... OK
Create profile matrix with method 'bin' and step 0.85 ... OK
Processing 106406 mz slices ... OK
Create profile matrix with method 'bin' and step 0.85 ... OK
Create profile matrix with method 'bin' and step 0.85 ... OK
Create profile matrix with method 'bin' and step 0.85 ... OK
Create profile matrix with method 'bin' and step 0.85 ... OK
Create profile matrix with method 'bin' and step 0.85 ... OK
Create profile matrix with method 'bin' and step 0.85 ... OK
Create profile matrix with method 'bin' and step 0.85 ... OK
Create profile matrix with method 'bin' and step 0.85 ... OK
Processing 45603 mz slices ... OK
Create profile matrix with method 'bin' and step 0.85 ... OK
Create profile matrix with method 'bin' and step 0.85 ... OK
Create profile matrix with method 'bin' and step 0.85 ... OK
Create profile matrix with method 'bin' and step 0.85 ... OK
Create profile matrix with method 'bin' and step 0.85 ... OK
Create profile matrix with method 'bin' and step 0.85 ... OK
Create profile matrix with method 'bin' and step 0.85 ... OK
Create profile matrix with method 'bin' and step 0.85 ... OK
Processing 63844 mz slices ... OK
Create profile matrix with method 'bin' and step 0.805 ... OK
Create profile matrix with method 'bin' and step 0.805 ... OK
Create profile matrix with method 'bin' and step 0.805 ... OK
Create profile matrix with method 'bin' and step 0.805 ... OK
Create profile matrix with method 'bin' and step 0.805 ... OK
Create profile matrix with method 'bin' and step 0.805 ... OK
Create profile matrix with method 'bin' and step 0.805 ... OK
Create profile matrix with method 'bin' and step 0.805 ... OK
Processing 51487 mz slices ... OK



starting new DoE with:

gapInit: c(0.1, 0.5)
gapExtend: c(2.16, 2.64)
profStep: c(0.655, 0.955)
bw: c(12.4, 31.6)
mzwid: c(0.021, 0.041)
distFunc: cor_opt
plottype: none
response: 1
factorDiag: 2
factorGap: 1
localAlignment: 0
retcorMethod: obiwarp
minfrac: 0.05
minsamp: 1
max: 50
center: 1

Create profile matrix with method 'bin' and step 0.655 ... OK
Create profile matrix with method 'bin' and step 0.655 ... OK
Create profile matrix with method 'bin' and step 0.655 ... OK
Create profile matrix with method 'bin' and step 0.655 ... OK
Create profile matrix with method 'bin' and step 0.655 ... OK
Create profile matrix with method 'bin' and step 0.655 ... OK
Create profile matrix with method 'bin' and step 0.655 ... OK
Create profile matrix with method 'bin' and step 0.655 ... OK
Processing 76005 mz slices ... OK
Create profile matrix with method 'bin' and step 0.655 ... OK
Create profile matrix with method 'bin' and step 0.655 ... OK
Create profile matrix with method 'bin' and step 0.655 ... OK
Create profile matrix with method 'bin' and step 0.655 ... OK
Create profile matrix with method 'bin' and step 0.655 ... OK
Create profile matrix with method 'bin' and step 0.655 ... OK
Create profile matrix with method 'bin' and step 0.655 ... OK
Create profile matrix with method 'bin' and step 0.655 ... OK
Processing 76005 mz slices ... OK
Create profile matrix with method 'bin' and step 0.655 ... OK
Create profile matrix with method 'bin' and step 0.655 ... OK
Create profile matrix with method 'bin' and step 0.655 ... OK
Create profile matrix with method 'bin' and step 0.655 ... OK
Create profile matrix with method 'bin' and step 0.655 ... OK
Create profile matrix with method 'bin' and step 0.655 ... OK
Create profile matrix with method 'bin' and step 0.655 ... OK
Create profile matrix with method 'bin' and step 0.655 ... OK
Processing 76005 mz slices ... OK
Create profile matrix with method 'bin' and step 0.655 ... OK
Create profile matrix with method 'bin' and step 0.655 ... OK
Create profile matrix with method 'bin' and step 0.655 ... OK
Create profile matrix with method 'bin' and step 0.655 ... OK
Create profile matrix with method 'bin' and step 0.655 ... OK
Create profile matrix with method 'bin' and step 0.655 ... OK
Create profile matrix with method 'bin' and step 0.655 ... OK
Create profile matrix with method 'bin' and step 0.655 ... OK
Processing 76005 mz slices ... OK
Create profile matrix with method 'bin' and step 0.955 ... OK
Create profile matrix with method 'bin' and step 0.955 ... OK
Create profile matrix with method 'bin' and step 0.955 ... OK
Create profile matrix with method 'bin' and step 0.955 ... OK
Create profile matrix with method 'bin' and step 0.955 ... OK
Create profile matrix with method 'bin' and step 0.955 ... OK
Create profile matrix with method 'bin' and step 0.955 ... OK
Create profile matrix with method 'bin' and step 0.955 ... OK
Processing 76005 mz slices ... OK
Create profile matrix with method 'bin' and step 0.955 ... OK
Create profile matrix with method 'bin' and step 0.955 ... OK
Create profile matrix with method 'bin' and step 0.955 ... OK
Create profile matrix with method 'bin' and step 0.955 ... OK
Create profile matrix with method 'bin' and step 0.955 ... OK
Create profile matrix with method 'bin' and step 0.955 ... OK
Create profile matrix with method 'bin' and step 0.955 ... OK
Create profile matrix with method 'bin' and step 0.955 ... OK
Processing 76005 mz slices ... OK
Create profile matrix with method 'bin' and step 0.955 ... OK
Create profile matrix with method 'bin' and step 0.955 ... OK
Create profile matrix with method 'bin' and step 0.955 ... OK
Create profile matrix with method 'bin' and step 0.955 ... OK
Create profile matrix with method 'bin' and step 0.955 ... OK
Create profile matrix with method 'bin' and step 0.955 ... OK
Create profile matrix with method 'bin' and step 0.955 ... OK
Create profile matrix with method 'bin' and step 0.955 ... OK
Processing 76005 mz slices ... OK
Create profile matrix with method 'bin' and step 0.955 ... OK
Create profile matrix with method 'bin' and step 0.955 ... OK
Create profile matrix with method 'bin' and step 0.955 ... OK
Create profile matrix with method 'bin' and step 0.955 ... OK
Create profile matrix with method 'bin' and step 0.955 ... OK
Create profile matrix with method 'bin' and step 0.955 ... OK
Create profile matrix with method 'bin' and step 0.955 ... OK
Create profile matrix with method 'bin' and step 0.955 ... OK
Processing 76005 mz slices ... OK
Create profile matrix with method 'bin' and step 0.655 ... OK
Create profile matrix with method 'bin' and step 0.655 ... OK
Create profile matrix with method 'bin' and step 0.655 ... OK
Create profile matrix with method 'bin' and step 0.655 ... OK
Create profile matrix with method 'bin' and step 0.655 ... OK
Create profile matrix with method 'bin' and step 0.655 ... OK
Create profile matrix with method 'bin' and step 0.655 ... OK
Create profile matrix with method 'bin' and step 0.655 ... OK
Processing 76005 mz slices ... OK
Create profile matrix with method 'bin' and step 0.655 ... OK
Create profile matrix with method 'bin' and step 0.655 ... OK
Create profile matrix with method 'bin' and step 0.655 ... OK
Create profile matrix with method 'bin' and step 0.655 ... OK
Create profile matrix with method 'bin' and step 0.655 ... OK
Create profile matrix with method 'bin' and step 0.655 ... OK
Create profile matrix with method 'bin' and step 0.655 ... OK
Create profile matrix with method 'bin' and step 0.655 ... OK
Processing 76005 mz slices ... OK
Create profile matrix with method 'bin' and step 0.655 ... OK
Create profile matrix with method 'bin' and step 0.655 ... OK
Create profile matrix with method 'bin' and step 0.655 ... OK
Create profile matrix with method 'bin' and step 0.655 ... OK
Create profile matrix with method 'bin' and step 0.655 ... OK
Create profile matrix with method 'bin' and step 0.655 ... OK
Create profile matrix with method 'bin' and step 0.655 ... OK
Create profile matrix with method 'bin' and step 0.655 ... OK
Processing 76005 mz slices ... OK
Create profile matrix with method 'bin' and step 0.655 ... OK
Create profile matrix with method 'bin' and step 0.655 ... OK
Create profile matrix with method 'bin' and step 0.655 ... OK
Create profile matrix with method 'bin' and step 0.655 ... OK
Create profile matrix with method 'bin' and step 0.655 ... OK
Create profile matrix with method 'bin' and step 0.655 ... OK
Create profile matrix with method 'bin' and step 0.655 ... OK
Create profile matrix with method 'bin' and step 0.655 ... OK
Processing 76005 mz slices ... OK
Create profile matrix with method 'bin' and step 0.955 ... OK
Create profile matrix with method 'bin' and step 0.955 ... OK
Create profile matrix with method 'bin' and step 0.955 ... OK
Create profile matrix with method 'bin' and step 0.955 ... OK
Create profile matrix with method 'bin' and step 0.955 ... OK
Create profile matrix with method 'bin' and step 0.955 ... OK
Create profile matrix with method 'bin' and step 0.955 ... OK
Create profile matrix with method 'bin' and step 0.955 ... OK
Processing 76005 mz slices ... OK
Create profile matrix with method 'bin' and step 0.955 ... OK
Create profile matrix with method 'bin' and step 0.955 ... OK
Create profile matrix with method 'bin' and step 0.955 ... OK
Create profile matrix with method 'bin' and step 0.955 ... OK
Create profile matrix with method 'bin' and step 0.955 ... OK
Create profile matrix with method 'bin' and step 0.955 ... OK
Create profile matrix with method 'bin' and step 0.955 ... OK
Create profile matrix with method 'bin' and step 0.955 ... OK
Processing 76005 mz slices ... OK
Create profile matrix with method 'bin' and step 0.955 ... OK
Create profile matrix with method 'bin' and step 0.955 ... OK
Create profile matrix with method 'bin' and step 0.955 ... OK
Create profile matrix with method 'bin' and step 0.955 ... OK
Create profile matrix with method 'bin' and step 0.955 ... OK
Create profile matrix with method 'bin' and step 0.955 ... OK
Create profile matrix with method 'bin' and step 0.955 ... OK
Create profile matrix with method 'bin' and step 0.955 ... OK
Processing 76005 mz slices ... OK
Create profile matrix with method 'bin' and step 0.955 ... OK
Create profile matrix with method 'bin' and step 0.955 ... OK
Create profile matrix with method 'bin' and step 0.955 ... OK
Create profile matrix with method 'bin' and step 0.955 ... OK
Create profile matrix with method 'bin' and step 0.955 ... OK
Create profile matrix with method 'bin' and step 0.955 ... OK
Create profile matrix with method 'bin' and step 0.955 ... OK
Create profile matrix with method 'bin' and step 0.955 ... OK
Processing 76005 mz slices ... OK
Create profile matrix with method 'bin' and step 0.655 ... OK
Create profile matrix with method 'bin' and step 0.655 ... OK
Create profile matrix with method 'bin' and step 0.655 ... OK
Create profile matrix with method 'bin' and step 0.655 ... OK
Create profile matrix with method 'bin' and step 0.655 ... OK
Create profile matrix with method 'bin' and step 0.655 ... OK
Create profile matrix with method 'bin' and step 0.655 ... OK
Create profile matrix with method 'bin' and step 0.655 ... OK
Processing 38930 mz slices ... OK
Create profile matrix with method 'bin' and step 0.655 ... OK
Create profile matrix with method 'bin' and step 0.655 ... OK
Create profile matrix with method 'bin' and step 0.655 ... OK
Create profile matrix with method 'bin' and step 0.655 ... OK
Create profile matrix with method 'bin' and step 0.655 ... OK
Create profile matrix with method 'bin' and step 0.655 ... OK
Create profile matrix with method 'bin' and step 0.655 ... OK
Create profile matrix with method 'bin' and step 0.655 ... OK
Processing 38930 mz slices ... OK
Create profile matrix with method 'bin' and step 0.655 ... OK
Create profile matrix with method 'bin' and step 0.655 ... OK
Create profile matrix with method 'bin' and step 0.655 ... OK
Create profile matrix with method 'bin' and step 0.655 ... OK
Create profile matrix with method 'bin' and step 0.655 ... OK
Create profile matrix with method 'bin' and step 0.655 ... OK
Create profile matrix with method 'bin' and step 0.655 ... OK
Create profile matrix with method 'bin' and step 0.655 ... OK
Processing 38930 mz slices ... OK
Create profile matrix with method 'bin' and step 0.655 ... OK
Create profile matrix with method 'bin' and step 0.655 ... OK
Create profile matrix with method 'bin' and step 0.655 ... OK
Create profile matrix with method 'bin' and step 0.655 ... OK
Create profile matrix with method 'bin' and step 0.655 ... OK
Create profile matrix with method 'bin' and step 0.655 ... OK
Create profile matrix with method 'bin' and step 0.655 ... OK
Create profile matrix with method 'bin' and step 0.655 ... OK
Processing 38930 mz slices ... OK
Create profile matrix with method 'bin' and step 0.955 ... OK
Create profile matrix with method 'bin' and step 0.955 ... OK
Create profile matrix with method 'bin' and step 0.955 ... OK
Create profile matrix with method 'bin' and step 0.955 ... OK
Create profile matrix with method 'bin' and step 0.955 ... OK
Create profile matrix with method 'bin' and step 0.955 ... OK
Create profile matrix with method 'bin' and step 0.955 ... OK
Create profile matrix with method 'bin' and step 0.955 ... OK
Processing 38930 mz slices ... OK
Create profile matrix with method 'bin' and step 0.955 ... OK
Create profile matrix with method 'bin' and step 0.955 ... OK
Create profile matrix with method 'bin' and step 0.955 ... OK
Create profile matrix with method 'bin' and step 0.955 ... OK
Create profile matrix with method 'bin' and step 0.955 ... OK
Create profile matrix with method 'bin' and step 0.955 ... OK
Create profile matrix with method 'bin' and step 0.955 ... OK
Create profile matrix with method 'bin' and step 0.955 ... OK
Processing 38930 mz slices ... OK
Create profile matrix with method 'bin' and step 0.955 ... OK
Create profile matrix with method 'bin' and step 0.955 ... OK
Create profile matrix with method 'bin' and step 0.955 ... OK
Create profile matrix with method 'bin' and step 0.955 ... OK
Create profile matrix with method 'bin' and step 0.955 ... OK
Create profile matrix with method 'bin' and step 0.955 ... OK
Create profile matrix with method 'bin' and step 0.955 ... OK
Create profile matrix with method 'bin' and step 0.955 ... OK
Processing 38930 mz slices ... OK
Create profile matrix with method 'bin' and step 0.955 ... OK
Create profile matrix with method 'bin' and step 0.955 ... OK
Create profile matrix with method 'bin' and step 0.955 ... OK
Create profile matrix with method 'bin' and step 0.955 ... OK
Create profile matrix with method 'bin' and step 0.955 ... OK
Create profile matrix with method 'bin' and step 0.955 ... OK
Create profile matrix with method 'bin' and step 0.955 ... OK
Create profile matrix with method 'bin' and step 0.955 ... OK
Processing 38930 mz slices ... OK
Create profile matrix with method 'bin' and step 0.655 ... OK
Create profile matrix with method 'bin' and step 0.655 ... OK
Create profile matrix with method 'bin' and step 0.655 ... OK
Create profile matrix with method 'bin' and step 0.655 ... OK
Create profile matrix with method 'bin' and step 0.655 ... OK
Create profile matrix with method 'bin' and step 0.655 ... OK
Create profile matrix with method 'bin' and step 0.655 ... OK
Create profile matrix with method 'bin' and step 0.655 ... OK
Processing 38930 mz slices ... OK
Create profile matrix with method 'bin' and step 0.655 ... OK
Create profile matrix with method 'bin' and step 0.655 ... OK
Create profile matrix with method 'bin' and step 0.655 ... OK
Create profile matrix with method 'bin' and step 0.655 ... OK
Create profile matrix with method 'bin' and step 0.655 ... OK
Create profile matrix with method 'bin' and step 0.655 ... OK
Create profile matrix with method 'bin' and step 0.655 ... OK
Create profile matrix with method 'bin' and step 0.655 ... OK
Processing 38930 mz slices ... OK
Create profile matrix with method 'bin' and step 0.655 ... OK
Create profile matrix with method 'bin' and step 0.655 ... OK
Create profile matrix with method 'bin' and step 0.655 ... OK
Create profile matrix with method 'bin' and step 0.655 ... OK
Create profile matrix with method 'bin' and step 0.655 ... OK
Create profile matrix with method 'bin' and step 0.655 ... OK
Create profile matrix with method 'bin' and step 0.655 ... OK
Create profile matrix with method 'bin' and step 0.655 ... OK
Processing 38930 mz slices ... OK
Create profile matrix with method 'bin' and step 0.655 ... OK
Create profile matrix with method 'bin' and step 0.655 ... OK
Create profile matrix with method 'bin' and step 0.655 ... OK
Create profile matrix with method 'bin' and step 0.655 ... OK
Create profile matrix with method 'bin' and step 0.655 ... OK
Create profile matrix with method 'bin' and step 0.655 ... OK
Create profile matrix with method 'bin' and step 0.655 ... OK
Create profile matrix with method 'bin' and step 0.655 ... OK
Processing 38930 mz slices ... OK
Create profile matrix with method 'bin' and step 0.955 ... OK
Create profile matrix with method 'bin' and step 0.955 ... OK
Create profile matrix with method 'bin' and step 0.955 ... OK
Create profile matrix with method 'bin' and step 0.955 ... OK
Create profile matrix with method 'bin' and step 0.955 ... OK
Create profile matrix with method 'bin' and step 0.955 ... OK
Create profile matrix with method 'bin' and step 0.955 ... OK
Create profile matrix with method 'bin' and step 0.955 ... OK
Processing 38930 mz slices ... OK
Create profile matrix with method 'bin' and step 0.955 ... OK
Create profile matrix with method 'bin' and step 0.955 ... OK
Create profile matrix with method 'bin' and step 0.955 ... OK
Create profile matrix with method 'bin' and step 0.955 ... OK
Create profile matrix with method 'bin' and step 0.955 ... OK
Create profile matrix with method 'bin' and step 0.955 ... OK
Create profile matrix with method 'bin' and step 0.955 ... OK
Create profile matrix with method 'bin' and step 0.955 ... OK
Processing 38930 mz slices ... OK
Create profile matrix with method 'bin' and step 0.955 ... OK
Create profile matrix with method 'bin' and step 0.955 ... OK
Create profile matrix with method 'bin' and step 0.955 ... OK
Create profile matrix with method 'bin' and step 0.955 ... OK
Create profile matrix with method 'bin' and step 0.955 ... OK
Create profile matrix with method 'bin' and step 0.955 ... OK
Create profile matrix with method 'bin' and step 0.955 ... OK
Create profile matrix with method 'bin' and step 0.955 ... OK
Processing 38930 mz slices ... OK
Create profile matrix with method 'bin' and step 0.955 ... OK
Create profile matrix with method 'bin' and step 0.955 ... OK
Create profile matrix with method 'bin' and step 0.955 ... OK
Create profile matrix with method 'bin' and step 0.955 ... OK
Create profile matrix with method 'bin' and step 0.955 ... OK
Create profile matrix with method 'bin' and step 0.955 ... OK
Create profile matrix with method 'bin' and step 0.955 ... OK
Create profile matrix with method 'bin' and step 0.955 ... OK
Processing 38930 mz slices ... 