center sample:  Person13_plasma_youth_POS 
Processing: Person18_plasma_elder_POS  Person27_plasma_youth_POS  Person08_plasma_elder_POS  Person01_plasma_youth_POS  
center sample:  Person13_plasma_youth_POS 
Processing: Person18_plasma_elder_POS  Person27_plasma_youth_POS  Person08_plasma_elder_POS  Person01_plasma_youth_POS  
center sample:  Person13_plasma_youth_POS 
Processing: Person18_plasma_elder_POS  Person27_plasma_youth_POS  Person08_plasma_elder_POS  Person01_plasma_youth_POS  
center sample:  Person13_plasma_youth_POS 
Processing: Person18_plasma_elder_POS  Person27_plasma_youth_POS  Person08_plasma_elder_POS  Person01_plasma_youth_POS  
center sample:  Person13_plasma_youth_POS 
Processing: Person18_plasma_elder_POS  Person27_plasma_youth_POS  Person08_plasma_elder_POS  Person01_plasma_youth_POS  
center sample:  Person13_plasma_youth_POS 
Processing: Person18_plasma_elder_POS  Person27_plasma_youth_POS  Person08_plasma_elder_POS  Person01_plasma_youth_POS  
center sample:  Person13_plasma_youth_POS 
Processing: Person18_plasma_elder_POS  Person27_plasma_youth_POS  Person08_plasma_elder_POS  Person01_plasma_youth_POS  
center sample:  Person13_plasma_youth_POS 
Processing: Person18_plasma_elder_POS  Person27_plasma_youth_POS  Person08_plasma_elder_POS  Person01_plasma_youth_POS  
center sample:  Person13_plasma_youth_POS 
Processing: Person18_plasma_elder_POS  Person27_plasma_youth_POS  Person08_plasma_elder_POS  Person01_plasma_youth_POS  
center sample:  Person13_plasma_youth_POS 
Processing: Person18_plasma_elder_POS  Person27_plasma_youth_POS  Person08_plasma_elder_POS  Person01_plasma_youth_POS  
center sample:  Person13_plasma_youth_POS 
Processing: Person18_plasma_elder_POS  Person27_plasma_youth_POS  Person08_plasma_elder_POS  Person01_plasma_youth_POS  
center sample:  Person13_plasma_youth_POS 
Processing: Person18_plasma_elder_POS  Person27_plasma_youth_POS  Person08_plasma_elder_POS  Person01_plasma_youth_POS  
center sample:  Person13_plasma_youth_POS 
Processing: Person18_plasma_elder_POS  Person27_plasma_youth_POS  Person08_plasma_elder_POS  Person01_plasma_youth_POS  
center sample:  Person13_plasma_youth_POS 
Processing: Person18_plasma_elder_POS  Person27_plasma_youth_POS  Person08_plasma_elder_POS  Person01_plasma_youth_POS  
center sample:  Person13_plasma_youth_POS 
Processing: Person18_plasma_elder_POS  Person27_plasma_youth_POS  Person08_plasma_elder_POS  Person01_plasma_youth_POS  
center sample:  Person13_plasma_youth_POS 
Processing: Person18_plasma_elder_POS  Person27_plasma_youth_POS  Person08_plasma_elder_POS  Person01_plasma_youth_POS  
center sample:  Person13_plasma_youth_POS 
Processing: Person18_plasma_elder_POS  Person27_plasma_youth_POS  Person08_plasma_elder_POS  Person01_plasma_youth_POS  
center sample:  Person13_plasma_youth_POS 
Processing: Person18_plasma_elder_POS  Person27_plasma_youth_POS  Person08_plasma_elder_POS  Person01_plasma_youth_POS  
center sample:  Person13_plasma_youth_POS 
Processing: Person18_plasma_elder_POS  Person27_plasma_youth_POS  Person08_plasma_elder_POS  Person01_plasma_youth_POS  
center sample:  Person13_plasma_youth_POS 
Processing: Person18_plasma_elder_POS  Person27_plasma_youth_POS  Person08_plasma_elder_POS  Person01_plasma_youth_POS  
center sample:  Person13_plasma_youth_POS 
Processing: Person18_plasma_elder_POS  Person27_plasma_youth_POS  Person08_plasma_elder_POS  Person01_plasma_youth_POS  
center sample:  Person13_plasma_youth_POS 
Processing: Person18_plasma_elder_POS  Person27_plasma_youth_POS  Person08_plasma_elder_POS  Person01_plasma_youth_POS  
center sample:  Person13_plasma_youth_POS 
Processing: Person18_plasma_elder_POS  Person27_plasma_youth_POS  Person08_plasma_elder_POS  Person01_plasma_youth_POS  
center sample:  Person13_plasma_youth_POS 
Processing: Person18_plasma_elder_POS  Person27_plasma_youth_POS  Person08_plasma_elder_POS  Person01_plasma_youth_POS  
center sample:  Person13_plasma_youth_POS 
Processing: Person18_plasma_elder_POS  Person27_plasma_youth_POS  Person08_plasma_elder_POS  Person01_plasma_youth_POS  
center sample:  Person13_plasma_youth_POS 
Processing: Person18_plasma_elder_POS  Person27_plasma_youth_POS  Person08_plasma_elder_POS  Person01_plasma_youth_POS  
center sample:  Person13_plasma_youth_POS 
Processing: Person18_plasma_elder_POS  Person27_plasma_youth_POS  Person08_plasma_elder_POS  Person01_plasma_youth_POS  
center sample:  Person13_plasma_youth_POS 
Processing: Person18_plasma_elder_POS  Person27_plasma_youth_POS  Person08_plasma_elder_POS  Person01_plasma_youth_POS  
center sample:  Person13_plasma_youth_POS 
Processing: Person18_plasma_elder_POS  Person27_plasma_youth_POS  Person08_plasma_elder_POS  Person01_plasma_youth_POS  
center sample:  Person13_plasma_youth_POS 
Processing: Person18_plasma_elder_POS  Person27_plasma_youth_POS  Person08_plasma_elder_POS  Person01_plasma_youth_POS  
center sample:  Person13_plasma_youth_POS 
Processing: Person18_plasma_elder_POS  Person27_plasma_youth_POS  Person08_plasma_elder_POS  Person01_plasma_youth_POS  
center sample:  Person13_plasma_youth_POS 
Processing: Person18_plasma_elder_POS  Person27_plasma_youth_POS  Person08_plasma_elder_POS  Person01_plasma_youth_POS  
center sample:  Person13_plasma_youth_POS 
Processing: Person18_plasma_elder_POS  Person27_plasma_youth_POS  Person08_plasma_elder_POS  Person01_plasma_youth_POS  
center sample:  Person13_plasma_youth_POS 
Processing: Person18_plasma_elder_POS  Person27_plasma_youth_POS  Person08_plasma_elder_POS  Person01_plasma_youth_POS  
center sample:  Person13_plasma_youth_POS 
Processing: Person18_plasma_elder_POS  Person27_plasma_youth_POS  Person08_plasma_elder_POS  Person01_plasma_youth_POS  
center sample:  Person13_plasma_youth_POS 
Processing: Person18_plasma_elder_POS  Person27_plasma_youth_POS  Person08_plasma_elder_POS  Person01_plasma_youth_POS  
center sample:  Person13_plasma_youth_POS 
Processing: Person18_plasma_elder_POS  Person27_plasma_youth_POS  Person08_plasma_elder_POS  Person01_plasma_youth_POS  
center sample:  Person13_plasma_youth_POS 
Processing: Person18_plasma_elder_POS  Person27_plasma_youth_POS  Person08_plasma_elder_POS  Person01_plasma_youth_POS  
center sample:  Person13_plasma_youth_POS 
Processing: Person18_plasma_elder_POS  Person27_plasma_youth_POS  Person08_plasma_elder_POS  Person01_plasma_youth_POS  
center sample:  Person13_plasma_youth_POS 
Processing: Person18_plasma_elder_POS  Person27_plasma_youth_POS  Person08_plasma_elder_POS  Person01_plasma_youth_POS  
center sample:  Person13_plasma_youth_POS 
Processing: Person18_plasma_elder_POS  Person27_plasma_youth_POS  Person08_plasma_elder_POS  Person01_plasma_youth_POS  
center sample:  Person13_plasma_youth_POS 
Processing: Person18_plasma_elder_POS  Person27_plasma_youth_POS  Person08_plasma_elder_POS  Person01_plasma_youth_POS  
center sample:  Person13_plasma_youth_POS 
Processing: Person18_plasma_elder_POS  Person27_plasma_youth_POS  Person08_plasma_elder_POS  Person01_plasma_youth_POS  
center sample:  Person13_plasma_youth_POS 
Processing: Person18_plasma_elder_POS  Person27_plasma_youth_POS  Person08_plasma_elder_POS  Person01_plasma_youth_POS  
center sample:  Person13_plasma_youth_POS 
Processing: Person18_plasma_elder_POS  Person27_plasma_youth_POS  Person08_plasma_elder_POS  Person01_plasma_youth_POS  
center sample:  Person13_plasma_youth_POS 
Processing: Person18_plasma_elder_POS  Person27_plasma_youth_POS  Person08_plasma_elder_POS  Person01_plasma_youth_POS  
center sample:  Person13_plasma_youth_POS 
Processing: Person18_plasma_elder_POS  Person27_plasma_youth_POS  Person08_plasma_elder_POS  Person01_plasma_youth_POS  
center sample:  Person13_plasma_youth_POS 
Processing: Person18_plasma_elder_POS  Person27_plasma_youth_POS  Person08_plasma_elder_POS  Person01_plasma_youth_POS  
center sample:  Person13_plasma_youth_POS 
Processing: Person18_plasma_elder_POS  Person27_plasma_youth_POS  Person08_plasma_elder_POS  Person01_plasma_youth_POS  
center sample:  Person13_plasma_youth_POS 
Processing: Person18_plasma_elder_POS  Person27_plasma_youth_POS  Person08_plasma_elder_POS  Person01_plasma_youth_POS  
center sample:  Person13_plasma_youth_POS 
Processing: Person18_plasma_elder_POS  Person27_plasma_youth_POS  Person08_plasma_elder_POS  Person01_plasma_youth_POS  
center sample:  Person13_plasma_youth_POS 
Processing: Person18_plasma_elder_POS  Person27_plasma_youth_POS  Person08_plasma_elder_POS  Person01_plasma_youth_POS  
center sample:  Person13_plasma_youth_POS 
Processing: Person18_plasma_elder_POS  Person27_plasma_youth_POS  Person08_plasma_elder_POS  Person01_plasma_youth_POS  
center sample:  Person13_plasma_youth_POS 
Processing: Person18_plasma_elder_POS  Person27_plasma_youth_POS  Person08_plasma_elder_POS  Person01_plasma_youth_POS  
center sample:  Person13_plasma_youth_POS 
Processing: Person18_plasma_elder_POS  Person27_plasma_youth_POS  Person08_plasma_elder_POS  Person01_plasma_youth_POS  
center sample:  Person13_plasma_youth_POS 
Processing: Person18_plasma_elder_POS  Person27_plasma_youth_POS  Person08_plasma_elder_POS  Person01_plasma_youth_POS  
center sample:  Person13_plasma_youth_POS 
Processing: Person18_plasma_elder_POS  Person27_plasma_youth_POS  Person08_plasma_elder_POS  Person01_plasma_youth_POS  
center sample:  Person13_plasma_youth_POS 
Processing: Person18_plasma_elder_POS  Person27_plasma_youth_POS  Person08_plasma_elder_POS  Person01_plasma_youth_POS  
center sample:  Person13_plasma_youth_POS 
Processing: Person18_plasma_elder_POS  Person27_plasma_youth_POS  Person08_plasma_elder_POS  Person01_plasma_youth_POS  
center sample:  Person13_plasma_youth_POS 
Processing: Person18_plasma_elder_POS  Person27_plasma_youth_POS  Person08_plasma_elder_POS  Person01_plasma_youth_POS  
center sample:  Person13_plasma_youth_POS 
Processing: Person18_plasma_elder_POS  Person27_plasma_youth_POS  Person08_plasma_elder_POS  Person01_plasma_youth_POS  
center sample:  Person13_plasma_youth_POS 
Processing: Person18_plasma_elder_POS  Person27_plasma_youth_POS  Person08_plasma_elder_POS  Person01_plasma_youth_POS  
center sample:  Person13_plasma_youth_POS 
Processing: Person18_plasma_elder_POS  Person27_plasma_youth_POS  Person08_plasma_elder_POS  Person01_plasma_youth_POS  
center sample:  Person13_plasma_youth_POS 
Processing: Person18_plasma_elder_POS  Person27_plasma_youth_POS  Person08_plasma_elder_POS  Person01_plasma_youth_POS  
center sample:  Person13_plasma_youth_POS 
Processing: Person18_plasma_elder_POS  Person27_plasma_youth_POS  Person08_plasma_elder_POS  Person01_plasma_youth_POS  
center sample:  Person13_plasma_youth_POS 
Processing: Person18_plasma_elder_POS  Person27_plasma_youth_POS  Person08_plasma_elder_POS  Person01_plasma_youth_POS  
center sample:  Person13_plasma_youth_POS 
Processing: Person18_plasma_elder_POS  Person27_plasma_youth_POS  Person08_plasma_elder_POS  Person01_plasma_youth_POS  
center sample:  Person13_plasma_youth_POS 
Processing: Person18_plasma_elder_POS  Person27_plasma_youth_POS  Person08_plasma_elder_POS  Person01_plasma_youth_POS  
center sample:  Person13_plasma_youth_POS 
Processing: Person18_plasma_elder_POS  Person27_plasma_youth_POS  Person08_plasma_elder_POS  Person01_plasma_youth_POS  
center sample:  Person13_plasma_youth_POS 
Processing: Person18_plasma_elder_POS  Person27_plasma_youth_POS  Person08_plasma_elder_POS  Person01_plasma_youth_POS  
center sample:  Person13_plasma_youth_POS 
Processing: Person18_plasma_elder_POS  Person27_plasma_youth_POS  Person08_plasma_elder_POS  Person01_plasma_youth_POS  
center sample:  Person13_plasma_youth_POS 
Processing: Person18_plasma_elder_POS  Person27_plasma_youth_POS  Person08_plasma_elder_POS  Person01_plasma_youth_POS  
center sample:  Person13_plasma_youth_POS 
Processing: Person18_plasma_elder_POS  Person27_plasma_youth_POS  Person08_plasma_elder_POS  Person01_plasma_youth_POS  
center sample:  Person13_plasma_youth_POS 
Processing: Person18_plasma_elder_POS  Person27_plasma_youth_POS  Person08_plasma_elder_POS  Person01_plasma_youth_POS  
center sample:  Person13_plasma_youth_POS 
Processing: Person18_plasma_elder_POS  Person27_plasma_youth_POS  Person08_plasma_elder_POS  Person01_plasma_youth_POS  
center sample:  Person13_plasma_youth_POS 
Processing: Person18_plasma_elder_POS  Person27_plasma_youth_POS  Person08_plasma_elder_POS  Person01_plasma_youth_POS  
center sample:  Person13_plasma_youth_POS 
Processing: Person18_plasma_elder_POS  Person27_plasma_youth_POS  Person08_plasma_elder_POS  Person01_plasma_youth_POS  
center sample:  Person13_plasma_youth_POS 
Processing: Person18_plasma_elder_POS  Person27_plasma_youth_POS  Person08_plasma_elder_POS  Person01_plasma_youth_POS  
center sample:  Person13_plasma_youth_POS 
Processing: Person18_plasma_elder_POS  Person27_plasma_youth_POS  Person08_plasma_elder_POS  Person01_plasma_youth_POS  
center sample:  Person13_plasma_youth_POS 
Processing: Person18_plasma_elder_POS  Person27_plasma_youth_POS  Person08_plasma_elder_POS  Person01_plasma_youth_POS  
center sample:  Person13_plasma_youth_POS 
Processing: Person18_plasma_elder_POS  Person27_plasma_youth_POS  Person08_plasma_elder_POS  Person01_plasma_youth_POS  
center sample:  Person13_plasma_youth_POS 
Processing: Person18_plasma_elder_POS  Person27_plasma_youth_POS  Person08_plasma_elder_POS  Person01_plasma_youth_POS  
center sample:  Person13_plasma_youth_POS 
Processing: Person18_plasma_elder_POS  Person27_plasma_youth_POS  Person08_plasma_elder_POS  Person01_plasma_youth_POS  
center sample:  Person13_plasma_youth_POS 
Processing: Person18_plasma_elder_POS  Person27_plasma_youth_POS  Person08_plasma_elder_POS  Person01_plasma_youth_POS  
center sample:  Person13_plasma_youth_POS 
Processing: Person18_plasma_elder_POS  Person27_plasma_youth_POS  Person08_plasma_elder_POS  Person01_plasma_youth_POS  
center sample:  Person13_plasma_youth_POS 
Processing: Person18_plasma_elder_POS  Person27_plasma_youth_POS  Person08_plasma_elder_POS  Person01_plasma_youth_POS  
center sample:  Person13_plasma_youth_POS 
Processing: Person18_plasma_elder_POS  Person27_plasma_youth_POS  Person08_plasma_elder_POS  Person01_plasma_youth_POS  
center sample:  Person13_plasma_youth_POS 
Processing: Person18_plasma_elder_POS  Person27_plasma_youth_POS  Person08_plasma_elder_POS  Person01_plasma_youth_POS  
center sample:  Person13_plasma_youth_POS 
Processing: Person18_plasma_elder_POS  Person27_plasma_youth_POS  Person08_plasma_elder_POS  Person01_plasma_youth_POS  
center sample:  Person13_plasma_youth_POS 
Processing: Person18_plasma_elder_POS  Person27_plasma_youth_POS  Person08_plasma_elder_POS  Person01_plasma_youth_POS  
center sample:  Person13_plasma_youth_POS 
Processing: Person18_plasma_elder_POS  Person27_plasma_youth_POS  Person08_plasma_elder_POS  Person01_plasma_youth_POS  
center sample:  Person13_plasma_youth_POS 
Processing: Person18_plasma_elder_POS  Person27_plasma_youth_POS  Person08_plasma_elder_POS  Person01_plasma_youth_POS  
center sample:  Person13_plasma_youth_POS 
Processing: Person18_plasma_elder_POS  Person27_plasma_youth_POS  Person08_plasma_elder_POS  Person01_plasma_youth_POS  
center sample:  Person13_plasma_youth_POS 
Processing: Person18_plasma_elder_POS  Person27_plasma_youth_POS  Person08_plasma_elder_POS  Person01_plasma_youth_POS  
in 22179 regions of interest ... OK: 7986 found.
28
Detecting mass traces at 9.5 ppm ... OK
Detecting chromatographic peaks in 17370 regions of interest ... OK: 6431 found.
29
Detecting mass traces at 24.5 ppm ... OK
Detecting chromatographic peaks in 21814 regions of interest ... OK: 7717 found.
30
Detecting mass traces at 24.5 ppm ... OK
Detecting chromatographic peaks in 17401 regions of interest ... OK: 2661 found.
31
Detecting mass traces at 24.5 ppm ... OK
Detecting chromatographic peaks in 21814 regions of interest ... OK: 7777 found.
32
Detecting mass traces at 24.5 ppm ... OK
Detecting chromatographic peaks in 17401 regions of interest ... OK: 6250 found.
33
Detecting mass traces at 9.5 ppm ... OK
Detecting chromatographic peaks in 23094 regions of interest ... OK: 8981 found.
34
Detecting mass traces at 9.5 ppm ... OK
Detecting chromatographic peaks in 18962 regions of interest ... OK: 2827 found.
35
Detecting mass traces at 9.5 ppm ... OK
Detecting chromatographic peaks in 23094 regions of interest ... OK: 9115 found.
36
Detecting mass traces at 9.5 ppm ... OK
Detecting chromatographic peaks in 18962 regions of interest ... OK: 7303 found.
37
Detecting mass traces at 24.5 ppm ... OK
Detecting chromatographic peaks in 22876 regions of interest ... OK: 9167 found.
38
Detecting mass traces at 24.5 ppm ... OK
Detecting chromatographic peaks in 19196 regions of interest ... OK: 3299 found.
39
Detecting mass traces at 24.5 ppm ... OK
Detecting chromatographic peaks in 22876 regions of interest ... OK: 9198 found.
40
Detecting mass traces at 24.5 ppm ... OK
Detecting chromatographic peaks in 19196 regions of interest ... OK: 7269 found.
41
Detecting mass traces at 9.5 ppm ... OK
Detecting chromatographic peaks in 23094 regions of interest ... OK: 8083 found.
42
Detecting mass traces at 9.5 ppm ... OK
Detecting chromatographic peaks in 18962 regions of interest ... OK: 2617 found.
43
Detecting mass traces at 9.5 ppm ... OK
Detecting chromatographic peaks in 23094 regions of interest ... OK: 8144 found.
44
Detecting mass traces at 9.5 ppm ... OK
Detecting chromatographic peaks in 18962 regions of interest ... OK: 6555 found.
45
Detecting mass traces at 24.5 ppm ... OK
Detecting chromatographic peaks in 22876 regions of interest ... OK: 7998 found.
46
Detecting mass traces at 24.5 ppm ... OK
Detecting chromatographic peaks in 19196 regions of interest ... OK: 2777 found.
47
Detecting mass traces at 24.5 ppm ... OK
Detecting chromatographic peaks in 22876 regions of interest ... OK: 8018 found.
48
Detecting mass traces at 24.5 ppm ... OK
Detecting chromatographic peaks in 19196 regions of interest ... OK: 6416 found.
49
Detecting mass traces at 9.5 ppm ... OK
Detecting chromatographic peaks in 22179 regions of interest ... OK: 8774 found.
50
Detecting mass traces at 9.5 ppm ... OK
Detecting chromatographic peaks in 17370 regions of interest ... OK: 2735 found.
51
Detecting mass traces at 9.5 ppm ... OK
Detecting chromatographic peaks in 22179 regions of interest ... OK: 8911 found.
52
Detecting mass traces at 9.5 ppm ... OK
Detecting chromatographic peaks in 17370 regions of interest ... OK: 7157 found.
53
Detecting mass traces at 24.5 ppm ... OK
Detecting chromatographic peaks in 21814 regions of interest ... OK: 8743 found.
54
Detecting mass traces at 24.5 ppm ... OK
Detecting chromatographic peaks in 17401 regions of interest ... OK: 3097 found.
55
Detecting mass traces at 24.5 ppm ... OK
Detecting chromatographic peaks in 21814 regions of interest ... OK: 8853 found.
56
Detecting mass traces at 24.5 ppm ... OK
Detecting chromatographic peaks in 17401 regions of interest ... OK: 7033 found.
57
Detecting mass traces at 9.5 ppm ... OK
Detecting chromatographic peaks in 22179 regions of interest ... OK: 7917 found.
58
Detecting mass traces at 9.5 ppm ... OK
Detecting chromatographic peaks in 17370 regions of interest ... OK: 2541 found.
59
Detecting mass traces at 9.5 ppm ... OK
Detecting chromatographic peaks in 22179 regions of interest ... OK: 7986 found.
60
Detecting mass traces at 9.5 ppm ... OK
Detecting chromatographic peaks in 17370 regions of interest ... OK: 6431 found.
61
Detecting mass traces at 24.5 ppm ... OK
Detecting chromatographic peaks in 21814 regions of interest ... OK: 7717 found.
62
Detecting mass traces at 24.5 ppm ... OK
Detecting chromatographic peaks in 17401 regions of interest ... OK: 2661 found.
63
Detecting mass traces at 24.5 ppm ... OK
Detecting chromatographic peaks in 21814 regions of interest ... OK: 7777 found.
64
Detecting mass traces at 24.5 ppm ... OK
Detecting chromatographic peaks in 17401 regions of interest ... OK: 6250 found.
65
Detecting mass traces at 17 ppm ... OK
Detecting chromatographic peaks in 25765 regions of interest ... OK: 8719 found.
66
Detecting mass traces at 17 ppm ... OK
Detecting chromatographic peaks in 25765 regions of interest ... OK: 8841 found.
67
Detecting mass traces at 17 ppm ... OK
Detecting chromatographic peaks in 20139 regions of interest ... OK: 7000 found.
68
Detecting mass traces at 17 ppm ... OK
Detecting chromatographic peaks in 25765 regions of interest ... OK: 8614 found.
69
Detecting mass traces at 17 ppm ... OK
Detecting chromatographic peaks in 25765 regions of interest ... OK: 8747 found.
70
Detecting mass traces at 9.5 ppm ... OK
Detecting chromatographic peaks in 25418 regions of interest ... OK: 8885 found.
71
Detecting mass traces at 24.5 ppm ... OK
Detecting chromatographic peaks in 25241 regions of interest ... OK: 8554 found.
72
Detecting mass traces at 17 ppm ... OK
Detecting chromatographic peaks in 25765 regions of interest ... OK: 8879 found.
73
Detecting mass traces at 17 ppm ... OK
Detecting chromatographic peaks in 25765 regions of interest ... OK: 8040 found.
74
Detecting mass traces at 17 ppm ... OK
Detecting chromatographic peaks in 26815 regions of interest ... OK: 8756 found.
75
Detecting mass traces at 17 ppm ... OK
Detecting chromatographic peaks in 22316 regions of interest ... OK: 8525 found.
76
Detecting mass traces at 17 ppm ... OK
Detecting chromatographic peaks in 25765 regions of interest ... OK: 8719 found.
77
Detecting mass traces at 17 ppm ... OK
Detecting chromatographic peaks in 23362 regions of interest ... OK: 8693 found.
78
Detecting mass traces at 17 ppm ... OK
Detecting chromatographic peaks in 25765 regions of interest ... OK: 8719 found.
Detecting mass traces at 9.5 ppm ... OK
Detecting chromatographic peaks in 19625 regions of interest ... OK: 7202 found.



starting new DoE with:
min_peakwidth: c(28, 44)
max_peakwidth: c(65, 95)
ppm: c(2, 17)
mzdiff: c(-0.00595, 0.00285)
noise: c(302, 698)
value_of_prefilter: c(302, 698)
snthresh: 10
prefilter: 3
mzCenterFun: wMean
integrate: 2
fitgauss: FALSE
verbose.columns: TRUE

1
Detecting mass traces at 2 ppm ... OK
Detecting chromatographic peaks in 22387 regions of interest ... OK: 4469 found.
2
Detecting mass traces at 2 ppm ... OK
Detecting chromatographic peaks in 10790 regions of interest ... OK: 2274 found.
3
Detecting mass traces at 2 ppm ... OK
Detecting chromatographic peaks in 22387 regions of interest ... OK: 4561 found.
4
Detecting mass traces at 2 ppm ... OK
Detecting chromatographic peaks in 10790 regions of interest ... OK: 2313 found.
5
Detecting mass traces at 17 ppm ... OK
Detecting chromatographic peaks in 27385 regions of interest ... OK: 8950 found.
6
Detecting mass traces at 17 ppm ... OK
Detecting chromatographic peaks in 17222 regions of interest ... OK: 5806 found.
7
Detecting mass traces at 17 ppm ... OK
Detecting chromatographic peaks in 27385 regions of interest ... OK: 9014 found.
8
Detecting mass traces at 17 ppm ... OK
Detecting chromatographic peaks in 17222 regions of interest ... OK: 5892 found.
9
Detecting mass traces at 2 ppm ... OK
Detecting chromatographic peaks in 22387 regions of interest ... OK: 4309 found.
10
Detecting mass traces at 2 ppm ... OK
Detecting chromatographic peaks in 10790 regions of interest ... OK: 2229 found.
11
Detecting mass traces at 2 ppm ... OK
Detecting chromatographic peaks in 22387 regions of interest ... OK: 4390 found.
12
Detecting mass traces at 2 ppm ... OK
Detecting chromatographic peaks in 10790 regions of interest ... OK: 2265 found.
13
Detecting mass traces at 17 ppm ... OK
Detecting chromatographic peaks in 27385 regions of interest ... OK: 8265 found.
14
Detecting mass traces at 17 ppm ... OK
Detecting chromatographic peaks in 17222 regions of interest ... OK: 5329 found.
15
Detecting mass traces at 17 ppm ... OK
Detecting chromatographic peaks in 27385 regions of interest ... OK: 8305 found.
16
Detecting mass traces at 17 ppm ... OK
Detecting chromatographic peaks in 17222 regions of interest ... OK: 5402 found.
17
Detecting mass traces at 2 ppm ... OK
Detecting chromatographic peaks in 19950 regions of interest ... OK: 4425 found.
18
Detecting mass traces at 2 ppm ... OK
Detecting chromatographic peaks in 9896 regions of interest ... OK: 2271 found.
19
Detecting mass traces at 2 ppm ... OK
Detecting chromatographic peaks in 19950 regions of interest ... OK: 4523 found.
20
Detecting mass traces at 2 ppm ... OK
Detecting chromatographic peaks in 9896 regions of interest ... OK: 2308 found.
21
Detecting mass traces at 17 ppm ... OK
Detecting chromatographic peaks in 22896 regions of interest ... OK: 8718 found.
22
Detecting mass traces at 17 ppm ... OK
Detecting chromatographic peaks in 14738 regions of interest ... OK: 5695 found.
23
Detecting mass traces at 17 ppm ... OK
Detecting chromatographic peaks in 22896 regions of interest ... OK: 8784 found.
24
Detecting mass traces at 17 ppm ... OK
Detecting chromatographic peaks in 14738 regions of interest ... OK: 5774 found.
25
Detecting mass traces at 2 ppm ... OK
Detecting chromatographic peaks in 19950 regions of interest ... OK: 4263 found.
26
Detecting mass traces at 2 ppm ... OK
Detecting chromatographic peaks in 9896 regions of interest ... OK: 2226 found.
27
Detecting mass traces at 2 ppm ... OK
Detecting chromatographic peaks in 19950 regions of interest ... OK: 4351 found.
28
Detecting mass traces at 2 ppm ... OK
Detecting chromatographic peaks in 9896 regions of interest ... OK: 2260 found.
29
Detecting mass traces at 17 ppm ... OK
Detecting chromatographic peaks in 22896 regions of interest ... OK: 8089 found.
30
Detecting mass traces at 17 ppm ... OK
Detecting chromatographic peaks in 14738 regions of interest ... OK: 5249 found.
31
Detecting mass traces at 17 ppm ... OK
Detecting chromatographic peaks in 22896 regions of interest ... OK: 8128 found.
32
Detecting mass traces at 17 ppm ... OK
Detecting chromatographic peaks in 14738 regions of interest ... OK: 5316 found.
33
Detecting mass traces at 2 ppm ... OK
Detecting chromatographic peaks in 21432 regions of interest ... OK: 4445 found.
34
Detecting mass traces at 2 ppm ... OK
Detecting chromatographic peaks in 10719 regions of interest ... OK: 2274 found.
35
Detecting mass traces at 2 ppm ... OK
Detecting chromatographic peaks in 21432 regions of interest ... OK: 4538 found.
36
Detecting mass traces at 2 ppm ... OK
Detecting chromatographic peaks in 10719 regions of interest ... OK: 2313 found.
37
Detecting mass traces at 17 ppm ... OK
Detecting chromatographic peaks in 24124 regions of interest ... OK: 8908 found.
38
Detecting mass traces at 17 ppm ... OK
Detecting chromatographic peaks in 16572 regions of interest ... OK: 5800 found.
39
Detecting mass traces at 17 ppm ... OK
Detecting chromatographic peaks in 24124 regions of interest ... OK: 8971 found.
40
Detecting mass traces at 17 ppm ... OK
Detecting chromatographic peaks in 16572 regions of interest ... OK: 5885 found.
41
Detecting mass traces at 2 ppm ... OK
Detecting chromatographic peaks in 21432 regions of interest ... OK: 4285 found.
42
Detecting mass traces at 2 ppm ... OK
Detecting chromatographic peaks in 10719 regions of interest ... OK: 2229 found.
43
Detecting mass traces at 2 ppm ... OK
Detecting chromatographic peaks in 21432 regions of interest ... OK: 4367 found.
44
Detecting mass traces at 2 ppm ... OK
Detecting chromatographic peaks in 10719 regions of interest ... OK: 2265 found.
45
Detecting mass traces at 17 ppm ... OK
Detecting chromatographic peaks in 24124 regions of interest ... OK: 8226 found.
46
Detecting mass traces at 17 ppm ... OK
Detecting chromatographic peaks in 16572 regions of interest ... OK: 5323 found.
47
Detecting mass traces at 17 ppm ... OK
Detecting chromatographic peaks in 24124 regions of interest ... OK: 8265 found.
48
Detecting mass traces at 17 ppm ... OK
Detecting chromatographic peaks in 16572 regions of interest ... OK: 5395 found.
49
Detecting mass traces at 2 ppm ... OK
Detecting chromatographic peaks in 19950 regions of interest ... OK: 4425 found.
50
Detecting mass traces at 2 ppm ... OK
Detecting chromatographic peaks in 9896 regions of interest ... OK: 2271 found.
51
Detecting mass traces at 2 ppm ... OK
Detecting chromatographic peaks in 19950 regions of interest ... OK: 4523 found.
52
Detecting mass traces at 2 ppm ... OK
Detecting chromatographic peaks in 9896 regions of interest ... OK: 2308 found.
53
Detecting mass traces at 17 ppm ... OK
Detecting chromatographic peaks in 22896 regions of interest ... OK: 8718 found.
54
Detecting mass traces at 17 ppm ... OK
Detecting chromatographic peaks in 14738 regions of interest ... OK: 5695 found.
55
Detecting mass traces at 17 ppm ... OK
Detecting chromatographic peaks in 22896 regions of interest ... OK: 8784 found.
56
Detecting mass traces at 17 ppm ... OK
Detecting chromatographic peaks in 14738 regions of interest ... OK: 5774 found.
57
Detecting mass traces at 2 ppm ... OK
Detecting chromatographic peaks in 19950 regions of interest ... OK: 4263 found.
58
Detecting mass traces at 2 ppm ... OK
Detecting chromatographic peaks in 9896 regions of interest ... OK: 2226 found.
59
Detecting mass traces at 2 ppm ... OK
Detecting chromatographic peaks in 19950 regions of interest ... OK: 4351 found.
60
Detecting mass traces at 2 ppm ... OK
Detecting chromatographic peaks in 9896 regions of interest ... OK: 2260 found.
61
Detecting mass traces at 17 ppm ... OK
Detecting chromatographic peaks in 22896 regions of interest ... OK: 8089 found.
62
Detecting mass traces at 17 ppm ... OK
Detecting chromatographic peaks in 14738 regions of interest ... OK: 5249 found.
63
Detecting mass traces at 17 ppm ... OK
Detecting chromatographic peaks in 22896 regions of interest ... OK: 8128 found.
64
Detecting mass traces at 17 ppm ... OK
Detecting chromatographic peaks in 14738 regions of interest ... OK: 5316 found.
65
Detecting mass traces at 9.5 ppm ... OK
Detecting chromatographic peaks in 19625 regions of interest ... OK: 7202 found.
66
Detecting mass traces at 9.5 ppm ... OK
Detecting chromatographic peaks in 25418 regions of interest ... OK: 8936 found.
67
Detecting mass traces at 9.5 ppm ... OK
Detecting chromatographic peaks in 15737 regions of interest ... OK: 5768 found.
68
Detecting mass traces at 9.5 ppm ... OK
Detecting chromatographic peaks in 19625 regions of interest ... OK: 7141 found.
69
Detecting mass traces at 9.5 ppm ... OK
Detecting chromatographic peaks in 19625 regions of interest ... OK: 7217 found.
70
Detecting mass traces at 2 ppm ... OK
Detecting chromatographic peaks in 14619 regions of interest ... OK: 3173 found.
71
Detecting mass traces at 17 ppm ... OK
Detecting chromatographic peaks in 20139 regions of interest ... OK: 7091 found.
72
Detecting mass traces at 9.5 ppm ... OK
Detecting chromatographic peaks in 19625 regions of interest ... OK: 7283 found.
73
Detecting mass traces at 9.5 ppm ... OK
Detecting chromatographic peaks in 19625 regions of interest ... OK: 6705 found.
74
Detecting mass traces at 9.5 ppm ... OK
Detecting chromatographic peaks in 20558 regions of interest ... OK: 7230 found.
75
Detecting mass traces at 9.5 ppm ... OK
Detecting chromatographic peaks in 17763 regions of interest ... OK: 7114 found.
76
Detecting mass traces at 9.5 ppm ... OK
Detecting chromatographic peaks in 19625 regions of interest ... OK: 7202 found.
77
Detecting mass traces at 9.5 ppm ... OK
Detecting chromatographic peaks in 19106 regions of interest ... OK: 7198 found.
78
Detecting mass traces at 9.5 ppm ... OK
Detecting chromatographic peaks in 19625 regions of interest ... OK: 7202 found.
Detecting mass traces at 12.5 ppm ... OK
Detecting chromatographic peaks in 18012 regions of interest ... OK: 7194 found.



starting new DoE with:
min_peakwidth: c(31.2, 44)
max_peakwidth: c(80, 110)
ppm: c(5, 20)
mzdiff: c(-0.01035, -0.00155)
noise: c(500, 896)
value_of_prefilter: c(500, 896)
snthresh: 10
prefilter: 3
mzCenterFun: wMean
integrate: 2
fitgauss: FALSE
verbose.columns: TRUE

1
Detecting mass traces at 5 ppm ... OK
Detecting chromatographic peaks in 23608 regions of interest ... OK: 8121 found.
2
Detecting mass traces at 5 ppm ... OK
Detecting chromatographic peaks in 14068 regions of interest ... OK: 5010 found.
3
Detecting mass traces at 5 ppm ... OK
Detecting chromatographic peaks in 23608 regions of interest ... OK: 8225 found.
4
Detecting mass traces at 5 ppm ... OK
Detecting chromatographic peaks in 14068 regions of interest ... OK: 5098 found.
5
Detecting mass traces at 20 ppm ... OK
Detecting chromatographic peaks in 25588 regions of interest ... OK: 9000 found.
6
Detecting mass traces at 20 ppm ... OK
Detecting chromatographic peaks in 16345 regions of interest ... OK: 5875 found.
7
Detecting mass traces at 20 ppm ... OK
Detecting chromatographic peaks in 25588 regions of interest ... OK: 9111 found.
8
Detecting mass traces at 20 ppm ... OK
Detecting chromatographic peaks in 16345 regions of interest ... OK: 5998 found.
9
Detecting mass traces at 5 ppm ... OK
Detecting chromatographic peaks in 23608 regions of interest ... OK: 8102 found.
10
Detecting mass traces at 5 ppm ... OK
Detecting chromatographic peaks in 14068 regions of interest ... OK: 4993 found.
11
Detecting mass traces at 5 ppm ... OK
Detecting chromatographic peaks in 23608 regions of interest ... OK: 8198 found.
12
Detecting mass traces at 5 ppm ... OK
Detecting chromatographic peaks in 14068 regions of interest ... OK: 5079 found.
13
Detecting mass traces at 20 ppm ... OK
Detecting chromatographic peaks in 25588 regions of interest ... OK: 8769 found.
14
Detecting mass traces at 20 ppm ... OK
Detecting chromatographic peaks in 16345 regions of interest ... OK: 5709 found.
15
Detecting mass traces at 20 ppm ... OK
Detecting chromatographic peaks in 25588 regions of interest ... OK: 8852 found.
16
Detecting mass traces at 20 ppm ... OK
Detecting chromatographic peaks in 16345 regions of interest ... OK: 5817 found.
17
Detecting mass traces at 5 ppm ... OK
Detecting chromatographic peaks in 19460 regions of interest ... OK: 7855 found.
18
Detecting mass traces at 5 ppm ... OK
Detecting chromatographic peaks in 11737 regions of interest ... OK: 4888 found.
19
Detecting mass traces at 5 ppm ... OK
Detecting chromatographic peaks in 19460 regions of interest ... OK: 7960 found.
20
Detecting mass traces at 5 ppm ... OK
Detecting chromatographic peaks in 11737 regions of interest ... OK: 4964 found.
21
Detecting mass traces at 20 ppm ... OK
Detecting chromatographic peaks in 20629 regions of interest ... OK: 8639 found.
22
Detecting mass traces at 20 ppm ... OK
Detecting chromatographic peaks in 13513 regions of interest ... OK: 5693 found.
23
Detecting mass traces at 20 ppm ... OK
Detecting chromatographic peaks in 20629 regions of interest ... OK: 8736 found.
24
Detecting mass traces at 20 ppm ... OK
Detecting chromatographic peaks in 13513 regions of interest ... OK: 5812 found.
25
Detecting mass traces at 5 ppm ... OK
Detecting chromatographic peaks in 19460 regions of interest ... OK: 7836 found.
26
Detecting mass traces at 5 ppm ... OK
Detecting chromatographic peaks in 11737 regions of interest ... OK: 4871 found.
27
Detecting mass traces at 5 ppm ... OK
Detecting chromatographic peaks in 19460 regions of interest ... OK: 7936 found.
28
Detecting mass traces at 5 ppm ... OK
Detecting chromatographic peaks in 11737 regions of interest ... OK: 4945 found.
29
Detecting mass traces at 20 ppm ... OK
Detecting chromatographic peaks in 20629 regions of interest ... OK: 8432 found.
30
Detecting mass traces at 20 ppm ... OK
Detecting chromatographic peaks in 13513 regions of interest ... OK: 5546 found.
31
Detecting mass traces at 20 ppm ... OK
Detecting chromatographic peaks in 20629 regions of interest ... OK: 8513 found.
32
Detecting mass traces at 20 ppm ... OK
Detecting chromatographic peaks in 13513 regions of interest ... OK: 5644 found.
33
Detecting mass traces at 5 ppm ... OK
Detecting chromatographic peaks in 20140 regions of interest ... OK: 8069 found.
34
Detecting mass traces at 5 ppm ... OK
Detecting chromatographic peaks in 13351 regions of interest ... OK: 5005 found.
35
Detecting mass traces at 5 ppm ... OK
Detecting chromatographic peaks in 20140 regions of interest ... OK: 8171 found.
36
Detecting mass traces at 5 ppm ... OK
Detecting chromatographic peaks in 13351 regions of interest ... OK: 5093 found.
37
Detecting mass traces at 20 ppm ... OK
Detecting chromatographic peaks in 21452 regions of interest ... OK: 8938 found.
38
Detecting mass traces at 20 ppm ... OK
Detecting chromatographic peaks in 15378 regions of interest ... OK: 5865 found.
39
Detecting mass traces at 20 ppm ... OK
Detecting chromatographic peaks in 21452 regions of interest ... OK: 9045 found.
40
Detecting mass traces at 20 ppm ... OK
Detecting chromatographic peaks in 15378 regions of interest ... OK: 5987 found.
41
Detecting mass traces at 5 ppm ... OK
Detecting chromatographic peaks in 20140 regions of interest ... OK: 8050 found.
42
Detecting mass traces at 5 ppm ... OK
Detecting chromatographic peaks in 13351 regions of interest ... OK: 4988 found.
43
Detecting mass traces at 5 ppm ... OK
Detecting chromatographic peaks in 20140 regions of interest ... OK: 8144 found.
44
Detecting mass traces at 5 ppm ... OK
Detecting chromatographic peaks in 13351 regions of interest ... OK: 5074 found.
45
Detecting mass traces at 20 ppm ... OK
Detecting chromatographic peaks in 21452 regions of interest ... OK: 8709 found.
46
Detecting mass traces at 20 ppm ... OK
Detecting chromatographic peaks in 15378 regions of interest ... OK: 5700 found.
47
Detecting mass traces at 20 ppm ... OK
Detecting chromatographic peaks in 21452 regions of interest ... OK: 8787 found.
48
Detecting mass traces at 20 ppm ... OK
Detecting chromatographic peaks in 15378 regions of interest ... OK: 5807 found.
49
Detecting mass traces at 5 ppm ... OK
Detecting chromatographic peaks in 19460 regions of interest ... OK: 7855 found.
50
Detecting mass traces at 5 ppm ... OK
Detecting chromatographic peaks in 11737 regions of interest ... OK: 4888 found.
51
Detecting mass traces at 5 ppm ... OK
Detecting chromatographic peaks in 19460 regions of interest ... OK: 7960 found.
52
Detecting mass traces at 5 ppm ... OK
Detecting chromatographic peaks in 11737 regions of interest ... OK: 4964 found.
53
Detecting mass traces at 20 ppm ... OK
Detecting chromatographic peaks in 20629 regions of interest ... OK: 8639 found.
54
Detecting mass traces at 20 ppm ... OK
Detecting chromatographic peaks in 13513 regions of interest ... OK: 5693 found.
55
Detecting mass traces at 20 ppm ... OK
Detecting chromatographic peaks in 20629 regions of interest ... OK: 8736 found.
56
Detecting mass traces at 20 ppm ... OK
Detecting chromatographic peaks in 13513 regions of interest ... OK: 5812 found.
57
Detecting mass traces at 5 ppm ... OK
Detecting chromatographic peaks in 19460 regions of interest ... OK: 7836 found.
58
Detecting mass traces at 5 ppm ... OK
Detecting chromatographic peaks in 11737 regions of interest ... OK: 4871 found.
59
Detecting mass traces at 5 ppm ... OK
Detecting chromatographic peaks in 19460 regions of interest ... OK: 7936 found.
60
Detecting mass traces at 5 ppm ... OK
Detecting chromatographic peaks in 11737 regions of interest ... OK: 4945 found.
61
Detecting mass traces at 20 ppm ... OK
Detecting chromatographic peaks in 20629 regions of interest ... OK: 8432 found.
62
Detecting mass traces at 20 ppm ... OK
Detecting chromatographic peaks in 13513 regions of interest ... OK: 5546 found.
63
Detecting mass traces at 20 ppm ... OK
Detecting chromatographic peaks in 20629 regions of interest ... OK: 8513 found.
64
Detecting mass traces at 20 ppm ... OK
Detecting chromatographic peaks in 13513 regions of interest ... OK: 5644 found.
65
Detecting mass traces at 12.5 ppm ... OK
Detecting chromatographic peaks in 18012 regions of interest ... OK: 7194 found.
66
Detecting mass traces at 12.5 ppm ... OK
Detecting chromatographic peaks in 22963 regions of interest ... OK: 8940 found.
67
Detecting mass traces at 12.5 ppm ... OK
Detecting chromatographic peaks in 14591 regions of interest ... OK: 5822 found.
68
Detecting mass traces at 12.5 ppm ... OK
Detecting chromatographic peaks in 18012 regions of interest ... OK: 7171 found.
69
Detecting mass traces at 12.5 ppm ... OK
Detecting chromatographic peaks in 18012 regions of interest ... OK: 7248 found.
70
Detecting mass traces at 5 ppm ... OK
Detecting chromatographic peaks in 16220 regions of interest ... OK: 6244 found.
71
Detecting mass traces at 20 ppm ... OK
Detecting chromatographic peaks in 18004 regions of interest ... OK: 7159 found.
72
Detecting mass traces at 12.5 ppm ... OK
Detecting chromatographic peaks in 18012 regions of interest ... OK: 7211 found.
73
Detecting mass traces at 12.5 ppm ... OK
Detecting chromatographic peaks in 18012 regions of interest ... OK: 7100 found.
74
Detecting mass traces at 12.5 ppm ... OK
Detecting chromatographic peaks in 19417 regions of interest ... OK: 7275 found.
75
Detecting mass traces at 12.5 ppm ... OK
Detecting chromatographic peaks in 16464 regions of interest ... OK: 7064 found.
76
Detecting mass traces at 12.5 ppm ... OK
Detecting chromatographic peaks in 18012 regions of interest ... OK: 7194 found.
77
Detecting mass traces at 12.5 ppm ... OK
Detecting chromatographic peaks in 17691 regions of interest ... OK: 7189 found.
78
Detecting mass traces at 12.5 ppm ... OK
Detecting chromatographic peaks in 18012 regions of interest ... OK: 7194 found.
Detecting mass traces at 13.25 ppm ... OK
Detecting chromatographic peaks in 20922 regions of interest ... OK: 8758 found.



starting new DoE with:
min_peakwidth: c(24.8, 37.6)
max_peakwidth: c(80, 104)
ppm: c(7.25, 19.25)
mzdiff: c(-0.01211, -0.00331)
noise: c(698, 1094)
value_of_prefilter: c(579.2, 896)
snthresh: 10
prefilter: 3
mzCenterFun: wMean
integrate: 2
fitgauss: FALSE
verbose.columns: TRUE

1
Detecting mass traces at 7.25 ppm ... OK
Detecting chromatographic peaks in 22305 regions of interest ... OK: 8733 found.
2
Detecting mass traces at 7.25 ppm ... OK
Detecting chromatographic peaks in 17300 regions of interest ... OK: 7016 found.
3
Detecting mass traces at 7.25 ppm ... OK
Detecting chromatographic peaks in 22305 regions of interest ... OK: 8783 found.
4
Detecting mass traces at 7.25 ppm ... OK
Detecting chromatographic peaks in 17300 regions of interest ... OK: 7078 found.
5
Detecting mass traces at 19.25 ppm ... OK
Detecting chromatographic peaks in 22773 regions of interest ... OK: 8788 found.
6
Detecting mass traces at 19.25 ppm ... OK
Detecting chromatographic peaks in 18059 regions of interest ... OK: 7136 found.
7
Detecting mass traces at 19.25 ppm ... OK
Detecting chromatographic peaks in 22773 regions of interest ... OK: 8858 found.
8
Detecting mass traces at 19.25 ppm ... OK
Detecting chromatographic peaks in 18059 regions of interest ... OK: 7224 found.
9
Detecting mass traces at 7.25 ppm ... OK
Detecting chromatographic peaks in 22305 regions of interest ... OK: 8722 found.
10
Detecting mass traces at 7.25 ppm ... OK
Detecting chromatographic peaks in 17300 regions of interest ... OK: 7003 found.
11
Detecting mass traces at 7.25 ppm ... OK
Detecting chromatographic peaks in 22305 regions of interest ... OK: 8771 found.
12
Detecting mass traces at 7.25 ppm ... OK
Detecting chromatographic peaks in 17300 regions of interest ... OK: 7062 found.
13
Detecting mass traces at 19.25 ppm ... OK
Detecting chromatographic peaks in 22773 regions of interest ... OK: 8708 found.
14
Detecting mass traces at 19.25 ppm ... OK
Detecting chromatographic peaks in 18059 regions of interest ... OK: 7044 found.
15
Detecting mass traces at 19.25 ppm ... OK
Detecting chromatographic peaks in 22773 regions of interest ... OK: 8768 found.
16
Detecting mass traces at 19.25 ppm ... OK
Detecting chromatographic peaks in 18059 regions of interest ... OK: 7125 found.
17
Detecting mass traces at 7.25 ppm ... OK
Detecting chromatographic peaks in 18635 regions of interest ... OK: 8342 found.
18
Detecting mass traces at 7.25 ppm ... OK
Detecting chromatographic peaks in 14577 regions of interest ... OK: 6723 found.
19
Detecting mass traces at 7.25 ppm ... OK
Detecting chromatographic peaks in 18635 regions of interest ... OK: 8410 found.
20
Detecting mass traces at 7.25 ppm ... OK
Detecting chromatographic peaks in 14577 regions of interest ... OK: 6794 found.
21
Detecting mass traces at 19.25 ppm ... OK
Detecting chromatographic peaks in 18936 regions of interest ... OK: 8390 found.
22
Detecting mass traces at 19.25 ppm ... OK
Detecting chromatographic peaks in 15183 regions of interest ... OK: 6847 found.
23
Detecting mass traces at 19.25 ppm ... OK
Detecting chromatographic peaks in 18936 regions of interest ... OK: 8462 found.
24
Detecting mass traces at 19.25 ppm ... OK
Detecting chromatographic peaks in 15183 regions of interest ... OK: 6933 found.
25
Detecting mass traces at 7.25 ppm ... OK
Detecting chromatographic peaks in 18635 regions of interest ... OK: 8331 found.
26
Detecting mass traces at 7.25 ppm ... OK
Detecting chromatographic peaks in 14577 regions of interest ... OK: 6710 found.
27
Detecting mass traces at 7.25 ppm ... OK
Detecting chromatographic peaks in 18635 regions of interest ... OK: 8398 found.
28
Detecting mass traces at 7.25 ppm ... OK
Detecting chromatographic peaks in 14577 regions of interest ... OK: 6778 found.
29
Detecting mass traces at 19.25 ppm ... OK
Detecting chromatographic peaks in 18936 regions of interest ... OK: 8314 found.
30
Detecting mass traces at 19.25 ppm ... OK
Detecting chromatographic peaks in 15183 regions of interest ... OK: 6762 found.
31
Detecting mass traces at 19.25 ppm ... OK
Detecting chromatographic peaks in 18936 regions of interest ... OK: 8376 found.
32
Detecting mass traces at 19.25 ppm ... OK
Detecting chromatographic peaks in 15183 regions of interest ... OK: 6841 found.
33
Detecting mass traces at 7.25 ppm ... OK
Detecting chromatographic peaks in 21243 regions of interest ... OK: 8710 found.
34
Detecting mass traces at 7.25 ppm ... OK
Detecting chromatographic peaks in 17017 regions of interest ... OK: 7013 found.
35
Detecting mass traces at 7.25 ppm ... OK
Detecting chromatographic peaks in 21243 regions of interest ... OK: 8761 found.
36
Detecting mass traces at 7.25 ppm ... OK
Detecting chromatographic peaks in 17017 regions of interest ... OK: 7075 found.
37
Detecting mass traces at 19.25 ppm ... OK
Detecting chromatographic peaks in 21635 regions of interest ... OK: 8763 found.
38
Detecting mass traces at 19.25 ppm ... OK
Detecting chromatographic peaks in 17744 regions of interest ... OK: 7130 found.
39
Detecting mass traces at 19.25 ppm ... OK
Detecting chromatographic peaks in 21635 regions of interest ... OK: 8833 found.
40
Detecting mass traces at 19.25 ppm ... OK
Detecting chromatographic peaks in 17744 regions of interest ... OK: 7218 found.
41
Detecting mass traces at 7.25 ppm ... OK
Detecting chromatographic peaks in 21243 regions of interest ... OK: 8699 found.
42
Detecting mass traces at 7.25 ppm ... OK
Detecting chromatographic peaks in 17017 regions of interest ... OK: 7000 found.
43
Detecting mass traces at 7.25 ppm ... OK
Detecting chromatographic peaks in 21243 regions of interest ... OK: 8749 found.
44
Detecting mass traces at 7.25 ppm ... OK
Detecting chromatographic peaks in 17017 regions of interest ... OK: 7059 found.
45
Detecting mass traces at 19.25 ppm ... OK
Detecting chromatographic peaks in 21635 regions of interest ... OK: 8683 found.
46
Detecting mass traces at 19.25 ppm ... OK
Detecting chromatographic peaks in 17744 regions of interest ... OK: 7038 found.
47
Detecting mass traces at 19.25 ppm ... OK
Detecting chromatographic peaks in 21635 regions of interest ... OK: 8743 found.
48
Detecting mass traces at 19.25 ppm ... OK
Detecting chromatographic peaks in 17744 regions of interest ... OK: 7119 found.
49
Detecting mass traces at 7.25 ppm ... OK
Detecting chromatographic peaks in 18635 regions of interest ... OK: 8342 found.
50
Detecting mass traces at 7.25 ppm ... OK
Detecting chromatographic peaks in 14577 regions of interest ... OK: 6723 found.
51
Detecting mass traces at 7.25 ppm ... OK
Detecting chromatographic peaks in 18635 regions of interest ... OK: 8410 found.
52
Detecting mass traces at 7.25 ppm ... OK
Detecting chromatographic peaks in 14577 regions of interest ... OK: 6794 found.
53
Detecting mass traces at 19.25 ppm ... OK
Detecting chromatographic peaks in 18936 regions of interest ... OK: 8390 found.
54
Detecting mass traces at 19.25 ppm ... OK
Detecting chromatographic peaks in 15183 regions of interest ... OK: 6847 found.
55
Detecting mass traces at 19.25 ppm ... OK
Detecting chromatographic peaks in 18936 regions of interest ... OK: 8462 found.
56
Detecting mass traces at 19.25 ppm ... OK
Detecting chromatographic peaks in 15183 regions of interest ... OK: 6933 found.
57
Detecting mass traces at 7.25 ppm ... OK
Detecting chromatographic peaks in 18635 regions of interest ... OK: 8331 found.
58
Detecting mass traces at 7.25 ppm ... OK
Detecting chromatographic peaks in 14577 regions of interest ... OK: 6710 found.
59
Detecting mass traces at 7.25 ppm ... OK
Detecting chromatographic peaks in 18635 regions of interest ... OK: 8398 found.
60
Detecting mass traces at 7.25 ppm ... OK
Detecting chromatographic peaks in 14577 regions of interest ... OK: 6778 found.
61
Detecting mass traces at 19.25 ppm ... OK
Detecting chromatographic peaks in 18936 regions of interest ... OK: 8314 found.
62
Detecting mass traces at 19.25 ppm ... OK
Detecting chromatographic peaks in 15183 regions of interest ... OK: 6762 found.
63
Detecting mass traces at 19.25 ppm ... OK
Detecting chromatographic peaks in 18936 regions of interest ... OK: 8376 found.
64
Detecting mass traces at 19.25 ppm ... OK
Detecting chromatographic peaks in 15183 regions of interest ... OK: 6841 found.
65
Detecting mass traces at 13.25 ppm ... OK
Detecting chromatographic peaks in 20922 regions of interest ... OK: 8758 found.
66
Detecting mass traces at 13.25 ppm ... OK
Detecting chromatographic peaks in 20922 regions of interest ... OK: 8702 found.
67
Detecting mass traces at 13.25 ppm ... OK
Detecting chromatographic peaks in 16498 regions of interest ... OK: 7072 found.
68
Detecting mass traces at 13.25 ppm ... OK
Detecting chromatographic peaks in 20922 regions of interest ... OK: 8734 found.
69
Detecting mass traces at 13.25 ppm ... OK
Detecting chromatographic peaks in 20922 regions of interest ... OK: 8790 found.
70
Detecting mass traces at 7.25 ppm ... OK
Detecting chromatographic peaks in 20384 regions of interest ... OK: 8642 found.
71
Detecting mass traces at 19.25 ppm ... OK
Detecting chromatographic peaks in 20692 regions of interest ... OK: 8657 found.
72
Detecting mass traces at 13.25 ppm ... OK
Detecting chromatographic peaks in 20922 regions of interest ... OK: 8772 found.
73
Detecting mass traces at 13.25 ppm ... OK
Detecting chromatographic peaks in 20922 regions of interest ... OK: 8707 found.
74
Detecting mass traces at 13.25 ppm ... OK
Detecting chromatographic peaks in 22899 regions of interest ... OK: 8950 found.
75
Detecting mass traces at 13.25 ppm ... OK
Detecting chromatographic peaks in 19162 regions of interest ... OK: 8533 found.
76
Detecting mass traces at 13.25 ppm ... OK
Detecting chromatographic peaks in 20922 regions of interest ... OK: 8758 found.
77
Detecting mass traces at 13.25 ppm ... OK
Detecting chromatographic peaks in 20922 regions of interest ... OK: 8758 found.
78
Detecting mass traces at 13.25 ppm ... OK
Detecting chromatographic peaks in 20922 regions of interest ... OK: 8758 found.
Detecting mass traces at 10.25 ppm ... OK
Detecting chromatographic peaks in 21656 regions of interest ... OK: 8897 found.
no increase, stopping
best parameter settings:
min_peakwidth: 37.6
max_peakwidth: 95
ppm: 12.5
mzdiff: -0.00595
noise: 698
value_of_prefilter: 698
snthresh: 10
prefilter: 3
mzCenterFun: wMean
integrate: 2
fitgauss: FALSE
verbose.columns: TRUE

There were 50 or more warnings (use warnings() to see the first 50)
Detecting mass traces at 12.5 ppm ... OK
Detecting chromatographic peaks in 17451 regions of interest ... OK: 6575 found.
Detecting mass traces at 12.5 ppm ... OK
Detecting chromatographic peaks in 18709 regions of interest ... OK: 7244 found.
Detecting mass traces at 12.5 ppm ... OK
Detecting chromatographic peaks in 17930 regions of interest ... OK: 7481 found.
Detecting mass traces at 12.5 ppm ... OK
Detecting chromatographic peaks in 18198 regions of interest ... OK: 6946 found.
Detecting mass traces at 12.5 ppm ... OK
Detecting chromatographic peaks in 18687 regions of interest ... OK: 6935 found.
Warning messages:
1: In .local(object, ...) :
  It looks like this file is in profile mode. centWave can process only centroid mode data !

2: In .local(object, ...) :
  It looks like this file is in profile mode. centWave can process only centroid mode data !

3: In .local(object, ...) :
  It looks like this file is in profile mode. centWave can process only centroid mode data !

4: In .local(object, ...) :
  It looks like this file is in profile mode. centWave can process only centroid mode data !

5: In .local(object, ...) :
  It looks like this file is in profile mode. centWave can process only centroid mode data !




starting new DoE with:

distFunc: cor_opt
gapInit: c(0, 0.4)
gapExtend: c(2.1, 2.7)
profStep: c(0.7, 1)
plottype: none
response: 1
factorDiag: 2
factorGap: 1
localAlignment: 0
retcorMethod: obiwarp
bw: c(22, 38)
minfrac: 0.05
mzwid: c(0.015, 0.035)
minsamp: 1
max: 50
center: 3

Create profile matrix with method 'bin' and step 0.7 ... OK
Create profile matrix with method 'bin' and step 0.7 ... OK
Create profile matrix with method 'bin' and step 0.7 ... OK
Create profile matrix with method 'bin' and step 0.7 ... OK
Create profile matrix with method 'bin' and step 0.7 ... OK
Processing 119685 mz slices ... OK
Create profile matrix with method 'bin' and step 0.7 ... OK
Create profile matrix with method 'bin' and step 0.7 ... OK
Create profile matrix with method 'bin' and step 0.7 ... OK
Create profile matrix with method 'bin' and step 0.7 ... OK
Create profile matrix with method 'bin' and step 0.7 ... OK
Processing 119685 mz slices ... OK
Create profile matrix with method 'bin' and step 0.7 ... OK
Create profile matrix with method 'bin' and step 0.7 ... OK
Create profile matrix with method 'bin' and step 0.7 ... OK
Create profile matrix with method 'bin' and step 0.7 ... OK
Create profile matrix with method 'bin' and step 0.7 ... OK
Processing 119685 mz slices ... OK
Create profile matrix with method 'bin' and step 0.7 ... OK
Create profile matrix with method 'bin' and step 0.7 ... OK
Create profile matrix with method 'bin' and step 0.7 ... OK
Create profile matrix with method 'bin' and step 0.7 ... OK
Create profile matrix with method 'bin' and step 0.7 ... OK
Processing 119685 mz slices ... OK
Create profile matrix with method 'bin' and step 1 ... OK
Create profile matrix with method 'bin' and step 1 ... OK
Create profile matrix with method 'bin' and step 1 ... OK
Create profile matrix with method 'bin' and step 1 ... OK
Create profile matrix with method 'bin' and step 1 ... OK
Processing 119685 mz slices ... OK
Create profile matrix with method 'bin' and step 1 ... OK
Create profile matrix with method 'bin' and step 1 ... OK
Create profile matrix with method 'bin' and step 1 ... OK
Create profile matrix with method 'bin' and step 1 ... OK
Create profile matrix with method 'bin' and step 1 ... OK
Processing 119685 mz slices ... OK
Create profile matrix with method 'bin' and step 1 ... OK
Create profile matrix with method 'bin' and step 1 ... OK
Create profile matrix with method 'bin' and step 1 ... OK
Create profile matrix with method 'bin' and step 1 ... OK
Create profile matrix with method 'bin' and step 1 ... OK
Processing 119685 mz slices ... OK
Create profile matrix with method 'bin' and step 1 ... OK
Create profile matrix with method 'bin' and step 1 ... OK
Create profile matrix with method 'bin' and step 1 ... OK
Create profile matrix with method 'bin' and step 1 ... OK
Create profile matrix with method 'bin' and step 1 ... OK
Processing 119685 mz slices ... OK
Create profile matrix with method 'bin' and step 0.7 ... OK
Create profile matrix with method 'bin' and step 0.7 ... OK
Create profile matrix with method 'bin' and step 0.7 ... OK
Create profile matrix with method 'bin' and step 0.7 ... OK
Create profile matrix with method 'bin' and step 0.7 ... OK
Processing 119685 mz slices ... OK
Create profile matrix with method 'bin' and step 0.7 ... OK
Create profile matrix with method 'bin' and step 0.7 ... OK
Create profile matrix with method 'bin' and step 0.7 ... OK
Create profile matrix with method 'bin' and step 0.7 ... OK
Create profile matrix with method 'bin' and step 0.7 ... OK
Processing 119685 mz slices ... OK
Create profile matrix with method 'bin' and step 0.7 ... OK
Create profile matrix with method 'bin' and step 0.7 ... OK
Create profile matrix with method 'bin' and step 0.7 ... OK
Create profile matrix with method 'bin' and step 0.7 ... OK
Create profile matrix with method 'bin' and step 0.7 ... OK
Processing 119685 mz slices ... OK
Create profile matrix with method 'bin' and step 0.7 ... OK
Create profile matrix with method 'bin' and step 0.7 ... OK
Create profile matrix with method 'bin' and step 0.7 ... OK
Create profile matrix with method 'bin' and step 0.7 ... OK
Create profile matrix with method 'bin' and step 0.7 ... OK
Processing 119685 mz slices ... OK
Create profile matrix with method 'bin' and step 1 ... OK
Create profile matrix with method 'bin' and step 1 ... OK
Create profile matrix with method 'bin' and step 1 ... OK
Create profile matrix with method 'bin' and step 1 ... OK
Create profile matrix with method 'bin' and step 1 ... OK
Processing 119685 mz slices ... OK
Create profile matrix with method 'bin' and step 1 ... OK
Create profile matrix with method 'bin' and step 1 ... OK
Create profile matrix with method 'bin' and step 1 ... OK
Create profile matrix with method 'bin' and step 1 ... OK
Create profile matrix with method 'bin' and step 1 ... OK
Processing 119685 mz slices ... OK
Create profile matrix with method 'bin' and step 1 ... OK
Create profile matrix with method 'bin' and step 1 ... OK
Create profile matrix with method 'bin' and step 1 ... OK
Create profile matrix with method 'bin' and step 1 ... OK
Create profile matrix with method 'bin' and step 1 ... OK
Processing 119685 mz slices ... OK
Create profile matrix with method 'bin' and step 1 ... OK
Create profile matrix with method 'bin' and step 1 ... OK
Create profile matrix with method 'bin' and step 1 ... OK
Create profile matrix with method 'bin' and step 1 ... OK
Create profile matrix with method 'bin' and step 1 ... OK
Processing 119685 mz slices ... OK
Create profile matrix with method 'bin' and step 0.7 ... OK
Create profile matrix with method 'bin' and step 0.7 ... OK
Create profile matrix with method 'bin' and step 0.7 ... OK
Create profile matrix with method 'bin' and step 0.7 ... OK
Create profile matrix with method 'bin' and step 0.7 ... OK
Processing 51295 mz slices ... OK
Create profile matrix with method 'bin' and step 0.7 ... OK
Create profile matrix with method 'bin' and step 0.7 ... OK
Create profile matrix with method 'bin' and step 0.7 ... OK
Create profile matrix with method 'bin' and step 0.7 ... OK
Create profile matrix with method 'bin' and step 0.7 ... OK
Processing 51295 mz slices ... OK
Create profile matrix with method 'bin' and step 0.7 ... OK
Create profile matrix with method 'bin' and step 0.7 ... OK
Create profile matrix with method 'bin' and step 0.7 ... OK
Create profile matrix with method 'bin' and step 0.7 ... OK
Create profile matrix with method 'bin' and step 0.7 ... OK
Processing 51295 mz slices ... OK
Create profile matrix with method 'bin' and step 0.7 ... OK
Create profile matrix with method 'bin' and step 0.7 ... OK
Create profile matrix with method 'bin' and step 0.7 ... OK
Create profile matrix with method 'bin' and step 0.7 ... OK
Create profile matrix with method 'bin' and step 0.7 ... OK
Processing 51295 mz slices ... OK
Create profile matrix with method 'bin' and step 1 ... OK
Create profile matrix with method 'bin' and step 1 ... OK
Create profile matrix with method 'bin' and step 1 ... OK
Create profile matrix with method 'bin' and step 1 ... OK
Create profile matrix with method 'bin' and step 1 ... OK
Processing 51295 mz slices ... OK
Create profile matrix with method 'bin' and step 1 ... OK
Create profile matrix with method 'bin' and step 1 ... OK
Create profile matrix with method 'bin' and step 1 ... OK
Create profile matrix with method 'bin' and step 1 ... OK
Create profile matrix with method 'bin' and step 1 ... OK
Processing 51295 mz slices ... OK
Create profile matrix with method 'bin' and step 1 ... OK
Create profile matrix with method 'bin' and step 1 ... OK
Create profile matrix with method 'bin' and step 1 ... OK
Create profile matrix with method 'bin' and step 1 ... OK
Create profile matrix with method 'bin' and step 1 ... OK
Processing 51295 mz slices ... OK
Create profile matrix with method 'bin' and step 1 ... OK
Create profile matrix with method 'bin' and step 1 ... OK
Create profile matrix with method 'bin' and step 1 ... OK
Create profile matrix with method 'bin' and step 1 ... OK
Create profile matrix with method 'bin' and step 1 ... OK
Processing 51295 mz slices ... OK
Create profile matrix with method 'bin' and step 0.7 ... OK
Create profile matrix with method 'bin' and step 0.7 ... OK
Create profile matrix with method 'bin' and step 0.7 ... OK
Create profile matrix with method 'bin' and step 0.7 ... OK
Create profile matrix with method 'bin' and step 0.7 ... OK
Processing 51295 mz slices ... OK
Create profile matrix with method 'bin' and step 0.7 ... OK
Create profile matrix with method 'bin' and step 0.7 ... OK
Create profile matrix with method 'bin' and step 0.7 ... OK
Create profile matrix with method 'bin' and step 0.7 ... OK
Create profile matrix with method 'bin' and step 0.7 ... OK
Processing 51295 mz slices ... OK
Create profile matrix with method 'bin' and step 0.7 ... OK
Create profile matrix with method 'bin' and step 0.7 ... OK
Create profile matrix with method 'bin' and step 0.7 ... OK
Create profile matrix with method 'bin' and step 0.7 ... OK
Create profile matrix with method 'bin' and step 0.7 ... OK
Processing 51295 mz slices ... OK
Create profile matrix with method 'bin' and step 0.7 ... OK
Create profile matrix with method 'bin' and step 0.7 ... OK
Create profile matrix with method 'bin' and step 0.7 ... OK
Create profile matrix with method 'bin' and step 0.7 ... OK
Create profile matrix with method 'bin' and step 0.7 ... OK
Processing 51295 mz slices ... OK
Create profile matrix with method 'bin' and step 1 ... OK
Create profile matrix with method 'bin' and step 1 ... OK
Create profile matrix with method 'bin' and step 1 ... OK
Create profile matrix with method 'bin' and step 1 ... OK
Create profile matrix with method 'bin' and step 1 ... OK
Processing 51295 mz slices ... OK
Create profile matrix with method 'bin' and step 1 ... OK
Create profile matrix with method 'bin' and step 1 ... OK
Create profile matrix with method 'bin' and step 1 ... OK
Create profile matrix with method 'bin' and step 1 ... OK
Create profile matrix with method 'bin' and step 1 ... OK
Processing 51295 mz slices ... OK
Create profile matrix with method 'bin' and step 1 ... OK
Create profile matrix with method 'bin' and step 1 ... OK
Create profile matrix with method 'bin' and step 1 ... OK
Create profile matrix with method 'bin' and step 1 ... OK
Create profile matrix with method 'bin' and step 1 ... OK
Processing 51295 mz slices ... OK
Create profile matrix with method 'bin' and step 1 ... OK
Create profile matrix with method 'bin' and step 1 ... OK
Create profile matrix with method 'bin' and step 1 ... OK
Create profile matrix with method 'bin' and step 1 ... OK
Create profile matrix with method 'bin' and step 1 ... OK
Processing 51295 mz slices ... OK
Create profile matrix with method 'bin' and step 0.85 ... OK
Create profile matrix with method 'bin' and step 0.85 ... OK
Create profile matrix with method 'bin' and step 0.85 ... OK
Create profile matrix with method 'bin' and step 0.85 ... OK
Create profile matrix with method 'bin' and step 0.85 ... OK
Create profile matrix with method 'bin' and step 0.85 ... OK
Create profile matrix with method 'bin' and step 0.85 ... OK
Create profile matrix with method 'bin' and step 0.85 ... OK
Processing 71812 mz slices ... OK
Create profile matrix with method 'bin' and step 0.85 ... OK
Create profile matrix with method 'bin' and step 0.85 ... OK
Create profile matrix with method 'bin' and step 0.85 ... OK
Create profile matrix with method 'bin' and step 0.85 ... OK
Create profile matrix with method 'bin' and step 0.85 ... OK
Create profile matrix with method 'bin' and step 0.85 ... OK
Create profile matrix with method 'bin' and step 0.85 ... OK
Create profile matrix with method 'bin' and step 0.85 ... OK
Processing 71812 mz slices ... OK
Create profile matrix with method 'bin' and step 0.85 ... OK
Create profile matrix with method 'bin' and step 0.85 ... OK
Create profile matrix with method 'bin' and step 0.85 ... OK
Create profile matrix with method 'bin' and step 0.85 ... OK
Create profile matrix with method 'bin' and step 0.85 ... OK
Create profile matrix with method 'bin' and step 0.85 ... OK
Create profile matrix with method 'bin' and step 0.85 ... OK
Create profile matrix with method 'bin' and step 0.85 ... OK
Processing 71812 mz slices ... OK
Create profile matrix with method 'bin' and step 0.85 ... OK
Create profile matrix with method 'bin' and step 0.85 ... OK
Create profile matrix with method 'bin' and step 0.85 ... OK
Create profile matrix with method 'bin' and step 0.85 ... OK
Create profile matrix with method 'bin' and step 0.85 ... OK
Create profile matrix with method 'bin' and step 0.85 ... OK
Create profile matrix with method 'bin' and step 0.85 ... OK
Create profile matrix with method 'bin' and step 0.85 ... OK
Processing 71812 mz slices ... OK
Create profile matrix with method 'bin' and step 0.85 ... OK
Create profile matrix with method 'bin' and step 0.85 ... OK
Create profile matrix with method 'bin' and step 0.85 ... OK
Create profile matrix with method 'bin' and step 0.85 ... OK
Create profile matrix with method 'bin' and step 0.85 ... OK
Create profile matrix with method 'bin' and step 0.85 ... OK
Create profile matrix with method 'bin' and step 0.85 ... OK
Create profile matrix with method 'bin' and step 0.85 ... OK
Processing 71812 mz slices ... OK
Create profile matrix with method 'bin' and step 0.7 ... OK
Create profile matrix with method 'bin' and step 0.7 ... OK
Create profile matrix with method 'bin' and step 0.7 ... OK
Create profile matrix with method 'bin' and step 0.7 ... OK
Create profile matrix with method 'bin' and step 0.7 ... OK
Processing 71812 mz slices ... OK
Create profile matrix with method 'bin' and step 1 ... OK
Create profile matrix with method 'bin' and step 1 ... OK
Create profile matrix with method 'bin' and step 1 ... OK
Create profile matrix with method 'bin' and step 1 ... OK
Create profile matrix with method 'bin' and step 1 ... OK
Processing 71812 mz slices ... OK
Create profile matrix with method 'bin' and step 0.85 ... OK
Create profile matrix with method 'bin' and step 0.85 ... OK
Create profile matrix with method 'bin' and step 0.85 ... OK
Create profile matrix with method 'bin' and step 0.85 ... OK
Create profile matrix with method 'bin' and step 0.85 ... OK
Create profile matrix with method 'bin' and step 0.85 ... OK
Create profile matrix with method 'bin' and step 0.85 ... OK
Create profile matrix with method 'bin' and step 0.85 ... OK
Processing 71812 mz slices ... OK
Create profile matrix with method 'bin' and step 0.85 ... OK
Create profile matrix with method 'bin' and step 0.85 ... OK
Create profile matrix with method 'bin' and step 0.85 ... OK
Create profile matrix with method 'bin' and step 0.85 ... OK
Create profile matrix with method 'bin' and step 0.85 ... OK
Create profile matrix with method 'bin' and step 0.85 ... OK
Create profile matrix with method 'bin' and step 0.85 ... OK
Create profile matrix with method 'bin' and step 0.85 ... OK
Processing 71812 mz slices ... OK
Create profile matrix with method 'bin' and step 0.85 ... OK
Create profile matrix with method 'bin' and step 0.85 ... OK
Create profile matrix with method 'bin' and step 0.85 ... OK
Create profile matrix with method 'bin' and step 0.85 ... OK
Create profile matrix with method 'bin' and step 0.85 ... OK
Create profile matrix with method 'bin' and step 0.85 ... OK
Create profile matrix with method 'bin' and step 0.85 ... OK
Create profile matrix with method 'bin' and step 0.85 ... OK
Processing 119685 mz slices ... OK
Create profile matrix with method 'bin' and step 0.85 ... OK
Create profile matrix with method 'bin' and step 0.85 ... OK
Create profile matrix with method 'bin' and step 0.85 ... OK
Create profile matrix with method 'bin' and step 0.85 ... OK
Create profile matrix with method 'bin' and step 0.85 ... OK
Create profile matrix with method 'bin' and step 0.85 ... OK
Create profile matrix with method 'bin' and step 0.85 ... OK
Create profile matrix with method 'bin' and step 0.85 ... OK
Processing 51295 mz slices ... OK
Create profile matrix with method 'bin' and step 0.85 ... OK
Create profile matrix with method 'bin' and step 0.85 ... OK
Create profile matrix with method 'bin' and step 0.85 ... OK
Create profile matrix with method 'bin' and step 0.85 ... OK
Create profile matrix with method 'bin' and step 0.85 ... OK
Create profile matrix with method 'bin' and step 0.85 ... OK
Create profile matrix with method 'bin' and step 0.85 ... OK
Create profile matrix with method 'bin' and step 0.85 ... OK
Processing 71812 mz slices ... OK
Create profile matrix with method 'bin' and step 0.7 ... OK
Create profile matrix with method 'bin' and step 0.7 ... OK
Create profile matrix with method 'bin' and step 0.7 ... OK
Create profile matrix with method 'bin' and step 0.7 ... OK
Create profile matrix with method 'bin' and step 0.7 ... OK
Processing 119685 mz slices ... OK



starting new DoE with:

gapInit: c(0.18, 0.58)
gapExtend: c(2.04, 2.76)
profStep: c(0.52, 0.88)
bw: c(12.4, 31.6)
mzwid: c(0.003, 0.027)
distFunc: cor_opt
plottype: none
response: 1
factorDiag: 2
factorGap: 1
localAlignment: 0
retcorMethod: obiwarp
minfrac: 0.05
minsamp: 1
max: 50
center: 3

Create profile matrix with method 'bin' and step 0.52 ... OK
Create profile matrix with method 'bin' and step 0.52 ... OK
Create profile matrix with method 'bin' and step 0.52 ... OK
Create profile matrix with method 'bin' and step 0.52 ... OK
Create profile matrix with method 'bin' and step 0.52 ... OK
Create profile matrix with method 'bin' and step 0.52 ... OK
Create profile matrix with method 'bin' and step 0.52 ... OK
Create profile matrix with method 'bin' and step 0.52 ... OK
Processing 598421 mz slices ... OK
Create profile matrix with method 'bin' and step 0.52 ... OK
Create profile matrix with method 'bin' and step 0.52 ... OK
Create profile matrix with method 'bin' and step 0.52 ... OK
Create profile matrix with method 'bin' and step 0.52 ... OK
Create profile matrix with method 'bin' and step 0.52 ... OK
Create profile matrix with method 'bin' and step 0.52 ... OK
Create profile matrix with method 'bin' and step 0.52 ... OK
Create profile matrix with method 'bin' and step 0.52 ... OK
Processing 598421 mz slices ... OK
Create profile matrix with method 'bin' and step 0.52 ... OK
Create profile matrix with method 'bin' and step 0.52 ... OK
Create profile matrix with method 'bin' and step 0.52 ... OK
Create profile matrix with method 'bin' and step 0.52 ... OK
Create profile matrix with method 'bin' and step 0.52 ... OK
Create profile matrix with method 'bin' and step 0.52 ... OK
Create profile matrix with method 'bin' and step 0.52 ... OK
Create profile matrix with method 'bin' and step 0.52 ... OK
Processing 598421 mz slices ... OK
Create profile matrix with method 'bin' and step 0.52 ... OK
Create profile matrix with method 'bin' and step 0.52 ... OK
Create profile matrix with method 'bin' and step 0.52 ... OK
Create profile matrix with method 'bin' and step 0.52 ... OK
Create profile matrix with method 'bin' and step 0.52 ... OK
Create profile matrix with method 'bin' and step 0.52 ... OK
Create profile matrix with method 'bin' and step 0.52 ... OK
Create profile matrix with method 'bin' and step 0.52 ... OK
Processing 598421 mz slices ... OK
Create profile matrix with method 'bin' and step 0.88 ... OK
Create profile matrix with method 'bin' and step 0.88 ... OK
Create profile matrix with method 'bin' and step 0.88 ... OK
Create profile matrix with method 'bin' and step 0.88 ... OK
Create profile matrix with method 'bin' and step 0.88 ... OK
Create profile matrix with method 'bin' and step 0.88 ... OK
Create profile matrix with method 'bin' and step 0.88 ... OK
Create profile matrix with method 'bin' and step 0.88 ... OK
Processing 598421 mz slices ... OK
Create profile matrix with method 'bin' and step 0.88 ... OK
Create profile matrix with method 'bin' and step 0.88 ... OK
Create profile matrix with method 'bin' and step 0.88 ... OK
Create profile matrix with method 'bin' and step 0.88 ... OK
Create profile matrix with method 'bin' and step 0.88 ... OK
Create profile matrix with method 'bin' and step 0.88 ... OK
Create profile matrix with method 'bin' and step 0.88 ... OK
Create profile matrix with method 'bin' and step 0.88 ... OK
Processing 598421 mz slices ... OK
Create profile matrix with method 'bin' and step 0.88 ... OK
Create profile matrix with method 'bin' and step 0.88 ... OK
Create profile matrix with method 'bin' and step 0.88 ... OK
Create profile matrix with method 'bin' and step 0.88 ... OK
Create profile matrix with method 'bin' and step 0.88 ... OK
Create profile matrix with method 'bin' and step 0.88 ... OK
Create profile matrix with method 'bin' and step 0.88 ... OK
Create profile matrix with method 'bin' and step 0.88 ... OK
Processing 598421 mz slices ... OK
Create profile matrix with method 'bin' and step 0.88 ... OK
Create profile matrix with method 'bin' and step 0.88 ... OK
Create profile matrix with method 'bin' and step 0.88 ... OK
Create profile matrix with method 'bin' and step 0.88 ... OK
Create profile matrix with method 'bin' and step 0.88 ... OK
Create profile matrix with method 'bin' and step 0.88 ... OK
Create profile matrix with method 'bin' and step 0.88 ... OK
Create profile matrix with method 'bin' and step 0.88 ... OK
Processing 598421 mz slices ... OK
Create profile matrix with method 'bin' and step 0.52 ... OK
Create profile matrix with method 'bin' and step 0.52 ... OK
Create profile matrix with method 'bin' and step 0.52 ... OK
Create profile matrix with method 'bin' and step 0.52 ... OK
Create profile matrix with method 'bin' and step 0.52 ... OK
Create profile matrix with method 'bin' and step 0.52 ... OK
Create profile matrix with method 'bin' and step 0.52 ... OK
Create profile matrix with method 'bin' and step 0.52 ... OK
Processing 598421 mz slices ... OK
Create profile matrix with method 'bin' and step 0.52 ... OK
Create profile matrix with method 'bin' and step 0.52 ... OK
Create profile matrix with method 'bin' and step 0.52 ... OK
Create profile matrix with method 'bin' and step 0.52 ... OK
Create profile matrix with method 'bin' and step 0.52 ... OK
Create profile matrix with method 'bin' and step 0.52 ... OK
Create profile matrix with method 'bin' and step 0.52 ... OK
Create profile matrix with method 'bin' and step 0.52 ... OK
Processing 598421 mz slices ... OK
Create profile matrix with method 'bin' and step 0.52 ... OK
Create profile matrix with method 'bin' and step 0.52 ... OK
Create profile matrix with method 'bin' and step 0.52 ... OK
Create profile matrix with method 'bin' and step 0.52 ... OK
Create profile matrix with method 'bin' and step 0.52 ... OK
Create profile matrix with method 'bin' and step 0.52 ... OK
Create profile matrix with method 'bin' and step 0.52 ... OK
Create profile matrix with method 'bin' and step 0.52 ... OK
Processing 598421 mz slices ... OK
Create profile matrix with method 'bin' and step 0.52 ... OK
Create profile matrix with method 'bin' and step 0.52 ... OK
Create profile matrix with method 'bin' and step 0.52 ... OK
Create profile matrix with method 'bin' and step 0.52 ... OK
Create profile matrix with method 'bin' and step 0.52 ... OK
Create profile matrix with method 'bin' and step 0.52 ... OK
Create profile matrix with method 'bin' and step 0.52 ... OK
Create profile matrix with method 'bin' and step 0.52 ... OK
Processing 598421 mz slices ... OK
Create profile matrix with method 'bin' and step 0.88 ... OK
Create profile matrix with method 'bin' and step 0.88 ... OK
Create profile matrix with method 'bin' and step 0.88 ... OK
Create profile matrix with method 'bin' and step 0.88 ... OK
Create profile matrix with method 'bin' and step 0.88 ... OK
Create profile matrix with method 'bin' and step 0.88 ... OK
Create profile matrix with method 'bin' and step 0.88 ... OK
Create profile matrix with method 'bin' and step 0.88 ... OK
Processing 598421 mz slices ... OK
Create profile matrix with method 'bin' and step 0.88 ... OK
Create profile matrix with method 'bin' and step 0.88 ... OK
Create profile matrix with method 'bin' and step 0.88 ... OK
Create profile matrix with method 'bin' and step 0.88 ... OK
Create profile matrix with method 'bin' and step 0.88 ... OK
Create profile matrix with method 'bin' and step 0.88 ... OK
Create profile matrix with method 'bin' and step 0.88 ... OK
Create profile matrix with method 'bin' and step 0.88 ... OK
Processing 598421 mz slices ... OK
Create profile matrix with method 'bin' and step 0.88 ... OK
Create profile matrix with method 'bin' and step 0.88 ... OK
Create profile matrix with method 'bin' and step 0.88 ... OK
Create profile matrix with method 'bin' and step 0.88 ... OK
Create profile matrix with method 'bin' and step 0.88 ... OK
Create profile matrix with method 'bin' and step 0.88 ... OK
Create profile matrix with method 'bin' and step 0.88 ... OK
Create profile matrix with method 'bin' and step 0.88 ... OK
Processing 598421 mz slices ... OK
Create profile matrix with method 'bin' and step 0.88 ... OK
Create profile matrix with method 'bin' and step 0.88 ... OK
Create profile matrix with method 'bin' and step 0.88 ... OK
Create profile matrix with method 'bin' and step 0.88 ... OK
Create profile matrix with method 'bin' and step 0.88 ... OK
Create profile matrix with method 'bin' and step 0.88 ... OK
Create profile matrix with method 'bin' and step 0.88 ... OK
Create profile matrix with method 'bin' and step 0.88 ... OK
Processing 598421 mz slices ... OK
Create profile matrix with method 'bin' and step 0.52 ... OK
Create profile matrix with method 'bin' and step 0.52 ... OK
Create profile matrix with method 'bin' and step 0.52 ... OK
Create profile matrix with method 'bin' and step 0.52 ... OK
Create profile matrix with method 'bin' and step 0.52 ... OK
Create profile matrix with method 'bin' and step 0.52 ... OK
Create profile matrix with method 'bin' and step 0.52 ... OK
Create profile matrix with method 'bin' and step 0.52 ... OK
Processing 66493 mz slices ... OK
Create profile matrix with method 'bin' and step 0.52 ... OK
Create profile matrix with method 'bin' and step 0.52 ... OK
Create profile matrix with method 'bin' and step 0.52 ... OK
Create profile matrix with method 'bin' and step 0.52 ... OK
Create profile matrix with method 'bin' and step 0.52 ... OK
Create profile matrix with method 'bin' and step 0.52 ... OK
Create profile matrix with method 'bin' and step 0.52 ... OK
Create profile matrix with method 'bin' and step 0.52 ... OK
Processing 66493 mz slices ... OK
Create profile matrix with method 'bin' and step 0.52 ... OK
Create profile matrix with method 'bin' and step 0.52 ... OK
Create profile matrix with method 'bin' and step 0.52 ... OK
Create profile matrix with method 'bin' and step 0.52 ... OK
Create profile matrix with method 'bin' and step 0.52 ... OK
Create profile matrix with method 'bin' and step 0.52 ... OK
Create profile matrix with method 'bin' and step 0.52 ... OK
Create profile matrix with method 'bin' and step 0.52 ... OK
Processing 66493 mz slices ... OK
Create profile matrix with method 'bin' and step 0.52 ... OK
Create profile matrix with method 'bin' and step 0.52 ... OK
Create profile matrix with method 'bin' and step 0.52 ... OK
Create profile matrix with method 'bin' and step 0.52 ... OK
Create profile matrix with method 'bin' and step 0.52 ... OK
Create profile matrix with method 'bin' and step 0.52 ... OK
Create profile matrix with method 'bin' and step 0.52 ... OK
Create profile matrix with method 'bin' and step 0.52 ... OK
Processing 66493 mz slices ... OK
Create profile matrix with method 'bin' and step 0.88 ... OK
Create profile matrix with method 'bin' and step 0.88 ... OK
Create profile matrix with method 'bin' and step 0.88 ... OK
Create profile matrix with method 'bin' and step 0.88 ... OK
Create profile matrix with method 'bin' and step 0.88 ... OK
Create profile matrix with method 'bin' and step 0.88 ... OK
Create profile matrix with method 'bin' and step 0.88 ... OK
Create profile matrix with method 'bin' and step 0.88 ... OK
Processing 66493 mz slices ... OK
Create profile matrix with method 'bin' and step 0.88 ... OK
Create profile matrix with method 'bin' and step 0.88 ... OK
Create profile matrix with method 'bin' and step 0.88 ... OK
Create profile matrix with method 'bin' and step 0.88 ... OK
Create profile matrix with method 'bin' and step 0.88 ... OK
Create profile matrix with method 'bin' and step 0.88 ... OK
Create profile matrix with method 'bin' and step 0.88 ... OK
Create profile matrix with method 'bin' and step 0.88 ... OK
Processing 66493 mz slices ... OK
Create profile matrix with method 'bin' and step 0.88 ... OK
Create profile matrix with method 'bin' and step 0.88 ... OK
Create profile matrix with method 'bin' and step 0.88 ... OK
Create profile matrix with method 'bin' and step 0.88 ... OK
Create profile matrix with method 'bin' and step 0.88 ... OK
Create profile matrix with method 'bin' and step 0.88 ... OK
Create profile matrix with method 'bin' and step 0.88 ... OK
Create profile matrix with method 'bin' and step 0.88 ... OK
Processing 66493 mz slices ... OK
Create profile matrix with method 'bin' and step 0.88 ... OK
Create profile matrix with method 'bin' and step 0.88 ... OK
Create profile matrix with method 'bin' and step 0.88 ... OK
Create profile matrix with method 'bin' and step 0.88 ... OK
Create profile matrix with method 'bin' and step 0.88 ... OK
Create profile matrix with method 'bin' and step 0.88 ... OK
Create profile matrix with method 'bin' and step 0.88 ... OK
Create profile matrix with method 'bin' and step 0.88 ... OK
Processing 66493 mz slices ... OK
Create profile matrix with method 'bin' and step 0.52 ... OK
Create profile matrix with method 'bin' and step 0.52 ... OK
Create profile matrix with method 'bin' and step 0.52 ... OK
Create profile matrix with method 'bin' and step 0.52 ... OK
Create profile matrix with method 'bin' and step 0.52 ... OK
Create profile matrix with method 'bin' and step 0.52 ... OK
Create profile matrix with method 'bin' and step 0.52 ... OK
Create profile matrix with method 'bin' and step 0.52 ... OK
Processing 66493 mz slices ... OK
Create profile matrix with method 'bin' and step 0.52 ... OK
Create profile matrix with method 'bin' and step 0.52 ... OK
Create profile matrix with method 'bin' and step 0.52 ... OK
Create profile matrix with method 'bin' and step 0.52 ... OK
Create profile matrix with method 'bin' and step 0.52 ... OK
Create profile matrix with method 'bin' and step 0.52 ... OK
Create profile matrix with method 'bin' and step 0.52 ... OK
Create profile matrix with method 'bin' and step 0.52 ... OK
Processing 66493 mz slices ... OK
Create profile matrix with method 'bin' and step 0.52 ... OK
Create profile matrix with method 'bin' and step 0.52 ... OK
Create profile matrix with method 'bin' and step 0.52 ... OK
Create profile matrix with method 'bin' and step 0.52 ... OK
Create profile matrix with method 'bin' and step 0.52 ... OK
Create profile matrix with method 'bin' and step 0.52 ... OK
Create profile matrix with method 'bin' and step 0.52 ... OK
Create profile matrix with method 'bin' and step 0.52 ... OK
Processing 66493 mz slices ... OK
Create profile matrix with method 'bin' and step 0.52 ... OK
Create profile matrix with method 'bin' and step 0.52 ... OK
Create profile matrix with method 'bin' and step 0.52 ... OK
Create profile matrix with method 'bin' and step 0.52 ... OK
Create profile matrix with method 'bin' and step 0.52 ... OK
Create profile matrix with method 'bin' and step 0.52 ... OK
Create profile matrix with method 'bin' and step 0.52 ... OK
Create profile matrix with method 'bin' and step 0.52 ... OK
Processing 66493 mz slices ... OK
Create profile matrix with method 'bin' and step 0.88 ... OK
Create profile matrix with method 'bin' and step 0.88 ... OK
Create profile matrix with method 'bin' and step 0.88 ... OK
Create profile matrix with method 'bin' and step 0.88 ... OK
Create profile matrix with method 'bin' and step 0.88 ... OK
Create profile matrix with method 'bin' and step 0.88 ... OK
Create profile matrix with method 'bin' and step 0.88 ... OK
Create profile matrix with method 'bin' and step 0.88 ... OK
Processing 66493 mz slices ... OK
Create profile matrix with method 'bin' and step 0.88 ... OK
Create profile matrix with method 'bin' and step 0.88 ... OK
Create profile matrix with method 'bin' and step 0.88 ... OK
Create profile matrix with method 'bin' and step 0.88 ... OK
Create profile matrix with method 'bin' and step 0.88 ... OK
Create profile matrix with method 'bin' and step 0.88 ... OK
Create profile matrix with method 'bin' and step 0.88 ... OK
Create profile matrix with method 'bin' and step 0.88 ... OK
Processing 66493 mz slices ... OK
Create profile matrix with method 'bin' and step 0.88 ... OK
Create profile matrix with method 'bin' and step 0.88 ... OK
Create profile matrix with method 'bin' and step 0.88 ... OK
Create profile matrix with method 'bin' and step 0.88 ... OK
Create profile matrix with method 'bin' and step 0.88 ... OK
Create profile matrix with method 'bin' and step 0.88 ... OK
Create profile matrix with method 'bin' and step 0.88 ... OK
Create profile matrix with method 'bin' and step 0.88 ... OK
Processing 66493 mz slices ... OK
Create profile matrix with method 'bin' and step 0.88 ... OK
Create profile matrix with method 'bin' and step 0.88 ... OK
Create profile matrix with method 'bin' and step 0.88 ... OK
Create profile matrix with method 'bin' and step 0.88 ... OK
Create profile matrix with method 'bin' and step 0.88 ... OK
Create profile matrix with method 'bin' and step 0.88 ... OK
Create profile matrix with method 'bin' and step 0.88 ... OK
Create profile matrix with method 'bin' and step 0.88 ... OK
Processing 66493 mz slices ... OK
Create profile matrix with method 'bin' and step 0.7 ... OK
Create profile matrix with method 'bin' and step 0.7 ... OK
Create profile matrix with method 'bin' and step 0.7 ... OK
Create profile matrix with method 'bin' and step 0.7 ... OK
Create profile matrix with method 'bin' and step 0.7 ... OK
Processing 119685 mz slices ... OK
Create profile matrix with method 'bin' and step 0.7 ... OK
Create profile matrix with method 'bin' and step 0.7 ... OK
Create profile matrix with method 'bin' and step 0.7 ... OK
Create profile matrix with method 'bin' and step 0.7 ... OK
Create profile matrix with method 'bin' and step 0.7 ... OK
Processing 119685 mz slices ... OK
Create profile matrix with method 'bin' and step 0.7 ... OK
Create profile matrix with method 'bin' and step 0.7 ... OK
Create profile matrix with method 'bin' and step 0.7 ... OK
Create profile matrix with method 'bin' and step 0.7 ... OK
Create profile matrix with method 'bin' and step 0.7 ... OK
Processing 119685 mz slices ... OK
Create profile matrix with method 'bin' and step 0.7 ... OK
Create profile matrix with method 'bin' and step 0.7 ... OK
Create profile matrix with method 'bin' and step 0.7 ... OK
Create profile matrix with method 'bin' and step 0.7 ... OK
Create profile matrix with method 'bin' and step 0.7 ... OK
Processing 119685 mz slices ... OK
Create profile matrix with method 'bin' and step 0.7 ... OK
Create profile matrix with method 'bin' and step 0.7 ... OK
Create profile matrix with method 'bin' and step 0.7 ... OK
Create profile matrix with method 'bin' and step 0.7 ... OK
Create profile matrix with method 'bin' and step 0.7 ... OK
Processing 119685 mz slices ... OK
Create profile matrix with method 'bin' and step 0.52 ... OK
Create profile matrix with method 'bin' and step 0.52 ... OK
Create profile matrix with method 'bin' and step 0.52 ... OK
Create profile matrix with method 'bin' and step 0.52 ... OK
Create profile matrix with method 'bin' and step 0.52 ... OK
Create profile matrix with method 'bin' and step 0.52 ... OK
Create profile matrix with method 'bin' and step 0.52 ... OK
Create profile matrix with method 'bin' and step 0.52 ... OK
Processing 119685 mz slices ... OK
Create profile matrix with method 'bin' and step 0.88 ... OK
Create profile matrix with method 'bin' and step 0.88 ... OK
Create profile matrix with method 'bin' and step 0.88 ... OK
Create profile matrix with method 'bin' and step 0.88 ... OK
Create profile matrix with method 'bin' and step 0.88 ... OK
Create profile matrix with method 'bin' and step 0.88 ... OK
Create profile matrix with method 'bin' and step 0.88 ... OK
Create profile matrix with method 'bin' and step 0.88 ... OK
Processing 119685 mz slices ... OK
Create profile matrix with method 'bin' and step 0.7 ... OK
Create profile matrix with method 'bin' and step 0.7 ... OK
Create profile matrix with method 'bin' and step 0.7 ... OK
Create profile matrix with method 'bin' and step 0.7 ... OK
Create profile matrix with method 'bin' and step 0.7 ... OK
Processing 119685 mz slices ... OK
Create profile matrix with method 'bin' and step 0.7 ... OK
Create profile matrix with method 'bin' and step 0.7 ... OK
Create profile matrix with method 'bin' and step 0.7 ... OK
Create profile matrix with method 'bin' and step 0.7 ... OK
Create profile matrix with method 'bin' and step 0.7 ... OK
Processing 119685 mz slices ... OK
Create profile matrix with method 'bin' and step 0.7 ... OK
Create profile matrix with method 'bin' and step 0.7 ... OK
Create profile matrix with method 'bin' and step 0.7 ... OK
Create profile matrix with method 'bin' and step 0.7 ... OK
Create profile matrix with method 'bin' and step 0.7 ... OK
Processing 598421 mz slices ... OK
Create profile matrix with method 'bin' and step 0.7 ... OK
Create profile matrix with method 'bin' and step 0.7 ... OK
Create profile matrix with method 'bin' and step 0.7 ... OK
Create profile matrix with method 'bin' and step 0.7 ... OK
Create profile matrix with method 'bin' and step 0.7 ... OK
Processing 66493 mz slices ... OK
Create profile matrix with method 'bin' and step 0.7 ... OK
Create profile matrix with method 'bin' and step 0.7 ... OK
Create profile matrix with method 'bin' and step 0.7 ... OK
Create profile matrix with method 'bin' and step 0.7 ... OK
Create profile matrix with method 'bin' and step 0.7 ... OK
Processing 119685 mz slices ... OK
Create profile matrix with method 'bin' and step 0.52 ... OK
Create profile matrix with method 'bin' and step 0.52 ... OK
Create profile matrix with method 'bin' and step 0.52 ... OK
Create profile matrix with method 'bin' and step 0.52 ... OK
Create profile matrix with method 'bin' and step 0.52 ... OK
Create profile matrix with method 'bin' and step 0.52 ... OK
Create profile matrix with method 'bin' and step 0.52 ... OK
Create profile matrix with method 'bin' and step 0.52 ... OK
Processing 598421 mz slices ... OK



starting new DoE with:

gapInit: c(0.36, 0.76)
gapExtend: c(1.968, 2.832)
profStep: c(0.304, 0.736)
bw: c(0.879999999999999, 23.92)
mzwid: c(1e-04, 0.0265)
distFunc: cor_opt
plottype: none
response: 1
factorDiag: 2
factorGap: 1
localAlignment: 0
retcorMethod: obiwarp
minfrac: 0.05
minsamp: 1
max: 50
center: 3

Create profile matrix with method 'bin' and step 0.304 ... OK
Create profile matrix with method 'bin' and step 0.304 ... OK
Create profile matrix with method 'bin' and step 0.304 ... OK
Create profile matrix with method 'bin' and step 0.304 ... OK
Create profile matrix with method 'bin' and step 0.304 ... OK
Create profile matrix with method 'bin' and step 0.304 ... OK
Create profile matrix with method 'bin' and step 0.304 ... OK
Create profile matrix with method 'bin' and step 0.304 ... OK
Processing 17952598 mz slices ... OK
Create profile matrix with method 'bin' and step 0.304 ... OK
Create profile matrix with method 'bin' and step 0.304 ... OK
Create profile matrix with method 'bin' and step 0.304 ... OK
Create profile matrix with method 'bin' and step 0.304 ... OK
Create profile matrix with method 'bin' and step 0.304 ... OK
Create profile matrix with method 'bin' and step 0.304 ... OK
Create profile matrix with method 'bin' and step 0.304 ... OK
Create profile matrix with method 'bin' and step 0.304 ... OK
Processing 17952598 mz slices ... OK
Create profile matrix with method 'bin' and step 0.304 ... OK
Create profile matrix with method 'bin' and step 0.304 ... OK
Create profile matrix with method 'bin' and step 0.304 ... OK
Create profile matrix with method 'bin' and step 0.304 ... OK
Create profile matrix with method 'bin' and step 0.304 ... OK
Create profile matrix with method 'bin' and step 0.304 ... OK
Create profile matrix with method 'bin' and step 0.304 ... OK
Create profile matrix with method 'bin' and step 0.304 ... OK
Processing 17952598 mz slices ... OK
Create profile matrix with method 'bin' and step 0.304 ... OK
Create profile matrix with method 'bin' and step 0.304 ... OK
Create profile matrix with method 'bin' and step 0.304 ... OK
Create profile matrix with method 'bin' and step 0.304 ... OK
Create profile matrix with method 'bin' and step 0.304 ... OK
Create profile matrix with method 'bin' and step 0.304 ... OK
Create profile matrix with method 'bin' and step 0.304 ... OK
Create profile matrix with method 'bin' and step 0.304 ... OK
Processing 17952598 mz slices ... OK
