center sample:  Person22_plasma_elder_POS 
Processing: Person16_plasma_youth_POS  Person11_plasma_youth_POS  Person24_plasma_elder_POS  Person05_plasma_elder_POS  
center sample:  Person22_plasma_elder_POS 
Processing: Person16_plasma_youth_POS  Person11_plasma_youth_POS  Person24_plasma_elder_POS  Person05_plasma_elder_POS  
center sample:  Person22_plasma_elder_POS 
Processing: Person16_plasma_youth_POS  Person11_plasma_youth_POS  Person24_plasma_elder_POS  Person05_plasma_elder_POS  
center sample:  Person22_plasma_elder_POS 
Processing: Person16_plasma_youth_POS  Person11_plasma_youth_POS  Person24_plasma_elder_POS  Person05_plasma_elder_POS  
center sample:  Person22_plasma_elder_POS 
Processing: Person16_plasma_youth_POS  Person11_plasma_youth_POS  Person24_plasma_elder_POS  Person05_plasma_elder_POS  
center sample:  Person22_plasma_elder_POS 
Processing: Person16_plasma_youth_POS  Person11_plasma_youth_POS  Person24_plasma_elder_POS  Person05_plasma_elder_POS  
center sample:  Person22_plasma_elder_POS 
Processing: Person16_plasma_youth_POS  Person11_plasma_youth_POS  Person24_plasma_elder_POS  Person05_plasma_elder_POS  
center sample:  Person22_plasma_elder_POS 
Processing: Person16_plasma_youth_POS  Person11_plasma_youth_POS  Person24_plasma_elder_POS  Person05_plasma_elder_POS  
center sample:  Person22_plasma_elder_POS 
Processing: Person16_plasma_youth_POS  Person11_plasma_youth_POS  Person24_plasma_elder_POS  Person05_plasma_elder_POS  
center sample:  Person22_plasma_elder_POS 
Processing: Person16_plasma_youth_POS  Person11_plasma_youth_POS  Person24_plasma_elder_POS  Person05_plasma_elder_POS  
center sample:  Person22_plasma_elder_POS 
Processing: Person16_plasma_youth_POS  Person11_plasma_youth_POS  Person24_plasma_elder_POS  Person05_plasma_elder_POS  
center sample:  Person22_plasma_elder_POS 
Processing: Person16_plasma_youth_POS  Person11_plasma_youth_POS  Person24_plasma_elder_POS  Person05_plasma_elder_POS  
center sample:  Person22_plasma_elder_POS 
Processing: Person16_plasma_youth_POS  Person11_plasma_youth_POS  Person24_plasma_elder_POS  Person05_plasma_elder_POS  
center sample:  Person22_plasma_elder_POS 
Processing: Person16_plasma_youth_POS  Person11_plasma_youth_POS  Person24_plasma_elder_POS  Person05_plasma_elder_POS  
center sample:  Person22_plasma_elder_POS 
Processing: Person16_plasma_youth_POS  Person11_plasma_youth_POS  Person24_plasma_elder_POS  Person05_plasma_elder_POS  
center sample:  Person22_plasma_elder_POS 
Processing: Person16_plasma_youth_POS  Person11_plasma_youth_POS  Person24_plasma_elder_POS  Person05_plasma_elder_POS  
center sample:  Person22_plasma_elder_POS 
Processing: Person16_plasma_youth_POS  Person11_plasma_youth_POS  Person24_plasma_elder_POS  Person05_plasma_elder_POS  
center sample:  Person22_plasma_elder_POS 
Processing: Person16_plasma_youth_POS  Person11_plasma_youth_POS  Person24_plasma_elder_POS  Person05_plasma_elder_POS  
center sample:  Person22_plasma_elder_POS 
Processing: Person16_plasma_youth_POS  Person11_plasma_youth_POS  Person24_plasma_elder_POS  Person05_plasma_elder_POS  
center sample:  Person22_plasma_elder_POS 
Processing: Person16_plasma_youth_POS  Person11_plasma_youth_POS  Person24_plasma_elder_POS  Person05_plasma_elder_POS  
center sample:  Person22_plasma_elder_POS 
Processing: Person16_plasma_youth_POS  Person11_plasma_youth_POS  Person24_plasma_elder_POS  Person05_plasma_elder_POS  
center sample:  Person22_plasma_elder_POS 
Processing: Person16_plasma_youth_POS  Person11_plasma_youth_POS  Person24_plasma_elder_POS  Person05_plasma_elder_POS  
center sample:  Person22_plasma_elder_POS 
Processing: Person16_plasma_youth_POS  Person11_plasma_youth_POS  Person24_plasma_elder_POS  Person05_plasma_elder_POS  
center sample:  Person22_plasma_elder_POS 
Processing: Person16_plasma_youth_POS  Person11_plasma_youth_POS  Person24_plasma_elder_POS  Person05_plasma_elder_POS  
center sample:  Person22_plasma_elder_POS 
Processing: Person16_plasma_youth_POS  Person11_plasma_youth_POS  Person24_plasma_elder_POS  Person05_plasma_elder_POS  
center sample:  Person22_plasma_elder_POS 
Processing: Person16_plasma_youth_POS  Person11_plasma_youth_POS  Person24_plasma_elder_POS  Person05_plasma_elder_POS  
center sample:  Person22_plasma_elder_POS 
Processing: Person16_plasma_youth_POS  Person11_plasma_youth_POS  Person24_plasma_elder_POS  Person05_plasma_elder_POS  
center sample:  Person22_plasma_elder_POS 
Processing: Person16_plasma_youth_POS  Person11_plasma_youth_POS  Person24_plasma_elder_POS  Person05_plasma_elder_POS  
center sample:  Person22_plasma_elder_POS 
Processing: Person16_plasma_youth_POS  Person11_plasma_youth_POS  Person24_plasma_elder_POS  Person05_plasma_elder_POS  
center sample:  Person22_plasma_elder_POS 
Processing: Person16_plasma_youth_POS  Person11_plasma_youth_POS  Person24_plasma_elder_POS  Person05_plasma_elder_POS  
center sample:  Person22_plasma_elder_POS 
Processing: Person16_plasma_youth_POS  Person11_plasma_youth_POS  Person24_plasma_elder_POS  Person05_plasma_elder_POS  
center sample:  Person22_plasma_elder_POS 
Processing: Person16_plasma_youth_POS  Person11_plasma_youth_POS  Person24_plasma_elder_POS  Person05_plasma_elder_POS  
center sample:  Person22_plasma_elder_POS 
Processing: Person16_plasma_youth_POS  Person11_plasma_youth_POS  Person24_plasma_elder_POS  Person05_plasma_elder_POS  
center sample:  Person22_plasma_elder_POS 
Processing: Person16_plasma_youth_POS  Person11_plasma_youth_POS  Person24_plasma_elder_POS  Person05_plasma_elder_POS  
center sample:  Person22_plasma_elder_POS 
Processing: Person16_plasma_youth_POS  Person11_plasma_youth_POS  Person24_plasma_elder_POS  Person05_plasma_elder_POS  
center sample:  Person22_plasma_elder_POS 
Processing: Person16_plasma_youth_POS  Person11_plasma_youth_POS  Person24_plasma_elder_POS  Person05_plasma_elder_POS  
center sample:  Person22_plasma_elder_POS 
Processing: Person16_plasma_youth_POS  Person11_plasma_youth_POS  Person24_plasma_elder_POS  Person05_plasma_elder_POS  
center sample:  Person22_plasma_elder_POS 
Processing: Person16_plasma_youth_POS  Person11_plasma_youth_POS  Person24_plasma_elder_POS  Person05_plasma_elder_POS  
center sample:  Person22_plasma_elder_POS 
Processing: Person16_plasma_youth_POS  Person11_plasma_youth_POS  Person24_plasma_elder_POS  Person05_plasma_elder_POS  
center sample:  Person22_plasma_elder_POS 
Processing: Person16_plasma_youth_POS  Person11_plasma_youth_POS  Person24_plasma_elder_POS  Person05_plasma_elder_POS  
center sample:  Person22_plasma_elder_POS 
Processing: Person16_plasma_youth_POS  Person11_plasma_youth_POS  Person24_plasma_elder_POS  Person05_plasma_elder_POS  
center sample:  Person22_plasma_elder_POS 
Processing: Person16_plasma_youth_POS  Person11_plasma_youth_POS  Person24_plasma_elder_POS  Person05_plasma_elder_POS  
center sample:  Person22_plasma_elder_POS 
Processing: Person16_plasma_youth_POS  Person11_plasma_youth_POS  Person24_plasma_elder_POS  Person05_plasma_elder_POS  
center sample:  Person22_plasma_elder_POS 
Processing: Person16_plasma_youth_POS  Person11_plasma_youth_POS  Person24_plasma_elder_POS  Person05_plasma_elder_POS  
center sample:  Person22_plasma_elder_POS 
Processing: Person16_plasma_youth_POS  Person11_plasma_youth_POS  Person24_plasma_elder_POS  Person05_plasma_elder_POS  
center sample:  Person22_plasma_elder_POS 
Processing: Person16_plasma_youth_POS  Person11_plasma_youth_POS  Person24_plasma_elder_POS  Person05_plasma_elder_POS  
center sample:  Person22_plasma_elder_POS 
Processing: Person16_plasma_youth_POS  Person11_plasma_youth_POS  Person24_plasma_elder_POS  Person05_plasma_elder_POS  
center sample:  Person22_plasma_elder_POS 
Processing: Person16_plasma_youth_POS  Person11_plasma_youth_POS  Person24_plasma_elder_POS  Person05_plasma_elder_POS  
center sample:  Person22_plasma_elder_POS 
Processing: Person16_plasma_youth_POS  Person11_plasma_youth_POS  Person24_plasma_elder_POS  Person05_plasma_elder_POS  
center sample:  Person22_plasma_elder_POS 
Processing: Person16_plasma_youth_POS  Person11_plasma_youth_POS  Person24_plasma_elder_POS  Person05_plasma_elder_POS  
center sample:  Person22_plasma_elder_POS 
Processing: Person16_plasma_youth_POS  Person11_plasma_youth_POS  Person24_plasma_elder_POS  Person05_plasma_elder_POS  
center sample:  Person22_plasma_elder_POS 
Processing: Person16_plasma_youth_POS  Person11_plasma_youth_POS  Person24_plasma_elder_POS  Person05_plasma_elder_POS  
center sample:  Person22_plasma_elder_POS 
Processing: Person16_plasma_youth_POS  Person11_plasma_youth_POS  Person24_plasma_elder_POS  Person05_plasma_elder_POS  
center sample:  Person22_plasma_elder_POS 
Processing: Person16_plasma_youth_POS  Person11_plasma_youth_POS  Person24_plasma_elder_POS  Person05_plasma_elder_POS  
center sample:  Person22_plasma_elder_POS 
Processing: Person16_plasma_youth_POS  Person11_plasma_youth_POS  Person24_plasma_elder_POS  Person05_plasma_elder_POS  
center sample:  Person22_plasma_elder_POS 
Processing: Person16_plasma_youth_POS  Person11_plasma_youth_POS  Person24_plasma_elder_POS  Person05_plasma_elder_POS  
center sample:  Person22_plasma_elder_POS 
Processing: Person16_plasma_youth_POS  Person11_plasma_youth_POS  Person24_plasma_elder_POS  Person05_plasma_elder_POS  
center sample:  Person22_plasma_elder_POS 
Processing: Person16_plasma_youth_POS  Person11_plasma_youth_POS  Person24_plasma_elder_POS  Person05_plasma_elder_POS  
center sample:  Person22_plasma_elder_POS 
Processing: Person16_plasma_youth_POS  Person11_plasma_youth_POS  Person24_plasma_elder_POS  Person05_plasma_elder_POS  
center sample:  Person22_plasma_elder_POS 
Processing: Person16_plasma_youth_POS  Person11_plasma_youth_POS  Person24_plasma_elder_POS  Person05_plasma_elder_POS  
center sample:  Person22_plasma_elder_POS 
Processing: Person16_plasma_youth_POS  Person11_plasma_youth_POS  Person24_plasma_elder_POS  Person05_plasma_elder_POS  
center sample:  Person22_plasma_elder_POS 
Processing: Person16_plasma_youth_POS  Person11_plasma_youth_POS  Person24_plasma_elder_POS  Person05_plasma_elder_POS  
center sample:  Person22_plasma_elder_POS 
Processing: Person16_plasma_youth_POS  Person11_plasma_youth_POS  Person24_plasma_elder_POS  Person05_plasma_elder_POS  
center sample:  Person22_plasma_elder_POS 
Processing: Person16_plasma_youth_POS  Person11_plasma_youth_POS  Person24_plasma_elder_POS  Person05_plasma_elder_POS  
center sample:  Person22_plasma_elder_POS 
Processing: Person16_plasma_youth_POS  Person11_plasma_youth_POS  Person24_plasma_elder_POS  Person05_plasma_elder_POS  
center sample:  Person22_plasma_elder_POS 
Processing: Person16_plasma_youth_POS  Person11_plasma_youth_POS  Person24_plasma_elder_POS  Person05_plasma_elder_POS  
center sample:  Person22_plasma_elder_POS 
Processing: Person16_plasma_youth_POS  Person11_plasma_youth_POS  Person24_plasma_elder_POS  Person05_plasma_elder_POS  
center sample:  Person22_plasma_elder_POS 
Processing: Person16_plasma_youth_POS  Person11_plasma_youth_POS  Person24_plasma_elder_POS  Person05_plasma_elder_POS  
center sample:  Person22_plasma_elder_POS 
Processing: Person16_plasma_youth_POS  Person11_plasma_youth_POS  Person24_plasma_elder_POS  Person05_plasma_elder_POS  
center sample:  Person22_plasma_elder_POS 
Processing: Person16_plasma_youth_POS  Person11_plasma_youth_POS  Person24_plasma_elder_POS  Person05_plasma_elder_POS  
center sample:  Person22_plasma_elder_POS 
Processing: Person16_plasma_youth_POS  Person11_plasma_youth_POS  Person24_plasma_elder_POS  Person05_plasma_elder_POS  
center sample:  Person22_plasma_elder_POS 
Processing: Person16_plasma_youth_POS  Person11_plasma_youth_POS  Person24_plasma_elder_POS  Person05_plasma_elder_POS  
center sample:  Person22_plasma_elder_POS 
Processing: Person16_plasma_youth_POS  Person11_plasma_youth_POS  Person24_plasma_elder_POS  Person05_plasma_elder_POS  
center sample:  Person22_plasma_elder_POS 
Processing: Person16_plasma_youth_POS  Person11_plasma_youth_POS  Person24_plasma_elder_POS  Person05_plasma_elder_POS  
center sample:  Person22_plasma_elder_POS 
Processing: Person16_plasma_youth_POS  Person11_plasma_youth_POS  Person24_plasma_elder_POS  Person05_plasma_elder_POS  
center sample:  Person22_plasma_elder_POS 
Processing: Person16_plasma_youth_POS  Person11_plasma_youth_POS  Person24_plasma_elder_POS  Person05_plasma_elder_POS  
center sample:  Person22_plasma_elder_POS 
Processing: Person16_plasma_youth_POS  Person11_plasma_youth_POS  Person24_plasma_elder_POS  Person05_plasma_elder_POS  
center sample:  Person22_plasma_elder_POS 
Processing: Person16_plasma_youth_POS  Person11_plasma_youth_POS  Person24_plasma_elder_POS  Person05_plasma_elder_POS  
center sample:  Person22_plasma_elder_POS 
Processing: Person16_plasma_youth_POS  Person11_plasma_youth_POS  Person24_plasma_elder_POS  Person05_plasma_elder_POS  
center sample:  Person22_plasma_elder_POS 
Processing: Person16_plasma_youth_POS  Person11_plasma_youth_POS  Person24_plasma_elder_POS  Person05_plasma_elder_POS  
center sample:  Person22_plasma_elder_POS 
Processing: Person16_plasma_youth_POS  Person11_plasma_youth_POS  Person24_plasma_elder_POS  Person05_plasma_elder_POS  
center sample:  Person22_plasma_elder_POS 
Processing: Person16_plasma_youth_POS  Person11_plasma_youth_POS  Person24_plasma_elder_POS  Person05_plasma_elder_POS  
center sample:  Person22_plasma_elder_POS 
Processing: Person16_plasma_youth_POS  Person11_plasma_youth_POS  Person24_plasma_elder_POS  Person05_plasma_elder_POS  
center sample:  Person22_plasma_elder_POS 
Processing: Person16_plasma_youth_POS  Person11_plasma_youth_POS  Person24_plasma_elder_POS  Person05_plasma_elder_POS  
center sample:  Person22_plasma_elder_POS 
Processing: Person16_plasma_youth_POS  Person11_plasma_youth_POS  Person24_plasma_elder_POS  Person05_plasma_elder_POS  
center sample:  Person22_plasma_elder_POS 
Processing: Person16_plasma_youth_POS  Person11_plasma_youth_POS  Person24_plasma_elder_POS  Person05_plasma_elder_POS  
center sample:  Person22_plasma_elder_POS 
Processing: Person16_plasma_youth_POS  Person11_plasma_youth_POS  Person24_plasma_elder_POS  Person05_plasma_elder_POS  
center sample:  Person22_plasma_elder_POS 
Processing: Person16_plasma_youth_POS  Person11_plasma_youth_POS  Person24_plasma_elder_POS  Person05_plasma_elder_POS  
center sample:  Person22_plasma_elder_POS 
Processing: Person16_plasma_youth_POS  Person11_plasma_youth_POS  Person24_plasma_elder_POS  Person05_plasma_elder_POS  
center sample:  Person22_plasma_elder_POS 
Processing: Person16_plasma_youth_POS  Person11_plasma_youth_POS  Person24_plasma_elder_POS  Person05_plasma_elder_POS  
center sample:  Person22_plasma_elder_POS 
Processing: Person16_plasma_youth_POS  Person11_plasma_youth_POS  Person24_plasma_elder_POS  Person05_plasma_elder_POS  
center sample:  Person22_plasma_elder_POS 
Processing: Person16_plasma_youth_POS  Person11_plasma_youth_POS  Person24_plasma_elder_POS  Person05_plasma_elder_POS  
center sample:  Person22_plasma_elder_POS 
Processing: Person16_plasma_youth_POS  Person11_plasma_youth_POS  Person24_plasma_elder_POS  Person05_plasma_elder_POS  
center sample:  Person22_plasma_elder_POS 
Processing: Person16_plasma_youth_POS  Person11_plasma_youth_POS  Person24_plasma_elder_POS  Person05_plasma_elder_POS  
center sample:  Person22_plasma_elder_POS 
Processing: Person16_plasma_youth_POS  Person11_plasma_youth_POS  Person24_plasma_elder_POS  Person05_plasma_elder_POS  
center sample:  Person22_plasma_elder_POS 
Processing: Person16_plasma_youth_POS  Person11_plasma_youth_POS  Person24_plasma_elder_POS  Person05_plasma_elder_POS  
center sample:  Person22_plasma_elder_POS 
Processing: Person16_plasma_youth_POS  Person11_plasma_youth_POS  Person24_plasma_elder_POS  Person05_plasma_elder_POS  
center sample:  Person22_plasma_elder_POS 
Processing: Person16_plasma_youth_POS  Person11_plasma_youth_POS  Person24_plasma_elder_POS  Person05_plasma_elder_POS  
center sample:  Person22_plasma_elder_POS 
Processing: Person16_plasma_youth_POS  Person11_plasma_youth_POS  Person24_plasma_elder_POS  Person05_plasma_elder_POS  
center sample:  Person22_plasma_elder_POS 
Processing: Person16_plasma_youth_POS  Person11_plasma_youth_POS  Person24_plasma_elder_POS  Person05_plasma_elder_POS  
center sample:  Person22_plasma_elder_POS 
Processing: Person16_plasma_youth_POS  Person11_plasma_youth_POS  Person24_plasma_elder_POS  Person05_plasma_elder_POS  
center sample:  Person22_plasma_elder_POS 
Processing: Person16_plasma_youth_POS  Person11_plasma_youth_POS  Person24_plasma_elder_POS  Person05_plasma_elder_POS  
aces at 24.5 ppm ... OK
Detecting chromatographic peaks in 18338 regions of interest ... OK: 1525 found.
39
Detecting mass traces at 24.5 ppm ... OK
Detecting chromatographic peaks in 21859 regions of interest ... OK: 9687 found.
40
Detecting mass traces at 24.5 ppm ... OK
Detecting chromatographic peaks in 18338 regions of interest ... OK: 7462 found.
41
Detecting mass traces at 9.5 ppm ... OK
Detecting chromatographic peaks in 22118 regions of interest ... OK: 8414 found.
42
Detecting mass traces at 9.5 ppm ... OK
Detecting chromatographic peaks in 18228 regions of interest ... OK: 1005 found.
43
Detecting mass traces at 9.5 ppm ... OK
Detecting chromatographic peaks in 22118 regions of interest ... OK: 8450 found.
44
Detecting mass traces at 9.5 ppm ... OK
Detecting chromatographic peaks in 18228 regions of interest ... OK: 6766 found.
45
Detecting mass traces at 24.5 ppm ... OK
Detecting chromatographic peaks in 21859 regions of interest ... OK: 8432 found.
46
Detecting mass traces at 24.5 ppm ... OK
Detecting chromatographic peaks in 18338 regions of interest ... OK: 1247 found.
47
Detecting mass traces at 24.5 ppm ... OK
Detecting chromatographic peaks in 21859 regions of interest ... OK: 8410 found.
48
Detecting mass traces at 24.5 ppm ... OK
Detecting chromatographic peaks in 18338 regions of interest ... OK: 6619 found.
49
Detecting mass traces at 9.5 ppm ... OK
Detecting chromatographic peaks in 21501 regions of interest ... OK: 9112 found.
50
Detecting mass traces at 9.5 ppm ... OK
Detecting chromatographic peaks in 16855 regions of interest ... OK: 931 found.
51
Detecting mass traces at 9.5 ppm ... OK
Detecting chromatographic peaks in 21501 regions of interest ... OK: 9205 found.
52
Detecting mass traces at 9.5 ppm ... OK
Detecting chromatographic peaks in 16855 regions of interest ... OK: 7360 found.
53
Detecting mass traces at 24.5 ppm ... OK
Detecting chromatographic peaks in 21121 regions of interest ... OK: 9086 found.
54
Detecting mass traces at 24.5 ppm ... OK
Detecting chromatographic peaks in 16876 regions of interest ... OK: 1253 found.
55
Detecting mass traces at 24.5 ppm ... OK
Detecting chromatographic peaks in 21121 regions of interest ... OK: 9173 found.
56
Detecting mass traces at 24.5 ppm ... OK
Detecting chromatographic peaks in 16876 regions of interest ... OK: 7196 found.
57
Detecting mass traces at 9.5 ppm ... OK
Detecting chromatographic peaks in 21501 regions of interest ... OK: 8201 found.
58
Detecting mass traces at 9.5 ppm ... OK
Detecting chromatographic peaks in 16855 regions of interest ... OK: 878 found.
59
Detecting mass traces at 9.5 ppm ... OK
Detecting chromatographic peaks in 21501 regions of interest ... OK: 8244 found.
60
Detecting mass traces at 9.5 ppm ... OK
Detecting chromatographic peaks in 16855 regions of interest ... OK: 6603 found.
61
Detecting mass traces at 24.5 ppm ... OK
Detecting chromatographic peaks in 21121 regions of interest ... OK: 8096 found.
62
Detecting mass traces at 24.5 ppm ... OK
Detecting chromatographic peaks in 16876 regions of interest ... OK: 1063 found.
63
Detecting mass traces at 24.5 ppm ... OK
Detecting chromatographic peaks in 21121 regions of interest ... OK: 8087 found.
64
Detecting mass traces at 24.5 ppm ... OK
Detecting chromatographic peaks in 16876 regions of interest ... OK: 6420 found.
65
Detecting mass traces at 17 ppm ... OK
Detecting chromatographic peaks in 24384 regions of interest ... OK: 8959 found.
66
Detecting mass traces at 17 ppm ... OK
Detecting chromatographic peaks in 24384 regions of interest ... OK: 9202 found.
67
Detecting mass traces at 17 ppm ... OK
Detecting chromatographic peaks in 19136 regions of interest ... OK: 2933 found.
68
Detecting mass traces at 17 ppm ... OK
Detecting chromatographic peaks in 24384 regions of interest ... OK: 8903 found.
69
Detecting mass traces at 17 ppm ... OK
Detecting chromatographic peaks in 24384 regions of interest ... OK: 9038 found.
70
Detecting mass traces at 9.5 ppm ... OK
Detecting chromatographic peaks in 24283 regions of interest ... OK: 9069 found.
71
Detecting mass traces at 24.5 ppm ... OK
Detecting chromatographic peaks in 24044 regions of interest ... OK: 8880 found.
72
Detecting mass traces at 17 ppm ... OK
Detecting chromatographic peaks in 24384 regions of interest ... OK: 9198 found.
73
Detecting mass traces at 17 ppm ... OK
Detecting chromatographic peaks in 24384 regions of interest ... OK: 8243 found.
74
Detecting mass traces at 17 ppm ... OK
Detecting chromatographic peaks in 25314 regions of interest ... OK: 9028 found.
75
Detecting mass traces at 17 ppm ... OK
Detecting chromatographic peaks in 21510 regions of interest ... OK: 8702 found.
76
Detecting mass traces at 17 ppm ... OK
Detecting chromatographic peaks in 24384 regions of interest ... OK: 8959 found.
77
Detecting mass traces at 17 ppm ... OK
Detecting chromatographic peaks in 22333 regions of interest ... OK: 8929 found.
78
Detecting mass traces at 17 ppm ... OK
Detecting chromatographic peaks in 24384 regions of interest ... OK: 8959 found.
Detecting mass traces at 9.5 ppm ... OK
Detecting chromatographic peaks in 21501 regions of interest ... OK: 9110 found.



starting new DoE with:
min_peakwidth: c(23.2, 36)
max_peakwidth: c(53, 77)
ppm: c(2, 17)
mzdiff: c(-0.012, -0.001)
noise: c(500, 995)
value_of_prefilter: c(500, 995)
snthresh: 10
prefilter: 3
mzCenterFun: wMean
integrate: 2
fitgauss: FALSE
verbose.columns: TRUE

1
Detecting mass traces at 2 ppm ... OK
Detecting chromatographic peaks in 21651 regions of interest ... OK: 4558 found.
2
Detecting mass traces at 2 ppm ... OK
Detecting chromatographic peaks in 14881 regions of interest ... OK: 707 found.
3
Detecting mass traces at 2 ppm ... OK
Detecting chromatographic peaks in 21651 regions of interest ... OK: 4666 found.
4
Detecting mass traces at 2 ppm ... OK
Detecting chromatographic peaks in 14881 regions of interest ... OK: 3255 found.
5
Detecting mass traces at 17 ppm ... OK
Detecting chromatographic peaks in 24384 regions of interest ... OK: 9479 found.
6
Detecting mass traces at 17 ppm ... OK
Detecting chromatographic peaks in 19136 regions of interest ... OK: 3065 found.
7
Detecting mass traces at 17 ppm ... OK
Detecting chromatographic peaks in 24384 regions of interest ... OK: 9523 found.
8
Detecting mass traces at 17 ppm ... OK
Detecting chromatographic peaks in 19136 regions of interest ... OK: 7472 found.
9
Detecting mass traces at 2 ppm ... OK
Detecting chromatographic peaks in 21651 regions of interest ... OK: 4558 found.
10
Detecting mass traces at 2 ppm ... OK
Detecting chromatographic peaks in 14881 regions of interest ... OK: 707 found.
11
Detecting mass traces at 2 ppm ... OK
Detecting chromatographic peaks in 21651 regions of interest ... OK: 4666 found.
12
Detecting mass traces at 2 ppm ... OK
Detecting chromatographic peaks in 14881 regions of interest ... OK: 3255 found.
13
Detecting mass traces at 17 ppm ... OK
Detecting chromatographic peaks in 24384 regions of interest ... OK: 9202 found.
14
Detecting mass traces at 17 ppm ... OK
Detecting chromatographic peaks in 19136 regions of interest ... OK: 2933 found.
15
Detecting mass traces at 17 ppm ... OK
Detecting chromatographic peaks in 24384 regions of interest ... OK: 9218 found.
16
Detecting mass traces at 17 ppm ... OK
Detecting chromatographic peaks in 19136 regions of interest ... OK: 7274 found.
17
Detecting mass traces at 2 ppm ... OK
Detecting chromatographic peaks in 17453 regions of interest ... OK: 4411 found.
18
Detecting mass traces at 2 ppm ... OK
Detecting chromatographic peaks in 12223 regions of interest ... OK: 687 found.
19
Detecting mass traces at 2 ppm ... OK
Detecting chromatographic peaks in 17453 regions of interest ... OK: 4526 found.
20
Detecting mass traces at 2 ppm ... OK
Detecting chromatographic peaks in 12223 regions of interest ... OK: 3204 found.
21
Detecting mass traces at 17 ppm ... OK
Detecting chromatographic peaks in 19123 regions of interest ... OK: 8849 found.
22
Detecting mass traces at 17 ppm ... OK
Detecting chromatographic peaks in 15237 regions of interest ... OK: 2739 found.
23
Detecting mass traces at 17 ppm ... OK
Detecting chromatographic peaks in 19123 regions of interest ... OK: 8868 found.
24
Detecting mass traces at 17 ppm ... OK
Detecting chromatographic peaks in 15237 regions of interest ... OK: 7040 found.
25
Detecting mass traces at 2 ppm ... OK
Detecting chromatographic peaks in 17453 regions of interest ... OK: 4411 found.
26
Detecting mass traces at 2 ppm ... OK
Detecting chromatographic peaks in 12223 regions of interest ... OK: 687 found.
27
Detecting mass traces at 2 ppm ... OK
Detecting chromatographic peaks in 17453 regions of interest ... OK: 4526 found.
28
Detecting mass traces at 2 ppm ... OK
Detecting chromatographic peaks in 12223 regions of interest ... OK: 3204 found.
29
Detecting mass traces at 17 ppm ... OK
Detecting chromatographic peaks in 19123 regions of interest ... OK: 8630 found.
30
Detecting mass traces at 17 ppm ... OK
Detecting chromatographic peaks in 15237 regions of interest ... OK: 2631 found.
31
Detecting mass traces at 17 ppm ... OK
Detecting chromatographic peaks in 19123 regions of interest ... OK: 8629 found.
32
Detecting mass traces at 17 ppm ... OK
Detecting chromatographic peaks in 15237 regions of interest ... OK: 6875 found.
33
Detecting mass traces at 2 ppm ... OK
Detecting chromatographic peaks in 19242 regions of interest ... OK: 4484 found.
34
Detecting mass traces at 2 ppm ... OK
Detecting chromatographic peaks in 13915 regions of interest ... OK: 707 found.
35
Detecting mass traces at 2 ppm ... OK
Detecting chromatographic peaks in 19242 regions of interest ... OK: 4602 found.
36
Detecting mass traces at 2 ppm ... OK
Detecting chromatographic peaks in 13915 regions of interest ... OK: 3251 found.
37
Detecting mass traces at 17 ppm ... OK
Detecting chromatographic peaks in 19648 regions of interest ... OK: 9376 found.
38
Detecting mass traces at 17 ppm ... OK
Detecting chromatographic peaks in 16613 regions of interest ... OK: 3065 found.
39
Detecting mass traces at 17 ppm ... OK
Detecting chromatographic peaks in 19648 regions of interest ... OK: 9414 found.
40
Detecting mass traces at 17 ppm ... OK
Detecting chromatographic peaks in 16613 regions of interest ... OK: 7437 found.
41
Detecting mass traces at 2 ppm ... OK
Detecting chromatographic peaks in 19242 regions of interest ... OK: 4484 found.
42
Detecting mass traces at 2 ppm ... OK
Detecting chromatographic peaks in 13915 regions of interest ... OK: 707 found.
43
Detecting mass traces at 2 ppm ... OK
Detecting chromatographic peaks in 19242 regions of interest ... OK: 4602 found.
44
Detecting mass traces at 2 ppm ... OK
Detecting chromatographic peaks in 13915 regions of interest ... OK: 3251 found.
45
Detecting mass traces at 17 ppm ... OK
Detecting chromatographic peaks in 19648 regions of interest ... OK: 9100 found.
46
Detecting mass traces at 17 ppm ... OK
Detecting chromatographic peaks in 16613 regions of interest ... OK: 2933 found.
47
Detecting mass traces at 17 ppm ... OK
Detecting chromatographic peaks in 19648 regions of interest ... OK: 9110 found.
48
Detecting mass traces at 17 ppm ... OK
Detecting chromatographic peaks in 16613 regions of interest ... OK: 7240 found.
49
Detecting mass traces at 2 ppm ... OK
Detecting chromatographic peaks in 17453 regions of interest ... OK: 4411 found.
50
Detecting mass traces at 2 ppm ... OK
Detecting chromatographic peaks in 12223 regions of interest ... OK: 687 found.
51
Detecting mass traces at 2 ppm ... OK
Detecting chromatographic peaks in 17453 regions of interest ... OK: 4526 found.
52
Detecting mass traces at 2 ppm ... OK
Detecting chromatographic peaks in 12223 regions of interest ... OK: 3204 found.
53
Detecting mass traces at 17 ppm ... OK
Detecting chromatographic peaks in 19123 regions of interest ... OK: 8849 found.
54
Detecting mass traces at 17 ppm ... OK
Detecting chromatographic peaks in 15237 regions of interest ... OK: 2739 found.
55
Detecting mass traces at 17 ppm ... OK
Detecting chromatographic peaks in 19123 regions of interest ... OK: 8868 found.
56
Detecting mass traces at 17 ppm ... OK
Detecting chromatographic peaks in 15237 regions of interest ... OK: 7040 found.
57
Detecting mass traces at 2 ppm ... OK
Detecting chromatographic peaks in 17453 regions of interest ... OK: 4411 found.
58
Detecting mass traces at 2 ppm ... OK
Detecting chromatographic peaks in 12223 regions of interest ... OK: 687 found.
59
Detecting mass traces at 2 ppm ... OK
Detecting chromatographic peaks in 17453 regions of interest ... OK: 4526 found.
60
Detecting mass traces at 2 ppm ... OK
Detecting chromatographic peaks in 12223 regions of interest ... OK: 3204 found.
61
Detecting mass traces at 17 ppm ... OK
Detecting chromatographic peaks in 19123 regions of interest ... OK: 8630 found.
62
Detecting mass traces at 17 ppm ... OK
Detecting chromatographic peaks in 15237 regions of interest ... OK: 2631 found.
63
Detecting mass traces at 17 ppm ... OK
Detecting chromatographic peaks in 19123 regions of interest ... OK: 8629 found.
64
Detecting mass traces at 17 ppm ... OK
Detecting chromatographic peaks in 15237 regions of interest ... OK: 6875 found.
65
Detecting mass traces at 9.5 ppm ... OK
Detecting chromatographic peaks in 21501 regions of interest ... OK: 9110 found.
66
Detecting mass traces at 9.5 ppm ... OK
Detecting chromatographic peaks in 21501 regions of interest ... OK: 9205 found.
67
Detecting mass traces at 9.5 ppm ... OK
Detecting chromatographic peaks in 16855 regions of interest ... OK: 7360 found.
68
Detecting mass traces at 9.5 ppm ... OK
Detecting chromatographic peaks in 21501 regions of interest ... OK: 9021 found.
69
Detecting mass traces at 9.5 ppm ... OK
Detecting chromatographic peaks in 21501 regions of interest ... OK: 9102 found.
70
Detecting mass traces at 2 ppm ... OK
Detecting chromatographic peaks in 19409 regions of interest ... OK: 4591 found.
71
Detecting mass traces at 17 ppm ... OK
Detecting chromatographic peaks in 21510 regions of interest ... OK: 8995 found.
72
Detecting mass traces at 9.5 ppm ... OK
Detecting chromatographic peaks in 21501 regions of interest ... OK: 9113 found.
73
Detecting mass traces at 9.5 ppm ... OK
Detecting chromatographic peaks in 21501 regions of interest ... OK: 8963 found.
74
Detecting mass traces at 9.5 ppm ... OK
Detecting chromatographic peaks in 22297 regions of interest ... OK: 9279 found.
75
Detecting mass traces at 9.5 ppm ... OK
Detecting chromatographic peaks in 19131 regions of interest ... OK: 8833 found.
76
Detecting mass traces at 9.5 ppm ... OK
Detecting chromatographic peaks in 21501 regions of interest ... OK: 9110 found.
77
Detecting mass traces at 9.5 ppm ... OK
Detecting chromatographic peaks in 20061 regions of interest ... OK: 9065 found.
78
Detecting mass traces at 9.5 ppm ... OK
Detecting chromatographic peaks in 21501 regions of interest ... OK: 9110 found.
Detecting mass traces at 11.75 ppm ... OK
Detecting chromatographic peaks in 16429 regions of interest ... OK: 7230 found.



starting new DoE with:
min_peakwidth: c(29.6, 42.4)
max_peakwidth: c(65, 89)
ppm: c(4.25, 19.25)
mzdiff: c(-0.0109, -0.0021)
noise: c(574.25, 1069.25)
value_of_prefilter: c(574.25, 970.25)
snthresh: 10
prefilter: 3
mzCenterFun: wMean
integrate: 2
fitgauss: FALSE
verbose.columns: TRUE

1
Detecting mass traces at 4.25 ppm ... OK
Detecting chromatographic peaks in 21308 regions of interest ... OK: 7461 found.
2
Detecting mass traces at 4.25 ppm ... OK
Detecting chromatographic peaks in 12501 regions of interest ... OK: 4605 found.
3
Detecting mass traces at 4.25 ppm ... OK
Detecting chromatographic peaks in 21308 regions of interest ... OK: 7484 found.
4
Detecting mass traces at 4.25 ppm ... OK
Detecting chromatographic peaks in 12501 regions of interest ... OK: 4655 found.
5
Detecting mass traces at 19.25 ppm ... OK
Detecting chromatographic peaks in 23372 regions of interest ... OK: 9203 found.
6
Detecting mass traces at 19.25 ppm ... OK
Detecting chromatographic peaks in 15140 regions of interest ... OK: 6008 found.
7
Detecting mass traces at 19.25 ppm ... OK
Detecting chromatographic peaks in 23372 regions of interest ... OK: 9174 found.
8
Detecting mass traces at 19.25 ppm ... OK
Detecting chromatographic peaks in 15140 regions of interest ... OK: 6066 found.
9
Detecting mass traces at 4.25 ppm ... OK
Detecting chromatographic peaks in 21308 regions of interest ... OK: 7458 found.
10
Detecting mass traces at 4.25 ppm ... OK
Detecting chromatographic peaks in 12501 regions of interest ... OK: 4603 found.
11
Detecting mass traces at 4.25 ppm ... OK
Detecting chromatographic peaks in 21308 regions of interest ... OK: 7483 found.
12
Detecting mass traces at 4.25 ppm ... OK
Detecting chromatographic peaks in 12501 regions of interest ... OK: 4653 found.
13
Detecting mass traces at 19.25 ppm ... OK
Detecting chromatographic peaks in 23372 regions of interest ... OK: 9060 found.
14
Detecting mass traces at 19.25 ppm ... OK
Detecting chromatographic peaks in 15140 regions of interest ... OK: 5911 found.
15
Detecting mass traces at 19.25 ppm ... OK
Detecting chromatographic peaks in 23372 regions of interest ... OK: 9044 found.
16
Detecting mass traces at 19.25 ppm ... OK
Detecting chromatographic peaks in 15140 regions of interest ... OK: 5979 found.
17
Detecting mass traces at 4.25 ppm ... OK
Detecting chromatographic peaks in 16731 regions of interest ... OK: 7071 found.
18
Detecting mass traces at 4.25 ppm ... OK
Detecting chromatographic peaks in 9940 regions of interest ... OK: 4403 found.
19
Detecting mass traces at 4.25 ppm ... OK
Detecting chromatographic peaks in 16731 regions of interest ... OK: 7087 found.
20
Detecting mass traces at 4.25 ppm ... OK
Detecting chromatographic peaks in 9940 regions of interest ... OK: 4452 found.
21
Detecting mass traces at 19.25 ppm ... OK
Detecting chromatographic peaks in 18392 regions of interest ... OK: 8559 found.
22
Detecting mass traces at 19.25 ppm ... OK
Detecting chromatographic peaks in 12136 regions of interest ... OK: 5653 found.
23
Detecting mass traces at 19.25 ppm ... OK
Detecting chromatographic peaks in 18392 regions of interest ... OK: 8570 found.
24
Detecting mass traces at 19.25 ppm ... OK
Detecting chromatographic peaks in 12136 regions of interest ... OK: 5719 found.
25
Detecting mass traces at 4.25 ppm ... OK
Detecting chromatographic peaks in 16731 regions of interest ... OK: 7070 found.
26
Detecting mass traces at 4.25 ppm ... OK
Detecting chromatographic peaks in 9940 regions of interest ... OK: 4401 found.
27
Detecting mass traces at 4.25 ppm ... OK
Detecting chromatographic peaks in 16731 regions of interest ... OK: 7087 found.
28
Detecting mass traces at 4.25 ppm ... OK
Detecting chromatographic peaks in 9940 regions of interest ... OK: 4450 found.
29
Detecting mass traces at 19.25 ppm ... OK
Detecting chromatographic peaks in 18392 regions of interest ... OK: 8472 found.
30
Detecting mass traces at 19.25 ppm ... OK
Detecting chromatographic peaks in 12136 regions of interest ... OK: 5581 found.
31
Detecting mass traces at 19.25 ppm ... OK
Detecting chromatographic peaks in 18392 regions of interest ... OK: 8478 found.
32
Detecting mass traces at 19.25 ppm ... OK
Detecting chromatographic peaks in 12136 regions of interest ... OK: 5651 found.
33
Detecting mass traces at 4.25 ppm ... OK
Detecting chromatographic peaks in 18376 regions of interest ... OK: 7394 found.
34
Detecting mass traces at 4.25 ppm ... OK
Detecting chromatographic peaks in 11867 regions of interest ... OK: 4602 found.
35
Detecting mass traces at 4.25 ppm ... OK
Detecting chromatographic peaks in 18376 regions of interest ... OK: 7419 found.
36
Detecting mass traces at 4.25 ppm ... OK
Detecting chromatographic peaks in 11867 regions of interest ... OK: 4652 found.
37
Detecting mass traces at 19.25 ppm ... OK
Detecting chromatographic peaks in 19961 regions of interest ... OK: 9127 found.
38
Detecting mass traces at 19.25 ppm ... OK
Detecting chromatographic peaks in 14340 regions of interest ... OK: 6004 found.
39
Detecting mass traces at 19.25 ppm ... OK
Detecting chromatographic peaks in 19961 regions of interest ... OK: 9095 found.
40
Detecting mass traces at 19.25 ppm ... OK
Detecting chromatographic peaks in 14340 regions of interest ... OK: 6061 found.
41
Detecting mass traces at 4.25 ppm ... OK
Detecting chromatographic peaks in 18376 regions of interest ... OK: 7391 found.
42
Detecting mass traces at 4.25 ppm ... OK
Detecting chromatographic peaks in 11867 regions of interest ... OK: 4600 found.
43
Detecting mass traces at 4.25 ppm ... OK
Detecting chromatographic peaks in 18376 regions of interest ... OK: 7418 found.
44
Detecting mass traces at 4.25 ppm ... OK
Detecting chromatographic peaks in 11867 regions of interest ... OK: 4650 found.
45
Detecting mass traces at 19.25 ppm ... OK
Detecting chromatographic peaks in 19961 regions of interest ... OK: 8984 found.
46
Detecting mass traces at 19.25 ppm ... OK
Detecting chromatographic peaks in 14340 regions of interest ... OK: 5907 found.
47
Detecting mass traces at 19.25 ppm ... OK
Detecting chromatographic peaks in 19961 regions of interest ... OK: 8965 found.
48
Detecting mass traces at 19.25 ppm ... OK
Detecting chromatographic peaks in 14340 regions of interest ... OK: 5974 found.
49
Detecting mass traces at 4.25 ppm ... OK
Detecting chromatographic peaks in 16731 regions of interest ... OK: 7071 found.
50
Detecting mass traces at 4.25 ppm ... OK
Detecting chromatographic peaks in 9940 regions of interest ... OK: 4403 found.
51
Detecting mass traces at 4.25 ppm ... OK
Detecting chromatographic peaks in 16731 regions of interest ... OK: 7087 found.
52
Detecting mass traces at 4.25 ppm ... OK
Detecting chromatographic peaks in 9940 regions of interest ... OK: 4452 found.
53
Detecting mass traces at 19.25 ppm ... OK
Detecting chromatographic peaks in 18392 regions of interest ... OK: 8559 found.
54
Detecting mass traces at 19.25 ppm ... OK
Detecting chromatographic peaks in 12136 regions of interest ... OK: 5653 found.
55
Detecting mass traces at 19.25 ppm ... OK
Detecting chromatographic peaks in 18392 regions of interest ... OK: 8570 found.
56
Detecting mass traces at 19.25 ppm ... OK
Detecting chromatographic peaks in 12136 regions of interest ... OK: 5719 found.
57
Detecting mass traces at 4.25 ppm ... OK
Detecting chromatographic peaks in 16731 regions of interest ... OK: 7070 found.
58
Detecting mass traces at 4.25 ppm ... OK
Detecting chromatographic peaks in 9940 regions of interest ... OK: 4401 found.
59
Detecting mass traces at 4.25 ppm ... OK
Detecting chromatographic peaks in 16731 regions of interest ... OK: 7087 found.
60
Detecting mass traces at 4.25 ppm ... OK
Detecting chromatographic peaks in 9940 regions of interest ... OK: 4450 found.
61
Detecting mass traces at 19.25 ppm ... OK
Detecting chromatographic peaks in 18392 regions of interest ... OK: 8472 found.
62
Detecting mass traces at 19.25 ppm ... OK
Detecting chromatographic peaks in 12136 regions of interest ... OK: 5581 found.
63
Detecting mass traces at 19.25 ppm ... OK
Detecting chromatographic peaks in 18392 regions of interest ... OK: 8478 found.
64
Detecting mass traces at 19.25 ppm ... OK
Detecting chromatographic peaks in 12136 regions of interest ... OK: 5651 found.
65
Detecting mass traces at 11.75 ppm ... OK
Detecting chromatographic peaks in 16429 regions of interest ... OK: 7230 found.
66
Detecting mass traces at 11.75 ppm ... OK
Detecting chromatographic peaks in 20817 regions of interest ... OK: 8969 found.
67
Detecting mass traces at 11.75 ppm ... OK
Detecting chromatographic peaks in 13370 regions of interest ... OK: 5905 found.
68
Detecting mass traces at 11.75 ppm ... OK
Detecting chromatographic peaks in 16429 regions of interest ... OK: 7238 found.
69
Detecting mass traces at 11.75 ppm ... OK
Detecting chromatographic peaks in 16429 regions of interest ... OK: 7259 found.
70
Detecting mass traces at 4.25 ppm ... OK
Detecting chromatographic peaks in 14131 regions of interest ... OK: 5671 found.
71
Detecting mass traces at 19.25 ppm ... OK
Detecting chromatographic peaks in 16437 regions of interest ... OK: 7156 found.
72
Detecting mass traces at 11.75 ppm ... OK
Detecting chromatographic peaks in 16429 regions of interest ... OK: 7236 found.
73
Detecting mass traces at 11.75 ppm ... OK
Detecting chromatographic peaks in 16429 regions of interest ... OK: 7190 found.
74
Detecting mass traces at 11.75 ppm ... OK
Detecting chromatographic peaks in 17972 regions of interest ... OK: 7395 found.
75
Detecting mass traces at 11.75 ppm ... OK
Detecting chromatographic peaks in 14727 regions of interest ... OK: 6989 found.
76
Detecting mass traces at 11.75 ppm ... OK
Detecting chromatographic peaks in 16429 regions of interest ... OK: 7230 found.
77
Detecting mass traces at 11.75 ppm ... OK
Detecting chromatographic peaks in 16316 regions of interest ... OK: 7226 found.
78
Detecting mass traces at 11.75 ppm ... OK
Detecting chromatographic peaks in 16429 regions of interest ... OK: 7230 found.
Detecting mass traces at 12.5 ppm ... OK
Detecting chromatographic peaks in 14727 regions of interest ... OK: 7008 found.
no increase, stopping
best parameter settings:
min_peakwidth: 29.6
max_peakwidth: 65
ppm: 9.5
mzdiff: -0.0065
noise: 747.5
value_of_prefilter: 747.5
snthresh: 10
prefilter: 3
mzCenterFun: wMean
integrate: 2
fitgauss: FALSE
verbose.columns: TRUE

There were 50 or more warnings (use warnings() to see the first 50)
Detecting mass traces at 9.5 ppm ... OK
Detecting chromatographic peaks in 23342 regions of interest ... OK: 8568 found.
Detecting mass traces at 9.5 ppm ... OK
Detecting chromatographic peaks in 22253 regions of interest ... OK: 8693 found.
Detecting mass traces at 9.5 ppm ... OK
Detecting chromatographic peaks in 22386 regions of interest ... OK: 8738 found.
Detecting mass traces at 9.5 ppm ... OK
Detecting chromatographic peaks in 21538 regions of interest ... OK: 8448 found.
Detecting mass traces at 9.5 ppm ... OK
Detecting chromatographic peaks in 21983 regions of interest ... OK: 8251 found.
Warning messages:
1: In .local(object, ...) :
  It looks like this file is in profile mode. centWave can process only centroid mode data !

2: In .local(object, ...) :
  It looks like this file is in profile mode. centWave can process only centroid mode data !

3: In .local(object, ...) :
  It looks like this file is in profile mode. centWave can process only centroid mode data !

4: In .local(object, ...) :
  It looks like this file is in profile mode. centWave can process only centroid mode data !

5: In .local(object, ...) :
  It looks like this file is in profile mode. centWave can process only centroid mode data !




starting new DoE with:

distFunc: cor_opt
gapInit: c(0, 0.4)
gapExtend: c(2.1, 2.7)
profStep: c(0.7, 1)
plottype: none
response: 1
factorDiag: 2
factorGap: 1
localAlignment: 0
retcorMethod: obiwarp
bw: c(22, 38)
minfrac: 0.05
mzwid: c(0.015, 0.035)
minsamp: 1
max: 50
center: 3

Create profile matrix with method 'bin' and step 0.7 ... OK
Create profile matrix with method 'bin' and step 0.7 ... OK
Create profile matrix with method 'bin' and step 0.7 ... OK
Create profile matrix with method 'bin' and step 0.7 ... OK
Create profile matrix with method 'bin' and step 0.7 ... OK
Processing 119686 mz slices ... OK
Create profile matrix with method 'bin' and step 0.7 ... OK
Create profile matrix with method 'bin' and step 0.7 ... OK
Create profile matrix with method 'bin' and step 0.7 ... OK
Create profile matrix with method 'bin' and step 0.7 ... OK
Create profile matrix with method 'bin' and step 0.7 ... OK
Processing 119686 mz slices ... OK
Create profile matrix with method 'bin' and step 0.7 ... OK
Create profile matrix with method 'bin' and step 0.7 ... OK
Create profile matrix with method 'bin' and step 0.7 ... OK
Create profile matrix with method 'bin' and step 0.7 ... OK
Create profile matrix with method 'bin' and step 0.7 ... OK
Processing 119686 mz slices ... OK
Create profile matrix with method 'bin' and step 0.7 ... OK
Create profile matrix with method 'bin' and step 0.7 ... OK
Create profile matrix with method 'bin' and step 0.7 ... OK
Create profile matrix with method 'bin' and step 0.7 ... OK
Create profile matrix with method 'bin' and step 0.7 ... OK
Processing 119686 mz slices ... OK
Create profile matrix with method 'bin' and step 1 ... OK
Create profile matrix with method 'bin' and step 1 ... OK
Create profile matrix with method 'bin' and step 1 ... OK
Create profile matrix with method 'bin' and step 1 ... OK
Create profile matrix with method 'bin' and step 1 ... OK
Processing 119686 mz slices ... OK
Create profile matrix with method 'bin' and step 1 ... OK
Create profile matrix with method 'bin' and step 1 ... OK
Create profile matrix with method 'bin' and step 1 ... OK
Create profile matrix with method 'bin' and step 1 ... OK
Create profile matrix with method 'bin' and step 1 ... OK
Processing 119686 mz slices ... OK
Create profile matrix with method 'bin' and step 1 ... OK
Create profile matrix with method 'bin' and step 1 ... OK
Create profile matrix with method 'bin' and step 1 ... OK
Create profile matrix with method 'bin' and step 1 ... OK
Create profile matrix with method 'bin' and step 1 ... OK
Processing 119686 mz slices ... OK
Create profile matrix with method 'bin' and step 1 ... OK
Create profile matrix with method 'bin' and step 1 ... OK
Create profile matrix with method 'bin' and step 1 ... OK
Create profile matrix with method 'bin' and step 1 ... OK
Create profile matrix with method 'bin' and step 1 ... OK
Processing 119686 mz slices ... OK
Create profile matrix with method 'bin' and step 0.7 ... OK
Create profile matrix with method 'bin' and step 0.7 ... OK
Create profile matrix with method 'bin' and step 0.7 ... OK
Create profile matrix with method 'bin' and step 0.7 ... OK
Create profile matrix with method 'bin' and step 0.7 ... OK
Processing 119686 mz slices ... OK
Create profile matrix with method 'bin' and step 0.7 ... OK
Create profile matrix with method 'bin' and step 0.7 ... OK
Create profile matrix with method 'bin' and step 0.7 ... OK
Create profile matrix with method 'bin' and step 0.7 ... OK
Create profile matrix with method 'bin' and step 0.7 ... OK
Processing 119686 mz slices ... OK
Create profile matrix with method 'bin' and step 0.7 ... OK
Create profile matrix with method 'bin' and step 0.7 ... OK
Create profile matrix with method 'bin' and step 0.7 ... OK
Create profile matrix with method 'bin' and step 0.7 ... OK
Create profile matrix with method 'bin' and step 0.7 ... OK
Processing 119686 mz slices ... OK
Create profile matrix with method 'bin' and step 0.7 ... OK
Create profile matrix with method 'bin' and step 0.7 ... OK
Create profile matrix with method 'bin' and step 0.7 ... OK
Create profile matrix with method 'bin' and step 0.7 ... OK
Create profile matrix with method 'bin' and step 0.7 ... OK
Processing 119686 mz slices ... OK
Create profile matrix with method 'bin' and step 1 ... OK
Create profile matrix with method 'bin' and step 1 ... OK
Create profile matrix with method 'bin' and step 1 ... OK
Create profile matrix with method 'bin' and step 1 ... OK
Create profile matrix with method 'bin' and step 1 ... OK
Processing 119686 mz slices ... OK
Create profile matrix with method 'bin' and step 1 ... OK
Create profile matrix with method 'bin' and step 1 ... OK
Create profile matrix with method 'bin' and step 1 ... OK
Create profile matrix with method 'bin' and step 1 ... OK
Create profile matrix with method 'bin' and step 1 ... OK
Processing 119686 mz slices ... OK
Create profile matrix with method 'bin' and step 1 ... OK
Create profile matrix with method 'bin' and step 1 ... OK
Create profile matrix with method 'bin' and step 1 ... OK
Create profile matrix with method 'bin' and step 1 ... OK
Create profile matrix with method 'bin' and step 1 ... OK
Processing 119686 mz slices ... OK
Create profile matrix with method 'bin' and step 1 ... OK
Create profile matrix with method 'bin' and step 1 ... OK
Create profile matrix with method 'bin' and step 1 ... OK
Create profile matrix with method 'bin' and step 1 ... OK
Create profile matrix with method 'bin' and step 1 ... OK
Processing 119686 mz slices ... OK
Create profile matrix with method 'bin' and step 0.7 ... OK
Create profile matrix with method 'bin' and step 0.7 ... OK
Create profile matrix with method 'bin' and step 0.7 ... OK
Create profile matrix with method 'bin' and step 0.7 ... OK
Create profile matrix with method 'bin' and step 0.7 ... OK
Processing 51295 mz slices ... OK
Create profile matrix with method 'bin' and step 0.7 ... OK
Create profile matrix with method 'bin' and step 0.7 ... OK
Create profile matrix with method 'bin' and step 0.7 ... OK
Create profile matrix with method 'bin' and step 0.7 ... OK
Create profile matrix with method 'bin' and step 0.7 ... OK
Processing 51295 mz slices ... OK
Create profile matrix with method 'bin' and step 0.7 ... OK
Create profile matrix with method 'bin' and step 0.7 ... OK
Create profile matrix with method 'bin' and step 0.7 ... OK
Create profile matrix with method 'bin' and step 0.7 ... OK
Create profile matrix with method 'bin' and step 0.7 ... OK
Processing 51295 mz slices ... OK
Create profile matrix with method 'bin' and step 0.7 ... OK
Create profile matrix with method 'bin' and step 0.7 ... OK
Create profile matrix with method 'bin' and step 0.7 ... OK
Create profile matrix with method 'bin' and step 0.7 ... OK
Create profile matrix with method 'bin' and step 0.7 ... OK
Processing 51295 mz slices ... OK
Create profile matrix with method 'bin' and step 1 ... OK
Create profile matrix with method 'bin' and step 1 ... OK
Create profile matrix with method 'bin' and step 1 ... OK
Create profile matrix with method 'bin' and step 1 ... OK
Create profile matrix with method 'bin' and step 1 ... OK
Processing 51295 mz slices ... OK
Create profile matrix with method 'bin' and step 1 ... OK
Create profile matrix with method 'bin' and step 1 ... OK
Create profile matrix with method 'bin' and step 1 ... OK
Create profile matrix with method 'bin' and step 1 ... OK
Create profile matrix with method 'bin' and step 1 ... OK
Processing 51295 mz slices ... OK
Create profile matrix with method 'bin' and step 1 ... OK
Create profile matrix with method 'bin' and step 1 ... OK
Create profile matrix with method 'bin' and step 1 ... OK
Create profile matrix with method 'bin' and step 1 ... OK
Create profile matrix with method 'bin' and step 1 ... OK
Processing 51295 mz slices ... OK
Create profile matrix with method 'bin' and step 1 ... OK
Create profile matrix with method 'bin' and step 1 ... OK
Create profile matrix with method 'bin' and step 1 ... OK
Create profile matrix with method 'bin' and step 1 ... OK
Create profile matrix with method 'bin' and step 1 ... OK
Processing 51295 mz slices ... OK
Create profile matrix with method 'bin' and step 0.7 ... OK
Create profile matrix with method 'bin' and step 0.7 ... OK
Create profile matrix with method 'bin' and step 0.7 ... OK
Create profile matrix with method 'bin' and step 0.7 ... OK
Create profile matrix with method 'bin' and step 0.7 ... OK
Processing 51295 mz slices ... OK
Create profile matrix with method 'bin' and step 0.7 ... OK
Create profile matrix with method 'bin' and step 0.7 ... OK
Create profile matrix with method 'bin' and step 0.7 ... OK
Create profile matrix with method 'bin' and step 0.7 ... OK
Create profile matrix with method 'bin' and step 0.7 ... OK
Processing 51295 mz slices ... OK
Create profile matrix with method 'bin' and step 0.7 ... OK
Create profile matrix with method 'bin' and step 0.7 ... OK
Create profile matrix with method 'bin' and step 0.7 ... OK
Create profile matrix with method 'bin' and step 0.7 ... OK
Create profile matrix with method 'bin' and step 0.7 ... OK
Processing 51295 mz slices ... OK
Create profile matrix with method 'bin' and step 0.7 ... OK
Create profile matrix with method 'bin' and step 0.7 ... OK
Create profile matrix with method 'bin' and step 0.7 ... OK
Create profile matrix with method 'bin' and step 0.7 ... OK
Create profile matrix with method 'bin' and step 0.7 ... OK
Processing 51295 mz slices ... OK
Create profile matrix with method 'bin' and step 1 ... OK
Create profile matrix with method 'bin' and step 1 ... OK
Create profile matrix with method 'bin' and step 1 ... OK
Create profile matrix with method 'bin' and step 1 ... OK
Create profile matrix with method 'bin' and step 1 ... OK
Processing 51295 mz slices ... OK
Create profile matrix with method 'bin' and step 1 ... OK
Create profile matrix with method 'bin' and step 1 ... OK
Create profile matrix with method 'bin' and step 1 ... OK
Create profile matrix with method 'bin' and step 1 ... OK
Create profile matrix with method 'bin' and step 1 ... OK
Processing 51295 mz slices ... OK
Create profile matrix with method 'bin' and step 1 ... OK
Create profile matrix with method 'bin' and step 1 ... OK
Create profile matrix with method 'bin' and step 1 ... OK
Create profile matrix with method 'bin' and step 1 ... OK
Create profile matrix with method 'bin' and step 1 ... OK
Processing 51295 mz slices ... OK
Create profile matrix with method 'bin' and step 1 ... OK
Create profile matrix with method 'bin' and step 1 ... OK
Create profile matrix with method 'bin' and step 1 ... OK
Create profile matrix with method 'bin' and step 1 ... OK
Create profile matrix with method 'bin' and step 1 ... OK
Processing 51295 mz slices ... OK
Create profile matrix with method 'bin' and step 0.85 ... OK
Create profile matrix with method 'bin' and step 0.85 ... OK
Create profile matrix with method 'bin' and step 0.85 ... OK
Create profile matrix with method 'bin' and step 0.85 ... OK
Create profile matrix with method 'bin' and step 0.85 ... OK
Create profile matrix with method 'bin' and step 0.85 ... OK
Create profile matrix with method 'bin' and step 0.85 ... OK
Create profile matrix with method 'bin' and step 0.85 ... OK
Processing 71812 mz slices ... OK
Create profile matrix with method 'bin' and step 0.85 ... OK
Create profile matrix with method 'bin' and step 0.85 ... OK
Create profile matrix with method 'bin' and step 0.85 ... OK
Create profile matrix with method 'bin' and step 0.85 ... OK
Create profile matrix with method 'bin' and step 0.85 ... OK
Create profile matrix with method 'bin' and step 0.85 ... OK
Create profile matrix with method 'bin' and step 0.85 ... OK
Create profile matrix with method 'bin' and step 0.85 ... OK
Processing 71812 mz slices ... OK
Create profile matrix with method 'bin' and step 0.85 ... OK
Create profile matrix with method 'bin' and step 0.85 ... OK
Create profile matrix with method 'bin' and step 0.85 ... OK
Create profile matrix with method 'bin' and step 0.85 ... OK
Create profile matrix with method 'bin' and step 0.85 ... OK
Create profile matrix with method 'bin' and step 0.85 ... OK
Create profile matrix with method 'bin' and step 0.85 ... OK
Create profile matrix with method 'bin' and step 0.85 ... OK
Processing 71812 mz slices ... OK
Create profile matrix with method 'bin' and step 0.85 ... OK
Create profile matrix with method 'bin' and step 0.85 ... OK
Create profile matrix with method 'bin' and step 0.85 ... OK
Create profile matrix with method 'bin' and step 0.85 ... OK
Create profile matrix with method 'bin' and step 0.85 ... OK
Create profile matrix with method 'bin' and step 0.85 ... OK
Create profile matrix with method 'bin' and step 0.85 ... OK
Create profile matrix with method 'bin' and step 0.85 ... OK
Processing 71812 mz slices ... OK
Create profile matrix with method 'bin' and step 0.85 ... OK
Create profile matrix with method 'bin' and step 0.85 ... OK
Create profile matrix with method 'bin' and step 0.85 ... OK
Create profile matrix with method 'bin' and step 0.85 ... OK
Create profile matrix with method 'bin' and step 0.85 ... OK
Create profile matrix with method 'bin' and step 0.85 ... OK
Create profile matrix with method 'bin' and step 0.85 ... OK
Create profile matrix with method 'bin' and step 0.85 ... OK
Processing 71812 mz slices ... OK
Create profile matrix with method 'bin' and step 0.7 ... OK
Create profile matrix with method 'bin' and step 0.7 ... OK
Create profile matrix with method 'bin' and step 0.7 ... OK
Create profile matrix with method 'bin' and step 0.7 ... OK
Create profile matrix with method 'bin' and step 0.7 ... OK
Processing 71812 mz slices ... OK
Create profile matrix with method 'bin' and step 1 ... OK
Create profile matrix with method 'bin' and step 1 ... OK
Create profile matrix with method 'bin' and step 1 ... OK
Create profile matrix with method 'bin' and step 1 ... OK
Create profile matrix with method 'bin' and step 1 ... OK
Processing 71812 mz slices ... OK
Create profile matrix with method 'bin' and step 0.85 ... OK
Create profile matrix with method 'bin' and step 0.85 ... OK
Create profile matrix with method 'bin' and step 0.85 ... OK
Create profile matrix with method 'bin' and step 0.85 ... OK
Create profile matrix with method 'bin' and step 0.85 ... OK
Create profile matrix with method 'bin' and step 0.85 ... OK
Create profile matrix with method 'bin' and step 0.85 ... OK
Create profile matrix with method 'bin' and step 0.85 ... OK
Processing 71812 mz slices ... OK
Create profile matrix with method 'bin' and step 0.85 ... OK
Create profile matrix with method 'bin' and step 0.85 ... OK
Create profile matrix with method 'bin' and step 0.85 ... OK
Create profile matrix with method 'bin' and step 0.85 ... OK
Create profile matrix with method 'bin' and step 0.85 ... OK
Create profile matrix with method 'bin' and step 0.85 ... OK
Create profile matrix with method 'bin' and step 0.85 ... OK
Create profile matrix with method 'bin' and step 0.85 ... OK
Processing 71812 mz slices ... OK
Create profile matrix with method 'bin' and step 0.85 ... OK
Create profile matrix with method 'bin' and step 0.85 ... OK
Create profile matrix with method 'bin' and step 0.85 ... OK
Create profile matrix with method 'bin' and step 0.85 ... OK
Create profile matrix with method 'bin' and step 0.85 ... OK
Create profile matrix with method 'bin' and step 0.85 ... OK
Create profile matrix with method 'bin' and step 0.85 ... OK
Create profile matrix with method 'bin' and step 0.85 ... OK
Processing 119686 mz slices ... OK
Create profile matrix with method 'bin' and step 0.85 ... OK
Create profile matrix with method 'bin' and step 0.85 ... OK
Create profile matrix with method 'bin' and step 0.85 ... OK
Create profile matrix with method 'bin' and step 0.85 ... OK
Create profile matrix with method 'bin' and step 0.85 ... OK
Create profile matrix with method 'bin' and step 0.85 ... OK
Create profile matrix with method 'bin' and step 0.85 ... OK
Create profile matrix with method 'bin' and step 0.85 ... OK
Processing 51295 mz slices ... OK
Create profile matrix with method 'bin' and step 0.85 ... OK
Create profile matrix with method 'bin' and step 0.85 ... OK
Create profile matrix with method 'bin' and step 0.85 ... OK
Create profile matrix with method 'bin' and step 0.85 ... OK
Create profile matrix with method 'bin' and step 0.85 ... OK
Create profile matrix with method 'bin' and step 0.85 ... OK
Create profile matrix with method 'bin' and step 0.85 ... OK
Create profile matrix with method 'bin' and step 0.85 ... OK
Processing 71812 mz slices ... OK
Create profile matrix with method 'bin' and step 0.7 ... OK
Create profile matrix with method 'bin' and step 0.7 ... OK
Create profile matrix with method 'bin' and step 0.7 ... OK
Create profile matrix with method 'bin' and step 0.7 ... OK
Create profile matrix with method 'bin' and step 0.7 ... OK
Processing 119686 mz slices ... OK



starting new DoE with:

gapInit: c(0.16, 0.64)
gapExtend: c(2.16, 2.64)
profStep: c(0.52, 0.88)
bw: c(12.4, 31.6)
mzwid: c(0.003, 0.027)
distFunc: cor_opt
plottype: none
response: 1
factorDiag: 2
factorGap: 1
localAlignment: 0
retcorMethod: obiwarp
minfrac: 0.05
minsamp: 1
max: 50
center: 3

Create profile matrix with method 'bin' and step 0.52 ... OK
Create profile matrix with method 'bin' and step 0.52 ... OK
Create profile matrix with method 'bin' and step 0.52 ... OK
Create profile matrix with method 'bin' and step 0.52 ... OK
Create profile matrix with method 'bin' and step 0.52 ... OK
Create profile matrix with method 'bin' and step 0.52 ... OK
Create profile matrix with method 'bin' and step 0.52 ... OK
Create profile matrix with method 'bin' and step 0.52 ... OK
Processing 598422 mz slices ... OK
Create profile matrix with method 'bin' and step 0.52 ... OK
Create profile matrix with method 'bin' and step 0.52 ... OK
Create profile matrix with method 'bin' and step 0.52 ... OK
Create profile matrix with method 'bin' and step 0.52 ... OK
Create profile matrix with method 'bin' and step 0.52 ... OK
Create profile matrix with method 'bin' and step 0.52 ... OK
Create profile matrix with method 'bin' and step 0.52 ... OK
Create profile matrix with method 'bin' and step 0.52 ... OK
Processing 598422 mz slices ... OK
Create profile matrix with method 'bin' and step 0.52 ... OK
Create profile matrix with method 'bin' and step 0.52 ... OK
Create profile matrix with method 'bin' and step 0.52 ... OK
Create profile matrix with method 'bin' and step 0.52 ... OK
Create profile matrix with method 'bin' and step 0.52 ... OK
Create profile matrix with method 'bin' and step 0.52 ... OK
Create profile matrix with method 'bin' and step 0.52 ... OK
Create profile matrix with method 'bin' and step 0.52 ... OK
Processing 598422 mz slices ... OK
Create profile matrix with method 'bin' and step 0.52 ... OK
Create profile matrix with method 'bin' and step 0.52 ... OK
Create profile matrix with method 'bin' and step 0.52 ... OK
Create profile matrix with method 'bin' and step 0.52 ... OK
Create profile matrix with method 'bin' and step 0.52 ... OK
Create profile matrix with method 'bin' and step 0.52 ... OK
Create profile matrix with method 'bin' and step 0.52 ... OK
Create profile matrix with method 'bin' and step 0.52 ... OK
Processing 598422 mz slices ... OK
Create profile matrix with method 'bin' and step 0.88 ... OK
Create profile matrix with method 'bin' and step 0.88 ... OK
Create profile matrix with method 'bin' and step 0.88 ... OK
Create profile matrix with method 'bin' and step 0.88 ... OK
Create profile matrix with method 'bin' and step 0.88 ... OK
Create profile matrix with method 'bin' and step 0.88 ... OK
Create profile matrix with method 'bin' and step 0.88 ... OK
Create profile matrix with method 'bin' and step 0.88 ... OK
Processing 598422 mz slices ... OK
Create profile matrix with method 'bin' and step 0.88 ... OK
Create profile matrix with method 'bin' and step 0.88 ... OK
Create profile matrix with method 'bin' and step 0.88 ... OK
Create profile matrix with method 'bin' and step 0.88 ... OK
Create profile matrix with method 'bin' and step 0.88 ... OK
Create profile matrix with method 'bin' and step 0.88 ... OK
Create profile matrix with method 'bin' and step 0.88 ... OK
Create profile matrix with method 'bin' and step 0.88 ... OK
Processing 598422 mz slices ... OK
Create profile matrix with method 'bin' and step 0.88 ... OK
Create profile matrix with method 'bin' and step 0.88 ... OK
Create profile matrix with method 'bin' and step 0.88 ... OK
Create profile matrix with method 'bin' and step 0.88 ... OK
Create profile matrix with method 'bin' and step 0.88 ... OK
Create profile matrix with method 'bin' and step 0.88 ... OK
Create profile matrix with method 'bin' and step 0.88 ... OK
Create profile matrix with method 'bin' and step 0.88 ... OK
Processing 598422 mz slices ... OK
Create profile matrix with method 'bin' and step 0.88 ... OK
Create profile matrix with method 'bin' and step 0.88 ... OK
Create profile matrix with method 'bin' and step 0.88 ... OK
Create profile matrix with method 'bin' and step 0.88 ... OK
Create profile matrix with method 'bin' and step 0.88 ... OK
Create profile matrix with method 'bin' and step 0.88 ... OK
Create profile matrix with method 'bin' and step 0.88 ... OK
Create profile matrix with method 'bin' and step 0.88 ... OK
Processing 598422 mz slices ... OK
Create profile matrix with method 'bin' and step 0.52 ... OK
Create profile matrix with method 'bin' and step 0.52 ... OK
Create profile matrix with method 'bin' and step 0.52 ... OK
Create profile matrix with method 'bin' and step 0.52 ... OK
Create profile matrix with method 'bin' and step 0.52 ... OK
Create profile matrix with method 'bin' and step 0.52 ... OK
Create profile matrix with method 'bin' and step 0.52 ... OK
Create profile matrix with method 'bin' and step 0.52 ... OK
Processing 598422 mz slices ... OK
Create profile matrix with method 'bin' and step 0.52 ... OK
Create profile matrix with method 'bin' and step 0.52 ... OK
Create profile matrix with method 'bin' and step 0.52 ... OK
Create profile matrix with method 'bin' and step 0.52 ... OK
Create profile matrix with method 'bin' and step 0.52 ... OK
Create profile matrix with method 'bin' and step 0.52 ... OK
Create profile matrix with method 'bin' and step 0.52 ... OK
Create profile matrix with method 'bin' and step 0.52 ... OK
Processing 598422 mz slices ... OK
Create profile matrix with method 'bin' and step 0.52 ... OK
Create profile matrix with method 'bin' and step 0.52 ... OK
Create profile matrix with method 'bin' and step 0.52 ... OK
Create profile matrix with method 'bin' and step 0.52 ... OK
Create profile matrix with method 'bin' and step 0.52 ... OK
Create profile matrix with method 'bin' and step 0.52 ... OK
Create profile matrix with method 'bin' and step 0.52 ... OK
Create profile matrix with method 'bin' and step 0.52 ... OK
Processing 598422 mz slices ... OK
Create profile matrix with method 'bin' and step 0.52 ... OK
Create profile matrix with method 'bin' and step 0.52 ... OK
Create profile matrix with method 'bin' and step 0.52 ... OK
Create profile matrix with method 'bin' and step 0.52 ... OK
Create profile matrix with method 'bin' and step 0.52 ... OK
Create profile matrix with method 'bin' and step 0.52 ... OK
Create profile matrix with method 'bin' and step 0.52 ... OK
Create profile matrix with method 'bin' and step 0.52 ... OK
Processing 598422 mz slices ... OK
Create profile matrix with method 'bin' and step 0.88 ... OK
Create profile matrix with method 'bin' and step 0.88 ... OK
Create profile matrix with method 'bin' and step 0.88 ... OK
Create profile matrix with method 'bin' and step 0.88 ... OK
Create profile matrix with method 'bin' and step 0.88 ... OK
Create profile matrix with method 'bin' and step 0.88 ... OK
Create profile matrix with method 'bin' and step 0.88 ... OK
Create profile matrix with method 'bin' and step 0.88 ... OK
Processing 598422 mz slices ... OK
Create profile matrix with method 'bin' and step 0.88 ... OK
Create profile matrix with method 'bin' and step 0.88 ... OK
Create profile matrix with method 'bin' and step 0.88 ... OK
Create profile matrix with method 'bin' and step 0.88 ... OK
Create profile matrix with method 'bin' and step 0.88 ... OK
Create profile matrix with method 'bin' and step 0.88 ... OK
Create profile matrix with method 'bin' and step 0.88 ... OK
Create profile matrix with method 'bin' and step 0.88 ... OK
Processing 598422 mz slices ... OK
Create profile matrix with method 'bin' and step 0.88 ... OK
Create profile matrix with method 'bin' and step 0.88 ... OK
Create profile matrix with method 'bin' and step 0.88 ... OK
Create profile matrix with method 'bin' and step 0.88 ... OK
Create profile matrix with method 'bin' and step 0.88 ... OK
Create profile matrix with method 'bin' and step 0.88 ... OK
Create profile matrix with method 'bin' and step 0.88 ... OK
Create profile matrix with method 'bin' and step 0.88 ... OK
Processing 598422 mz slices ... OK
Create profile matrix with method 'bin' and step 0.88 ... OK
Create profile matrix with method 'bin' and step 0.88 ... OK
Create profile matrix with method 'bin' and step 0.88 ... OK
Create profile matrix with method 'bin' and step 0.88 ... OK
Create profile matrix with method 'bin' and step 0.88 ... OK
Create profile matrix with method 'bin' and step 0.88 ... OK
Create profile matrix with method 'bin' and step 0.88 ... OK
Create profile matrix with method 'bin' and step 0.88 ... OK
Processing 598422 mz slices ... OK
Create profile matrix with method 'bin' and step 0.52 ... OK
Create profile matrix with method 'bin' and step 0.52 ... OK
Create profile matrix with method 'bin' and step 0.52 ... OK
Create profile matrix with method 'bin' and step 0.52 ... OK
Create profile matrix with method 'bin' and step 0.52 ... OK
Create profile matrix with method 'bin' and step 0.52 ... OK
Create profile matrix with method 'bin' and step 0.52 ... OK
Create profile matrix with method 'bin' and step 0.52 ... OK
Processing 66493 mz slices ... OK
Create profile matrix with method 'bin' and step 0.52 ... OK
Create profile matrix with method 'bin' and step 0.52 ... OK
Create profile matrix with method 'bin' and step 0.52 ... OK
Create profile matrix with method 'bin' and step 0.52 ... OK
Create profile matrix with method 'bin' and step 0.52 ... OK
Create profile matrix with method 'bin' and step 0.52 ... OK
Create profile matrix with method 'bin' and step 0.52 ... OK
Create profile matrix with method 'bin' and step 0.52 ... OK
Processing 66493 mz slices ... OK
Create profile matrix with method 'bin' and step 0.52 ... OK
Create profile matrix with method 'bin' and step 0.52 ... OK
Create profile matrix with method 'bin' and step 0.52 ... OK
Create profile matrix with method 'bin' and step 0.52 ... OK
Create profile matrix with method 'bin' and step 0.52 ... OK
Create profile matrix with method 'bin' and step 0.52 ... OK
Create profile matrix with method 'bin' and step 0.52 ... OK
Create profile matrix with method 'bin' and step 0.52 ... OK
Processing 66493 mz slices ... OK
Create profile matrix with method 'bin' and step 0.52 ... OK
Create profile matrix with method 'bin' and step 0.52 ... OK
Create profile matrix with method 'bin' and step 0.52 ... OK
Create profile matrix with method 'bin' and step 0.52 ... OK
Create profile matrix with method 'bin' and step 0.52 ... OK
Create profile matrix with method 'bin' and step 0.52 ... OK
Create profile matrix with method 'bin' and step 0.52 ... OK
Create profile matrix with method 'bin' and step 0.52 ... OK
Processing 66493 mz slices ... OK
Create profile matrix with method 'bin' and step 0.88 ... OK
Create profile matrix with method 'bin' and step 0.88 ... OK
Create profile matrix with method 'bin' and step 0.88 ... OK
Create profile matrix with method 'bin' and step 0.88 ... OK
Create profile matrix with method 'bin' and step 0.88 ... OK
Create profile matrix with method 'bin' and step 0.88 ... OK
Create profile matrix with method 'bin' and step 0.88 ... OK
Create profile matrix with method 'bin' and step 0.88 ... OK
Processing 66493 mz slices ... OK
Create profile matrix with method 'bin' and step 0.88 ... OK
Create profile matrix with method 'bin' and step 0.88 ... OK
Create profile matrix with method 'bin' and step 0.88 ... OK
Create profile matrix with method 'bin' and step 0.88 ... OK
Create profile matrix with method 'bin' and step 0.88 ... OK
Create profile matrix with method 'bin' and step 0.88 ... OK
Create profile matrix with method 'bin' and step 0.88 ... OK
Create profile matrix with method 'bin' and step 0.88 ... OK
Processing 66493 mz slices ... OK
Create profile matrix with method 'bin' and step 0.88 ... OK
Create profile matrix with method 'bin' and step 0.88 ... OK
Create profile matrix with method 'bin' and step 0.88 ... OK
Create profile matrix with method 'bin' and step 0.88 ... OK
Create profile matrix with method 'bin' and step 0.88 ... OK
Create profile matrix with method 'bin' and step 0.88 ... OK
Create profile matrix with method 'bin' and step 0.88 ... OK
Create profile matrix with method 'bin' and step 0.88 ... OK
Processing 66493 mz slices ... OK
Create profile matrix with method 'bin' and step 0.88 ... OK
Create profile matrix with method 'bin' and step 0.88 ... OK
Create profile matrix with method 'bin' and step 0.88 ... OK
Create profile matrix with method 'bin' and step 0.88 ... OK
Create profile matrix with method 'bin' and step 0.88 ... OK
Create profile matrix with method 'bin' and step 0.88 ... OK
Create profile matrix with method 'bin' and step 0.88 ... OK
Create profile matrix with method 'bin' and step 0.88 ... OK
Processing 66493 mz slices ... OK
Create profile matrix with method 'bin' and step 0.52 ... OK
Create profile matrix with method 'bin' and step 0.52 ... OK
Create profile matrix with method 'bin' and step 0.52 ... OK
Create profile matrix with method 'bin' and step 0.52 ... OK
Create profile matrix with method 'bin' and step 0.52 ... OK
Create profile matrix with method 'bin' and step 0.52 ... OK
Create profile matrix with method 'bin' and step 0.52 ... OK
Create profile matrix with method 'bin' and step 0.52 ... OK
Processing 66493 mz slices ... OK
Create profile matrix with method 'bin' and step 0.52 ... OK
Create profile matrix with method 'bin' and step 0.52 ... OK
Create profile matrix with method 'bin' and step 0.52 ... OK
Create profile matrix with method 'bin' and step 0.52 ... OK
Create profile matrix with method 'bin' and step 0.52 ... OK
Create profile matrix with method 'bin' and step 0.52 ... OK
Create profile matrix with method 'bin' and step 0.52 ... OK
Create profile matrix with method 'bin' and step 0.52 ... OK
Processing 66493 mz slices ... OK
Create profile matrix with method 'bin' and step 0.52 ... OK
Create profile matrix with method 'bin' and step 0.52 ... OK
Create profile matrix with method 'bin' and step 0.52 ... OK
Create profile matrix with method 'bin' and step 0.52 ... OK
Create profile matrix with method 'bin' and step 0.52 ... OK
Create profile matrix with method 'bin' and step 0.52 ... OK
Create profile matrix with method 'bin' and step 0.52 ... OK
Create profile matrix with method 'bin' and step 0.52 ... OK
Processing 66493 mz slices ... OK
Create profile matrix with method 'bin' and step 0.52 ... OK
Create profile matrix with method 'bin' and step 0.52 ... OK
Create profile matrix with method 'bin' and step 0.52 ... OK
Create profile matrix with method 'bin' and step 0.52 ... OK
Create profile matrix with method 'bin' and step 0.52 ... OK
Create profile matrix with method 'bin' and step 0.52 ... OK
Create profile matrix with method 'bin' and step 0.52 ... OK
Create profile matrix with method 'bin' and step 0.52 ... OK
Processing 66493 mz slices ... OK
Create profile matrix with method 'bin' and step 0.88 ... OK
Create profile matrix with method 'bin' and step 0.88 ... OK
Create profile matrix with method 'bin' and step 0.88 ... OK
Create profile matrix with method 'bin' and step 0.88 ... OK
Create profile matrix with method 'bin' and step 0.88 ... OK
Create profile matrix with method 'bin' and step 0.88 ... OK
Create profile matrix with method 'bin' and step 0.88 ... OK
Create profile matrix with method 'bin' and step 0.88 ... OK
Processing 66493 mz slices ... OK
Create profile matrix with method 'bin' and step 0.88 ... OK
Create profile matrix with method 'bin' and step 0.88 ... OK
Create profile matrix with method 'bin' and step 0.88 ... OK
Create profile matrix with method 'bin' and step 0.88 ... OK
Create profile matrix with method 'bin' and step 0.88 ... OK
Create profile matrix with method 'bin' and step 0.88 ... OK
Create profile matrix with method 'bin' and step 0.88 ... OK
Create profile matrix with method 'bin' and step 0.88 ... OK
Processing 66493 mz slices ... OK
Create profile matrix with method 'bin' and step 0.88 ... OK
Create profile matrix with method 'bin' and step 0.88 ... OK
Create profile matrix with method 'bin' and step 0.88 ... OK
Create profile matrix with method 'bin' and step 0.88 ... OK
Create profile matrix with method 'bin' and step 0.88 ... OK
Create profile matrix with method 'bin' and step 0.88 ... OK
Create profile matrix with method 'bin' and step 0.88 ... OK
Create profile matrix with method 'bin' and step 0.88 ... OK
Processing 66493 mz slices ... OK
Create profile matrix with method 'bin' and step 0.88 ... OK
Create profile matrix with method 'bin' and step 0.88 ... OK
Create profile matrix with method 'bin' and step 0.88 ... OK
Create profile matrix with method 'bin' and step 0.88 ... OK
Create profile matrix with method 'bin' and step 0.88 ... OK
Create profile matrix with method 'bin' and step 0.88 ... OK
Create profile matrix with method 'bin' and step 0.88 ... OK
Create profile matrix with method 'bin' and step 0.88 ... OK
Processing 66493 mz slices ... OK
Create profile matrix with method 'bin' and step 0.7 ... OK
Create profile matrix with method 'bin' and step 0.7 ... OK
Create profile matrix with method 'bin' and step 0.7 ... OK
Create profile matrix with method 'bin' and step 0.7 ... OK
Create profile matrix with method 'bin' and step 0.7 ... OK
Processing 119686 mz slices ... OK
Create profile matrix with method 'bin' and step 0.7 ... OK
Create profile matrix with method 'bin' and step 0.7 ... OK
Create profile matrix with method 'bin' and step 0.7 ... OK
Create profile matrix with method 'bin' and step 0.7 ... OK
Create profile matrix with method 'bin' and step 0.7 ... OK
Processing 119686 mz slices ... OK
Create profile matrix with method 'bin' and step 0.7 ... OK
Create profile matrix with method 'bin' and step 0.7 ... OK
Create profile matrix with method 'bin' and step 0.7 ... OK
Create profile matrix with method 'bin' and step 0.7 ... OK
Create profile matrix with method 'bin' and step 0.7 ... OK
Processing 119686 mz slices ... OK
Create profile matrix with method 'bin' and step 0.7 ... OK
Create profile matrix with method 'bin' and step 0.7 ... OK
Create profile matrix with method 'bin' and step 0.7 ... OK
Create profile matrix with method 'bin' and step 0.7 ... OK
Create profile matrix with method 'bin' and step 0.7 ... OK
Processing 119686 mz slices ... OK
Create profile matrix with method 'bin' and step 0.7 ... OK
Create profile matrix with method 'bin' and step 0.7 ... OK
Create profile matrix with method 'bin' and step 0.7 ... OK
Create profile matrix with method 'bin' and step 0.7 ... OK
Create profile matrix with method 'bin' and step 0.7 ... OK
Processing 119686 mz slices ... OK
Create profile matrix with method 'bin' and step 0.52 ... OK
Create profile matrix with method 'bin' and step 0.52 ... OK
Create profile matrix with method 'bin' and step 0.52 ... OK
Create profile matrix with method 'bin' and step 0.52 ... OK
Create profile matrix with method 'bin' and step 0.52 ... OK
Create profile matrix with method 'bin' and step 0.52 ... OK
Create profile matrix with method 'bin' and step 0.52 ... OK
Create profile matrix with method 'bin' and step 0.52 ... OK
Processing 119686 mz slices ... OK
Create profile matrix with method 'bin' and step 0.88 ... OK
Create profile matrix with method 'bin' and step 0.88 ... OK
Create profile matrix with method 'bin' and step 0.88 ... OK
Create profile matrix with method 'bin' and step 0.88 ... OK
Create profile matrix with method 'bin' and step 0.88 ... OK
Create profile matrix with method 'bin' and step 0.88 ... OK
Create profile matrix with method 'bin' and step 0.88 ... OK
Create profile matrix with method 'bin' and step 0.88 ... OK
Processing 119686 mz slices ... OK
Create profile matrix with method 'bin' and step 0.7 ... OK
Create profile matrix with method 'bin' and step 0.7 ... OK
Create profile matrix with method 'bin' and step 0.7 ... OK
Create profile matrix with method 'bin' and step 0.7 ... OK
Create profile matrix with method 'bin' and step 0.7 ... OK
Processing 119686 mz slices ... OK
Create profile matrix with method 'bin' and step 0.7 ... OK
Create profile matrix with method 'bin' and step 0.7 ... OK
Create profile matrix with method 'bin' and step 0.7 ... OK
Create profile matrix with method 'bin' and step 0.7 ... OK
Create profile matrix with method 'bin' and step 0.7 ... OK
Processing 119686 mz slices ... OK
Create profile matrix with method 'bin' and step 0.7 ... OK
Create profile matrix with method 'bin' and step 0.7 ... OK
Create profile matrix with method 'bin' and step 0.7 ... OK
Create profile matrix with method 'bin' and step 0.7 ... OK
Create profile matrix with method 'bin' and step 0.7 ... OK
Processing 598422 mz slices ... OK
Create profile matrix with method 'bin' and step 0.7 ... OK
Create profile matrix with method 'bin' and step 0.7 ... OK
Create profile matrix with method 'bin' and step 0.7 ... OK
Create profile matrix with method 'bin' and step 0.7 ... OK
Create profile matrix with method 'bin' and step 0.7 ... OK
Processing 66493 mz slices ... OK
Create profile matrix with method 'bin' and step 0.7 ... OK
Create profile matrix with method 'bin' and step 0.7 ... OK
Create profile matrix with method 'bin' and step 0.7 ... OK
Create profile matrix with method 'bin' and step 0.7 ... OK
Create profile matrix with method 'bin' and step 0.7 ... OK
Processing 119686 mz slices ... OK
Create profile matrix with method 'bin' and step 0.7 ... OK
Create profile matrix with method 'bin' and step 0.7 ... OK
Create profile matrix with method 'bin' and step 0.7 ... OK
Create profile matrix with method 'bin' and step 0.7 ... OK
Create profile matrix with method 'bin' and step 0.7 ... OK
Processing 176008 mz slices ... OK



starting new DoE with:

gapInit: c(0, 0.528)
gapExtend: c(2.208, 2.592)
profStep: c(0.556, 0.844)
bw: c(0.879999999999999, 23.92)
mzwid: c(1e-04, 0.0241)
distFunc: cor_opt
plottype: none
response: 1
factorDiag: 2
factorGap: 1
localAlignment: 0
retcorMethod: obiwarp
minfrac: 0.05
minsamp: 1
max: 50
center: 3

Create profile matrix with method 'bin' and step 0.556 ... OK
Create profile matrix with method 'bin' and step 0.556 ... OK
Create profile matrix with method 'bin' and step 0.556 ... OK
Create profile matrix with method 'bin' and step 0.556 ... OK
Create profile matrix with method 'bin' and step 0.556 ... OK
Create profile matrix with method 'bin' and step 0.556 ... OK
Create profile matrix with method 'bin' and step 0.556 ... OK
Create profile matrix with method 'bin' and step 0.556 ... OK
Processing 17952628 mz slices ... OK
Create profile matrix with method 'bin' and step 0.556 ... OK
Create profile matrix with method 'bin' and step 0.556 ... OK
Create profile matrix with method 'bin' and step 0.556 ... OK
Create profile matrix with method 'bin' and step 0.556 ... OK
Create profile matrix with method 'bin' and step 0.556 ... OK
Create profile matrix with method 'bin' and step 0.556 ... OK
Create profile matrix with method 'bin' and step 0.556 ... OK
Create profile matrix with method 'bin' and step 0.556 ... OK
Processing 17952628 mz slices ... OK
Create profile matrix with method 'bin' and step 0.556 ... OK
Create profile matrix with method 'bin' and step 0.556 ... OK
Create profile matrix with method 'bin' and step 0.556 ... OK
Create profile matrix with method 'bin' and step 0.556 ... OK
Create profile matrix with method 'bin' and step 0.556 ... OK
Create profile matrix with method 'bin' and step 0.556 ... OK
Create profile matrix with method 'bin' and step 0.556 ... OK
Create profile matrix with method 'bin' and step 0.556 ... OK
Processing 17952628 mz slices ... OK
Create profile matrix with method 'bin' and step 0.556 ... OK
Create profile matrix with method 'bin' and step 0.556 ... OK
Create profile matrix with method 'bin' and step 0.556 ... OK
Create profile matrix with method 'bin' and step 0.556 ... OK
Create profile matrix with method 'bin' and step 0.556 ... OK
Create profile matrix with method 'bin' and step 0.556 ... OK
Create profile matrix with method 'bin' and step 0.556 ... OK
Create profile matrix with method 'bin' and step 0.556 ... OK
Processing 17952628 mz slices ... OK
Create profile matrix with method 'bin' and step 0.844 ... OK
Create profile matrix with method 'bin' and step 0.844 ... OK
Create profile matrix with method 'bin' and step 0.844 ... OK
Create profile matrix with method 'bin' and step 0.844 ... OK
Create profile matrix with method 'bin' and step 0.844 ... OK
Create profile matrix with method 'bin' and step 0.844 ... OK
Create profile matrix with method 'bin' and step 0.844 ... OK
Create profile matrix with method 'bin' and step 0.844 ... OK
Processing 17952628 mz slices ... OK
Create profile matrix with method 'bin' and step 0.844 ... OK
Create profile matrix with method 'bin' and step 0.844 ... OK
Create profile matrix with method 'bin' and step 0.844 ... OK
Create profile matrix with method 'bin' and step 0.844 ... OK
Create profile matrix with method 'bin' and step 0.844 ... OK
Create profile matrix with method 'bin' and step 0.844 ... OK
Create profile matrix with method 'bin' and step 0.844 ... OK
Create profile matrix with method 'bin' and step 0.844 ... OK
Processing 17952628 mz slices ... OK
Create profile matrix with method 'bin' and step 0.844 ... OK
Create profile matrix with method 'bin' and step 0.844 ... OK
Create profile matrix with method 'bin' and step 0.844 ... OK
Create profile matrix with method 'bin' and step 0.844 ... OK
Create profile matrix with method 'bin' and step 0.844 ... OK
Create profile matrix with method 'bin' and step 0.844 ... OK
Create profile matrix with method 'bin' and step 0.844 ... OK
Create profile matrix with method 'bin' and step 0.844 ... OK
Processing 17952628 mz slices ... OK
Create profile matrix with method 'bin' and step 0.844 ... OK
Create profile matrix with method 'bin' and step 0.844 ... OK
Create profile matrix with method 'bin' and step 0.844 ... OK
Create profile matrix with method 'bin' and step 0.844 ... OK
Create profile matrix with method 'bin' and step 0.844 ... OK
Create profile matrix with method 'bin' and step 0.844 ... OK
Create profile matrix with method 'bin' and step 0.844 ... OK
Create profile matrix with method 'bin' and step 0.844 ... OK
Processing 17952628 mz slices ... OK
Create profile matrix with method 'bin' and step 0.556 ... OK
Create profile matrix with method 'bin' and step 0.556 ... OK
Create profile matrix with method 'bin' and step 0.556 ... OK
Create profile matrix with method 'bin' and step 0.556 ... OK
Create profile matrix with method 'bin' and step 0.556 ... OK
Create profile matrix with method 'bin' and step 0.556 ... OK
Create profile matrix with method 'bin' and step 0.556 ... OK
Create profile matrix with method 'bin' and step 0.556 ... OK
Processing 17952628 mz slices ... OK
Create profile matrix with method 'bin' and step 0.556 ... OK
Create profile matrix with method 'bin' and step 0.556 ... OK
Create profile matrix with method 'bin' and step 0.556 ... OK
Create profile matrix with method 'bin' and step 0.556 ... OK
Create profile matrix with method 'bin' and step 0.556 ... OK
Create profile matrix with method 'bin' and step 0.556 ... OK
Create profile matrix with method 'bin' and step 0.556 ... OK
Create profile matrix with method 'bin' and step 0.556 ... OK
Processing 17952628 mz slices ... OK
Create profile matrix with method 'bin' and step 0.556 ... OK
Create profile matrix with method 'bin' and step 0.556 ... OK
Create profile matrix with method 'bin' and step 0.556 ... OK
Create profile matrix with method 'bin' and step 0.556 ... OK
Create profile matrix with method 'bin' and step 0.556 ... OK
Create profile matrix with method 'bin' and step 0.556 ... OK
Create profile matrix with method 'bin' and step 0.556 ... OK
Create profile matrix with method 'bin' and step 0.556 ... OK
Processing 17952628 mz slices ... OK
Create profile matrix with method 'bin' and step 0.556 ... OK
Create profile matrix with method 'bin' and step 0.556 ... OK
Create profile matrix with method 'bin' and step 0.556 ... OK
Create profile matrix with method 'bin' and step 0.556 ... OK
Create profile matrix with method 'bin' and step 0.556 ... OK
Create profile matrix with method 'bin' and step 0.556 ... OK
Create profile matrix with method 'bin' and step 0.556 ... OK
Create profile matrix with method 'bin' and step 0.556 ... OK
Processing 17952628 mz slices ... 