center sample:  Person15_plasma_youth_POS 
Processing: Person17_plasma_youth_POS  Person16_plasma_youth_POS  Person19_plasma_elder_POS  Person23_plasma_elder_POS  
center sample:  Person15_plasma_youth_POS 
Processing: Person17_plasma_youth_POS  Person16_plasma_youth_POS  Person19_plasma_elder_POS  Person23_plasma_elder_POS  
center sample:  Person15_plasma_youth_POS 
Processing: Person17_plasma_youth_POS  Person16_plasma_youth_POS  Person19_plasma_elder_POS  Person23_plasma_elder_POS  
center sample:  Person15_plasma_youth_POS 
Processing: Person17_plasma_youth_POS  Person16_plasma_youth_POS  Person19_plasma_elder_POS  Person23_plasma_elder_POS  
center sample:  Person15_plasma_youth_POS 
Processing: Person17_plasma_youth_POS  Person16_plasma_youth_POS  Person19_plasma_elder_POS  Person23_plasma_elder_POS  
center sample:  Person15_plasma_youth_POS 
Processing: Person17_plasma_youth_POS  Person16_plasma_youth_POS  Person19_plasma_elder_POS  Person23_plasma_elder_POS  
center sample:  Person15_plasma_youth_POS 
Processing: Person17_plasma_youth_POS  Person16_plasma_youth_POS  Person19_plasma_elder_POS  Person23_plasma_elder_POS  
center sample:  Person15_plasma_youth_POS 
Processing: Person17_plasma_youth_POS  Person16_plasma_youth_POS  Person19_plasma_elder_POS  Person23_plasma_elder_POS  
center sample:  Person15_plasma_youth_POS 
Processing: Person17_plasma_youth_POS  Person16_plasma_youth_POS  Person19_plasma_elder_POS  Person23_plasma_elder_POS  
center sample:  Person15_plasma_youth_POS 
Processing: Person17_plasma_youth_POS  Person16_plasma_youth_POS  Person19_plasma_elder_POS  Person23_plasma_elder_POS  
center sample:  Person15_plasma_youth_POS 
Processing: Person17_plasma_youth_POS  Person16_plasma_youth_POS  Person19_plasma_elder_POS  Person23_plasma_elder_POS  
center sample:  Person15_plasma_youth_POS 
Processing: Person17_plasma_youth_POS  Person16_plasma_youth_POS  Person19_plasma_elder_POS  Person23_plasma_elder_POS  
center sample:  Person15_plasma_youth_POS 
Processing: Person17_plasma_youth_POS  Person16_plasma_youth_POS  Person19_plasma_elder_POS  Person23_plasma_elder_POS  
center sample:  Person15_plasma_youth_POS 
Processing: Person17_plasma_youth_POS  Person16_plasma_youth_POS  Person19_plasma_elder_POS  Person23_plasma_elder_POS  
center sample:  Person15_plasma_youth_POS 
Processing: Person17_plasma_youth_POS  Person16_plasma_youth_POS  Person19_plasma_elder_POS  Person23_plasma_elder_POS  
center sample:  Person15_plasma_youth_POS 
Processing: Person17_plasma_youth_POS  Person16_plasma_youth_POS  Person19_plasma_elder_POS  Person23_plasma_elder_POS  
center sample:  Person15_plasma_youth_POS 
Processing: Person17_plasma_youth_POS  Person16_plasma_youth_POS  Person19_plasma_elder_POS  Person23_plasma_elder_POS  
center sample:  Person15_plasma_youth_POS 
Processing: Person17_plasma_youth_POS  Person16_plasma_youth_POS  Person19_plasma_elder_POS  Person23_plasma_elder_POS  
center sample:  Person15_plasma_youth_POS 
Processing: Person17_plasma_youth_POS  Person16_plasma_youth_POS  Person19_plasma_elder_POS  Person23_plasma_elder_POS  
center sample:  Person15_plasma_youth_POS 
Processing: Person17_plasma_youth_POS  Person16_plasma_youth_POS  Person19_plasma_elder_POS  Person23_plasma_elder_POS  
center sample:  Person15_plasma_youth_POS 
Processing: Person17_plasma_youth_POS  Person16_plasma_youth_POS  Person19_plasma_elder_POS  Person23_plasma_elder_POS  
center sample:  Person15_plasma_youth_POS 
Processing: Person17_plasma_youth_POS  Person16_plasma_youth_POS  Person19_plasma_elder_POS  Person23_plasma_elder_POS  
center sample:  Person15_plasma_youth_POS 
Processing: Person17_plasma_youth_POS  Person16_plasma_youth_POS  Person19_plasma_elder_POS  Person23_plasma_elder_POS  
center sample:  Person15_plasma_youth_POS 
Processing: Person17_plasma_youth_POS  Person16_plasma_youth_POS  Person19_plasma_elder_POS  Person23_plasma_elder_POS  
center sample:  Person15_plasma_youth_POS 
Processing: Person17_plasma_youth_POS  Person16_plasma_youth_POS  Person19_plasma_elder_POS  Person23_plasma_elder_POS  
center sample:  Person15_plasma_youth_POS 
Processing: Person17_plasma_youth_POS  Person16_plasma_youth_POS  Person19_plasma_elder_POS  Person23_plasma_elder_POS  
center sample:  Person15_plasma_youth_POS 
Processing: Person17_plasma_youth_POS  Person16_plasma_youth_POS  Person19_plasma_elder_POS  Person23_plasma_elder_POS  
center sample:  Person15_plasma_youth_POS 
Processing: Person17_plasma_youth_POS  Person16_plasma_youth_POS  Person19_plasma_elder_POS  Person23_plasma_elder_POS  
center sample:  Person15_plasma_youth_POS 
Processing: Person17_plasma_youth_POS  Person16_plasma_youth_POS  Person19_plasma_elder_POS  Person23_plasma_elder_POS  
center sample:  Person15_plasma_youth_POS 
Processing: Person17_plasma_youth_POS  Person16_plasma_youth_POS  Person19_plasma_elder_POS  Person23_plasma_elder_POS  
center sample:  Person15_plasma_youth_POS 
Processing: Person17_plasma_youth_POS  Person16_plasma_youth_POS  Person19_plasma_elder_POS  Person23_plasma_elder_POS  
center sample:  Person15_plasma_youth_POS 
Processing: Person17_plasma_youth_POS  Person16_plasma_youth_POS  Person19_plasma_elder_POS  Person23_plasma_elder_POS  
center sample:  Person15_plasma_youth_POS 
Processing: Person17_plasma_youth_POS  Person16_plasma_youth_POS  Person19_plasma_elder_POS  Person23_plasma_elder_POS  
center sample:  Person15_plasma_youth_POS 
Processing: Person17_plasma_youth_POS  Person16_plasma_youth_POS  Person19_plasma_elder_POS  Person23_plasma_elder_POS  
center sample:  Person15_plasma_youth_POS 
Processing: Person17_plasma_youth_POS  Person16_plasma_youth_POS  Person19_plasma_elder_POS  Person23_plasma_elder_POS  
center sample:  Person15_plasma_youth_POS 
Processing: Person17_plasma_youth_POS  Person16_plasma_youth_POS  Person19_plasma_elder_POS  Person23_plasma_elder_POS  
center sample:  Person15_plasma_youth_POS 
Processing: Person17_plasma_youth_POS  Person16_plasma_youth_POS  Person19_plasma_elder_POS  Person23_plasma_elder_POS  
center sample:  Person15_plasma_youth_POS 
Processing: Person17_plasma_youth_POS  Person16_plasma_youth_POS  Person19_plasma_elder_POS  Person23_plasma_elder_POS  
ic peaks in 27063 regions of interest ... OK: 8840 found.
6
Detecting mass traces at 24.5 ppm ... OK
Detecting chromatographic peaks in 20859 regions of interest ... OK: 2877 found.
7
Detecting mass traces at 24.5 ppm ... OK
Detecting chromatographic peaks in 27063 regions of interest ... OK: 8840 found.
8
Detecting mass traces at 24.5 ppm ... OK
Detecting chromatographic peaks in 20859 regions of interest ... OK: 6805 found.
9
Detecting mass traces at 9.5 ppm ... OK
Detecting chromatographic peaks in 26745 regions of interest ... OK: 7894 found.
10
Detecting mass traces at 9.5 ppm ... OK
Detecting chromatographic peaks in 20429 regions of interest ... OK: 2318 found.
11
Detecting mass traces at 9.5 ppm ... OK
Detecting chromatographic peaks in 26745 regions of interest ... OK: 7928 found.
12
Detecting mass traces at 9.5 ppm ... OK
Detecting chromatographic peaks in 20429 regions of interest ... OK: 6236 found.
13
Detecting mass traces at 24.5 ppm ... OK
Detecting chromatographic peaks in 27063 regions of interest ... OK: 7827 found.
14
Detecting mass traces at 24.5 ppm ... OK
Detecting chromatographic peaks in 20859 regions of interest ... OK: 2468 found.
15
Detecting mass traces at 24.5 ppm ... OK
Detecting chromatographic peaks in 27063 regions of interest ... OK: 7774 found.
16
Detecting mass traces at 24.5 ppm ... OK
Detecting chromatographic peaks in 20859 regions of interest ... OK: 6044 found.
17
Detecting mass traces at 17 ppm ... OK
Detecting chromatographic peaks in 27190 regions of interest ... OK: 8471 found.
18
Detecting mass traces at 17 ppm ... OK
Detecting chromatographic peaks in 27190 regions of interest ... OK: 8600 found.
19
Detecting mass traces at 17 ppm ... OK
Detecting chromatographic peaks in 20970 regions of interest ... OK: 6654 found.
20
Detecting mass traces at 17 ppm ... OK
Detecting chromatographic peaks in 27190 regions of interest ... OK: 8356 found.
21
Detecting mass traces at 17 ppm ... OK
Detecting chromatographic peaks in 27190 regions of interest ... OK: 8474 found.
22
Detecting mass traces at 9.5 ppm ... OK
Detecting chromatographic peaks in 26745 regions of interest ... OK: 8543 found.
23
Detecting mass traces at 24.5 ppm ... OK
Detecting chromatographic peaks in 27063 regions of interest ... OK: 8293 found.
24
Detecting mass traces at 17 ppm ... OK
Detecting chromatographic peaks in 27190 regions of interest ... OK: 8629 found.
25
Detecting mass traces at 17 ppm ... OK
Detecting chromatographic peaks in 27190 regions of interest ... OK: 7865 found.
26
Detecting mass traces at 17 ppm ... OK
Detecting chromatographic peaks in 27190 regions of interest ... OK: 8471 found.
Detecting mass traces at 9.5 ppm ... OK
Detecting chromatographic peaks in 20429 regions of interest ... OK: 6767 found.



starting new DoE with:
min_peakwidth: c(27.2, 43.2)
max_peakwidth: c(65, 95)
ppm: c(2, 17)
mzdiff: c(-0.0054, 0.0034)
snthresh: 10
noise: 500
prefilter: 3
value_of_prefilter: 500
mzCenterFun: wMean
integrate: 2
fitgauss: FALSE
verbose.columns: TRUE

1
Detecting mass traces at 2 ppm ... OK
Detecting chromatographic peaks in 24030 regions of interest ... OK: 4516 found.
2
Detecting mass traces at 2 ppm ... OK
Detecting chromatographic peaks in 11593 regions of interest ... OK: 2248 found.
3
Detecting mass traces at 2 ppm ... OK
Detecting chromatographic peaks in 24030 regions of interest ... OK: 4624 found.
4
Detecting mass traces at 2 ppm ... OK
Detecting chromatographic peaks in 11593 regions of interest ... OK: 2309 found.
5
Detecting mass traces at 17 ppm ... OK
Detecting chromatographic peaks in 27190 regions of interest ... OK: 8620 found.
6
Detecting mass traces at 17 ppm ... OK
Detecting chromatographic peaks in 16887 regions of interest ... OK: 5452 found.
7
Detecting mass traces at 17 ppm ... OK
Detecting chromatographic peaks in 27190 regions of interest ... OK: 8691 found.
8
Detecting mass traces at 17 ppm ... OK
Detecting chromatographic peaks in 16887 regions of interest ... OK: 5536 found.
9
Detecting mass traces at 2 ppm ... OK
Detecting chromatographic peaks in 24030 regions of interest ... OK: 4363 found.
10
Detecting mass traces at 2 ppm ... OK
Detecting chromatographic peaks in 11593 regions of interest ... OK: 2215 found.
11
Detecting mass traces at 2 ppm ... OK
Detecting chromatographic peaks in 24030 regions of interest ... OK: 4446 found.
12
Detecting mass traces at 2 ppm ... OK
Detecting chromatographic peaks in 11593 regions of interest ... OK: 2266 found.
13
Detecting mass traces at 17 ppm ... OK
Detecting chromatographic peaks in 27190 regions of interest ... OK: 7952 found.
14
Detecting mass traces at 17 ppm ... OK
Detecting chromatographic peaks in 16887 regions of interest ... OK: 5036 found.
15
Detecting mass traces at 17 ppm ... OK
Detecting chromatographic peaks in 27190 regions of interest ... OK: 7977 found.
16
Detecting mass traces at 17 ppm ... OK
Detecting chromatographic peaks in 16887 regions of interest ... OK: 5091 found.
17
Detecting mass traces at 9.5 ppm ... OK
Detecting chromatographic peaks in 20429 regions of interest ... OK: 6767 found.
18
Detecting mass traces at 9.5 ppm ... OK
Detecting chromatographic peaks in 26745 regions of interest ... OK: 8572 found.
19
Detecting mass traces at 9.5 ppm ... OK
Detecting chromatographic peaks in 16279 regions of interest ... OK: 5389 found.
20
Detecting mass traces at 9.5 ppm ... OK
Detecting chromatographic peaks in 20429 regions of interest ... OK: 6716 found.
21
Detecting mass traces at 9.5 ppm ... OK
Detecting chromatographic peaks in 20429 regions of interest ... OK: 6772 found.
22
Detecting mass traces at 2 ppm ... OK
Detecting chromatographic peaks in 16124 regions of interest ... OK: 3188 found.
23
Detecting mass traces at 17 ppm ... OK
Detecting chromatographic peaks in 20970 regions of interest ... OK: 6688 found.
24
Detecting mass traces at 9.5 ppm ... OK
Detecting chromatographic peaks in 20429 regions of interest ... OK: 6857 found.
25
Detecting mass traces at 9.5 ppm ... OK
Detecting chromatographic peaks in 20429 regions of interest ... OK: 6321 found.
26
Detecting mass traces at 9.5 ppm ... OK
Detecting chromatographic peaks in 20429 regions of interest ... OK: 6767 found.
Detecting mass traces at 11.75 ppm ... OK
Detecting chromatographic peaks in 20703 regions of interest ... OK: 6778 found.
no increase, stopping
best parameter settings:
min_peakwidth: 35.2
max_peakwidth: 65
ppm: 11.75
mzdiff: -0.0054
snthresh: 10
noise: 500
prefilter: 3
value_of_prefilter: 500
mzCenterFun: wMean
integrate: 2
fitgauss: FALSE
verbose.columns: TRUE

There were 50 or more warnings (use warnings() to see the first 50)
Detecting mass traces at 11.75 ppm ... OK
Detecting chromatographic peaks in 24672 regions of interest ... OK: 8351 found.
Detecting mass traces at 11.75 ppm ... OK
Detecting chromatographic peaks in 20412 regions of interest ... OK: 7173 found.
Detecting mass traces at 11.75 ppm ... OK
Detecting chromatographic peaks in 26097 regions of interest ... OK: 9204 found.
Detecting mass traces at 11.75 ppm ... OK
Detecting chromatographic peaks in 23945 regions of interest ... OK: 8271 found.
Detecting mass traces at 11.75 ppm ... OK
Detecting chromatographic peaks in 24883 regions of interest ... OK: 9073 found.
Warning messages:
1: In .local(object, ...) :
  It looks like this file is in profile mode. centWave can process only centroid mode data !

2: In .local(object, ...) :
  It looks like this file is in profile mode. centWave can process only centroid mode data !

3: In .local(object, ...) :
  It looks like this file is in profile mode. centWave can process only centroid mode data !

4: In .local(object, ...) :
  It looks like this file is in profile mode. centWave can process only centroid mode data !

5: In .local(object, ...) :
  It looks like this file is in profile mode. centWave can process only centroid mode data !




starting new DoE with:

distFunc: cor_opt
gapInit: c(0, 0.4)
gapExtend: c(2.1, 2.7)
profStep: c(0.7, 1)
plottype: none
response: 1
factorDiag: 2
factorGap: 1
localAlignment: 0
retcorMethod: obiwarp
bw: c(22, 38)
minfrac: 0.05
mzwid: c(0.015, 0.035)
minsamp: 1
max: 50
center: 3

Create profile matrix with method 'bin' and step 0.7 ... OK
Create profile matrix with method 'bin' and step 0.7 ... OK
Create profile matrix with method 'bin' and step 0.7 ... OK
Create profile matrix with method 'bin' and step 0.7 ... OK
Create profile matrix with method 'bin' and step 0.7 ... OK
Processing 119686 mz slices ... OK
Create profile matrix with method 'bin' and step 0.7 ... OK
Create profile matrix with method 'bin' and step 0.7 ... OK
Create profile matrix with method 'bin' and step 0.7 ... OK
Create profile matrix with method 'bin' and step 0.7 ... OK
Create profile matrix with method 'bin' and step 0.7 ... OK
Processing 119686 mz slices ... OK
Create profile matrix with method 'bin' and step 0.7 ... OK
Create profile matrix with method 'bin' and step 0.7 ... OK
Create profile matrix with method 'bin' and step 0.7 ... OK
Create profile matrix with method 'bin' and step 0.7 ... OK
Create profile matrix with method 'bin' and step 0.7 ... OK
Processing 119686 mz slices ... OK
Create profile matrix with method 'bin' and step 0.7 ... OK
Create profile matrix with method 'bin' and step 0.7 ... OK
Create profile matrix with method 'bin' and step 0.7 ... OK
Create profile matrix with method 'bin' and step 0.7 ... OK
Create profile matrix with method 'bin' and step 0.7 ... OK
Processing 119686 mz slices ... OK
Create profile matrix with method 'bin' and step 1 ... OK
Create profile matrix with method 'bin' and step 1 ... OK
Create profile matrix with method 'bin' and step 1 ... OK
Create profile matrix with method 'bin' and step 1 ... OK
Create profile matrix with method 'bin' and step 1 ... OK
Processing 119686 mz slices ... OK
Create profile matrix with method 'bin' and step 1 ... OK
Create profile matrix with method 'bin' and step 1 ... OK
Create profile matrix with method 'bin' and step 1 ... OK
Create profile matrix with method 'bin' and step 1 ... OK
Create profile matrix with method 'bin' and step 1 ... OK
Processing 119686 mz slices ... OK
Create profile matrix with method 'bin' and step 1 ... OK
Create profile matrix with method 'bin' and step 1 ... OK
Create profile matrix with method 'bin' and step 1 ... OK
Create profile matrix with method 'bin' and step 1 ... OK
Create profile matrix with method 'bin' and step 1 ... OK
Processing 119686 mz slices ... OK
Create profile matrix with method 'bin' and step 1 ... OK
Create profile matrix with method 'bin' and step 1 ... OK
Create profile matrix with method 'bin' and step 1 ... OK
Create profile matrix with method 'bin' and step 1 ... OK
Create profile matrix with method 'bin' and step 1 ... OK
Processing 119686 mz slices ... OK
Create profile matrix with method 'bin' and step 0.7 ... OK
Create profile matrix with method 'bin' and step 0.7 ... OK
Create profile matrix with method 'bin' and step 0.7 ... OK
Create profile matrix with method 'bin' and step 0.7 ... OK
Create profile matrix with method 'bin' and step 0.7 ... OK
Processing 119686 mz slices ... OK
Create profile matrix with method 'bin' and step 0.7 ... OK
Create profile matrix with method 'bin' and step 0.7 ... OK
Create profile matrix with method 'bin' and step 0.7 ... OK
Create profile matrix with method 'bin' and step 0.7 ... OK
Create profile matrix with method 'bin' and step 0.7 ... OK
Processing 119686 mz slices ... OK
Create profile matrix with method 'bin' and step 0.7 ... OK
Create profile matrix with method 'bin' and step 0.7 ... OK
Create profile matrix with method 'bin' and step 0.7 ... OK
Create profile matrix with method 'bin' and step 0.7 ... OK
Create profile matrix with method 'bin' and step 0.7 ... OK
Processing 119686 mz slices ... OK
Create profile matrix with method 'bin' and step 0.7 ... OK
Create profile matrix with method 'bin' and step 0.7 ... OK
Create profile matrix with method 'bin' and step 0.7 ... OK
Create profile matrix with method 'bin' and step 0.7 ... OK
Create profile matrix with method 'bin' and step 0.7 ... OK
Processing 119686 mz slices ... OK
Create profile matrix with method 'bin' and step 1 ... OK
Create profile matrix with method 'bin' and step 1 ... OK
Create profile matrix with method 'bin' and step 1 ... OK
Create profile matrix with method 'bin' and step 1 ... OK
Create profile matrix with method 'bin' and step 1 ... OK
Processing 119686 mz slices ... OK
Create profile matrix with method 'bin' and step 1 ... OK
Create profile matrix with method 'bin' and step 1 ... OK
Create profile matrix with method 'bin' and step 1 ... OK
Create profile matrix with method 'bin' and step 1 ... OK
Create profile matrix with method 'bin' and step 1 ... OK
Processing 119686 mz slices ... OK
Create profile matrix with method 'bin' and step 1 ... OK
Create profile matrix with method 'bin' and step 1 ... OK
Create profile matrix with method 'bin' and step 1 ... OK
Create profile matrix with method 'bin' and step 1 ... OK
Create profile matrix with method 'bin' and step 1 ... OK
Processing 119686 mz slices ... OK
Create profile matrix with method 'bin' and step 1 ... OK
Create profile matrix with method 'bin' and step 1 ... OK
Create profile matrix with method 'bin' and step 1 ... OK
Create profile matrix with method 'bin' and step 1 ... OK
Create profile matrix with method 'bin' and step 1 ... OK
Processing 119686 mz slices ... OK
Create profile matrix with method 'bin' and step 0.7 ... OK
Create profile matrix with method 'bin' and step 0.7 ... OK
Create profile matrix with method 'bin' and step 0.7 ... OK
Create profile matrix with method 'bin' and step 0.7 ... OK
Create profile matrix with method 'bin' and step 0.7 ... OK
Processing 51295 mz slices ... OK
Create profile matrix with method 'bin' and step 0.7 ... OK
Create profile matrix with method 'bin' and step 0.7 ... OK
Create profile matrix with method 'bin' and step 0.7 ... OK
Create profile matrix with method 'bin' and step 0.7 ... OK
Create profile matrix with method 'bin' and step 0.7 ... OK
Processing 51295 mz slices ... OK
Create profile matrix with method 'bin' and step 0.7 ... OK
Create profile matrix with method 'bin' and step 0.7 ... OK
Create profile matrix with method 'bin' and step 0.7 ... OK
Create profile matrix with method 'bin' and step 0.7 ... OK
Create profile matrix with method 'bin' and step 0.7 ... OK
Processing 51295 mz slices ... OK
Create profile matrix with method 'bin' and step 0.7 ... OK
Create profile matrix with method 'bin' and step 0.7 ... OK
Create profile matrix with method 'bin' and step 0.7 ... OK
Create profile matrix with method 'bin' and step 0.7 ... OK
Create profile matrix with method 'bin' and step 0.7 ... OK
Processing 51295 mz slices ... OK
Create profile matrix with method 'bin' and step 1 ... OK
Create profile matrix with method 'bin' and step 1 ... OK
Create profile matrix with method 'bin' and step 1 ... OK
Create profile matrix with method 'bin' and step 1 ... OK
Create profile matrix with method 'bin' and step 1 ... OK
Processing 51295 mz slices ... OK
Create profile matrix with method 'bin' and step 1 ... OK
Create profile matrix with method 'bin' and step 1 ... OK
Create profile matrix with method 'bin' and step 1 ... OK
Create profile matrix with method 'bin' and step 1 ... OK
Create profile matrix with method 'bin' and step 1 ... OK
Processing 51295 mz slices ... OK
Create profile matrix with method 'bin' and step 1 ... OK
Create profile matrix with method 'bin' and step 1 ... OK
Create profile matrix with method 'bin' and step 1 ... OK
Create profile matrix with method 'bin' and step 1 ... OK
Create profile matrix with method 'bin' and step 1 ... OK
Processing 51295 mz slices ... OK
Create profile matrix with method 'bin' and step 1 ... OK
Create profile matrix with method 'bin' and step 1 ... OK
Create profile matrix with method 'bin' and step 1 ... OK
Create profile matrix with method 'bin' and step 1 ... OK
Create profile matrix with method 'bin' and step 1 ... OK
Processing 51295 mz slices ... OK
Create profile matrix with method 'bin' and step 0.7 ... OK
Create profile matrix with method 'bin' and step 0.7 ... OK
Create profile matrix with method 'bin' and step 0.7 ... OK
Create profile matrix with method 'bin' and step 0.7 ... OK
Create profile matrix with method 'bin' and step 0.7 ... OK
Processing 51295 mz slices ... OK
Create profile matrix with method 'bin' and step 0.7 ... OK
Create profile matrix with method 'bin' and step 0.7 ... OK
Create profile matrix with method 'bin' and step 0.7 ... OK
Create profile matrix with method 'bin' and step 0.7 ... OK
Create profile matrix with method 'bin' and step 0.7 ... OK
Processing 51295 mz slices ... OK
Create profile matrix with method 'bin' and step 0.7 ... OK
Create profile matrix with method 'bin' and step 0.7 ... OK
Create profile matrix with method 'bin' and step 0.7 ... OK
Create profile matrix with method 'bin' and step 0.7 ... OK
Create profile matrix with method 'bin' and step 0.7 ... OK
Processing 51295 mz slices ... OK
Create profile matrix with method 'bin' and step 0.7 ... OK
Create profile matrix with method 'bin' and step 0.7 ... OK
Create profile matrix with method 'bin' and step 0.7 ... OK
Create profile matrix with method 'bin' and step 0.7 ... OK
Create profile matrix with method 'bin' and step 0.7 ... OK
Processing 51295 mz slices ... OK
Create profile matrix with method 'bin' and step 1 ... OK
Create profile matrix with method 'bin' and step 1 ... OK
Create profile matrix with method 'bin' and step 1 ... OK
Create profile matrix with method 'bin' and step 1 ... OK
Create profile matrix with method 'bin' and step 1 ... OK
Processing 51295 mz slices ... OK
Create profile matrix with method 'bin' and step 1 ... OK
Create profile matrix with method 'bin' and step 1 ... OK
Create profile matrix with method 'bin' and step 1 ... OK
Create profile matrix with method 'bin' and step 1 ... OK
Create profile matrix with method 'bin' and step 1 ... OK
Processing 51295 mz slices ... OK
Create profile matrix with method 'bin' and step 1 ... OK
Create profile matrix with method 'bin' and step 1 ... OK
Create profile matrix with method 'bin' and step 1 ... OK
Create profile matrix with method 'bin' and step 1 ... OK
Create profile matrix with method 'bin' and step 1 ... OK
Processing 51295 mz slices ... OK
Create profile matrix with method 'bin' and step 1 ... OK
Create profile matrix with method 'bin' and step 1 ... OK
Create profile matrix with method 'bin' and step 1 ... OK
Create profile matrix with method 'bin' and step 1 ... OK
Create profile matrix with method 'bin' and step 1 ... OK
Processing 51295 mz slices ... OK
Create profile matrix with method 'bin' and step 0.85 ... OK
Create profile matrix with method 'bin' and step 0.85 ... OK
Create profile matrix with method 'bin' and step 0.85 ... OK
Create profile matrix with method 'bin' and step 0.85 ... OK
Create profile matrix with method 'bin' and step 0.85 ... OK
Create profile matrix with method 'bin' and step 0.85 ... OK
Create profile matrix with method 'bin' and step 0.85 ... OK
Create profile matrix with method 'bin' and step 0.85 ... OK
Processing 71812 mz slices ... OK
Create profile matrix with method 'bin' and step 0.85 ... OK
Create profile matrix with method 'bin' and step 0.85 ... OK
Create profile matrix with method 'bin' and step 0.85 ... OK
Create profile matrix with method 'bin' and step 0.85 ... OK
Create profile matrix with method 'bin' and step 0.85 ... OK
Create profile matrix with method 'bin' and step 0.85 ... OK
Create profile matrix with method 'bin' and step 0.85 ... OK
Create profile matrix with method 'bin' and step 0.85 ... OK
Processing 71812 mz slices ... OK
Create profile matrix with method 'bin' and step 0.85 ... OK
Create profile matrix with method 'bin' and step 0.85 ... OK
Create profile matrix with method 'bin' and step 0.85 ... OK
Create profile matrix with method 'bin' and step 0.85 ... OK
Create profile matrix with method 'bin' and step 0.85 ... OK
Create profile matrix with method 'bin' and step 0.85 ... OK
Create profile matrix with method 'bin' and step 0.85 ... OK
Create profile matrix with method 'bin' and step 0.85 ... OK
Processing 71812 mz slices ... OK
Create profile matrix with method 'bin' and step 0.85 ... OK
Create profile matrix with method 'bin' and step 0.85 ... OK
Create profile matrix with method 'bin' and step 0.85 ... OK
Create profile matrix with method 'bin' and step 0.85 ... OK
Create profile matrix with method 'bin' and step 0.85 ... OK
Create profile matrix with method 'bin' and step 0.85 ... OK
Create profile matrix with method 'bin' and step 0.85 ... OK
Create profile matrix with method 'bin' and step 0.85 ... OK
Processing 71812 mz slices ... OK
Create profile matrix with method 'bin' and step 0.85 ... OK
Create profile matrix with method 'bin' and step 0.85 ... OK
Create profile matrix with method 'bin' and step 0.85 ... OK
Create profile matrix with method 'bin' and step 0.85 ... OK
Create profile matrix with method 'bin' and step 0.85 ... OK
Create profile matrix with method 'bin' and step 0.85 ... OK
Create profile matrix with method 'bin' and step 0.85 ... OK
Create profile matrix with method 'bin' and step 0.85 ... OK
Processing 71812 mz slices ... OK
Create profile matrix with method 'bin' and step 0.7 ... OK
Create profile matrix with method 'bin' and step 0.7 ... OK
Create profile matrix with method 'bin' and step 0.7 ... OK
Create profile matrix with method 'bin' and step 0.7 ... OK
Create profile matrix with method 'bin' and step 0.7 ... OK
Processing 71812 mz slices ... 