center sample:  Person15_plasma_youth_POS 
Processing: Person11_plasma_youth_POS  Person24_plasma_elder_POS  Person22_plasma_elder_POS  Person12_plasma_youth_POS  
center sample:  Person15_plasma_youth_POS 
Processing: Person11_plasma_youth_POS  Person24_plasma_elder_POS  Person22_plasma_elder_POS  Person12_plasma_youth_POS  
center sample:  Person15_plasma_youth_POS 
Processing: Person11_plasma_youth_POS  Person24_plasma_elder_POS  Person22_plasma_elder_POS  Person12_plasma_youth_POS  
center sample:  Person15_plasma_youth_POS 
Processing: Person11_plasma_youth_POS  Person24_plasma_elder_POS  Person22_plasma_elder_POS  Person12_plasma_youth_POS  
center sample:  Person15_plasma_youth_POS 
Processing: Person11_plasma_youth_POS  Person24_plasma_elder_POS  Person22_plasma_elder_POS  Person12_plasma_youth_POS  
center sample:  Person15_plasma_youth_POS 
Processing: Person11_plasma_youth_POS  Person24_plasma_elder_POS  Person22_plasma_elder_POS  Person12_plasma_youth_POS  
center sample:  Person15_plasma_youth_POS 
Processing: Person11_plasma_youth_POS  Person24_plasma_elder_POS  Person22_plasma_elder_POS  Person12_plasma_youth_POS  
center sample:  Person15_plasma_youth_POS 
Processing: Person11_plasma_youth_POS  Person24_plasma_elder_POS  Person22_plasma_elder_POS  Person12_plasma_youth_POS  
center sample:  Person15_plasma_youth_POS 
Processing: Person11_plasma_youth_POS  Person24_plasma_elder_POS  Person22_plasma_elder_POS  Person12_plasma_youth_POS  
center sample:  Person15_plasma_youth_POS 
Processing: Person11_plasma_youth_POS  Person24_plasma_elder_POS  Person22_plasma_elder_POS  Person12_plasma_youth_POS  
center sample:  Person15_plasma_youth_POS 
Processing: Person11_plasma_youth_POS  Person24_plasma_elder_POS  Person22_plasma_elder_POS  Person12_plasma_youth_POS  
center sample:  Person15_plasma_youth_POS 
Processing: Person11_plasma_youth_POS  Person24_plasma_elder_POS  Person22_plasma_elder_POS  Person12_plasma_youth_POS  
center sample:  Person15_plasma_youth_POS 
Processing: Person11_plasma_youth_POS  Person24_plasma_elder_POS  Person22_plasma_elder_POS  Person12_plasma_youth_POS  
center sample:  Person15_plasma_youth_POS 
Processing: Person11_plasma_youth_POS  Person24_plasma_elder_POS  Person22_plasma_elder_POS  Person12_plasma_youth_POS  
center sample:  Person15_plasma_youth_POS 
Processing: Person11_plasma_youth_POS  Person24_plasma_elder_POS  Person22_plasma_elder_POS  Person12_plasma_youth_POS  
center sample:  Person15_plasma_youth_POS 
Processing: Person11_plasma_youth_POS  Person24_plasma_elder_POS  Person22_plasma_elder_POS  Person12_plasma_youth_POS  
center sample:  Person15_plasma_youth_POS 
Processing: Person11_plasma_youth_POS  Person24_plasma_elder_POS  Person22_plasma_elder_POS  Person12_plasma_youth_POS  
center sample:  Person15_plasma_youth_POS 
Processing: Person11_plasma_youth_POS  Person24_plasma_elder_POS  Person22_plasma_elder_POS  Person12_plasma_youth_POS  
center sample:  Person15_plasma_youth_POS 
Processing: Person11_plasma_youth_POS  Person24_plasma_elder_POS  Person22_plasma_elder_POS  Person12_plasma_youth_POS  
center sample:  Person15_plasma_youth_POS 
Processing: Person11_plasma_youth_POS  Person24_plasma_elder_POS  Person22_plasma_elder_POS  Person12_plasma_youth_POS  
center sample:  Person15_plasma_youth_POS 
Processing: Person11_plasma_youth_POS  Person24_plasma_elder_POS  Person22_plasma_elder_POS  Person12_plasma_youth_POS  
center sample:  Person15_plasma_youth_POS 
Processing: Person11_plasma_youth_POS  Person24_plasma_elder_POS  Person22_plasma_elder_POS  Person12_plasma_youth_POS  
center sample:  Person15_plasma_youth_POS 
Processing: Person11_plasma_youth_POS  Person24_plasma_elder_POS  Person22_plasma_elder_POS  Person12_plasma_youth_POS  
center sample:  Person15_plasma_youth_POS 
Processing: Person11_plasma_youth_POS  Person24_plasma_elder_POS  Person22_plasma_elder_POS  Person12_plasma_youth_POS  
center sample:  Person15_plasma_youth_POS 
Processing: Person11_plasma_youth_POS  Person24_plasma_elder_POS  Person22_plasma_elder_POS  Person12_plasma_youth_POS  
center sample:  Person15_plasma_youth_POS 
Processing: Person11_plasma_youth_POS  Person24_plasma_elder_POS  Person22_plasma_elder_POS  Person12_plasma_youth_POS  
center sample:  Person15_plasma_youth_POS 
Processing: Person11_plasma_youth_POS  Person24_plasma_elder_POS  Person22_plasma_elder_POS  Person12_plasma_youth_POS  
center sample:  Person15_plasma_youth_POS 
Processing: Person11_plasma_youth_POS  Person24_plasma_elder_POS  Person22_plasma_elder_POS  Person12_plasma_youth_POS  
center sample:  Person15_plasma_youth_POS 
Processing: Person11_plasma_youth_POS  Person24_plasma_elder_POS  Person22_plasma_elder_POS  Person12_plasma_youth_POS  
center sample:  Person15_plasma_youth_POS 
Processing: Person11_plasma_youth_POS  Person24_plasma_elder_POS  Person22_plasma_elder_POS  Person12_plasma_youth_POS  
center sample:  Person15_plasma_youth_POS 
Processing: Person11_plasma_youth_POS  Person24_plasma_elder_POS  Person22_plasma_elder_POS  Person12_plasma_youth_POS  
center sample:  Person15_plasma_youth_POS 
Processing: Person11_plasma_youth_POS  Person24_plasma_elder_POS  Person22_plasma_elder_POS  Person12_plasma_youth_POS  
center sample:  Person15_plasma_youth_POS 
Processing: Person11_plasma_youth_POS  Person24_plasma_elder_POS  Person22_plasma_elder_POS  Person12_plasma_youth_POS  
center sample:  Person15_plasma_youth_POS 
Processing: Person11_plasma_youth_POS  Person24_plasma_elder_POS  Person22_plasma_elder_POS  Person12_plasma_youth_POS  
center sample:  Person15_plasma_youth_POS 
Processing: Person11_plasma_youth_POS  Person24_plasma_elder_POS  Person22_plasma_elder_POS  Person12_plasma_youth_POS  
center sample:  Person15_plasma_youth_POS 
Processing: Person11_plasma_youth_POS  Person24_plasma_elder_POS  Person22_plasma_elder_POS  Person12_plasma_youth_POS  
center sample:  Person15_plasma_youth_POS 
Processing: Person11_plasma_youth_POS  Person24_plasma_elder_POS  Person22_plasma_elder_POS  Person12_plasma_youth_POS  
center sample:  Person15_plasma_youth_POS 
Processing: Person11_plasma_youth_POS  Person24_plasma_elder_POS  Person22_plasma_elder_POS  Person12_plasma_youth_POS  
center sample:  Person15_plasma_youth_POS 
Processing: Person11_plasma_youth_POS  Person24_plasma_elder_POS  Person22_plasma_elder_POS  Person12_plasma_youth_POS  
center sample:  Person15_plasma_youth_POS 
Processing: Person11_plasma_youth_POS  Person24_plasma_elder_POS  Person22_plasma_elder_POS  Person12_plasma_youth_POS  
center sample:  Person15_plasma_youth_POS 
Processing: Person11_plasma_youth_POS  Person24_plasma_elder_POS  Person22_plasma_elder_POS  Person12_plasma_youth_POS  
center sample:  Person15_plasma_youth_POS 
Processing: Person11_plasma_youth_POS  Person24_plasma_elder_POS  Person22_plasma_elder_POS  Person12_plasma_youth_POS  
center sample:  Person15_plasma_youth_POS 
Processing: Person11_plasma_youth_POS  Person24_plasma_elder_POS  Person22_plasma_elder_POS  Person12_plasma_youth_POS  
center sample:  Person15_plasma_youth_POS 
Processing: Person11_plasma_youth_POS  Person24_plasma_elder_POS  Person22_plasma_elder_POS  Person12_plasma_youth_POS  
center sample:  Person15_plasma_youth_POS 
Processing: Person11_plasma_youth_POS  Person24_plasma_elder_POS  Person22_plasma_elder_POS  Person12_plasma_youth_POS  
center sample:  Person15_plasma_youth_POS 
Processing: Person11_plasma_youth_POS  Person24_plasma_elder_POS  Person22_plasma_elder_POS  Person12_plasma_youth_POS  
center sample:  Person15_plasma_youth_POS 
Processing: Person11_plasma_youth_POS  Person24_plasma_elder_POS  Person22_plasma_elder_POS  Person12_plasma_youth_POS  
center sample:  Person15_plasma_youth_POS 
Processing: Person11_plasma_youth_POS  Person24_plasma_elder_POS  Person22_plasma_elder_POS  Person12_plasma_youth_POS  
center sample:  Person15_plasma_youth_POS 
Processing: Person11_plasma_youth_POS  Person24_plasma_elder_POS  Person22_plasma_elder_POS  Person12_plasma_youth_POS  
ng mass traces at 17 ppm ... OK
Detecting chromatographic peaks in 22733 regions of interest ... OK: 7211 found.
21
Detecting mass traces at 17 ppm ... OK
Detecting chromatographic peaks in 22733 regions of interest ... OK: 7286 found.
22
Detecting mass traces at 9.5 ppm ... OK
Detecting chromatographic peaks in 22399 regions of interest ... OK: 7233 found.
23
Detecting mass traces at 24.5 ppm ... OK
Detecting chromatographic peaks in 22304 regions of interest ... OK: 7146 found.
24
Detecting mass traces at 17 ppm ... OK
Detecting chromatographic peaks in 22733 regions of interest ... OK: 7451 found.
25
Detecting mass traces at 17 ppm ... OK
Detecting chromatographic peaks in 22733 regions of interest ... OK: 6676 found.
26
Detecting mass traces at 17 ppm ... OK
Detecting chromatographic peaks in 22733 regions of interest ... OK: 7291 found.
Detecting mass traces at 9.5 ppm ... OK
Detecting chromatographic peaks in 17055 regions of interest ... OK: 5734 found.



starting new DoE with:
min_peakwidth: c(28, 44)
max_peakwidth: c(65, 95)
ppm: c(2, 17)
mzdiff: c(-0.0054, 0.0034)
snthresh: 10
noise: 500
prefilter: 3
value_of_prefilter: 500
mzCenterFun: wMean
integrate: 2
fitgauss: FALSE
verbose.columns: TRUE

1
Detecting mass traces at 2 ppm ... OK
Detecting chromatographic peaks in 19393 regions of interest ... OK: 3596 found.
2
Detecting mass traces at 2 ppm ... OK
Detecting chromatographic peaks in 9671 regions of interest ... OK: 1833 found.
3
Detecting mass traces at 2 ppm ... OK
Detecting chromatographic peaks in 19393 regions of interest ... OK: 3676 found.
4
Detecting mass traces at 2 ppm ... OK
Detecting chromatographic peaks in 9671 regions of interest ... OK: 1881 found.
5
Detecting mass traces at 17 ppm ... OK
Detecting chromatographic peaks in 22733 regions of interest ... OK: 7449 found.
6
Detecting mass traces at 17 ppm ... OK
Detecting chromatographic peaks in 14279 regions of interest ... OK: 4825 found.
7
Detecting mass traces at 17 ppm ... OK
Detecting chromatographic peaks in 22733 regions of interest ... OK: 7480 found.
8
Detecting mass traces at 17 ppm ... OK
Detecting chromatographic peaks in 14279 regions of interest ... OK: 4860 found.
9
Detecting mass traces at 2 ppm ... OK
Detecting chromatographic peaks in 19393 regions of interest ... OK: 3456 found.
10
Detecting mass traces at 2 ppm ... OK
Detecting chromatographic peaks in 9671 regions of interest ... OK: 1803 found.
11
Detecting mass traces at 2 ppm ... OK
Detecting chromatographic peaks in 19393 regions of interest ... OK: 3537 found.
12
Detecting mass traces at 2 ppm ... OK
Detecting chromatographic peaks in 9671 regions of interest ... OK: 1849 found.
13
Detecting mass traces at 17 ppm ... OK
Detecting chromatographic peaks in 22733 regions of interest ... OK: 6788 found.
14
Detecting mass traces at 17 ppm ... OK
Detecting chromatographic peaks in 14279 regions of interest ... OK: 4382 found.
15
Detecting mass traces at 17 ppm ... OK
Detecting chromatographic peaks in 22733 regions of interest ... OK: 6791 found.
16
Detecting mass traces at 17 ppm ... OK
Detecting chromatographic peaks in 14279 regions of interest ... OK: 4400 found.
17
Detecting mass traces at 9.5 ppm ... OK
Detecting chromatographic peaks in 17055 regions of interest ... OK: 5734 found.
18
Detecting mass traces at 9.5 ppm ... OK
Detecting chromatographic peaks in 22399 regions of interest ... OK: 7258 found.
19
Detecting mass traces at 9.5 ppm ... OK
Detecting chromatographic peaks in 13710 regions of interest ... OK: 4604 found.
20
Detecting mass traces at 9.5 ppm ... OK
Detecting chromatographic peaks in 17055 regions of interest ... OK: 5695 found.
21
Detecting mass traces at 9.5 ppm ... OK
Detecting chromatographic peaks in 17055 regions of interest ... OK: 5760 found.
22
Detecting mass traces at 2 ppm ... OK
Detecting chromatographic peaks in 13170 regions of interest ... OK: 2582 found.
23
Detecting mass traces at 17 ppm ... OK
Detecting chromatographic peaks in 17582 regions of interest ... OK: 5841 found.
24
Detecting mass traces at 9.5 ppm ... OK
Detecting chromatographic peaks in 17055 regions of interest ... OK: 5852 found.
25
Detecting mass traces at 9.5 ppm ... OK
Detecting chromatographic peaks in 17055 regions of interest ... OK: 5320 found.
26
Detecting mass traces at 9.5 ppm ... OK
Detecting chromatographic peaks in 17055 regions of interest ... OK: 5734 found.
Detecting mass traces at 11.75 ppm ... OK
Detecting chromatographic peaks in 17356 regions of interest ... OK: 5936 found.
no increase, stopping
best parameter settings:
min_peakwidth: 38.4
max_peakwidth: 95
ppm: 11.75
mzdiff: -0.0054
snthresh: 10
noise: 500
prefilter: 3
value_of_prefilter: 500
mzCenterFun: wMean
integrate: 2
fitgauss: FALSE
verbose.columns: TRUE

There were 50 or more warnings (use warnings() to see the first 50)
Detecting mass traces at 11.75 ppm ... OK
Detecting chromatographic peaks in 20276 regions of interest ... OK: 7500 found.
Detecting mass traces at 11.75 ppm ... OK
Detecting chromatographic peaks in 19331 regions of interest ... OK: 7142 found.
Detecting mass traces at 11.75 ppm ... OK
Detecting chromatographic peaks in 19377 regions of interest ... OK: 6953 found.
Detecting mass traces at 11.75 ppm ... OK
Detecting chromatographic peaks in 19553 regions of interest ... OK: 7223 found.
Detecting mass traces at 11.75 ppm ... OK
Detecting chromatographic peaks in 19685 regions of interest ... OK: 7184 found.
Warning messages:
1: In .local(object, ...) :
  It looks like this file is in profile mode. centWave can process only centroid mode data !

2: In .local(object, ...) :
  It looks like this file is in profile mode. centWave can process only centroid mode data !

3: In .local(object, ...) :
  It looks like this file is in profile mode. centWave can process only centroid mode data !

4: In .local(object, ...) :
  It looks like this file is in profile mode. centWave can process only centroid mode data !

5: In .local(object, ...) :
  It looks like this file is in profile mode. centWave can process only centroid mode data !




starting new DoE with:

distFunc: cor_opt
gapInit: c(0, 0.4)
gapExtend: c(2.1, 2.7)
profStep: c(0.7, 1)
plottype: none
response: 1
factorDiag: 2
factorGap: 1
localAlignment: 0
retcorMethod: obiwarp
bw: c(22, 38)
minfrac: 0.05
mzwid: c(0.015, 0.035)
minsamp: 1
max: 50
center: 1

Create profile matrix with method 'bin' and step 0.7 ... OK
Create profile matrix with method 'bin' and step 0.7 ... OK
Create profile matrix with method 'bin' and step 0.7 ... OK
Create profile matrix with method 'bin' and step 0.7 ... OK
Create profile matrix with method 'bin' and step 0.7 ... OK
Processing 119686 mz slices ... OK
Create profile matrix with method 'bin' and step 0.7 ... OK
Create profile matrix with method 'bin' and step 0.7 ... OK
Create profile matrix with method 'bin' and step 0.7 ... OK
Create profile matrix with method 'bin' and step 0.7 ... OK
Create profile matrix with method 'bin' and step 0.7 ... OK
Processing 119686 mz slices ... OK
Create profile matrix with method 'bin' and step 0.7 ... OK
Create profile matrix with method 'bin' and step 0.7 ... OK
Create profile matrix with method 'bin' and step 0.7 ... OK
Create profile matrix with method 'bin' and step 0.7 ... OK
Create profile matrix with method 'bin' and step 0.7 ... OK
Processing 119686 mz slices ... OK
Create profile matrix with method 'bin' and step 0.7 ... OK
Create profile matrix with method 'bin' and step 0.7 ... OK
Create profile matrix with method 'bin' and step 0.7 ... OK
Create profile matrix with method 'bin' and step 0.7 ... OK
Create profile matrix with method 'bin' and step 0.7 ... OK
Processing 119686 mz slices ... OK
Create profile matrix with method 'bin' and step 1 ... OK
Create profile matrix with method 'bin' and step 1 ... OK
Create profile matrix with method 'bin' and step 1 ... OK
Create profile matrix with method 'bin' and step 1 ... OK
Create profile matrix with method 'bin' and step 1 ... OK
Processing 119686 mz slices ... OK
Create profile matrix with method 'bin' and step 1 ... OK
Create profile matrix with method 'bin' and step 1 ... OK
Create profile matrix with method 'bin' and step 1 ... OK
Create profile matrix with method 'bin' and step 1 ... OK
Create profile matrix with method 'bin' and step 1 ... OK
Processing 119686 mz slices ... OK
Create profile matrix with method 'bin' and step 1 ... OK
Create profile matrix with method 'bin' and step 1 ... OK
Create profile matrix with method 'bin' and step 1 ... OK
Create profile matrix with method 'bin' and step 1 ... OK
Create profile matrix with method 'bin' and step 1 ... OK
Processing 119686 mz slices ... OK
Create profile matrix with method 'bin' and step 1 ... OK
Create profile matrix with method 'bin' and step 1 ... OK
Create profile matrix with method 'bin' and step 1 ... OK
Create profile matrix with method 'bin' and step 1 ... OK
Create profile matrix with method 'bin' and step 1 ... OK
Processing 119686 mz slices ... OK
Create profile matrix with method 'bin' and step 0.7 ... OK
Create profile matrix with method 'bin' and step 0.7 ... OK
Create profile matrix with method 'bin' and step 0.7 ... OK
Create profile matrix with method 'bin' and step 0.7 ... OK
Create profile matrix with method 'bin' and step 0.7 ... OK
Processing 119686 mz slices ... OK
Create profile matrix with method 'bin' and step 0.7 ... OK
Create profile matrix with method 'bin' and step 0.7 ... OK
Create profile matrix with method 'bin' and step 0.7 ... OK
Create profile matrix with method 'bin' and step 0.7 ... OK
Create profile matrix with method 'bin' and step 0.7 ... OK
Processing 119686 mz slices ... OK
Create profile matrix with method 'bin' and step 0.7 ... OK
Create profile matrix with method 'bin' and step 0.7 ... OK
Create profile matrix with method 'bin' and step 0.7 ... OK
Create profile matrix with method 'bin' and step 0.7 ... OK
Create profile matrix with method 'bin' and step 0.7 ... OK
Processing 119686 mz slices ... OK
Create profile matrix with method 'bin' and step 0.7 ... OK
Create profile matrix with method 'bin' and step 0.7 ... OK
Create profile matrix with method 'bin' and step 0.7 ... OK
Create profile matrix with method 'bin' and step 0.7 ... OK
Create profile matrix with method 'bin' and step 0.7 ... OK
Processing 119686 mz slices ... OK
Create profile matrix with method 'bin' and step 1 ... OK
Create profile matrix with method 'bin' and step 1 ... OK
Create profile matrix with method 'bin' and step 1 ... OK
Create profile matrix with method 'bin' and step 1 ... OK
Create profile matrix with method 'bin' and step 1 ... OK
Processing 119686 mz slices ... OK
Create profile matrix with method 'bin' and step 1 ... OK
Create profile matrix with method 'bin' and step 1 ... OK
Create profile matrix with method 'bin' and step 1 ... OK
Create profile matrix with method 'bin' and step 1 ... OK
Create profile matrix with method 'bin' and step 1 ... OK
Processing 119686 mz slices ... OK
Create profile matrix with method 'bin' and step 1 ... OK
Create profile matrix with method 'bin' and step 1 ... OK
Create profile matrix with method 'bin' and step 1 ... OK
Create profile matrix with method 'bin' and step 1 ... OK
Create profile matrix with method 'bin' and step 1 ... OK
Processing 119686 mz slices ... OK
Create profile matrix with method 'bin' and step 1 ... OK
Create profile matrix with method 'bin' and step 1 ... OK
Create profile matrix with method 'bin' and step 1 ... OK
Create profile matrix with method 'bin' and step 1 ... OK
Create profile matrix with method 'bin' and step 1 ... OK
Processing 119686 mz slices ... OK
Create profile matrix with method 'bin' and step 0.7 ... OK
Create profile matrix with method 'bin' and step 0.7 ... OK
Create profile matrix with method 'bin' and step 0.7 ... OK
Create profile matrix with method 'bin' and step 0.7 ... OK
Create profile matrix with method 'bin' and step 0.7 ... OK
Processing 51295 mz slices ... OK
Create profile matrix with method 'bin' and step 0.7 ... OK
Create profile matrix with method 'bin' and step 0.7 ... OK
Create profile matrix with method 'bin' and step 0.7 ... OK
Create profile matrix with method 'bin' and step 0.7 ... OK
Create profile matrix with method 'bin' and step 0.7 ... OK
Processing 51295 mz slices ... OK
Create profile matrix with method 'bin' and step 0.7 ... OK
Create profile matrix with method 'bin' and step 0.7 ... OK
Create profile matrix with method 'bin' and step 0.7 ... OK
Create profile matrix with method 'bin' and step 0.7 ... OK
Create profile matrix with method 'bin' and step 0.7 ... OK
Processing 51295 mz slices ... OK
Create profile matrix with method 'bin' and step 0.7 ... OK
Create profile matrix with method 'bin' and step 0.7 ... OK
Create profile matrix with method 'bin' and step 0.7 ... OK
Create profile matrix with method 'bin' and step 0.7 ... OK
Create profile matrix with method 'bin' and step 0.7 ... OK
Processing 51295 mz slices ... OK
Create profile matrix with method 'bin' and step 1 ... OK
Create profile matrix with method 'bin' and step 1 ... OK
Create profile matrix with method 'bin' and step 1 ... OK
Create profile matrix with method 'bin' and step 1 ... OK
Create profile matrix with method 'bin' and step 1 ... OK
Processing 51295 mz slices ... OK
Create profile matrix with method 'bin' and step 1 ... OK
Create profile matrix with method 'bin' and step 1 ... OK
Create profile matrix with method 'bin' and step 1 ... OK
Create profile matrix with method 'bin' and step 1 ... OK
Create profile matrix with method 'bin' and step 1 ... OK
Processing 51295 mz slices ... OK
Create profile matrix with method 'bin' and step 1 ... OK
Create profile matrix with method 'bin' and step 1 ... OK
Create profile matrix with method 'bin' and step 1 ... OK
Create profile matrix with method 'bin' and step 1 ... OK
Create profile matrix with method 'bin' and step 1 ... OK
Processing 51295 mz slices ... OK
Create profile matrix with method 'bin' and step 1 ... OK
Create profile matrix with method 'bin' and step 1 ... OK
Create profile matrix with method 'bin' and step 1 ... OK
Create profile matrix with method 'bin' and step 1 ... OK
Create profile matrix with method 'bin' and step 1 ... OK
Processing 51295 mz slices ... OK
Create profile matrix with method 'bin' and step 0.7 ... OK
Create profile matrix with method 'bin' and step 0.7 ... OK
Create profile matrix with method 'bin' and step 0.7 ... OK
Create profile matrix with method 'bin' and step 0.7 ... OK
Create profile matrix with method 'bin' and step 0.7 ... OK
Processing 51295 mz slices ... OK
Create profile matrix with method 'bin' and step 0.7 ... OK
Create profile matrix with method 'bin' and step 0.7 ... OK
Create profile matrix with method 'bin' and step 0.7 ... OK
Create profile matrix with method 'bin' and step 0.7 ... OK
Create profile matrix with method 'bin' and step 0.7 ... OK
Processing 51295 mz slices ... OK
Create profile matrix with method 'bin' and step 0.7 ... OK
Create profile matrix with method 'bin' and step 0.7 ... OK
Create profile matrix with method 'bin' and step 0.7 ... OK
Create profile matrix with method 'bin' and step 0.7 ... OK
Create profile matrix with method 'bin' and step 0.7 ... OK
Processing 51295 mz slices ... OK
Create profile matrix with method 'bin' and step 0.7 ... OK
Create profile matrix with method 'bin' and step 0.7 ... OK
Create profile matrix with method 'bin' and step 0.7 ... OK
Create profile matrix with method 'bin' and step 0.7 ... OK
Create profile matrix with method 'bin' and step 0.7 ... OK
Processing 51295 mz slices ... OK
Create profile matrix with method 'bin' and step 1 ... OK
Create profile matrix with method 'bin' and step 1 ... OK
Create profile matrix with method 'bin' and step 1 ... OK
Create profile matrix with method 'bin' and step 1 ... OK
Create profile matrix with method 'bin' and step 1 ... OK
Processing 51295 mz slices ... OK
Create profile matrix with method 'bin' and step 1 ... OK
Create profile matrix with method 'bin' and step 1 ... OK
Create profile matrix with method 'bin' and step 1 ... OK
Create profile matrix with method 'bin' and step 1 ... OK
Create profile matrix with method 'bin' and step 1 ... OK
Processing 51295 mz slices ... OK
Create profile matrix with method 'bin' and step 1 ... OK
Create profile matrix with method 'bin' and step 1 ... OK
Create profile matrix with method 'bin' and step 1 ... OK
Create profile matrix with method 'bin' and step 1 ... OK
Create profile matrix with method 'bin' and step 1 ... OK
Processing 51295 mz slices ... OK
Create profile matrix with method 'bin' and step 1 ... OK
Create profile matrix with method 'bin' and step 1 ... OK
Create profile matrix with method 'bin' and step 1 ... OK
Create profile matrix with method 'bin' and step 1 ... OK
Create profile matrix with method 'bin' and step 1 ... OK
Processing 51295 mz slices ... OK
Create profile matrix with method 'bin' and step 0.85 ... OK
Create profile matrix with method 'bin' and step 0.85 ... OK
Create profile matrix with method 'bin' and step 0.85 ... OK
Create profile matrix with method 'bin' and step 0.85 ... OK
Create profile matrix with method 'bin' and step 0.85 ... OK
Create profile matrix with method 'bin' and step 0.85 ... OK
Create profile matrix with method 'bin' and step 0.85 ... OK
Create profile matrix with method 'bin' and step 0.85 ... OK
Processing 71812 mz slices ... OK
Create profile matrix with method 'bin' and step 0.85 ... OK
Create profile matrix with method 'bin' and step 0.85 ... OK
Create profile matrix with method 'bin' and step 0.85 ... OK
Create profile matrix with method 'bin' and step 0.85 ... OK
Create profile matrix with method 'bin' and step 0.85 ... OK
Create profile matrix with method 'bin' and step 0.85 ... OK
Create profile matrix with method 'bin' and step 0.85 ... OK
Create profile matrix with method 'bin' and step 0.85 ... OK
Processing 71812 mz slices ... OK
Create profile matrix with method 'bin' and step 0.85 ... OK
Create profile matrix with method 'bin' and step 0.85 ... OK
Create profile matrix with method 'bin' and step 0.85 ... OK
Create profile matrix with method 'bin' and step 0.85 ... OK
Create profile matrix with method 'bin' and step 0.85 ... OK
Create profile matrix with method 'bin' and step 0.85 ... OK
Create profile matrix with method 'bin' and step 0.85 ... OK
Create profile matrix with method 'bin' and step 0.85 ... OK
Processing 71812 mz slices ... OK
Create profile matrix with method 'bin' and step 0.85 ... OK
Create profile matrix with method 'bin' and step 0.85 ... OK
Create profile matrix with method 'bin' and step 0.85 ... OK
Create profile matrix with method 'bin' and step 0.85 ... OK
Create profile matrix with method 'bin' and step 0.85 ... OK
Create profile matrix with method 'bin' and step 0.85 ... OK
Create profile matrix with method 'bin' and step 0.85 ... OK
Create profile matrix with method 'bin' and step 0.85 ... OK
Processing 71812 mz slices ... OK
Create profile matrix with method 'bin' and step 0.85 ... OK
Create profile matrix with method 'bin' and step 0.85 ... OK
Create profile matrix with method 'bin' and step 0.85 ... OK
Create profile matrix with method 'bin' and step 0.85 ... OK
Create profile matrix with method 'bin' and step 0.85 ... OK
Create profile matrix with method 'bin' and step 0.85 ... OK
Create profile matrix with method 'bin' and step 0.85 ... OK
Create profile matrix with method 'bin' and step 0.85 ... OK
Processing 71812 mz slices ... OK
Create profile matrix with method 'bin' and step 0.7 ... OK
Create profile matrix with method 'bin' and step 0.7 ... OK
Create profile matrix with method 'bin' and step 0.7 ... OK
Create profile matrix with method 'bin' and step 0.7 ... OK
Create profile matrix with method 'bin' and step 0.7 ... OK
Processing 71812 mz slices ... OK
Create profile matrix with method 'bin' and step 1 ... OK
Create profile matrix with method 'bin' and step 1 ... OK
Create profile matrix with method 'bin' and step 1 ... OK
Create profile matrix with method 'bin' and step 1 ... OK
Create profile matrix with method 'bin' and step 1 ... OK
Processing 71812 mz slices ... OK
Create profile matrix with method 'bin' and step 0.85 ... OK
Create profile matrix with method 'bin' and step 0.85 ... OK
Create profile matrix with method 'bin' and step 0.85 ... OK
Create profile matrix with method 'bin' and step 0.85 ... OK
Create profile matrix with method 'bin' and step 0.85 ... OK
Create profile matrix with method 'bin' and step 0.85 ... OK
Create profile matrix with method 'bin' and step 0.85 ... OK
Create profile matrix with method 'bin' and step 0.85 ... OK
Processing 71812 mz slices ... OK
Create profile matrix with method 'bin' and step 0.85 ... OK
Create profile matrix with method 'bin' and step 0.85 ... OK
Create profile matrix with method 'bin' and step 0.85 ... OK
Create profile matrix with method 'bin' and step 0.85 ... OK
Create profile matrix with method 'bin' and step 0.85 ... OK
Create profile matrix with method 'bin' and step 0.85 ... OK
Create profile matrix with method 'bin' and step 0.85 ... OK
Create profile matrix with method 'bin' and step 0.85 ... OK
Processing 71812 mz slices ... OK
Create profile matrix with method 'bin' and step 0.85 ... OK
Create profile matrix with method 'bin' and step 0.85 ... OK
Create profile matrix with method 'bin' and step 0.85 ... OK
Create profile matrix with method 'bin' and step 0.85 ... OK
Create profile matrix with method 'bin' and step 0.85 ... OK
Create profile matrix with method 'bin' and step 0.85 ... OK
Create profile matrix with method 'bin' and step 0.85 ... OK
Create profile matrix with method 'bin' and step 0.85 ... OK
Processing 119686 mz slices ... OK
Create profile matrix with method 'bin' and step 0.85 ... OK
Create profile matrix with method 'bin' and step 0.85 ... OK
Create profile matrix with method 'bin' and step 0.85 ... OK
Create profile matrix with method 'bin' and step 0.85 ... OK
Create profile matrix with method 'bin' and step 0.85 ... OK
Create profile matrix with method 'bin' and step 0.85 ... OK
Create profile matrix with method 'bin' and step 0.85 ... OK
Create profile matrix with method 'bin' and step 0.85 ... OK
Processing 51295 mz slices ... OK
Create profile matrix with method 'bin' and step 0.85 ... OK
Create profile matrix with method 'bin' and step 0.85 ... OK
Create profile matrix with method 'bin' and step 0.85 ... OK
Create profile matrix with method 'bin' and step 0.85 ... OK
Create profile matrix with method 'bin' and step 0.85 ... OK
Create profile matrix with method 'bin' and step 0.85 ... OK
Create profile matrix with method 'bin' and step 0.85 ... OK
Create profile matrix with method 'bin' and step 0.85 ... OK
Processing 71812 mz slices ... OK
Create profile matrix with method 'bin' and step 0.865 ... OK
Create profile matrix with method 'bin' and step 0.865 ... OK
Create profile matrix with method 'bin' and step 0.865 ... OK
Create profile matrix with method 'bin' and step 0.865 ... OK
Create profile matrix with method 'bin' and step 0.865 ... OK
Create profile matrix with method 'bin' and step 0.865 ... OK
Create profile matrix with method 'bin' and step 0.865 ... OK
Create profile matrix with method 'bin' and step 0.865 ... OK
Processing 119686 mz slices ... OK



starting new DoE with:

gapInit: c(0.16, 0.64)
gapExtend: c(2.16, 2.64)
profStep: c(0.745, 0.985)
bw: c(12.4, 31.6)
mzwid: c(0.003, 0.027)
distFunc: cor_opt
plottype: none
response: 1
factorDiag: 2
factorGap: 1
localAlignment: 0
retcorMethod: obiwarp
minfrac: 0.05
minsamp: 1
max: 50
center: 1

Create profile matrix with method 'bin' and step 0.745 ... OK
Create profile matrix with method 'bin' and step 0.745 ... OK
Create profile matrix with method 'bin' and step 0.745 ... OK
Create profile matrix with method 'bin' and step 0.745 ... OK
Create profile matrix with method 'bin' and step 0.745 ... OK
Create profile matrix with method 'bin' and step 0.745 ... OK
Create profile matrix with method 'bin' and step 0.745 ... OK
Create profile matrix with method 'bin' and step 0.745 ... OK
Processing 598422 mz slices ... OK
Create profile matrix with method 'bin' and step 0.745 ... OK
Create profile matrix with method 'bin' and step 0.745 ... OK
Create profile matrix with method 'bin' and step 0.745 ... OK
Create profile matrix with method 'bin' and step 0.745 ... OK
Create profile matrix with method 'bin' and step 0.745 ... OK
Create profile matrix with method 'bin' and step 0.745 ... OK
Create profile matrix with method 'bin' and step 0.745 ... OK
Create profile matrix with method 'bin' and step 0.745 ... OK
Processing 598422 mz slices ... OK
Create profile matrix with method 'bin' and step 0.745 ... OK
Create profile matrix with method 'bin' and step 0.745 ... OK
Create profile matrix with method 'bin' and step 0.745 ... OK
Create profile matrix with method 'bin' and step 0.745 ... OK
Create profile matrix with method 'bin' and step 0.745 ... OK
Create profile matrix with method 'bin' and step 0.745 ... OK
Create profile matrix with method 'bin' and step 0.745 ... OK
Create profile matrix with method 'bin' and step 0.745 ... OK
Processing 598422 mz slices ... OK
Create profile matrix with method 'bin' and step 0.745 ... OK
Create profile matrix with method 'bin' and step 0.745 ... OK
Create profile matrix with method 'bin' and step 0.745 ... OK
Create profile matrix with method 'bin' and step 0.745 ... OK
Create profile matrix with method 'bin' and step 0.745 ... OK
Create profile matrix with method 'bin' and step 0.745 ... OK
Create profile matrix with method 'bin' and step 0.745 ... OK
Create profile matrix with method 'bin' and step 0.745 ... OK
Processing 598422 mz slices ... 