center sample:  Person06_plasma_elder_POS 
Processing: Person02_plasma_youth_POS  Person23_plasma_elder_POS  Person01_plasma_youth_POS  Person12_plasma_youth_POS  
center sample:  Person06_plasma_elder_POS 
Processing: Person02_plasma_youth_POS  Person23_plasma_elder_POS  Person01_plasma_youth_POS  Person12_plasma_youth_POS  
center sample:  Person06_plasma_elder_POS 
Processing: Person02_plasma_youth_POS  Person23_plasma_elder_POS  Person01_plasma_youth_POS  Person12_plasma_youth_POS  
center sample:  Person06_plasma_elder_POS 
Processing: Person02_plasma_youth_POS  Person23_plasma_elder_POS  Person01_plasma_youth_POS  Person12_plasma_youth_POS  
center sample:  Person06_plasma_elder_POS 
Processing: Person02_plasma_youth_POS  Person23_plasma_elder_POS  Person01_plasma_youth_POS  Person12_plasma_youth_POS  
center sample:  Person06_plasma_elder_POS 
Processing: Person02_plasma_youth_POS  Person23_plasma_elder_POS  Person01_plasma_youth_POS  Person12_plasma_youth_POS  
center sample:  Person06_plasma_elder_POS 
Processing: Person02_plasma_youth_POS  Person23_plasma_elder_POS  Person01_plasma_youth_POS  Person12_plasma_youth_POS  
center sample:  Person06_plasma_elder_POS 
Processing: Person02_plasma_youth_POS  Person23_plasma_elder_POS  Person01_plasma_youth_POS  Person12_plasma_youth_POS  
center sample:  Person06_plasma_elder_POS 
Processing: Person02_plasma_youth_POS  Person23_plasma_elder_POS  Person01_plasma_youth_POS  Person12_plasma_youth_POS  
center sample:  Person06_plasma_elder_POS 
Processing: Person02_plasma_youth_POS  Person23_plasma_elder_POS  Person01_plasma_youth_POS  Person12_plasma_youth_POS  
center sample:  Person06_plasma_elder_POS 
Processing: Person02_plasma_youth_POS  Person23_plasma_elder_POS  Person01_plasma_youth_POS  Person12_plasma_youth_POS  
center sample:  Person06_plasma_elder_POS 
Processing: Person02_plasma_youth_POS  Person23_plasma_elder_POS  Person01_plasma_youth_POS  Person12_plasma_youth_POS  
center sample:  Person06_plasma_elder_POS 
Processing: Person02_plasma_youth_POS  Person23_plasma_elder_POS  Person01_plasma_youth_POS  Person12_plasma_youth_POS  
center sample:  Person06_plasma_elder_POS 
Processing: Person02_plasma_youth_POS  Person23_plasma_elder_POS  Person01_plasma_youth_POS  Person12_plasma_youth_POS  
center sample:  Person06_plasma_elder_POS 
Processing: Person02_plasma_youth_POS  Person23_plasma_elder_POS  Person01_plasma_youth_POS  Person12_plasma_youth_POS  
center sample:  Person06_plasma_elder_POS 
Processing: Person02_plasma_youth_POS  Person23_plasma_elder_POS  Person01_plasma_youth_POS  Person12_plasma_youth_POS  
center sample:  Person06_plasma_elder_POS 
Processing: Person02_plasma_youth_POS  Person23_plasma_elder_POS  Person01_plasma_youth_POS  Person12_plasma_youth_POS  
center sample:  Person06_plasma_elder_POS 
Processing: Person02_plasma_youth_POS  Person23_plasma_elder_POS  Person01_plasma_youth_POS  Person12_plasma_youth_POS  
center sample:  Person06_plasma_elder_POS 
Processing: Person02_plasma_youth_POS  Person23_plasma_elder_POS  Person01_plasma_youth_POS  Person12_plasma_youth_POS  
center sample:  Person06_plasma_elder_POS 
Processing: Person02_plasma_youth_POS  Person23_plasma_elder_POS  Person01_plasma_youth_POS  Person12_plasma_youth_POS  
center sample:  Person06_plasma_elder_POS 
Processing: Person02_plasma_youth_POS  Person23_plasma_elder_POS  Person01_plasma_youth_POS  Person12_plasma_youth_POS  
center sample:  Person06_plasma_elder_POS 
Processing: Person02_plasma_youth_POS  Person23_plasma_elder_POS  Person01_plasma_youth_POS  Person12_plasma_youth_POS  
center sample:  Person06_plasma_elder_POS 
Processing: Person02_plasma_youth_POS  Person23_plasma_elder_POS  Person01_plasma_youth_POS  Person12_plasma_youth_POS  
center sample:  Person06_plasma_elder_POS 
Processing: Person02_plasma_youth_POS  Person23_plasma_elder_POS  Person01_plasma_youth_POS  Person12_plasma_youth_POS  
center sample:  Person06_plasma_elder_POS 
Processing: Person02_plasma_youth_POS  Person23_plasma_elder_POS  Person01_plasma_youth_POS  Person12_plasma_youth_POS  
center sample:  Person06_plasma_elder_POS 
Processing: Person02_plasma_youth_POS  Person23_plasma_elder_POS  Person01_plasma_youth_POS  Person12_plasma_youth_POS  
center sample:  Person06_plasma_elder_POS 
Processing: Person02_plasma_youth_POS  Person23_plasma_elder_POS  Person01_plasma_youth_POS  Person12_plasma_youth_POS  
center sample:  Person06_plasma_elder_POS 
Processing: Person02_plasma_youth_POS  Person23_plasma_elder_POS  Person01_plasma_youth_POS  Person12_plasma_youth_POS  
center sample:  Person06_plasma_elder_POS 
Processing: Person02_plasma_youth_POS  Person23_plasma_elder_POS  Person01_plasma_youth_POS  Person12_plasma_youth_POS  
center sample:  Person06_plasma_elder_POS 
Processing: Person02_plasma_youth_POS  Person23_plasma_elder_POS  Person01_plasma_youth_POS  Person12_plasma_youth_POS  
center sample:  Person06_plasma_elder_POS 
Processing: Person02_plasma_youth_POS  Person23_plasma_elder_POS  Person01_plasma_youth_POS  Person12_plasma_youth_POS  
center sample:  Person06_plasma_elder_POS 
Processing: Person02_plasma_youth_POS  Person23_plasma_elder_POS  Person01_plasma_youth_POS  Person12_plasma_youth_POS  
center sample:  Person06_plasma_elder_POS 
Processing: Person02_plasma_youth_POS  Person23_plasma_elder_POS  Person01_plasma_youth_POS  Person12_plasma_youth_POS  
center sample:  Person06_plasma_elder_POS 
Processing: Person02_plasma_youth_POS  Person23_plasma_elder_POS  Person01_plasma_youth_POS  Person12_plasma_youth_POS  
center sample:  Person06_plasma_elder_POS 
Processing: Person02_plasma_youth_POS  Person23_plasma_elder_POS  Person01_plasma_youth_POS  Person12_plasma_youth_POS  
center sample:  Person06_plasma_elder_POS 
Processing: Person02_plasma_youth_POS  Person23_plasma_elder_POS  Person01_plasma_youth_POS  Person12_plasma_youth_POS  
center sample:  Person06_plasma_elder_POS 
Processing: Person02_plasma_youth_POS  Person23_plasma_elder_POS  Person01_plasma_youth_POS  Person12_plasma_youth_POS  
center sample:  Person06_plasma_elder_POS 
Processing: Person02_plasma_youth_POS  Person23_plasma_elder_POS  Person01_plasma_youth_POS  Person12_plasma_youth_POS  
center sample:  Person06_plasma_elder_POS 
Processing: Person02_plasma_youth_POS  Person23_plasma_elder_POS  Person01_plasma_youth_POS  Person12_plasma_youth_POS  
center sample:  Person06_plasma_elder_POS 
Processing: Person02_plasma_youth_POS  Person23_plasma_elder_POS  Person01_plasma_youth_POS  Person12_plasma_youth_POS  
center sample:  Person06_plasma_elder_POS 
Processing: Person02_plasma_youth_POS  Person23_plasma_elder_POS  Person01_plasma_youth_POS  Person12_plasma_youth_POS  
center sample:  Person06_plasma_elder_POS 
Processing: Person02_plasma_youth_POS  Person23_plasma_elder_POS  Person01_plasma_youth_POS  Person12_plasma_youth_POS  
center sample:  Person06_plasma_elder_POS 
Processing: Person02_plasma_youth_POS  Person23_plasma_elder_POS  Person01_plasma_youth_POS  Person12_plasma_youth_POS  
center sample:  Person06_plasma_elder_POS 
Processing: Person02_plasma_youth_POS  Person23_plasma_elder_POS  Person01_plasma_youth_POS  Person12_plasma_youth_POS  
center sample:  Person06_plasma_elder_POS 
Processing: Person02_plasma_youth_POS  Person23_plasma_elder_POS  Person01_plasma_youth_POS  Person12_plasma_youth_POS  
center sample:  Person06_plasma_elder_POS 
Processing: Person02_plasma_youth_POS  Person23_plasma_elder_POS  Person01_plasma_youth_POS  Person12_plasma_youth_POS  
center sample:  Person06_plasma_elder_POS 
Processing: Person02_plasma_youth_POS  Person23_plasma_elder_POS  Person01_plasma_youth_POS  Person12_plasma_youth_POS  
center sample:  Person06_plasma_elder_POS 
Processing: Person02_plasma_youth_POS  Person23_plasma_elder_POS  Person01_plasma_youth_POS  Person12_plasma_youth_POS  
center sample:  Person06_plasma_elder_POS 
Processing: Person02_plasma_youth_POS  Person23_plasma_elder_POS  Person01_plasma_youth_POS  Person12_plasma_youth_POS  
center sample:  Person06_plasma_elder_POS 
Processing: Person02_plasma_youth_POS  Person23_plasma_elder_POS  Person01_plasma_youth_POS  Person12_plasma_youth_POS  
center sample:  Person06_plasma_elder_POS 
Processing: Person02_plasma_youth_POS  Person23_plasma_elder_POS  Person01_plasma_youth_POS  Person12_plasma_youth_POS  
center sample:  Person06_plasma_elder_POS 
Processing: Person02_plasma_youth_POS  Person23_plasma_elder_POS  Person01_plasma_youth_POS  Person12_plasma_youth_POS  
center sample:  Person06_plasma_elder_POS 
Processing: Person02_plasma_youth_POS  Person23_plasma_elder_POS  Person01_plasma_youth_POS  Person12_plasma_youth_POS  
center sample:  Person06_plasma_elder_POS 
Processing: Person02_plasma_youth_POS  Person23_plasma_elder_POS  Person01_plasma_youth_POS  Person12_plasma_youth_POS  
center sample:  Person06_plasma_elder_POS 
Processing: Person02_plasma_youth_POS  Person23_plasma_elder_POS  Person01_plasma_youth_POS  Person12_plasma_youth_POS  
center sample:  Person06_plasma_elder_POS 
Processing: Person02_plasma_youth_POS  Person23_plasma_elder_POS  Person01_plasma_youth_POS  Person12_plasma_youth_POS  
center sample:  Person06_plasma_elder_POS 
Processing: Person02_plasma_youth_POS  Person23_plasma_elder_POS  Person01_plasma_youth_POS  Person12_plasma_youth_POS  
center sample:  Person06_plasma_elder_POS 
Processing: Person02_plasma_youth_POS  Person23_plasma_elder_POS  Person01_plasma_youth_POS  Person12_plasma_youth_POS  
center sample:  Person06_plasma_elder_POS 
Processing: Person02_plasma_youth_POS  Person23_plasma_elder_POS  Person01_plasma_youth_POS  Person12_plasma_youth_POS  
center sample:  Person06_plasma_elder_POS 
Processing: Person02_plasma_youth_POS  Person23_plasma_elder_POS  Person01_plasma_youth_POS  Person12_plasma_youth_POS  
center sample:  Person06_plasma_elder_POS 
Processing: Person02_plasma_youth_POS  Person23_plasma_elder_POS  Person01_plasma_youth_POS  Person12_plasma_youth_POS  
center sample:  Person06_plasma_elder_POS 
Processing: Person02_plasma_youth_POS  Person23_plasma_elder_POS  Person01_plasma_youth_POS  Person12_plasma_youth_POS  
center sample:  Person06_plasma_elder_POS 
Processing: Person02_plasma_youth_POS  Person23_plasma_elder_POS  Person01_plasma_youth_POS  Person12_plasma_youth_POS  
center sample:  Person06_plasma_elder_POS 
Processing: Person02_plasma_youth_POS  Person23_plasma_elder_POS  Person01_plasma_youth_POS  Person12_plasma_youth_POS  
center sample:  Person06_plasma_elder_POS 
Processing: Person02_plasma_youth_POS  Person23_plasma_elder_POS  Person01_plasma_youth_POS  Person12_plasma_youth_POS  
center sample:  Person06_plasma_elder_POS 
Processing: Person02_plasma_youth_POS  Person23_plasma_elder_POS  Person01_plasma_youth_POS  Person12_plasma_youth_POS  
center sample:  Person06_plasma_elder_POS 
Processing: Person02_plasma_youth_POS  Person23_plasma_elder_POS  Person01_plasma_youth_POS  Person12_plasma_youth_POS  
center sample:  Person06_plasma_elder_POS 
Processing: Person02_plasma_youth_POS  Person23_plasma_elder_POS  Person01_plasma_youth_POS  Person12_plasma_youth_POS  
center sample:  Person06_plasma_elder_POS 
Processing: Person02_plasma_youth_POS  Person23_plasma_elder_POS  Person01_plasma_youth_POS  Person12_plasma_youth_POS  
center sample:  Person06_plasma_elder_POS 
Processing: Person02_plasma_youth_POS  Person23_plasma_elder_POS  Person01_plasma_youth_POS  Person12_plasma_youth_POS  
center sample:  Person06_plasma_elder_POS 
Processing: Person02_plasma_youth_POS  Person23_plasma_elder_POS  Person01_plasma_youth_POS  Person12_plasma_youth_POS  
center sample:  Person06_plasma_elder_POS 
Processing: Person02_plasma_youth_POS  Person23_plasma_elder_POS  Person01_plasma_youth_POS  Person12_plasma_youth_POS  
center sample:  Person06_plasma_elder_POS 
Processing: Person02_plasma_youth_POS  Person23_plasma_elder_POS  Person01_plasma_youth_POS  Person12_plasma_youth_POS  
center sample:  Person06_plasma_elder_POS 
Processing: Person02_plasma_youth_POS  Person23_plasma_elder_POS  Person01_plasma_youth_POS  Person12_plasma_youth_POS  
center sample:  Person06_plasma_elder_POS 
Processing: Person02_plasma_youth_POS  Person23_plasma_elder_POS  Person01_plasma_youth_POS  Person12_plasma_youth_POS  
center sample:  Person06_plasma_elder_POS 
Processing: Person02_plasma_youth_POS  Person23_plasma_elder_POS  Person01_plasma_youth_POS  Person12_plasma_youth_POS  
center sample:  Person06_plasma_elder_POS 
Processing: Person02_plasma_youth_POS  Person23_plasma_elder_POS  Person01_plasma_youth_POS  Person12_plasma_youth_POS  
center sample:  Person06_plasma_elder_POS 
Processing: Person02_plasma_youth_POS  Person23_plasma_elder_POS  Person01_plasma_youth_POS  Person12_plasma_youth_POS  
center sample:  Person06_plasma_elder_POS 
Processing: Person02_plasma_youth_POS  Person23_plasma_elder_POS  Person01_plasma_youth_POS  Person12_plasma_youth_POS  
center sample:  Person06_plasma_elder_POS 
Processing: Person02_plasma_youth_POS  Person23_plasma_elder_POS  Person01_plasma_youth_POS  Person12_plasma_youth_POS  
center sample:  Person06_plasma_elder_POS 
Processing: Person02_plasma_youth_POS  Person23_plasma_elder_POS  Person01_plasma_youth_POS  Person12_plasma_youth_POS  
center sample:  Person06_plasma_elder_POS 
Processing: Person02_plasma_youth_POS  Person23_plasma_elder_POS  Person01_plasma_youth_POS  Person12_plasma_youth_POS  
center sample:  Person06_plasma_elder_POS 
Processing: Person02_plasma_youth_POS  Person23_plasma_elder_POS  Person01_plasma_youth_POS  Person12_plasma_youth_POS  
center sample:  Person06_plasma_elder_POS 
Processing: Person02_plasma_youth_POS  Person23_plasma_elder_POS  Person01_plasma_youth_POS  Person12_plasma_youth_POS  
center sample:  Person06_plasma_elder_POS 
Processing: Person02_plasma_youth_POS  Person23_plasma_elder_POS  Person01_plasma_youth_POS  Person12_plasma_youth_POS  
center sample:  Person06_plasma_elder_POS 
Processing: Person02_plasma_youth_POS  Person23_plasma_elder_POS  Person01_plasma_youth_POS  Person12_plasma_youth_POS  
center sample:  Person06_plasma_elder_POS 
Processing: Person02_plasma_youth_POS  Person23_plasma_elder_POS  Person01_plasma_youth_POS  Person12_plasma_youth_POS  
center sample:  Person06_plasma_elder_POS 
Processing: Person02_plasma_youth_POS  Person23_plasma_elder_POS  Person01_plasma_youth_POS  Person12_plasma_youth_POS  
center sample:  Person06_plasma_elder_POS 
Processing: Person02_plasma_youth_POS  Person23_plasma_elder_POS  Person01_plasma_youth_POS  Person12_plasma_youth_POS  
center sample:  Person06_plasma_elder_POS 
Processing: Person02_plasma_youth_POS  Person23_plasma_elder_POS  Person01_plasma_youth_POS  Person12_plasma_youth_POS  
center sample:  Person06_plasma_elder_POS 
Processing: Person02_plasma_youth_POS  Person23_plasma_elder_POS  Person01_plasma_youth_POS  Person12_plasma_youth_POS  
center sample:  Person06_plasma_elder_POS 
Processing: Person02_plasma_youth_POS  Person23_plasma_elder_POS  Person01_plasma_youth_POS  Person12_plasma_youth_POS  
center sample:  Person06_plasma_elder_POS 
Processing: Person02_plasma_youth_POS  Person23_plasma_elder_POS  Person01_plasma_youth_POS  Person12_plasma_youth_POS  
center sample:  Person06_plasma_elder_POS 
Processing: Person02_plasma_youth_POS  Person23_plasma_elder_POS  Person01_plasma_youth_POS  Person12_plasma_youth_POS  
center sample:  Person06_plasma_elder_POS 
Processing: Person02_plasma_youth_POS  Person23_plasma_elder_POS  Person01_plasma_youth_POS  Person12_plasma_youth_POS  
center sample:  Person06_plasma_elder_POS 
Processing: Person02_plasma_youth_POS  Person23_plasma_elder_POS  Person01_plasma_youth_POS  Person12_plasma_youth_POS  
center sample:  Person06_plasma_elder_POS 
Processing: Person02_plasma_youth_POS  Person23_plasma_elder_POS  Person01_plasma_youth_POS  Person12_plasma_youth_POS  
center sample:  Person06_plasma_elder_POS 
Processing: Person02_plasma_youth_POS  Person23_plasma_elder_POS  Person01_plasma_youth_POS  Person12_plasma_youth_POS  
center sample:  Person06_plasma_elder_POS 
Processing: Person02_plasma_youth_POS  Person23_plasma_elder_POS  Person01_plasma_youth_POS  Person12_plasma_youth_POS  
center sample:  Person06_plasma_elder_POS 
Processing: Person02_plasma_youth_POS  Person23_plasma_elder_POS  Person01_plasma_youth_POS  Person12_plasma_youth_POS  
center sample:  Person06_plasma_elder_POS 
Processing: Person02_plasma_youth_POS  Person23_plasma_elder_POS  Person01_plasma_youth_POS  Person12_plasma_youth_POS  
center sample:  Person06_plasma_elder_POS 
Processing: Person02_plasma_youth_POS  Person23_plasma_elder_POS  Person01_plasma_youth_POS  Person12_plasma_youth_POS  
center sample:  Person06_plasma_elder_POS 
Processing: Person02_plasma_youth_POS  Person23_plasma_elder_POS  Person01_plasma_youth_POS  Person12_plasma_youth_POS  
center sample:  Person06_plasma_elder_POS 
Processing: Person02_plasma_youth_POS  Person23_plasma_elder_POS  Person01_plasma_youth_POS  Person12_plasma_youth_POS  
center sample:  Person06_plasma_elder_POS 
Processing: Person02_plasma_youth_POS  Person23_plasma_elder_POS  Person01_plasma_youth_POS  Person12_plasma_youth_POS  
center sample:  Person06_plasma_elder_POS 
Processing: Person02_plasma_youth_POS  Person23_plasma_elder_POS  Person01_plasma_youth_POS  Person12_plasma_youth_POS  
center sample:  Person06_plasma_elder_POS 
Processing: Person02_plasma_youth_POS  Person23_plasma_elder_POS  Person01_plasma_youth_POS  Person12_plasma_youth_POS  
center sample:  Person06_plasma_elder_POS 
Processing: Person02_plasma_youth_POS  Person23_plasma_elder_POS  Person01_plasma_youth_POS  Person12_plasma_youth_POS  
center sample:  Person06_plasma_elder_POS 
Processing: Person02_plasma_youth_POS  Person23_plasma_elder_POS  Person01_plasma_youth_POS  Person12_plasma_youth_POS  
center sample:  Person06_plasma_elder_POS 
Processing: Person02_plasma_youth_POS  Person23_plasma_elder_POS  Person01_plasma_youth_POS  Person12_plasma_youth_POS  
center sample:  Person06_plasma_elder_POS 
Processing: Person02_plasma_youth_POS  Person23_plasma_elder_POS  Person01_plasma_youth_POS  Person12_plasma_youth_POS  
center sample:  Person06_plasma_elder_POS 
Processing: Person02_plasma_youth_POS  Person23_plasma_elder_POS  Person01_plasma_youth_POS  Person12_plasma_youth_POS  
center sample:  Person06_plasma_elder_POS 
Processing: Person02_plasma_youth_POS  Person23_plasma_elder_POS  Person01_plasma_youth_POS  Person12_plasma_youth_POS  
center sample:  Person06_plasma_elder_POS 
Processing: Person02_plasma_youth_POS  Person23_plasma_elder_POS  Person01_plasma_youth_POS  Person12_plasma_youth_POS  
center sample:  Person06_plasma_elder_POS 
Processing: Person02_plasma_youth_POS  Person23_plasma_elder_POS  Person01_plasma_youth_POS  Person12_plasma_youth_POS  
center sample:  Person06_plasma_elder_POS 
Processing: Person02_plasma_youth_POS  Person23_plasma_elder_POS  Person01_plasma_youth_POS  Person12_plasma_youth_POS  
center sample:  Person06_plasma_elder_POS 
Processing: Person02_plasma_youth_POS  Person23_plasma_elder_POS  Person01_plasma_youth_POS  Person12_plasma_youth_POS  
center sample:  Person06_plasma_elder_POS 
Processing: Person02_plasma_youth_POS  Person23_plasma_elder_POS  Person01_plasma_youth_POS  Person12_plasma_youth_POS  
center sample:  Person06_plasma_elder_POS 
Processing: Person02_plasma_youth_POS  Person23_plasma_elder_POS  Person01_plasma_youth_POS  Person12_plasma_youth_POS  
center sample:  Person06_plasma_elder_POS 
Processing: Person02_plasma_youth_POS  Person23_plasma_elder_POS  Person01_plasma_youth_POS  Person12_plasma_youth_POS  
center sample:  Person06_plasma_elder_POS 
Processing: Person02_plasma_youth_POS  Person23_plasma_elder_POS  Person01_plasma_youth_POS  Person12_plasma_youth_POS  
center sample:  Person06_plasma_elder_POS 
Processing: Person02_plasma_youth_POS  Person23_plasma_elder_POS  Person01_plasma_youth_POS  Person12_plasma_youth_POS  
center sample:  Person06_plasma_elder_POS 
Processing: Person02_plasma_youth_POS  Person23_plasma_elder_POS  Person01_plasma_youth_POS  Person12_plasma_youth_POS  
center sample:  Person06_plasma_elder_POS 
Processing: Person02_plasma_youth_POS  Person23_plasma_elder_POS  Person01_plasma_youth_POS  Person12_plasma_youth_POS  
center sample:  Person06_plasma_elder_POS 
Processing: Person02_plasma_youth_POS  Person23_plasma_elder_POS  Person01_plasma_youth_POS  Person12_plasma_youth_POS  
center sample:  Person06_plasma_elder_POS 
Processing: Person02_plasma_youth_POS  Person23_plasma_elder_POS  Person01_plasma_youth_POS  Person12_plasma_youth_POS  
center sample:  Person06_plasma_elder_POS 
Processing: Person02_plasma_youth_POS  Person23_plasma_elder_POS  Person01_plasma_youth_POS  Person12_plasma_youth_POS  
center sample:  Person06_plasma_elder_POS 
Processing: Person02_plasma_youth_POS  Person23_plasma_elder_POS  Person01_plasma_youth_POS  Person12_plasma_youth_POS  
center sample:  Person06_plasma_elder_POS 
Processing: Person02_plasma_youth_POS  Person23_plasma_elder_POS  Person01_plasma_youth_POS  Person12_plasma_youth_POS  
center sample:  Person06_plasma_elder_POS 
Processing: Person02_plasma_youth_POS  Person23_plasma_elder_POS  Person01_plasma_youth_POS  Person12_plasma_youth_POS  
center sample:  Person06_plasma_elder_POS 
Processing: Person02_plasma_youth_POS  Person23_plasma_elder_POS  Person01_plasma_youth_POS  Person12_plasma_youth_POS  
center sample:  Person06_plasma_elder_POS 
Processing: Person02_plasma_youth_POS  Person23_plasma_elder_POS  Person01_plasma_youth_POS  Person12_plasma_youth_POS  
center sample:  Person06_plasma_elder_POS 
Processing: Person02_plasma_youth_POS  Person23_plasma_elder_POS  Person01_plasma_youth_POS  Person12_plasma_youth_POS  
center sample:  Person06_plasma_elder_POS 
Processing: Person02_plasma_youth_POS  Person23_plasma_elder_POS  Person01_plasma_youth_POS  Person12_plasma_youth_POS  
center sample:  Person06_plasma_elder_POS 
Processing: Person02_plasma_youth_POS  Person23_plasma_elder_POS  Person01_plasma_youth_POS  Person12_plasma_youth_POS  
egrate: 2
fitgauss: FALSE
verbose.columns: TRUE

1
Detecting mass traces at 2 ppm ... OK
Detecting chromatographic peaks in 20224 regions of interest ... OK: 4187 found.
2
Detecting mass traces at 2 ppm ... OK
Detecting chromatographic peaks in 9742 regions of interest ... OK: 2142 found.
3
Detecting mass traces at 2 ppm ... OK
Detecting chromatographic peaks in 20224 regions of interest ... OK: 4287 found.
4
Detecting mass traces at 2 ppm ... OK
Detecting chromatographic peaks in 9742 regions of interest ... OK: 2168 found.
5
Detecting mass traces at 17 ppm ... OK
Detecting chromatographic peaks in 24498 regions of interest ... OK: 8205 found.
6
Detecting mass traces at 17 ppm ... OK
Detecting chromatographic peaks in 15474 regions of interest ... OK: 5378 found.
7
Detecting mass traces at 17 ppm ... OK
Detecting chromatographic peaks in 24498 regions of interest ... OK: 8273 found.
8
Detecting mass traces at 17 ppm ... OK
Detecting chromatographic peaks in 15474 regions of interest ... OK: 5429 found.
9
Detecting mass traces at 2 ppm ... OK
Detecting chromatographic peaks in 20224 regions of interest ... OK: 4024 found.
10
Detecting mass traces at 2 ppm ... OK
Detecting chromatographic peaks in 9742 regions of interest ... OK: 2107 found.
11
Detecting mass traces at 2 ppm ... OK
Detecting chromatographic peaks in 20224 regions of interest ... OK: 4104 found.
12
Detecting mass traces at 2 ppm ... OK
Detecting chromatographic peaks in 9742 regions of interest ... OK: 2127 found.
13
Detecting mass traces at 17 ppm ... OK
Detecting chromatographic peaks in 24498 regions of interest ... OK: 7550 found.
14
Detecting mass traces at 17 ppm ... OK
Detecting chromatographic peaks in 15474 regions of interest ... OK: 4955 found.
15
Detecting mass traces at 17 ppm ... OK
Detecting chromatographic peaks in 24498 regions of interest ... OK: 7586 found.
16
Detecting mass traces at 17 ppm ... OK
Detecting chromatographic peaks in 15474 regions of interest ... OK: 4986 found.
17
Detecting mass traces at 2 ppm ... OK
Detecting chromatographic peaks in 19343 regions of interest ... OK: 4175 found.
18
Detecting mass traces at 2 ppm ... OK
Detecting chromatographic peaks in 9453 regions of interest ... OK: 2141 found.
19
Detecting mass traces at 2 ppm ... OK
Detecting chromatographic peaks in 19343 regions of interest ... OK: 4274 found.
20
Detecting mass traces at 2 ppm ... OK
Detecting chromatographic peaks in 9453 regions of interest ... OK: 2167 found.
21
Detecting mass traces at 17 ppm ... OK
Detecting chromatographic peaks in 22714 regions of interest ... OK: 8155 found.
22
Detecting mass traces at 17 ppm ... OK
Detecting chromatographic peaks in 14565 regions of interest ... OK: 5369 found.
23
Detecting mass traces at 17 ppm ... OK
Detecting chromatographic peaks in 22714 regions of interest ... OK: 8224 found.
24
Detecting mass traces at 17 ppm ... OK
Detecting chromatographic peaks in 14565 regions of interest ... OK: 5426 found.
25
Detecting mass traces at 2 ppm ... OK
Detecting chromatographic peaks in 19343 regions of interest ... OK: 4012 found.
26
Detecting mass traces at 2 ppm ... OK
Detecting chromatographic peaks in 9453 regions of interest ... OK: 2106 found.
27
Detecting mass traces at 2 ppm ... OK
Detecting chromatographic peaks in 19343 regions of interest ... OK: 4091 found.
28
Detecting mass traces at 2 ppm ... OK
Detecting chromatographic peaks in 9453 regions of interest ... OK: 2126 found.
29
Detecting mass traces at 17 ppm ... OK
Detecting chromatographic peaks in 22714 regions of interest ... OK: 7497 found.
30
Detecting mass traces at 17 ppm ... OK
Detecting chromatographic peaks in 14565 regions of interest ... OK: 4932 found.
31
Detecting mass traces at 17 ppm ... OK
Detecting chromatographic peaks in 22714 regions of interest ... OK: 7536 found.
32
Detecting mass traces at 17 ppm ... OK
Detecting chromatographic peaks in 14565 regions of interest ... OK: 4964 found.
33
Detecting mass traces at 2 ppm ... OK
Detecting chromatographic peaks in 20222 regions of interest ... OK: 4187 found.
34
Detecting mass traces at 2 ppm ... OK
Detecting chromatographic peaks in 9742 regions of interest ... OK: 2142 found.
35
Detecting mass traces at 2 ppm ... OK
Detecting chromatographic peaks in 20222 regions of interest ... OK: 4287 found.
36
Detecting mass traces at 2 ppm ... OK
Detecting chromatographic peaks in 9742 regions of interest ... OK: 2168 found.
37
Detecting mass traces at 17 ppm ... OK
Detecting chromatographic peaks in 24467 regions of interest ... OK: 8204 found.
38
Detecting mass traces at 17 ppm ... OK
Detecting chromatographic peaks in 15474 regions of interest ... OK: 5378 found.
39
Detecting mass traces at 17 ppm ... OK
Detecting chromatographic peaks in 24467 regions of interest ... OK: 8272 found.
40
Detecting mass traces at 17 ppm ... OK
Detecting chromatographic peaks in 15474 regions of interest ... OK: 5429 found.
41
Detecting mass traces at 2 ppm ... OK
Detecting chromatographic peaks in 20222 regions of interest ... OK: 4024 found.
42
Detecting mass traces at 2 ppm ... OK
Detecting chromatographic peaks in 9742 regions of interest ... OK: 2107 found.
43
Detecting mass traces at 2 ppm ... OK
Detecting chromatographic peaks in 20222 regions of interest ... OK: 4104 found.
44
Detecting mass traces at 2 ppm ... OK
Detecting chromatographic peaks in 9742 regions of interest ... OK: 2127 found.
45
Detecting mass traces at 17 ppm ... OK
Detecting chromatographic peaks in 24467 regions of interest ... OK: 7549 found.
46
Detecting mass traces at 17 ppm ... OK
Detecting chromatographic peaks in 15474 regions of interest ... OK: 4955 found.
47
Detecting mass traces at 17 ppm ... OK
Detecting chromatographic peaks in 24467 regions of interest ... OK: 7585 found.
48
Detecting mass traces at 17 ppm ... OK
Detecting chromatographic peaks in 15474 regions of interest ... OK: 4986 found.
49
Detecting mass traces at 2 ppm ... OK
Detecting chromatographic peaks in 19343 regions of interest ... OK: 4175 found.
50
Detecting mass traces at 2 ppm ... OK
Detecting chromatographic peaks in 9453 regions of interest ... OK: 2141 found.
51
Detecting mass traces at 2 ppm ... OK
Detecting chromatographic peaks in 19343 regions of interest ... OK: 4274 found.
52
Detecting mass traces at 2 ppm ... OK
Detecting chromatographic peaks in 9453 regions of interest ... OK: 2167 found.
53
Detecting mass traces at 17 ppm ... OK
Detecting chromatographic peaks in 22714 regions of interest ... OK: 8155 found.
54
Detecting mass traces at 17 ppm ... OK
Detecting chromatographic peaks in 14565 regions of interest ... OK: 5369 found.
55
Detecting mass traces at 17 ppm ... OK
Detecting chromatographic peaks in 22714 regions of interest ... OK: 8224 found.
56
Detecting mass traces at 17 ppm ... OK
Detecting chromatographic peaks in 14565 regions of interest ... OK: 5426 found.
57
Detecting mass traces at 2 ppm ... OK
Detecting chromatographic peaks in 19343 regions of interest ... OK: 4012 found.
58
Detecting mass traces at 2 ppm ... OK
Detecting chromatographic peaks in 9453 regions of interest ... OK: 2106 found.
59
Detecting mass traces at 2 ppm ... OK
Detecting chromatographic peaks in 19343 regions of interest ... OK: 4091 found.
60
Detecting mass traces at 2 ppm ... OK
Detecting chromatographic peaks in 9453 regions of interest ... OK: 2126 found.
61
Detecting mass traces at 17 ppm ... OK
Detecting chromatographic peaks in 22714 regions of interest ... OK: 7497 found.
62
Detecting mass traces at 17 ppm ... OK
Detecting chromatographic peaks in 14565 regions of interest ... OK: 4932 found.
63
Detecting mass traces at 17 ppm ... OK
Detecting chromatographic peaks in 22714 regions of interest ... OK: 7536 found.
64
Detecting mass traces at 17 ppm ... OK
Detecting chromatographic peaks in 14565 regions of interest ... OK: 4964 found.
65
Detecting mass traces at 9.5 ppm ... OK
Detecting chromatographic peaks in 18596 regions of interest ... OK: 6465 found.
66
Detecting mass traces at 9.5 ppm ... OK
Detecting chromatographic peaks in 24302 regions of interest ... OK: 8170 found.
67
Detecting mass traces at 9.5 ppm ... OK
Detecting chromatographic peaks in 15011 regions of interest ... OK: 5272 found.
68
Detecting mass traces at 9.5 ppm ... OK
Detecting chromatographic peaks in 18596 regions of interest ... OK: 6436 found.
69
Detecting mass traces at 9.5 ppm ... OK
Detecting chromatographic peaks in 18596 regions of interest ... OK: 6482 found.
70
Detecting mass traces at 2 ppm ... OK
Detecting chromatographic peaks in 13539 regions of interest ... OK: 2966 found.
71
Detecting mass traces at 17 ppm ... OK
Detecting chromatographic peaks in 18937 regions of interest ... OK: 6463 found.
72
Detecting mass traces at 9.5 ppm ... OK
Detecting chromatographic peaks in 18596 regions of interest ... OK: 6558 found.
73
Detecting mass traces at 9.5 ppm ... OK
Detecting chromatographic peaks in 18596 regions of interest ... OK: 6018 found.
74
Detecting mass traces at 9.5 ppm ... OK
Detecting chromatographic peaks in 18640 regions of interest ... OK: 6465 found.
75
Detecting mass traces at 9.5 ppm ... OK
Detecting chromatographic peaks in 17491 regions of interest ... OK: 6444 found.
76
Detecting mass traces at 9.5 ppm ... OK
Detecting chromatographic peaks in 18596 regions of interest ... OK: 6465 found.
77
Detecting mass traces at 9.5 ppm ... OK
Detecting chromatographic peaks in 18596 regions of interest ... OK: 6465 found.
78
Detecting mass traces at 9.5 ppm ... OK
Detecting chromatographic peaks in 18596 regions of interest ... OK: 6465 found.
Detecting mass traces at 11.75 ppm ... OK
Detecting chromatographic peaks in 17674 regions of interest ... OK: 6513 found.
no increase, stopping
best parameter settings:
min_peakwidth: 36
max_peakwidth: 65
ppm: 11.75
mzdiff: -0.00595
noise: 599
value_of_prefilter: 435.65
snthresh: 10
prefilter: 3
mzCenterFun: wMean
integrate: 2
fitgauss: FALSE
verbose.columns: TRUE

There were 50 or more warnings (use warnings() to see the first 50)
Detecting mass traces at 11.75 ppm ... OK
Detecting chromatographic peaks in 18682 regions of interest ... OK: 6347 found.
Detecting mass traces at 11.75 ppm ... OK
Detecting chromatographic peaks in 18473 regions of interest ... OK: 7228 found.
Detecting mass traces at 11.75 ppm ... OK
Detecting chromatographic peaks in 19769 regions of interest ... OK: 6942 found.
Detecting mass traces at 11.75 ppm ... OK
Detecting chromatographic peaks in 20351 regions of interest ... OK: 7811 found.
Detecting mass traces at 11.75 ppm ... OK
Detecting chromatographic peaks in 19006 regions of interest ... OK: 7089 found.
Warning messages:
1: In .local(object, ...) :
  It looks like this file is in profile mode. centWave can process only centroid mode data !

2: In .local(object, ...) :
  It looks like this file is in profile mode. centWave can process only centroid mode data !

3: In .local(object, ...) :
  It looks like this file is in profile mode. centWave can process only centroid mode data !

4: In .local(object, ...) :
  It looks like this file is in profile mode. centWave can process only centroid mode data !

5: In .local(object, ...) :
  It looks like this file is in profile mode. centWave can process only centroid mode data !




starting new DoE with:

distFunc: cor_opt
gapInit: c(0, 0.4)
gapExtend: c(2.1, 2.7)
profStep: c(0.7, 1)
plottype: none
response: 1
factorDiag: 2
factorGap: 1
localAlignment: 0
retcorMethod: obiwarp
bw: c(22, 38)
minfrac: 0.05
mzwid: c(0.015, 0.035)
minsamp: 1
max: 50
center: 4

Create profile matrix with method 'bin' and step 0.7 ... OK
Create profile matrix with method 'bin' and step 0.7 ... OK
Create profile matrix with method 'bin' and step 0.7 ... OK
Create profile matrix with method 'bin' and step 0.7 ... OK
Create profile matrix with method 'bin' and step 0.7 ... OK
Processing 119817 mz slices ... OK
Create profile matrix with method 'bin' and step 0.7 ... OK
Create profile matrix with method 'bin' and step 0.7 ... OK
Create profile matrix with method 'bin' and step 0.7 ... OK
Create profile matrix with method 'bin' and step 0.7 ... OK
Create profile matrix with method 'bin' and step 0.7 ... OK
Processing 119817 mz slices ... OK
Create profile matrix with method 'bin' and step 0.7 ... OK
Create profile matrix with method 'bin' and step 0.7 ... OK
Create profile matrix with method 'bin' and step 0.7 ... OK
Create profile matrix with method 'bin' and step 0.7 ... OK
Create profile matrix with method 'bin' and step 0.7 ... OK
Processing 119817 mz slices ... OK
Create profile matrix with method 'bin' and step 0.7 ... OK
Create profile matrix with method 'bin' and step 0.7 ... OK
Create profile matrix with method 'bin' and step 0.7 ... OK
Create profile matrix with method 'bin' and step 0.7 ... OK
Create profile matrix with method 'bin' and step 0.7 ... OK
Processing 119817 mz slices ... OK
Create profile matrix with method 'bin' and step 1 ... OK
Create profile matrix with method 'bin' and step 1 ... OK
Create profile matrix with method 'bin' and step 1 ... OK
Create profile matrix with method 'bin' and step 1 ... OK
Create profile matrix with method 'bin' and step 1 ... OK
Processing 119817 mz slices ... OK
Create profile matrix with method 'bin' and step 1 ... OK
Create profile matrix with method 'bin' and step 1 ... OK
Create profile matrix with method 'bin' and step 1 ... OK
Create profile matrix with method 'bin' and step 1 ... OK
Create profile matrix with method 'bin' and step 1 ... OK
Processing 119817 mz slices ... OK
Create profile matrix with method 'bin' and step 1 ... OK
Create profile matrix with method 'bin' and step 1 ... OK
Create profile matrix with method 'bin' and step 1 ... OK
Create profile matrix with method 'bin' and step 1 ... OK
Create profile matrix with method 'bin' and step 1 ... OK
Processing 119817 mz slices ... OK
Create profile matrix with method 'bin' and step 1 ... OK
Create profile matrix with method 'bin' and step 1 ... OK
Create profile matrix with method 'bin' and step 1 ... OK
Create profile matrix with method 'bin' and step 1 ... OK
Create profile matrix with method 'bin' and step 1 ... OK
Processing 119817 mz slices ... OK
Create profile matrix with method 'bin' and step 0.7 ... OK
Create profile matrix with method 'bin' and step 0.7 ... OK
Create profile matrix with method 'bin' and step 0.7 ... OK
Create profile matrix with method 'bin' and step 0.7 ... OK
Create profile matrix with method 'bin' and step 0.7 ... OK
Processing 119817 mz slices ... OK
Create profile matrix with method 'bin' and step 0.7 ... OK
Create profile matrix with method 'bin' and step 0.7 ... OK
Create profile matrix with method 'bin' and step 0.7 ... OK
Create profile matrix with method 'bin' and step 0.7 ... OK
Create profile matrix with method 'bin' and step 0.7 ... OK
Processing 119817 mz slices ... OK
Create profile matrix with method 'bin' and step 0.7 ... OK
Create profile matrix with method 'bin' and step 0.7 ... OK
Create profile matrix with method 'bin' and step 0.7 ... OK
Create profile matrix with method 'bin' and step 0.7 ... OK
Create profile matrix with method 'bin' and step 0.7 ... OK
Processing 119817 mz slices ... OK
Create profile matrix with method 'bin' and step 0.7 ... OK
Create profile matrix with method 'bin' and step 0.7 ... OK
Create profile matrix with method 'bin' and step 0.7 ... OK
Create profile matrix with method 'bin' and step 0.7 ... OK
Create profile matrix with method 'bin' and step 0.7 ... OK
Processing 119817 mz slices ... OK
Create profile matrix with method 'bin' and step 1 ... OK
Create profile matrix with method 'bin' and step 1 ... OK
Create profile matrix with method 'bin' and step 1 ... OK
Create profile matrix with method 'bin' and step 1 ... OK
Create profile matrix with method 'bin' and step 1 ... OK
Processing 119817 mz slices ... OK
Create profile matrix with method 'bin' and step 1 ... OK
Create profile matrix with method 'bin' and step 1 ... OK
Create profile matrix with method 'bin' and step 1 ... OK
Create profile matrix with method 'bin' and step 1 ... OK
Create profile matrix with method 'bin' and step 1 ... OK
Processing 119817 mz slices ... OK
Create profile matrix with method 'bin' and step 1 ... OK
Create profile matrix with method 'bin' and step 1 ... OK
Create profile matrix with method 'bin' and step 1 ... OK
Create profile matrix with method 'bin' and step 1 ... OK
Create profile matrix with method 'bin' and step 1 ... OK
Processing 119817 mz slices ... OK
Create profile matrix with method 'bin' and step 1 ... OK
Create profile matrix with method 'bin' and step 1 ... OK
Create profile matrix with method 'bin' and step 1 ... OK
Create profile matrix with method 'bin' and step 1 ... OK
Create profile matrix with method 'bin' and step 1 ... OK
Processing 119817 mz slices ... OK
Create profile matrix with method 'bin' and step 0.7 ... OK
Create profile matrix with method 'bin' and step 0.7 ... OK
Create profile matrix with method 'bin' and step 0.7 ... OK
Create profile matrix with method 'bin' and step 0.7 ... OK
Create profile matrix with method 'bin' and step 0.7 ... OK
Processing 51351 mz slices ... OK
Create profile matrix with method 'bin' and step 0.7 ... OK
Create profile matrix with method 'bin' and step 0.7 ... OK
Create profile matrix with method 'bin' and step 0.7 ... OK
Create profile matrix with method 'bin' and step 0.7 ... OK
Create profile matrix with method 'bin' and step 0.7 ... OK
Processing 51351 mz slices ... OK
Create profile matrix with method 'bin' and step 0.7 ... OK
Create profile matrix with method 'bin' and step 0.7 ... OK
Create profile matrix with method 'bin' and step 0.7 ... OK
Create profile matrix with method 'bin' and step 0.7 ... OK
Create profile matrix with method 'bin' and step 0.7 ... OK
Processing 51351 mz slices ... OK
Create profile matrix with method 'bin' and step 0.7 ... OK
Create profile matrix with method 'bin' and step 0.7 ... OK
Create profile matrix with method 'bin' and step 0.7 ... OK
Create profile matrix with method 'bin' and step 0.7 ... OK
Create profile matrix with method 'bin' and step 0.7 ... OK
Processing 51351 mz slices ... OK
Create profile matrix with method 'bin' and step 1 ... OK
Create profile matrix with method 'bin' and step 1 ... OK
Create profile matrix with method 'bin' and step 1 ... OK
Create profile matrix with method 'bin' and step 1 ... OK
Create profile matrix with method 'bin' and step 1 ... OK
Processing 51351 mz slices ... OK
Create profile matrix with method 'bin' and step 1 ... OK
Create profile matrix with method 'bin' and step 1 ... OK
Create profile matrix with method 'bin' and step 1 ... OK
Create profile matrix with method 'bin' and step 1 ... OK
Create profile matrix with method 'bin' and step 1 ... OK
Processing 51351 mz slices ... OK
Create profile matrix with method 'bin' and step 1 ... OK
Create profile matrix with method 'bin' and step 1 ... OK
Create profile matrix with method 'bin' and step 1 ... OK
Create profile matrix with method 'bin' and step 1 ... OK
Create profile matrix with method 'bin' and step 1 ... OK
Processing 51351 mz slices ... OK
Create profile matrix with method 'bin' and step 1 ... OK
Create profile matrix with method 'bin' and step 1 ... OK
Create profile matrix with method 'bin' and step 1 ... OK
Create profile matrix with method 'bin' and step 1 ... OK
Create profile matrix with method 'bin' and step 1 ... OK
Processing 51351 mz slices ... OK
Create profile matrix with method 'bin' and step 0.7 ... OK
Create profile matrix with method 'bin' and step 0.7 ... OK
Create profile matrix with method 'bin' and step 0.7 ... OK
Create profile matrix with method 'bin' and step 0.7 ... OK
Create profile matrix with method 'bin' and step 0.7 ... OK
Processing 51351 mz slices ... OK
Create profile matrix with method 'bin' and step 0.7 ... OK
Create profile matrix with method 'bin' and step 0.7 ... OK
Create profile matrix with method 'bin' and step 0.7 ... OK
Create profile matrix with method 'bin' and step 0.7 ... OK
Create profile matrix with method 'bin' and step 0.7 ... OK
Processing 51351 mz slices ... OK
Create profile matrix with method 'bin' and step 0.7 ... OK
Create profile matrix with method 'bin' and step 0.7 ... OK
Create profile matrix with method 'bin' and step 0.7 ... OK
Create profile matrix with method 'bin' and step 0.7 ... OK
Create profile matrix with method 'bin' and step 0.7 ... OK
Processing 51351 mz slices ... OK
Create profile matrix with method 'bin' and step 0.7 ... OK
Create profile matrix with method 'bin' and step 0.7 ... OK
Create profile matrix with method 'bin' and step 0.7 ... OK
Create profile matrix with method 'bin' and step 0.7 ... OK
Create profile matrix with method 'bin' and step 0.7 ... OK
Processing 51351 mz slices ... OK
Create profile matrix with method 'bin' and step 1 ... OK
Create profile matrix with method 'bin' and step 1 ... OK
Create profile matrix with method 'bin' and step 1 ... OK
Create profile matrix with method 'bin' and step 1 ... OK
Create profile matrix with method 'bin' and step 1 ... OK
Processing 51351 mz slices ... OK
Create profile matrix with method 'bin' and step 1 ... OK
Create profile matrix with method 'bin' and step 1 ... OK
Create profile matrix with method 'bin' and step 1 ... OK
Create profile matrix with method 'bin' and step 1 ... OK
Create profile matrix with method 'bin' and step 1 ... OK
Processing 51351 mz slices ... OK
Create profile matrix with method 'bin' and step 1 ... OK
Create profile matrix with method 'bin' and step 1 ... OK
Create profile matrix with method 'bin' and step 1 ... OK
Create profile matrix with method 'bin' and step 1 ... OK
Create profile matrix with method 'bin' and step 1 ... OK
Processing 51351 mz slices ... OK
Create profile matrix with method 'bin' and step 1 ... OK
Create profile matrix with method 'bin' and step 1 ... OK
Create profile matrix with method 'bin' and step 1 ... OK
Create profile matrix with method 'bin' and step 1 ... OK
Create profile matrix with method 'bin' and step 1 ... OK
Processing 51351 mz slices ... OK
Create profile matrix with method 'bin' and step 0.85 ... OK
Create profile matrix with method 'bin' and step 0.85 ... OK
Create profile matrix with method 'bin' and step 0.85 ... OK
Create profile matrix with method 'bin' and step 0.85 ... OK
Create profile matrix with method 'bin' and step 0.85 ... OK
Create profile matrix with method 'bin' and step 0.85 ... OK
Create profile matrix with method 'bin' and step 0.85 ... OK
Create profile matrix with method 'bin' and step 0.85 ... OK
Processing 71891 mz slices ... OK
Create profile matrix with method 'bin' and step 0.85 ... OK
Create profile matrix with method 'bin' and step 0.85 ... OK
Create profile matrix with method 'bin' and step 0.85 ... OK
Create profile matrix with method 'bin' and step 0.85 ... OK
Create profile matrix with method 'bin' and step 0.85 ... OK
Create profile matrix with method 'bin' and step 0.85 ... OK
Create profile matrix with method 'bin' and step 0.85 ... OK
Create profile matrix with method 'bin' and step 0.85 ... OK
Processing 71891 mz slices ... OK
Create profile matrix with method 'bin' and step 0.85 ... OK
Create profile matrix with method 'bin' and step 0.85 ... OK
Create profile matrix with method 'bin' and step 0.85 ... OK
Create profile matrix with method 'bin' and step 0.85 ... OK
Create profile matrix with method 'bin' and step 0.85 ... OK
Create profile matrix with method 'bin' and step 0.85 ... OK
Create profile matrix with method 'bin' and step 0.85 ... OK
Create profile matrix with method 'bin' and step 0.85 ... OK
Processing 71891 mz slices ... OK
Create profile matrix with method 'bin' and step 0.85 ... OK
Create profile matrix with method 'bin' and step 0.85 ... OK
Create profile matrix with method 'bin' and step 0.85 ... OK
Create profile matrix with method 'bin' and step 0.85 ... OK
Create profile matrix with method 'bin' and step 0.85 ... OK
Create profile matrix with method 'bin' and step 0.85 ... OK
Create profile matrix with method 'bin' and step 0.85 ... OK
Create profile matrix with method 'bin' and step 0.85 ... OK
Processing 71891 mz slices ... OK
Create profile matrix with method 'bin' and step 0.85 ... OK
Create profile matrix with method 'bin' and step 0.85 ... OK
Create profile matrix with method 'bin' and step 0.85 ... OK
Create profile matrix with method 'bin' and step 0.85 ... OK
Create profile matrix with method 'bin' and step 0.85 ... OK
Create profile matrix with method 'bin' and step 0.85 ... OK
Create profile matrix with method 'bin' and step 0.85 ... OK
Create profile matrix with method 'bin' and step 0.85 ... OK
Processing 71891 mz slices ... OK
Create profile matrix with method 'bin' and step 0.7 ... OK
Create profile matrix with method 'bin' and step 0.7 ... OK
Create profile matrix with method 'bin' and step 0.7 ... OK
Create profile matrix with method 'bin' and step 0.7 ... OK
Create profile matrix with method 'bin' and step 0.7 ... OK
Processing 71891 mz slices ... OK
Create profile matrix with method 'bin' and step 1 ... OK
Create profile matrix with method 'bin' and step 1 ... OK
Create profile matrix with method 'bin' and step 1 ... OK
Create profile matrix with method 'bin' and step 1 ... OK
Create profile matrix with method 'bin' and step 1 ... OK
Processing 71891 mz slices ... OK
Create profile matrix with method 'bin' and step 0.85 ... OK
Create profile matrix with method 'bin' and step 0.85 ... OK
Create profile matrix with method 'bin' and step 0.85 ... OK
Create profile matrix with method 'bin' and step 0.85 ... OK
Create profile matrix with method 'bin' and step 0.85 ... OK
Create profile matrix with method 'bin' and step 0.85 ... OK
Create profile matrix with method 'bin' and step 0.85 ... OK
Create profile matrix with method 'bin' and step 0.85 ... OK
Processing 71891 mz slices ... OK
Create profile matrix with method 'bin' and step 0.85 ... OK
Create profile matrix with method 'bin' and step 0.85 ... OK
Create profile matrix with method 'bin' and step 0.85 ... OK
Create profile matrix with method 'bin' and step 0.85 ... OK
Create profile matrix with method 'bin' and step 0.85 ... OK
Create profile matrix with method 'bin' and step 0.85 ... OK
Create profile matrix with method 'bin' and step 0.85 ... OK
Create profile matrix with method 'bin' and step 0.85 ... OK
Processing 71891 mz slices ... OK
Create profile matrix with method 'bin' and step 0.85 ... OK
Create profile matrix with method 'bin' and step 0.85 ... OK
Create profile matrix with method 'bin' and step 0.85 ... OK
Create profile matrix with method 'bin' and step 0.85 ... OK
Create profile matrix with method 'bin' and step 0.85 ... OK
Create profile matrix with method 'bin' and step 0.85 ... OK
Create profile matrix with method 'bin' and step 0.85 ... OK
Create profile matrix with method 'bin' and step 0.85 ... OK
Processing 119817 mz slices ... OK
Create profile matrix with method 'bin' and step 0.85 ... OK
Create profile matrix with method 'bin' and step 0.85 ... OK
Create profile matrix with method 'bin' and step 0.85 ... OK
Create profile matrix with method 'bin' and step 0.85 ... OK
Create profile matrix with method 'bin' and step 0.85 ... OK
Create profile matrix with method 'bin' and step 0.85 ... OK
Create profile matrix with method 'bin' and step 0.85 ... OK
Create profile matrix with method 'bin' and step 0.85 ... OK
Processing 51351 mz slices ... OK
Create profile matrix with method 'bin' and step 0.85 ... OK
Create profile matrix with method 'bin' and step 0.85 ... OK
Create profile matrix with method 'bin' and step 0.85 ... OK
Create profile matrix with method 'bin' and step 0.85 ... OK
Create profile matrix with method 'bin' and step 0.85 ... OK
Create profile matrix with method 'bin' and step 0.85 ... OK
Create profile matrix with method 'bin' and step 0.85 ... OK
Create profile matrix with method 'bin' and step 0.85 ... OK
Processing 71891 mz slices ... OK
Create profile matrix with method 'bin' and step 0.85 ... OK
Create profile matrix with method 'bin' and step 0.85 ... OK
Create profile matrix with method 'bin' and step 0.85 ... OK
Create profile matrix with method 'bin' and step 0.85 ... OK
Create profile matrix with method 'bin' and step 0.85 ... OK
Create profile matrix with method 'bin' and step 0.85 ... OK
Create profile matrix with method 'bin' and step 0.85 ... OK
Create profile matrix with method 'bin' and step 0.85 ... OK
Processing 119817 mz slices ... OK



starting new DoE with:

gapInit: c(0.16, 0.64)
gapExtend: c(2.16, 2.64)
profStep: c(0.73, 0.97)
bw: c(12.4, 31.6)
mzwid: c(0.003, 0.027)
distFunc: cor_opt
plottype: none
response: 1
factorDiag: 2
factorGap: 1
localAlignment: 0
retcorMethod: obiwarp
minfrac: 0.05
minsamp: 1
max: 50
center: 4

Create profile matrix with method 'bin' and step 0.73 ... OK
Create profile matrix with method 'bin' and step 0.73 ... OK
Create profile matrix with method 'bin' and step 0.73 ... OK
Create profile matrix with method 'bin' and step 0.73 ... OK
Create profile matrix with method 'bin' and step 0.73 ... OK
Create profile matrix with method 'bin' and step 0.73 ... OK
Create profile matrix with method 'bin' and step 0.73 ... OK
Create profile matrix with method 'bin' and step 0.73 ... OK
Processing 599078 mz slices ... OK
Create profile matrix with method 'bin' and step 0.73 ... OK
Create profile matrix with method 'bin' and step 0.73 ... OK
Create profile matrix with method 'bin' and step 0.73 ... OK
Create profile matrix with method 'bin' and step 0.73 ... OK
Create profile matrix with method 'bin' and step 0.73 ... OK
Create profile matrix with method 'bin' and step 0.73 ... OK
Create profile matrix with method 'bin' and step 0.73 ... OK
Create profile matrix with method 'bin' and step 0.73 ... OK
Processing 599078 mz slices ... OK
Create profile matrix with method 'bin' and step 0.73 ... OK
Create profile matrix with method 'bin' and step 0.73 ... OK
Create profile matrix with method 'bin' and step 0.73 ... OK
Create profile matrix with method 'bin' and step 0.73 ... OK
Create profile matrix with method 'bin' and step 0.73 ... OK
Create profile matrix with method 'bin' and step 0.73 ... OK
Create profile matrix with method 'bin' and step 0.73 ... OK
Create profile matrix with method 'bin' and step 0.73 ... OK
Processing 599078 mz slices ... OK
Create profile matrix with method 'bin' and step 0.73 ... OK
Create profile matrix with method 'bin' and step 0.73 ... OK
Create profile matrix with method 'bin' and step 0.73 ... OK
Create profile matrix with method 'bin' and step 0.73 ... OK
Create profile matrix with method 'bin' and step 0.73 ... OK
Create profile matrix with method 'bin' and step 0.73 ... OK
Create profile matrix with method 'bin' and step 0.73 ... OK
Create profile matrix with method 'bin' and step 0.73 ... OK
Processing 599078 mz slices ... OK
Create profile matrix with method 'bin' and step 0.97 ... OK
Create profile matrix with method 'bin' and step 0.97 ... OK
Create profile matrix with method 'bin' and step 0.97 ... OK
Create profile matrix with method 'bin' and step 0.97 ... OK
Create profile matrix with method 'bin' and step 0.97 ... OK
Create profile matrix with method 'bin' and step 0.97 ... OK
Create profile matrix with method 'bin' and step 0.97 ... OK
Create profile matrix with method 'bin' and step 0.97 ... OK
Processing 599078 mz slices ... OK
Create profile matrix with method 'bin' and step 0.97 ... OK
Create profile matrix with method 'bin' and step 0.97 ... OK
Create profile matrix with method 'bin' and step 0.97 ... OK
Create profile matrix with method 'bin' and step 0.97 ... OK
Create profile matrix with method 'bin' and step 0.97 ... OK
Create profile matrix with method 'bin' and step 0.97 ... OK
Create profile matrix with method 'bin' and step 0.97 ... OK
Create profile matrix with method 'bin' and step 0.97 ... OK
Processing 599078 mz slices ... OK
Create profile matrix with method 'bin' and step 0.97 ... OK
Create profile matrix with method 'bin' and step 0.97 ... OK
Create profile matrix with method 'bin' and step 0.97 ... OK
Create profile matrix with method 'bin' and step 0.97 ... OK
Create profile matrix with method 'bin' and step 0.97 ... OK
Create profile matrix with method 'bin' and step 0.97 ... OK
Create profile matrix with method 'bin' and step 0.97 ... OK
Create profile matrix with method 'bin' and step 0.97 ... OK
Processing 599078 mz slices ... OK
Create profile matrix with method 'bin' and step 0.97 ... OK
Create profile matrix with method 'bin' and step 0.97 ... OK
Create profile matrix with method 'bin' and step 0.97 ... OK
Create profile matrix with method 'bin' and step 0.97 ... OK
Create profile matrix with method 'bin' and step 0.97 ... OK
Create profile matrix with method 'bin' and step 0.97 ... OK
Create profile matrix with method 'bin' and step 0.97 ... OK
Create profile matrix with method 'bin' and step 0.97 ... OK
Processing 599078 mz slices ... OK
Create profile matrix with method 'bin' and step 0.73 ... OK
Create profile matrix with method 'bin' and step 0.73 ... OK
Create profile matrix with method 'bin' and step 0.73 ... OK
Create profile matrix with method 'bin' and step 0.73 ... OK
Create profile matrix with method 'bin' and step 0.73 ... OK
Create profile matrix with method 'bin' and step 0.73 ... OK
Create profile matrix with method 'bin' and step 0.73 ... OK
Create profile matrix with method 'bin' and step 0.73 ... OK
Processing 599078 mz slices ... OK
Create profile matrix with method 'bin' and step 0.73 ... OK
Create profile matrix with method 'bin' and step 0.73 ... OK
Create profile matrix with method 'bin' and step 0.73 ... OK
Create profile matrix with method 'bin' and step 0.73 ... OK
Create profile matrix with method 'bin' and step 0.73 ... OK
Create profile matrix with method 'bin' and step 0.73 ... OK
Create profile matrix with method 'bin' and step 0.73 ... OK
Create profile matrix with method 'bin' and step 0.73 ... OK
Processing 599078 mz slices ... OK
Create profile matrix with method 'bin' and step 0.73 ... OK
Create profile matrix with method 'bin' and step 0.73 ... OK
Create profile matrix with method 'bin' and step 0.73 ... OK
Create profile matrix with method 'bin' and step 0.73 ... OK
Create profile matrix with method 'bin' and step 0.73 ... OK
Create profile matrix with method 'bin' and step 0.73 ... OK
Create profile matrix with method 'bin' and step 0.73 ... OK
Create profile matrix with method 'bin' and step 0.73 ... OK
Processing 599078 mz slices ... OK
Create profile matrix with method 'bin' and step 0.73 ... OK
Create profile matrix with method 'bin' and step 0.73 ... OK
Create profile matrix with method 'bin' and step 0.73 ... OK
Create profile matrix with method 'bin' and step 0.73 ... OK
Create profile matrix with method 'bin' and step 0.73 ... OK
Create profile matrix with method 'bin' and step 0.73 ... OK
Create profile matrix with method 'bin' and step 0.73 ... OK
Create profile matrix with method 'bin' and step 0.73 ... OK
Processing 599078 mz slices ... OK
Create profile matrix with method 'bin' and step 0.97 ... OK
Create profile matrix with method 'bin' and step 0.97 ... OK
Create profile matrix with method 'bin' and step 0.97 ... OK
Create profile matrix with method 'bin' and step 0.97 ... OK
Create profile matrix with method 'bin' and step 0.97 ... OK
Create profile matrix with method 'bin' and step 0.97 ... OK
Create profile matrix with method 'bin' and step 0.97 ... OK
Create profile matrix with method 'bin' and step 0.97 ... OK
Processing 599078 mz slices ... OK
Create profile matrix with method 'bin' and step 0.97 ... OK
Create profile matrix with method 'bin' and step 0.97 ... OK
Create profile matrix with method 'bin' and step 0.97 ... OK
Create profile matrix with method 'bin' and step 0.97 ... OK
Create profile matrix with method 'bin' and step 0.97 ... OK
Create profile matrix with method 'bin' and step 0.97 ... OK
Create profile matrix with method 'bin' and step 0.97 ... OK
Create profile matrix with method 'bin' and step 0.97 ... OK
Processing 599078 mz slices ... OK
Create profile matrix with method 'bin' and step 0.97 ... OK
Create profile matrix with method 'bin' and step 0.97 ... OK
Create profile matrix with method 'bin' and step 0.97 ... OK
Create profile matrix with method 'bin' and step 0.97 ... OK
Create profile matrix with method 'bin' and step 0.97 ... OK
Create profile matrix with method 'bin' and step 0.97 ... OK
Create profile matrix with method 'bin' and step 0.97 ... OK
Create profile matrix with method 'bin' and step 0.97 ... OK
Processing 599078 mz slices ... OK
Create profile matrix with method 'bin' and step 0.97 ... OK
Create profile matrix with method 'bin' and step 0.97 ... OK
Create profile matrix with method 'bin' and step 0.97 ... OK
Create profile matrix with method 'bin' and step 0.97 ... OK
Create profile matrix with method 'bin' and step 0.97 ... OK
Create profile matrix with method 'bin' and step 0.97 ... OK
Create profile matrix with method 'bin' and step 0.97 ... OK
Create profile matrix with method 'bin' and step 0.97 ... OK
Processing 599078 mz slices ... OK
Create profile matrix with method 'bin' and step 0.73 ... OK
Create profile matrix with method 'bin' and step 0.73 ... OK
Create profile matrix with method 'bin' and step 0.73 ... OK
Create profile matrix with method 'bin' and step 0.73 ... OK
Create profile matrix with method 'bin' and step 0.73 ... OK
Create profile matrix with method 'bin' and step 0.73 ... OK
Create profile matrix with method 'bin' and step 0.73 ... OK
Create profile matrix with method 'bin' and step 0.73 ... OK
Processing 66566 mz slices ... OK
Create profile matrix with method 'bin' and step 0.73 ... OK
Create profile matrix with method 'bin' and step 0.73 ... OK
Create profile matrix with method 'bin' and step 0.73 ... OK
Create profile matrix with method 'bin' and step 0.73 ... OK
Create profile matrix with method 'bin' and step 0.73 ... OK
Create profile matrix with method 'bin' and step 0.73 ... OK
Create profile matrix with method 'bin' and step 0.73 ... OK
Create profile matrix with method 'bin' and step 0.73 ... OK
Processing 66566 mz slices ... OK
Create profile matrix with method 'bin' and step 0.73 ... OK
Create profile matrix with method 'bin' and step 0.73 ... OK
Create profile matrix with method 'bin' and step 0.73 ... OK
Create profile matrix with method 'bin' and step 0.73 ... OK
Create profile matrix with method 'bin' and step 0.73 ... OK
Create profile matrix with method 'bin' and step 0.73 ... OK
Create profile matrix with method 'bin' and step 0.73 ... OK
Create profile matrix with method 'bin' and step 0.73 ... OK
Processing 66566 mz slices ... OK
Create profile matrix with method 'bin' and step 0.73 ... OK
Create profile matrix with method 'bin' and step 0.73 ... OK
Create profile matrix with method 'bin' and step 0.73 ... OK
Create profile matrix with method 'bin' and step 0.73 ... OK
Create profile matrix with method 'bin' and step 0.73 ... OK
Create profile matrix with method 'bin' and step 0.73 ... OK
Create profile matrix with method 'bin' and step 0.73 ... OK
Create profile matrix with method 'bin' and step 0.73 ... OK
Processing 66566 mz slices ... OK
Create profile matrix with method 'bin' and step 0.97 ... OK
Create profile matrix with method 'bin' and step 0.97 ... OK
Create profile matrix with method 'bin' and step 0.97 ... OK
Create profile matrix with method 'bin' and step 0.97 ... OK
Create profile matrix with method 'bin' and step 0.97 ... OK
Create profile matrix with method 'bin' and step 0.97 ... OK
Create profile matrix with method 'bin' and step 0.97 ... OK
Create profile matrix with method 'bin' and step 0.97 ... OK
Processing 66566 mz slices ... OK
Create profile matrix with method 'bin' and step 0.97 ... OK
Create profile matrix with method 'bin' and step 0.97 ... OK
Create profile matrix with method 'bin' and step 0.97 ... OK
Create profile matrix with method 'bin' and step 0.97 ... OK
Create profile matrix with method 'bin' and step 0.97 ... OK
Create profile matrix with method 'bin' and step 0.97 ... OK
Create profile matrix with method 'bin' and step 0.97 ... OK
Create profile matrix with method 'bin' and step 0.97 ... OK
Processing 66566 mz slices ... OK
Create profile matrix with method 'bin' and step 0.97 ... OK
Create profile matrix with method 'bin' and step 0.97 ... OK
Create profile matrix with method 'bin' and step 0.97 ... OK
Create profile matrix with method 'bin' and step 0.97 ... OK
Create profile matrix with method 'bin' and step 0.97 ... OK
Create profile matrix with method 'bin' and step 0.97 ... OK
Create profile matrix with method 'bin' and step 0.97 ... OK
Create profile matrix with method 'bin' and step 0.97 ... OK
Processing 66566 mz slices ... OK
Create profile matrix with method 'bin' and step 0.97 ... OK
Create profile matrix with method 'bin' and step 0.97 ... OK
Create profile matrix with method 'bin' and step 0.97 ... OK
Create profile matrix with method 'bin' and step 0.97 ... OK
Create profile matrix with method 'bin' and step 0.97 ... OK
Create profile matrix with method 'bin' and step 0.97 ... OK
Create profile matrix with method 'bin' and step 0.97 ... OK
Create profile matrix with method 'bin' and step 0.97 ... OK
Processing 66566 mz slices ... OK
Create profile matrix with method 'bin' and step 0.73 ... OK
Create profile matrix with method 'bin' and step 0.73 ... OK
Create profile matrix with method 'bin' and step 0.73 ... OK
Create profile matrix with method 'bin' and step 0.73 ... OK
Create profile matrix with method 'bin' and step 0.73 ... OK
Create profile matrix with method 'bin' and step 0.73 ... OK
Create profile matrix with method 'bin' and step 0.73 ... OK
Create profile matrix with method 'bin' and step 0.73 ... OK
Processing 66566 mz slices ... OK
Create profile matrix with method 'bin' and step 0.73 ... OK
Create profile matrix with method 'bin' and step 0.73 ... OK
Create profile matrix with method 'bin' and step 0.73 ... OK
Create profile matrix with method 'bin' and step 0.73 ... OK
Create profile matrix with method 'bin' and step 0.73 ... OK
Create profile matrix with method 'bin' and step 0.73 ... OK
Create profile matrix with method 'bin' and step 0.73 ... OK
Create profile matrix with method 'bin' and step 0.73 ... OK
Processing 66566 mz slices ... OK
Create profile matrix with method 'bin' and step 0.73 ... OK
Create profile matrix with method 'bin' and step 0.73 ... OK
Create profile matrix with method 'bin' and step 0.73 ... OK
Create profile matrix with method 'bin' and step 0.73 ... OK
Create profile matrix with method 'bin' and step 0.73 ... OK
Create profile matrix with method 'bin' and step 0.73 ... OK
Create profile matrix with method 'bin' and step 0.73 ... OK
Create profile matrix with method 'bin' and step 0.73 ... OK
Processing 66566 mz slices ... OK
Create profile matrix with method 'bin' and step 0.73 ... OK
Create profile matrix with method 'bin' and step 0.73 ... OK
Create profile matrix with method 'bin' and step 0.73 ... OK
Create profile matrix with method 'bin' and step 0.73 ... OK
Create profile matrix with method 'bin' and step 0.73 ... OK
Create profile matrix with method 'bin' and step 0.73 ... OK
Create profile matrix with method 'bin' and step 0.73 ... OK
Create profile matrix with method 'bin' and step 0.73 ... OK
Processing 66566 mz slices ... OK
Create profile matrix with method 'bin' and step 0.97 ... OK
Create profile matrix with method 'bin' and step 0.97 ... OK
Create profile matrix with method 'bin' and step 0.97 ... OK
Create profile matrix with method 'bin' and step 0.97 ... OK
Create profile matrix with method 'bin' and step 0.97 ... OK
Create profile matrix with method 'bin' and step 0.97 ... OK
Create profile matrix with method 'bin' and step 0.97 ... OK
Create profile matrix with method 'bin' and step 0.97 ... OK
Processing 66566 mz slices ... OK
Create profile matrix with method 'bin' and step 0.97 ... OK
Create profile matrix with method 'bin' and step 0.97 ... OK
Create profile matrix with method 'bin' and step 0.97 ... OK
Create profile matrix with method 'bin' and step 0.97 ... OK
Create profile matrix with method 'bin' and step 0.97 ... OK
Create profile matrix with method 'bin' and step 0.97 ... OK
Create profile matrix with method 'bin' and step 0.97 ... OK
Create profile matrix with method 'bin' and step 0.97 ... OK
Processing 66566 mz slices ... OK
Create profile matrix with method 'bin' and step 0.97 ... OK
Create profile matrix with method 'bin' and step 0.97 ... OK
Create profile matrix with method 'bin' and step 0.97 ... OK
Create profile matrix with method 'bin' and step 0.97 ... OK
Create profile matrix with method 'bin' and step 0.97 ... OK
Create profile matrix with method 'bin' and step 0.97 ... OK
Create profile matrix with method 'bin' and step 0.97 ... OK
Create profile matrix with method 'bin' and step 0.97 ... OK
Processing 66566 mz slices ... OK
Create profile matrix with method 'bin' and step 0.97 ... OK
Create profile matrix with method 'bin' and step 0.97 ... OK
Create profile matrix with method 'bin' and step 0.97 ... OK
Create profile matrix with method 'bin' and step 0.97 ... OK
Create profile matrix with method 'bin' and step 0.97 ... OK
Create profile matrix with method 'bin' and step 0.97 ... OK
Create profile matrix with method 'bin' and step 0.97 ... OK
Create profile matrix with method 'bin' and step 0.97 ... OK
Processing 66566 mz slices ... OK
Create profile matrix with method 'bin' and step 0.85 ... OK
Create profile matrix with method 'bin' and step 0.85 ... OK
Create profile matrix with method 'bin' and step 0.85 ... OK
Create profile matrix with method 'bin' and step 0.85 ... OK
Create profile matrix with method 'bin' and step 0.85 ... OK
Create profile matrix with method 'bin' and step 0.85 ... OK
Create profile matrix with method 'bin' and step 0.85 ... OK
Create profile matrix with method 'bin' and step 0.85 ... OK
Processing 119817 mz slices ... OK
Create profile matrix with method 'bin' and step 0.85 ... OK
Create profile matrix with method 'bin' and step 0.85 ... OK
Create profile matrix with method 'bin' and step 0.85 ... OK
Create profile matrix with method 'bin' and step 0.85 ... OK
Create profile matrix with method 'bin' and step 0.85 ... OK
Create profile matrix with method 'bin' and step 0.85 ... OK
Create profile matrix with method 'bin' and step 0.85 ... OK
Create profile matrix with method 'bin' and step 0.85 ... OK
Processing 119817 mz slices ... OK
Create profile matrix with method 'bin' and step 0.85 ... OK
Create profile matrix with method 'bin' and step 0.85 ... OK
Create profile matrix with method 'bin' and step 0.85 ... OK
Create profile matrix with method 'bin' and step 0.85 ... OK
Create profile matrix with method 'bin' and step 0.85 ... OK
Create profile matrix with method 'bin' and step 0.85 ... OK
Create profile matrix with method 'bin' and step 0.85 ... OK
Create profile matrix with method 'bin' and step 0.85 ... OK
Processing 119817 mz slices ... OK
Create profile matrix with method 'bin' and step 0.85 ... OK
Create profile matrix with method 'bin' and step 0.85 ... OK
Create profile matrix with method 'bin' and step 0.85 ... OK
Create profile matrix with method 'bin' and step 0.85 ... OK
Create profile matrix with method 'bin' and step 0.85 ... OK
Create profile matrix with method 'bin' and step 0.85 ... OK
Create profile matrix with method 'bin' and step 0.85 ... OK
Create profile matrix with method 'bin' and step 0.85 ... OK
Processing 119817 mz slices ... OK
Create profile matrix with method 'bin' and step 0.85 ... OK
Create profile matrix with method 'bin' and step 0.85 ... OK
Create profile matrix with method 'bin' and step 0.85 ... OK
Create profile matrix with method 'bin' and step 0.85 ... OK
Create profile matrix with method 'bin' and step 0.85 ... OK
Create profile matrix with method 'bin' and step 0.85 ... OK
Create profile matrix with method 'bin' and step 0.85 ... OK
Create profile matrix with method 'bin' and step 0.85 ... OK
Processing 119817 mz slices ... OK
Create profile matrix with method 'bin' and step 0.73 ... OK
Create profile matrix with method 'bin' and step 0.73 ... OK
Create profile matrix with method 'bin' and step 0.73 ... OK
Create profile matrix with method 'bin' and step 0.73 ... OK
Create profile matrix with method 'bin' and step 0.73 ... OK
Create profile matrix with method 'bin' and step 0.73 ... OK
Create profile matrix with method 'bin' and step 0.73 ... OK
Create profile matrix with method 'bin' and step 0.73 ... OK
Processing 119817 mz slices ... OK
Create profile matrix with method 'bin' and step 0.97 ... OK
Create profile matrix with method 'bin' and step 0.97 ... OK
Create profile matrix with method 'bin' and step 0.97 ... OK
Create profile matrix with method 'bin' and step 0.97 ... OK
Create profile matrix with method 'bin' and step 0.97 ... OK
Create profile matrix with method 'bin' and step 0.97 ... OK
Create profile matrix with method 'bin' and step 0.97 ... OK
Create profile matrix with method 'bin' and step 0.97 ... OK
Processing 119817 mz slices ... OK
Create profile matrix with method 'bin' and step 0.85 ... OK
Create profile matrix with method 'bin' and step 0.85 ... OK
Create profile matrix with method 'bin' and step 0.85 ... OK
Create profile matrix with method 'bin' and step 0.85 ... OK
Create profile matrix with method 'bin' and step 0.85 ... OK
Create profile matrix with method 'bin' and step 0.85 ... OK
Create profile matrix with method 'bin' and step 0.85 ... OK
Create profile matrix with method 'bin' and step 0.85 ... OK
Processing 119817 mz slices ... OK
Create profile matrix with method 'bin' and step 0.85 ... OK
Create profile matrix with method 'bin' and step 0.85 ... OK
Create profile matrix with method 'bin' and step 0.85 ... OK
Create profile matrix with method 'bin' and step 0.85 ... OK
Create profile matrix with method 'bin' and step 0.85 ... OK
Create profile matrix with method 'bin' and step 0.85 ... OK
Create profile matrix with method 'bin' and step 0.85 ... OK
Create profile matrix with method 'bin' and step 0.85 ... OK
Processing 119817 mz slices ... OK
Create profile matrix with method 'bin' and step 0.85 ... OK
Create profile matrix with method 'bin' and step 0.85 ... OK
Create profile matrix with method 'bin' and step 0.85 ... OK
Create profile matrix with method 'bin' and step 0.85 ... OK
Create profile matrix with method 'bin' and step 0.85 ... OK
Create profile matrix with method 'bin' and step 0.85 ... OK
Create profile matrix with method 'bin' and step 0.85 ... OK
Create profile matrix with method 'bin' and step 0.85 ... OK
Processing 599078 mz slices ... OK
Create profile matrix with method 'bin' and step 0.85 ... OK
Create profile matrix with method 'bin' and step 0.85 ... OK
Create profile matrix with method 'bin' and step 0.85 ... OK
Create profile matrix with method 'bin' and step 0.85 ... OK
Create profile matrix with method 'bin' and step 0.85 ... OK
Create profile matrix with method 'bin' and step 0.85 ... OK
Create profile matrix with method 'bin' and step 0.85 ... OK
Create profile matrix with method 'bin' and step 0.85 ... OK
Processing 66566 mz slices ... OK
Create profile matrix with method 'bin' and step 0.85 ... OK
Create profile matrix with method 'bin' and step 0.85 ... OK
Create profile matrix with method 'bin' and step 0.85 ... OK
Create profile matrix with method 'bin' and step 0.85 ... OK
Create profile matrix with method 'bin' and step 0.85 ... OK
Create profile matrix with method 'bin' and step 0.85 ... OK
Create profile matrix with method 'bin' and step 0.85 ... OK
Create profile matrix with method 'bin' and step 0.85 ... OK
Processing 119817 mz slices ... OK
Create profile matrix with method 'bin' and step 0.79 ... OK
Create profile matrix with method 'bin' and step 0.79 ... OK
Create profile matrix with method 'bin' and step 0.79 ... OK
Create profile matrix with method 'bin' and step 0.79 ... OK
Create profile matrix with method 'bin' and step 0.79 ... OK
Create profile matrix with method 'bin' and step 0.79 ... OK
Create profile matrix with method 'bin' and step 0.79 ... OK
Create profile matrix with method 'bin' and step 0.79 ... OK
Processing 230416 mz slices ... OK



starting new DoE with:

gapInit: c(0.376, 0.856)
gapExtend: c(2.208, 2.592)
profStep: c(0.67, 0.91)
bw: c(0.879999999999999, 23.92)
mzwid: c(1e-04, 0.0241)
distFunc: cor_opt
plottype: none
response: 1
factorDiag: 2
factorGap: 1
localAlignment: 0
retcorMethod: obiwarp
minfrac: 0.05
minsamp: 1
max: 50
center: 4

Create profile matrix with method 'bin' and step 0.67 ... OK
Create profile matrix with method 'bin' and step 0.67 ... OK
Create profile matrix with method 'bin' and step 0.67 ... OK
Create profile matrix with method 'bin' and step 0.67 ... OK
Create profile matrix with method 'bin' and step 0.67 ... OK
Create profile matrix with method 'bin' and step 0.67 ... OK
Create profile matrix with method 'bin' and step 0.67 ... OK
Create profile matrix with method 'bin' and step 0.67 ... OK
Processing 17972294 mz slices ... OK
Create profile matrix with method 'bin' and step 0.67 ... OK
Create profile matrix with method 'bin' and step 0.67 ... OK
Create profile matrix with method 'bin' and step 0.67 ... OK
Create profile matrix with method 'bin' and step 0.67 ... OK
Create profile matrix with method 'bin' and step 0.67 ... OK
Create profile matrix with method 'bin' and step 0.67 ... OK
Create profile matrix with method 'bin' and step 0.67 ... OK
Create profile matrix with method 'bin' and step 0.67 ... OK
Processing 17972294 mz slices ... OK
Create profile matrix with method 'bin' and step 0.67 ... OK
Create profile matrix with method 'bin' and step 0.67 ... OK
Create profile matrix with method 'bin' and step 0.67 ... OK
Create profile matrix with method 'bin' and step 0.67 ... OK
Create profile matrix with method 'bin' and step 0.67 ... OK
Create profile matrix with method 'bin' and step 0.67 ... OK
Create profile matrix with method 'bin' and step 0.67 ... OK
Create profile matrix with method 'bin' and step 0.67 ... OK
Processing 17972294 mz slices ... OK
Create profile matrix with method 'bin' and step 0.67 ... OK
Create profile matrix with method 'bin' and step 0.67 ... OK
Create profile matrix with method 'bin' and step 0.67 ... OK
Create profile matrix with method 'bin' and step 0.67 ... OK
Create profile matrix with method 'bin' and step 0.67 ... OK
Create profile matrix with method 'bin' and step 0.67 ... OK
Create profile matrix with method 'bin' and step 0.67 ... OK
Create profile matrix with method 'bin' and step 0.67 ... OK
Processing 17972294 mz slices ... OK
Create profile matrix with method 'bin' and step 0.91 ... OK
Create profile matrix with method 'bin' and step 0.91 ... OK
Create profile matrix with method 'bin' and step 0.91 ... OK
Create profile matrix with method 'bin' and step 0.91 ... OK
Create profile matrix with method 'bin' and step 0.91 ... OK
Create profile matrix with method 'bin' and step 0.91 ... OK
Create profile matrix with method 'bin' and step 0.91 ... OK
Create profile matrix with method 'bin' and step 0.91 ... OK
Processing 17972294 mz slices ... OK
Create profile matrix with method 'bin' and step 0.91 ... OK
Create profile matrix with method 'bin' and step 0.91 ... OK
Create profile matrix with method 'bin' and step 0.91 ... OK
Create profile matrix with method 'bin' and step 0.91 ... OK
Create profile matrix with method 'bin' and step 0.91 ... OK
Create profile matrix with method 'bin' and step 0.91 ... OK
Create profile matrix with method 'bin' and step 0.91 ... OK
Create profile matrix with method 'bin' and step 0.91 ... OK
Processing 17972294 mz slices ... OK
Create profile matrix with method 'bin' and step 0.91 ... OK
Create profile matrix with method 'bin' and step 0.91 ... OK
Create profile matrix with method 'bin' and step 0.91 ... OK
Create profile matrix with method 'bin' and step 0.91 ... OK
Create profile matrix with method 'bin' and step 0.91 ... OK
Create profile matrix with method 'bin' and step 0.91 ... OK
Create profile matrix with method 'bin' and step 0.91 ... OK
Create profile matrix with method 'bin' and step 0.91 ... OK
Processing 17972294 mz slices ... OK
Create profile matrix with method 'bin' and step 0.91 ... OK
Create profile matrix with method 'bin' and step 0.91 ... OK
Create profile matrix with method 'bin' and step 0.91 ... OK
Create profile matrix with method 'bin' and step 0.91 ... OK
Create profile matrix with method 'bin' and step 0.91 ... OK
Create profile matrix with method 'bin' and step 0.91 ... OK
Create profile matrix with method 'bin' and step 0.91 ... OK
Create profile matrix with method 'bin' and step 0.91 ... OK
Processing 17972294 mz slices ... OK
Create profile matrix with method 'bin' and step 0.67 ... OK
Create profile matrix with method 'bin' and step 0.67 ... OK
Create profile matrix with method 'bin' and step 0.67 ... OK
Create profile matrix with method 'bin' and step 0.67 ... OK
Create profile matrix with method 'bin' and step 0.67 ... OK
Create profile matrix with method 'bin' and step 0.67 ... OK
Create profile matrix with method 'bin' and step 0.67 ... OK
Create profile matrix with method 'bin' and step 0.67 ... OK
Processing 17972294 mz slices ... OK
Create profile matrix with method 'bin' and step 0.67 ... OK
Create profile matrix with method 'bin' and step 0.67 ... OK
Create profile matrix with method 'bin' and step 0.67 ... OK
Create profile matrix with method 'bin' and step 0.67 ... OK
Create profile matrix with method 'bin' and step 0.67 ... OK
Create profile matrix with method 'bin' and step 0.67 ... OK
Create profile matrix with method 'bin' and step 0.67 ... OK
Create profile matrix with method 'bin' and step 0.67 ... OK
Processing 17972294 mz slices ... OK
Create profile matrix with method 'bin' and step 0.67 ... OK
Create profile matrix with method 'bin' and step 0.67 ... OK
Create profile matrix with method 'bin' and step 0.67 ... OK
Create profile matrix with method 'bin' and step 0.67 ... OK
Create profile matrix with method 'bin' and step 0.67 ... OK
Create profile matrix with method 'bin' and step 0.67 ... OK
Create profile matrix with method 'bin' and step 0.67 ... OK
Create profile matrix with method 'bin' and step 0.67 ... OK
Processing 17972294 mz slices ... OK
Create profile matrix with method 'bin' and step 0.67 ... OK
Create profile matrix with method 'bin' and step 0.67 ... OK
Create profile matrix with method 'bin' and step 0.67 ... OK
Create profile matrix with method 'bin' and step 0.67 ... OK
Create profile matrix with method 'bin' and step 0.67 ... OK
Create profile matrix with method 'bin' and step 0.67 ... OK
Create profile matrix with method 'bin' and step 0.67 ... OK
Create profile matrix with method 'bin' and step 0.67 ... OK
Processing 17972294 mz slices ... OK
Create profile matrix with method 'bin' and step 0.91 ... OK
Create profile matrix with method 'bin' and step 0.91 ... OK
Create profile matrix with method 'bin' and step 0.91 ... OK
Create profile matrix with method 'bin' and step 0.91 ... OK
Create profile matrix with method 'bin' and step 0.91 ... OK
Create profile matrix with method 'bin' and step 0.91 ... OK
Create profile matrix with method 'bin' and step 0.91 ... OK
Create profile matrix with method 'bin' and step 0.91 ... OK
Processing 17972294 mz slices ... OK
Create profile matrix with method 'bin' and step 0.91 ... OK
Create profile matrix with method 'bin' and step 0.91 ... OK
Create profile matrix with method 'bin' and step 0.91 ... OK
Create profile matrix with method 'bin' and step 0.91 ... OK
Create profile matrix with method 'bin' and step 0.91 ... OK
Create profile matrix with method 'bin' and step 0.91 ... OK
Create profile matrix with method 'bin' and step 0.91 ... OK
Create profile matrix with method 'bin' and step 0.91 ... OK
Processing 17972294 mz slices ... OK
Create profile matrix with method 'bin' and step 0.91 ... OK
Create profile matrix with method 'bin' and step 0.91 ... OK
Create profile matrix with method 'bin' and step 0.91 ... OK
Create profile matrix with method 'bin' and step 0.91 ... OK
Create profile matrix with method 'bin' and step 0.91 ... OK
Create profile matrix with method 'bin' and step 0.91 ... OK
Create profile matrix with method 'bin' and step 0.91 ... OK
Create profile matrix with method 'bin' and step 0.91 ... OK
Processing 17972294 mz slices ... OK
Create profile matrix with method 'bin' and step 0.91 ... OK
Create profile matrix with method 'bin' and step 0.91 ... OK
Create profile matrix with method 'bin' and step 0.91 ... OK
Create profile matrix with method 'bin' and step 0.91 ... OK
Create profile matrix with method 'bin' and step 0.91 ... OK
Create profile matrix with method 'bin' and step 0.91 ... OK
Create profile matrix with method 'bin' and step 0.91 ... OK
Create profile matrix with method 'bin' and step 0.91 ... OK
Processing 17972294 mz slices ... OK
Create profile matrix with method 'bin' and step 0.67 ... OK
Create profile matrix with method 'bin' and step 0.67 ... OK
Create profile matrix with method 'bin' and step 0.67 ... OK
Create profile matrix with method 'bin' and step 0.67 ... OK
Create profile matrix with method 'bin' and step 0.67 ... OK
Create profile matrix with method 'bin' and step 0.67 ... OK
Create profile matrix with method 'bin' and step 0.67 ... OK
Create profile matrix with method 'bin' and step 0.67 ... OK
Processing 74575 mz slices ... OK
Create profile matrix with method 'bin' and step 0.67 ... OK
Create profile matrix with method 'bin' and step 0.67 ... OK
Create profile matrix with method 'bin' and step 0.67 ... OK
Create profile matrix with method 'bin' and step 0.67 ... OK
Create profile matrix with method 'bin' and step 0.67 ... OK
Create profile matrix with method 'bin' and step 0.67 ... OK
Create profile matrix with method 'bin' and step 0.67 ... OK
Create profile matrix with method 'bin' and step 0.67 ... OK
Processing 74575 mz slices ... OK
Create profile matrix with method 'bin' and step 0.67 ... OK
Create profile matrix with method 'bin' and step 0.67 ... OK
Create profile matrix with method 'bin' and step 0.67 ... OK
Create profile matrix with method 'bin' and step 0.67 ... OK
Create profile matrix with method 'bin' and step 0.67 ... OK
Create profile matrix with method 'bin' and step 0.67 ... OK
Create profile matrix with method 'bin' and step 0.67 ... OK
Create profile matrix with method 'bin' and step 0.67 ... OK
Processing 74575 mz slices ... OK
Create profile matrix with method 'bin' and step 0.67 ... OK
Create profile matrix with method 'bin' and step 0.67 ... OK
Create profile matrix with method 'bin' and step 0.67 ... OK
Create profile matrix with method 'bin' and step 0.67 ... OK
Create profile matrix with method 'bin' and step 0.67 ... OK
Create profile matrix with method 'bin' and step 0.67 ... OK
Create profile matrix with method 'bin' and step 0.67 ... OK
Create profile matrix with method 'bin' and step 0.67 ... OK
Processing 74575 mz slices ... OK
Create profile matrix with method 'bin' and step 0.91 ... OK
Create profile matrix with method 'bin' and step 0.91 ... OK
Create profile matrix with method 'bin' and step 0.91 ... OK
Create profile matrix with method 'bin' and step 0.91 ... OK
Create profile matrix with method 'bin' and step 0.91 ... OK
Create profile matrix with method 'bin' and step 0.91 ... OK
Create profile matrix with method 'bin' and step 0.91 ... OK
Create profile matrix with method 'bin' and step 0.91 ... OK
Processing 74575 mz slices ... OK
Create profile matrix with method 'bin' and step 0.91 ... OK
Create profile matrix with method 'bin' and step 0.91 ... OK
Create profile matrix with method 'bin' and step 0.91 ... OK
Create profile matrix with method 'bin' and step 0.91 ... OK
Create profile matrix with method 'bin' and step 0.91 ... OK
Create profile matrix with method 'bin' and step 0.91 ... OK
Create profile matrix with method 'bin' and step 0.91 ... OK
Create profile matrix with method 'bin' and step 0.91 ... OK
Processing 74575 mz slices ... OK
Create profile matrix with method 'bin' and step 0.91 ... OK
Create profile matrix with method 'bin' and step 0.91 ... OK
Create profile matrix with method 'bin' and step 0.91 ... OK
Create profile matrix with method 'bin' and step 0.91 ... OK
Create profile matrix with method 'bin' and step 0.91 ... OK
Create profile matrix with method 'bin' and step 0.91 ... OK
Create profile matrix with method 'bin' and step 0.91 ... OK
Create profile matrix with method 'bin' and step 0.91 ... OK
Processing 74575 mz slices ... OK
Create profile matrix with method 'bin' and step 0.91 ... OK
Create profile matrix with method 'bin' and step 0.91 ... OK
Create profile matrix with method 'bin' and step 0.91 ... OK
Create profile matrix with method 'bin' and step 0.91 ... OK
Create profile matrix with method 'bin' and step 0.91 ... OK
Create profile matrix with method 'bin' and step 0.91 ... OK
Create profile matrix with method 'bin' and step 0.91 ... OK
Create profile matrix with method 'bin' and step 0.91 ... OK
Processing 74575 mz slices ... OK
Create profile matrix with method 'bin' and step 0.67 ... OK
Create profile matrix with method 'bin' and step 0.67 ... OK
Create profile matrix with method 'bin' and step 0.67 ... OK
Create profile matrix with method 'bin' and step 0.67 ... OK
Create profile matrix with method 'bin' and step 0.67 ... OK
Create profile matrix with method 'bin' and step 0.67 ... OK
Create profile matrix with method 'bin' and step 0.67 ... OK
Create profile matrix with method 'bin' and step 0.67 ... OK
Processing 74575 mz slices ... OK
Create profile matrix with method 'bin' and step 0.67 ... OK
Create profile matrix with method 'bin' and step 0.67 ... OK
Create profile matrix with method 'bin' and step 0.67 ... OK
Create profile matrix with method 'bin' and step 0.67 ... OK
Create profile matrix with method 'bin' and step 0.67 ... OK
Create profile matrix with method 'bin' and step 0.67 ... OK
Create profile matrix with method 'bin' and step 0.67 ... OK
Create profile matrix with method 'bin' and step 0.67 ... OK
Processing 74575 mz slices ... OK
Create profile matrix with method 'bin' and step 0.67 ... OK
Create profile matrix with method 'bin' and step 0.67 ... OK
Create profile matrix with method 'bin' and step 0.67 ... OK
Create profile matrix with method 'bin' and step 0.67 ... OK
Create profile matrix with method 'bin' and step 0.67 ... OK
Create profile matrix with method 'bin' and step 0.67 ... OK
Create profile matrix with method 'bin' and step 0.67 ... OK
Create profile matrix with method 'bin' and step 0.67 ... OK
Processing 74575 mz slices ... OK
Create profile matrix with method 'bin' and step 0.67 ... OK
Create profile matrix with method 'bin' and step 0.67 ... OK
Create profile matrix with method 'bin' and step 0.67 ... OK
Create profile matrix with method 'bin' and step 0.67 ... OK
Create profile matrix with method 'bin' and step 0.67 ... OK
Create profile matrix with method 'bin' and step 0.67 ... OK
Create profile matrix with method 'bin' and step 0.67 ... OK
Create profile matrix with method 'bin' and step 0.67 ... OK
Processing 74575 mz slices ... OK
Create profile matrix with method 'bin' and step 0.91 ... OK
Create profile matrix with method 'bin' and step 0.91 ... OK
Create profile matrix with method 'bin' and step 0.91 ... OK
Create profile matrix with method 'bin' and step 0.91 ... OK
Create profile matrix with method 'bin' and step 0.91 ... OK
Create profile matrix with method 'bin' and step 0.91 ... OK
Create profile matrix with method 'bin' and step 0.91 ... OK
Create profile matrix with method 'bin' and step 0.91 ... OK
Processing 74575 mz slices ... OK
Create profile matrix with method 'bin' and step 0.91 ... OK
Create profile matrix with method 'bin' and step 0.91 ... OK
Create profile matrix with method 'bin' and step 0.91 ... OK
Create profile matrix with method 'bin' and step 0.91 ... OK
Create profile matrix with method 'bin' and step 0.91 ... OK
Create profile matrix with method 'bin' and step 0.91 ... OK
Create profile matrix with method 'bin' and step 0.91 ... OK
Create profile matrix with method 'bin' and step 0.91 ... OK
Processing 74575 mz slices ... OK
Create profile matrix with method 'bin' and step 0.91 ... OK
Create profile matrix with method 'bin' and step 0.91 ... OK
Create profile matrix with method 'bin' and step 0.91 ... OK
Create profile matrix with method 'bin' and step 0.91 ... OK
Create profile matrix with method 'bin' and step 0.91 ... OK
Create profile matrix with method 'bin' and step 0.91 ... OK
Create profile matrix with method 'bin' and step 0.91 ... OK
Create profile matrix with method 'bin' and step 0.91 ... OK
Processing 74575 mz slices ... OK
Create profile matrix with method 'bin' and step 0.91 ... OK
Create profile matrix with method 'bin' and step 0.91 ... OK
Create profile matrix with method 'bin' and step 0.91 ... OK
Create profile matrix with method 'bin' and step 0.91 ... OK
Create profile matrix with method 'bin' and step 0.91 ... OK
Create profile matrix with method 'bin' and step 0.91 ... OK
Create profile matrix with method 'bin' and step 0.91 ... OK
Create profile matrix with method 'bin' and step 0.91 ... OK
Processing 74575 mz slices ... OK
Create profile matrix with method 'bin' and step 0.79 ... OK
Create profile matrix with method 'bin' and step 0.79 ... OK
Create profile matrix with method 'bin' and step 0.79 ... OK
Create profile matrix with method 'bin' and step 0.79 ... OK
Create profile matrix with method 'bin' and step 0.79 ... OK
Create profile matrix with method 'bin' and step 0.79 ... OK
Create profile matrix with method 'bin' and step 0.79 ... OK
Create profile matrix with method 'bin' and step 0.79 ... OK
Processing 148533 mz slices ... OK
Create profile matrix with method 'bin' and step 0.79 ... OK
Create profile matrix with method 'bin' and step 0.79 ... OK
Create profile matrix with method 'bin' and step 0.79 ... OK
Create profile matrix with method 'bin' and step 0.79 ... OK
Create profile matrix with method 'bin' and step 0.79 ... OK
Create profile matrix with method 'bin' and step 0.79 ... OK
Create profile matrix with method 'bin' and step 0.79 ... OK
Create profile matrix with method 'bin' and step 0.79 ... OK
Processing 148533 mz slices ... OK
Create profile matrix with method 'bin' and step 0.79 ... OK
Create profile matrix with method 'bin' and step 0.79 ... OK
Create profile matrix with method 'bin' and step 0.79 ... OK
Create profile matrix with method 'bin' and step 0.79 ... OK
Create profile matrix with method 'bin' and step 0.79 ... OK
Create profile matrix with method 'bin' and step 0.79 ... OK
Create profile matrix with method 'bin' and step 0.79 ... OK
Create profile matrix with method 'bin' and step 0.79 ... OK
Processing 148533 mz slices ... OK
Create profile matrix with method 'bin' and step 0.79 ... OK
Create profile matrix with method 'bin' and step 0.79 ... OK
Create profile matrix with method 'bin' and step 0.79 ... OK
Create profile matrix with method 'bin' and step 0.79 ... OK
Create profile matrix with method 'bin' and step 0.79 ... OK
Create profile matrix with method 'bin' and step 0.79 ... OK
Create profile matrix with method 'bin' and step 0.79 ... OK
Create profile matrix with method 'bin' and step 0.79 ... OK
Processing 148533 mz slices ... OK
Create profile matrix with method 'bin' and step 0.79 ... OK
Create profile matrix with method 'bin' and step 0.79 ... OK
Create profile matrix with method 'bin' and step 0.79 ... OK
Create profile matrix with method 'bin' and step 0.79 ... OK
Create profile matrix with method 'bin' and step 0.79 ... OK
Create profile matrix with method 'bin' and step 0.79 ... OK
Create profile matrix with method 'bin' and step 0.79 ... OK
Create profile matrix with method 'bin' and step 0.79 ... OK
Processing 148533 mz slices ... OK
Create profile matrix with method 'bin' and step 0.67 ... OK
Create profile matrix with method 'bin' and step 0.67 ... OK
Create profile matrix with method 'bin' and step 0.67 ... OK
Create profile matrix with method 'bin' and step 0.67 ... OK
Create profile matrix with method 'bin' and step 0.67 ... OK
Create profile matrix with method 'bin' and step 0.67 ... OK
Create profile matrix with method 'bin' and step 0.67 ... OK
Create profile matrix with method 'bin' and step 0.67 ... OK
Processing 148533 mz slices ... OK
Create profile matrix with method 'bin' and step 0.91 ... OK
Create profile matrix with method 'bin' and step 0.91 ... OK
Create profile matrix with method 'bin' and step 0.91 ... OK
Create profile matrix with method 'bin' and step 0.91 ... OK
Create profile matrix with method 'bin' and step 0.91 ... OK
Create profile matrix with method 'bin' and step 0.91 ... OK
Create profile matrix with method 'bin' and step 0.91 ... OK
Create profile matrix with method 'bin' and step 0.91 ... OK
Processing 148533 mz slices ... OK
Create profile matrix with method 'bin' and step 0.79 ... OK
Create profile matrix with method 'bin' and step 0.79 ... OK
Create profile matrix with method 'bin' and step 0.79 ... OK
Create profile matrix with method 'bin' and step 0.79 ... OK
Create profile matrix with method 'bin' and step 0.79 ... OK
Create profile matrix with method 'bin' and step 0.79 ... OK
Create profile matrix with method 'bin' and step 0.79 ... OK
Create profile matrix with method 'bin' and step 0.79 ... OK
Processing 148533 mz slices ... OK
Create profile matrix with method 'bin' and step 0.79 ... OK
Create profile matrix with method 'bin' and step 0.79 ... OK
Create profile matrix with method 'bin' and step 0.79 ... OK
Create profile matrix with method 'bin' and step 0.79 ... OK
Create profile matrix with method 'bin' and step 0.79 ... OK
Create profile matrix with method 'bin' and step 0.79 ... OK
Create profile matrix with method 'bin' and step 0.79 ... OK
Create profile matrix with method 'bin' and step 0.79 ... OK
Processing 148533 mz slices ... OK
Create profile matrix with method 'bin' and step 0.79 ... OK
Create profile matrix with method 'bin' and step 0.79 ... OK
Create profile matrix with method 'bin' and step 0.79 ... OK
Create profile matrix with method 'bin' and step 0.79 ... OK
Create profile matrix with method 'bin' and step 0.79 ... OK
Create profile matrix with method 'bin' and step 0.79 ... OK
Create profile matrix with method 'bin' and step 0.79 ... OK
Create profile matrix with method 'bin' and step 0.79 ... OK
Processing 17972294 mz slices ... OK
Create profile matrix with method 'bin' and step 0.79 ... OK
Create profile matrix with method 'bin' and step 0.79 ... OK
Create profile matrix with method 'bin' and step 0.79 ... OK
Create profile matrix with method 'bin' and step 0.79 ... OK
Create profile matrix with method 'bin' and step 0.79 ... OK
Create profile matrix with method 'bin' and step 0.79 ... OK
Create profile matrix with method 'bin' and step 0.79 ... OK
Create profile matrix with method 'bin' and step 0.79 ... OK
Processing 74575 mz slices ... OK
Create profile matrix with method 'bin' and step 0.79 ... OK
Create profile matrix with method 'bin' and step 0.79 ... OK
Create profile matrix with method 'bin' and step 0.79 ... OK
Create profile matrix with method 'bin' and step 0.79 ... OK
Create profile matrix with method 'bin' and step 0.79 ... OK
Create profile matrix with method 'bin' and step 0.79 ... OK
Create profile matrix with method 'bin' and step 0.79 ... OK
Create profile matrix with method 'bin' and step 0.79 ... OK
Processing 148533 mz slices ... OK
Create profile matrix with method 'bin' and step 0.67 ... OK
Create profile matrix with method 'bin' and step 0.67 ... OK
Create profile matrix with method 'bin' and step 0.67 ... OK
Create profile matrix with method 'bin' and step 0.67 ... OK
Create profile matrix with method 'bin' and step 0.67 ... OK
Create profile matrix with method 'bin' and step 0.67 ... OK
Create profile matrix with method 'bin' and step 0.67 ... OK
Create profile matrix with method 'bin' and step 0.67 ... OK
Processing 164885 mz slices ... OK
no increase stopping
library(xcms)
library(Rmpi)

xset <- xcmsSet( 
  method = "centWave",
  peakwidth       = c(36, 65),
  ppm             = 11.75,
  noise           = 599,
  snthresh        = 10,
  mzdiff          = -0.00595,
  prefilter       = c(3, 435.65),
  mzCenterFun     = "wMean",
  integrate       = 2,
  fitgauss        = FALSE,
  verbose.columns = TRUE)
xset <- retcor( 
  xset,
  method         = "obiwarp",
  plottype       = "none",
  distFunc       = "cor_opt",
  profStep       = 0.79,
  center         = 4,
  response       = 1,
  gapInit        = 0.616,
  gapExtend      = 2.4,
  factorDiag     = 2,
  factorGap      = 1,
  localAlignment = 0)
xset <- group( 
  xset,
  method  = "density",
  bw      = 12.4,
  mzwid   = 0.0078,
  minfrac = 0.05,
  minsamp = 1,
  max     = 50)

xset <- fillPeaks(xset)
Warning message:
In sink() : no sink to remove
