[1] ".CDF"
  [1] "/home/downloading_data/MTBLS92/raw/163MC_Se104.CDF" 
  [2] "/home/downloading_data/MTBLS92/raw/163MC_Se105.CDF" 
  [3] "/home/downloading_data/MTBLS92/raw/163MC_Se106.CDF" 
  [4] "/home/downloading_data/MTBLS92/raw/163MC_Se107.CDF" 
  [5] "/home/downloading_data/MTBLS92/raw/163MC_Se109.CDF" 
  [6] "/home/downloading_data/MTBLS92/raw/163MC_Se10.CDF"  
  [7] "/home/downloading_data/MTBLS92/raw/163MC_Se110.CDF" 
  [8] "/home/downloading_data/MTBLS92/raw/163MC_Se111.CDF" 
  [9] "/home/downloading_data/MTBLS92/raw/163MC_Se113.CDF" 
 [10] "/home/downloading_data/MTBLS92/raw/163MC_Se118.CDF" 
 [11] "/home/downloading_data/MTBLS92/raw/163MC_Se11.CDF"  
 [12] "/home/downloading_data/MTBLS92/raw/163MC_Se120.CDF" 
 [13] "/home/downloading_data/MTBLS92/raw/163MC_Se121.CDF" 
 [14] "/home/downloading_data/MTBLS92/raw/163MC_Se122.CDF" 
 [15] "/home/downloading_data/MTBLS92/raw/163MC_Se124.CDF" 
 [16] "/home/downloading_data/MTBLS92/raw/163MC_Se125.CDF" 
 [17] "/home/downloading_data/MTBLS92/raw/163MC_Se126.CDF" 
 [18] "/home/downloading_data/MTBLS92/raw/163MC_Se128.CDF" 
 [19] "/home/downloading_data/MTBLS92/raw/163MC_Se129.CDF" 
 [20] "/home/downloading_data/MTBLS92/raw/163MC_Se12.CDF"  
 [21] "/home/downloading_data/MTBLS92/raw/163MC_Se130.CDF" 
 [22] "/home/downloading_data/MTBLS92/raw/163MC_Se131.CDF" 
 [23] "/home/downloading_data/MTBLS92/raw/163MC_Se132.CDF" 
 [24] "/home/downloading_data/MTBLS92/raw/163MC_Se134.CDF" 
 [25] "/home/downloading_data/MTBLS92/raw/163MC_Se136.CDF" 
 [26] "/home/downloading_data/MTBLS92/raw/163MC_Se138.CDF" 
 [27] "/home/downloading_data/MTBLS92/raw/163MC_Se139.CDF" 
 [28] "/home/downloading_data/MTBLS92/raw/163MC_Se141.CDF" 
 [29] "/home/downloading_data/MTBLS92/raw/163MC_Se142.CDF" 
 [30] "/home/downloading_data/MTBLS92/raw/163MC_Se143.CDF" 
 [31] "/home/downloading_data/MTBLS92/raw/163MC_Se144.CDF" 
 [32] "/home/downloading_data/MTBLS92/raw/163MC_Se145.CDF" 
 [33] "/home/downloading_data/MTBLS92/raw/163MC_Se146.CDF" 
 [34] "/home/downloading_data/MTBLS92/raw/163MC_Se147.CDF" 
 [35] "/home/downloading_data/MTBLS92/raw/163MC_Se148.CDF" 
 [36] "/home/downloading_data/MTBLS92/raw/163MC_Se149.CDF" 
 [37] "/home/downloading_data/MTBLS92/raw/163MC_Se14.CDF"  
 [38] "/home/downloading_data/MTBLS92/raw/163MC_Se150.CDF" 
 [39] "/home/downloading_data/MTBLS92/raw/163MC_Se151.CDF" 
 [40] "/home/downloading_data/MTBLS92/raw/163MC_Se152.CDF" 
 [41] "/home/downloading_data/MTBLS92/raw/163MC_Se154.CDF" 
 [42] "/home/downloading_data/MTBLS92/raw/163MC_Se155.CDF" 
 [43] "/home/downloading_data/MTBLS92/raw/163MC_Se156.CDF" 
 [44] "/home/downloading_data/MTBLS92/raw/163MC_Se157.CDF" 
 [45] "/home/downloading_data/MTBLS92/raw/163MC_Se159.CDF" 
 [46] "/home/downloading_data/MTBLS92/raw/163MC_Se160.CDF" 
 [47] "/home/downloading_data/MTBLS92/raw/163MC_Se162.CDF" 
 [48] "/home/downloading_data/MTBLS92/raw/163MC_Se163.CDF" 
 [49] "/home/downloading_data/MTBLS92/raw/163MC_Se167.CDF" 
 [50] "/home/downloading_data/MTBLS92/raw/163MC_Se169.CDF" 
 [51] "/home/downloading_data/MTBLS92/raw/163MC_Se16.CDF"  
 [52] "/home/downloading_data/MTBLS92/raw/163MC_Se170.CDF" 
 [53] "/home/downloading_data/MTBLS92/raw/163MC_Se172.CDF" 
 [54] "/home/downloading_data/MTBLS92/raw/163MC_Se174.CDF" 
 [55] "/home/downloading_data/MTBLS92/raw/163MC_Se177.CDF" 
 [56] "/home/downloading_data/MTBLS92/raw/163MC_Se179.CDF" 
 [57] "/home/downloading_data/MTBLS92/raw/163MC_Se17.CDF"  
 [58] "/home/downloading_data/MTBLS92/raw/163MC_Se181.CDF" 
 [59] "/home/downloading_data/MTBLS92/raw/163MC_Se183.CDF" 
 [60] "/home/downloading_data/MTBLS92/raw/163MC_Se184.CDF" 
 [61] "/home/downloading_data/MTBLS92/raw/163MC_Se186.CDF" 
 [62] "/home/downloading_data/MTBLS92/raw/163MC_Se187.CDF" 
 [63] "/home/downloading_data/MTBLS92/raw/163MC_Se189.CDF" 
 [64] "/home/downloading_data/MTBLS92/raw/163MC_Se18.CDF"  
 [65] "/home/downloading_data/MTBLS92/raw/163MC_Se190.CDF" 
 [66] "/home/downloading_data/MTBLS92/raw/163MC_Se191.CDF" 
 [67] "/home/downloading_data/MTBLS92/raw/163MC_Se192.CDF" 
 [68] "/home/downloading_data/MTBLS92/raw/163MC_Se193.CDF" 
 [69] "/home/downloading_data/MTBLS92/raw/163MC_Se194.CDF" 
 [70] "/home/downloading_data/MTBLS92/raw/163MC_Se196.CDF" 
 [71] "/home/downloading_data/MTBLS92/raw/163MC_Se19.CDF"  
 [72] "/home/downloading_data/MTBLS92/raw/163MC_Se1.CDF"   
 [73] "/home/downloading_data/MTBLS92/raw/163MC_Se200.CDF" 
 [74] "/home/downloading_data/MTBLS92/raw/163MC_Se204.CDF" 
 [75] "/home/downloading_data/MTBLS92/raw/163MC_Se205.CDF" 
 [76] "/home/downloading_data/MTBLS92/raw/163MC_Se206.CDF" 
 [77] "/home/downloading_data/MTBLS92/raw/163MC_Se207.CDF" 
 [78] "/home/downloading_data/MTBLS92/raw/163MC_Se20.CDF"  
 [79] "/home/downloading_data/MTBLS92/raw/163MC_Se210.CDF" 
 [80] "/home/downloading_data/MTBLS92/raw/163MC_Se211.CDF" 
 [81] "/home/downloading_data/MTBLS92/raw/163MC_Se212.CDF" 
 [82] "/home/downloading_data/MTBLS92/raw/163MC_Se213.CDF" 
 [83] "/home/downloading_data/MTBLS92/raw/163MC_Se214.CDF" 
 [84] "/home/downloading_data/MTBLS92/raw/163MC_Se216.CDF" 
 [85] "/home/downloading_data/MTBLS92/raw/163MC_Se217.CDF" 
 [86] "/home/downloading_data/MTBLS92/raw/163MC_Se219.CDF" 
 [87] "/home/downloading_data/MTBLS92/raw/163MC_Se21.CDF"  
 [88] "/home/downloading_data/MTBLS92/raw/163MC_Se220.CDF" 
 [89] "/home/downloading_data/MTBLS92/raw/163MC_Se221.CDF" 
 [90] "/home/downloading_data/MTBLS92/raw/163MC_Se223.CDF" 
 [91] "/home/downloading_data/MTBLS92/raw/163MC_Se225.CDF" 
 [92] "/home/downloading_data/MTBLS92/raw/163MC_Se226.CDF" 
 [93] "/home/downloading_data/MTBLS92/raw/163MC_Se227.CDF" 
 [94] "/home/downloading_data/MTBLS92/raw/163MC_Se228.CDF" 
 [95] "/home/downloading_data/MTBLS92/raw/163MC_Se229.CDF" 
 [96] "/home/downloading_data/MTBLS92/raw/163MC_Se22.CDF"  
 [97] "/home/downloading_data/MTBLS92/raw/163MC_Se230.CDF" 
 [98] "/home/downloading_data/MTBLS92/raw/163MC_Se231.CDF" 
 [99] "/home/downloading_data/MTBLS92/raw/163MC_Se232.CDF" 
[100] "/home/downloading_data/MTBLS92/raw/163MC_Se233.CDF" 
[101] "/home/downloading_data/MTBLS92/raw/163MC_Se234.CDF" 
[102] "/home/downloading_data/MTBLS92/raw/163MC_Se235.CDF" 
[103] "/home/downloading_data/MTBLS92/raw/163MC_Se237.CDF" 
[104] "/home/downloading_data/MTBLS92/raw/163MC_Se238.CDF" 
[105] "/home/downloading_data/MTBLS92/raw/163MC_Se239.CDF" 
[106] "/home/downloading_data/MTBLS92/raw/163MC_Se240.CDF" 
[107] "/home/downloading_data/MTBLS92/raw/163MC_Se242.CDF" 
[108] "/home/downloading_data/MTBLS92/raw/163MC_Se243.CDF" 
[109] "/home/downloading_data/MTBLS92/raw/163MC_Se244.CDF" 
[110] "/home/downloading_data/MTBLS92/raw/163MC_Se246.CDF" 
[111] "/home/downloading_data/MTBLS92/raw/163MC_Se247.CDF" 
[112] "/home/downloading_data/MTBLS92/raw/163MC_Se248.CDF" 
[113] "/home/downloading_data/MTBLS92/raw/163MC_Se249.CDF" 
[114] "/home/downloading_data/MTBLS92/raw/163MC_Se24.CDF"  
[115] "/home/downloading_data/MTBLS92/raw/163MC_Se250.CDF" 
[116] "/home/downloading_data/MTBLS92/raw/163MC_Se251.CDF" 
[117] "/home/downloading_data/MTBLS92/raw/163MC_Se252.CDF" 
[118] "/home/downloading_data/MTBLS92/raw/163MC_Se254.CDF" 
[119] "/home/downloading_data/MTBLS92/raw/163MC_Se255.CDF" 
[120] "/home/downloading_data/MTBLS92/raw/163MC_Se258.CDF" 
[121] "/home/downloading_data/MTBLS92/raw/163MC_Se259.CDF" 
[122] "/home/downloading_data/MTBLS92/raw/163MC_Se25.CDF"  
[123] "/home/downloading_data/MTBLS92/raw/163MC_Se262.CDF" 
[124] "/home/downloading_data/MTBLS92/raw/163MC_Se263.CDF" 
[125] "/home/downloading_data/MTBLS92/raw/163MC_Se264.CDF" 
[126] "/home/downloading_data/MTBLS92/raw/163MC_Se265.CDF" 
[127] "/home/downloading_data/MTBLS92/raw/163MC_Se266.CDF" 
[128] "/home/downloading_data/MTBLS92/raw/163MC_Se268.CDF" 
[129] "/home/downloading_data/MTBLS92/raw/163MC_Se269.CDF" 
[130] "/home/downloading_data/MTBLS92/raw/163MC_Se26.CDF"  
[131] "/home/downloading_data/MTBLS92/raw/163MC_Se270.CDF" 
[132] "/home/downloading_data/MTBLS92/raw/163MC_Se272.CDF" 
[133] "/home/downloading_data/MTBLS92/raw/163MC_Se273.CDF" 
[134] "/home/downloading_data/MTBLS92/raw/163MC_Se274.CDF" 
[135] "/home/downloading_data/MTBLS92/raw/163MC_Se275.CDF" 
[136] "/home/downloading_data/MTBLS92/raw/163MC_Se276.CDF" 
[137] "/home/downloading_data/MTBLS92/raw/163MC_Se277.CDF" 
[138] "/home/downloading_data/MTBLS92/raw/163MC_Se279.CDF" 
[139] "/home/downloading_data/MTBLS92/raw/163MC_Se27.CDF"  
[140] "/home/downloading_data/MTBLS92/raw/163MC_Se280.CDF" 
[141] "/home/downloading_data/MTBLS92/raw/163MC_Se281.CDF" 
[142] "/home/downloading_data/MTBLS92/raw/163MC_Se283.CDF" 
[143] "/home/downloading_data/MTBLS92/raw/163MC_Se284.CDF" 
[144] "/home/downloading_data/MTBLS92/raw/163MC_Se285.CDF" 
[145] "/home/downloading_data/MTBLS92/raw/163MC_Se287.CDF" 
[146] "/home/downloading_data/MTBLS92/raw/163MC_Se288.CDF" 
[147] "/home/downloading_data/MTBLS92/raw/163MC_Se289.CDF" 
[148] "/home/downloading_data/MTBLS92/raw/163MC_Se28.CDF"  
[149] "/home/downloading_data/MTBLS92/raw/163MC_Se290.CDF" 
[150] "/home/downloading_data/MTBLS92/raw/163MC_Se293.CDF" 
[151] "/home/downloading_data/MTBLS92/raw/163MC_Se294.CDF" 
[152] "/home/downloading_data/MTBLS92/raw/163MC_Se295.CDF" 
[153] "/home/downloading_data/MTBLS92/raw/163MC_Se296.CDF" 
[154] "/home/downloading_data/MTBLS92/raw/163MC_Se297.CDF" 
[155] "/home/downloading_data/MTBLS92/raw/163MC_Se298.CDF" 
[156] "/home/downloading_data/MTBLS92/raw/163MC_Se299.CDF" 
[157] "/home/downloading_data/MTBLS92/raw/163MC_Se29.CDF"  
[158] "/home/downloading_data/MTBLS92/raw/163MC_Se2.CDF"   
[159] "/home/downloading_data/MTBLS92/raw/163MC_Se300.CDF" 
[160] "/home/downloading_data/MTBLS92/raw/163MC_Se302.CDF" 
[161] "/home/downloading_data/MTBLS92/raw/163MC_Se305.CDF" 
[162] "/home/downloading_data/MTBLS92/raw/163MC_Se307.CDF" 
[163] "/home/downloading_data/MTBLS92/raw/163MC_Se308.CDF" 
[164] "/home/downloading_data/MTBLS92/raw/163MC_Se309.CDF" 
[165] "/home/downloading_data/MTBLS92/raw/163MC_Se30.CDF"  
[166] "/home/downloading_data/MTBLS92/raw/163MC_Se310.CDF" 
[167] "/home/downloading_data/MTBLS92/raw/163MC_Se311.CDF" 
[168] "/home/downloading_data/MTBLS92/raw/163MC_Se313.CDF" 
[169] "/home/downloading_data/MTBLS92/raw/163MC_Se314.CDF" 
[170] "/home/downloading_data/MTBLS92/raw/163MC_Se315.CDF" 
[171] "/home/downloading_data/MTBLS92/raw/163MC_Se316.CDF" 
[172] "/home/downloading_data/MTBLS92/raw/163MC_Se317.CDF" 
[173] "/home/downloading_data/MTBLS92/raw/163MC_Se319.CDF" 
[174] "/home/downloading_data/MTBLS92/raw/163MC_Se31.CDF"  
[175] "/home/downloading_data/MTBLS92/raw/163MC_Se320.CDF" 
[176] "/home/downloading_data/MTBLS92/raw/163MC_Se321.CDF" 
[177] "/home/downloading_data/MTBLS92/raw/163MC_Se322.CDF" 
[178] "/home/downloading_data/MTBLS92/raw/163MC_Se325.CDF" 
[179] "/home/downloading_data/MTBLS92/raw/163MC_Se327.CDF" 
[180] "/home/downloading_data/MTBLS92/raw/163MC_Se328.CDF" 
[181] "/home/downloading_data/MTBLS92/raw/163MC_Se32.CDF"  
[182] "/home/downloading_data/MTBLS92/raw/163MC_Se330.CDF" 
[183] "/home/downloading_data/MTBLS92/raw/163MC_Se331.CDF" 
[184] "/home/downloading_data/MTBLS92/raw/163MC_Se332.CDF" 
[185] "/home/downloading_data/MTBLS92/raw/163MC_Se333.CDF" 
[186] "/home/downloading_data/MTBLS92/raw/163MC_Se335.CDF" 
[187] "/home/downloading_data/MTBLS92/raw/163MC_Se337.CDF" 
[188] "/home/downloading_data/MTBLS92/raw/163MC_Se339.CDF" 
[189] "/home/downloading_data/MTBLS92/raw/163MC_Se33.CDF"  
[190] "/home/downloading_data/MTBLS92/raw/163MC_Se340.CDF" 
[191] "/home/downloading_data/MTBLS92/raw/163MC_Se341.CDF" 
[192] "/home/downloading_data/MTBLS92/raw/163MC_Se343.CDF" 
[193] "/home/downloading_data/MTBLS92/raw/163MC_Se344.CDF" 
[194] "/home/downloading_data/MTBLS92/raw/163MC_Se349.CDF" 
[195] "/home/downloading_data/MTBLS92/raw/163MC_Se34.CDF"  
[196] "/home/downloading_data/MTBLS92/raw/163MC_Se350.CDF" 
[197] "/home/downloading_data/MTBLS92/raw/163MC_Se35.CDF"  
[198] "/home/downloading_data/MTBLS92/raw/163MC_Se36.CDF"  
[199] "/home/downloading_data/MTBLS92/raw/163MC_Se37.CDF"  
[200] "/home/downloading_data/MTBLS92/raw/163MC_Se39.CDF"  
[201] "/home/downloading_data/MTBLS92/raw/163MC_Se3.CDF"   
[202] "/home/downloading_data/MTBLS92/raw/163MC_Se40.CDF"  
[203] "/home/downloading_data/MTBLS92/raw/163MC_Se41.CDF"  
[204] "/home/downloading_data/MTBLS92/raw/163MC_Se42.CDF"  
[205] "/home/downloading_data/MTBLS92/raw/163MC_Se43.CDF"  
[206] "/home/downloading_data/MTBLS92/raw/163MC_Se44.CDF"  
[207] "/home/downloading_data/MTBLS92/raw/163MC_Se45.CDF"  
[208] "/home/downloading_data/MTBLS92/raw/163MC_Se46.CDF"  
[209] "/home/downloading_data/MTBLS92/raw/163MC_Se47.CDF"  
[210] "/home/downloading_data/MTBLS92/raw/163MC_Se48.CDF"  
[211] "/home/downloading_data/MTBLS92/raw/163MC_Se49.CDF"  
[212] "/home/downloading_data/MTBLS92/raw/163MC_Se4.CDF"   
[213] "/home/downloading_data/MTBLS92/raw/163MC_Se52.CDF"  
[214] "/home/downloading_data/MTBLS92/raw/163MC_Se53.CDF"  
[215] "/home/downloading_data/MTBLS92/raw/163MC_Se54.CDF"  
[216] "/home/downloading_data/MTBLS92/raw/163MC_Se55.CDF"  
[217] "/home/downloading_data/MTBLS92/raw/163MC_Se56.CDF"  
[218] "/home/downloading_data/MTBLS92/raw/163MC_Se57.CDF"  
[219] "/home/downloading_data/MTBLS92/raw/163MC_Se58.CDF"  
[220] "/home/downloading_data/MTBLS92/raw/163MC_Se5.CDF"   
[221] "/home/downloading_data/MTBLS92/raw/163MC_Se61.CDF"  
[222] "/home/downloading_data/MTBLS92/raw/163MC_Se62.CDF"  
[223] "/home/downloading_data/MTBLS92/raw/163MC_Se64.CDF"  
[224] "/home/downloading_data/MTBLS92/raw/163MC_Se65.CDF"  
[225] "/home/downloading_data/MTBLS92/raw/163MC_Se66.CDF"  
[226] "/home/downloading_data/MTBLS92/raw/163MC_Se67.CDF"  
[227] "/home/downloading_data/MTBLS92/raw/163MC_Se68.CDF"  
[228] "/home/downloading_data/MTBLS92/raw/163MC_Se69.CDF"  
[229] "/home/downloading_data/MTBLS92/raw/163MC_Se6.CDF"   
[230] "/home/downloading_data/MTBLS92/raw/163MC_Se70.CDF"  
[231] "/home/downloading_data/MTBLS92/raw/163MC_Se71.CDF"  
[232] "/home/downloading_data/MTBLS92/raw/163MC_Se73.CDF"  
[233] "/home/downloading_data/MTBLS92/raw/163MC_Se74.CDF"  
[234] "/home/downloading_data/MTBLS92/raw/163MC_Se76.CDF"  
[235] "/home/downloading_data/MTBLS92/raw/163MC_Se79.CDF"  
[236] "/home/downloading_data/MTBLS92/raw/163MC_Se7.CDF"   
[237] "/home/downloading_data/MTBLS92/raw/163MC_Se80.CDF"  
[238] "/home/downloading_data/MTBLS92/raw/163MC_Se81.CDF"  
[239] "/home/downloading_data/MTBLS92/raw/163MC_Se82.CDF"  
[240] "/home/downloading_data/MTBLS92/raw/163MC_Se85.CDF"  
[241] "/home/downloading_data/MTBLS92/raw/163MC_Se86.CDF"  
[242] "/home/downloading_data/MTBLS92/raw/163MC_Se89.CDF"  
[243] "/home/downloading_data/MTBLS92/raw/163MC_Se8.CDF"   
[244] "/home/downloading_data/MTBLS92/raw/163MC_Se90.CDF"  
[245] "/home/downloading_data/MTBLS92/raw/163MC_Se91.CDF"  
[246] "/home/downloading_data/MTBLS92/raw/163MC_Se92.CDF"  
[247] "/home/downloading_data/MTBLS92/raw/163MC_Se93.CDF"  
[248] "/home/downloading_data/MTBLS92/raw/163MC_Se94.CDF"  
[249] "/home/downloading_data/MTBLS92/raw/163MC_Se95.CDF"  
[250] "/home/downloading_data/MTBLS92/raw/163MC_Se96.CDF"  
[251] "/home/downloading_data/MTBLS92/raw/163MC_Se97.CDF"  
[252] "/home/downloading_data/MTBLS92/raw/163MC_Se98.CDF"  
[253] "/home/downloading_data/MTBLS92/raw/163MC_Se99.CDF"  
[254] "/home/downloading_data/MTBLS92/raw/229MC_Se1000.CDF"
[255] "/home/downloading_data/MTBLS92/raw/229MC_Se1001.CDF"
[256] "/home/downloading_data/MTBLS92/raw/229MC_Se1016.CDF"
[257] "/home/downloading_data/MTBLS92/raw/229MC_Se1044.CDF"
[258] "/home/downloading_data/MTBLS92/raw/229MC_Se1060.CDF"
[259] "/home/downloading_data/MTBLS92/raw/229MC_Se1123.CDF"
[260] "/home/downloading_data/MTBLS92/raw/229MC_Se112.CDF" 
[261] "/home/downloading_data/MTBLS92/raw/229MC_Se1135.CDF"
[262] "/home/downloading_data/MTBLS92/raw/229MC_Se1141.CDF"
[263] "/home/downloading_data/MTBLS92/raw/229MC_Se1153.CDF"
[264] "/home/downloading_data/MTBLS92/raw/229MC_Se1157.CDF"
[265] "/home/downloading_data/MTBLS92/raw/229MC_Se1190.CDF"
[266] "/home/downloading_data/MTBLS92/raw/229MC_Se1209.CDF"
[267] "/home/downloading_data/MTBLS92/raw/229MC_Se1229.CDF"
[268] "/home/downloading_data/MTBLS92/raw/229MC_Se128.CDF" 
[269] "/home/downloading_data/MTBLS92/raw/229MC_Se132.CDF" 
[270] "/home/downloading_data/MTBLS92/raw/229MC_Se136.CDF" 
[271] "/home/downloading_data/MTBLS92/raw/229MC_Se1402.CDF"
[272] "/home/downloading_data/MTBLS92/raw/229MC_Se1406.CDF"
[273] "/home/downloading_data/MTBLS92/raw/229MC_Se140.CDF" 
[274] "/home/downloading_data/MTBLS92/raw/229MC_Se1417.CDF"
[275] "/home/downloading_data/MTBLS92/raw/229MC_Se1440.CDF"
[276] "/home/downloading_data/MTBLS92/raw/229MC_Se144.CDF" 
[277] "/home/downloading_data/MTBLS92/raw/229MC_Se1463.CDF"
[278] "/home/downloading_data/MTBLS92/raw/229MC_Se1488.CDF"
[279] "/home/downloading_data/MTBLS92/raw/229MC_Se1499.CDF"
[280] "/home/downloading_data/MTBLS92/raw/229MC_Se1505.CDF"
[281] "/home/downloading_data/MTBLS92/raw/229MC_Se1521.CDF"
[282] "/home/downloading_data/MTBLS92/raw/229MC_Se1540.CDF"
[283] "/home/downloading_data/MTBLS92/raw/229MC_Se1560.CDF"
[284] "/home/downloading_data/MTBLS92/raw/229MC_Se1580.CDF"
[285] "/home/downloading_data/MTBLS92/raw/229MC_Se1611.CDF"
[286] "/home/downloading_data/MTBLS92/raw/229MC_Se1615.CDF"
[287] "/home/downloading_data/MTBLS92/raw/229MC_Se1619.CDF"
[288] "/home/downloading_data/MTBLS92/raw/229MC_Se1624.CDF"
[289] "/home/downloading_data/MTBLS92/raw/229MC_Se1663.CDF"
[290] "/home/downloading_data/MTBLS92/raw/229MC_Se1665.CDF"
[291] "/home/downloading_data/MTBLS92/raw/229MC_Se1671.CDF"
[292] "/home/downloading_data/MTBLS92/raw/229MC_Se1679.CDF"
[293] "/home/downloading_data/MTBLS92/raw/229MC_Se1695.CDF"
[294] "/home/downloading_data/MTBLS92/raw/229MC_Se1699.CDF"
[295] "/home/downloading_data/MTBLS92/raw/229MC_Se1711.CDF"
[296] "/home/downloading_data/MTBLS92/raw/229MC_Se1715.CDF"
[297] "/home/downloading_data/MTBLS92/raw/229MC_Se1719.CDF"
[298] "/home/downloading_data/MTBLS92/raw/229MC_Se1723.CDF"
[299] "/home/downloading_data/MTBLS92/raw/229MC_Se1733.CDF"
[300] "/home/downloading_data/MTBLS92/raw/229MC_Se1739.CDF"
[301] "/home/downloading_data/MTBLS92/raw/229MC_Se1747.CDF"
[302] "/home/downloading_data/MTBLS92/raw/229MC_Se1755.CDF"
[303] "/home/downloading_data/MTBLS92/raw/229MC_Se1764.CDF"
[304] "/home/downloading_data/MTBLS92/raw/229MC_Se1771.CDF"
[305] "/home/downloading_data/MTBLS92/raw/229MC_Se178.CDF" 
[306] "/home/downloading_data/MTBLS92/raw/229MC_Se1795.CDF"
[307] "/home/downloading_data/MTBLS92/raw/229MC_Se1807.CDF"
[308] "/home/downloading_data/MTBLS92/raw/229MC_Se1815.CDF"
[309] "/home/downloading_data/MTBLS92/raw/229MC_Se1819.CDF"
[310] "/home/downloading_data/MTBLS92/raw/229MC_Se1827.CDF"
[311] "/home/downloading_data/MTBLS92/raw/229MC_Se182.CDF" 
[312] "/home/downloading_data/MTBLS92/raw/229MC_Se1831.CDF"
[313] "/home/downloading_data/MTBLS92/raw/229MC_Se1835.CDF"
[314] "/home/downloading_data/MTBLS92/raw/229MC_Se1847.CDF"
[315] "/home/downloading_data/MTBLS92/raw/229MC_Se1867.CDF"
[316] "/home/downloading_data/MTBLS92/raw/229MC_Se1871.CDF"
[317] "/home/downloading_data/MTBLS92/raw/229MC_Se1875.CDF"
[318] "/home/downloading_data/MTBLS92/raw/229MC_Se1883.CDF"
[319] "/home/downloading_data/MTBLS92/raw/229MC_Se192.CDF" 
[320] "/home/downloading_data/MTBLS92/raw/229MC_Se196.CDF" 
[321] "/home/downloading_data/MTBLS92/raw/229MC_Se1975.CDF"
[322] "/home/downloading_data/MTBLS92/raw/229MC_Se2023.CDF"
[323] "/home/downloading_data/MTBLS92/raw/229MC_Se2031.CDF"
[324] "/home/downloading_data/MTBLS92/raw/229MC_Se204.CDF" 
[325] "/home/downloading_data/MTBLS92/raw/229MC_Se212.CDF" 
[326] "/home/downloading_data/MTBLS92/raw/229MC_Se216.CDF" 
[327] "/home/downloading_data/MTBLS92/raw/229MC_Se220.CDF" 
[328] "/home/downloading_data/MTBLS92/raw/229MC_Se2241.CDF"
[329] "/home/downloading_data/MTBLS92/raw/229MC_Se228.CDF" 
[330] "/home/downloading_data/MTBLS92/raw/229MC_Se232.CDF" 
[331] "/home/downloading_data/MTBLS92/raw/229MC_Se233.CDF" 
[332] "/home/downloading_data/MTBLS92/raw/229MC_Se240.CDF" 
[333] "/home/downloading_data/MTBLS92/raw/229MC_Se2423.CDF"
[334] "/home/downloading_data/MTBLS92/raw/229MC_Se248.CDF" 
[335] "/home/downloading_data/MTBLS92/raw/229MC_Se255.CDF" 
[336] "/home/downloading_data/MTBLS92/raw/229MC_Se2588.CDF"
[337] "/home/downloading_data/MTBLS92/raw/229MC_Se2593.CDF"
[338] "/home/downloading_data/MTBLS92/raw/229MC_Se2597.CDF"
[339] "/home/downloading_data/MTBLS92/raw/229MC_Se2605.CDF"
[340] "/home/downloading_data/MTBLS92/raw/229MC_Se267.CDF" 
[341] "/home/downloading_data/MTBLS92/raw/229MC_Se26.CDF"  
[342] "/home/downloading_data/MTBLS92/raw/229MC_Se282.CDF" 
[343] "/home/downloading_data/MTBLS92/raw/229MC_Se2841.CDF"
[344] "/home/downloading_data/MTBLS92/raw/229MC_Se2846.CDF"
[345] "/home/downloading_data/MTBLS92/raw/229MC_Se2879.CDF"
[346] "/home/downloading_data/MTBLS92/raw/229MC_Se2892.CDF"
[347] "/home/downloading_data/MTBLS92/raw/229MC_Se290.CDF" 
[348] "/home/downloading_data/MTBLS92/raw/229MC_Se3006.CDF"
[349] "/home/downloading_data/MTBLS92/raw/229MC_Se3015.CDF"
[350] "/home/downloading_data/MTBLS92/raw/229MC_Se3022.CDF"
[351] "/home/downloading_data/MTBLS92/raw/229MC_Se302.CDF" 
[352] "/home/downloading_data/MTBLS92/raw/229MC_Se3031.CDF"
[353] "/home/downloading_data/MTBLS92/raw/229MC_Se3041.CDF"
[354] "/home/downloading_data/MTBLS92/raw/229MC_Se3052.CDF"
[355] "/home/downloading_data/MTBLS92/raw/229MC_Se3064.CDF"
[356] "/home/downloading_data/MTBLS92/raw/229MC_Se3074.CDF"
[357] "/home/downloading_data/MTBLS92/raw/229MC_Se3077.CDF"
[358] "/home/downloading_data/MTBLS92/raw/229MC_Se3087.CDF"
[359] "/home/downloading_data/MTBLS92/raw/229MC_Se3098.CDF"
[360] "/home/downloading_data/MTBLS92/raw/229MC_Se3108.CDF"
[361] "/home/downloading_data/MTBLS92/raw/229MC_Se3116.CDF"
[362] "/home/downloading_data/MTBLS92/raw/229MC_Se3126.CDF"
[363] "/home/downloading_data/MTBLS92/raw/229MC_Se3135.CDF"
[364] "/home/downloading_data/MTBLS92/raw/229MC_Se3145.CDF"
[365] "/home/downloading_data/MTBLS92/raw/229MC_Se3319.CDF"
[366] "/home/downloading_data/MTBLS92/raw/229MC_Se3329.CDF"
[367] "/home/downloading_data/MTBLS92/raw/229MC_Se3334.CDF"
[368] "/home/downloading_data/MTBLS92/raw/229MC_Se3341.CDF"
[369] "/home/downloading_data/MTBLS92/raw/229MC_Se3350.CDF"
[370] "/home/downloading_data/MTBLS92/raw/229MC_Se3364.CDF"
[371] "/home/downloading_data/MTBLS92/raw/229MC_Se3375.CDF"
[372] "/home/downloading_data/MTBLS92/raw/229MC_Se3388.CDF"
[373] "/home/downloading_data/MTBLS92/raw/229MC_Se3393.CDF"
[374] "/home/downloading_data/MTBLS92/raw/229MC_Se3402.CDF"
[375] "/home/downloading_data/MTBLS92/raw/229MC_Se3412.CDF"
[376] "/home/downloading_data/MTBLS92/raw/229MC_Se346.CDF" 
[377] "/home/downloading_data/MTBLS92/raw/229MC_Se3482.CDF"
[378] "/home/downloading_data/MTBLS92/raw/229MC_Se3488.CDF"
[379] "/home/downloading_data/MTBLS92/raw/229MC_Se3493.CDF"
[380] "/home/downloading_data/MTBLS92/raw/229MC_Se3495.CDF"
[381] "/home/downloading_data/MTBLS92/raw/229MC_Se3501.CDF"
[382] "/home/downloading_data/MTBLS92/raw/229MC_Se3506.CDF"
[383] "/home/downloading_data/MTBLS92/raw/229MC_Se3511.CDF"
[384] "/home/downloading_data/MTBLS92/raw/229MC_Se3518.CDF"
[385] "/home/downloading_data/MTBLS92/raw/229MC_Se3522.CDF"
[386] "/home/downloading_data/MTBLS92/raw/229MC_Se3527.CDF"
[387] "/home/downloading_data/MTBLS92/raw/229MC_Se3556.CDF"
[388] "/home/downloading_data/MTBLS92/raw/229MC_Se3592.CDF"
[389] "/home/downloading_data/MTBLS92/raw/229MC_Se3620.CDF"
[390] "/home/downloading_data/MTBLS92/raw/229MC_Se36.CDF"  
[391] "/home/downloading_data/MTBLS92/raw/229MC_Se370.CDF" 
[392] "/home/downloading_data/MTBLS92/raw/229MC_Se408.CDF" 
[393] "/home/downloading_data/MTBLS92/raw/229MC_Se417.CDF" 
[394] "/home/downloading_data/MTBLS92/raw/229MC_Se421.CDF" 
[395] "/home/downloading_data/MTBLS92/raw/229MC_Se434.CDF" 
[396] "/home/downloading_data/MTBLS92/raw/229MC_Se445.CDF" 
[397] "/home/downloading_data/MTBLS92/raw/229MC_Se452.CDF" 
[398] "/home/downloading_data/MTBLS92/raw/229MC_Se467.CDF" 
[399] "/home/downloading_data/MTBLS92/raw/229MC_Se471.CDF" 
[400] "/home/downloading_data/MTBLS92/raw/229MC_Se475.CDF" 
[401] "/home/downloading_data/MTBLS92/raw/229MC_Se488.CDF" 
[402] "/home/downloading_data/MTBLS92/raw/229MC_Se519.CDF" 
[403] "/home/downloading_data/MTBLS92/raw/229MC_Se52.CDF"  
[404] "/home/downloading_data/MTBLS92/raw/229MC_Se543.CDF" 
[405] "/home/downloading_data/MTBLS92/raw/229MC_Se547.CDF" 
[406] "/home/downloading_data/MTBLS92/raw/229MC_Se55.CDF"  
[407] "/home/downloading_data/MTBLS92/raw/229MC_Se562.CDF" 
[408] "/home/downloading_data/MTBLS92/raw/229MC_Se570.CDF" 
[409] "/home/downloading_data/MTBLS92/raw/229MC_Se578.CDF" 
[410] "/home/downloading_data/MTBLS92/raw/229MC_Se582.CDF" 
[411] "/home/downloading_data/MTBLS92/raw/229MC_Se588.CDF" 
[412] "/home/downloading_data/MTBLS92/raw/229MC_Se604.CDF" 
[413] "/home/downloading_data/MTBLS92/raw/229MC_Se607.CDF" 
[414] "/home/downloading_data/MTBLS92/raw/229MC_Se616.CDF" 
[415] "/home/downloading_data/MTBLS92/raw/229MC_Se64.CDF"  
[416] "/home/downloading_data/MTBLS92/raw/229MC_Se695.CDF" 
[417] "/home/downloading_data/MTBLS92/raw/229MC_Se713.CDF" 
[418] "/home/downloading_data/MTBLS92/raw/229MC_Se719.CDF" 
[419] "/home/downloading_data/MTBLS92/raw/229MC_Se722.CDF" 
[420] "/home/downloading_data/MTBLS92/raw/229MC_Se72.CDF"  
[421] "/home/downloading_data/MTBLS92/raw/229MC_Se740.CDF" 
[422] "/home/downloading_data/MTBLS92/raw/229MC_Se744.CDF" 
[423] "/home/downloading_data/MTBLS92/raw/229MC_Se756.CDF" 
[424] "/home/downloading_data/MTBLS92/raw/229MC_Se760.CDF" 
[425] "/home/downloading_data/MTBLS92/raw/229MC_Se768.CDF" 
[426] "/home/downloading_data/MTBLS92/raw/229MC_Se776.CDF" 
[427] "/home/downloading_data/MTBLS92/raw/229MC_Se778.CDF" 
[428] "/home/downloading_data/MTBLS92/raw/229MC_Se792.CDF" 
[429] "/home/downloading_data/MTBLS92/raw/229MC_Se796.CDF" 
[430] "/home/downloading_data/MTBLS92/raw/229MC_Se80.CDF"  
[431] "/home/downloading_data/MTBLS92/raw/229MC_Se812.CDF" 
[432] "/home/downloading_data/MTBLS92/raw/229MC_Se816.CDF" 
[433] "/home/downloading_data/MTBLS92/raw/229MC_Se820.CDF" 
[434] "/home/downloading_data/MTBLS92/raw/229MC_Se824.CDF" 
[435] "/home/downloading_data/MTBLS92/raw/229MC_Se828.CDF" 
[436] "/home/downloading_data/MTBLS92/raw/229MC_Se832.CDF" 
[437] "/home/downloading_data/MTBLS92/raw/229MC_Se836.CDF" 
[438] "/home/downloading_data/MTBLS92/raw/229MC_Se860.CDF" 
[439] "/home/downloading_data/MTBLS92/raw/229MC_Se864.CDF" 
[440] "/home/downloading_data/MTBLS92/raw/229MC_Se907.CDF" 
[441] "/home/downloading_data/MTBLS92/raw/229MC_Se916.CDF" 
[442] "/home/downloading_data/MTBLS92/raw/229MC_Se940.CDF" 
[443] "/home/downloading_data/MTBLS92/raw/229MC_Se944.CDF" 
[444] "/home/downloading_data/MTBLS92/raw/229MC_Se960.CDF" 
[445] "/home/downloading_data/MTBLS92/raw/229MC_Se972.CDF" 
[446] "/home/downloading_data/MTBLS92/raw/229MC_Se982.CDF" 
[447] "/home/downloading_data/MTBLS92/raw/229MC_Se988.CDF" 
