center sample:  Volunteer2_RBC_24h_POS 
Processing: Volunteer1_RBC_4h_POS  Volunteer3_RBC_1h_POS  Volunteer2_RBC_1h_POS  Volunteer4_RBC_4h_POS  
center sample:  Volunteer2_RBC_24h_POS 
Processing: Volunteer1_RBC_4h_POS  Volunteer3_RBC_1h_POS  Volunteer2_RBC_1h_POS  Volunteer4_RBC_4h_POS  
center sample:  Volunteer2_RBC_24h_POS 
Processing: Volunteer1_RBC_4h_POS  Volunteer3_RBC_1h_POS  Volunteer2_RBC_1h_POS  Volunteer4_RBC_4h_POS  
center sample:  Volunteer2_RBC_24h_POS 
Processing: Volunteer1_RBC_4h_POS  Volunteer3_RBC_1h_POS  Volunteer2_RBC_1h_POS  Volunteer4_RBC_4h_POS  
center sample:  Volunteer2_RBC_24h_POS 
Processing: Volunteer1_RBC_4h_POS  Volunteer3_RBC_1h_POS  Volunteer2_RBC_1h_POS  Volunteer4_RBC_4h_POS  
center sample:  Volunteer2_RBC_24h_POS 
Processing: Volunteer1_RBC_4h_POS  Volunteer3_RBC_1h_POS  Volunteer2_RBC_1h_POS  Volunteer4_RBC_4h_POS  
center sample:  Volunteer2_RBC_24h_POS 
Processing: Volunteer1_RBC_4h_POS  Volunteer3_RBC_1h_POS  Volunteer2_RBC_1h_POS  Volunteer4_RBC_4h_POS  
center sample:  Volunteer2_RBC_24h_POS 
Processing: Volunteer1_RBC_4h_POS  Volunteer3_RBC_1h_POS  Volunteer2_RBC_1h_POS  Volunteer4_RBC_4h_POS  
center sample:  Volunteer2_RBC_24h_POS 
Processing: Volunteer1_RBC_4h_POS  Volunteer3_RBC_1h_POS  Volunteer2_RBC_1h_POS  Volunteer4_RBC_4h_POS  
center sample:  Volunteer2_RBC_24h_POS 
Processing: Volunteer1_RBC_4h_POS  Volunteer3_RBC_1h_POS  Volunteer2_RBC_1h_POS  Volunteer4_RBC_4h_POS  
center sample:  Volunteer2_RBC_24h_POS 
Processing: Volunteer1_RBC_4h_POS  Volunteer3_RBC_1h_POS  Volunteer2_RBC_1h_POS  Volunteer4_RBC_4h_POS  
center sample:  Volunteer2_RBC_24h_POS 
Processing: Volunteer1_RBC_4h_POS  Volunteer3_RBC_1h_POS  Volunteer2_RBC_1h_POS  Volunteer4_RBC_4h_POS  
center sample:  Volunteer2_RBC_24h_POS 
Processing: Volunteer1_RBC_4h_POS  Volunteer3_RBC_1h_POS  Volunteer2_RBC_1h_POS  Volunteer4_RBC_4h_POS  
center sample:  Volunteer2_RBC_24h_POS 
Processing: Volunteer1_RBC_4h_POS  Volunteer3_RBC_1h_POS  Volunteer2_RBC_1h_POS  Volunteer4_RBC_4h_POS  
center sample:  Volunteer2_RBC_24h_POS 
Processing: Volunteer1_RBC_4h_POS  Volunteer3_RBC_1h_POS  Volunteer2_RBC_1h_POS  Volunteer4_RBC_4h_POS  
center sample:  Volunteer2_RBC_24h_POS 
Processing: Volunteer1_RBC_4h_POS  Volunteer3_RBC_1h_POS  Volunteer2_RBC_1h_POS  Volunteer4_RBC_4h_POS  
center sample:  Volunteer2_RBC_24h_POS 
Processing: Volunteer1_RBC_4h_POS  Volunteer3_RBC_1h_POS  Volunteer2_RBC_1h_POS  Volunteer4_RBC_4h_POS  
center sample:  Volunteer2_RBC_24h_POS 
Processing: Volunteer1_RBC_4h_POS  Volunteer3_RBC_1h_POS  Volunteer2_RBC_1h_POS  Volunteer4_RBC_4h_POS  
center sample:  Volunteer2_RBC_24h_POS 
Processing: Volunteer1_RBC_4h_POS  Volunteer3_RBC_1h_POS  Volunteer2_RBC_1h_POS  Volunteer4_RBC_4h_POS  
center sample:  Volunteer2_RBC_24h_POS 
Processing: Volunteer1_RBC_4h_POS  Volunteer3_RBC_1h_POS  Volunteer2_RBC_1h_POS  Volunteer4_RBC_4h_POS  
center sample:  Volunteer2_RBC_24h_POS 
Processing: Volunteer1_RBC_4h_POS  Volunteer3_RBC_1h_POS  Volunteer2_RBC_1h_POS  Volunteer4_RBC_4h_POS  
center sample:  Volunteer2_RBC_24h_POS 
Processing: Volunteer1_RBC_4h_POS  Volunteer3_RBC_1h_POS  Volunteer2_RBC_1h_POS  Volunteer4_RBC_4h_POS  
center sample:  Volunteer2_RBC_24h_POS 
Processing: Volunteer1_RBC_4h_POS  Volunteer3_RBC_1h_POS  Volunteer2_RBC_1h_POS  Volunteer4_RBC_4h_POS  
center sample:  Volunteer2_RBC_24h_POS 
Processing: Volunteer1_RBC_4h_POS  Volunteer3_RBC_1h_POS  Volunteer2_RBC_1h_POS  Volunteer4_RBC_4h_POS  
center sample:  Volunteer2_RBC_24h_POS 
Processing: Volunteer1_RBC_4h_POS  Volunteer3_RBC_1h_POS  Volunteer2_RBC_1h_POS  Volunteer4_RBC_4h_POS  
center sample:  Volunteer2_RBC_24h_POS 
Processing: Volunteer1_RBC_4h_POS  Volunteer3_RBC_1h_POS  Volunteer2_RBC_1h_POS  Volunteer4_RBC_4h_POS  
center sample:  Volunteer2_RBC_24h_POS 
Processing: Volunteer1_RBC_4h_POS  Volunteer3_RBC_1h_POS  Volunteer2_RBC_1h_POS  Volunteer4_RBC_4h_POS  
center sample:  Volunteer2_RBC_24h_POS 
Processing: Volunteer1_RBC_4h_POS  Volunteer3_RBC_1h_POS  Volunteer2_RBC_1h_POS  Volunteer4_RBC_4h_POS  
center sample:  Volunteer2_RBC_24h_POS 
Processing: Volunteer1_RBC_4h_POS  Volunteer3_RBC_1h_POS  Volunteer2_RBC_1h_POS  Volunteer4_RBC_4h_POS  
center sample:  Volunteer2_RBC_24h_POS 
Processing: Volunteer1_RBC_4h_POS  Volunteer3_RBC_1h_POS  Volunteer2_RBC_1h_POS  Volunteer4_RBC_4h_POS  
center sample:  Volunteer2_RBC_24h_POS 
Processing: Volunteer1_RBC_4h_POS  Volunteer3_RBC_1h_POS  Volunteer2_RBC_1h_POS  Volunteer4_RBC_4h_POS  
center sample:  Volunteer2_RBC_24h_POS 
Processing: Volunteer1_RBC_4h_POS  Volunteer3_RBC_1h_POS  Volunteer2_RBC_1h_POS  Volunteer4_RBC_4h_POS  
center sample:  Volunteer2_RBC_24h_POS 
Processing: Volunteer1_RBC_4h_POS  Volunteer3_RBC_1h_POS  Volunteer2_RBC_1h_POS  Volunteer4_RBC_4h_POS  
center sample:  Volunteer2_RBC_24h_POS 
Processing: Volunteer1_RBC_4h_POS  Volunteer3_RBC_1h_POS  Volunteer2_RBC_1h_POS  Volunteer4_RBC_4h_POS  
center sample:  Volunteer2_RBC_24h_POS 
Processing: Volunteer1_RBC_4h_POS  Volunteer3_RBC_1h_POS  Volunteer2_RBC_1h_POS  Volunteer4_RBC_4h_POS  
center sample:  Volunteer2_RBC_24h_POS 
Processing: Volunteer1_RBC_4h_POS  Volunteer3_RBC_1h_POS  Volunteer2_RBC_1h_POS  Volunteer4_RBC_4h_POS  
center sample:  Volunteer2_RBC_24h_POS 
Processing: Volunteer1_RBC_4h_POS  Volunteer3_RBC_1h_POS  Volunteer2_RBC_1h_POS  Volunteer4_RBC_4h_POS  
center sample:  Volunteer2_RBC_24h_POS 
Processing: Volunteer1_RBC_4h_POS  Volunteer3_RBC_1h_POS  Volunteer2_RBC_1h_POS  Volunteer4_RBC_4h_POS  
center sample:  Volunteer2_RBC_24h_POS 
Processing: Volunteer1_RBC_4h_POS  Volunteer3_RBC_1h_POS  Volunteer2_RBC_1h_POS  Volunteer4_RBC_4h_POS  
center sample:  Volunteer2_RBC_24h_POS 
Processing: Volunteer1_RBC_4h_POS  Volunteer3_RBC_1h_POS  Volunteer2_RBC_1h_POS  Volunteer4_RBC_4h_POS  
center sample:  Volunteer2_RBC_24h_POS 
Processing: Volunteer1_RBC_4h_POS  Volunteer3_RBC_1h_POS  Volunteer2_RBC_1h_POS  Volunteer4_RBC_4h_POS  
center sample:  Volunteer2_RBC_24h_POS 
Processing: Volunteer1_RBC_4h_POS  Volunteer3_RBC_1h_POS  Volunteer2_RBC_1h_POS  Volunteer4_RBC_4h_POS  
center sample:  Volunteer2_RBC_24h_POS 
Processing: Volunteer1_RBC_4h_POS  Volunteer3_RBC_1h_POS  Volunteer2_RBC_1h_POS  Volunteer4_RBC_4h_POS  
center sample:  Volunteer2_RBC_24h_POS 
Processing: Volunteer1_RBC_4h_POS  Volunteer3_RBC_1h_POS  Volunteer2_RBC_1h_POS  Volunteer4_RBC_4h_POS  
center sample:  Volunteer2_RBC_24h_POS 
Processing: Volunteer1_RBC_4h_POS  Volunteer3_RBC_1h_POS  Volunteer2_RBC_1h_POS  Volunteer4_RBC_4h_POS  
center sample:  Volunteer2_RBC_24h_POS 
Processing: Volunteer1_RBC_4h_POS  Volunteer3_RBC_1h_POS  Volunteer2_RBC_1h_POS  Volunteer4_RBC_4h_POS  
center sample:  Volunteer2_RBC_24h_POS 
Processing: Volunteer1_RBC_4h_POS  Volunteer3_RBC_1h_POS  Volunteer2_RBC_1h_POS  Volunteer4_RBC_4h_POS  
center sample:  Volunteer2_RBC_24h_POS 
Processing: Volunteer1_RBC_4h_POS  Volunteer3_RBC_1h_POS  Volunteer2_RBC_1h_POS  Volunteer4_RBC_4h_POS  
center sample:  Volunteer2_RBC_24h_POS 
Processing: Volunteer1_RBC_4h_POS  Volunteer3_RBC_1h_POS  Volunteer2_RBC_1h_POS  Volunteer4_RBC_4h_POS  
center sample:  Volunteer2_RBC_24h_POS 
Processing: Volunteer1_RBC_4h_POS  Volunteer3_RBC_1h_POS  Volunteer2_RBC_1h_POS  Volunteer4_RBC_4h_POS  
center sample:  Volunteer2_RBC_24h_POS 
Processing: Volunteer1_RBC_4h_POS  Volunteer3_RBC_1h_POS  Volunteer2_RBC_1h_POS  Volunteer4_RBC_4h_POS  
center sample:  Volunteer2_RBC_24h_POS 
Processing: Volunteer1_RBC_4h_POS  Volunteer3_RBC_1h_POS  Volunteer2_RBC_1h_POS  Volunteer4_RBC_4h_POS  
center sample:  Volunteer2_RBC_24h_POS 
Processing: Volunteer1_RBC_4h_POS  Volunteer3_RBC_1h_POS  Volunteer2_RBC_1h_POS  Volunteer4_RBC_4h_POS  
center sample:  Volunteer2_RBC_24h_POS 
Processing: Volunteer1_RBC_4h_POS  Volunteer3_RBC_1h_POS  Volunteer2_RBC_1h_POS  Volunteer4_RBC_4h_POS  
center sample:  Volunteer2_RBC_24h_POS 
Processing: Volunteer1_RBC_4h_POS  Volunteer3_RBC_1h_POS  Volunteer2_RBC_1h_POS  Volunteer4_RBC_4h_POS  
center sample:  Volunteer2_RBC_24h_POS 
Processing: Volunteer1_RBC_4h_POS  Volunteer3_RBC_1h_POS  Volunteer2_RBC_1h_POS  Volunteer4_RBC_4h_POS  
center sample:  Volunteer2_RBC_24h_POS 
Processing: Volunteer1_RBC_4h_POS  Volunteer3_RBC_1h_POS  Volunteer2_RBC_1h_POS  Volunteer4_RBC_4h_POS  
center sample:  Volunteer2_RBC_24h_POS 
Processing: Volunteer1_RBC_4h_POS  Volunteer3_RBC_1h_POS  Volunteer2_RBC_1h_POS  Volunteer4_RBC_4h_POS  
center sample:  Volunteer2_RBC_24h_POS 
Processing: Volunteer1_RBC_4h_POS  Volunteer3_RBC_1h_POS  Volunteer2_RBC_1h_POS  Volunteer4_RBC_4h_POS  
center sample:  Volunteer2_RBC_24h_POS 
Processing: Volunteer1_RBC_4h_POS  Volunteer3_RBC_1h_POS  Volunteer2_RBC_1h_POS  Volunteer4_RBC_4h_POS  
center sample:  Volunteer2_RBC_24h_POS 
Processing: Volunteer1_RBC_4h_POS  Volunteer3_RBC_1h_POS  Volunteer2_RBC_1h_POS  Volunteer4_RBC_4h_POS  
center sample:  Volunteer2_RBC_24h_POS 
Processing: Volunteer1_RBC_4h_POS  Volunteer3_RBC_1h_POS  Volunteer2_RBC_1h_POS  Volunteer4_RBC_4h_POS  
center sample:  Volunteer2_RBC_24h_POS 
Processing: Volunteer1_RBC_4h_POS  Volunteer3_RBC_1h_POS  Volunteer2_RBC_1h_POS  Volunteer4_RBC_4h_POS  
center sample:  Volunteer2_RBC_24h_POS 
Processing: Volunteer1_RBC_4h_POS  Volunteer3_RBC_1h_POS  Volunteer2_RBC_1h_POS  Volunteer4_RBC_4h_POS  
center sample:  Volunteer2_RBC_24h_POS 
Processing: Volunteer1_RBC_4h_POS  Volunteer3_RBC_1h_POS  Volunteer2_RBC_1h_POS  Volunteer4_RBC_4h_POS  
center sample:  Volunteer2_RBC_24h_POS 
Processing: Volunteer1_RBC_4h_POS  Volunteer3_RBC_1h_POS  Volunteer2_RBC_1h_POS  Volunteer4_RBC_4h_POS  
center sample:  Volunteer2_RBC_24h_POS 
Processing: Volunteer1_RBC_4h_POS  Volunteer3_RBC_1h_POS  Volunteer2_RBC_1h_POS  Volunteer4_RBC_4h_POS  
center sample:  Volunteer2_RBC_24h_POS 
Processing: Volunteer1_RBC_4h_POS  Volunteer3_RBC_1h_POS  Volunteer2_RBC_1h_POS  Volunteer4_RBC_4h_POS  
center sample:  Volunteer2_RBC_24h_POS 
Processing: Volunteer1_RBC_4h_POS  Volunteer3_RBC_1h_POS  Volunteer2_RBC_1h_POS  Volunteer4_RBC_4h_POS  
center sample:  Volunteer2_RBC_24h_POS 
Processing: Volunteer1_RBC_4h_POS  Volunteer3_RBC_1h_POS  Volunteer2_RBC_1h_POS  Volunteer4_RBC_4h_POS  
center sample:  Volunteer2_RBC_24h_POS 
Processing: Volunteer1_RBC_4h_POS  Volunteer3_RBC_1h_POS  Volunteer2_RBC_1h_POS  Volunteer4_RBC_4h_POS  
center sample:  Volunteer2_RBC_24h_POS 
Processing: Volunteer1_RBC_4h_POS  Volunteer3_RBC_1h_POS  Volunteer2_RBC_1h_POS  Volunteer4_RBC_4h_POS  
center sample:  Volunteer2_RBC_24h_POS 
Processing: Volunteer1_RBC_4h_POS  Volunteer3_RBC_1h_POS  Volunteer2_RBC_1h_POS  Volunteer4_RBC_4h_POS  
center sample:  Volunteer2_RBC_24h_POS 
Processing: Volunteer1_RBC_4h_POS  Volunteer3_RBC_1h_POS  Volunteer2_RBC_1h_POS  Volunteer4_RBC_4h_POS  
center sample:  Volunteer2_RBC_24h_POS 
Processing: Volunteer1_RBC_4h_POS  Volunteer3_RBC_1h_POS  Volunteer2_RBC_1h_POS  Volunteer4_RBC_4h_POS  
center sample:  Volunteer2_RBC_24h_POS 
Processing: Volunteer1_RBC_4h_POS  Volunteer3_RBC_1h_POS  Volunteer2_RBC_1h_POS  Volunteer4_RBC_4h_POS  
center sample:  Volunteer2_RBC_24h_POS 
Processing: Volunteer1_RBC_4h_POS  Volunteer3_RBC_1h_POS  Volunteer2_RBC_1h_POS  Volunteer4_RBC_4h_POS  
center sample:  Volunteer2_RBC_24h_POS 
Processing: Volunteer1_RBC_4h_POS  Volunteer3_RBC_1h_POS  Volunteer2_RBC_1h_POS  Volunteer4_RBC_4h_POS  
center sample:  Volunteer2_RBC_24h_POS 
Processing: Volunteer1_RBC_4h_POS  Volunteer3_RBC_1h_POS  Volunteer2_RBC_1h_POS  Volunteer4_RBC_4h_POS  
center sample:  Volunteer2_RBC_24h_POS 
Processing: Volunteer1_RBC_4h_POS  Volunteer3_RBC_1h_POS  Volunteer2_RBC_1h_POS  Volunteer4_RBC_4h_POS  
center sample:  Volunteer2_RBC_24h_POS 
Processing: Volunteer1_RBC_4h_POS  Volunteer3_RBC_1h_POS  Volunteer2_RBC_1h_POS  Volunteer4_RBC_4h_POS  
center sample:  Volunteer2_RBC_24h_POS 
Processing: Volunteer1_RBC_4h_POS  Volunteer3_RBC_1h_POS  Volunteer2_RBC_1h_POS  Volunteer4_RBC_4h_POS  
center sample:  Volunteer2_RBC_24h_POS 
Processing: Volunteer1_RBC_4h_POS  Volunteer3_RBC_1h_POS  Volunteer2_RBC_1h_POS  Volunteer4_RBC_4h_POS  
center sample:  Volunteer2_RBC_24h_POS 
Processing: Volunteer1_RBC_4h_POS  Volunteer3_RBC_1h_POS  Volunteer2_RBC_1h_POS  Volunteer4_RBC_4h_POS  
center sample:  Volunteer2_RBC_24h_POS 
Processing: Volunteer1_RBC_4h_POS  Volunteer3_RBC_1h_POS  Volunteer2_RBC_1h_POS  Volunteer4_RBC_4h_POS  
center sample:  Volunteer2_RBC_24h_POS 
Processing: Volunteer1_RBC_4h_POS  Volunteer3_RBC_1h_POS  Volunteer2_RBC_1h_POS  Volunteer4_RBC_4h_POS  
center sample:  Volunteer2_RBC_24h_POS 
Processing: Volunteer1_RBC_4h_POS  Volunteer3_RBC_1h_POS  Volunteer2_RBC_1h_POS  Volunteer4_RBC_4h_POS  
center sample:  Volunteer2_RBC_24h_POS 
Processing: Volunteer1_RBC_4h_POS  Volunteer3_RBC_1h_POS  Volunteer2_RBC_1h_POS  Volunteer4_RBC_4h_POS  
center sample:  Volunteer2_RBC_24h_POS 
Processing: Volunteer1_RBC_4h_POS  Volunteer3_RBC_1h_POS  Volunteer2_RBC_1h_POS  Volunteer4_RBC_4h_POS  
center sample:  Volunteer2_RBC_24h_POS 
Processing: Volunteer1_RBC_4h_POS  Volunteer3_RBC_1h_POS  Volunteer2_RBC_1h_POS  Volunteer4_RBC_4h_POS  
center sample:  Volunteer2_RBC_24h_POS 
Processing: Volunteer1_RBC_4h_POS  Volunteer3_RBC_1h_POS  Volunteer2_RBC_1h_POS  Volunteer4_RBC_4h_POS  
center sample:  Volunteer2_RBC_24h_POS 
Processing: Volunteer1_RBC_4h_POS  Volunteer3_RBC_1h_POS  Volunteer2_RBC_1h_POS  Volunteer4_RBC_4h_POS  
center sample:  Volunteer2_RBC_24h_POS 
Processing: Volunteer1_RBC_4h_POS  Volunteer3_RBC_1h_POS  Volunteer2_RBC_1h_POS  Volunteer4_RBC_4h_POS  
center sample:  Volunteer2_RBC_24h_POS 
Processing: Volunteer1_RBC_4h_POS  Volunteer3_RBC_1h_POS  Volunteer2_RBC_1h_POS  Volunteer4_RBC_4h_POS  
center sample:  Volunteer2_RBC_24h_POS 
Processing: Volunteer1_RBC_4h_POS  Volunteer3_RBC_1h_POS  Volunteer2_RBC_1h_POS  Volunteer4_RBC_4h_POS  
center sample:  Volunteer2_RBC_24h_POS 
Processing: Volunteer1_RBC_4h_POS  Volunteer3_RBC_1h_POS  Volunteer2_RBC_1h_POS  Volunteer4_RBC_4h_POS  
center sample:  Volunteer2_RBC_24h_POS 
Processing: Volunteer1_RBC_4h_POS  Volunteer3_RBC_1h_POS  Volunteer2_RBC_1h_POS  Volunteer4_RBC_4h_POS  
center sample:  Volunteer2_RBC_24h_POS 
Processing: Volunteer1_RBC_4h_POS  Volunteer3_RBC_1h_POS  Volunteer2_RBC_1h_POS  Volunteer4_RBC_4h_POS  
center sample:  Volunteer2_RBC_24h_POS 
Processing: Volunteer1_RBC_4h_POS  Volunteer3_RBC_1h_POS  Volunteer2_RBC_1h_POS  Volunteer4_RBC_4h_POS  
center sample:  Volunteer2_RBC_24h_POS 
Processing: Volunteer1_RBC_4h_POS  Volunteer3_RBC_1h_POS  Volunteer2_RBC_1h_POS  Volunteer4_RBC_4h_POS  
center sample:  Volunteer2_RBC_24h_POS 
Processing: Volunteer1_RBC_4h_POS  Volunteer3_RBC_1h_POS  Volunteer2_RBC_1h_POS  Volunteer4_RBC_4h_POS  
center sample:  Volunteer2_RBC_24h_POS 
Processing: Volunteer1_RBC_4h_POS  Volunteer3_RBC_1h_POS  Volunteer2_RBC_1h_POS  Volunteer4_RBC_4h_POS  
center sample:  Volunteer2_RBC_24h_POS 
Processing: Volunteer1_RBC_4h_POS  Volunteer3_RBC_1h_POS  Volunteer2_RBC_1h_POS  Volunteer4_RBC_4h_POS  
center sample:  Volunteer2_RBC_24h_POS 
Processing: Volunteer1_RBC_4h_POS  Volunteer3_RBC_1h_POS  Volunteer2_RBC_1h_POS  Volunteer4_RBC_4h_POS  
center sample:  Volunteer2_RBC_24h_POS 
Processing: Volunteer1_RBC_4h_POS  Volunteer3_RBC_1h_POS  Volunteer2_RBC_1h_POS  Volunteer4_RBC_4h_POS  
center sample:  Volunteer2_RBC_24h_POS 
Processing: Volunteer1_RBC_4h_POS  Volunteer3_RBC_1h_POS  Volunteer2_RBC_1h_POS  Volunteer4_RBC_4h_POS  
center sample:  Volunteer2_RBC_24h_POS 
Processing: Volunteer1_RBC_4h_POS  Volunteer3_RBC_1h_POS  Volunteer2_RBC_1h_POS  Volunteer4_RBC_4h_POS  
center sample:  Volunteer2_RBC_24h_POS 
Processing: Volunteer1_RBC_4h_POS  Volunteer3_RBC_1h_POS  Volunteer2_RBC_1h_POS  Volunteer4_RBC_4h_POS  
center sample:  Volunteer2_RBC_24h_POS 
Processing: Volunteer1_RBC_4h_POS  Volunteer3_RBC_1h_POS  Volunteer2_RBC_1h_POS  Volunteer4_RBC_4h_POS  
center sample:  Volunteer2_RBC_24h_POS 
Processing: Volunteer1_RBC_4h_POS  Volunteer3_RBC_1h_POS  Volunteer2_RBC_1h_POS  Volunteer4_RBC_4h_POS  
center sample:  Volunteer2_RBC_24h_POS 
Processing: Volunteer1_RBC_4h_POS  Volunteer3_RBC_1h_POS  Volunteer2_RBC_1h_POS  Volunteer4_RBC_4h_POS  
center sample:  Volunteer2_RBC_24h_POS 
Processing: Volunteer1_RBC_4h_POS  Volunteer3_RBC_1h_POS  Volunteer2_RBC_1h_POS  Volunteer4_RBC_4h_POS  
center sample:  Volunteer2_RBC_24h_POS 
Processing: Volunteer1_RBC_4h_POS  Volunteer3_RBC_1h_POS  Volunteer2_RBC_1h_POS  Volunteer4_RBC_4h_POS  
center sample:  Volunteer2_RBC_24h_POS 
Processing: Volunteer1_RBC_4h_POS  Volunteer3_RBC_1h_POS  Volunteer2_RBC_1h_POS  Volunteer4_RBC_4h_POS  
center sample:  Volunteer2_RBC_24h_POS 
Processing: Volunteer1_RBC_4h_POS  Volunteer3_RBC_1h_POS  Volunteer2_RBC_1h_POS  Volunteer4_RBC_4h_POS  
center sample:  Volunteer2_RBC_24h_POS 
Processing: Volunteer1_RBC_4h_POS  Volunteer3_RBC_1h_POS  Volunteer2_RBC_1h_POS  Volunteer4_RBC_4h_POS  
center sample:  Volunteer2_RBC_24h_POS 
Processing: Volunteer1_RBC_4h_POS  Volunteer3_RBC_1h_POS  Volunteer2_RBC_1h_POS  Volunteer4_RBC_4h_POS  
center sample:  Volunteer2_RBC_24h_POS 
Processing: Volunteer1_RBC_4h_POS  Volunteer3_RBC_1h_POS  Volunteer2_RBC_1h_POS  Volunteer4_RBC_4h_POS  
center sample:  Volunteer2_RBC_24h_POS 
Processing: Volunteer1_RBC_4h_POS  Volunteer3_RBC_1h_POS  Volunteer2_RBC_1h_POS  Volunteer4_RBC_4h_POS  
center sample:  Volunteer2_RBC_24h_POS 
Processing: Volunteer1_RBC_4h_POS  Volunteer3_RBC_1h_POS  Volunteer2_RBC_1h_POS  Volunteer4_RBC_4h_POS  
center sample:  Volunteer2_RBC_24h_POS 
Processing: Volunteer1_RBC_4h_POS  Volunteer3_RBC_1h_POS  Volunteer2_RBC_1h_POS  Volunteer4_RBC_4h_POS  
center sample:  Volunteer2_RBC_24h_POS 
Processing: Volunteer1_RBC_4h_POS  Volunteer3_RBC_1h_POS  Volunteer2_RBC_1h_POS  Volunteer4_RBC_4h_POS  
center sample:  Volunteer2_RBC_24h_POS 
Processing: Volunteer1_RBC_4h_POS  Volunteer3_RBC_1h_POS  Volunteer2_RBC_1h_POS  Volunteer4_RBC_4h_POS  
center sample:  Volunteer2_RBC_24h_POS 
Processing: Volunteer1_RBC_4h_POS  Volunteer3_RBC_1h_POS  Volunteer2_RBC_1h_POS  Volunteer4_RBC_4h_POS  
center sample:  Volunteer2_RBC_24h_POS 
Processing: Volunteer1_RBC_4h_POS  Volunteer3_RBC_1h_POS  Volunteer2_RBC_1h_POS  Volunteer4_RBC_4h_POS  
center sample:  Volunteer2_RBC_24h_POS 
Processing: Volunteer1_RBC_4h_POS  Volunteer3_RBC_1h_POS  Volunteer2_RBC_1h_POS  Volunteer4_RBC_4h_POS  
center sample:  Volunteer2_RBC_24h_POS 
Processing: Volunteer1_RBC_4h_POS  Volunteer3_RBC_1h_POS  Volunteer2_RBC_1h_POS  Volunteer4_RBC_4h_POS  
center sample:  Volunteer2_RBC_24h_POS 
Processing: Volunteer1_RBC_4h_POS  Volunteer3_RBC_1h_POS  Volunteer2_RBC_1h_POS  Volunteer4_RBC_4h_POS  
center sample:  Volunteer2_RBC_24h_POS 
Processing: Volunteer1_RBC_4h_POS  Volunteer3_RBC_1h_POS  Volunteer2_RBC_1h_POS  Volunteer4_RBC_4h_POS  
center sample:  Volunteer2_RBC_24h_POS 
Processing: Volunteer1_RBC_4h_POS  Volunteer3_RBC_1h_POS  Volunteer2_RBC_1h_POS  Volunteer4_RBC_4h_POS  
center sample:  Volunteer2_RBC_24h_POS 
Processing: Volunteer1_RBC_4h_POS  Volunteer3_RBC_1h_POS  Volunteer2_RBC_1h_POS  Volunteer4_RBC_4h_POS  
center sample:  Volunteer2_RBC_24h_POS 
Processing: Volunteer1_RBC_4h_POS  Volunteer3_RBC_1h_POS  Volunteer2_RBC_1h_POS  Volunteer4_RBC_4h_POS  
center sample:  Volunteer2_RBC_24h_POS 
Processing: Volunteer1_RBC_4h_POS  Volunteer3_RBC_1h_POS  Volunteer2_RBC_1h_POS  Volunteer4_RBC_4h_POS  
center sample:  Volunteer2_RBC_24h_POS 
Processing: Volunteer1_RBC_4h_POS  Volunteer3_RBC_1h_POS  Volunteer2_RBC_1h_POS  Volunteer4_RBC_4h_POS  
center sample:  Volunteer2_RBC_24h_POS 
Processing: Volunteer1_RBC_4h_POS  Volunteer3_RBC_1h_POS  Volunteer2_RBC_1h_POS  Volunteer4_RBC_4h_POS  
0.75 ppm ... OK
Detecting chromatographic peaks in 17630 regions of interest ... OK: 7148 found.
61
Detecting mass traces at 35.75 ppm ... OK
Detecting chromatographic peaks in 17692 regions of interest ... OK: 6608 found.
62
Detecting mass traces at 35.75 ppm ... OK
Detecting chromatographic peaks in 17692 regions of interest ... OK: 1179 found.
63
Detecting mass traces at 35.75 ppm ... OK
Detecting chromatographic peaks in 17692 regions of interest ... OK: 6551 found.
64
Detecting mass traces at 35.75 ppm ... OK
Detecting chromatographic peaks in 17692 regions of interest ... OK: 6901 found.
65
Detecting mass traces at 28.25 ppm ... OK
Detecting chromatographic peaks in 19185 regions of interest ... OK: 7947 found.
66
Detecting mass traces at 28.25 ppm ... OK
Detecting chromatographic peaks in 19185 regions of interest ... OK: 7501 found.
67
Detecting mass traces at 28.25 ppm ... OK
Detecting chromatographic peaks in 19185 regions of interest ... OK: 6704 found.
68
Detecting mass traces at 28.25 ppm ... OK
Detecting chromatographic peaks in 19185 regions of interest ... OK: 7886 found.
69
Detecting mass traces at 28.25 ppm ... OK
Detecting chromatographic peaks in 19185 regions of interest ... OK: 7962 found.
70
Detecting mass traces at 20.75 ppm ... OK
Detecting chromatographic peaks in 18992 regions of interest ... OK: 8150 found.
71
Detecting mass traces at 35.75 ppm ... OK
Detecting chromatographic peaks in 19199 regions of interest ... OK: 7635 found.
72
Detecting mass traces at 28.25 ppm ... OK
Detecting chromatographic peaks in 19185 regions of interest ... OK: 8261 found.
73
Detecting mass traces at 28.25 ppm ... OK
Detecting chromatographic peaks in 19185 regions of interest ... OK: 7143 found.
74
Detecting mass traces at 28.25 ppm ... OK
Detecting chromatographic peaks in 19330 regions of interest ... OK: 7955 found.
75
Detecting mass traces at 28.25 ppm ... OK
Detecting chromatographic peaks in 17735 regions of interest ... OK: 7869 found.
76
Detecting mass traces at 28.25 ppm ... OK
Detecting chromatographic peaks in 19185 regions of interest ... OK: 7947 found.
77
Detecting mass traces at 28.25 ppm ... OK
Detecting chromatographic peaks in 19111 regions of interest ... OK: 7946 found.
78
Detecting mass traces at 28.25 ppm ... OK
Detecting chromatographic peaks in 19185 regions of interest ... OK: 7947 found.
Detecting mass traces at 27.5 ppm ... OK
Detecting chromatographic peaks in 19117 regions of interest ... OK: 8231 found.
no increase, stopping
best parameter settings:
min_peakwidth: 32.8
max_peakwidth: 80
ppm: 27.5
mzdiff: -0.0032
noise: 425.75
value_of_prefilter: 277.25
snthresh: 10
prefilter: 3
mzCenterFun: wMean
integrate: 2
fitgauss: FALSE
verbose.columns: TRUE

There were 50 or more warnings (use warnings() to see the first 50)
Detecting mass traces at 27.5 ppm ... OK
Detecting chromatographic peaks in 18814 regions of interest ... OK: 8331 found.
Detecting mass traces at 27.5 ppm ... OK
Detecting chromatographic peaks in 19117 regions of interest ... OK: 8231 found.
Detecting mass traces at 27.5 ppm ... OK
Detecting chromatographic peaks in 18980 regions of interest ... OK: 8952 found.
Detecting mass traces at 27.5 ppm ... OK
Detecting chromatographic peaks in 18750 regions of interest ... OK: 8383 found.
Detecting mass traces at 27.5 ppm ... OK
Detecting chromatographic peaks in 19405 regions of interest ... OK: 8591 found.
Warning messages:
1: In .local(object, ...) :
  It looks like this file is in profile mode. centWave can process only centroid mode data !

2: In .local(object, ...) :
  It looks like this file is in profile mode. centWave can process only centroid mode data !

3: In .local(object, ...) :
  It looks like this file is in profile mode. centWave can process only centroid mode data !

4: In .local(object, ...) :
  It looks like this file is in profile mode. centWave can process only centroid mode data !

5: In .local(object, ...) :
  It looks like this file is in profile mode. centWave can process only centroid mode data !




starting new DoE with:

distFunc: cor_opt
gapInit: c(0, 0.4)
gapExtend: c(2.1, 2.7)
profStep: c(0.7, 1)
plottype: none
response: 1
factorDiag: 2
factorGap: 1
localAlignment: 0
retcorMethod: obiwarp
bw: c(22, 38)
minfrac: 0.05
mzwid: c(0.015, 0.035)
minsamp: 1
max: 50
center: 3

Create profile matrix with method 'bin' and step 0.7 ... OK
Create profile matrix with method 'bin' and step 0.7 ... OK
Create profile matrix with method 'bin' and step 0.7 ... OK
Create profile matrix with method 'bin' and step 0.7 ... OK
Create profile matrix with method 'bin' and step 0.7 ... OK
Processing 119216 mz slices ... OK
Create profile matrix with method 'bin' and step 0.7 ... OK
Create profile matrix with method 'bin' and step 0.7 ... OK
Create profile matrix with method 'bin' and step 0.7 ... OK
Create profile matrix with method 'bin' and step 0.7 ... OK
Create profile matrix with method 'bin' and step 0.7 ... OK
Processing 119216 mz slices ... OK
Create profile matrix with method 'bin' and step 0.7 ... OK
Create profile matrix with method 'bin' and step 0.7 ... OK
Create profile matrix with method 'bin' and step 0.7 ... OK
Create profile matrix with method 'bin' and step 0.7 ... OK
Create profile matrix with method 'bin' and step 0.7 ... OK
Processing 119216 mz slices ... OK
Create profile matrix with method 'bin' and step 0.7 ... OK
Create profile matrix with method 'bin' and step 0.7 ... OK
Create profile matrix with method 'bin' and step 0.7 ... OK
Create profile matrix with method 'bin' and step 0.7 ... OK
Create profile matrix with method 'bin' and step 0.7 ... OK
Processing 119216 mz slices ... OK
Create profile matrix with method 'bin' and step 1 ... OK
Create profile matrix with method 'bin' and step 1 ... OK
Create profile matrix with method 'bin' and step 1 ... OK
Create profile matrix with method 'bin' and step 1 ... OK
Create profile matrix with method 'bin' and step 1 ... OK
Processing 119216 mz slices ... OK
Create profile matrix with method 'bin' and step 1 ... OK
Create profile matrix with method 'bin' and step 1 ... OK
Create profile matrix with method 'bin' and step 1 ... OK
Create profile matrix with method 'bin' and step 1 ... OK
Create profile matrix with method 'bin' and step 1 ... OK
Processing 119216 mz slices ... OK
Create profile matrix with method 'bin' and step 1 ... OK
Create profile matrix with method 'bin' and step 1 ... OK
Create profile matrix with method 'bin' and step 1 ... OK
Create profile matrix with method 'bin' and step 1 ... OK
Create profile matrix with method 'bin' and step 1 ... OK
Processing 119216 mz slices ... OK
Create profile matrix with method 'bin' and step 1 ... OK
Create profile matrix with method 'bin' and step 1 ... OK
Create profile matrix with method 'bin' and step 1 ... OK
Create profile matrix with method 'bin' and step 1 ... OK
Create profile matrix with method 'bin' and step 1 ... OK
Processing 119216 mz slices ... OK
Create profile matrix with method 'bin' and step 0.7 ... OK
Create profile matrix with method 'bin' and step 0.7 ... OK
Create profile matrix with method 'bin' and step 0.7 ... OK
Create profile matrix with method 'bin' and step 0.7 ... OK
Create profile matrix with method 'bin' and step 0.7 ... OK
Processing 119216 mz slices ... OK
Create profile matrix with method 'bin' and step 0.7 ... OK
Create profile matrix with method 'bin' and step 0.7 ... OK
Create profile matrix with method 'bin' and step 0.7 ... OK
Create profile matrix with method 'bin' and step 0.7 ... OK
Create profile matrix with method 'bin' and step 0.7 ... OK
Processing 119216 mz slices ... OK
Create profile matrix with method 'bin' and step 0.7 ... OK
Create profile matrix with method 'bin' and step 0.7 ... OK
Create profile matrix with method 'bin' and step 0.7 ... OK
Create profile matrix with method 'bin' and step 0.7 ... OK
Create profile matrix with method 'bin' and step 0.7 ... OK
Processing 119216 mz slices ... OK
Create profile matrix with method 'bin' and step 0.7 ... OK
Create profile matrix with method 'bin' and step 0.7 ... OK
Create profile matrix with method 'bin' and step 0.7 ... OK
Create profile matrix with method 'bin' and step 0.7 ... OK
Create profile matrix with method 'bin' and step 0.7 ... OK
Processing 119216 mz slices ... OK
Create profile matrix with method 'bin' and step 1 ... OK
Create profile matrix with method 'bin' and step 1 ... OK
Create profile matrix with method 'bin' and step 1 ... OK
Create profile matrix with method 'bin' and step 1 ... OK
Create profile matrix with method 'bin' and step 1 ... OK
Processing 119216 mz slices ... OK
Create profile matrix with method 'bin' and step 1 ... OK
Create profile matrix with method 'bin' and step 1 ... OK
Create profile matrix with method 'bin' and step 1 ... OK
Create profile matrix with method 'bin' and step 1 ... OK
Create profile matrix with method 'bin' and step 1 ... OK
Processing 119216 mz slices ... OK
Create profile matrix with method 'bin' and step 1 ... OK
Create profile matrix with method 'bin' and step 1 ... OK
Create profile matrix with method 'bin' and step 1 ... OK
Create profile matrix with method 'bin' and step 1 ... OK
Create profile matrix with method 'bin' and step 1 ... OK
Processing 119216 mz slices ... OK
Create profile matrix with method 'bin' and step 1 ... OK
Create profile matrix with method 'bin' and step 1 ... OK
Create profile matrix with method 'bin' and step 1 ... OK
Create profile matrix with method 'bin' and step 1 ... OK
Create profile matrix with method 'bin' and step 1 ... OK
Processing 119216 mz slices ... OK
Create profile matrix with method 'bin' and step 0.7 ... OK
Create profile matrix with method 'bin' and step 0.7 ... OK
Create profile matrix with method 'bin' and step 0.7 ... OK
Create profile matrix with method 'bin' and step 0.7 ... OK
Create profile matrix with method 'bin' and step 0.7 ... OK
Processing 51093 mz slices ... OK
Create profile matrix with method 'bin' and step 0.7 ... OK
Create profile matrix with method 'bin' and step 0.7 ... OK
Create profile matrix with method 'bin' and step 0.7 ... OK
Create profile matrix with method 'bin' and step 0.7 ... OK
Create profile matrix with method 'bin' and step 0.7 ... OK
Processing 51093 mz slices ... OK
Create profile matrix with method 'bin' and step 0.7 ... OK
Create profile matrix with method 'bin' and step 0.7 ... OK
Create profile matrix with method 'bin' and step 0.7 ... OK
Create profile matrix with method 'bin' and step 0.7 ... OK
Create profile matrix with method 'bin' and step 0.7 ... OK
Processing 51093 mz slices ... OK
Create profile matrix with method 'bin' and step 0.7 ... OK
Create profile matrix with method 'bin' and step 0.7 ... OK
Create profile matrix with method 'bin' and step 0.7 ... OK
Create profile matrix with method 'bin' and step 0.7 ... OK
Create profile matrix with method 'bin' and step 0.7 ... OK
Processing 51093 mz slices ... OK
Create profile matrix with method 'bin' and step 1 ... OK
Create profile matrix with method 'bin' and step 1 ... OK
Create profile matrix with method 'bin' and step 1 ... OK
Create profile matrix with method 'bin' and step 1 ... OK
Create profile matrix with method 'bin' and step 1 ... OK
Processing 51093 mz slices ... OK
Create profile matrix with method 'bin' and step 1 ... OK
Create profile matrix with method 'bin' and step 1 ... OK
Create profile matrix with method 'bin' and step 1 ... OK
Create profile matrix with method 'bin' and step 1 ... OK
Create profile matrix with method 'bin' and step 1 ... OK
Processing 51093 mz slices ... OK
Create profile matrix with method 'bin' and step 1 ... OK
Create profile matrix with method 'bin' and step 1 ... OK
Create profile matrix with method 'bin' and step 1 ... OK
Create profile matrix with method 'bin' and step 1 ... OK
Create profile matrix with method 'bin' and step 1 ... OK
Processing 51093 mz slices ... OK
Create profile matrix with method 'bin' and step 1 ... OK
Create profile matrix with method 'bin' and step 1 ... OK
Create profile matrix with method 'bin' and step 1 ... OK
Create profile matrix with method 'bin' and step 1 ... OK
Create profile matrix with method 'bin' and step 1 ... OK
Processing 51093 mz slices ... OK
Create profile matrix with method 'bin' and step 0.7 ... OK
Create profile matrix with method 'bin' and step 0.7 ... OK
Create profile matrix with method 'bin' and step 0.7 ... OK
Create profile matrix with method 'bin' and step 0.7 ... OK
Create profile matrix with method 'bin' and step 0.7 ... OK
Processing 51093 mz slices ... OK
Create profile matrix with method 'bin' and step 0.7 ... OK
Create profile matrix with method 'bin' and step 0.7 ... OK
Create profile matrix with method 'bin' and step 0.7 ... OK
Create profile matrix with method 'bin' and step 0.7 ... OK
Create profile matrix with method 'bin' and step 0.7 ... OK
Processing 51093 mz slices ... OK
Create profile matrix with method 'bin' and step 0.7 ... OK
Create profile matrix with method 'bin' and step 0.7 ... OK
Create profile matrix with method 'bin' and step 0.7 ... OK
Create profile matrix with method 'bin' and step 0.7 ... OK
Create profile matrix with method 'bin' and step 0.7 ... OK
Processing 51093 mz slices ... OK
Create profile matrix with method 'bin' and step 0.7 ... OK
Create profile matrix with method 'bin' and step 0.7 ... OK
Create profile matrix with method 'bin' and step 0.7 ... OK
Create profile matrix with method 'bin' and step 0.7 ... OK
Create profile matrix with method 'bin' and step 0.7 ... OK
Processing 51093 mz slices ... OK
Create profile matrix with method 'bin' and step 1 ... OK
Create profile matrix with method 'bin' and step 1 ... OK
Create profile matrix with method 'bin' and step 1 ... OK
Create profile matrix with method 'bin' and step 1 ... OK
Create profile matrix with method 'bin' and step 1 ... OK
Processing 51093 mz slices ... OK
Create profile matrix with method 'bin' and step 1 ... OK
Create profile matrix with method 'bin' and step 1 ... OK
Create profile matrix with method 'bin' and step 1 ... OK
Create profile matrix with method 'bin' and step 1 ... OK
Create profile matrix with method 'bin' and step 1 ... OK
Processing 51093 mz slices ... OK
Create profile matrix with method 'bin' and step 1 ... OK
Create profile matrix with method 'bin' and step 1 ... OK
Create profile matrix with method 'bin' and step 1 ... OK
Create profile matrix with method 'bin' and step 1 ... OK
Create profile matrix with method 'bin' and step 1 ... OK
Processing 51093 mz slices ... OK
Create profile matrix with method 'bin' and step 1 ... OK
Create profile matrix with method 'bin' and step 1 ... OK
Create profile matrix with method 'bin' and step 1 ... OK
Create profile matrix with method 'bin' and step 1 ... OK
Create profile matrix with method 'bin' and step 1 ... OK
Processing 51093 mz slices ... OK
Create profile matrix with method 'bin' and step 0.85 ... OK
Create profile matrix with method 'bin' and step 0.85 ... OK
Create profile matrix with method 'bin' and step 0.85 ... OK
Create profile matrix with method 'bin' and step 0.85 ... OK
Create profile matrix with method 'bin' and step 0.85 ... OK
Create profile matrix with method 'bin' and step 0.85 ... OK
Create profile matrix with method 'bin' and step 0.85 ... OK
Create profile matrix with method 'bin' and step 0.85 ... OK
Processing 71530 mz slices ... OK
Create profile matrix with method 'bin' and step 0.85 ... OK
Create profile matrix with method 'bin' and step 0.85 ... OK
Create profile matrix with method 'bin' and step 0.85 ... OK
Create profile matrix with method 'bin' and step 0.85 ... OK
Create profile matrix with method 'bin' and step 0.85 ... OK
Create profile matrix with method 'bin' and step 0.85 ... OK
Create profile matrix with method 'bin' and step 0.85 ... OK
Create profile matrix with method 'bin' and step 0.85 ... OK
Processing 71530 mz slices ... OK
Create profile matrix with method 'bin' and step 0.85 ... OK
Create profile matrix with method 'bin' and step 0.85 ... OK
Create profile matrix with method 'bin' and step 0.85 ... OK
Create profile matrix with method 'bin' and step 0.85 ... OK
Create profile matrix with method 'bin' and step 0.85 ... OK
Create profile matrix with method 'bin' and step 0.85 ... OK
Create profile matrix with method 'bin' and step 0.85 ... OK
Create profile matrix with method 'bin' and step 0.85 ... OK
Processing 71530 mz slices ... OK
Create profile matrix with method 'bin' and step 0.85 ... OK
Create profile matrix with method 'bin' and step 0.85 ... OK
Create profile matrix with method 'bin' and step 0.85 ... OK
Create profile matrix with method 'bin' and step 0.85 ... OK
Create profile matrix with method 'bin' and step 0.85 ... OK
Create profile matrix with method 'bin' and step 0.85 ... OK
Create profile matrix with method 'bin' and step 0.85 ... OK
Create profile matrix with method 'bin' and step 0.85 ... OK
Processing 71530 mz slices ... OK
Create profile matrix with method 'bin' and step 0.85 ... OK
Create profile matrix with method 'bin' and step 0.85 ... OK
Create profile matrix with method 'bin' and step 0.85 ... OK
Create profile matrix with method 'bin' and step 0.85 ... OK
Create profile matrix with method 'bin' and step 0.85 ... OK
Create profile matrix with method 'bin' and step 0.85 ... OK
Create profile matrix with method 'bin' and step 0.85 ... OK
Create profile matrix with method 'bin' and step 0.85 ... OK
Processing 71530 mz slices ... OK
Create profile matrix with method 'bin' and step 0.7 ... OK
Create profile matrix with method 'bin' and step 0.7 ... OK
Create profile matrix with method 'bin' and step 0.7 ... OK
Create profile matrix with method 'bin' and step 0.7 ... OK
Create profile matrix with method 'bin' and step 0.7 ... OK
Processing 71530 mz slices ... OK
Create profile matrix with method 'bin' and step 1 ... OK
Create profile matrix with method 'bin' and step 1 ... OK
Create profile matrix with method 'bin' and step 1 ... OK
Create profile matrix with method 'bin' and step 1 ... OK
Create profile matrix with method 'bin' and step 1 ... OK
Processing 71530 mz slices ... OK
Create profile matrix with method 'bin' and step 0.85 ... OK
Create profile matrix with method 'bin' and step 0.85 ... OK
Create profile matrix with method 'bin' and step 0.85 ... OK
Create profile matrix with method 'bin' and step 0.85 ... OK
Create profile matrix with method 'bin' and step 0.85 ... OK
Create profile matrix with method 'bin' and step 0.85 ... OK
Create profile matrix with method 'bin' and step 0.85 ... OK
Create profile matrix with method 'bin' and step 0.85 ... OK
Processing 71530 mz slices ... OK
Create profile matrix with method 'bin' and step 0.85 ... OK
Create profile matrix with method 'bin' and step 0.85 ... OK
Create profile matrix with method 'bin' and step 0.85 ... OK
Create profile matrix with method 'bin' and step 0.85 ... OK
Create profile matrix with method 'bin' and step 0.85 ... OK
Create profile matrix with method 'bin' and step 0.85 ... OK
Create profile matrix with method 'bin' and step 0.85 ... OK
Create profile matrix with method 'bin' and step 0.85 ... OK
Processing 71530 mz slices ... OK
Create profile matrix with method 'bin' and step 0.85 ... OK
Create profile matrix with method 'bin' and step 0.85 ... OK
Create profile matrix with method 'bin' and step 0.85 ... OK
Create profile matrix with method 'bin' and step 0.85 ... OK
Create profile matrix with method 'bin' and step 0.85 ... OK
Create profile matrix with method 'bin' and step 0.85 ... OK
Create profile matrix with method 'bin' and step 0.85 ... OK
Create profile matrix with method 'bin' and step 0.85 ... OK
Processing 119216 mz slices ... OK
Create profile matrix with method 'bin' and step 0.85 ... OK
Create profile matrix with method 'bin' and step 0.85 ... OK
Create profile matrix with method 'bin' and step 0.85 ... OK
Create profile matrix with method 'bin' and step 0.85 ... OK
Create profile matrix with method 'bin' and step 0.85 ... OK
Create profile matrix with method 'bin' and step 0.85 ... OK
Create profile matrix with method 'bin' and step 0.85 ... OK
Create profile matrix with method 'bin' and step 0.85 ... OK
Processing 51093 mz slices ... OK
Create profile matrix with method 'bin' and step 0.85 ... OK
Create profile matrix with method 'bin' and step 0.85 ... OK
Create profile matrix with method 'bin' and step 0.85 ... OK
Create profile matrix with method 'bin' and step 0.85 ... OK
Create profile matrix with method 'bin' and step 0.85 ... OK
Create profile matrix with method 'bin' and step 0.85 ... OK
Create profile matrix with method 'bin' and step 0.85 ... OK
Create profile matrix with method 'bin' and step 0.85 ... OK
Processing 71530 mz slices ... OK
Create profile matrix with method 'bin' and step 0.7 ... OK
Create profile matrix with method 'bin' and step 0.7 ... OK
Create profile matrix with method 'bin' and step 0.7 ... OK
Create profile matrix with method 'bin' and step 0.7 ... OK
Create profile matrix with method 'bin' and step 0.7 ... OK
Processing 105190 mz slices ... OK



starting new DoE with:

gapInit: c(0.16, 0.64)
gapExtend: c(2.04, 2.76)
profStep: c(0.52, 0.88)
bw: c(12.4, 31.6)
mzwid: c(0.007, 0.027)
distFunc: cor_opt
plottype: none
response: 1
factorDiag: 2
factorGap: 1
localAlignment: 0
retcorMethod: obiwarp
minfrac: 0.05
minsamp: 1
max: 50
center: 3

Create profile matrix with method 'bin' and step 0.52 ... OK
Create profile matrix with method 'bin' and step 0.52 ... OK
Create profile matrix with method 'bin' and step 0.52 ... OK
Create profile matrix with method 'bin' and step 0.52 ... OK
Create profile matrix with method 'bin' and step 0.52 ... OK
Create profile matrix with method 'bin' and step 0.52 ... OK
Create profile matrix with method 'bin' and step 0.52 ... OK
Create profile matrix with method 'bin' and step 0.52 ... OK
Processing 255460 mz slices ... OK
Create profile matrix with method 'bin' and step 0.52 ... OK
Create profile matrix with method 'bin' and step 0.52 ... OK
Create profile matrix with method 'bin' and step 0.52 ... OK
Create profile matrix with method 'bin' and step 0.52 ... OK
Create profile matrix with method 'bin' and step 0.52 ... OK
Create profile matrix with method 'bin' and step 0.52 ... OK
Create profile matrix with method 'bin' and step 0.52 ... OK
Create profile matrix with method 'bin' and step 0.52 ... OK
Processing 255460 mz slices ... OK
Create profile matrix with method 'bin' and step 0.52 ... OK
Create profile matrix with method 'bin' and step 0.52 ... OK
Create profile matrix with method 'bin' and step 0.52 ... OK
Create profile matrix with method 'bin' and step 0.52 ... OK
Create profile matrix with method 'bin' and step 0.52 ... OK
Create profile matrix with method 'bin' and step 0.52 ... OK
Create profile matrix with method 'bin' and step 0.52 ... OK
Create profile matrix with method 'bin' and step 0.52 ... OK
Processing 255460 mz slices ... OK
Create profile matrix with method 'bin' and step 0.52 ... OK
Create profile matrix with method 'bin' and step 0.52 ... OK
Create profile matrix with method 'bin' and step 0.52 ... OK
Create profile matrix with method 'bin' and step 0.52 ... OK
Create profile matrix with method 'bin' and step 0.52 ... OK
Create profile matrix with method 'bin' and step 0.52 ... OK
Create profile matrix with method 'bin' and step 0.52 ... OK
Create profile matrix with method 'bin' and step 0.52 ... OK
Processing 255460 mz slices ... OK
Create profile matrix with method 'bin' and step 0.88 ... OK
Create profile matrix with method 'bin' and step 0.88 ... OK
Create profile matrix with method 'bin' and step 0.88 ... OK
Create profile matrix with method 'bin' and step 0.88 ... OK
Create profile matrix with method 'bin' and step 0.88 ... OK
Create profile matrix with method 'bin' and step 0.88 ... OK
Create profile matrix with method 'bin' and step 0.88 ... OK
Create profile matrix with method 'bin' and step 0.88 ... OK
Processing 255460 mz slices ... OK
Create profile matrix with method 'bin' and step 0.88 ... OK
Create profile matrix with method 'bin' and step 0.88 ... OK
Create profile matrix with method 'bin' and step 0.88 ... OK
Create profile matrix with method 'bin' and step 0.88 ... OK
Create profile matrix with method 'bin' and step 0.88 ... OK
Create profile matrix with method 'bin' and step 0.88 ... OK
Create profile matrix with method 'bin' and step 0.88 ... OK
Create profile matrix with method 'bin' and step 0.88 ... OK
Processing 255460 mz slices ... OK
Create profile matrix with method 'bin' and step 0.88 ... OK
Create profile matrix with method 'bin' and step 0.88 ... OK
Create profile matrix with method 'bin' and step 0.88 ... OK
Create profile matrix with method 'bin' and step 0.88 ... OK
Create profile matrix with method 'bin' and step 0.88 ... OK
Create profile matrix with method 'bin' and step 0.88 ... OK
Create profile matrix with method 'bin' and step 0.88 ... OK
Create profile matrix with method 'bin' and step 0.88 ... OK
Processing 255460 mz slices ... OK
Create profile matrix with method 'bin' and step 0.88 ... OK
Create profile matrix with method 'bin' and step 0.88 ... OK
Create profile matrix with method 'bin' and step 0.88 ... OK
Create profile matrix with method 'bin' and step 0.88 ... OK
Create profile matrix with method 'bin' and step 0.88 ... OK
Create profile matrix with method 'bin' and step 0.88 ... OK
Create profile matrix with method 'bin' and step 0.88 ... OK
Create profile matrix with method 'bin' and step 0.88 ... OK
Processing 255460 mz slices ... OK
Create profile matrix with method 'bin' and step 0.52 ... OK
Create profile matrix with method 'bin' and step 0.52 ... OK
Create profile matrix with method 'bin' and step 0.52 ... OK
Create profile matrix with method 'bin' and step 0.52 ... OK
Create profile matrix with method 'bin' and step 0.52 ... OK
Create profile matrix with method 'bin' and step 0.52 ... OK
Create profile matrix with method 'bin' and step 0.52 ... OK
Create profile matrix with method 'bin' and step 0.52 ... OK
Processing 255460 mz slices ... OK
Create profile matrix with method 'bin' and step 0.52 ... OK
Create profile matrix with method 'bin' and step 0.52 ... OK
Create profile matrix with method 'bin' and step 0.52 ... OK
Create profile matrix with method 'bin' and step 0.52 ... OK
Create profile matrix with method 'bin' and step 0.52 ... OK
Create profile matrix with method 'bin' and step 0.52 ... OK
Create profile matrix with method 'bin' and step 0.52 ... OK
Create profile matrix with method 'bin' and step 0.52 ... OK
Processing 255460 mz slices ... OK
Create profile matrix with method 'bin' and step 0.52 ... OK
Create profile matrix with method 'bin' and step 0.52 ... OK
Create profile matrix with method 'bin' and step 0.52 ... OK
Create profile matrix with method 'bin' and step 0.52 ... OK
Create profile matrix with method 'bin' and step 0.52 ... OK
Create profile matrix with method 'bin' and step 0.52 ... OK
Create profile matrix with method 'bin' and step 0.52 ... OK
Create profile matrix with method 'bin' and step 0.52 ... OK
Processing 255460 mz slices ... OK
Create profile matrix with method 'bin' and step 0.52 ... OK
Create profile matrix with method 'bin' and step 0.52 ... OK
Create profile matrix with method 'bin' and step 0.52 ... OK
Create profile matrix with method 'bin' and step 0.52 ... OK
Create profile matrix with method 'bin' and step 0.52 ... OK
Create profile matrix with method 'bin' and step 0.52 ... OK
Create profile matrix with method 'bin' and step 0.52 ... OK
Create profile matrix with method 'bin' and step 0.52 ... OK
Processing 255460 mz slices ... OK
Create profile matrix with method 'bin' and step 0.88 ... OK
Create profile matrix with method 'bin' and step 0.88 ... OK
Create profile matrix with method 'bin' and step 0.88 ... OK
Create profile matrix with method 'bin' and step 0.88 ... OK
Create profile matrix with method 'bin' and step 0.88 ... OK
Create profile matrix with method 'bin' and step 0.88 ... OK
Create profile matrix with method 'bin' and step 0.88 ... OK
Create profile matrix with method 'bin' and step 0.88 ... OK
Processing 255460 mz slices ... OK
Create profile matrix with method 'bin' and step 0.88 ... OK
Create profile matrix with method 'bin' and step 0.88 ... OK
Create profile matrix with method 'bin' and step 0.88 ... OK
Create profile matrix with method 'bin' and step 0.88 ... OK
Create profile matrix with method 'bin' and step 0.88 ... OK
Create profile matrix with method 'bin' and step 0.88 ... OK
Create profile matrix with method 'bin' and step 0.88 ... OK
Create profile matrix with method 'bin' and step 0.88 ... OK
Processing 255460 mz slices ... OK
Create profile matrix with method 'bin' and step 0.88 ... OK
Create profile matrix with method 'bin' and step 0.88 ... OK
Create profile matrix with method 'bin' and step 0.88 ... OK
Create profile matrix with method 'bin' and step 0.88 ... OK
Create profile matrix with method 'bin' and step 0.88 ... OK
Create profile matrix with method 'bin' and step 0.88 ... OK
Create profile matrix with method 'bin' and step 0.88 ... OK
Create profile matrix with method 'bin' and step 0.88 ... OK
Processing 255460 mz slices ... OK
Create profile matrix with method 'bin' and step 0.88 ... OK
Create profile matrix with method 'bin' and step 0.88 ... OK
Create profile matrix with method 'bin' and step 0.88 ... OK
Create profile matrix with method 'bin' and step 0.88 ... OK
Create profile matrix with method 'bin' and step 0.88 ... OK
Create profile matrix with method 'bin' and step 0.88 ... OK
Create profile matrix with method 'bin' and step 0.88 ... OK
Create profile matrix with method 'bin' and step 0.88 ... OK
Processing 255460 mz slices ... OK
Create profile matrix with method 'bin' and step 0.52 ... OK
Create profile matrix with method 'bin' and step 0.52 ... OK
Create profile matrix with method 'bin' and step 0.52 ... OK
Create profile matrix with method 'bin' and step 0.52 ... OK
Create profile matrix with method 'bin' and step 0.52 ... OK
Create profile matrix with method 'bin' and step 0.52 ... OK
Create profile matrix with method 'bin' and step 0.52 ... OK
Create profile matrix with method 'bin' and step 0.52 ... OK
Processing 66232 mz slices ... OK
Create profile matrix with method 'bin' and step 0.52 ... OK
Create profile matrix with method 'bin' and step 0.52 ... OK
Create profile matrix with method 'bin' and step 0.52 ... OK
Create profile matrix with method 'bin' and step 0.52 ... OK
Create profile matrix with method 'bin' and step 0.52 ... OK
Create profile matrix with method 'bin' and step 0.52 ... OK
Create profile matrix with method 'bin' and step 0.52 ... OK
Create profile matrix with method 'bin' and step 0.52 ... OK
Processing 66232 mz slices ... OK
Create profile matrix with method 'bin' and step 0.52 ... OK
Create profile matrix with method 'bin' and step 0.52 ... OK
Create profile matrix with method 'bin' and step 0.52 ... OK
Create profile matrix with method 'bin' and step 0.52 ... OK
Create profile matrix with method 'bin' and step 0.52 ... OK
Create profile matrix with method 'bin' and step 0.52 ... OK
Create profile matrix with method 'bin' and step 0.52 ... OK
Create profile matrix with method 'bin' and step 0.52 ... OK
Processing 66232 mz slices ... OK
Create profile matrix with method 'bin' and step 0.52 ... OK
Create profile matrix with method 'bin' and step 0.52 ... OK
Create profile matrix with method 'bin' and step 0.52 ... OK
Create profile matrix with method 'bin' and step 0.52 ... OK
Create profile matrix with method 'bin' and step 0.52 ... OK
Create profile matrix with method 'bin' and step 0.52 ... OK
Create profile matrix with method 'bin' and step 0.52 ... OK
Create profile matrix with method 'bin' and step 0.52 ... OK
Processing 66232 mz slices ... OK
Create profile matrix with method 'bin' and step 0.88 ... OK
Create profile matrix with method 'bin' and step 0.88 ... OK
Create profile matrix with method 'bin' and step 0.88 ... OK
Create profile matrix with method 'bin' and step 0.88 ... OK
Create profile matrix with method 'bin' and step 0.88 ... OK
Create profile matrix with method 'bin' and step 0.88 ... OK
Create profile matrix with method 'bin' and step 0.88 ... OK
Create profile matrix with method 'bin' and step 0.88 ... OK
Processing 66232 mz slices ... OK
Create profile matrix with method 'bin' and step 0.88 ... OK
Create profile matrix with method 'bin' and step 0.88 ... OK
Create profile matrix with method 'bin' and step 0.88 ... OK
Create profile matrix with method 'bin' and step 0.88 ... OK
Create profile matrix with method 'bin' and step 0.88 ... OK
Create profile matrix with method 'bin' and step 0.88 ... OK
Create profile matrix with method 'bin' and step 0.88 ... OK
Create profile matrix with method 'bin' and step 0.88 ... OK
Processing 66232 mz slices ... OK
Create profile matrix with method 'bin' and step 0.88 ... OK
Create profile matrix with method 'bin' and step 0.88 ... OK
Create profile matrix with method 'bin' and step 0.88 ... OK
Create profile matrix with method 'bin' and step 0.88 ... OK
Create profile matrix with method 'bin' and step 0.88 ... OK
Create profile matrix with method 'bin' and step 0.88 ... OK
Create profile matrix with method 'bin' and step 0.88 ... OK
Create profile matrix with method 'bin' and step 0.88 ... OK
Processing 66232 mz slices ... OK
Create profile matrix with method 'bin' and step 0.88 ... OK
Create profile matrix with method 'bin' and step 0.88 ... OK
Create profile matrix with method 'bin' and step 0.88 ... OK
Create profile matrix with method 'bin' and step 0.88 ... OK
Create profile matrix with method 'bin' and step 0.88 ... OK
Create profile matrix with method 'bin' and step 0.88 ... OK
Create profile matrix with method 'bin' and step 0.88 ... OK
Create profile matrix with method 'bin' and step 0.88 ... OK
Processing 66232 mz slices ... OK
Create profile matrix with method 'bin' and step 0.52 ... OK
Create profile matrix with method 'bin' and step 0.52 ... OK
Create profile matrix with method 'bin' and step 0.52 ... OK
Create profile matrix with method 'bin' and step 0.52 ... OK
Create profile matrix with method 'bin' and step 0.52 ... OK
Create profile matrix with method 'bin' and step 0.52 ... OK
Create profile matrix with method 'bin' and step 0.52 ... OK
Create profile matrix with method 'bin' and step 0.52 ... OK
Processing 66232 mz slices ... OK
Create profile matrix with method 'bin' and step 0.52 ... OK
Create profile matrix with method 'bin' and step 0.52 ... OK
Create profile matrix with method 'bin' and step 0.52 ... OK
Create profile matrix with method 'bin' and step 0.52 ... OK
Create profile matrix with method 'bin' and step 0.52 ... OK
Create profile matrix with method 'bin' and step 0.52 ... OK
Create profile matrix with method 'bin' and step 0.52 ... OK
Create profile matrix with method 'bin' and step 0.52 ... OK
Processing 66232 mz slices ... OK
Create profile matrix with method 'bin' and step 0.52 ... OK
Create profile matrix with method 'bin' and step 0.52 ... OK
Create profile matrix with method 'bin' and step 0.52 ... OK
Create profile matrix with method 'bin' and step 0.52 ... OK
Create profile matrix with method 'bin' and step 0.52 ... OK
Create profile matrix with method 'bin' and step 0.52 ... OK
Create profile matrix with method 'bin' and step 0.52 ... OK
Create profile matrix with method 'bin' and step 0.52 ... OK
Processing 66232 mz slices ... OK
Create profile matrix with method 'bin' and step 0.52 ... OK
Create profile matrix with method 'bin' and step 0.52 ... OK
Create profile matrix with method 'bin' and step 0.52 ... OK
Create profile matrix with method 'bin' and step 0.52 ... OK
Create profile matrix with method 'bin' and step 0.52 ... OK
Create profile matrix with method 'bin' and step 0.52 ... OK
Create profile matrix with method 'bin' and step 0.52 ... OK
Create profile matrix with method 'bin' and step 0.52 ... OK
Processing 66232 mz slices ... OK
Create profile matrix with method 'bin' and step 0.88 ... OK
Create profile matrix with method 'bin' and step 0.88 ... OK
Create profile matrix with method 'bin' and step 0.88 ... OK
Create profile matrix with method 'bin' and step 0.88 ... OK
Create profile matrix with method 'bin' and step 0.88 ... OK
Create profile matrix with method 'bin' and step 0.88 ... OK
Create profile matrix with method 'bin' and step 0.88 ... OK
Create profile matrix with method 'bin' and step 0.88 ... OK
Processing 66232 mz slices ... OK
Create profile matrix with method 'bin' and step 0.88 ... OK
Create profile matrix with method 'bin' and step 0.88 ... OK
Create profile matrix with method 'bin' and step 0.88 ... OK
Create profile matrix with method 'bin' and step 0.88 ... OK
Create profile matrix with method 'bin' and step 0.88 ... OK
Create profile matrix with method 'bin' and step 0.88 ... OK
Create profile matrix with method 'bin' and step 0.88 ... OK
Create profile matrix with method 'bin' and step 0.88 ... OK
Processing 66232 mz slices ... OK
Create profile matrix with method 'bin' and step 0.88 ... OK
Create profile matrix with method 'bin' and step 0.88 ... OK
Create profile matrix with method 'bin' and step 0.88 ... OK
Create profile matrix with method 'bin' and step 0.88 ... OK
Create profile matrix with method 'bin' and step 0.88 ... OK
Create profile matrix with method 'bin' and step 0.88 ... OK
Create profile matrix with method 'bin' and step 0.88 ... OK
Create profile matrix with method 'bin' and step 0.88 ... OK
Processing 66232 mz slices ... OK
Create profile matrix with method 'bin' and step 0.88 ... OK
Create profile matrix with method 'bin' and step 0.88 ... OK
Create profile matrix with method 'bin' and step 0.88 ... OK
Create profile matrix with method 'bin' and step 0.88 ... OK
Create profile matrix with method 'bin' and step 0.88 ... OK
Create profile matrix with method 'bin' and step 0.88 ... OK
Create profile matrix with method 'bin' and step 0.88 ... OK
Create profile matrix with method 'bin' and step 0.88 ... OK
Processing 66232 mz slices ... OK
Create profile matrix with method 'bin' and step 0.7 ... OK
Create profile matrix with method 'bin' and step 0.7 ... OK
Create profile matrix with method 'bin' and step 0.7 ... OK
Create profile matrix with method 'bin' and step 0.7 ... OK
Create profile matrix with method 'bin' and step 0.7 ... OK
Processing 105190 mz slices ... OK
Create profile matrix with method 'bin' and step 0.7 ... OK
Create profile matrix with method 'bin' and step 0.7 ... OK
Create profile matrix with method 'bin' and step 0.7 ... OK
Create profile matrix with method 'bin' and step 0.7 ... OK
Create profile matrix with method 'bin' and step 0.7 ... OK
Processing 105190 mz slices ... OK
Create profile matrix with method 'bin' and step 0.7 ... OK
Create profile matrix with method 'bin' and step 0.7 ... OK
Create profile matrix with method 'bin' and step 0.7 ... OK
Create profile matrix with method 'bin' and step 0.7 ... OK
Create profile matrix with method 'bin' and step 0.7 ... OK
Processing 105190 mz slices ... OK
Create profile matrix with method 'bin' and step 0.7 ... OK
Create profile matrix with method 'bin' and step 0.7 ... OK
Create profile matrix with method 'bin' and step 0.7 ... OK
Create profile matrix with method 'bin' and step 0.7 ... OK
Create profile matrix with method 'bin' and step 0.7 ... OK
Processing 105190 mz slices ... OK
Create profile matrix with method 'bin' and step 0.7 ... OK
Create profile matrix with method 'bin' and step 0.7 ... OK
Create profile matrix with method 'bin' and step 0.7 ... OK
Create profile matrix with method 'bin' and step 0.7 ... OK
Create profile matrix with method 'bin' and step 0.7 ... OK
Processing 105190 mz slices ... OK
Create profile matrix with method 'bin' and step 0.52 ... OK
Create profile matrix with method 'bin' and step 0.52 ... OK
Create profile matrix with method 'bin' and step 0.52 ... OK
Create profile matrix with method 'bin' and step 0.52 ... OK
Create profile matrix with method 'bin' and step 0.52 ... OK
Create profile matrix with method 'bin' and step 0.52 ... OK
Create profile matrix with method 'bin' and step 0.52 ... OK
Create profile matrix with method 'bin' and step 0.52 ... OK
Processing 105190 mz slices ... OK
Create profile matrix with method 'bin' and step 0.88 ... OK
Create profile matrix with method 'bin' and step 0.88 ... OK
Create profile matrix with method 'bin' and step 0.88 ... OK
Create profile matrix with method 'bin' and step 0.88 ... OK
Create profile matrix with method 'bin' and step 0.88 ... OK
Create profile matrix with method 'bin' and step 0.88 ... OK
Create profile matrix with method 'bin' and step 0.88 ... OK
Create profile matrix with method 'bin' and step 0.88 ... OK
Processing 105190 mz slices ... OK
Create profile matrix with method 'bin' and step 0.7 ... OK
Create profile matrix with method 'bin' and step 0.7 ... OK
Create profile matrix with method 'bin' and step 0.7 ... OK
Create profile matrix with method 'bin' and step 0.7 ... OK
Create profile matrix with method 'bin' and step 0.7 ... OK
Processing 105190 mz slices ... OK
Create profile matrix with method 'bin' and step 0.7 ... OK
Create profile matrix with method 'bin' and step 0.7 ... OK
Create profile matrix with method 'bin' and step 0.7 ... OK
Create profile matrix with method 'bin' and step 0.7 ... OK
Create profile matrix with method 'bin' and step 0.7 ... OK
Processing 105190 mz slices ... OK
Create profile matrix with method 'bin' and step 0.7 ... OK
Create profile matrix with method 'bin' and step 0.7 ... OK
Create profile matrix with method 'bin' and step 0.7 ... OK
Create profile matrix with method 'bin' and step 0.7 ... OK
Create profile matrix with method 'bin' and step 0.7 ... OK
Processing 255460 mz slices ... OK
Create profile matrix with method 'bin' and step 0.7 ... OK
Create profile matrix with method 'bin' and step 0.7 ... OK
Create profile matrix with method 'bin' and step 0.7 ... OK
Create profile matrix with method 'bin' and step 0.7 ... OK
Create profile matrix with method 'bin' and step 0.7 ... OK
Processing 66232 mz slices ... OK
Create profile matrix with method 'bin' and step 0.7 ... OK
Create profile matrix with method 'bin' and step 0.7 ... OK
Create profile matrix with method 'bin' and step 0.7 ... OK
Create profile matrix with method 'bin' and step 0.7 ... OK
Create profile matrix with method 'bin' and step 0.7 ... OK
Processing 105190 mz slices ... OK
Create profile matrix with method 'bin' and step 0.844 ... OK
Create profile matrix with method 'bin' and step 0.844 ... OK
Create profile matrix with method 'bin' and step 0.844 ... OK
Create profile matrix with method 'bin' and step 0.844 ... OK
Create profile matrix with method 'bin' and step 0.844 ... OK
Create profile matrix with method 'bin' and step 0.844 ... OK
Create profile matrix with method 'bin' and step 0.844 ... OK
Create profile matrix with method 'bin' and step 0.844 ... OK
Processing 89412 mz slices ... OK
profStep or minfrac greater 1, decreasing to 0.71 and 1



starting new DoE with:

gapInit: c(0.352, 0.928)
gapExtend: c(1.968, 2.832)
profStep: c(0.71, 1)
bw: c(0.879999999999999, 23.92)
mzwid: c(0.01, 0.03)
distFunc: cor_opt
plottype: none
response: 1
factorDiag: 2
factorGap: 1
localAlignment: 0
retcorMethod: obiwarp
minfrac: 0.05
minsamp: 1
max: 50
center: 3

Create profile matrix with method 'bin' and step 0.71 ... OK
Create profile matrix with method 'bin' and step 0.71 ... OK
Create profile matrix with method 'bin' and step 0.71 ... OK
Create profile matrix with method 'bin' and step 0.71 ... OK
Create profile matrix with method 'bin' and step 0.71 ... OK
Create profile matrix with method 'bin' and step 0.71 ... OK
Create profile matrix with method 'bin' and step 0.71 ... OK
Create profile matrix with method 'bin' and step 0.71 ... OK
Processing 178823 mz slices ... OK
Create profile matrix with method 'bin' and step 0.71 ... OK
Create profile matrix with method 'bin' and step 0.71 ... OK
Create profile matrix with method 'bin' and step 0.71 ... OK
Create profile matrix with method 'bin' and step 0.71 ... OK
Create profile matrix with method 'bin' and step 0.71 ... OK
Create profile matrix with method 'bin' and step 0.71 ... OK
Create profile matrix with method 'bin' and step 0.71 ... OK
Create profile matrix with method 'bin' and step 0.71 ... OK
Processing 178823 mz slices ... OK
Create profile matrix with method 'bin' and step 0.71 ... OK
Create profile matrix with method 'bin' and step 0.71 ... OK
Create profile matrix with method 'bin' and step 0.71 ... OK
Create profile matrix with method 'bin' and step 0.71 ... OK
Create profile matrix with method 'bin' and step 0.71 ... OK
Create profile matrix with method 'bin' and step 0.71 ... OK
Create profile matrix with method 'bin' and step 0.71 ... OK
Create profile matrix with method 'bin' and step 0.71 ... OK
Processing 178823 mz slices ... OK
Create profile matrix with method 'bin' and step 0.71 ... OK
Create profile matrix with method 'bin' and step 0.71 ... OK
Create profile matrix with method 'bin' and step 0.71 ... OK
Create profile matrix with method 'bin' and step 0.71 ... OK
Create profile matrix with method 'bin' and step 0.71 ... OK
Create profile matrix with method 'bin' and step 0.71 ... OK
Create profile matrix with method 'bin' and step 0.71 ... OK
Create profile matrix with method 'bin' and step 0.71 ... OK
Processing 178823 mz slices ... OK
Create profile matrix with method 'bin' and step 1 ... OK
Create profile matrix with method 'bin' and step 1 ... OK
Create profile matrix with method 'bin' and step 1 ... OK
Create profile matrix with method 'bin' and step 1 ... OK
Create profile matrix with method 'bin' and step 1 ... OK
Processing 178823 mz slices ... OK
Create profile matrix with method 'bin' and step 1 ... OK
Create profile matrix with method 'bin' and step 1 ... OK
Create profile matrix with method 'bin' and step 1 ... OK
Create profile matrix with method 'bin' and step 1 ... OK
Create profile matrix with method 'bin' and step 1 ... OK
Processing 178823 mz slices ... OK
Create profile matrix with method 'bin' and step 1 ... OK
Create profile matrix with method 'bin' and step 1 ... OK
Create profile matrix with method 'bin' and step 1 ... OK
Create profile matrix with method 'bin' and step 1 ... OK
Create profile matrix with method 'bin' and step 1 ... OK
Processing 178823 mz slices ... OK
Create profile matrix with method 'bin' and step 1 ... OK
Create profile matrix with method 'bin' and step 1 ... OK
Create profile matrix with method 'bin' and step 1 ... OK
Create profile matrix with method 'bin' and step 1 ... OK
Create profile matrix with method 'bin' and step 1 ... OK
Processing 178823 mz slices ... OK
Create profile matrix with method 'bin' and step 0.71 ... OK
Create profile matrix with method 'bin' and step 0.71 ... OK
Create profile matrix with method 'bin' and step 0.71 ... OK
Create profile matrix with method 'bin' and step 0.71 ... OK
Create profile matrix with method 'bin' and step 0.71 ... OK
Create profile matrix with method 'bin' and step 0.71 ... OK
Create profile matrix with method 'bin' and step 0.71 ... OK
Create profile matrix with method 'bin' and step 0.71 ... OK
Processing 178823 mz slices ... OK
Create profile matrix with method 'bin' and step 0.71 ... OK
Create profile matrix with method 'bin' and step 0.71 ... OK
Create profile matrix with method 'bin' and step 0.71 ... OK
Create profile matrix with method 'bin' and step 0.71 ... OK
Create profile matrix with method 'bin' and step 0.71 ... OK
Create profile matrix with method 'bin' and step 0.71 ... OK
Create profile matrix with method 'bin' and step 0.71 ... OK
Create profile matrix with method 'bin' and step 0.71 ... OK
Processing 178823 mz slices ... OK
Create profile matrix with method 'bin' and step 0.71 ... OK
Create profile matrix with method 'bin' and step 0.71 ... OK
Create profile matrix with method 'bin' and step 0.71 ... OK
Create profile matrix with method 'bin' and step 0.71 ... OK
Create profile matrix with method 'bin' and step 0.71 ... OK
Create profile matrix with method 'bin' and step 0.71 ... OK
Create profile matrix with method 'bin' and step 0.71 ... OK
Create profile matrix with method 'bin' and step 0.71 ... OK
Processing 178823 mz slices ... OK
Create profile matrix with method 'bin' and step 0.71 ... OK
Create profile matrix with method 'bin' and step 0.71 ... OK
Create profile matrix with method 'bin' and step 0.71 ... OK
Create profile matrix with method 'bin' and step 0.71 ... OK
Create profile matrix with method 'bin' and step 0.71 ... OK
Create profile matrix with method 'bin' and step 0.71 ... OK
Create profile matrix with method 'bin' and step 0.71 ... OK
Create profile matrix with method 'bin' and step 0.71 ... OK
Processing 178823 mz slices ... OK
Create profile matrix with method 'bin' and step 1 ... OK
Create profile matrix with method 'bin' and step 1 ... OK
Create profile matrix with method 'bin' and step 1 ... OK
Create profile matrix with method 'bin' and step 1 ... OK
Create profile matrix with method 'bin' and step 1 ... OK
Processing 178823 mz slices ... OK
Create profile matrix with method 'bin' and step 1 ... OK
Create profile matrix with method 'bin' and step 1 ... OK
Create profile matrix with method 'bin' and step 1 ... OK
Create profile matrix with method 'bin' and step 1 ... OK
Create profile matrix with method 'bin' and step 1 ... OK
Processing 178823 mz slices ... OK
Create profile matrix with method 'bin' and step 1 ... OK
Create profile matrix with method 'bin' and step 1 ... OK
Create profile matrix with method 'bin' and step 1 ... OK
Create profile matrix with method 'bin' and step 1 ... OK
Create profile matrix with method 'bin' and step 1 ... OK
Processing 178823 mz slices ... OK
Create profile matrix with method 'bin' and step 1 ... OK
Create profile matrix with method 'bin' and step 1 ... OK
Create profile matrix with method 'bin' and step 1 ... OK
Create profile matrix with method 'bin' and step 1 ... OK
Create profile matrix with method 'bin' and step 1 ... OK
Processing 178823 mz slices ... OK
Create profile matrix with method 'bin' and step 0.71 ... OK
Create profile matrix with method 'bin' and step 0.71 ... OK
Create profile matrix with method 'bin' and step 0.71 ... OK
Create profile matrix with method 'bin' and step 0.71 ... OK
Create profile matrix with method 'bin' and step 0.71 ... OK
Create profile matrix with method 'bin' and step 0.71 ... OK
Create profile matrix with method 'bin' and step 0.71 ... OK
Create profile matrix with method 'bin' and step 0.71 ... OK
Processing 59609 mz slices ... OK
Create profile matrix with method 'bin' and step 0.71 ... OK
Create profile matrix with method 'bin' and step 0.71 ... OK
Create profile matrix with method 'bin' and step 0.71 ... OK
Create profile matrix with method 'bin' and step 0.71 ... OK
Create profile matrix with method 'bin' and step 0.71 ... OK
Create profile matrix with method 'bin' and step 0.71 ... OK
Create profile matrix with method 'bin' and step 0.71 ... OK
Create profile matrix with method 'bin' and step 0.71 ... OK
Processing 59609 mz slices ... OK
Create profile matrix with method 'bin' and step 0.71 ... OK
Create profile matrix with method 'bin' and step 0.71 ... OK
Create profile matrix with method 'bin' and step 0.71 ... OK
Create profile matrix with method 'bin' and step 0.71 ... OK
Create profile matrix with method 'bin' and step 0.71 ... OK
Create profile matrix with method 'bin' and step 0.71 ... OK
Create profile matrix with method 'bin' and step 0.71 ... OK
Create profile matrix with method 'bin' and step 0.71 ... OK
Processing 59609 mz slices ... OK
Create profile matrix with method 'bin' and step 0.71 ... OK
Create profile matrix with method 'bin' and step 0.71 ... OK
Create profile matrix with method 'bin' and step 0.71 ... OK
Create profile matrix with method 'bin' and step 0.71 ... OK
Create profile matrix with method 'bin' and step 0.71 ... OK
Create profile matrix with method 'bin' and step 0.71 ... OK
Create profile matrix with method 'bin' and step 0.71 ... OK
Create profile matrix with method 'bin' and step 0.71 ... OK
Processing 59609 mz slices ... OK
Create profile matrix with method 'bin' and step 1 ... OK
Create profile matrix with method 'bin' and step 1 ... OK
Create profile matrix with method 'bin' and step 1 ... OK
Create profile matrix with method 'bin' and step 1 ... OK
Create profile matrix with method 'bin' and step 1 ... OK
Processing 59609 mz slices ... OK
Create profile matrix with method 'bin' and step 1 ... OK
Create profile matrix with method 'bin' and step 1 ... OK
Create profile matrix with method 'bin' and step 1 ... OK
Create profile matrix with method 'bin' and step 1 ... OK
Create profile matrix with method 'bin' and step 1 ... OK
Processing 59609 mz slices ... OK
Create profile matrix with method 'bin' and step 1 ... OK
Create profile matrix with method 'bin' and step 1 ... OK
Create profile matrix with method 'bin' and step 1 ... OK
Create profile matrix with method 'bin' and step 1 ... OK
Create profile matrix with method 'bin' and step 1 ... OK
Processing 59609 mz slices ... OK
Create profile matrix with method 'bin' and step 1 ... OK
Create profile matrix with method 'bin' and step 1 ... OK
Create profile matrix with method 'bin' and step 1 ... OK
Create profile matrix with method 'bin' and step 1 ... OK
Create profile matrix with method 'bin' and step 1 ... OK
Processing 59609 mz slices ... OK
Create profile matrix with method 'bin' and step 0.71 ... OK
Create profile matrix with method 'bin' and step 0.71 ... OK
Create profile matrix with method 'bin' and step 0.71 ... OK
Create profile matrix with method 'bin' and step 0.71 ... OK
Create profile matrix with method 'bin' and step 0.71 ... OK
Create profile matrix with method 'bin' and step 0.71 ... OK
Create profile matrix with method 'bin' and step 0.71 ... OK
Create profile matrix with method 'bin' and step 0.71 ... OK
Processing 59609 mz slices ... OK
Create profile matrix with method 'bin' and step 0.71 ... OK
Create profile matrix with method 'bin' and step 0.71 ... OK
Create profile matrix with method 'bin' and step 0.71 ... OK
Create profile matrix with method 'bin' and step 0.71 ... OK
Create profile matrix with method 'bin' and step 0.71 ... OK
Create profile matrix with method 'bin' and step 0.71 ... OK
Create profile matrix with method 'bin' and step 0.71 ... OK
Create profile matrix with method 'bin' and step 0.71 ... OK
Processing 59609 mz slices ... OK
Create profile matrix with method 'bin' and step 0.71 ... OK
Create profile matrix with method 'bin' and step 0.71 ... OK
Create profile matrix with method 'bin' and step 0.71 ... OK
Create profile matrix with method 'bin' and step 0.71 ... OK
Create profile matrix with method 'bin' and step 0.71 ... OK
Create profile matrix with method 'bin' and step 0.71 ... OK
Create profile matrix with method 'bin' and step 0.71 ... OK
Create profile matrix with method 'bin' and step 0.71 ... OK
Processing 59609 mz slices ... OK
Create profile matrix with method 'bin' and step 0.71 ... OK
Create profile matrix with method 'bin' and step 0.71 ... OK
Create profile matrix with method 'bin' and step 0.71 ... OK
Create profile matrix with method 'bin' and step 0.71 ... OK
Create profile matrix with method 'bin' and step 0.71 ... OK
Create profile matrix with method 'bin' and step 0.71 ... OK
Create profile matrix with method 'bin' and step 0.71 ... OK
Create profile matrix with method 'bin' and step 0.71 ... OK
Processing 59609 mz slices ... OK
Create profile matrix with method 'bin' and step 1 ... OK
Create profile matrix with method 'bin' and step 1 ... OK
Create profile matrix with method 'bin' and step 1 ... OK
Create profile matrix with method 'bin' and step 1 ... OK
Create profile matrix with method 'bin' and step 1 ... OK
Processing 59609 mz slices ... OK
Create profile matrix with method 'bin' and step 1 ... OK
Create profile matrix with method 'bin' and step 1 ... OK
Create profile matrix with method 'bin' and step 1 ... OK
Create profile matrix with method 'bin' and step 1 ... OK
Create profile matrix with method 'bin' and step 1 ... OK
Processing 59609 mz slices ... OK
Create profile matrix with method 'bin' and step 1 ... OK
Create profile matrix with method 'bin' and step 1 ... OK
Create profile matrix with method 'bin' and step 1 ... OK
Create profile matrix with method 'bin' and step 1 ... OK
Create profile matrix with method 'bin' and step 1 ... OK
Processing 59609 mz slices ... OK
Create profile matrix with method 'bin' and step 1 ... OK
Create profile matrix with method 'bin' and step 1 ... OK
Create profile matrix with method 'bin' and step 1 ... OK
Create profile matrix with method 'bin' and step 1 ... OK
Create profile matrix with method 'bin' and step 1 ... OK
Processing 59609 mz slices ... OK
Create profile matrix with method 'bin' and step 0.855 ... OK
Create profile matrix with method 'bin' and step 0.855 ... OK
Create profile matrix with method 'bin' and step 0.855 ... OK
Create profile matrix with method 'bin' and step 0.855 ... OK
Create profile matrix with method 'bin' and step 0.855 ... OK
Create profile matrix with method 'bin' and step 0.855 ... OK
Create profile matrix with method 'bin' and step 0.855 ... OK
Create profile matrix with method 'bin' and step 0.855 ... OK
Processing 89412 mz slices ... OK
Create profile matrix with method 'bin' and step 0.855 ... OK
Create profile matrix with method 'bin' and step 0.855 ... OK
Create profile matrix with method 'bin' and step 0.855 ... OK
Create profile matrix with method 'bin' and step 0.855 ... OK
Create profile matrix with method 'bin' and step 0.855 ... OK
Create profile matrix with method 'bin' and step 0.855 ... OK
Create profile matrix with method 'bin' and step 0.855 ... OK
Create profile matrix with method 'bin' and step 0.855 ... OK
Processing 89412 mz slices ... OK
Create profile matrix with method 'bin' and step 0.855 ... OK
Create profile matrix with method 'bin' and step 0.855 ... OK
Create profile matrix with method 'bin' and step 0.855 ... OK
Create profile matrix with method 'bin' and step 0.855 ... OK
Create profile matrix with method 'bin' and step 0.855 ... OK
Create profile matrix with method 'bin' and step 0.855 ... OK
Create profile matrix with method 'bin' and step 0.855 ... OK
Create profile matrix with method 'bin' and step 0.855 ... OK
Processing 89412 mz slices ... OK
Create profile matrix with method 'bin' and step 0.855 ... OK
Create profile matrix with method 'bin' and step 0.855 ... OK
Create profile matrix with method 'bin' and step 0.855 ... OK
Create profile matrix with method 'bin' and step 0.855 ... OK
Create profile matrix with method 'bin' and step 0.855 ... OK
Create profile matrix with method 'bin' and step 0.855 ... OK
Create profile matrix with method 'bin' and step 0.855 ... OK
Create profile matrix with method 'bin' and step 0.855 ... OK
Processing 89412 mz slices ... OK
Create profile matrix with method 'bin' and step 0.855 ... OK
Create profile matrix with method 'bin' and step 0.855 ... OK
Create profile matrix with method 'bin' and step 0.855 ... OK
Create profile matrix with method 'bin' and step 0.855 ... OK
Create profile matrix with method 'bin' and step 0.855 ... OK
Create profile matrix with method 'bin' and step 0.855 ... OK
Create profile matrix with method 'bin' and step 0.855 ... OK
Create profile matrix with method 'bin' and step 0.855 ... OK
Processing 89412 mz slices ... OK
Create profile matrix with method 'bin' and step 0.71 ... OK
Create profile matrix with method 'bin' and step 0.71 ... OK
Create profile matrix with method 'bin' and step 0.71 ... OK
Create profile matrix with method 'bin' and step 0.71 ... OK
Create profile matrix with method 'bin' and step 0.71 ... OK
Create profile matrix with method 'bin' and step 0.71 ... OK
Create profile matrix with method 'bin' and step 0.71 ... OK
Create profile matrix with method 'bin' and step 0.71 ... OK
Processing 89412 mz slices ... OK
Create profile matrix with method 'bin' and step 1 ... OK
Create profile matrix with method 'bin' and step 1 ... OK
Create profile matrix with method 'bin' and step 1 ... OK
Create profile matrix with method 'bin' and step 1 ... OK
Create profile matrix with method 'bin' and step 1 ... OK
Processing 89412 mz slices ... OK
Create profile matrix with method 'bin' and step 0.855 ... OK
Create profile matrix with method 'bin' and step 0.855 ... OK
Create profile matrix with method 'bin' and step 0.855 ... OK
Create profile matrix with method 'bin' and step 0.855 ... OK
Create profile matrix with method 'bin' and step 0.855 ... OK
Create profile matrix with method 'bin' and step 0.855 ... OK
Create profile matrix with method 'bin' and step 0.855 ... OK
Create profile matrix with method 'bin' and step 0.855 ... OK
Processing 89412 mz slices ... OK
Create profile matrix with method 'bin' and step 0.855 ... OK
Create profile matrix with method 'bin' and step 0.855 ... OK
Create profile matrix with method 'bin' and step 0.855 ... OK
Create profile matrix with method 'bin' and step 0.855 ... OK
Create profile matrix with method 'bin' and step 0.855 ... OK
Create profile matrix with method 'bin' and step 0.855 ... OK
Create profile matrix with method 'bin' and step 0.855 ... OK
Create profile matrix with method 'bin' and step 0.855 ... OK
Processing 89412 mz slices ... OK
Create profile matrix with method 'bin' and step 0.855 ... OK
Create profile matrix with method 'bin' and step 0.855 ... OK
Create profile matrix with method 'bin' and step 0.855 ... OK
Create profile matrix with method 'bin' and step 0.855 ... OK
Create profile matrix with method 'bin' and step 0.855 ... OK
Create profile matrix with method 'bin' and step 0.855 ... OK
Create profile matrix with method 'bin' and step 0.855 ... OK
Create profile matrix with method 'bin' and step 0.855 ... OK
Processing 178823 mz slices ... OK
Create profile matrix with method 'bin' and step 0.855 ... OK
Create profile matrix with method 'bin' and step 0.855 ... OK
Create profile matrix with method 'bin' and step 0.855 ... OK
Create profile matrix with method 'bin' and step 0.855 ... OK
Create profile matrix with method 'bin' and step 0.855 ... OK
Create profile matrix with method 'bin' and step 0.855 ... OK
Create profile matrix with method 'bin' and step 0.855 ... OK
Create profile matrix with method 'bin' and step 0.855 ... OK
Processing 59609 mz slices ... OK
Create profile matrix with method 'bin' and step 0.855 ... OK
Create profile matrix with method 'bin' and step 0.855 ... OK
Create profile matrix with method 'bin' and step 0.855 ... OK
Create profile matrix with method 'bin' and step 0.855 ... OK
Create profile matrix with method 'bin' and step 0.855 ... OK
Create profile matrix with method 'bin' and step 0.855 ... OK
Create profile matrix with method 'bin' and step 0.855 ... OK
Create profile matrix with method 'bin' and step 0.855 ... OK
Processing 89412 mz slices ... OK
Create profile matrix with method 'bin' and step 1 ... OK
Create profile matrix with method 'bin' and step 1 ... OK
Create profile matrix with method 'bin' and step 1 ... OK
Create profile matrix with method 'bin' and step 1 ... OK
Create profile matrix with method 'bin' and step 1 ... OK
Processing 94118 mz slices ... OK
no increase stopping
library(xcms)
library(Rmpi)

xset <- xcmsSet( 
  method = "centWave",
  peakwidth       = c(32.8, 80),
  ppm             = 27.5,
  noise           = 425.75,
  snthresh        = 10,
  mzdiff          = -0.0032,
  prefilter       = c(3, 277.25),
  mzCenterFun     = "wMean",
  integrate       = 2,
  fitgauss        = FALSE,
  verbose.columns = TRUE)
xset <- retcor( 
  xset,
  method         = "obiwarp",
  plottype       = "none",
  distFunc       = "cor_opt",
  profStep       = 0.844,
  center         = 3,
  response       = 1,
  gapInit        = 0.64,
  gapExtend      = 2.76,
  factorDiag     = 2,
  factorGap      = 1,
  localAlignment = 0)
xset <- group( 
  xset,
  method  = "density",
  bw      = 12.4,
  mzwid   = 0.02,
  minfrac = 0.05,
  minsamp = 1,
  max     = 50)

xset <- fillPeaks(xset)
Warning message:
In sink() : no sink to remove
