center sample:  Volunteer4_RBC_24h_POS 
Processing: Volunteer3_RBC_1h_POS  Volunteer4_RBC_4h_POS  Volunteer3_RBC_4h_POS  Volunteer1_RBC_4h_POS  
center sample:  Volunteer4_RBC_24h_POS 
Processing: Volunteer3_RBC_1h_POS  Volunteer4_RBC_4h_POS  Volunteer3_RBC_4h_POS  Volunteer1_RBC_4h_POS  
center sample:  Volunteer4_RBC_24h_POS 
Processing: Volunteer3_RBC_1h_POS  Volunteer4_RBC_4h_POS  Volunteer3_RBC_4h_POS  Volunteer1_RBC_4h_POS  
center sample:  Volunteer4_RBC_24h_POS 
Processing: Volunteer3_RBC_1h_POS  Volunteer4_RBC_4h_POS  Volunteer3_RBC_4h_POS  Volunteer1_RBC_4h_POS  
center sample:  Volunteer4_RBC_24h_POS 
Processing: Volunteer3_RBC_1h_POS  Volunteer4_RBC_4h_POS  Volunteer3_RBC_4h_POS  Volunteer1_RBC_4h_POS  
center sample:  Volunteer4_RBC_24h_POS 
Processing: Volunteer3_RBC_1h_POS  Volunteer4_RBC_4h_POS  Volunteer3_RBC_4h_POS  Volunteer1_RBC_4h_POS  
center sample:  Volunteer4_RBC_24h_POS 
Processing: Volunteer3_RBC_1h_POS  Volunteer4_RBC_4h_POS  Volunteer3_RBC_4h_POS  Volunteer1_RBC_4h_POS  
center sample:  Volunteer4_RBC_24h_POS 
Processing: Volunteer3_RBC_1h_POS  Volunteer4_RBC_4h_POS  Volunteer3_RBC_4h_POS  Volunteer1_RBC_4h_POS  
center sample:  Volunteer4_RBC_24h_POS 
Processing: Volunteer3_RBC_1h_POS  Volunteer4_RBC_4h_POS  Volunteer3_RBC_4h_POS  Volunteer1_RBC_4h_POS  
center sample:  Volunteer4_RBC_24h_POS 
Processing: Volunteer3_RBC_1h_POS  Volunteer4_RBC_4h_POS  Volunteer3_RBC_4h_POS  Volunteer1_RBC_4h_POS  
center sample:  Volunteer4_RBC_24h_POS 
Processing: Volunteer3_RBC_1h_POS  Volunteer4_RBC_4h_POS  Volunteer3_RBC_4h_POS  Volunteer1_RBC_4h_POS  
center sample:  Volunteer4_RBC_24h_POS 
Processing: Volunteer3_RBC_1h_POS  Volunteer4_RBC_4h_POS  Volunteer3_RBC_4h_POS  Volunteer1_RBC_4h_POS  
center sample:  Volunteer4_RBC_24h_POS 
Processing: Volunteer3_RBC_1h_POS  Volunteer4_RBC_4h_POS  Volunteer3_RBC_4h_POS  Volunteer1_RBC_4h_POS  
center sample:  Volunteer4_RBC_24h_POS 
Processing: Volunteer3_RBC_1h_POS  Volunteer4_RBC_4h_POS  Volunteer3_RBC_4h_POS  Volunteer1_RBC_4h_POS  
center sample:  Volunteer4_RBC_24h_POS 
Processing: Volunteer3_RBC_1h_POS  Volunteer4_RBC_4h_POS  Volunteer3_RBC_4h_POS  Volunteer1_RBC_4h_POS  
center sample:  Volunteer4_RBC_24h_POS 
Processing: Volunteer3_RBC_1h_POS  Volunteer4_RBC_4h_POS  Volunteer3_RBC_4h_POS  Volunteer1_RBC_4h_POS  
center sample:  Volunteer4_RBC_24h_POS 
Processing: Volunteer3_RBC_1h_POS  Volunteer4_RBC_4h_POS  Volunteer3_RBC_4h_POS  Volunteer1_RBC_4h_POS  
center sample:  Volunteer4_RBC_24h_POS 
Processing: Volunteer3_RBC_1h_POS  Volunteer4_RBC_4h_POS  Volunteer3_RBC_4h_POS  Volunteer1_RBC_4h_POS  
center sample:  Volunteer4_RBC_24h_POS 
Processing: Volunteer3_RBC_1h_POS  Volunteer4_RBC_4h_POS  Volunteer3_RBC_4h_POS  Volunteer1_RBC_4h_POS  
center sample:  Volunteer4_RBC_24h_POS 
Processing: Volunteer3_RBC_1h_POS  Volunteer4_RBC_4h_POS  Volunteer3_RBC_4h_POS  Volunteer1_RBC_4h_POS  
center sample:  Volunteer4_RBC_24h_POS 
Processing: Volunteer3_RBC_1h_POS  Volunteer4_RBC_4h_POS  Volunteer3_RBC_4h_POS  Volunteer1_RBC_4h_POS  
center sample:  Volunteer4_RBC_24h_POS 
Processing: Volunteer3_RBC_1h_POS  Volunteer4_RBC_4h_POS  Volunteer3_RBC_4h_POS  Volunteer1_RBC_4h_POS  
center sample:  Volunteer4_RBC_24h_POS 
Processing: Volunteer3_RBC_1h_POS  Volunteer4_RBC_4h_POS  Volunteer3_RBC_4h_POS  Volunteer1_RBC_4h_POS  
center sample:  Volunteer4_RBC_24h_POS 
Processing: Volunteer3_RBC_1h_POS  Volunteer4_RBC_4h_POS  Volunteer3_RBC_4h_POS  Volunteer1_RBC_4h_POS  
center sample:  Volunteer4_RBC_24h_POS 
Processing: Volunteer3_RBC_1h_POS  Volunteer4_RBC_4h_POS  Volunteer3_RBC_4h_POS  Volunteer1_RBC_4h_POS  
center sample:  Volunteer4_RBC_24h_POS 
Processing: Volunteer3_RBC_1h_POS  Volunteer4_RBC_4h_POS  Volunteer3_RBC_4h_POS  Volunteer1_RBC_4h_POS  
center sample:  Volunteer4_RBC_24h_POS 
Processing: Volunteer3_RBC_1h_POS  Volunteer4_RBC_4h_POS  Volunteer3_RBC_4h_POS  Volunteer1_RBC_4h_POS  
center sample:  Volunteer4_RBC_24h_POS 
Processing: Volunteer3_RBC_1h_POS  Volunteer4_RBC_4h_POS  Volunteer3_RBC_4h_POS  Volunteer1_RBC_4h_POS  
center sample:  Volunteer4_RBC_24h_POS 
Processing: Volunteer3_RBC_1h_POS  Volunteer4_RBC_4h_POS  Volunteer3_RBC_4h_POS  Volunteer1_RBC_4h_POS  
center sample:  Volunteer4_RBC_24h_POS 
Processing: Volunteer3_RBC_1h_POS  Volunteer4_RBC_4h_POS  Volunteer3_RBC_4h_POS  Volunteer1_RBC_4h_POS  
center sample:  Volunteer4_RBC_24h_POS 
Processing: Volunteer3_RBC_1h_POS  Volunteer4_RBC_4h_POS  Volunteer3_RBC_4h_POS  Volunteer1_RBC_4h_POS  
center sample:  Volunteer4_RBC_24h_POS 
Processing: Volunteer3_RBC_1h_POS  Volunteer4_RBC_4h_POS  Volunteer3_RBC_4h_POS  Volunteer1_RBC_4h_POS  
center sample:  Volunteer4_RBC_24h_POS 
Processing: Volunteer3_RBC_1h_POS  Volunteer4_RBC_4h_POS  Volunteer3_RBC_4h_POS  Volunteer1_RBC_4h_POS  
center sample:  Volunteer4_RBC_24h_POS 
Processing: Volunteer3_RBC_1h_POS  Volunteer4_RBC_4h_POS  Volunteer3_RBC_4h_POS  Volunteer1_RBC_4h_POS  
center sample:  Volunteer4_RBC_24h_POS 
Processing: Volunteer3_RBC_1h_POS  Volunteer4_RBC_4h_POS  Volunteer3_RBC_4h_POS  Volunteer1_RBC_4h_POS  
center sample:  Volunteer4_RBC_24h_POS 
Processing: Volunteer3_RBC_1h_POS  Volunteer4_RBC_4h_POS  Volunteer3_RBC_4h_POS  Volunteer1_RBC_4h_POS  
center sample:  Volunteer4_RBC_24h_POS 
Processing: Volunteer3_RBC_1h_POS  Volunteer4_RBC_4h_POS  Volunteer3_RBC_4h_POS  Volunteer1_RBC_4h_POS  
center sample:  Volunteer4_RBC_24h_POS 
Processing: Volunteer3_RBC_1h_POS  Volunteer4_RBC_4h_POS  Volunteer3_RBC_4h_POS  Volunteer1_RBC_4h_POS  
center sample:  Volunteer4_RBC_24h_POS 
Processing: Volunteer3_RBC_1h_POS  Volunteer4_RBC_4h_POS  Volunteer3_RBC_4h_POS  Volunteer1_RBC_4h_POS  
center sample:  Volunteer4_RBC_24h_POS 
Processing: Volunteer3_RBC_1h_POS  Volunteer4_RBC_4h_POS  Volunteer3_RBC_4h_POS  Volunteer1_RBC_4h_POS  
center sample:  Volunteer4_RBC_24h_POS 
Processing: Volunteer3_RBC_1h_POS  Volunteer4_RBC_4h_POS  Volunteer3_RBC_4h_POS  Volunteer1_RBC_4h_POS  
center sample:  Volunteer4_RBC_24h_POS 
Processing: Volunteer3_RBC_1h_POS  Volunteer4_RBC_4h_POS  Volunteer3_RBC_4h_POS  Volunteer1_RBC_4h_POS  
center sample:  Volunteer4_RBC_24h_POS 
Processing: Volunteer3_RBC_1h_POS  Volunteer4_RBC_4h_POS  Volunteer3_RBC_4h_POS  Volunteer1_RBC_4h_POS  
center sample:  Volunteer4_RBC_24h_POS 
Processing: Volunteer3_RBC_1h_POS  Volunteer4_RBC_4h_POS  Volunteer3_RBC_4h_POS  Volunteer1_RBC_4h_POS  
center sample:  Volunteer4_RBC_24h_POS 
Processing: Volunteer3_RBC_1h_POS  Volunteer4_RBC_4h_POS  Volunteer3_RBC_4h_POS  Volunteer1_RBC_4h_POS  
center sample:  Volunteer4_RBC_24h_POS 
Processing: Volunteer3_RBC_1h_POS  Volunteer4_RBC_4h_POS  Volunteer3_RBC_4h_POS  Volunteer1_RBC_4h_POS  
center sample:  Volunteer4_RBC_24h_POS 
Processing: Volunteer3_RBC_1h_POS  Volunteer4_RBC_4h_POS  Volunteer3_RBC_4h_POS  Volunteer1_RBC_4h_POS  
center sample:  Volunteer4_RBC_24h_POS 
Processing: Volunteer3_RBC_1h_POS  Volunteer4_RBC_4h_POS  Volunteer3_RBC_4h_POS  Volunteer1_RBC_4h_POS  
center sample:  Volunteer4_RBC_24h_POS 
Processing: Volunteer3_RBC_1h_POS  Volunteer4_RBC_4h_POS  Volunteer3_RBC_4h_POS  Volunteer1_RBC_4h_POS  
center sample:  Volunteer4_RBC_24h_POS 
Processing: Volunteer3_RBC_1h_POS  Volunteer4_RBC_4h_POS  Volunteer3_RBC_4h_POS  Volunteer1_RBC_4h_POS  
center sample:  Volunteer4_RBC_24h_POS 
Processing: Volunteer3_RBC_1h_POS  Volunteer4_RBC_4h_POS  Volunteer3_RBC_4h_POS  Volunteer1_RBC_4h_POS  
center sample:  Volunteer4_RBC_24h_POS 
Processing: Volunteer3_RBC_1h_POS  Volunteer4_RBC_4h_POS  Volunteer3_RBC_4h_POS  Volunteer1_RBC_4h_POS  
center sample:  Volunteer4_RBC_24h_POS 
Processing: Volunteer3_RBC_1h_POS  Volunteer4_RBC_4h_POS  Volunteer3_RBC_4h_POS  Volunteer1_RBC_4h_POS  
center sample:  Volunteer4_RBC_24h_POS 
Processing: Volunteer3_RBC_1h_POS  Volunteer4_RBC_4h_POS  Volunteer3_RBC_4h_POS  Volunteer1_RBC_4h_POS  
center sample:  Volunteer4_RBC_24h_POS 
Processing: Volunteer3_RBC_1h_POS  Volunteer4_RBC_4h_POS  Volunteer3_RBC_4h_POS  Volunteer1_RBC_4h_POS  
center sample:  Volunteer4_RBC_24h_POS 
Processing: Volunteer3_RBC_1h_POS  Volunteer4_RBC_4h_POS  Volunteer3_RBC_4h_POS  Volunteer1_RBC_4h_POS  
center sample:  Volunteer4_RBC_24h_POS 
Processing: Volunteer3_RBC_1h_POS  Volunteer4_RBC_4h_POS  Volunteer3_RBC_4h_POS  Volunteer1_RBC_4h_POS  
center sample:  Volunteer4_RBC_24h_POS 
Processing: Volunteer3_RBC_1h_POS  Volunteer4_RBC_4h_POS  Volunteer3_RBC_4h_POS  Volunteer1_RBC_4h_POS  
center sample:  Volunteer4_RBC_24h_POS 
Processing: Volunteer3_RBC_1h_POS  Volunteer4_RBC_4h_POS  Volunteer3_RBC_4h_POS  Volunteer1_RBC_4h_POS  
center sample:  Volunteer4_RBC_24h_POS 
Processing: Volunteer3_RBC_1h_POS  Volunteer4_RBC_4h_POS  Volunteer3_RBC_4h_POS  Volunteer1_RBC_4h_POS  
center sample:  Volunteer4_RBC_24h_POS 
Processing: Volunteer3_RBC_1h_POS  Volunteer4_RBC_4h_POS  Volunteer3_RBC_4h_POS  Volunteer1_RBC_4h_POS  
center sample:  Volunteer4_RBC_24h_POS 
Processing: Volunteer3_RBC_1h_POS  Volunteer4_RBC_4h_POS  Volunteer3_RBC_4h_POS  Volunteer1_RBC_4h_POS  
center sample:  Volunteer4_RBC_24h_POS 
Processing: Volunteer3_RBC_1h_POS  Volunteer4_RBC_4h_POS  Volunteer3_RBC_4h_POS  Volunteer1_RBC_4h_POS  
center sample:  Volunteer4_RBC_24h_POS 
Processing: Volunteer3_RBC_1h_POS  Volunteer4_RBC_4h_POS  Volunteer3_RBC_4h_POS  Volunteer1_RBC_4h_POS  
center sample:  Volunteer4_RBC_24h_POS 
Processing: Volunteer3_RBC_1h_POS  Volunteer4_RBC_4h_POS  Volunteer3_RBC_4h_POS  Volunteer1_RBC_4h_POS  
center sample:  Volunteer4_RBC_24h_POS 
Processing: Volunteer3_RBC_1h_POS  Volunteer4_RBC_4h_POS  Volunteer3_RBC_4h_POS  Volunteer1_RBC_4h_POS  
center sample:  Volunteer4_RBC_24h_POS 
Processing: Volunteer3_RBC_1h_POS  Volunteer4_RBC_4h_POS  Volunteer3_RBC_4h_POS  Volunteer1_RBC_4h_POS  
center sample:  Volunteer4_RBC_24h_POS 
Processing: Volunteer3_RBC_1h_POS  Volunteer4_RBC_4h_POS  Volunteer3_RBC_4h_POS  Volunteer1_RBC_4h_POS  
center sample:  Volunteer4_RBC_24h_POS 
Processing: Volunteer3_RBC_1h_POS  Volunteer4_RBC_4h_POS  Volunteer3_RBC_4h_POS  Volunteer1_RBC_4h_POS  
center sample:  Volunteer4_RBC_24h_POS 
Processing: Volunteer3_RBC_1h_POS  Volunteer4_RBC_4h_POS  Volunteer3_RBC_4h_POS  Volunteer1_RBC_4h_POS  
center sample:  Volunteer4_RBC_24h_POS 
Processing: Volunteer3_RBC_1h_POS  Volunteer4_RBC_4h_POS  Volunteer3_RBC_4h_POS  Volunteer1_RBC_4h_POS  
center sample:  Volunteer4_RBC_24h_POS 
Processing: Volunteer3_RBC_1h_POS  Volunteer4_RBC_4h_POS  Volunteer3_RBC_4h_POS  Volunteer1_RBC_4h_POS  
center sample:  Volunteer4_RBC_24h_POS 
Processing: Volunteer3_RBC_1h_POS  Volunteer4_RBC_4h_POS  Volunteer3_RBC_4h_POS  Volunteer1_RBC_4h_POS  
center sample:  Volunteer4_RBC_24h_POS 
Processing: Volunteer3_RBC_1h_POS  Volunteer4_RBC_4h_POS  Volunteer3_RBC_4h_POS  Volunteer1_RBC_4h_POS  
center sample:  Volunteer4_RBC_24h_POS 
Processing: Volunteer3_RBC_1h_POS  Volunteer4_RBC_4h_POS  Volunteer3_RBC_4h_POS  Volunteer1_RBC_4h_POS  
center sample:  Volunteer4_RBC_24h_POS 
Processing: Volunteer3_RBC_1h_POS  Volunteer4_RBC_4h_POS  Volunteer3_RBC_4h_POS  Volunteer1_RBC_4h_POS  
center sample:  Volunteer4_RBC_24h_POS 
Processing: Volunteer3_RBC_1h_POS  Volunteer4_RBC_4h_POS  Volunteer3_RBC_4h_POS  Volunteer1_RBC_4h_POS  
center sample:  Volunteer4_RBC_24h_POS 
Processing: Volunteer3_RBC_1h_POS  Volunteer4_RBC_4h_POS  Volunteer3_RBC_4h_POS  Volunteer1_RBC_4h_POS  
center sample:  Volunteer4_RBC_24h_POS 
Processing: Volunteer3_RBC_1h_POS  Volunteer4_RBC_4h_POS  Volunteer3_RBC_4h_POS  Volunteer1_RBC_4h_POS  
center sample:  Volunteer4_RBC_24h_POS 
Processing: Volunteer3_RBC_1h_POS  Volunteer4_RBC_4h_POS  Volunteer3_RBC_4h_POS  Volunteer1_RBC_4h_POS  
center sample:  Volunteer4_RBC_24h_POS 
Processing: Volunteer3_RBC_1h_POS  Volunteer4_RBC_4h_POS  Volunteer3_RBC_4h_POS  Volunteer1_RBC_4h_POS  
center sample:  Volunteer4_RBC_24h_POS 
Processing: Volunteer3_RBC_1h_POS  Volunteer4_RBC_4h_POS  Volunteer3_RBC_4h_POS  Volunteer1_RBC_4h_POS  
center sample:  Volunteer4_RBC_24h_POS 
Processing: Volunteer3_RBC_1h_POS  Volunteer4_RBC_4h_POS  Volunteer3_RBC_4h_POS  Volunteer1_RBC_4h_POS  
center sample:  Volunteer4_RBC_24h_POS 
Processing: Volunteer3_RBC_1h_POS  Volunteer4_RBC_4h_POS  Volunteer3_RBC_4h_POS  Volunteer1_RBC_4h_POS  
center sample:  Volunteer4_RBC_24h_POS 
Processing: Volunteer3_RBC_1h_POS  Volunteer4_RBC_4h_POS  Volunteer3_RBC_4h_POS  Volunteer1_RBC_4h_POS  
center sample:  Volunteer4_RBC_24h_POS 
Processing: Volunteer3_RBC_1h_POS  Volunteer4_RBC_4h_POS  Volunteer3_RBC_4h_POS  Volunteer1_RBC_4h_POS  
center sample:  Volunteer4_RBC_24h_POS 
Processing: Volunteer3_RBC_1h_POS  Volunteer4_RBC_4h_POS  Volunteer3_RBC_4h_POS  Volunteer1_RBC_4h_POS  
center sample:  Volunteer4_RBC_24h_POS 
Processing: Volunteer3_RBC_1h_POS  Volunteer4_RBC_4h_POS  Volunteer3_RBC_4h_POS  Volunteer1_RBC_4h_POS  
center sample:  Volunteer4_RBC_24h_POS 
Processing: Volunteer3_RBC_1h_POS  Volunteer4_RBC_4h_POS  Volunteer3_RBC_4h_POS  Volunteer1_RBC_4h_POS  
center sample:  Volunteer4_RBC_24h_POS 
Processing: Volunteer3_RBC_1h_POS  Volunteer4_RBC_4h_POS  Volunteer3_RBC_4h_POS  Volunteer1_RBC_4h_POS  
center sample:  Volunteer4_RBC_24h_POS 
Processing: Volunteer3_RBC_1h_POS  Volunteer4_RBC_4h_POS  Volunteer3_RBC_4h_POS  Volunteer1_RBC_4h_POS  
center sample:  Volunteer4_RBC_24h_POS 
Processing: Volunteer3_RBC_1h_POS  Volunteer4_RBC_4h_POS  Volunteer3_RBC_4h_POS  Volunteer1_RBC_4h_POS  
center sample:  Volunteer4_RBC_24h_POS 
Processing: Volunteer3_RBC_1h_POS  Volunteer4_RBC_4h_POS  Volunteer3_RBC_4h_POS  Volunteer1_RBC_4h_POS  
center sample:  Volunteer4_RBC_24h_POS 
Processing: Volunteer3_RBC_1h_POS  Volunteer4_RBC_4h_POS  Volunteer3_RBC_4h_POS  Volunteer1_RBC_4h_POS  
center sample:  Volunteer4_RBC_24h_POS 
Processing: Volunteer3_RBC_1h_POS  Volunteer4_RBC_4h_POS  Volunteer3_RBC_4h_POS  Volunteer1_RBC_4h_POS  
center sample:  Volunteer4_RBC_24h_POS 
Processing: Volunteer3_RBC_1h_POS  Volunteer4_RBC_4h_POS  Volunteer3_RBC_4h_POS  Volunteer1_RBC_4h_POS  
center sample:  Volunteer4_RBC_24h_POS 
Processing: Volunteer3_RBC_1h_POS  Volunteer4_RBC_4h_POS  Volunteer3_RBC_4h_POS  Volunteer1_RBC_4h_POS  
center sample:  Volunteer4_RBC_24h_POS 
Processing: Volunteer3_RBC_1h_POS  Volunteer4_RBC_4h_POS  Volunteer3_RBC_4h_POS  Volunteer1_RBC_4h_POS  
center sample:  Volunteer4_RBC_24h_POS 
Processing: Volunteer3_RBC_1h_POS  Volunteer4_RBC_4h_POS  Volunteer3_RBC_4h_POS  Volunteer1_RBC_4h_POS  
center sample:  Volunteer4_RBC_24h_POS 
Processing: Volunteer3_RBC_1h_POS  Volunteer4_RBC_4h_POS  Volunteer3_RBC_4h_POS  Volunteer1_RBC_4h_POS  
center sample:  Volunteer4_RBC_24h_POS 
Processing: Volunteer3_RBC_1h_POS  Volunteer4_RBC_4h_POS  Volunteer3_RBC_4h_POS  Volunteer1_RBC_4h_POS  
center sample:  Volunteer4_RBC_24h_POS 
Processing: Volunteer3_RBC_1h_POS  Volunteer4_RBC_4h_POS  Volunteer3_RBC_4h_POS  Volunteer1_RBC_4h_POS  
center sample:  Volunteer4_RBC_24h_POS 
Processing: Volunteer3_RBC_1h_POS  Volunteer4_RBC_4h_POS  Volunteer3_RBC_4h_POS  Volunteer1_RBC_4h_POS  
center sample:  Volunteer4_RBC_24h_POS 
Processing: Volunteer3_RBC_1h_POS  Volunteer4_RBC_4h_POS  Volunteer3_RBC_4h_POS  Volunteer1_RBC_4h_POS  
center sample:  Volunteer4_RBC_24h_POS 
Processing: Volunteer3_RBC_1h_POS  Volunteer4_RBC_4h_POS  Volunteer3_RBC_4h_POS  Volunteer1_RBC_4h_POS  
center sample:  Volunteer4_RBC_24h_POS 
Processing: Volunteer3_RBC_1h_POS  Volunteer4_RBC_4h_POS  Volunteer3_RBC_4h_POS  Volunteer1_RBC_4h_POS  
center sample:  Volunteer4_RBC_24h_POS 
Processing: Volunteer3_RBC_1h_POS  Volunteer4_RBC_4h_POS  Volunteer3_RBC_4h_POS  Volunteer1_RBC_4h_POS  
center sample:  Volunteer4_RBC_24h_POS 
Processing: Volunteer3_RBC_1h_POS  Volunteer4_RBC_4h_POS  Volunteer3_RBC_4h_POS  Volunteer1_RBC_4h_POS  
center sample:  Volunteer4_RBC_24h_POS 
Processing: Volunteer3_RBC_1h_POS  Volunteer4_RBC_4h_POS  Volunteer3_RBC_4h_POS  Volunteer1_RBC_4h_POS  
center sample:  Volunteer4_RBC_24h_POS 
Processing: Volunteer3_RBC_1h_POS  Volunteer4_RBC_4h_POS  Volunteer3_RBC_4h_POS  Volunteer1_RBC_4h_POS  
h method 'bin' and step 1 ... OK
Create profile matrix with method 'bin' and step 1 ... OK
Processing 119215 mz slices ... OK
Create profile matrix with method 'bin' and step 0.7 ... OK
Create profile matrix with method 'bin' and step 0.7 ... OK
Create profile matrix with method 'bin' and step 0.7 ... OK
Create profile matrix with method 'bin' and step 0.7 ... OK
Create profile matrix with method 'bin' and step 0.7 ... OK
Processing 51093 mz slices ... OK
Create profile matrix with method 'bin' and step 0.7 ... OK
Create profile matrix with method 'bin' and step 0.7 ... OK
Create profile matrix with method 'bin' and step 0.7 ... OK
Create profile matrix with method 'bin' and step 0.7 ... OK
Create profile matrix with method 'bin' and step 0.7 ... OK
Processing 51093 mz slices ... OK
Create profile matrix with method 'bin' and step 0.7 ... OK
Create profile matrix with method 'bin' and step 0.7 ... OK
Create profile matrix with method 'bin' and step 0.7 ... OK
Create profile matrix with method 'bin' and step 0.7 ... OK
Create profile matrix with method 'bin' and step 0.7 ... OK
Processing 51093 mz slices ... OK
Create profile matrix with method 'bin' and step 0.7 ... OK
Create profile matrix with method 'bin' and step 0.7 ... OK
Create profile matrix with method 'bin' and step 0.7 ... OK
Create profile matrix with method 'bin' and step 0.7 ... OK
Create profile matrix with method 'bin' and step 0.7 ... OK
Processing 51093 mz slices ... OK
Create profile matrix with method 'bin' and step 1 ... OK
Create profile matrix with method 'bin' and step 1 ... OK
Create profile matrix with method 'bin' and step 1 ... OK
Create profile matrix with method 'bin' and step 1 ... OK
Create profile matrix with method 'bin' and step 1 ... OK
Processing 51093 mz slices ... OK
Create profile matrix with method 'bin' and step 1 ... OK
Create profile matrix with method 'bin' and step 1 ... OK
Create profile matrix with method 'bin' and step 1 ... OK
Create profile matrix with method 'bin' and step 1 ... OK
Create profile matrix with method 'bin' and step 1 ... OK
Processing 51093 mz slices ... OK
Create profile matrix with method 'bin' and step 1 ... OK
Create profile matrix with method 'bin' and step 1 ... OK
Create profile matrix with method 'bin' and step 1 ... OK
Create profile matrix with method 'bin' and step 1 ... OK
Create profile matrix with method 'bin' and step 1 ... OK
Processing 51093 mz slices ... OK
Create profile matrix with method 'bin' and step 1 ... OK
Create profile matrix with method 'bin' and step 1 ... OK
Create profile matrix with method 'bin' and step 1 ... OK
Create profile matrix with method 'bin' and step 1 ... OK
Create profile matrix with method 'bin' and step 1 ... OK
Processing 51093 mz slices ... OK
Create profile matrix with method 'bin' and step 0.7 ... OK
Create profile matrix with method 'bin' and step 0.7 ... OK
Create profile matrix with method 'bin' and step 0.7 ... OK
Create profile matrix with method 'bin' and step 0.7 ... OK
Create profile matrix with method 'bin' and step 0.7 ... OK
Processing 51093 mz slices ... OK
Create profile matrix with method 'bin' and step 0.7 ... OK
Create profile matrix with method 'bin' and step 0.7 ... OK
Create profile matrix with method 'bin' and step 0.7 ... OK
Create profile matrix with method 'bin' and step 0.7 ... OK
Create profile matrix with method 'bin' and step 0.7 ... OK
Processing 51093 mz slices ... OK
Create profile matrix with method 'bin' and step 0.7 ... OK
Create profile matrix with method 'bin' and step 0.7 ... OK
Create profile matrix with method 'bin' and step 0.7 ... OK
Create profile matrix with method 'bin' and step 0.7 ... OK
Create profile matrix with method 'bin' and step 0.7 ... OK
Processing 51093 mz slices ... OK
Create profile matrix with method 'bin' and step 0.7 ... OK
Create profile matrix with method 'bin' and step 0.7 ... OK
Create profile matrix with method 'bin' and step 0.7 ... OK
Create profile matrix with method 'bin' and step 0.7 ... OK
Create profile matrix with method 'bin' and step 0.7 ... OK
Processing 51093 mz slices ... OK
Create profile matrix with method 'bin' and step 1 ... OK
Create profile matrix with method 'bin' and step 1 ... OK
Create profile matrix with method 'bin' and step 1 ... OK
Create profile matrix with method 'bin' and step 1 ... OK
Create profile matrix with method 'bin' and step 1 ... OK
Processing 51093 mz slices ... OK
Create profile matrix with method 'bin' and step 1 ... OK
Create profile matrix with method 'bin' and step 1 ... OK
Create profile matrix with method 'bin' and step 1 ... OK
Create profile matrix with method 'bin' and step 1 ... OK
Create profile matrix with method 'bin' and step 1 ... OK
Processing 51093 mz slices ... OK
Create profile matrix with method 'bin' and step 1 ... OK
Create profile matrix with method 'bin' and step 1 ... OK
Create profile matrix with method 'bin' and step 1 ... OK
Create profile matrix with method 'bin' and step 1 ... OK
Create profile matrix with method 'bin' and step 1 ... OK
Processing 51093 mz slices ... OK
Create profile matrix with method 'bin' and step 1 ... OK
Create profile matrix with method 'bin' and step 1 ... OK
Create profile matrix with method 'bin' and step 1 ... OK
Create profile matrix with method 'bin' and step 1 ... OK
Create profile matrix with method 'bin' and step 1 ... OK
Processing 51093 mz slices ... OK
Create profile matrix with method 'bin' and step 0.85 ... OK
Create profile matrix with method 'bin' and step 0.85 ... OK
Create profile matrix with method 'bin' and step 0.85 ... OK
Create profile matrix with method 'bin' and step 0.85 ... OK
Create profile matrix with method 'bin' and step 0.85 ... OK
Create profile matrix with method 'bin' and step 0.85 ... OK
Create profile matrix with method 'bin' and step 0.85 ... OK
Create profile matrix with method 'bin' and step 0.85 ... OK
Processing 71530 mz slices ... OK
Create profile matrix with method 'bin' and step 0.85 ... OK
Create profile matrix with method 'bin' and step 0.85 ... OK
Create profile matrix with method 'bin' and step 0.85 ... OK
Create profile matrix with method 'bin' and step 0.85 ... OK
Create profile matrix with method 'bin' and step 0.85 ... OK
Create profile matrix with method 'bin' and step 0.85 ... OK
Create profile matrix with method 'bin' and step 0.85 ... OK
Create profile matrix with method 'bin' and step 0.85 ... OK
Processing 71530 mz slices ... OK
Create profile matrix with method 'bin' and step 0.85 ... OK
Create profile matrix with method 'bin' and step 0.85 ... OK
Create profile matrix with method 'bin' and step 0.85 ... OK
Create profile matrix with method 'bin' and step 0.85 ... OK
Create profile matrix with method 'bin' and step 0.85 ... OK
Create profile matrix with method 'bin' and step 0.85 ... OK
Create profile matrix with method 'bin' and step 0.85 ... OK
Create profile matrix with method 'bin' and step 0.85 ... OK
Processing 71530 mz slices ... OK
Create profile matrix with method 'bin' and step 0.85 ... OK
Create profile matrix with method 'bin' and step 0.85 ... OK
Create profile matrix with method 'bin' and step 0.85 ... OK
Create profile matrix with method 'bin' and step 0.85 ... OK
Create profile matrix with method 'bin' and step 0.85 ... OK
Create profile matrix with method 'bin' and step 0.85 ... OK
Create profile matrix with method 'bin' and step 0.85 ... OK
Create profile matrix with method 'bin' and step 0.85 ... OK
Processing 71530 mz slices ... OK
Create profile matrix with method 'bin' and step 0.85 ... OK
Create profile matrix with method 'bin' and step 0.85 ... OK
Create profile matrix with method 'bin' and step 0.85 ... OK
Create profile matrix with method 'bin' and step 0.85 ... OK
Create profile matrix with method 'bin' and step 0.85 ... OK
Create profile matrix with method 'bin' and step 0.85 ... OK
Create profile matrix with method 'bin' and step 0.85 ... OK
Create profile matrix with method 'bin' and step 0.85 ... OK
Processing 71530 mz slices ... OK
Create profile matrix with method 'bin' and step 0.7 ... OK
Create profile matrix with method 'bin' and step 0.7 ... OK
Create profile matrix with method 'bin' and step 0.7 ... OK
Create profile matrix with method 'bin' and step 0.7 ... OK
Create profile matrix with method 'bin' and step 0.7 ... OK
Processing 71530 mz slices ... OK
Create profile matrix with method 'bin' and step 1 ... OK
Create profile matrix with method 'bin' and step 1 ... OK
Create profile matrix with method 'bin' and step 1 ... OK
Create profile matrix with method 'bin' and step 1 ... OK
Create profile matrix with method 'bin' and step 1 ... OK
Processing 71530 mz slices ... OK
Create profile matrix with method 'bin' and step 0.85 ... OK
Create profile matrix with method 'bin' and step 0.85 ... OK
Create profile matrix with method 'bin' and step 0.85 ... OK
Create profile matrix with method 'bin' and step 0.85 ... OK
Create profile matrix with method 'bin' and step 0.85 ... OK
Create profile matrix with method 'bin' and step 0.85 ... OK
Create profile matrix with method 'bin' and step 0.85 ... OK
Create profile matrix with method 'bin' and step 0.85 ... OK
Processing 71530 mz slices ... OK
Create profile matrix with method 'bin' and step 0.85 ... OK
Create profile matrix with method 'bin' and step 0.85 ... OK
Create profile matrix with method 'bin' and step 0.85 ... OK
Create profile matrix with method 'bin' and step 0.85 ... OK
Create profile matrix with method 'bin' and step 0.85 ... OK
Create profile matrix with method 'bin' and step 0.85 ... OK
Create profile matrix with method 'bin' and step 0.85 ... OK
Create profile matrix with method 'bin' and step 0.85 ... OK
Processing 71530 mz slices ... OK
Create profile matrix with method 'bin' and step 0.85 ... OK
Create profile matrix with method 'bin' and step 0.85 ... OK
Create profile matrix with method 'bin' and step 0.85 ... OK
Create profile matrix with method 'bin' and step 0.85 ... OK
Create profile matrix with method 'bin' and step 0.85 ... OK
Create profile matrix with method 'bin' and step 0.85 ... OK
Create profile matrix with method 'bin' and step 0.85 ... OK
Create profile matrix with method 'bin' and step 0.85 ... OK
Processing 119215 mz slices ... OK
Create profile matrix with method 'bin' and step 0.85 ... OK
Create profile matrix with method 'bin' and step 0.85 ... OK
Create profile matrix with method 'bin' and step 0.85 ... OK
Create profile matrix with method 'bin' and step 0.85 ... OK
Create profile matrix with method 'bin' and step 0.85 ... OK
Create profile matrix with method 'bin' and step 0.85 ... OK
Create profile matrix with method 'bin' and step 0.85 ... OK
Create profile matrix with method 'bin' and step 0.85 ... OK
Processing 51093 mz slices ... OK
Create profile matrix with method 'bin' and step 0.85 ... OK
Create profile matrix with method 'bin' and step 0.85 ... OK
Create profile matrix with method 'bin' and step 0.85 ... OK
Create profile matrix with method 'bin' and step 0.85 ... OK
Create profile matrix with method 'bin' and step 0.85 ... OK
Create profile matrix with method 'bin' and step 0.85 ... OK
Create profile matrix with method 'bin' and step 0.85 ... OK
Create profile matrix with method 'bin' and step 0.85 ... OK
Processing 71530 mz slices ... OK
Create profile matrix with method 'bin' and step 0.835 ... OK
Create profile matrix with method 'bin' and step 0.835 ... OK
Create profile matrix with method 'bin' and step 0.835 ... OK
Create profile matrix with method 'bin' and step 0.835 ... OK
Create profile matrix with method 'bin' and step 0.835 ... OK
Create profile matrix with method 'bin' and step 0.835 ... OK
Create profile matrix with method 'bin' and step 0.835 ... OK
Create profile matrix with method 'bin' and step 0.835 ... OK
Processing 85154 mz slices ... OK



starting new DoE with:

gapInit: c(0.16, 0.56)
gapExtend: c(2.16, 2.64)
profStep: c(0.715, 0.955)
bw: c(12.4, 31.6)
mzwid: c(0.011, 0.031)
distFunc: cor_opt
plottype: none
response: 1
factorDiag: 2
factorGap: 1
localAlignment: 0
retcorMethod: obiwarp
minfrac: 0.05
minsamp: 1
max: 50
center: 5

Create profile matrix with method 'bin' and step 0.715 ... OK
Create profile matrix with method 'bin' and step 0.715 ... OK
Create profile matrix with method 'bin' and step 0.715 ... OK
Create profile matrix with method 'bin' and step 0.715 ... OK
Create profile matrix with method 'bin' and step 0.715 ... OK
Create profile matrix with method 'bin' and step 0.715 ... OK
Create profile matrix with method 'bin' and step 0.715 ... OK
Create profile matrix with method 'bin' and step 0.715 ... OK
Processing 162566 mz slices ... OK
Create profile matrix with method 'bin' and step 0.715 ... OK
Create profile matrix with method 'bin' and step 0.715 ... OK
Create profile matrix with method 'bin' and step 0.715 ... OK
Create profile matrix with method 'bin' and step 0.715 ... OK
Create profile matrix with method 'bin' and step 0.715 ... OK
Create profile matrix with method 'bin' and step 0.715 ... OK
Create profile matrix with method 'bin' and step 0.715 ... OK
Create profile matrix with method 'bin' and step 0.715 ... OK
Processing 162566 mz slices ... OK
Create profile matrix with method 'bin' and step 0.715 ... OK
Create profile matrix with method 'bin' and step 0.715 ... OK
Create profile matrix with method 'bin' and step 0.715 ... OK
Create profile matrix with method 'bin' and step 0.715 ... OK
Create profile matrix with method 'bin' and step 0.715 ... OK
Create profile matrix with method 'bin' and step 0.715 ... OK
Create profile matrix with method 'bin' and step 0.715 ... OK
Create profile matrix with method 'bin' and step 0.715 ... OK
Processing 162566 mz slices ... OK
Create profile matrix with method 'bin' and step 0.715 ... OK
Create profile matrix with method 'bin' and step 0.715 ... OK
Create profile matrix with method 'bin' and step 0.715 ... OK
Create profile matrix with method 'bin' and step 0.715 ... OK
Create profile matrix with method 'bin' and step 0.715 ... OK
Create profile matrix with method 'bin' and step 0.715 ... OK
Create profile matrix with method 'bin' and step 0.715 ... OK
Create profile matrix with method 'bin' and step 0.715 ... OK
Processing 162566 mz slices ... OK
Create profile matrix with method 'bin' and step 0.955 ... OK
Create profile matrix with method 'bin' and step 0.955 ... OK
Create profile matrix with method 'bin' and step 0.955 ... OK
Create profile matrix with method 'bin' and step 0.955 ... OK
Create profile matrix with method 'bin' and step 0.955 ... OK
Create profile matrix with method 'bin' and step 0.955 ... OK
Create profile matrix with method 'bin' and step 0.955 ... OK
Create profile matrix with method 'bin' and step 0.955 ... OK
Processing 162566 mz slices ... OK
Create profile matrix with method 'bin' and step 0.955 ... OK
Create profile matrix with method 'bin' and step 0.955 ... OK
Create profile matrix with method 'bin' and step 0.955 ... OK
Create profile matrix with method 'bin' and step 0.955 ... OK
Create profile matrix with method 'bin' and step 0.955 ... OK
Create profile matrix with method 'bin' and step 0.955 ... OK
Create profile matrix with method 'bin' and step 0.955 ... OK
Create profile matrix with method 'bin' and step 0.955 ... OK
Processing 162566 mz slices ... OK
Create profile matrix with method 'bin' and step 0.955 ... OK
Create profile matrix with method 'bin' and step 0.955 ... OK
Create profile matrix with method 'bin' and step 0.955 ... OK
Create profile matrix with method 'bin' and step 0.955 ... OK
Create profile matrix with method 'bin' and step 0.955 ... OK
Create profile matrix with method 'bin' and step 0.955 ... OK
Create profile matrix with method 'bin' and step 0.955 ... OK
Create profile matrix with method 'bin' and step 0.955 ... OK
Processing 162566 mz slices ... OK
Create profile matrix with method 'bin' and step 0.955 ... OK
Create profile matrix with method 'bin' and step 0.955 ... OK
Create profile matrix with method 'bin' and step 0.955 ... OK
Create profile matrix with method 'bin' and step 0.955 ... OK
Create profile matrix with method 'bin' and step 0.955 ... OK
Create profile matrix with method 'bin' and step 0.955 ... OK
Create profile matrix with method 'bin' and step 0.955 ... OK
Create profile matrix with method 'bin' and step 0.955 ... OK
Processing 162566 mz slices ... OK
Create profile matrix with method 'bin' and step 0.715 ... OK
Create profile matrix with method 'bin' and step 0.715 ... OK
Create profile matrix with method 'bin' and step 0.715 ... OK
Create profile matrix with method 'bin' and step 0.715 ... OK
Create profile matrix with method 'bin' and step 0.715 ... OK
Create profile matrix with method 'bin' and step 0.715 ... OK
Create profile matrix with method 'bin' and step 0.715 ... OK
Create profile matrix with method 'bin' and step 0.715 ... OK
Processing 162566 mz slices ... OK
Create profile matrix with method 'bin' and step 0.715 ... OK
Create profile matrix with method 'bin' and step 0.715 ... OK
Create profile matrix with method 'bin' and step 0.715 ... OK
Create profile matrix with method 'bin' and step 0.715 ... OK
Create profile matrix with method 'bin' and step 0.715 ... OK
Create profile matrix with method 'bin' and step 0.715 ... OK
Create profile matrix with method 'bin' and step 0.715 ... OK
Create profile matrix with method 'bin' and step 0.715 ... OK
Processing 162566 mz slices ... OK
Create profile matrix with method 'bin' and step 0.715 ... OK
Create profile matrix with method 'bin' and step 0.715 ... OK
Create profile matrix with method 'bin' and step 0.715 ... OK
Create profile matrix with method 'bin' and step 0.715 ... OK
Create profile matrix with method 'bin' and step 0.715 ... OK
Create profile matrix with method 'bin' and step 0.715 ... OK
Create profile matrix with method 'bin' and step 0.715 ... OK
Create profile matrix with method 'bin' and step 0.715 ... OK
Processing 162566 mz slices ... OK
Create profile matrix with method 'bin' and step 0.715 ... OK
Create profile matrix with method 'bin' and step 0.715 ... OK
Create profile matrix with method 'bin' and step 0.715 ... OK
Create profile matrix with method 'bin' and step 0.715 ... OK
Create profile matrix with method 'bin' and step 0.715 ... OK
Create profile matrix with method 'bin' and step 0.715 ... OK
Create profile matrix with method 'bin' and step 0.715 ... OK
Create profile matrix with method 'bin' and step 0.715 ... OK
Processing 162566 mz slices ... OK
Create profile matrix with method 'bin' and step 0.955 ... OK
Create profile matrix with method 'bin' and step 0.955 ... OK
Create profile matrix with method 'bin' and step 0.955 ... OK
Create profile matrix with method 'bin' and step 0.955 ... OK
Create profile matrix with method 'bin' and step 0.955 ... OK
Create profile matrix with method 'bin' and step 0.955 ... OK
Create profile matrix with method 'bin' and step 0.955 ... OK
Create profile matrix with method 'bin' and step 0.955 ... OK
Processing 162566 mz slices ... OK
Create profile matrix with method 'bin' and step 0.955 ... OK
Create profile matrix with method 'bin' and step 0.955 ... OK
Create profile matrix with method 'bin' and step 0.955 ... OK
Create profile matrix with method 'bin' and step 0.955 ... OK
Create profile matrix with method 'bin' and step 0.955 ... OK
Create profile matrix with method 'bin' and step 0.955 ... OK
Create profile matrix with method 'bin' and step 0.955 ... OK
Create profile matrix with method 'bin' and step 0.955 ... OK
Processing 162566 mz slices ... OK
Create profile matrix with method 'bin' and step 0.955 ... OK
Create profile matrix with method 'bin' and step 0.955 ... OK
Create profile matrix with method 'bin' and step 0.955 ... OK
Create profile matrix with method 'bin' and step 0.955 ... OK
Create profile matrix with method 'bin' and step 0.955 ... OK
Create profile matrix with method 'bin' and step 0.955 ... OK
Create profile matrix with method 'bin' and step 0.955 ... OK
Create profile matrix with method 'bin' and step 0.955 ... OK
Processing 162566 mz slices ... OK
Create profile matrix with method 'bin' and step 0.955 ... OK
Create profile matrix with method 'bin' and step 0.955 ... OK
Create profile matrix with method 'bin' and step 0.955 ... OK
Create profile matrix with method 'bin' and step 0.955 ... OK
Create profile matrix with method 'bin' and step 0.955 ... OK
Create profile matrix with method 'bin' and step 0.955 ... OK
Create profile matrix with method 'bin' and step 0.955 ... OK
Create profile matrix with method 'bin' and step 0.955 ... OK
Processing 162566 mz slices ... OK
Create profile matrix with method 'bin' and step 0.715 ... OK
Create profile matrix with method 'bin' and step 0.715 ... OK
Create profile matrix with method 'bin' and step 0.715 ... OK
Create profile matrix with method 'bin' and step 0.715 ... OK
Create profile matrix with method 'bin' and step 0.715 ... OK
Create profile matrix with method 'bin' and step 0.715 ... OK
Create profile matrix with method 'bin' and step 0.715 ... OK
Create profile matrix with method 'bin' and step 0.715 ... OK
Processing 57686 mz slices ... OK
Create profile matrix with method 'bin' and step 0.715 ... OK
Create profile matrix with method 'bin' and step 0.715 ... OK
Create profile matrix with method 'bin' and step 0.715 ... OK
Create profile matrix with method 'bin' and step 0.715 ... OK
Create profile matrix with method 'bin' and step 0.715 ... OK
Create profile matrix with method 'bin' and step 0.715 ... OK
Create profile matrix with method 'bin' and step 0.715 ... OK
Create profile matrix with method 'bin' and step 0.715 ... OK
Processing 57686 mz slices ... OK
Create profile matrix with method 'bin' and step 0.715 ... OK
Create profile matrix with method 'bin' and step 0.715 ... OK
Create profile matrix with method 'bin' and step 0.715 ... OK
Create profile matrix with method 'bin' and step 0.715 ... OK
Create profile matrix with method 'bin' and step 0.715 ... OK
Create profile matrix with method 'bin' and step 0.715 ... OK
Create profile matrix with method 'bin' and step 0.715 ... OK
Create profile matrix with method 'bin' and step 0.715 ... OK
Processing 57686 mz slices ... OK
Create profile matrix with method 'bin' and step 0.715 ... OK
Create profile matrix with method 'bin' and step 0.715 ... OK
Create profile matrix with method 'bin' and step 0.715 ... OK
Create profile matrix with method 'bin' and step 0.715 ... OK
Create profile matrix with method 'bin' and step 0.715 ... OK
Create profile matrix with method 'bin' and step 0.715 ... OK
Create profile matrix with method 'bin' and step 0.715 ... OK
Create profile matrix with method 'bin' and step 0.715 ... OK
Processing 57686 mz slices ... OK
Create profile matrix with method 'bin' and step 0.955 ... OK
Create profile matrix with method 'bin' and step 0.955 ... OK
Create profile matrix with method 'bin' and step 0.955 ... OK
Create profile matrix with method 'bin' and step 0.955 ... OK
Create profile matrix with method 'bin' and step 0.955 ... OK
Create profile matrix with method 'bin' and step 0.955 ... OK
Create profile matrix with method 'bin' and step 0.955 ... OK
Create profile matrix with method 'bin' and step 0.955 ... OK
Processing 57686 mz slices ... OK
Create profile matrix with method 'bin' and step 0.955 ... OK
Create profile matrix with method 'bin' and step 0.955 ... OK
Create profile matrix with method 'bin' and step 0.955 ... OK
Create profile matrix with method 'bin' and step 0.955 ... OK
Create profile matrix with method 'bin' and step 0.955 ... OK
Create profile matrix with method 'bin' and step 0.955 ... OK
Create profile matrix with method 'bin' and step 0.955 ... OK
Create profile matrix with method 'bin' and step 0.955 ... OK
Processing 57686 mz slices ... OK
Create profile matrix with method 'bin' and step 0.955 ... OK
Create profile matrix with method 'bin' and step 0.955 ... OK
Create profile matrix with method 'bin' and step 0.955 ... OK
Create profile matrix with method 'bin' and step 0.955 ... OK
Create profile matrix with method 'bin' and step 0.955 ... OK
Create profile matrix with method 'bin' and step 0.955 ... OK
Create profile matrix with method 'bin' and step 0.955 ... OK
Create profile matrix with method 'bin' and step 0.955 ... OK
Processing 57686 mz slices ... OK
Create profile matrix with method 'bin' and step 0.955 ... OK
Create profile matrix with method 'bin' and step 0.955 ... OK
Create profile matrix with method 'bin' and step 0.955 ... OK
Create profile matrix with method 'bin' and step 0.955 ... OK
Create profile matrix with method 'bin' and step 0.955 ... OK
Create profile matrix with method 'bin' and step 0.955 ... OK
Create profile matrix with method 'bin' and step 0.955 ... OK
Create profile matrix with method 'bin' and step 0.955 ... OK
Processing 57686 mz slices ... OK
Create profile matrix with method 'bin' and step 0.715 ... OK
Create profile matrix with method 'bin' and step 0.715 ... OK
Create profile matrix with method 'bin' and step 0.715 ... OK
Create profile matrix with method 'bin' and step 0.715 ... OK
Create profile matrix with method 'bin' and step 0.715 ... OK
Create profile matrix with method 'bin' and step 0.715 ... OK
Create profile matrix with method 'bin' and step 0.715 ... OK
Create profile matrix with method 'bin' and step 0.715 ... OK
Processing 57686 mz slices ... OK
Create profile matrix with method 'bin' and step 0.715 ... OK
Create profile matrix with method 'bin' and step 0.715 ... OK
Create profile matrix with method 'bin' and step 0.715 ... OK
Create profile matrix with method 'bin' and step 0.715 ... OK
Create profile matrix with method 'bin' and step 0.715 ... OK
Create profile matrix with method 'bin' and step 0.715 ... OK
Create profile matrix with method 'bin' and step 0.715 ... OK
Create profile matrix with method 'bin' and step 0.715 ... OK
Processing 57686 mz slices ... OK
Create profile matrix with method 'bin' and step 0.715 ... OK
Create profile matrix with method 'bin' and step 0.715 ... OK
Create profile matrix with method 'bin' and step 0.715 ... OK
Create profile matrix with method 'bin' and step 0.715 ... OK
Create profile matrix with method 'bin' and step 0.715 ... OK
Create profile matrix with method 'bin' and step 0.715 ... OK
Create profile matrix with method 'bin' and step 0.715 ... OK
Create profile matrix with method 'bin' and step 0.715 ... OK
Processing 57686 mz slices ... OK
Create profile matrix with method 'bin' and step 0.715 ... OK
Create profile matrix with method 'bin' and step 0.715 ... OK
Create profile matrix with method 'bin' and step 0.715 ... OK
Create profile matrix with method 'bin' and step 0.715 ... OK
Create profile matrix with method 'bin' and step 0.715 ... OK
Create profile matrix with method 'bin' and step 0.715 ... OK
Create profile matrix with method 'bin' and step 0.715 ... OK
Create profile matrix with method 'bin' and step 0.715 ... OK
Processing 57686 mz slices ... OK
Create profile matrix with method 'bin' and step 0.955 ... OK
Create profile matrix with method 'bin' and step 0.955 ... OK
Create profile matrix with method 'bin' and step 0.955 ... OK
Create profile matrix with method 'bin' and step 0.955 ... OK
Create profile matrix with method 'bin' and step 0.955 ... OK
Create profile matrix with method 'bin' and step 0.955 ... OK
Create profile matrix with method 'bin' and step 0.955 ... OK
Create profile matrix with method 'bin' and step 0.955 ... OK
Processing 57686 mz slices ... OK
Create profile matrix with method 'bin' and step 0.955 ... OK
Create profile matrix with method 'bin' and step 0.955 ... OK
Create profile matrix with method 'bin' and step 0.955 ... OK
Create profile matrix with method 'bin' and step 0.955 ... OK
Create profile matrix with method 'bin' and step 0.955 ... OK
Create profile matrix with method 'bin' and step 0.955 ... OK
Create profile matrix with method 'bin' and step 0.955 ... OK
Create profile matrix with method 'bin' and step 0.955 ... OK
Processing 57686 mz slices ... OK
Create profile matrix with method 'bin' and step 0.955 ... OK
Create profile matrix with method 'bin' and step 0.955 ... OK
Create profile matrix with method 'bin' and step 0.955 ... OK
Create profile matrix with method 'bin' and step 0.955 ... OK
Create profile matrix with method 'bin' and step 0.955 ... OK
Create profile matrix with method 'bin' and step 0.955 ... OK
Create profile matrix with method 'bin' and step 0.955 ... OK
Create profile matrix with method 'bin' and step 0.955 ... OK
Processing 57686 mz slices ... OK
Create profile matrix with method 'bin' and step 0.955 ... OK
Create profile matrix with method 'bin' and step 0.955 ... OK
Create profile matrix with method 'bin' and step 0.955 ... OK
Create profile matrix with method 'bin' and step 0.955 ... OK
Create profile matrix with method 'bin' and step 0.955 ... OK
Create profile matrix with method 'bin' and step 0.955 ... OK
Create profile matrix with method 'bin' and step 0.955 ... OK
Create profile matrix with method 'bin' and step 0.955 ... OK
Processing 57686 mz slices ... OK
Create profile matrix with method 'bin' and step 0.835 ... OK
Create profile matrix with method 'bin' and step 0.835 ... OK
Create profile matrix with method 'bin' and step 0.835 ... OK
Create profile matrix with method 'bin' and step 0.835 ... OK
Create profile matrix with method 'bin' and step 0.835 ... OK
Create profile matrix with method 'bin' and step 0.835 ... OK
Create profile matrix with method 'bin' and step 0.835 ... OK
Create profile matrix with method 'bin' and step 0.835 ... OK
Processing 85154 mz slices ... OK
Create profile matrix with method 'bin' and step 0.835 ... OK
Create profile matrix with method 'bin' and step 0.835 ... OK
Create profile matrix with method 'bin' and step 0.835 ... OK
Create profile matrix with method 'bin' and step 0.835 ... OK
Create profile matrix with method 'bin' and step 0.835 ... OK
Create profile matrix with method 'bin' and step 0.835 ... OK
Create profile matrix with method 'bin' and step 0.835 ... OK
Create profile matrix with method 'bin' and step 0.835 ... OK
Processing 85154 mz slices ... OK
Create profile matrix with method 'bin' and step 0.835 ... OK
Create profile matrix with method 'bin' and step 0.835 ... OK
Create profile matrix with method 'bin' and step 0.835 ... OK
Create profile matrix with method 'bin' and step 0.835 ... OK
Create profile matrix with method 'bin' and step 0.835 ... OK
Create profile matrix with method 'bin' and step 0.835 ... OK
Create profile matrix with method 'bin' and step 0.835 ... OK
Create profile matrix with method 'bin' and step 0.835 ... OK
Processing 85154 mz slices ... OK
Create profile matrix with method 'bin' and step 0.835 ... OK
Create profile matrix with method 'bin' and step 0.835 ... OK
Create profile matrix with method 'bin' and step 0.835 ... OK
Create profile matrix with method 'bin' and step 0.835 ... OK
Create profile matrix with method 'bin' and step 0.835 ... OK
Create profile matrix with method 'bin' and step 0.835 ... OK
Create profile matrix with method 'bin' and step 0.835 ... OK
Create profile matrix with method 'bin' and step 0.835 ... OK
Processing 85154 mz slices ... OK
Create profile matrix with method 'bin' and step 0.835 ... OK
Create profile matrix with method 'bin' and step 0.835 ... OK
Create profile matrix with method 'bin' and step 0.835 ... OK
Create profile matrix with method 'bin' and step 0.835 ... OK
Create profile matrix with method 'bin' and step 0.835 ... OK
Create profile matrix with method 'bin' and step 0.835 ... OK
Create profile matrix with method 'bin' and step 0.835 ... OK
Create profile matrix with method 'bin' and step 0.835 ... OK
Processing 85154 mz slices ... OK
Create profile matrix with method 'bin' and step 0.715 ... OK
Create profile matrix with method 'bin' and step 0.715 ... OK
Create profile matrix with method 'bin' and step 0.715 ... OK
Create profile matrix with method 'bin' and step 0.715 ... OK
Create profile matrix with method 'bin' and step 0.715 ... OK
Create profile matrix with method 'bin' and step 0.715 ... OK
Create profile matrix with method 'bin' and step 0.715 ... OK
Create profile matrix with method 'bin' and step 0.715 ... OK
Processing 85154 mz slices ... OK
Create profile matrix with method 'bin' and step 0.955 ... OK
Create profile matrix with method 'bin' and step 0.955 ... OK
Create profile matrix with method 'bin' and step 0.955 ... OK
Create profile matrix with method 'bin' and step 0.955 ... OK
Create profile matrix with method 'bin' and step 0.955 ... OK
Create profile matrix with method 'bin' and step 0.955 ... OK
Create profile matrix with method 'bin' and step 0.955 ... OK
Create profile matrix with method 'bin' and step 0.955 ... OK
Processing 85154 mz slices ... OK
Create profile matrix with method 'bin' and step 0.835 ... OK
Create profile matrix with method 'bin' and step 0.835 ... OK
Create profile matrix with method 'bin' and step 0.835 ... OK
Create profile matrix with method 'bin' and step 0.835 ... OK
Create profile matrix with method 'bin' and step 0.835 ... OK
Create profile matrix with method 'bin' and step 0.835 ... OK
Create profile matrix with method 'bin' and step 0.835 ... OK
Create profile matrix with method 'bin' and step 0.835 ... OK
Processing 85154 mz slices ... OK
Create profile matrix with method 'bin' and step 0.835 ... OK
Create profile matrix with method 'bin' and step 0.835 ... OK
Create profile matrix with method 'bin' and step 0.835 ... OK
Create profile matrix with method 'bin' and step 0.835 ... OK
Create profile matrix with method 'bin' and step 0.835 ... OK
Create profile matrix with method 'bin' and step 0.835 ... OK
Create profile matrix with method 'bin' and step 0.835 ... OK
Create profile matrix with method 'bin' and step 0.835 ... OK
Processing 85154 mz slices ... OK
Create profile matrix with method 'bin' and step 0.835 ... OK
Create profile matrix with method 'bin' and step 0.835 ... OK
Create profile matrix with method 'bin' and step 0.835 ... OK
Create profile matrix with method 'bin' and step 0.835 ... OK
Create profile matrix with method 'bin' and step 0.835 ... OK
Create profile matrix with method 'bin' and step 0.835 ... OK
Create profile matrix with method 'bin' and step 0.835 ... OK
Create profile matrix with method 'bin' and step 0.835 ... OK
Processing 162566 mz slices ... OK
Create profile matrix with method 'bin' and step 0.835 ... OK
Create profile matrix with method 'bin' and step 0.835 ... OK
Create profile matrix with method 'bin' and step 0.835 ... OK
Create profile matrix with method 'bin' and step 0.835 ... OK
Create profile matrix with method 'bin' and step 0.835 ... OK
Create profile matrix with method 'bin' and step 0.835 ... OK
Create profile matrix with method 'bin' and step 0.835 ... OK
Create profile matrix with method 'bin' and step 0.835 ... OK
Processing 57686 mz slices ... OK
Create profile matrix with method 'bin' and step 0.835 ... OK
Create profile matrix with method 'bin' and step 0.835 ... OK
Create profile matrix with method 'bin' and step 0.835 ... OK
Create profile matrix with method 'bin' and step 0.835 ... OK
Create profile matrix with method 'bin' and step 0.835 ... OK
Create profile matrix with method 'bin' and step 0.835 ... OK
Create profile matrix with method 'bin' and step 0.835 ... OK
Create profile matrix with method 'bin' and step 0.835 ... OK
Processing 85154 mz slices ... OK
Create profile matrix with method 'bin' and step 0.715 ... OK
Create profile matrix with method 'bin' and step 0.715 ... OK
Create profile matrix with method 'bin' and step 0.715 ... OK
Create profile matrix with method 'bin' and step 0.715 ... OK
Create profile matrix with method 'bin' and step 0.715 ... OK
Create profile matrix with method 'bin' and step 0.715 ... OK
Create profile matrix with method 'bin' and step 0.715 ... OK
Create profile matrix with method 'bin' and step 0.715 ... OK
Processing 71530 mz slices ... OK



starting new DoE with:

gapInit: c(0.2, 0.52)
gapExtend: c(2.208, 2.592)
profStep: c(0.571, 0.859)
bw: c(0.879999999999999, 23.92)
mzwid: c(0.015, 0.035)
distFunc: cor_opt
plottype: none
response: 1
factorDiag: 2
factorGap: 1
localAlignment: 0
retcorMethod: obiwarp
minfrac: 0.05
minsamp: 1
max: 50
center: 5

Create profile matrix with method 'bin' and step 0.571 ... OK
Create profile matrix with method 'bin' and step 0.571 ... OK
Create profile matrix with method 'bin' and step 0.571 ... OK
Create profile matrix with method 'bin' and step 0.571 ... OK
Create profile matrix with method 'bin' and step 0.571 ... OK
Create profile matrix with method 'bin' and step 0.571 ... OK
Create profile matrix with method 'bin' and step 0.571 ... OK
Create profile matrix with method 'bin' and step 0.571 ... OK
Processing 119215 mz slices ... OK
Create profile matrix with method 'bin' and step 0.571 ... OK
Create profile matrix with method 'bin' and step 0.571 ... OK
Create profile matrix with method 'bin' and step 0.571 ... OK
Create profile matrix with method 'bin' and step 0.571 ... OK
Create profile matrix with method 'bin' and step 0.571 ... OK
Create profile matrix with method 'bin' and step 0.571 ... OK
Create profile matrix with method 'bin' and step 0.571 ... OK
Create profile matrix with method 'bin' and step 0.571 ... OK
Processing 119215 mz slices ... OK
Create profile matrix with method 'bin' and step 0.571 ... OK
Create profile matrix with method 'bin' and step 0.571 ... OK
Create profile matrix with method 'bin' and step 0.571 ... OK
Create profile matrix with method 'bin' and step 0.571 ... OK
Create profile matrix with method 'bin' and step 0.571 ... OK
Create profile matrix with method 'bin' and step 0.571 ... OK
Create profile matrix with method 'bin' and step 0.571 ... OK
Create profile matrix with method 'bin' and step 0.571 ... OK
Processing 119215 mz slices ... OK
Create profile matrix with method 'bin' and step 0.571 ... OK
Create profile matrix with method 'bin' and step 0.571 ... OK
Create profile matrix with method 'bin' and step 0.571 ... OK
Create profile matrix with method 'bin' and step 0.571 ... OK
Create profile matrix with method 'bin' and step 0.571 ... OK
Create profile matrix with method 'bin' and step 0.571 ... OK
Create profile matrix with method 'bin' and step 0.571 ... OK
Create profile matrix with method 'bin' and step 0.571 ... OK
Processing 119215 mz slices ... OK
Create profile matrix with method 'bin' and step 0.859 ... OK
Create profile matrix with method 'bin' and step 0.859 ... OK
Create profile matrix with method 'bin' and step 0.859 ... OK
Create profile matrix with method 'bin' and step 0.859 ... OK
Create profile matrix with method 'bin' and step 0.859 ... OK
Create profile matrix with method 'bin' and step 0.859 ... OK
Create profile matrix with method 'bin' and step 0.859 ... OK
Create profile matrix with method 'bin' and step 0.859 ... OK
Processing 119215 mz slices ... OK
Create profile matrix with method 'bin' and step 0.859 ... OK
Create profile matrix with method 'bin' and step 0.859 ... OK
Create profile matrix with method 'bin' and step 0.859 ... OK
Create profile matrix with method 'bin' and step 0.859 ... OK
Create profile matrix with method 'bin' and step 0.859 ... OK
Create profile matrix with method 'bin' and step 0.859 ... OK
Create profile matrix with method 'bin' and step 0.859 ... OK
Create profile matrix with method 'bin' and step 0.859 ... OK
Processing 119215 mz slices ... OK
Create profile matrix with method 'bin' and step 0.859 ... OK
Create profile matrix with method 'bin' and step 0.859 ... OK
Create profile matrix with method 'bin' and step 0.859 ... OK
Create profile matrix with method 'bin' and step 0.859 ... OK
Create profile matrix with method 'bin' and step 0.859 ... OK
Create profile matrix with method 'bin' and step 0.859 ... OK
Create profile matrix with method 'bin' and step 0.859 ... OK
Create profile matrix with method 'bin' and step 0.859 ... OK
Processing 119215 mz slices ... OK
Create profile matrix with method 'bin' and step 0.859 ... OK
Create profile matrix with method 'bin' and step 0.859 ... OK
Create profile matrix with method 'bin' and step 0.859 ... OK
Create profile matrix with method 'bin' and step 0.859 ... OK
Create profile matrix with method 'bin' and step 0.859 ... OK
Create profile matrix with method 'bin' and step 0.859 ... OK
Create profile matrix with method 'bin' and step 0.859 ... OK
Create profile matrix with method 'bin' and step 0.859 ... OK
Processing 119215 mz slices ... OK
Create profile matrix with method 'bin' and step 0.571 ... OK
Create profile matrix with method 'bin' and step 0.571 ... OK
Create profile matrix with method 'bin' and step 0.571 ... OK
Create profile matrix with method 'bin' and step 0.571 ... OK
Create profile matrix with method 'bin' and step 0.571 ... OK
Create profile matrix with method 'bin' and step 0.571 ... OK
Create profile matrix with method 'bin' and step 0.571 ... OK
Create profile matrix with method 'bin' and step 0.571 ... OK
Processing 119215 mz slices ... OK
Create profile matrix with method 'bin' and step 0.571 ... OK
Create profile matrix with method 'bin' and step 0.571 ... OK
Create profile matrix with method 'bin' and step 0.571 ... OK
Create profile matrix with method 'bin' and step 0.571 ... OK
Create profile matrix with method 'bin' and step 0.571 ... OK
Create profile matrix with method 'bin' and step 0.571 ... OK
Create profile matrix with method 'bin' and step 0.571 ... OK
Create profile matrix with method 'bin' and step 0.571 ... OK
Processing 119215 mz slices ... OK
Create profile matrix with method 'bin' and step 0.571 ... OK
Create profile matrix with method 'bin' and step 0.571 ... OK
Create profile matrix with method 'bin' and step 0.571 ... OK
Create profile matrix with method 'bin' and step 0.571 ... OK
Create profile matrix with method 'bin' and step 0.571 ... OK
Create profile matrix with method 'bin' and step 0.571 ... OK
Create profile matrix with method 'bin' and step 0.571 ... OK
Create profile matrix with method 'bin' and step 0.571 ... OK
Processing 119215 mz slices ... OK
Create profile matrix with method 'bin' and step 0.571 ... OK
Create profile matrix with method 'bin' and step 0.571 ... OK
Create profile matrix with method 'bin' and step 0.571 ... OK
Create profile matrix with method 'bin' and step 0.571 ... OK
Create profile matrix with method 'bin' and step 0.571 ... OK
Create profile matrix with method 'bin' and step 0.571 ... OK
Create profile matrix with method 'bin' and step 0.571 ... OK
Create profile matrix with method 'bin' and step 0.571 ... OK
Processing 119215 mz slices ... OK
Create profile matrix with method 'bin' and step 0.859 ... OK
Create profile matrix with method 'bin' and step 0.859 ... OK
Create profile matrix with method 'bin' and step 0.859 ... OK
Create profile matrix with method 'bin' and step 0.859 ... OK
Create profile matrix with method 'bin' and step 0.859 ... OK
Create profile matrix with method 'bin' and step 0.859 ... OK
Create profile matrix with method 'bin' and step 0.859 ... OK
Create profile matrix with method 'bin' and step 0.859 ... OK
Processing 119215 mz slices ... OK
Create profile matrix with method 'bin' and step 0.859 ... OK
Create profile matrix with method 'bin' and step 0.859 ... OK
Create profile matrix with method 'bin' and step 0.859 ... OK
Create profile matrix with method 'bin' and step 0.859 ... OK
Create profile matrix with method 'bin' and step 0.859 ... OK
Create profile matrix with method 'bin' and step 0.859 ... OK
Create profile matrix with method 'bin' and step 0.859 ... OK
Create profile matrix with method 'bin' and step 0.859 ... OK
Processing 119215 mz slices ... OK
Create profile matrix with method 'bin' and step 0.859 ... OK
Create profile matrix with method 'bin' and step 0.859 ... OK
Create profile matrix with method 'bin' and step 0.859 ... OK
Create profile matrix with method 'bin' and step 0.859 ... OK
Create profile matrix with method 'bin' and step 0.859 ... OK
Create profile matrix with method 'bin' and step 0.859 ... OK
Create profile matrix with method 'bin' and step 0.859 ... OK
Create profile matrix with method 'bin' and step 0.859 ... OK
Processing 119215 mz slices ... OK
Create profile matrix with method 'bin' and step 0.859 ... OK
Create profile matrix with method 'bin' and step 0.859 ... OK
Create profile matrix with method 'bin' and step 0.859 ... OK
Create profile matrix with method 'bin' and step 0.859 ... OK
Create profile matrix with method 'bin' and step 0.859 ... OK
Create profile matrix with method 'bin' and step 0.859 ... OK
Create profile matrix with method 'bin' and step 0.859 ... OK
Create profile matrix with method 'bin' and step 0.859 ... OK
Processing 119215 mz slices ... OK
Create profile matrix with method 'bin' and step 0.571 ... OK
Create profile matrix with method 'bin' and step 0.571 ... OK
Create profile matrix with method 'bin' and step 0.571 ... OK
Create profile matrix with method 'bin' and step 0.571 ... OK
Create profile matrix with method 'bin' and step 0.571 ... OK
Create profile matrix with method 'bin' and step 0.571 ... OK
Create profile matrix with method 'bin' and step 0.571 ... OK
Create profile matrix with method 'bin' and step 0.571 ... OK
Processing 51093 mz slices ... OK
Create profile matrix with method 'bin' and step 0.571 ... OK
Create profile matrix with method 'bin' and step 0.571 ... OK
Create profile matrix with method 'bin' and step 0.571 ... OK
Create profile matrix with method 'bin' and step 0.571 ... OK
Create profile matrix with method 'bin' and step 0.571 ... OK
Create profile matrix with method 'bin' and step 0.571 ... OK
Create profile matrix with method 'bin' and step 0.571 ... OK
Create profile matrix with method 'bin' and step 0.571 ... OK
Processing 51093 mz slices ... OK
Create profile matrix with method 'bin' and step 0.571 ... OK
Create profile matrix with method 'bin' and step 0.571 ... OK
Create profile matrix with method 'bin' and step 0.571 ... OK
Create profile matrix with method 'bin' and step 0.571 ... OK
Create profile matrix with method 'bin' and step 0.571 ... OK
Create profile matrix with method 'bin' and step 0.571 ... OK
Create profile matrix with method 'bin' and step 0.571 ... OK
Create profile matrix with method 'bin' and step 0.571 ... OK
Processing 51093 mz slices ... OK
Create profile matrix with method 'bin' and step 0.571 ... OK
Create profile matrix with method 'bin' and step 0.571 ... OK
Create profile matrix with method 'bin' and step 0.571 ... OK
Create profile matrix with method 'bin' and step 0.571 ... OK
Create profile matrix with method 'bin' and step 0.571 ... OK
Create profile matrix with method 'bin' and step 0.571 ... OK
Create profile matrix with method 'bin' and step 0.571 ... OK
Create profile matrix with method 'bin' and step 0.571 ... OK
Processing 51093 mz slices ... 