center sample:  Volunteer2_RBC_0h_POS 
Processing: Volunteer3_RBC_4h_POS  Volunteer3_RBC_1h_POS  Volunteer2_RBC_1h_POS  Volunteer1_RBC_4h_POS  
center sample:  Volunteer2_RBC_0h_POS 
Processing: Volunteer3_RBC_4h_POS  Volunteer3_RBC_1h_POS  Volunteer2_RBC_1h_POS  Volunteer1_RBC_4h_POS  
center sample:  Volunteer2_RBC_0h_POS 
Processing: Volunteer3_RBC_4h_POS  Volunteer3_RBC_1h_POS  Volunteer2_RBC_1h_POS  Volunteer1_RBC_4h_POS  
center sample:  Volunteer2_RBC_0h_POS 
Processing: Volunteer3_RBC_4h_POS  Volunteer3_RBC_1h_POS  Volunteer2_RBC_1h_POS  Volunteer1_RBC_4h_POS  
center sample:  Volunteer2_RBC_0h_POS 
Processing: Volunteer3_RBC_4h_POS  Volunteer3_RBC_1h_POS  Volunteer2_RBC_1h_POS  Volunteer1_RBC_4h_POS  
center sample:  Volunteer2_RBC_0h_POS 
Processing: Volunteer3_RBC_4h_POS  Volunteer3_RBC_1h_POS  Volunteer2_RBC_1h_POS  Volunteer1_RBC_4h_POS  
center sample:  Volunteer2_RBC_0h_POS 
Processing: Volunteer3_RBC_4h_POS  Volunteer3_RBC_1h_POS  Volunteer2_RBC_1h_POS  Volunteer1_RBC_4h_POS  
center sample:  Volunteer2_RBC_0h_POS 
Processing: Volunteer3_RBC_4h_POS  Volunteer3_RBC_1h_POS  Volunteer2_RBC_1h_POS  Volunteer1_RBC_4h_POS  
center sample:  Volunteer2_RBC_0h_POS 
Processing: Volunteer3_RBC_4h_POS  Volunteer3_RBC_1h_POS  Volunteer2_RBC_1h_POS  Volunteer1_RBC_4h_POS  
center sample:  Volunteer2_RBC_0h_POS 
Processing: Volunteer3_RBC_4h_POS  Volunteer3_RBC_1h_POS  Volunteer2_RBC_1h_POS  Volunteer1_RBC_4h_POS  
center sample:  Volunteer2_RBC_0h_POS 
Processing: Volunteer3_RBC_4h_POS  Volunteer3_RBC_1h_POS  Volunteer2_RBC_1h_POS  Volunteer1_RBC_4h_POS  
center sample:  Volunteer2_RBC_0h_POS 
Processing: Volunteer3_RBC_4h_POS  Volunteer3_RBC_1h_POS  Volunteer2_RBC_1h_POS  Volunteer1_RBC_4h_POS  
center sample:  Volunteer2_RBC_0h_POS 
Processing: Volunteer3_RBC_4h_POS  Volunteer3_RBC_1h_POS  Volunteer2_RBC_1h_POS  Volunteer1_RBC_4h_POS  
center sample:  Volunteer2_RBC_0h_POS 
Processing: Volunteer3_RBC_4h_POS  Volunteer3_RBC_1h_POS  Volunteer2_RBC_1h_POS  Volunteer1_RBC_4h_POS  
center sample:  Volunteer2_RBC_0h_POS 
Processing: Volunteer3_RBC_4h_POS  Volunteer3_RBC_1h_POS  Volunteer2_RBC_1h_POS  Volunteer1_RBC_4h_POS  
center sample:  Volunteer2_RBC_0h_POS 
Processing: Volunteer3_RBC_4h_POS  Volunteer3_RBC_1h_POS  Volunteer2_RBC_1h_POS  Volunteer1_RBC_4h_POS  
center sample:  Volunteer2_RBC_0h_POS 
Processing: Volunteer3_RBC_4h_POS  Volunteer3_RBC_1h_POS  Volunteer2_RBC_1h_POS  Volunteer1_RBC_4h_POS  
center sample:  Volunteer2_RBC_0h_POS 
Processing: Volunteer3_RBC_4h_POS  Volunteer3_RBC_1h_POS  Volunteer2_RBC_1h_POS  Volunteer1_RBC_4h_POS  
center sample:  Volunteer2_RBC_0h_POS 
Processing: Volunteer3_RBC_4h_POS  Volunteer3_RBC_1h_POS  Volunteer2_RBC_1h_POS  Volunteer1_RBC_4h_POS  
center sample:  Volunteer2_RBC_0h_POS 
Processing: Volunteer3_RBC_4h_POS  Volunteer3_RBC_1h_POS  Volunteer2_RBC_1h_POS  Volunteer1_RBC_4h_POS  
center sample:  Volunteer2_RBC_0h_POS 
Processing: Volunteer3_RBC_4h_POS  Volunteer3_RBC_1h_POS  Volunteer2_RBC_1h_POS  Volunteer1_RBC_4h_POS  
center sample:  Volunteer2_RBC_0h_POS 
Processing: Volunteer3_RBC_4h_POS  Volunteer3_RBC_1h_POS  Volunteer2_RBC_1h_POS  Volunteer1_RBC_4h_POS  
center sample:  Volunteer2_RBC_0h_POS 
Processing: Volunteer3_RBC_4h_POS  Volunteer3_RBC_1h_POS  Volunteer2_RBC_1h_POS  Volunteer1_RBC_4h_POS  
center sample:  Volunteer2_RBC_0h_POS 
Processing: Volunteer3_RBC_4h_POS  Volunteer3_RBC_1h_POS  Volunteer2_RBC_1h_POS  Volunteer1_RBC_4h_POS  
center sample:  Volunteer2_RBC_0h_POS 
Processing: Volunteer3_RBC_4h_POS  Volunteer3_RBC_1h_POS  Volunteer2_RBC_1h_POS  Volunteer1_RBC_4h_POS  
center sample:  Volunteer2_RBC_0h_POS 
Processing: Volunteer3_RBC_4h_POS  Volunteer3_RBC_1h_POS  Volunteer2_RBC_1h_POS  Volunteer1_RBC_4h_POS  
center sample:  Volunteer2_RBC_0h_POS 
Processing: Volunteer3_RBC_4h_POS  Volunteer3_RBC_1h_POS  Volunteer2_RBC_1h_POS  Volunteer1_RBC_4h_POS  
center sample:  Volunteer2_RBC_0h_POS 
Processing: Volunteer3_RBC_4h_POS  Volunteer3_RBC_1h_POS  Volunteer2_RBC_1h_POS  Volunteer1_RBC_4h_POS  
center sample:  Volunteer2_RBC_0h_POS 
Processing: Volunteer3_RBC_4h_POS  Volunteer3_RBC_1h_POS  Volunteer2_RBC_1h_POS  Volunteer1_RBC_4h_POS  
center sample:  Volunteer2_RBC_0h_POS 
Processing: Volunteer3_RBC_4h_POS  Volunteer3_RBC_1h_POS  Volunteer2_RBC_1h_POS  Volunteer1_RBC_4h_POS  
center sample:  Volunteer2_RBC_0h_POS 
Processing: Volunteer3_RBC_4h_POS  Volunteer3_RBC_1h_POS  Volunteer2_RBC_1h_POS  Volunteer1_RBC_4h_POS  
center sample:  Volunteer2_RBC_0h_POS 
Processing: Volunteer3_RBC_4h_POS  Volunteer3_RBC_1h_POS  Volunteer2_RBC_1h_POS  Volunteer1_RBC_4h_POS  
center sample:  Volunteer2_RBC_0h_POS 
Processing: Volunteer3_RBC_4h_POS  Volunteer3_RBC_1h_POS  Volunteer2_RBC_1h_POS  Volunteer1_RBC_4h_POS  
center sample:  Volunteer2_RBC_0h_POS 
Processing: Volunteer3_RBC_4h_POS  Volunteer3_RBC_1h_POS  Volunteer2_RBC_1h_POS  Volunteer1_RBC_4h_POS  
center sample:  Volunteer2_RBC_0h_POS 
Processing: Volunteer3_RBC_4h_POS  Volunteer3_RBC_1h_POS  Volunteer2_RBC_1h_POS  Volunteer1_RBC_4h_POS  
center sample:  Volunteer2_RBC_0h_POS 
Processing: Volunteer3_RBC_4h_POS  Volunteer3_RBC_1h_POS  Volunteer2_RBC_1h_POS  Volunteer1_RBC_4h_POS  
center sample:  Volunteer2_RBC_0h_POS 
Processing: Volunteer3_RBC_4h_POS  Volunteer3_RBC_1h_POS  Volunteer2_RBC_1h_POS  Volunteer1_RBC_4h_POS  
center sample:  Volunteer2_RBC_0h_POS 
Processing: Volunteer3_RBC_4h_POS  Volunteer3_RBC_1h_POS  Volunteer2_RBC_1h_POS  Volunteer1_RBC_4h_POS  
center sample:  Volunteer2_RBC_0h_POS 
Processing: Volunteer3_RBC_4h_POS  Volunteer3_RBC_1h_POS  Volunteer2_RBC_1h_POS  Volunteer1_RBC_4h_POS  
center sample:  Volunteer2_RBC_0h_POS 
Processing: Volunteer3_RBC_4h_POS  Volunteer3_RBC_1h_POS  Volunteer2_RBC_1h_POS  Volunteer1_RBC_4h_POS  
center sample:  Volunteer2_RBC_0h_POS 
Processing: Volunteer3_RBC_4h_POS  Volunteer3_RBC_1h_POS  Volunteer2_RBC_1h_POS  Volunteer1_RBC_4h_POS  
center sample:  Volunteer2_RBC_0h_POS 
Processing: Volunteer3_RBC_4h_POS  Volunteer3_RBC_1h_POS  Volunteer2_RBC_1h_POS  Volunteer1_RBC_4h_POS  
center sample:  Volunteer2_RBC_0h_POS 
Processing: Volunteer3_RBC_4h_POS  Volunteer3_RBC_1h_POS  Volunteer2_RBC_1h_POS  Volunteer1_RBC_4h_POS  
center sample:  Volunteer2_RBC_0h_POS 
Processing: Volunteer3_RBC_4h_POS  Volunteer3_RBC_1h_POS  Volunteer2_RBC_1h_POS  Volunteer1_RBC_4h_POS  
center sample:  Volunteer2_RBC_0h_POS 
Processing: Volunteer3_RBC_4h_POS  Volunteer3_RBC_1h_POS  Volunteer2_RBC_1h_POS  Volunteer1_RBC_4h_POS  
center sample:  Volunteer2_RBC_0h_POS 
Processing: Volunteer3_RBC_4h_POS  Volunteer3_RBC_1h_POS  Volunteer2_RBC_1h_POS  Volunteer1_RBC_4h_POS  
center sample:  Volunteer2_RBC_0h_POS 
Processing: Volunteer3_RBC_4h_POS  Volunteer3_RBC_1h_POS  Volunteer2_RBC_1h_POS  Volunteer1_RBC_4h_POS  
center sample:  Volunteer2_RBC_0h_POS 
Processing: Volunteer3_RBC_4h_POS  Volunteer3_RBC_1h_POS  Volunteer2_RBC_1h_POS  Volunteer1_RBC_4h_POS  
center sample:  Volunteer2_RBC_0h_POS 
Processing: Volunteer3_RBC_4h_POS  Volunteer3_RBC_1h_POS  Volunteer2_RBC_1h_POS  Volunteer1_RBC_4h_POS  
center sample:  Volunteer2_RBC_0h_POS 
Processing: Volunteer3_RBC_4h_POS  Volunteer3_RBC_1h_POS  Volunteer2_RBC_1h_POS  Volunteer1_RBC_4h_POS  
center sample:  Volunteer2_RBC_0h_POS 
Processing: Volunteer3_RBC_4h_POS  Volunteer3_RBC_1h_POS  Volunteer2_RBC_1h_POS  Volunteer1_RBC_4h_POS  
center sample:  Volunteer2_RBC_0h_POS 
Processing: Volunteer3_RBC_4h_POS  Volunteer3_RBC_1h_POS  Volunteer2_RBC_1h_POS  Volunteer1_RBC_4h_POS  
center sample:  Volunteer2_RBC_0h_POS 
Processing: Volunteer3_RBC_4h_POS  Volunteer3_RBC_1h_POS  Volunteer2_RBC_1h_POS  Volunteer1_RBC_4h_POS  
center sample:  Volunteer2_RBC_0h_POS 
Processing: Volunteer3_RBC_4h_POS  Volunteer3_RBC_1h_POS  Volunteer2_RBC_1h_POS  Volunteer1_RBC_4h_POS  
center sample:  Volunteer2_RBC_0h_POS 
Processing: Volunteer3_RBC_4h_POS  Volunteer3_RBC_1h_POS  Volunteer2_RBC_1h_POS  Volunteer1_RBC_4h_POS  
center sample:  Volunteer2_RBC_0h_POS 
Processing: Volunteer3_RBC_4h_POS  Volunteer3_RBC_1h_POS  Volunteer2_RBC_1h_POS  Volunteer1_RBC_4h_POS  
center sample:  Volunteer2_RBC_0h_POS 
Processing: Volunteer3_RBC_4h_POS  Volunteer3_RBC_1h_POS  Volunteer2_RBC_1h_POS  Volunteer1_RBC_4h_POS  
center sample:  Volunteer2_RBC_0h_POS 
Processing: Volunteer3_RBC_4h_POS  Volunteer3_RBC_1h_POS  Volunteer2_RBC_1h_POS  Volunteer1_RBC_4h_POS  
center sample:  Volunteer2_RBC_0h_POS 
Processing: Volunteer3_RBC_4h_POS  Volunteer3_RBC_1h_POS  Volunteer2_RBC_1h_POS  Volunteer1_RBC_4h_POS  
center sample:  Volunteer2_RBC_0h_POS 
Processing: Volunteer3_RBC_4h_POS  Volunteer3_RBC_1h_POS  Volunteer2_RBC_1h_POS  Volunteer1_RBC_4h_POS  
center sample:  Volunteer2_RBC_0h_POS 
Processing: Volunteer3_RBC_4h_POS  Volunteer3_RBC_1h_POS  Volunteer2_RBC_1h_POS  Volunteer1_RBC_4h_POS  
center sample:  Volunteer2_RBC_0h_POS 
Processing: Volunteer3_RBC_4h_POS  Volunteer3_RBC_1h_POS  Volunteer2_RBC_1h_POS  Volunteer1_RBC_4h_POS  
center sample:  Volunteer2_RBC_0h_POS 
Processing: Volunteer3_RBC_4h_POS  Volunteer3_RBC_1h_POS  Volunteer2_RBC_1h_POS  Volunteer1_RBC_4h_POS  
center sample:  Volunteer2_RBC_0h_POS 
Processing: Volunteer3_RBC_4h_POS  Volunteer3_RBC_1h_POS  Volunteer2_RBC_1h_POS  Volunteer1_RBC_4h_POS  
center sample:  Volunteer2_RBC_0h_POS 
Processing: Volunteer3_RBC_4h_POS  Volunteer3_RBC_1h_POS  Volunteer2_RBC_1h_POS  Volunteer1_RBC_4h_POS  
center sample:  Volunteer2_RBC_0h_POS 
Processing: Volunteer3_RBC_4h_POS  Volunteer3_RBC_1h_POS  Volunteer2_RBC_1h_POS  Volunteer1_RBC_4h_POS  
center sample:  Volunteer2_RBC_0h_POS 
Processing: Volunteer3_RBC_4h_POS  Volunteer3_RBC_1h_POS  Volunteer2_RBC_1h_POS  Volunteer1_RBC_4h_POS  
center sample:  Volunteer2_RBC_0h_POS 
Processing: Volunteer3_RBC_4h_POS  Volunteer3_RBC_1h_POS  Volunteer2_RBC_1h_POS  Volunteer1_RBC_4h_POS  
center sample:  Volunteer2_RBC_0h_POS 
Processing: Volunteer3_RBC_4h_POS  Volunteer3_RBC_1h_POS  Volunteer2_RBC_1h_POS  Volunteer1_RBC_4h_POS  
center sample:  Volunteer2_RBC_0h_POS 
Processing: Volunteer3_RBC_4h_POS  Volunteer3_RBC_1h_POS  Volunteer2_RBC_1h_POS  Volunteer1_RBC_4h_POS  
center sample:  Volunteer2_RBC_0h_POS 
Processing: Volunteer3_RBC_4h_POS  Volunteer3_RBC_1h_POS  Volunteer2_RBC_1h_POS  Volunteer1_RBC_4h_POS  
center sample:  Volunteer2_RBC_0h_POS 
Processing: Volunteer3_RBC_4h_POS  Volunteer3_RBC_1h_POS  Volunteer2_RBC_1h_POS  Volunteer1_RBC_4h_POS  
center sample:  Volunteer2_RBC_0h_POS 
Processing: Volunteer3_RBC_4h_POS  Volunteer3_RBC_1h_POS  Volunteer2_RBC_1h_POS  Volunteer1_RBC_4h_POS  
center sample:  Volunteer2_RBC_0h_POS 
Processing: Volunteer3_RBC_4h_POS  Volunteer3_RBC_1h_POS  Volunteer2_RBC_1h_POS  Volunteer1_RBC_4h_POS  
center sample:  Volunteer2_RBC_0h_POS 
Processing: Volunteer3_RBC_4h_POS  Volunteer3_RBC_1h_POS  Volunteer2_RBC_1h_POS  Volunteer1_RBC_4h_POS  
center sample:  Volunteer2_RBC_0h_POS 
Processing: Volunteer3_RBC_4h_POS  Volunteer3_RBC_1h_POS  Volunteer2_RBC_1h_POS  s of interest ... OK: 8210 found.
14
Detecting mass traces at 33.05 ppm ... OK
Detecting chromatographic peaks in 18737 regions of interest ... OK: 1625 found.
15
Detecting mass traces at 33.05 ppm ... OK
Detecting chromatographic peaks in 18737 regions of interest ... OK: 8145 found.
16
Detecting mass traces at 33.05 ppm ... OK
Detecting chromatographic peaks in 18737 regions of interest ... OK: 8163 found.
17
Detecting mass traces at 27.05 ppm ... OK
Detecting chromatographic peaks in 18892 regions of interest ... OK: 8721 found.
18
Detecting mass traces at 27.05 ppm ... OK
Detecting chromatographic peaks in 18892 regions of interest ... OK: 8771 found.
19
Detecting mass traces at 27.05 ppm ... OK
Detecting chromatographic peaks in 18892 regions of interest ... OK: 7506 found.
20
Detecting mass traces at 27.05 ppm ... OK
Detecting chromatographic peaks in 18892 regions of interest ... OK: 8715 found.
21
Detecting mass traces at 27.05 ppm ... OK
Detecting chromatographic peaks in 18892 regions of interest ... OK: 8743 found.
22
Detecting mass traces at 21.05 ppm ... OK
Detecting chromatographic peaks in 18951 regions of interest ... OK: 8868 found.
23
Detecting mass traces at 33.05 ppm ... OK
Detecting chromatographic peaks in 18737 regions of interest ... OK: 8581 found.
24
Detecting mass traces at 27.05 ppm ... OK
Detecting chromatographic peaks in 18892 regions of interest ... OK: 8737 found.
25
Detecting mass traces at 27.05 ppm ... OK
Detecting chromatographic peaks in 18892 regions of interest ... OK: 8423 found.
26
Detecting mass traces at 27.05 ppm ... OK
Detecting chromatographic peaks in 18892 regions of interest ... OK: 8721 found.
Detecting mass traces at 27.05 ppm ... OK
Detecting chromatographic peaks in 18892 regions of interest ... OK: 8743 found.



starting new DoE with:
min_peakwidth: c(25.6, 38.4)
max_peakwidth: c(67, 97)
ppm: c(22.25, 31.85)
mzdiff: c(-0.0109, -0.0021)
snthresh: 10
noise: 500
prefilter: 3
value_of_prefilter: 500
mzCenterFun: wMean
integrate: 2
fitgauss: FALSE
verbose.columns: TRUE

1
Detecting mass traces at 22.25 ppm ... OK
Detecting chromatographic peaks in 18990 regions of interest ... OK: 8849 found.
2
Detecting mass traces at 22.25 ppm ... OK
Detecting chromatographic peaks in 18990 regions of interest ... OK: 7564 found.
3
Detecting mass traces at 22.25 ppm ... OK
Detecting chromatographic peaks in 18990 regions of interest ... OK: 8779 found.
4
Detecting mass traces at 22.25 ppm ... OK
Detecting chromatographic peaks in 18990 regions of interest ... OK: 8985 found.
5
Detecting mass traces at 31.85 ppm ... OK
Detecting chromatographic peaks in 18765 regions of interest ... OK: 8651 found.
6
Detecting mass traces at 31.85 ppm ... OK
Detecting chromatographic peaks in 18765 regions of interest ... OK: 7385 found.
7
Detecting mass traces at 31.85 ppm ... OK
Detecting chromatographic peaks in 18765 regions of interest ... OK: 8540 found.
8
Detecting mass traces at 31.85 ppm ... OK
Detecting chromatographic peaks in 18765 regions of interest ... OK: 8598 found.
9
Detecting mass traces at 22.25 ppm ... OK
Detecting chromatographic peaks in 18990 regions of interest ... OK: 8719 found.
10
Detecting mass traces at 22.25 ppm ... OK
Detecting chromatographic peaks in 18990 regions of interest ... OK: 7398 found.
11
Detecting mass traces at 22.25 ppm ... OK
Detecting chromatographic peaks in 18990 regions of interest ... OK: 8629 found.
12
Detecting mass traces at 22.25 ppm ... OK
Detecting chromatographic peaks in 18990 regions of interest ... OK: 8796 found.
13
Detecting mass traces at 31.85 ppm ... OK
Detecting chromatographic peaks in 18765 regions of interest ... OK: 8387 found.
14
Detecting mass traces at 31.85 ppm ... OK
Detecting chromatographic peaks in 18765 regions of interest ... OK: 7147 found.
15
Detecting mass traces at 31.85 ppm ... OK
Detecting chromatographic peaks in 18765 regions of interest ... OK: 8247 found.
16
Detecting mass traces at 31.85 ppm ... OK
Detecting chromatographic peaks in 18765 regions of interest ... OK: 8333 found.
17
Detecting mass traces at 27.05 ppm ... OK
Detecting chromatographic peaks in 18892 regions of interest ... OK: 8743 found.
18
Detecting mass traces at 27.05 ppm ... OK
Detecting chromatographic peaks in 18892 regions of interest ... OK: 8688 found.
19
Detecting mass traces at 27.05 ppm ... OK
Detecting chromatographic peaks in 18892 regions of interest ... OK: 8809 found.
20
Detecting mass traces at 27.05 ppm ... OK
Detecting chromatographic peaks in 18892 regions of interest ... OK: 8721 found.
21
Detecting mass traces at 27.05 ppm ... OK
Detecting chromatographic peaks in 18892 regions of interest ... OK: 8705 found.
22
Detecting mass traces at 22.25 ppm ... OK
Detecting chromatographic peaks in 18990 regions of interest ... OK: 8850 found.
23
Detecting mass traces at 31.85 ppm ... OK
Detecting chromatographic peaks in 18765 regions of interest ... OK: 8563 found.
24
Detecting mass traces at 27.05 ppm ... OK
Detecting chromatographic peaks in 18892 regions of interest ... OK: 8758 found.
25
Detecting mass traces at 27.05 ppm ... OK
Detecting chromatographic peaks in 18892 regions of interest ... OK: 8569 found.
26
Detecting mass traces at 27.05 ppm ... OK
Detecting chromatographic peaks in 18892 regions of interest ... OK: 8743 found.
Detecting mass traces at 27.05 ppm ... OK
Detecting chromatographic peaks in 18892 regions of interest ... OK: 8602 found.



starting new DoE with:
min_peakwidth: c(32, 44.8)
max_peakwidth: c(82, 112)
ppm: c(23.21, 30.89)
mzdiff: c(-0.0065, 0.0023)
snthresh: 10
noise: 500
prefilter: 3
value_of_prefilter: 500
mzCenterFun: wMean
integrate: 2
fitgauss: FALSE
verbose.columns: TRUE

1
Detecting mass traces at 23.21 ppm ... OK
Detecting chromatographic peaks in 18924 regions of interest ... OK: 8837 found.
2
Detecting mass traces at 23.21 ppm ... OK
Detecting chromatographic peaks in 15083 regions of interest ... OK: 7311 found.
3
Detecting mass traces at 23.21 ppm ... OK
Detecting chromatographic peaks in 18924 regions of interest ... OK: 8842 found.
4
Detecting mass traces at 23.21 ppm ... OK
Detecting chromatographic peaks in 15083 regions of interest ... OK: 7370 found.
5
Detecting mass traces at 30.89 ppm ... OK
Detecting chromatographic peaks in 18834 regions of interest ... OK: 8596 found.
6
Detecting mass traces at 30.89 ppm ... OK
Detecting chromatographic peaks in 15104 regions of interest ... OK: 7168 found.
7
Detecting mass traces at 30.89 ppm ... OK
Detecting chromatographic peaks in 18834 regions of interest ... OK: 8570 found.
8
Detecting mass traces at 30.89 ppm ... OK
Detecting chromatographic peaks in 15104 regions of interest ... OK: 7206 found.
9
Detecting mass traces at 23.21 ppm ... OK
Detecting chromatographic peaks in 18924 regions of interest ... OK: 7899 found.
10
Detecting mass traces at 23.21 ppm ... OK
Detecting chromatographic peaks in 15083 regions of interest ... OK: 6554 found.
11
Detecting mass traces at 23.21 ppm ... OK
Detecting chromatographic peaks in 18924 regions of interest ... OK: 7905 found.
12
Detecting mass traces at 23.21 ppm ... OK
Detecting chromatographic peaks in 15083 regions of interest ... OK: 6583 found.
13
Detecting mass traces at 30.89 ppm ... OK
Detecting chromatographic peaks in 18834 regions of interest ... OK: 7718 found.
14
Detecting mass traces at 30.89 ppm ... OK
Detecting chromatographic peaks in 15104 regions of interest ... OK: 6414 found.
15
Detecting mass traces at 30.89 ppm ... OK
Detecting chromatographic peaks in 18834 regions of interest ... OK: 7685 found.
16
Detecting mass traces at 30.89 ppm ... OK
Detecting chromatographic peaks in 15104 regions of interest ... OK: 6426 found.
17
Detecting mass traces at 27.05 ppm ... OK
Detecting chromatographic peaks in 18892 regions of interest ... OK: 8602 found.
18
Detecting mass traces at 27.05 ppm ... OK
Detecting chromatographic peaks in 18892 regions of interest ... OK: 8529 found.
19
Detecting mass traces at 27.05 ppm ... OK
Detecting chromatographic peaks in 15082 regions of interest ... OK: 7144 found.
20
Detecting mass traces at 27.05 ppm ... OK
Detecting chromatographic peaks in 18892 regions of interest ... OK: 8601 found.
21
Detecting mass traces at 27.05 ppm ... OK
Detecting chromatographic peaks in 18892 regions of interest ... OK: 8621 found.
22
Detecting mass traces at 23.21 ppm ... OK
Detecting chromatographic peaks in 18924 regions of interest ... OK: 8751 found.
23
Detecting mass traces at 30.89 ppm ... OK
Detecting chromatographic peaks in 18834 regions of interest ... OK: 8375 found.
24
Detecting mass traces at 27.05 ppm ... OK
Detecting chromatographic peaks in 18892 regions of interest ... OK: 8814 found.
25
Detecting mass traces at 27.05 ppm ... OK
Detecting chromatographic peaks in 18892 regions of interest ... OK: 7874 found.
26
Detecting mass traces at 27.05 ppm ... OK
Detecting chromatographic peaks in 18892 regions of interest ... OK: 8602 found.
Detecting mass traces at 27.05 ppm ... OK
Detecting chromatographic peaks in 15082 regions of interest ... OK: 7273 found.
no increase, stopping
best parameter settings:
min_peakwidth: 28.8
max_peakwidth: 67
ppm: 27.05
mzdiff: -0.0065
snthresh: 10
noise: 500
prefilter: 3
value_of_prefilter: 500
mzCenterFun: wMean
integrate: 2
fitgauss: FALSE
verbose.columns: TRUE

There were 50 or more warnings (use warnings() to see the first 50)
Detecting mass traces at 27.05 ppm ... OK
Detecting chromatographic peaks in 18565 regions of interest ... OK: 8690 found.
Detecting mass traces at 27.05 ppm ... OK
Detecting chromatographic peaks in 18163 regions of interest ... OK: 8479 found.
Detecting mass traces at 27.05 ppm ... OK
Detecting chromatographic peaks in 18731 regions of interest ... OK: 8244 found.
Detecting mass traces at 27.05 ppm ... OK
Detecting chromatographic peaks in 18221 regions of interest ... OK: 8364 found.
Detecting mass traces at 27.05 ppm ... OK
Detecting chromatographic peaks in 18315 regions of interest ... OK: 8430 found.
Warning messages:
1: In .local(object, ...) :
  It looks like this file is in profile mode. centWave can process only centroid mode data !

2: In .local(object, ...) :
  It looks like this file is in profile mode. centWave can process only centroid mode data !

3: In .local(object, ...) :
  It looks like this file is in profile mode. centWave can process only centroid mode data !

4: In .local(object, ...) :
  It looks like this file is in profile mode. centWave can process only centroid mode data !

5: In .local(object, ...) :
  It looks like this file is in profile mode. centWave can process only centroid mode data !




starting new DoE with:

distFunc: cor_opt
gapInit: c(0, 0.4)
gapExtend: c(2.1, 2.7)
profStep: c(0.7, 1)
plottype: none
response: 1
factorDiag: 2
factorGap: 1
localAlignment: 0
retcorMethod: obiwarp
bw: c(22, 38)
minfrac: 0.05
mzwid: c(0.015, 0.035)
minsamp: 1
max: 50
center: 1

Create profile matrix with method 'bin' and step 0.7 ... OK
Create profile matrix with method 'bin' and step 0.7 ... OK
Create profile matrix with method 'bin' and step 0.7 ... OK
Create profile matrix with method 'bin' and step 0.7 ... OK
Create profile matrix with method 'bin' and step 0.7 ... OK
Processing 118518 mz slices ... OK
Create profile matrix with method 'bin' and step 0.7 ... OK
Create profile matrix with method 'bin' and step 0.7 ... OK
Create profile matrix with method 'bin' and step 0.7 ... OK
Create profile matrix with method 'bin' and step 0.7 ... OK
Create profile matrix with method 'bin' and step 0.7 ... OK
Processing 118518 mz slices ... OK
Create profile matrix with method 'bin' and step 0.7 ... OK
Create profile matrix with method 'bin' and step 0.7 ... OK
Create profile matrix with method 'bin' and step 0.7 ... OK
Create profile matrix with method 'bin' and step 0.7 ... OK
Create profile matrix with method 'bin' and step 0.7 ... OK
Processing 118518 mz slices ... OK
Create profile matrix with method 'bin' and step 0.7 ... OK
Create profile matrix with method 'bin' and step 0.7 ... OK
Create profile matrix with method 'bin' and step 0.7 ... OK
Create profile matrix with method 'bin' and step 0.7 ... OK
Create profile matrix with method 'bin' and step 0.7 ... OK
Processing 118518 mz slices ... OK
Create profile matrix with method 'bin' and step 1 ... OK
Create profile matrix with method 'bin' and step 1 ... OK
Create profile matrix with method 'bin' and step 1 ... OK
Create profile matrix with method 'bin' and step 1 ... OK
Create profile matrix with method 'bin' and step 1 ... OK
Processing 118518 mz slices ... OK
Create profile matrix with method 'bin' and step 1 ... OK
Create profile matrix with method 'bin' and step 1 ... OK
Create profile matrix with method 'bin' and step 1 ... OK
Create profile matrix with method 'bin' and step 1 ... OK
Create profile matrix with method 'bin' and step 1 ... OK
Processing 118518 mz slices ... OK
Create profile matrix with method 'bin' and step 1 ... OK
Create profile matrix with method 'bin' and step 1 ... OK
Create profile matrix with method 'bin' and step 1 ... OK
Create profile matrix with method 'bin' and step 1 ... OK
Create profile matrix with method 'bin' and step 1 ... OK
Processing 118518 mz slices ... OK
Create profile matrix with method 'bin' and step 1 ... OK
Create profile matrix with method 'bin' and step 1 ... OK
Create profile matrix with method 'bin' and step 1 ... OK
Create profile matrix with method 'bin' and step 1 ... OK
Create profile matrix with method 'bin' and step 1 ... OK
Processing 118518 mz slices ... OK
Create profile matrix with method 'bin' and step 0.7 ... OK
Create profile matrix with method 'bin' and step 0.7 ... OK
Create profile matrix with method 'bin' and step 0.7 ... OK
Create profile matrix with method 'bin' and step 0.7 ... OK
Create profile matrix with method 'bin' and step 0.7 ... OK
Processing 118518 mz slices ... OK
Create profile matrix with method 'bin' and step 0.7 ... OK
Create profile matrix with method 'bin' and step 0.7 ... OK
Create profile matrix with method 'bin' and step 0.7 ... OK
Create profile matrix with method 'bin' and step 0.7 ... OK
Create profile matrix with method 'bin' and step 0.7 ... OK
Processing 118518 mz slices ... OK
Create profile matrix with method 'bin' and step 0.7 ... OK
Create profile matrix with method 'bin' and step 0.7 ... OK
Create profile matrix with method 'bin' and step 0.7 ... OK
Create profile matrix with method 'bin' and step 0.7 ... OK
Create profile matrix with method 'bin' and step 0.7 ... OK
Processing 118518 mz slices ... OK
Create profile matrix with method 'bin' and step 0.7 ... OK
Create profile matrix with method 'bin' and step 0.7 ... OK
Create profile matrix with method 'bin' and step 0.7 ... OK
Create profile matrix with method 'bin' and step 0.7 ... OK
Create profile matrix with method 'bin' and step 0.7 ... OK
Processing 118518 mz slices ... OK
Create profile matrix with method 'bin' and step 1 ... OK
Create profile matrix with method 'bin' and step 1 ... OK
Create profile matrix with method 'bin' and step 1 ... OK
Create profile matrix with method 'bin' and step 1 ... OK
Create profile matrix with method 'bin' and step 1 ... OK
Processing 118518 mz slices ... OK
Create profile matrix with method 'bin' and step 1 ... OK
Create profile matrix with method 'bin' and step 1 ... OK
Create profile matrix with method 'bin' and step 1 ... OK
Create profile matrix with method 'bin' and step 1 ... OK
Create profile matrix with method 'bin' and step 1 ... OK
Processing 118518 mz slices ... OK
Create profile matrix with method 'bin' and step 1 ... OK
Create profile matrix with method 'bin' and step 1 ... OK
Create profile matrix with method 'bin' and step 1 ... OK
Create profile matrix with method 'bin' and step 1 ... OK
Create profile matrix with method 'bin' and step 1 ... OK
Processing 118518 mz slices ... OK
Create profile matrix with method 'bin' and step 1 ... OK
Create profile matrix with method 'bin' and step 1 ... OK
Create profile matrix with method 'bin' and step 1 ... OK
Create profile matrix with method 'bin' and step 1 ... OK
Create profile matrix with method 'bin' and step 1 ... OK
Processing 118518 mz slices ... OK
Create profile matrix with method 'bin' and step 0.7 ... OK
Create profile matrix with method 'bin' and step 0.7 ... OK
Create profile matrix with method 'bin' and step 0.7 ... OK
Create profile matrix with method 'bin' and step 0.7 ... OK
Create profile matrix with method 'bin' and step 0.7 ... OK
Processing 50794 mz slices ... OK
Create profile matrix with method 'bin' and step 0.7 ... OK
Create profile matrix with method 'bin' and step 0.7 ... OK
Create profile matrix with method 'bin' and step 0.7 ... OK
Create profile matrix with method 'bin' and step 0.7 ... OK
Create profile matrix with method 'bin' and step 0.7 ... OK
Processing 50794 mz slices ... OK
Create profile matrix with method 'bin' and step 0.7 ... OK
Create profile matrix with method 'bin' and step 0.7 ... OK
Create profile matrix with method 'bin' and step 0.7 ... OK
Create profile matrix with method 'bin' and step 0.7 ... OK
Create profile matrix with method 'bin' and step 0.7 ... OK
Processing 50794 mz slices ... OK
Create profile matrix with method 'bin' and step 0.7 ... OK
Create profile matrix with method 'bin' and step 0.7 ... OK
Create profile matrix with method 'bin' and step 0.7 ... OK
Create profile matrix with method 'bin' and step 0.7 ... OK
Create profile matrix with method 'bin' and step 0.7 ... OK
Processing 50794 mz slices ... OK
Create profile matrix with method 'bin' and step 1 ... OK
Create profile matrix with method 'bin' and step 1 ... OK
Create profile matrix with method 'bin' and step 1 ... OK
Create profile matrix with method 'bin' and step 1 ... OK
Create profile matrix with method 'bin' and step 1 ... OK
Processing 50794 mz slices ... OK
Create profile matrix with method 'bin' and step 1 ... OK
Create profile matrix with method 'bin' and step 1 ... OK
Create profile matrix with method 'bin' and step 1 ... OK
Create profile matrix with method 'bin' and step 1 ... OK
Create profile matrix with method 'bin' and step 1 ... OK
Processing 50794 mz slices ... OK
Create profile matrix with method 'bin' and step 1 ... OK
Create profile matrix with method 'bin' and step 1 ... OK
Create profile matrix with method 'bin' and step 1 ... OK
Create profile matrix with method 'bin' and step 1 ... OK
Create profile matrix with method 'bin' and step 1 ... OK
Processing 50794 mz slices ... OK
Create profile matrix with method 'bin' and step 1 ... OK
Create profile matrix with method 'bin' and step 1 ... OK
Create profile matrix with method 'bin' and step 1 ... OK
Create profile matrix with method 'bin' and step 1 ... OK
Create profile matrix with method 'bin' and step 1 ... OK
Processing 50794 mz slices ... OK
Create profile matrix with method 'bin' and step 0.7 ... OK
Create profile matrix with method 'bin' and step 0.7 ... OK
Create profile matrix with method 'bin' and step 0.7 ... OK
Create profile matrix with method 'bin' and step 0.7 ... OK
Create profile matrix with method 'bin' and step 0.7 ... OK
Processing 50794 mz slices ... OK
Create profile matrix with method 'bin' and step 0.7 ... OK
Create profile matrix with method 'bin' and step 0.7 ... OK
Create profile matrix with method 'bin' and step 0.7 ... OK
Create profile matrix with method 'bin' and step 0.7 ... OK
Create profile matrix with method 'bin' and step 0.7 ... OK
Processing 50794 mz slices ... OK
Create profile matrix with method 'bin' and step 0.7 ... OK
Create profile matrix with method 'bin' and step 0.7 ... OK
Create profile matrix with method 'bin' and step 0.7 ... OK
Create profile matrix with method 'bin' and step 0.7 ... OK
Create profile matrix with method 'bin' and step 0.7 ... OK
Processing 50794 mz slices ... OK
Create profile matrix with method 'bin' and step 0.7 ... OK
Create profile matrix with method 'bin' and step 0.7 ... OK
Create profile matrix with method 'bin' and step 0.7 ... OK
Create profile matrix with method 'bin' and step 0.7 ... OK
Create profile matrix with method 'bin' and step 0.7 ... OK
Processing 50794 mz slices ... OK
Create profile matrix with method 'bin' and step 1 ... OK
Create profile matrix with method 'bin' and step 1 ... OK
Create profile matrix with method 'bin' and step 1 ... OK
Create profile matrix with method 'bin' and step 1 ... OK
Create profile matrix with method 'bin' and step 1 ... OK
Processing 50794 mz slices ... OK
Create profile matrix with method 'bin' and step 1 ... OK
Create profile matrix with method 'bin' and step 1 ... OK
Create profile matrix with method 'bin' and step 1 ... OK
Create profile matrix with method 'bin' and step 1 ... OK
Create profile matrix with method 'bin' and step 1 ... OK
Processing 50794 mz slices ... OK
Create profile matrix with method 'bin' and step 1 ... OK
Create profile matrix with method 'bin' and step 1 ... OK
Create profile matrix with method 'bin' and step 1 ... OK
Create profile matrix with method 'bin' and step 1 ... OK
Create profile matrix with method 'bin' and step 1 ... OK
Processing 50794 mz slices ... OK
Create profile matrix with method 'bin' and step 1 ... OK
Create profile matrix with method 'bin' and step 1 ... OK
Create profile matrix with method 'bin' and step 1 ... OK
Create profile matrix with method 'bin' and step 1 ... OK
Create profile matrix with method 'bin' and step 1 ... OK
Processing 50794 mz slices ... OK
Create profile matrix with method 'bin' and step 0.85 ... OK
Create profile matrix with method 'bin' and step 0.85 ... OK
Create profile matrix with method 'bin' and step 0.85 ... OK
Create profile matrix with method 'bin' and step 0.85 ... OK
Create profile matrix with method 'bin' and step 0.85 ... OK
Create profile matrix with method 'bin' and step 0.85 ... OK
Create profile matrix with method 'bin' and step 0.85 ... OK
Create profile matrix with method 'bin' and step 0.85 ... OK
Processing 71112 mz slices ... OK
Create profile matrix with method 'bin' and step 0.85 ... OK
Create profile matrix with method 'bin' and step 0.85 ... OK
Create profile matrix with method 'bin' and step 0.85 ... OK
Create profile matrix with method 'bin' and step 0.85 ... OK
Create profile matrix with method 'bin' and step 0.85 ... OK
Create profile matrix with method 'bin' and step 0.85 ... OK
Create profile matrix with method 'bin' and step 0.85 ... OK
Create profile matrix with method 'bin' and step 0.85 ... OK
Processing 71112 mz slices ... OK
Create profile matrix with method 'bin' and step 0.85 ... OK
Create profile matrix with method 'bin' and step 0.85 ... OK
Create profile matrix with method 'bin' and step 0.85 ... OK
Create profile matrix with method 'bin' and step 0.85 ... OK
Create profile matrix with method 'bin' and step 0.85 ... OK
Create profile matrix with method 'bin' and step 0.85 ... OK
Create profile matrix with method 'bin' and step 0.85 ... OK
Create profile matrix with method 'bin' and step 0.85 ... OK
Processing 71112 mz slices ... OK
Create profile matrix with method 'bin' and step 0.85 ... OK
Create profile matrix with method 'bin' and step 0.85 ... OK
Create profile matrix with method 'bin' and step 0.85 ... OK
Create profile matrix with method 'bin' and step 0.85 ... OK
Create profile matrix with method 'bin' and step 0.85 ... OK
Create profile matrix with method 'bin' and step 0.85 ... OK
Create profile matrix with method 'bin' and step 0.85 ... OK
Create profile matrix with method 'bin' and step 0.85 ... OK
Processing 71112 mz slices ... OK
Create profile matrix with method 'bin' and step 0.85 ... OK
Create profile matrix with method 'bin' and step 0.85 ... OK
Create profile matrix with method 'bin' and step 0.85 ... OK
Create profile matrix with method 'bin' and step 0.85 ... OK
Create profile matrix with method 'bin' and step 0.85 ... OK
Create profile matrix with method 'bin' and step 0.85 ... OK
Create profile matrix with method 'bin' and step 0.85 ... OK
Create profile matrix with method 'bin' and step 0.85 ... OK
Processing 71112 mz slices ... OK
Create profile matrix with method 'bin' and step 0.7 ... OK
Create profile matrix with method 'bin' and step 0.7 ... OK
Create profile matrix with method 'bin' and step 0.7 ... OK
Create profile matrix with method 'bin' and step 0.7 ... OK
Create profile matrix with method 'bin' and step 0.7 ... OK
Processing 71112 mz slices ... OK
Create profile matrix with method 'bin' and step 1 ... OK
Create profile matrix with method 'bin' and step 1 ... OK
Create profile matrix with method 'bin' and step 1 ... OK
Create profile matrix with method 'bin' and step 1 ... OK
Create profile matrix with method 'bin' and step 1 ... OK
Processing 71112 mz slices ... OK
Create profile matrix with method 'bin' and step 0.85 ... OK
Create profile matrix with method 'bin' and step 0.85 ... OK
Create profile matrix with method 'bin' and step 0.85 ... OK
Create profile matrix with method 'bin' and step 0.85 ... OK
Create profile matrix with method 'bin' and step 0.85 ... OK
Create profile matrix with method 'bin' and step 0.85 ... OK
Create profile matrix with method 'bin' and step 0.85 ... OK
Create profile matrix with method 'bin' and step 0.85 ... OK
Processing 71112 mz slices ... OK
Create profile matrix with method 'bin' and step 0.85 ... OK
Create profile matrix with method 'bin' and step 0.85 ... OK
Create profile matrix with method 'bin' and step 0.85 ... OK
Create profile matrix with method 'bin' and step 0.85 ... OK
Create profile matrix with method 'bin' and step 0.85 ... OK
Create profile matrix with method 'bin' and step 0.85 ... OK
Create profile matrix with method 'bin' and step 0.85 ... OK
Create profile matrix with method 'bin' and step 0.85 ... OK
Processing 71112 mz slices ... OK
Create profile matrix with method 'bin' and step 0.85 ... OK
Create profile matrix with method 'bin' and step 0.85 ... OK
Create profile matrix with method 'bin' and step 0.85 ... OK
Create profile matrix with method 'bin' and step 0.85 ... OK
Create profile matrix with method 'bin' and step 0.85 ... OK
Create profile matrix with method 'bin' and step 0.85 ... OK
Create profile matrix with method 'bin' and step 0.85 ... OK
Create profile matrix with method 'bin' and step 0.85 ... OK
Processing 118518 mz slices ... OK
Create profile matrix with method 'bin' and step 0.85 ... OK
Create profile matrix with method 'bin' and step 0.85 ... OK
Create profile matrix with method 'bin' and step 0.85 ... OK
Create profile matrix with method 'bin' and step 0.85 ... OK
Create profile matrix with method 'bin' and step 0.85 ... OK
Create profile matrix with method 'bin' and step 0.85 ... OK
Create profile matrix with method 'bin' and step 0.85 ... OK
Create profile matrix with method 'bin' and step 0.85 ... OK
Processing 50794 mz slices ... OK
Create profile matrix with method 'bin' and step 0.85 ... OK
Create profile matrix with method 'bin' and step 0.85 ... OK
Create profile matrix with method 'bin' and step 0.85 ... OK
Create profile matrix with method 'bin' and step 0.85 ... OK
Create profile matrix with method 'bin' and step 0.85 ... OK
Create profile matrix with method 'bin' and step 0.85 ... OK
Create profile matrix with method 'bin' and step 0.85 ... OK
Create profile matrix with method 'bin' and step 0.85 ... OK
Processing 71112 mz slices ... OK
Create profile matrix with method 'bin' and step 1 ... OK
Create profile matrix with method 'bin' and step 1 ... OK
Create profile matrix with method 'bin' and step 1 ... OK
Create profile matrix with method 'bin' and step 1 ... OK
Create profile matrix with method 'bin' and step 1 ... OK
Processing 111111 mz slices ... OK
profStep or minfrac greater 1, decreasing to 0.71 and 1



starting new DoE with:

gapInit: c(0.1, 0.5)
gapExtend: c(2.34, 3.06)
profStep: c(0.71, 1)
bw: c(12.4, 31.6)
mzwid: c(0.006, 0.026)
distFunc: cor_opt
plottype: none
response: 1
factorDiag: 2
factorGap: 1
localAlignment: 0
retcorMethod: obiwarp
minfrac: 0.05
minsamp: 1
max: 50
center: 1

Create profile matrix with method 'bin' and step 0.71 ... OK
Create profile matrix with method 'bin' and step 0.71 ... OK
Create profile matrix with method 'bin' and step 0.71 ... OK
Create profile matrix with method 'bin' and step 0.71 ... OK
Create profile matrix with method 'bin' and step 0.71 ... OK
Create profile matrix with method 'bin' and step 0.71 ... OK
Create profile matrix with method 'bin' and step 0.71 ... OK
Create profile matrix with method 'bin' and step 0.71 ... OK
Processing 296294 mz slices ... OK
Create profile matrix with method 'bin' and step 0.71 ... OK
Create profile matrix with method 'bin' and step 0.71 ... OK
Create profile matrix with method 'bin' and step 0.71 ... OK
Create profile matrix with method 'bin' and step 0.71 ... OK
Create profile matrix with method 'bin' and step 0.71 ... OK
Create profile matrix with method 'bin' and step 0.71 ... OK
Create profile matrix with method 'bin' and step 0.71 ... OK
Create profile matrix with method 'bin' and step 0.71 ... OK
Processing 296294 mz slices ... OK
Create profile matrix with method 'bin' and step 0.71 ... OK
Create profile matrix with method 'bin' and step 0.71 ... OK
Create profile matrix with method 'bin' and step 0.71 ... OK
Create profile matrix with method 'bin' and step 0.71 ... OK
Create profile matrix with method 'bin' and step 0.71 ... OK
Create profile matrix with method 'bin' and step 0.71 ... OK
Create profile matrix with method 'bin' and step 0.71 ... OK
Create profile matrix with method 'bin' and step 0.71 ... OK
Processing 296294 mz slices ... OK
Create profile matrix with method 'bin' and step 0.71 ... OK
Create profile matrix with method 'bin' and step 0.71 ... OK
Create profile matrix with method 'bin' and step 0.71 ... OK
Create profile matrix with method 'bin' and step 0.71 ... OK
Create profile matrix with method 'bin' and step 0.71 ... OK
Create profile matrix with method 'bin' and step 0.71 ... OK
Create profile matrix with method 'bin' and step 0.71 ... OK
Create profile matrix with method 'bin' and step 0.71 ... OK
Processing 296294 mz slices ... OK
Create profile matrix with method 'bin' and step 1 ... OK
Create profile matrix with method 'bin' and step 1 ... OK
Create profile matrix with method 'bin' and step 1 ... OK
Create profile matrix with method 'bin' and step 1 ... OK
Create profile matrix with method 'bin' and step 1 ... OK
Processing 296294 mz slices ... OK
Create profile matrix with method 'bin' and step 1 ... OK
Create profile matrix with method 'bin' and step 1 ... OK
Create profile matrix with method 'bin' and step 1 ... OK
Create profile matrix with method 'bin' and step 1 ... OK
Create profile matrix with method 'bin' and step 1 ... OK
Processing 296294 mz slices ... OK
Create profile matrix with method 'bin' and step 1 ... OK
Create profile matrix with method 'bin' and step 1 ... OK
Create profile matrix with method 'bin' and step 1 ... OK
Create profile matrix with method 'bin' and step 1 ... OK
Create profile matrix with method 'bin' and step 1 ... OK
Processing 296294 mz slices ... OK
Create profile matrix with method 'bin' and step 1 ... OK
Create profile matrix with method 'bin' and step 1 ... OK
Create profile matrix with method 'bin' and step 1 ... OK
Create profile matrix with method 'bin' and step 1 ... OK
Create profile matrix with method 'bin' and step 1 ... OK
Processing 296294 mz slices ... OK
Create profile matrix with method 'bin' and step 0.71 ... OK
Create profile matrix with method 'bin' and step 0.71 ... OK
Create profile matrix with method 'bin' and step 0.71 ... OK
Create profile matrix with method 'bin' and step 0.71 ... OK
Create profile matrix with method 'bin' and step 0.71 ... OK
Create profile matrix with method 'bin' and step 0.71 ... OK
Create profile matrix with method 'bin' and step 0.71 ... OK
Create profile matrix with method 'bin' and step 0.71 ... OK
Processing 296294 mz slices ... OK
Create profile matrix with method 'bin' and step 0.71 ... OK
Create profile matrix with method 'bin' and step 0.71 ... OK
Create profile matrix with method 'bin' and step 0.71 ... OK
Create profile matrix with method 'bin' and step 0.71 ... OK
Create profile matrix with method 'bin' and step 0.71 ... OK
Create profile matrix with method 'bin' and step 0.71 ... OK
Create profile matrix with method 'bin' and step 0.71 ... OK
Create profile matrix with method 'bin' and step 0.71 ... OK
Processing 296294 mz slices ... OK
Create profile matrix with method 'bin' and step 0.71 ... OK
Create profile matrix with method 'bin' and step 0.71 ... OK
Create profile matrix with method 'bin' and step 0.71 ... OK
Create profile matrix with method 'bin' and step 0.71 ... OK
Create profile matrix with method 'bin' and step 0.71 ... OK
Create profile matrix with method 'bin' and step 0.71 ... OK
Create profile matrix with method 'bin' and step 0.71 ... OK
Create profile matrix with method 'bin' and step 0.71 ... OK
Processing 296294 mz slices ... OK
Create profile matrix with method 'bin' and step 0.71 ... OK
Create profile matrix with method 'bin' and step 0.71 ... OK
Create profile matrix with method 'bin' and step 0.71 ... OK
Create profile matrix with method 'bin' and step 0.71 ... OK
Create profile matrix with method 'bin' and step 0.71 ... OK
Create profile matrix with method 'bin' and step 0.71 ... OK
Create profile matrix with method 'bin' and step 0.71 ... OK
Create profile matrix with method 'bin' and step 0.71 ... OK
Processing 296294 mz slices ... OK
Create profile matrix with method 'bin' and step 1 ... OK
Create profile matrix with method 'bin' and step 1 ... OK
Create profile matrix with method 'bin' and step 1 ... OK
Create profile matrix with method 'bin' and step 1 ... OK
Create profile matrix with method 'bin' and step 1 ... OK
Processing 296294 mz slices ... OK
Create profile matrix with method 'bin' and step 1 ... OK
Create profile matrix with method 'bin' and step 1 ... OK
Create profile matrix with method 'bin' and step 1 ... OK
Create profile matrix with method 'bin' and step 1 ... OK
Create profile matrix with method 'bin' and step 1 ... OK
Processing 296294 mz slices ... OK
Create profile matrix with method 'bin' and step 1 ... OK
Create profile matrix with method 'bin' and step 1 ... OK
Create profile matrix with method 'bin' and step 1 ... OK
Create profile matrix with method 'bin' and step 1 ... OK
Create profile matrix with method 'bin' and step 1 ... OK
Processing 296294 mz slices ... OK
Create profile matrix with method 'bin' and step 1 ... OK
Create profile matrix with method 'bin' and step 1 ... OK
Create profile matrix with method 'bin' and step 1 ... OK
Create profile matrix with method 'bin' and step 1 ... OK
Create profile matrix with method 'bin' and step 1 ... OK
Processing 296294 mz slices ... OK
Create profile matrix with method 'bin' and step 0.71 ... OK
Create profile matrix with method 'bin' and step 0.71 ... OK
Create profile matrix with method 'bin' and step 0.71 ... OK
Create profile matrix with method 'bin' and step 0.71 ... OK
Create profile matrix with method 'bin' and step 0.71 ... OK
Create profile matrix with method 'bin' and step 0.71 ... OK
Create profile matrix with method 'bin' and step 0.71 ... OK
Create profile matrix with method 'bin' and step 0.71 ... OK
Processing 68377 mz slices ... OK
Create profile matrix with method 'bin' and step 0.71 ... OK
Create profile matrix with method 'bin' and step 0.71 ... OK
Create profile matrix with method 'bin' and step 0.71 ... OK
Create profile matrix with method 'bin' and step 0.71 ... OK
Create profile matrix with method 'bin' and step 0.71 ... OK
Create profile matrix with method 'bin' and step 0.71 ... OK
Create profile matrix with method 'bin' and step 0.71 ... OK
Create profile matrix with method 'bin' and step 0.71 ... OK
Processing 68377 mz slices ... OK
Create profile matrix with method 'bin' and step 0.71 ... OK
Create profile matrix with method 'bin' and step 0.71 ... OK
Create profile matrix with method 'bin' and step 0.71 ... OK
Create profile matrix with method 'bin' and step 0.71 ... OK
Create profile matrix with method 'bin' and step 0.71 ... OK
Create profile matrix with method 'bin' and step 0.71 ... OK
Create profile matrix with method 'bin' and step 0.71 ... OK
Create profile matrix with method 'bin' and step 0.71 ... OK
Processing 68377 mz slices ... OK
Create profile matrix with method 'bin' and step 0.71 ... OK
Create profile matrix with method 'bin' and step 0.71 ... OK
Create profile matrix with method 'bin' and step 0.71 ... OK
Create profile matrix with method 'bin' and step 0.71 ... OK
Create profile matrix with method 'bin' and step 0.71 ... OK
Create profile matrix with method 'bin' and step 0.71 ... OK
Create profile matrix with method 'bin' and step 0.71 ... OK
Create profile matrix with method 'bin' and step 0.71 ... OK
Processing 68377 mz slices ... OK
Create profile matrix with method 'bin' and step 1 ... OK
Create profile matrix with method 'bin' and step 1 ... OK
Create profile matrix with method 'bin' and step 1 ... OK
Create profile matrix with method 'bin' and step 1 ... OK
Create profile matrix with method 'bin' and step 1 ... OK
Processing 68377 mz slices ... OK
Create profile matrix with method 'bin' and step 1 ... OK
Create profile matrix with method 'bin' and step 1 ... OK
Create profile matrix with method 'bin' and step 1 ... OK
Create profile matrix with method 'bin' and step 1 ... OK
Create profile matrix with method 'bin' and step 1 ... OK
Processing 68377 mz slices ... OK
Create profile matrix with method 'bin' and step 1 ... OK
Create profile matrix with method 'bin' and step 1 ... OK
Create profile matrix with method 'bin' and step 1 ... OK
Create profile matrix with method 'bin' and step 1 ... OK
Create profile matrix with method 'bin' and step 1 ... OK
Processing 68377 mz slices ... OK
Create profile matrix with method 'bin' and step 1 ... OK
Create profile matrix with method 'bin' and step 1 ... OK
Create profile matrix with method 'bin' and step 1 ... OK
Create profile matrix with method 'bin' and step 1 ... OK
Create profile matrix with method 'bin' and step 1 ... OK
Processing 68377 mz slices ... OK
Create profile matrix with method 'bin' and step 0.71 ... OK
Create profile matrix with method 'bin' and step 0.71 ... OK
Create profile matrix with method 'bin' and step 0.71 ... OK
Create profile matrix with method 'bin' and step 0.71 ... OK
Create profile matrix with method 'bin' and step 0.71 ... OK
Create profile matrix with method 'bin' and step 0.71 ... OK
Create profile matrix with method 'bin' and step 0.71 ... OK
Create profile matrix with method 'bin' and step 0.71 ... OK
Processing 68377 mz slices ... OK
Create profile matrix with method 'bin' and step 0.71 ... OK
Create profile matrix with method 'bin' and step 0.71 ... OK
Create profile matrix with method 'bin' and step 0.71 ... OK
Create profile matrix with method 'bin' and step 0.71 ... OK
Create profile matrix with method 'bin' and step 0.71 ... OK
Create profile matrix with method 'bin' and step 0.71 ... OK
Create profile matrix with method 'bin' and step 0.71 ... OK
Create profile matrix with method 'bin' and step 0.71 ... OK
Processing 68377 mz slices ... OK
Create profile matrix with method 'bin' and step 0.71 ... OK
Create profile matrix with method 'bin' and step 0.71 ... OK
Create profile matrix with method 'bin' and step 0.71 ... OK
Create profile matrix with method 'bin' and step 0.71 ... OK
Create profile matrix with method 'bin' and step 0.71 ... OK
Create profile matrix with method 'bin' and step 0.71 ... OK
Create profile matrix with method 'bin' and step 0.71 ... OK
Create profile matrix with method 'bin' and step 0.71 ... OK
Processing 68377 mz slices ... OK
Create profile matrix with method 'bin' and step 0.71 ... OK
Create profile matrix with method 'bin' and step 0.71 ... OK
Create profile matrix with method 'bin' and step 0.71 ... OK
Create profile matrix with method 'bin' and step 0.71 ... OK
Create profile matrix with method 'bin' and step 0.71 ... OK
Create profile matrix with method 'bin' and step 0.71 ... OK
Create profile matrix with method 'bin' and step 0.71 ... OK
Create profile matrix with method 'bin' and step 0.71 ... OK
Processing 68377 mz slices ... OK
Create profile matrix with method 'bin' and step 1 ... OK
Create profile matrix with method 'bin' and step 1 ... OK
Create profile matrix with method 'bin' and step 1 ... OK
Create profile matrix with method 'bin' and step 1 ... OK
Create profile matrix with method 'bin' and step 1 ... OK
Processing 68377 mz slices ... OK
Create profile matrix with method 'bin' and step 1 ... OK
Create profile matrix with method 'bin' and step 1 ... OK
Create profile matrix with method 'bin' and step 1 ... OK
Create profile matrix with method 'bin' and step 1 ... OK
Create profile matrix with method 'bin' and step 1 ... OK
Processing 68377 mz slices ... OK
Create profile matrix with method 'bin' and step 1 ... OK
Create profile matrix with method 'bin' and step 1 ... OK
Create profile matrix with method 'bin' and step 1 ... OK
