[1] "parameters for centwave: "
Object of class:  CentWaveParam 
Parameters:
 ppm: 31.76 
 peakwidth: 36.7210666666667, 84.0333333333333 
 snthresh: 10 
 prefilter: 3, 285 
 mzCenterFun: wMean 
 integrate: 2 
 mzdiff: -0.005583333 
 fitgauss: FALSE 
 noise: 1063 
 verboseColumns: TRUE 
 roiList length: 0 
 firstBaselineCheck TRUE 
 roiScales length: 0 
[1] "parameters for obiwarp: "
Object of class:  ObiwarpParam 
Parameters:
 binSize: 0.789 
 centerSample:  
 response: 1 
 distFun: cor_opt 
 gapInit: 0.536 
 gapExtend: 2.6 
 factorDiag: 2 
 factorGap: 1 
 localAlignment: FALSE 
 initPenalty: 0 
[1] "parameters for density:"
Object of class:  PeakDensityParam 
Parameters:
 sampleGroups: numeric of length 16 
 bw: 12.4 
 minFraction: 0.05 
 minSamples: 1 
 binSize: 0.02353333 
 maxFeatures: 50 
[1] "fill chrom peak params: "
Object of class:  FillChromPeaksParam 
Parameters:
 expandMz: 0 
 expandRt: 0 
 ppm: 0 
[1] "starting conversion to xcmsSet"
[1] "conversion complete"
[1] "wrote to first csv"
[1] "finished annotation"
Start grouping after retention time.
Created 145 pseudospectra.
[1] "finished group FWHM"
[1] "got length, starting isotope finding"
Generating peak matrix!
Run isotope peak annotation
 % finished: 10  20  30  40  50  60  70  80  90  100  
Found isotopes: 2909 
[1] "found isotopes"
Start grouping after correlation.
Generating EIC's .. 
Warning: Found NA peaks in selected sample.

Calculating peak correlations in 145 Groups... 
 % finished: 10  20  30  40  50  60  70  80  90  100  

Calculating isotope assignments in 145 Groups... 
 % finished: 10  20  30  40  50  60  70  80  90  100  
Calculating graph cross linking in 145 Groups... 
 % finished: 10  20  30  40  50  60  70  80  90  100  
New number of ps-groups:  6622 
xsAnnotate has now 6622 groups, instead of 145 
[1] "finished group corr!"
Generating peak matrix for peak annotation!
Found and use user-defined ruleset!
Calculating possible adducts in 6622 Groups... 
 % finished: 10  20  30  40  50  60  70  80  90  100  
[1] "found adducts"
