center sample:  Volunteer2_plasma_24h_POS 
Processing: Volunteer1_plasma_1h_POS  Volunteer2_plasma_0h_POS  Volunteer4_plasma_4h_POS  Volunteer4_plasma_0h_POS  
center sample:  Volunteer2_plasma_24h_POS 
Processing: Volunteer1_plasma_1h_POS  Volunteer2_plasma_0h_POS  Volunteer4_plasma_4h_POS  Volunteer4_plasma_0h_POS  
center sample:  Volunteer2_plasma_24h_POS 
Processing: Volunteer1_plasma_1h_POS  Volunteer2_plasma_0h_POS  Volunteer4_plasma_4h_POS  Volunteer4_plasma_0h_POS  
center sample:  Volunteer2_plasma_24h_POS 
Processing: Volunteer1_plasma_1h_POS  Volunteer2_plasma_0h_POS  Volunteer4_plasma_4h_POS  Volunteer4_plasma_0h_POS  
center sample:  Volunteer2_plasma_24h_POS 
Processing: Volunteer1_plasma_1h_POS  Volunteer2_plasma_0h_POS  Volunteer4_plasma_4h_POS  Volunteer4_plasma_0h_POS  
center sample:  Volunteer2_plasma_24h_POS 
Processing: Volunteer1_plasma_1h_POS  Volunteer2_plasma_0h_POS  Volunteer4_plasma_4h_POS  Volunteer4_plasma_0h_POS  
center sample:  Volunteer2_plasma_24h_POS 
Processing: Volunteer1_plasma_1h_POS  Volunteer2_plasma_0h_POS  Volunteer4_plasma_4h_POS  Volunteer4_plasma_0h_POS  
center sample:  Volunteer2_plasma_24h_POS 
Processing: Volunteer1_plasma_1h_POS  Volunteer2_plasma_0h_POS  Volunteer4_plasma_4h_POS  Volunteer4_plasma_0h_POS  
center sample:  Volunteer2_plasma_24h_POS 
Processing: Volunteer1_plasma_1h_POS  Volunteer2_plasma_0h_POS  Volunteer4_plasma_4h_POS  Volunteer4_plasma_0h_POS  
center sample:  Volunteer2_plasma_24h_POS 
Processing: Volunteer1_plasma_1h_POS  Volunteer2_plasma_0h_POS  Volunteer4_plasma_4h_POS  Volunteer4_plasma_0h_POS  
center sample:  Volunteer2_plasma_24h_POS 
Processing: Volunteer1_plasma_1h_POS  Volunteer2_plasma_0h_POS  Volunteer4_plasma_4h_POS  Volunteer4_plasma_0h_POS  
center sample:  Volunteer2_plasma_24h_POS 
Processing: Volunteer1_plasma_1h_POS  Volunteer2_plasma_0h_POS  Volunteer4_plasma_4h_POS  Volunteer4_plasma_0h_POS  
center sample:  Volunteer2_plasma_24h_POS 
Processing: Volunteer1_plasma_1h_POS  Volunteer2_plasma_0h_POS  Volunteer4_plasma_4h_POS  Volunteer4_plasma_0h_POS  
center sample:  Volunteer2_plasma_24h_POS 
Processing: Volunteer1_plasma_1h_POS  Volunteer2_plasma_0h_POS  Volunteer4_plasma_4h_POS  Volunteer4_plasma_0h_POS  
center sample:  Volunteer2_plasma_24h_POS 
Processing: Volunteer1_plasma_1h_POS  Volunteer2_plasma_0h_POS  Volunteer4_plasma_4h_POS  Volunteer4_plasma_0h_POS  
center sample:  Volunteer2_plasma_24h_POS 
Processing: Volunteer1_plasma_1h_POS  Volunteer2_plasma_0h_POS  Volunteer4_plasma_4h_POS  Volunteer4_plasma_0h_POS  
center sample:  Volunteer2_plasma_24h_POS 
Processing: Volunteer1_plasma_1h_POS  Volunteer2_plasma_0h_POS  Volunteer4_plasma_4h_POS  Volunteer4_plasma_0h_POS  
center sample:  Volunteer2_plasma_24h_POS 
Processing: Volunteer1_plasma_1h_POS  Volunteer2_plasma_0h_POS  Volunteer4_plasma_4h_POS  Volunteer4_plasma_0h_POS  
center sample:  Volunteer2_plasma_24h_POS 
Processing: Volunteer1_plasma_1h_POS  Volunteer2_plasma_0h_POS  Volunteer4_plasma_4h_POS  Volunteer4_plasma_0h_POS  
center sample:  Volunteer2_plasma_24h_POS 
Processing: Volunteer1_plasma_1h_POS  Volunteer2_plasma_0h_POS  Volunteer4_plasma_4h_POS  Volunteer4_plasma_0h_POS  
center sample:  Volunteer2_plasma_24h_POS 
Processing: Volunteer1_plasma_1h_POS  Volunteer2_plasma_0h_POS  Volunteer4_plasma_4h_POS  Volunteer4_plasma_0h_POS  
center sample:  Volunteer2_plasma_24h_POS 
Processing: Volunteer1_plasma_1h_POS  Volunteer2_plasma_0h_POS  Volunteer4_plasma_4h_POS  Volunteer4_plasma_0h_POS  
center sample:  Volunteer2_plasma_24h_POS 
Processing: Volunteer1_plasma_1h_POS  Volunteer2_plasma_0h_POS  Volunteer4_plasma_4h_POS  Volunteer4_plasma_0h_POS  
center sample:  Volunteer2_plasma_24h_POS 
Processing: Volunteer1_plasma_1h_POS  Volunteer2_plasma_0h_POS  Volunteer4_plasma_4h_POS  Volunteer4_plasma_0h_POS  
center sample:  Volunteer2_plasma_24h_POS 
Processing: Volunteer1_plasma_1h_POS  Volunteer2_plasma_0h_POS  Volunteer4_plasma_4h_POS  Volunteer4_plasma_0h_POS  
center sample:  Volunteer2_plasma_24h_POS 
Processing: Volunteer1_plasma_1h_POS  Volunteer2_plasma_0h_POS  Volunteer4_plasma_4h_POS  Volunteer4_plasma_0h_POS  
center sample:  Volunteer2_plasma_24h_POS 
Processing: Volunteer1_plasma_1h_POS  Volunteer2_plasma_0h_POS  Volunteer4_plasma_4h_POS  Volunteer4_plasma_0h_POS  
center sample:  Volunteer2_plasma_24h_POS 
Processing: Volunteer1_plasma_1h_POS  Volunteer2_plasma_0h_POS  Volunteer4_plasma_4h_POS  Volunteer4_plasma_0h_POS  
center sample:  Volunteer2_plasma_24h_POS 
Processing: Volunteer1_plasma_1h_POS  Volunteer2_plasma_0h_POS  Volunteer4_plasma_4h_POS  Volunteer4_plasma_0h_POS  
center sample:  Volunteer2_plasma_24h_POS 
Processing: Volunteer1_plasma_1h_POS  Volunteer2_plasma_0h_POS  Volunteer4_plasma_4h_POS  Volunteer4_plasma_0h_POS  
center sample:  Volunteer2_plasma_24h_POS 
Processing: Volunteer1_plasma_1h_POS  Volunteer2_plasma_0h_POS  Volunteer4_plasma_4h_POS  Volunteer4_plasma_0h_POS  
center sample:  Volunteer2_plasma_24h_POS 
Processing: Volunteer1_plasma_1h_POS  Volunteer2_plasma_0h_POS  Volunteer4_plasma_4h_POS  Volunteer4_plasma_0h_POS  
center sample:  Volunteer2_plasma_24h_POS 
Processing: Volunteer1_plasma_1h_POS  Volunteer2_plasma_0h_POS  Volunteer4_plasma_4h_POS  Volunteer4_plasma_0h_POS  
center sample:  Volunteer2_plasma_24h_POS 
Processing: Volunteer1_plasma_1h_POS  Volunteer2_plasma_0h_POS  Volunteer4_plasma_4h_POS  Volunteer4_plasma_0h_POS  
center sample:  Volunteer2_plasma_24h_POS 
Processing: Volunteer1_plasma_1h_POS  Volunteer2_plasma_0h_POS  Volunteer4_plasma_4h_POS  Volunteer4_plasma_0h_POS  
center sample:  Volunteer2_plasma_24h_POS 
Processing: Volunteer1_plasma_1h_POS  Volunteer2_plasma_0h_POS  Volunteer4_plasma_4h_POS  Volunteer4_plasma_0h_POS  
center sample:  Volunteer2_plasma_24h_POS 
Processing: Volunteer1_plasma_1h_POS  Volunteer2_plasma_0h_POS  Volunteer4_plasma_4h_POS  Volunteer4_plasma_0h_POS  
center sample:  Volunteer2_plasma_24h_POS 
Processing: Volunteer1_plasma_1h_POS  Volunteer2_plasma_0h_POS  Volunteer4_plasma_4h_POS  Volunteer4_plasma_0h_POS  
center sample:  Volunteer2_plasma_24h_POS 
Processing: Volunteer1_plasma_1h_POS  Volunteer2_plasma_0h_POS  Volunteer4_plasma_4h_POS  Volunteer4_plasma_0h_POS  
center sample:  Volunteer2_plasma_24h_POS 
Processing: Volunteer1_plasma_1h_POS  Volunteer2_plasma_0h_POS  Volunteer4_plasma_4h_POS  Volunteer4_plasma_0h_POS  
center sample:  Volunteer2_plasma_24h_POS 
Processing: Volunteer1_plasma_1h_POS  Volunteer2_plasma_0h_POS  Volunteer4_plasma_4h_POS  Volunteer4_plasma_0h_POS  
center sample:  Volunteer2_plasma_24h_POS 
Processing: Volunteer1_plasma_1h_POS  Volunteer2_plasma_0h_POS  Volunteer4_plasma_4h_POS  Volunteer4_plasma_0h_POS  
center sample:  Volunteer2_plasma_24h_POS 
Processing: Volunteer1_plasma_1h_POS  Volunteer2_plasma_0h_POS  Volunteer4_plasma_4h_POS  Volunteer4_plasma_0h_POS  
center sample:  Volunteer2_plasma_24h_POS 
Processing: Volunteer1_plasma_1h_POS  Volunteer2_plasma_0h_POS  Volunteer4_plasma_4h_POS  Volunteer4_plasma_0h_POS  
center sample:  Volunteer2_plasma_24h_POS 
Processing: Volunteer1_plasma_1h_POS  Volunteer2_plasma_0h_POS  Volunteer4_plasma_4h_POS  Volunteer4_plasma_0h_POS  
center sample:  Volunteer2_plasma_24h_POS 
Processing: Volunteer1_plasma_1h_POS  Volunteer2_plasma_0h_POS  Volunteer4_plasma_4h_POS  Volunteer4_plasma_0h_POS  
center sample:  Volunteer2_plasma_24h_POS 
Processing: Volunteer1_plasma_1h_POS  Volunteer2_plasma_0h_POS  Volunteer4_plasma_4h_POS  Volunteer4_plasma_0h_POS  
center sample:  Volunteer2_plasma_24h_POS 
Processing: Volunteer1_plasma_1h_POS  Volunteer2_plasma_0h_POS  Volunteer4_plasma_4h_POS  Volunteer4_plasma_0h_POS  
center sample:  Volunteer2_plasma_24h_POS 
Processing: Volunteer1_plasma_1h_POS  Volunteer2_plasma_0h_POS  Volunteer4_plasma_4h_POS  Volunteer4_plasma_0h_POS  
center sample:  Volunteer2_plasma_24h_POS 
Processing: Volunteer1_plasma_1h_POS  Volunteer2_plasma_0h_POS  Volunteer4_plasma_4h_POS  Volunteer4_plasma_0h_POS  
center sample:  Volunteer2_plasma_24h_POS 
Processing: Volunteer1_plasma_1h_POS  Volunteer2_plasma_0h_POS  Volunteer4_plasma_4h_POS  Volunteer4_plasma_0h_POS  
center sample:  Volunteer2_plasma_24h_POS 
Processing: Volunteer1_plasma_1h_POS  Volunteer2_plasma_0h_POS  Volunteer4_plasma_4h_POS  Volunteer4_plasma_0h_POS  
center sample:  Volunteer2_plasma_24h_POS 
Processing: Volunteer1_plasma_1h_POS  Volunteer2_plasma_0h_POS  Volunteer4_plasma_4h_POS  Volunteer4_plasma_0h_POS  
center sample:  Volunteer2_plasma_24h_POS 
Processing: Volunteer1_plasma_1h_POS  Volunteer2_plasma_0h_POS  Volunteer4_plasma_4h_POS  Volunteer4_plasma_0h_POS  
center sample:  Volunteer2_plasma_24h_POS 
Processing: Volunteer1_plasma_1h_POS  Volunteer2_plasma_0h_POS  Volunteer4_plasma_4h_POS  Volunteer4_plasma_0h_POS  
center sample:  Volunteer2_plasma_24h_POS 
Processing: Volunteer1_plasma_1h_POS  Volunteer2_plasma_0h_POS  Volunteer4_plasma_4h_POS  Volunteer4_plasma_0h_POS  
center sample:  Volunteer2_plasma_24h_POS 
Processing: Volunteer1_plasma_1h_POS  Volunteer2_plasma_0h_POS  Volunteer4_plasma_4h_POS  Volunteer4_plasma_0h_POS  
center sample:  Volunteer2_plasma_24h_POS 
Processing: Volunteer1_plasma_1h_POS  Volunteer2_plasma_0h_POS  Volunteer4_plasma_4h_POS  Volunteer4_plasma_0h_POS  
center sample:  Volunteer2_plasma_24h_POS 
Processing: Volunteer1_plasma_1h_POS  Volunteer2_plasma_0h_POS  Volunteer4_plasma_4h_POS  Volunteer4_plasma_0h_POS  
center sample:  Volunteer2_plasma_24h_POS 
Processing: Volunteer1_plasma_1h_POS  Volunteer2_plasma_0h_POS  Volunteer4_plasma_4h_POS  Volunteer4_plasma_0h_POS  
center sample:  Volunteer2_plasma_24h_POS 
Processing: Volunteer1_plasma_1h_POS  Volunteer2_plasma_0h_POS  Volunteer4_plasma_4h_POS  Volunteer4_plasma_0h_POS  
center sample:  Volunteer2_plasma_24h_POS 
Processing: Volunteer1_plasma_1h_POS  Volunteer2_plasma_0h_POS  Volunteer4_plasma_4h_POS  Volunteer4_plasma_0h_POS  
center sample:  Volunteer2_plasma_24h_POS 
Processing: Volunteer1_plasma_1h_POS  Volunteer2_plasma_0h_POS  Volunteer4_plasma_4h_POS  Volunteer4_plasma_0h_POS  
center sample:  Volunteer2_plasma_24h_POS 
Processing: Volunteer1_plasma_1h_POS  Volunteer2_plasma_0h_POS  Volunteer4_plasma_4h_POS  Volunteer4_plasma_0h_POS  
center sample:  Volunteer2_plasma_24h_POS 
Processing: Volunteer1_plasma_1h_POS  Volunteer2_plasma_0h_POS  Volunteer4_plasma_4h_POS  Volunteer4_plasma_0h_POS  
center sample:  Volunteer2_plasma_24h_POS 
Processing: Volunteer1_plasma_1h_POS  Volunteer2_plasma_0h_POS  Volunteer4_plasma_4h_POS  Volunteer4_plasma_0h_POS  
center sample:  Volunteer2_plasma_24h_POS 
Processing: Volunteer1_plasma_1h_POS  Volunteer2_plasma_0h_POS  Volunteer4_plasma_4h_POS  Volunteer4_plasma_0h_POS  
center sample:  Volunteer2_plasma_24h_POS 
Processing: Volunteer1_plasma_1h_POS  Volunteer2_plasma_0h_POS  Volunteer4_plasma_4h_POS  Volunteer4_plasma_0h_POS  
center sample:  Volunteer2_plasma_24h_POS 
Processing: Volunteer1_plasma_1h_POS  Volunteer2_plasma_0h_POS  Volunteer4_plasma_4h_POS  Volunteer4_plasma_0h_POS  
center sample:  Volunteer2_plasma_24h_POS 
Processing: Volunteer1_plasma_1h_POS  Volunteer2_plasma_0h_POS  Volunteer4_plasma_4h_POS  Volunteer4_plasma_0h_POS  
center sample:  Volunteer2_plasma_24h_POS 
Processing: Volunteer1_plasma_1h_POS  Volunteer2_plasma_0h_POS  Volunteer4_plasma_4h_POS  Volunteer4_plasma_0h_POS  
center sample:  Volunteer2_plasma_24h_POS 
Processing: Volunteer1_plasma_1h_POS  Volunteer2_plasma_0h_POS  Volunteer4_plasma_4h_POS  Volunteer4_plasma_0h_POS  
center sample:  Volunteer2_plasma_24h_POS 
Processing: Volunteer1_plasma_1h_POS  Volunteer2_plasma_0h_POS  Volunteer4_plasma_4h_POS  Volunteer4_plasma_0h_POS  
center sample:  Volunteer2_plasma_24h_POS 
Processing: Volunteer1_plasma_1h_POS  Volunteer2_plasma_0h_POS  Volunteer4_plasma_4h_POS  Volunteer4_plasma_0h_POS  
center sample:  Volunteer2_plasma_24h_POS 
Processing: Volunteer1_plasma_1h_POS  Volunteer2_plasma_0h_POS  Volunteer4_plasma_4h_POS  Volunteer4_plasma_0h_POS  
center sample:  Volunteer2_plasma_24h_POS 
Processing: Volunteer1_plasma_1h_POS  Volunteer2_plasma_0h_POS  Volunteer4_plasma_4h_POS  Volunteer4_plasma_0h_POS  
center sample:  Volunteer2_plasma_24h_POS 
Processing: Volunteer1_plasma_1h_POS  Volunteer2_plasma_0h_POS  Volunteer4_plasma_4h_POS  Volunteer4_plasma_0h_POS  
center sample:  Volunteer2_plasma_24h_POS 
Processing: Volunteer1_plasma_1h_POS  Volunteer2_plasma_0h_POS  Volunteer4_plasma_4h_POS  Volunteer4_plasma_0h_POS  
center sample:  Volunteer2_plasma_24h_POS 
Processing: Volunteer1_plasma_1h_POS  Volunteer2_plasma_0h_POS  Volunteer4_plasma_4h_POS  Volunteer4_plasma_0h_POS  
center sample:  Volunteer2_plasma_24h_POS 
Processing: Volunteer1_plasma_1h_POS  Volunteer2_plasma_0h_POS  Volunteer4_plasma_4h_POS  Volunteer4_plasma_0h_POS  
center sample:  Volunteer2_plasma_24h_POS 
Processing: Volunteer1_plasma_1h_POS  Volunteer2_plasma_0h_POS  Volunteer4_plasma_4h_POS  Volunteer4_plasma_0h_POS  
center sample:  Volunteer2_plasma_24h_POS 
Processing: Volunteer1_plasma_1h_POS  Volunteer2_plasma_0h_POS  Volunteer4_plasma_4h_POS  Volunteer4_plasma_0h_POS  
center sample:  Volunteer2_plasma_24h_POS 
Processing: Volunteer1_plasma_1h_POS  Volunteer2_plasma_0h_POS  Volunteer4_plasma_4h_POS  Volunteer4_plasma_0h_POS  
center sample:  Volunteer2_plasma_24h_POS 
Processing: Volunteer1_plasma_1h_POS  Volunteer2_plasma_0h_POS  Volunteer4_plasma_4h_POS  Volunteer4_plasma_0h_POS  
center sample:  Volunteer2_plasma_24h_POS 
Processing: Volunteer1_plasma_1h_POS  Volunteer2_plasma_0h_POS  Volunteer4_plasma_4h_POS  Volunteer4_plasma_0h_POS  
center sample:  Volunteer2_plasma_24h_POS 
Processing: Volunteer1_plasma_1h_POS  Volunteer2_plasma_0h_POS  Volunteer4_plasma_4h_POS  Volunteer4_plasma_0h_POS  
center sample:  Volunteer2_plasma_24h_POS 
Processing: Volunteer1_plasma_1h_POS  Volunteer2_plasma_0h_POS  Volunteer4_plasma_4h_POS  Volunteer4_plasma_0h_POS  
center sample:  Volunteer2_plasma_24h_POS 
Processing: Volunteer1_plasma_1h_POS  Volunteer2_plasma_0h_POS  Volunteer4_plasma_4h_POS  Volunteer4_plasma_0h_POS  
center sample:  Volunteer2_plasma_24h_POS 
Processing: Volunteer1_plasma_1h_POS  Volunteer2_plasma_0h_POS  Volunteer4_plasma_4h_POS  Volunteer4_plasma_0h_POS  
center sample:  Volunteer2_plasma_24h_POS 
Processing: Volunteer1_plasma_1h_POS  Volunteer2_plasma_0h_POS  Volunteer4_plasma_4h_POS  Volunteer4_plasma_0h_POS  
center sample:  Volunteer2_plasma_24h_POS 
Processing: Volunteer1_plasma_1h_POS  Volunteer2_plasma_0h_POS  Volunteer4_plasma_4h_POS  Volunteer4_plasma_0h_POS  
center sample:  Volunteer2_plasma_24h_POS 
Processing: Volunteer1_plasma_1h_POS  Volunteer2_plasma_0h_POS  Volunteer4_plasma_4h_POS  Volunteer4_plasma_0h_POS  
center sample:  Volunteer2_plasma_24h_POS 
Processing: Volunteer1_plasma_1h_POS  Volunteer2_plasma_0h_POS  Volunteer4_plasma_4h_POS  Volunteer4_plasma_0h_POS  
center sample:  Volunteer2_plasma_24h_POS 
Processing: Volunteer1_plasma_1h_POS  Volunteer2_plasma_0h_POS  Volunteer4_plasma_4h_POS  Volunteer4_plasma_0h_POS  
center sample:  Volunteer2_plasma_24h_POS 
Processing: Volunteer1_plasma_1h_POS  Volunteer2_plasma_0h_POS  Volunteer4_plasma_4h_POS  Volunteer4_plasma_0h_POS  
center sample:  Volunteer2_plasma_24h_POS 
Processing: Volunteer1_plasma_1h_POS  Volunteer2_plasma_0h_POS  Volunteer4_plasma_4h_POS  Volunteer4_plasma_0h_POS  
center sample:  Volunteer2_plasma_24h_POS 
Processing: Volunteer1_plasma_1h_POS  Volunteer2_plasma_0h_POS  Volunteer4_plasma_4h_POS  Volunteer4_plasma_0h_POS  
center sample:  Volunteer2_plasma_24h_POS 
Processing: Volunteer1_plasma_1h_POS  Volunteer2_plasma_0h_POS  Volunteer4_plasma_4h_POS  Volunteer4_plasma_0h_POS  
center sample:  Volunteer2_plasma_24h_POS 
Processing: Volunteer1_plasma_1h_POS  Volunteer2_plasma_0h_POS  Volunteer4_plasma_4h_POS  Volunteer4_plasma_0h_POS  
center sample:  Volunteer2_plasma_24h_POS 
Processing: Volunteer1_plasma_1h_POS  Volunteer2_plasma_0h_POS  Volunteer4_plasma_4h_POS  Volunteer4_plasma_0h_POS  
center sample:  Volunteer2_plasma_24h_POS 
Processing: Volunteer1_plasma_1h_POS  Volunteer2_plasma_0h_POS  Volunteer4_plasma_4h_POS  Volunteer4_plasma_0h_POS  
center sample:  Volunteer2_plasma_24h_POS 
Processing: Volunteer1_plasma_1h_POS  Volunteer2_plasma_0h_POS  Volunteer4_plasma_4h_POS  Volunteer4_plasma_0h_POS  
center sample:  Volunteer2_plasma_24h_POS 
Processing: Volunteer1_plasma_1h_POS  Volunteer2_plasma_0h_POS  Volunteer4_plasma_4h_POS  Volunteer4_plasma_0h_POS  
center sample:  Volunteer2_plasma_24h_POS 
Processing: Volunteer1_plasma_1h_POS  Volunteer2_plasma_0h_POS  Volunteer4_plasma_4h_POS  Volunteer4_plasma_0h_POS  
center sample:  Volunteer2_plasma_24h_POS 
Processing: Volunteer1_plasma_1h_POS  Volunteer2_plasma_0h_POS  Volunteer4_plasma_4h_POS  Volunteer4_plasma_0h_POS  
center sample:  Volunteer2_plasma_24h_POS 
Processing: Volunteer1_plasma_1h_POS  Volunteer2_plasma_0h_POS  Volunteer4_plasma_4h_POS  Volunteer4_plasma_0h_POS  
center sample:  Volunteer2_plasma_24h_POS 
Processing: Volunteer1_plasma_1h_POS  Volunteer2_plasma_0h_POS  Volunteer4_plasma_4h_POS  Volunteer4_plasma_0h_POS  
center sample:  Volunteer2_plasma_24h_POS 
Processing: Volunteer1_plasma_1h_POS  Volunteer2_plasma_0h_POS  Volunteer4_plasma_4h_POS  Volunteer4_plasma_0h_POS  
center sample:  Volunteer2_plasma_24h_POS 
Processing: Volunteer1_plasma_1h_POS  Volunteer2_plasma_0h_POS  Volunteer4_plasma_4h_POS  Volunteer4_plasma_0h_POS  
center sample:  Volunteer2_plasma_24h_POS 
Processing: Volunteer1_plasma_1h_POS  Volunteer2_plasma_0h_POS  Volunteer4_plasma_4h_POS  Volunteer4_plasma_0h_POS  
center sample:  Volunteer2_plasma_24h_POS 
Processing: Volunteer1_plasma_1h_POS  Volunteer2_plasma_0h_POS  Volunteer4_plasma_4h_POS  Volunteer4_plasma_0h_POS  
center sample:  Volunteer2_plasma_24h_POS 
Processing: Volunteer1_plasma_1h_POS  Volunteer2_plasma_0h_POS  Volunteer4_plasma_4h_POS  Volunteer4_plasma_0h_POS  
center sample:  Volunteer2_plasma_24h_POS 
Processing: Volunteer1_plasma_1h_POS  Volunteer2_plasma_0h_POS  Volunteer4_plasma_4h_POS  Volunteer4_plasma_0h_POS  
0 regions of interest ... OK: 6189 found.
14
Detecting mass traces at 29.072 ppm ... OK
Detecting chromatographic peaks in 12548 regions of interest ... OK: 2114 found.
15
Detecting mass traces at 29.072 ppm ... OK
Detecting chromatographic peaks in 15930 regions of interest ... OK: 6195 found.
16
Detecting mass traces at 29.072 ppm ... OK
Detecting chromatographic peaks in 12548 regions of interest ... OK: 5049 found.
17
Detecting mass traces at 26 ppm ... OK
Detecting chromatographic peaks in 15833 regions of interest ... OK: 6457 found.
18
Detecting mass traces at 26 ppm ... OK
Detecting chromatographic peaks in 15833 regions of interest ... OK: 6542 found.
19
Detecting mass traces at 26 ppm ... OK
Detecting chromatographic peaks in 12430 regions of interest ... OK: 5273 found.
20
Detecting mass traces at 26 ppm ... OK
Detecting chromatographic peaks in 15833 regions of interest ... OK: 5512 found.
21
Detecting mass traces at 26 ppm ... OK
Detecting chromatographic peaks in 15833 regions of interest ... OK: 6485 found.
22
Detecting mass traces at 22.928 ppm ... OK
Detecting chromatographic peaks in 15678 regions of interest ... OK: 6474 found.
23
Detecting mass traces at 29.072 ppm ... OK
Detecting chromatographic peaks in 15930 regions of interest ... OK: 6406 found.
24
Detecting mass traces at 26 ppm ... OK
Detecting chromatographic peaks in 15833 regions of interest ... OK: 6553 found.
25
Detecting mass traces at 26 ppm ... OK
Detecting chromatographic peaks in 15833 regions of interest ... OK: 6211 found.
26
Detecting mass traces at 26 ppm ... OK
Detecting chromatographic peaks in 15833 regions of interest ... OK: 6457 found.
Detecting mass traces at 25.6928 ppm ... OK
Detecting chromatographic peaks in 15842 regions of interest ... OK: 6494 found.
no increase, stopping
best parameter settings:
min_peakwidth: 39.264
max_peakwidth: 93.5
ppm: 25.6928
mzdiff: -0.00463
snthresh: 10
noise: 500
prefilter: 3
value_of_prefilter: 500
mzCenterFun: wMean
integrate: 2
fitgauss: FALSE
verbose.columns: TRUE

There were 50 or more warnings (use warnings() to see the first 50)
Detecting mass traces at 25.6928 ppm ... OK
Detecting chromatographic peaks in 16414 regions of interest ... OK: 6598 found.
Detecting mass traces at 25.6928 ppm ... OK
Detecting chromatographic peaks in 15929 regions of interest ... OK: 6803 found.
Detecting mass traces at 25.6928 ppm ... OK
Detecting chromatographic peaks in 16357 regions of interest ... OK: 6638 found.
Detecting mass traces at 25.6928 ppm ... OK
Detecting chromatographic peaks in 16103 regions of interest ... OK: 6149 found.
Detecting mass traces at 25.6928 ppm ... OK
Detecting chromatographic peaks in 16441 regions of interest ... OK: 6139 found.
Warning messages:
1: In .local(object, ...) :
  It looks like this file is in profile mode. centWave can process only centroid mode data !

2: In .local(object, ...) :
  It looks like this file is in profile mode. centWave can process only centroid mode data !

3: In .local(object, ...) :
  It looks like this file is in profile mode. centWave can process only centroid mode data !

4: In .local(object, ...) :
  It looks like this file is in profile mode. centWave can process only centroid mode data !

5: In .local(object, ...) :
  It looks like this file is in profile mode. centWave can process only centroid mode data !




starting new DoE with:

distFunc: cor_opt
gapInit: c(0, 0.4)
gapExtend: c(2.1, 2.7)
profStep: c(0.7, 1)
plottype: none
response: 1
factorDiag: 2
factorGap: 1
localAlignment: 0
retcorMethod: obiwarp
bw: c(22, 38)
minfrac: 0.05
mzwid: c(0.015, 0.035)
minsamp: 1
max: 50
center: 2

Create profile matrix with method 'bin' and step 0.7 ... OK
Create profile matrix with method 'bin' and step 0.7 ... OK
Create profile matrix with method 'bin' and step 0.7 ... OK
Create profile matrix with method 'bin' and step 0.7 ... OK
Create profile matrix with method 'bin' and step 0.7 ... OK
Processing 119264 mz slices ... OK
Create profile matrix with method 'bin' and step 0.7 ... OK
Create profile matrix with method 'bin' and step 0.7 ... OK
Create profile matrix with method 'bin' and step 0.7 ... OK
Create profile matrix with method 'bin' and step 0.7 ... OK
Create profile matrix with method 'bin' and step 0.7 ... OK
Processing 119264 mz slices ... OK
Create profile matrix with method 'bin' and step 0.7 ... OK
Create profile matrix with method 'bin' and step 0.7 ... OK
Create profile matrix with method 'bin' and step 0.7 ... OK
Create profile matrix with method 'bin' and step 0.7 ... OK
Create profile matrix with method 'bin' and step 0.7 ... OK
Processing 119264 mz slices ... OK
Create profile matrix with method 'bin' and step 0.7 ... OK
Create profile matrix with method 'bin' and step 0.7 ... OK
Create profile matrix with method 'bin' and step 0.7 ... OK
Create profile matrix with method 'bin' and step 0.7 ... OK
Create profile matrix with method 'bin' and step 0.7 ... OK
Processing 119264 mz slices ... OK
Create profile matrix with method 'bin' and step 1 ... OK
Create profile matrix with method 'bin' and step 1 ... OK
Create profile matrix with method 'bin' and step 1 ... OK
Create profile matrix with method 'bin' and step 1 ... OK
Create profile matrix with method 'bin' and step 1 ... OK
Processing 119264 mz slices ... OK
Create profile matrix with method 'bin' and step 1 ... OK
Create profile matrix with method 'bin' and step 1 ... OK
Create profile matrix with method 'bin' and step 1 ... OK
Create profile matrix with method 'bin' and step 1 ... OK
Create profile matrix with method 'bin' and step 1 ... OK
Processing 119264 mz slices ... OK
Create profile matrix with method 'bin' and step 1 ... OK
Create profile matrix with method 'bin' and step 1 ... OK
Create profile matrix with method 'bin' and step 1 ... OK
Create profile matrix with method 'bin' and step 1 ... OK
Create profile matrix with method 'bin' and step 1 ... OK
Processing 119264 mz slices ... OK
Create profile matrix with method 'bin' and step 1 ... OK
Create profile matrix with method 'bin' and step 1 ... OK
Create profile matrix with method 'bin' and step 1 ... OK
Create profile matrix with method 'bin' and step 1 ... OK
Create profile matrix with method 'bin' and step 1 ... OK
Processing 119264 mz slices ... OK
Create profile matrix with method 'bin' and step 0.7 ... OK
Create profile matrix with method 'bin' and step 0.7 ... OK
Create profile matrix with method 'bin' and step 0.7 ... OK
Create profile matrix with method 'bin' and step 0.7 ... OK
Create profile matrix with method 'bin' and step 0.7 ... OK
Processing 119264 mz slices ... OK
Create profile matrix with method 'bin' and step 0.7 ... OK
Create profile matrix with method 'bin' and step 0.7 ... OK
Create profile matrix with method 'bin' and step 0.7 ... OK
Create profile matrix with method 'bin' and step 0.7 ... OK
Create profile matrix with method 'bin' and step 0.7 ... OK
Processing 119264 mz slices ... OK
Create profile matrix with method 'bin' and step 0.7 ... OK
Create profile matrix with method 'bin' and step 0.7 ... OK
Create profile matrix with method 'bin' and step 0.7 ... OK
Create profile matrix with method 'bin' and step 0.7 ... OK
Create profile matrix with method 'bin' and step 0.7 ... OK
Processing 119264 mz slices ... OK
Create profile matrix with method 'bin' and step 0.7 ... OK
Create profile matrix with method 'bin' and step 0.7 ... OK
Create profile matrix with method 'bin' and step 0.7 ... OK
Create profile matrix with method 'bin' and step 0.7 ... OK
Create profile matrix with method 'bin' and step 0.7 ... OK
Processing 119264 mz slices ... OK
Create profile matrix with method 'bin' and step 1 ... OK
Create profile matrix with method 'bin' and step 1 ... OK
Create profile matrix with method 'bin' and step 1 ... OK
Create profile matrix with method 'bin' and step 1 ... OK
Create profile matrix with method 'bin' and step 1 ... OK
Processing 119264 mz slices ... OK
Create profile matrix with method 'bin' and step 1 ... OK
Create profile matrix with method 'bin' and step 1 ... OK
Create profile matrix with method 'bin' and step 1 ... OK
Create profile matrix with method 'bin' and step 1 ... OK
Create profile matrix with method 'bin' and step 1 ... OK
Processing 119264 mz slices ... OK
Create profile matrix with method 'bin' and step 1 ... OK
Create profile matrix with method 'bin' and step 1 ... OK
Create profile matrix with method 'bin' and step 1 ... OK
Create profile matrix with method 'bin' and step 1 ... OK
Create profile matrix with method 'bin' and step 1 ... OK
Processing 119264 mz slices ... OK
Create profile matrix with method 'bin' and step 1 ... OK
Create profile matrix with method 'bin' and step 1 ... OK
Create profile matrix with method 'bin' and step 1 ... OK
Create profile matrix with method 'bin' and step 1 ... OK
Create profile matrix with method 'bin' and step 1 ... OK
Processing 119264 mz slices ... OK
Create profile matrix with method 'bin' and step 0.7 ... OK
Create profile matrix with method 'bin' and step 0.7 ... OK
Create profile matrix with method 'bin' and step 0.7 ... OK
Create profile matrix with method 'bin' and step 0.7 ... OK
Create profile matrix with method 'bin' and step 0.7 ... OK
Processing 51114 mz slices ... OK
Create profile matrix with method 'bin' and step 0.7 ... OK
Create profile matrix with method 'bin' and step 0.7 ... OK
Create profile matrix with method 'bin' and step 0.7 ... OK
Create profile matrix with method 'bin' and step 0.7 ... OK
Create profile matrix with method 'bin' and step 0.7 ... OK
Processing 51114 mz slices ... OK
Create profile matrix with method 'bin' and step 0.7 ... OK
Create profile matrix with method 'bin' and step 0.7 ... OK
Create profile matrix with method 'bin' and step 0.7 ... OK
Create profile matrix with method 'bin' and step 0.7 ... OK
Create profile matrix with method 'bin' and step 0.7 ... OK
Processing 51114 mz slices ... OK
Create profile matrix with method 'bin' and step 0.7 ... OK
Create profile matrix with method 'bin' and step 0.7 ... OK
Create profile matrix with method 'bin' and step 0.7 ... OK
Create profile matrix with method 'bin' and step 0.7 ... OK
Create profile matrix with method 'bin' and step 0.7 ... OK
Processing 51114 mz slices ... OK
Create profile matrix with method 'bin' and step 1 ... OK
Create profile matrix with method 'bin' and step 1 ... OK
Create profile matrix with method 'bin' and step 1 ... OK
Create profile matrix with method 'bin' and step 1 ... OK
Create profile matrix with method 'bin' and step 1 ... OK
Processing 51114 mz slices ... OK
Create profile matrix with method 'bin' and step 1 ... OK
Create profile matrix with method 'bin' and step 1 ... OK
Create profile matrix with method 'bin' and step 1 ... OK
Create profile matrix with method 'bin' and step 1 ... OK
Create profile matrix with method 'bin' and step 1 ... OK
Processing 51114 mz slices ... OK
Create profile matrix with method 'bin' and step 1 ... OK
Create profile matrix with method 'bin' and step 1 ... OK
Create profile matrix with method 'bin' and step 1 ... OK
Create profile matrix with method 'bin' and step 1 ... OK
Create profile matrix with method 'bin' and step 1 ... OK
Processing 51114 mz slices ... OK
Create profile matrix with method 'bin' and step 1 ... OK
Create profile matrix with method 'bin' and step 1 ... OK
Create profile matrix with method 'bin' and step 1 ... OK
Create profile matrix with method 'bin' and step 1 ... OK
Create profile matrix with method 'bin' and step 1 ... OK
Processing 51114 mz slices ... OK
Create profile matrix with method 'bin' and step 0.7 ... OK
Create profile matrix with method 'bin' and step 0.7 ... OK
Create profile matrix with method 'bin' and step 0.7 ... OK
Create profile matrix with method 'bin' and step 0.7 ... OK
Create profile matrix with method 'bin' and step 0.7 ... OK
Processing 51114 mz slices ... OK
Create profile matrix with method 'bin' and step 0.7 ... OK
Create profile matrix with method 'bin' and step 0.7 ... OK
Create profile matrix with method 'bin' and step 0.7 ... OK
Create profile matrix with method 'bin' and step 0.7 ... OK
Create profile matrix with method 'bin' and step 0.7 ... OK
Processing 51114 mz slices ... OK
Create profile matrix with method 'bin' and step 0.7 ... OK
Create profile matrix with method 'bin' and step 0.7 ... OK
Create profile matrix with method 'bin' and step 0.7 ... OK
Create profile matrix with method 'bin' and step 0.7 ... OK
Create profile matrix with method 'bin' and step 0.7 ... OK
Processing 51114 mz slices ... OK
Create profile matrix with method 'bin' and step 0.7 ... OK
Create profile matrix with method 'bin' and step 0.7 ... OK
Create profile matrix with method 'bin' and step 0.7 ... OK
Create profile matrix with method 'bin' and step 0.7 ... OK
Create profile matrix with method 'bin' and step 0.7 ... OK
Processing 51114 mz slices ... OK
Create profile matrix with method 'bin' and step 1 ... OK
Create profile matrix with method 'bin' and step 1 ... OK
Create profile matrix with method 'bin' and step 1 ... OK
Create profile matrix with method 'bin' and step 1 ... OK
Create profile matrix with method 'bin' and step 1 ... OK
Processing 51114 mz slices ... OK
Create profile matrix with method 'bin' and step 1 ... OK
Create profile matrix with method 'bin' and step 1 ... OK
Create profile matrix with method 'bin' and step 1 ... OK
Create profile matrix with method 'bin' and step 1 ... OK
Create profile matrix with method 'bin' and step 1 ... OK
Processing 51114 mz slices ... OK
Create profile matrix with method 'bin' and step 1 ... OK
Create profile matrix with method 'bin' and step 1 ... OK
Create profile matrix with method 'bin' and step 1 ... OK
Create profile matrix with method 'bin' and step 1 ... OK
Create profile matrix with method 'bin' and step 1 ... OK
Processing 51114 mz slices ... OK
Create profile matrix with method 'bin' and step 1 ... OK
Create profile matrix with method 'bin' and step 1 ... OK
Create profile matrix with method 'bin' and step 1 ... OK
Create profile matrix with method 'bin' and step 1 ... OK
Create profile matrix with method 'bin' and step 1 ... OK
Processing 51114 mz slices ... OK
Create profile matrix with method 'bin' and step 0.85 ... OK
Create profile matrix with method 'bin' and step 0.85 ... OK
Create profile matrix with method 'bin' and step 0.85 ... OK
Create profile matrix with method 'bin' and step 0.85 ... OK
Create profile matrix with method 'bin' and step 0.85 ... OK
Create profile matrix with method 'bin' and step 0.85 ... OK
Create profile matrix with method 'bin' and step 0.85 ... OK
Create profile matrix with method 'bin' and step 0.85 ... OK
Processing 71559 mz slices ... OK
Create profile matrix with method 'bin' and step 0.85 ... OK
Create profile matrix with method 'bin' and step 0.85 ... OK
Create profile matrix with method 'bin' and step 0.85 ... OK
Create profile matrix with method 'bin' and step 0.85 ... OK
Create profile matrix with method 'bin' and step 0.85 ... OK
Create profile matrix with method 'bin' and step 0.85 ... OK
Create profile matrix with method 'bin' and step 0.85 ... OK
Create profile matrix with method 'bin' and step 0.85 ... OK
Processing 71559 mz slices ... OK
Create profile matrix with method 'bin' and step 0.85 ... OK
Create profile matrix with method 'bin' and step 0.85 ... OK
Create profile matrix with method 'bin' and step 0.85 ... OK
Create profile matrix with method 'bin' and step 0.85 ... OK
Create profile matrix with method 'bin' and step 0.85 ... OK
Create profile matrix with method 'bin' and step 0.85 ... OK
Create profile matrix with method 'bin' and step 0.85 ... OK
Create profile matrix with method 'bin' and step 0.85 ... OK
Processing 71559 mz slices ... OK
Create profile matrix with method 'bin' and step 0.85 ... OK
Create profile matrix with method 'bin' and step 0.85 ... OK
Create profile matrix with method 'bin' and step 0.85 ... OK
Create profile matrix with method 'bin' and step 0.85 ... OK
Create profile matrix with method 'bin' and step 0.85 ... OK
Create profile matrix with method 'bin' and step 0.85 ... OK
Create profile matrix with method 'bin' and step 0.85 ... OK
Create profile matrix with method 'bin' and step 0.85 ... OK
Processing 71559 mz slices ... OK
Create profile matrix with method 'bin' and step 0.85 ... OK
Create profile matrix with method 'bin' and step 0.85 ... OK
Create profile matrix with method 'bin' and step 0.85 ... OK
Create profile matrix with method 'bin' and step 0.85 ... OK
Create profile matrix with method 'bin' and step 0.85 ... OK
Create profile matrix with method 'bin' and step 0.85 ... OK
Create profile matrix with method 'bin' and step 0.85 ... OK
Create profile matrix with method 'bin' and step 0.85 ... OK
Processing 71559 mz slices ... OK
Create profile matrix with method 'bin' and step 0.7 ... OK
Create profile matrix with method 'bin' and step 0.7 ... OK
Create profile matrix with method 'bin' and step 0.7 ... OK
Create profile matrix with method 'bin' and step 0.7 ... OK
Create profile matrix with method 'bin' and step 0.7 ... OK
Processing 71559 mz slices ... OK
Create profile matrix with method 'bin' and step 1 ... OK
Create profile matrix with method 'bin' and step 1 ... OK
Create profile matrix with method 'bin' and step 1 ... OK
Create profile matrix with method 'bin' and step 1 ... OK
Create profile matrix with method 'bin' and step 1 ... OK
Processing 71559 mz slices ... OK
Create profile matrix with method 'bin' and step 0.85 ... OK
Create profile matrix with method 'bin' and step 0.85 ... OK
Create profile matrix with method 'bin' and step 0.85 ... OK
Create profile matrix with method 'bin' and step 0.85 ... OK
Create profile matrix with method 'bin' and step 0.85 ... OK
Create profile matrix with method 'bin' and step 0.85 ... OK
Create profile matrix with method 'bin' and step 0.85 ... OK
Create profile matrix with method 'bin' and step 0.85 ... OK
Processing 71559 mz slices ... OK
Create profile matrix with method 'bin' and step 0.85 ... OK
Create profile matrix with method 'bin' and step 0.85 ... OK
Create profile matrix with method 'bin' and step 0.85 ... OK
Create profile matrix with method 'bin' and step 0.85 ... OK
Create profile matrix with method 'bin' and step 0.85 ... OK
Create profile matrix with method 'bin' and step 0.85 ... OK
Create profile matrix with method 'bin' and step 0.85 ... OK
Create profile matrix with method 'bin' and step 0.85 ... OK
Processing 71559 mz slices ... OK
Create profile matrix with method 'bin' and step 0.85 ... OK
Create profile matrix with method 'bin' and step 0.85 ... OK
Create profile matrix with method 'bin' and step 0.85 ... OK
Create profile matrix with method 'bin' and step 0.85 ... OK
Create profile matrix with method 'bin' and step 0.85 ... OK
Create profile matrix with method 'bin' and step 0.85 ... OK
Create profile matrix with method 'bin' and step 0.85 ... OK
Create profile matrix with method 'bin' and step 0.85 ... OK
Processing 119264 mz slices ... OK
Create profile matrix with method 'bin' and step 0.85 ... OK
Create profile matrix with method 'bin' and step 0.85 ... OK
Create profile matrix with method 'bin' and step 0.85 ... OK
Create profile matrix with method 'bin' and step 0.85 ... OK
Create profile matrix with method 'bin' and step 0.85 ... OK
Create profile matrix with method 'bin' and step 0.85 ... OK
Create profile matrix with method 'bin' and step 0.85 ... OK
Create profile matrix with method 'bin' and step 0.85 ... OK
Processing 51114 mz slices ... OK
Create profile matrix with method 'bin' and step 0.85 ... OK
Create profile matrix with method 'bin' and step 0.85 ... OK
Create profile matrix with method 'bin' and step 0.85 ... OK
Create profile matrix with method 'bin' and step 0.85 ... OK
Create profile matrix with method 'bin' and step 0.85 ... OK
Create profile matrix with method 'bin' and step 0.85 ... OK
Create profile matrix with method 'bin' and step 0.85 ... OK
Create profile matrix with method 'bin' and step 0.85 ... OK
Processing 71559 mz slices ... OK
Create profile matrix with method 'bin' and step 0.91 ... OK
Create profile matrix with method 'bin' and step 0.91 ... OK
Create profile matrix with method 'bin' and step 0.91 ... OK
Create profile matrix with method 'bin' and step 0.91 ... OK
Create profile matrix with method 'bin' and step 0.91 ... OK
Create profile matrix with method 'bin' and step 0.91 ... OK
Create profile matrix with method 'bin' and step 0.91 ... OK
Create profile matrix with method 'bin' and step 0.91 ... OK
Processing 119264 mz slices ... OK
profStep or minfrac greater 1, decreasing to 0.76 and 1



starting new DoE with:

gapInit: c(0.12, 0.52)
gapExtend: c(2.16, 2.64)
profStep: c(0.76, 1)
bw: c(12.4, 31.6)
mzwid: c(0.003, 0.027)
distFunc: cor_opt
plottype: none
response: 1
factorDiag: 2
factorGap: 1
localAlignment: 0
retcorMethod: obiwarp
minfrac: 0.05
minsamp: 1
max: 50
center: 2

Create profile matrix with method 'bin' and step 0.76 ... OK
Create profile matrix with method 'bin' and step 0.76 ... OK
Create profile matrix with method 'bin' and step 0.76 ... OK
Create profile matrix with method 'bin' and step 0.76 ... OK
Create profile matrix with method 'bin' and step 0.76 ... OK
Create profile matrix with method 'bin' and step 0.76 ... OK
Create profile matrix with method 'bin' and step 0.76 ... OK
Create profile matrix with method 'bin' and step 0.76 ... OK
Processing 596316 mz slices ... OK
Create profile matrix with method 'bin' and step 0.76 ... OK
Create profile matrix with method 'bin' and step 0.76 ... OK
Create profile matrix with method 'bin' and step 0.76 ... OK
Create profile matrix with method 'bin' and step 0.76 ... OK
Create profile matrix with method 'bin' and step 0.76 ... OK
Create profile matrix with method 'bin' and step 0.76 ... OK
Create profile matrix with method 'bin' and step 0.76 ... OK
Create profile matrix with method 'bin' and step 0.76 ... OK
Processing 596316 mz slices ... OK
Create profile matrix with method 'bin' and step 0.76 ... OK
Create profile matrix with method 'bin' and step 0.76 ... OK
Create profile matrix with method 'bin' and step 0.76 ... OK
Create profile matrix with method 'bin' and step 0.76 ... OK
Create profile matrix with method 'bin' and step 0.76 ... OK
Create profile matrix with method 'bin' and step 0.76 ... OK
Create profile matrix with method 'bin' and step 0.76 ... OK
Create profile matrix with method 'bin' and step 0.76 ... OK
Processing 596316 mz slices ... OK
Create profile matrix with method 'bin' and step 0.76 ... OK
Create profile matrix with method 'bin' and step 0.76 ... OK
Create profile matrix with method 'bin' and step 0.76 ... OK
Create profile matrix with method 'bin' and step 0.76 ... OK
Create profile matrix with method 'bin' and step 0.76 ... OK
Create profile matrix with method 'bin' and step 0.76 ... OK
Create profile matrix with method 'bin' and step 0.76 ... OK
Create profile matrix with method 'bin' and step 0.76 ... OK
Processing 596316 mz slices ... OK
Create profile matrix with method 'bin' and step 1 ... OK
Create profile matrix with method 'bin' and step 1 ... OK
Create profile matrix with method 'bin' and step 1 ... OK
Create profile matrix with method 'bin' and step 1 ... OK
Create profile matrix with method 'bin' and step 1 ... OK
Processing 596316 mz slices ... OK
Create profile matrix with method 'bin' and step 1 ... OK
Create profile matrix with method 'bin' and step 1 ... OK
Create profile matrix with method 'bin' and step 1 ... OK
Create profile matrix with method 'bin' and step 1 ... OK
Create profile matrix with method 'bin' and step 1 ... OK
Processing 596316 mz slices ... OK
Create profile matrix with method 'bin' and step 1 ... OK
Create profile matrix with method 'bin' and step 1 ... OK
Create profile matrix with method 'bin' and step 1 ... OK
Create profile matrix with method 'bin' and step 1 ... OK
Create profile matrix with method 'bin' and step 1 ... OK
Processing 596316 mz slices ... OK
Create profile matrix with method 'bin' and step 1 ... OK
Create profile matrix with method 'bin' and step 1 ... OK
Create profile matrix with method 'bin' and step 1 ... OK
Create profile matrix with method 'bin' and step 1 ... OK
Create profile matrix with method 'bin' and step 1 ... OK
Processing 596316 mz slices ... OK
Create profile matrix with method 'bin' and step 0.76 ... OK
Create profile matrix with method 'bin' and step 0.76 ... OK
Create profile matrix with method 'bin' and step 0.76 ... OK
Create profile matrix with method 'bin' and step 0.76 ... OK
Create profile matrix with method 'bin' and step 0.76 ... OK
Create profile matrix with method 'bin' and step 0.76 ... OK
Create profile matrix with method 'bin' and step 0.76 ... OK
Create profile matrix with method 'bin' and step 0.76 ... OK
Processing 596316 mz slices ... OK
Create profile matrix with method 'bin' and step 0.76 ... OK
Create profile matrix with method 'bin' and step 0.76 ... OK
Create profile matrix with method 'bin' and step 0.76 ... OK
Create profile matrix with method 'bin' and step 0.76 ... OK
Create profile matrix with method 'bin' and step 0.76 ... OK
Create profile matrix with method 'bin' and step 0.76 ... OK
Create profile matrix with method 'bin' and step 0.76 ... OK
Create profile matrix with method 'bin' and step 0.76 ... OK
Processing 596316 mz slices ... OK
Create profile matrix with method 'bin' and step 0.76 ... OK
Create profile matrix with method 'bin' and step 0.76 ... OK
Create profile matrix with method 'bin' and step 0.76 ... OK
Create profile matrix with method 'bin' and step 0.76 ... OK
Create profile matrix with method 'bin' and step 0.76 ... OK
Create profile matrix with method 'bin' and step 0.76 ... OK
Create profile matrix with method 'bin' and step 0.76 ... OK
Create profile matrix with method 'bin' and step 0.76 ... OK
Processing 596316 mz slices ... OK
Create profile matrix with method 'bin' and step 0.76 ... OK
Create profile matrix with method 'bin' and step 0.76 ... OK
Create profile matrix with method 'bin' and step 0.76 ... OK
Create profile matrix with method 'bin' and step 0.76 ... OK
Create profile matrix with method 'bin' and step 0.76 ... OK
Create profile matrix with method 'bin' and step 0.76 ... OK
Create profile matrix with method 'bin' and step 0.76 ... OK
Create profile matrix with method 'bin' and step 0.76 ... OK
Processing 596316 mz slices ... OK
Create profile matrix with method 'bin' and step 1 ... OK
Create profile matrix with method 'bin' and step 1 ... OK
Create profile matrix with method 'bin' and step 1 ... OK
Create profile matrix with method 'bin' and step 1 ... OK
Create profile matrix with method 'bin' and step 1 ... OK
Processing 596316 mz slices ... OK
Create profile matrix with method 'bin' and step 1 ... OK
Create profile matrix with method 'bin' and step 1 ... OK
Create profile matrix with method 'bin' and step 1 ... OK
Create profile matrix with method 'bin' and step 1 ... OK
Create profile matrix with method 'bin' and step 1 ... OK
Processing 596316 mz slices ... OK
Create profile matrix with method 'bin' and step 1 ... OK
Create profile matrix with method 'bin' and step 1 ... OK
Create profile matrix with method 'bin' and step 1 ... OK
Create profile matrix with method 'bin' and step 1 ... OK
Create profile matrix with method 'bin' and step 1 ... OK
Processing 596316 mz slices ... OK
Create profile matrix with method 'bin' and step 1 ... OK
Create profile matrix with method 'bin' and step 1 ... OK
Create profile matrix with method 'bin' and step 1 ... OK
Create profile matrix with method 'bin' and step 1 ... OK
Create profile matrix with method 'bin' and step 1 ... OK
Processing 596316 mz slices ... OK
Create profile matrix with method 'bin' and step 0.76 ... OK
Create profile matrix with method 'bin' and step 0.76 ... OK
Create profile matrix with method 'bin' and step 0.76 ... OK
Create profile matrix with method 'bin' and step 0.76 ... OK
Create profile matrix with method 'bin' and step 0.76 ... OK
Create profile matrix with method 'bin' and step 0.76 ... OK
Create profile matrix with method 'bin' and step 0.76 ... OK
Create profile matrix with method 'bin' and step 0.76 ... OK
Processing 66259 mz slices ... OK
Create profile matrix with method 'bin' and step 0.76 ... OK
Create profile matrix with method 'bin' and step 0.76 ... OK
Create profile matrix with method 'bin' and step 0.76 ... OK
Create profile matrix with method 'bin' and step 0.76 ... OK
Create profile matrix with method 'bin' and step 0.76 ... OK
Create profile matrix with method 'bin' and step 0.76 ... OK
Create profile matrix with method 'bin' and step 0.76 ... OK
Create profile matrix with method 'bin' and step 0.76 ... OK
Processing 66259 mz slices ... OK
Create profile matrix with method 'bin' and step 0.76 ... OK
Create profile matrix with method 'bin' and step 0.76 ... OK
Create profile matrix with method 'bin' and step 0.76 ... OK
Create profile matrix with method 'bin' and step 0.76 ... OK
Create profile matrix with method 'bin' and step 0.76 ... OK
Create profile matrix with method 'bin' and step 0.76 ... OK
Create profile matrix with method 'bin' and step 0.76 ... OK
Create profile matrix with method 'bin' and step 0.76 ... OK
Processing 66259 mz slices ... OK
Create profile matrix with method 'bin' and step 0.76 ... OK
Create profile matrix with method 'bin' and step 0.76 ... OK
Create profile matrix with method 'bin' and step 0.76 ... OK
Create profile matrix with method 'bin' and step 0.76 ... OK
Create profile matrix with method 'bin' and step 0.76 ... OK
Create profile matrix with method 'bin' and step 0.76 ... OK
Create profile matrix with method 'bin' and step 0.76 ... OK
Create profile matrix with method 'bin' and step 0.76 ... OK
Processing 66259 mz slices ... OK
Create profile matrix with method 'bin' and step 1 ... OK
Create profile matrix with method 'bin' and step 1 ... OK
Create profile matrix with method 'bin' and step 1 ... OK
Create profile matrix with method 'bin' and step 1 ... OK
Create profile matrix with method 'bin' and step 1 ... OK
Processing 66259 mz slices ... OK
Create profile matrix with method 'bin' and step 1 ... OK
Create profile matrix with method 'bin' and step 1 ... OK
Create profile matrix with method 'bin' and step 1 ... OK
Create profile matrix with method 'bin' and step 1 ... OK
Create profile matrix with method 'bin' and step 1 ... OK
Processing 66259 mz slices ... OK
Create profile matrix with method 'bin' and step 1 ... OK
Create profile matrix with method 'bin' and step 1 ... OK
Create profile matrix with method 'bin' and step 1 ... OK
Create profile matrix with method 'bin' and step 1 ... OK
Create profile matrix with method 'bin' and step 1 ... OK
Processing 66259 mz slices ... OK
Create profile matrix with method 'bin' and step 1 ... OK
Create profile matrix with method 'bin' and step 1 ... OK
Create profile matrix with method 'bin' and step 1 ... OK
Create profile matrix with method 'bin' and step 1 ... OK
Create profile matrix with method 'bin' and step 1 ... OK
Processing 66259 mz slices ... OK
Create profile matrix with method 'bin' and step 0.76 ... OK
Create profile matrix with method 'bin' and step 0.76 ... OK
Create profile matrix with method 'bin' and step 0.76 ... OK
Create profile matrix with method 'bin' and step 0.76 ... OK
Create profile matrix with method 'bin' and step 0.76 ... OK
Create profile matrix with method 'bin' and step 0.76 ... OK
Create profile matrix with method 'bin' and step 0.76 ... OK
Create profile matrix with method 'bin' and step 0.76 ... OK
Processing 66259 mz slices ... OK
Create profile matrix with method 'bin' and step 0.76 ... OK
Create profile matrix with method 'bin' and step 0.76 ... OK
Create profile matrix with method 'bin' and step 0.76 ... OK
Create profile matrix with method 'bin' and step 0.76 ... OK
Create profile matrix with method 'bin' and step 0.76 ... OK
Create profile matrix with method 'bin' and step 0.76 ... OK
Create profile matrix with method 'bin' and step 0.76 ... OK
Create profile matrix with method 'bin' and step 0.76 ... OK
Processing 66259 mz slices ... OK
Create profile matrix with method 'bin' and step 0.76 ... OK
Create profile matrix with method 'bin' and step 0.76 ... OK
Create profile matrix with method 'bin' and step 0.76 ... OK
Create profile matrix with method 'bin' and step 0.76 ... OK
Create profile matrix with method 'bin' and step 0.76 ... OK
Create profile matrix with method 'bin' and step 0.76 ... OK
Create profile matrix with method 'bin' and step 0.76 ... OK
Create profile matrix with method 'bin' and step 0.76 ... OK
Processing 66259 mz slices ... OK
Create profile matrix with method 'bin' and step 0.76 ... OK
Create profile matrix with method 'bin' and step 0.76 ... OK
Create profile matrix with method 'bin' and step 0.76 ... OK
Create profile matrix with method 'bin' and step 0.76 ... OK
Create profile matrix with method 'bin' and step 0.76 ... OK
Create profile matrix with method 'bin' and step 0.76 ... OK
Create profile matrix with method 'bin' and step 0.76 ... OK
Create profile matrix with method 'bin' and step 0.76 ... OK
Processing 66259 mz slices ... OK
Create profile matrix with method 'bin' and step 1 ... OK
Create profile matrix with method 'bin' and step 1 ... OK
Create profile matrix with method 'bin' and step 1 ... OK
Create profile matrix with method 'bin' and step 1 ... OK
Create profile matrix with method 'bin' and step 1 ... OK
Processing 66259 mz slices ... OK
Create profile matrix with method 'bin' and step 1 ... OK
Create profile matrix with method 'bin' and step 1 ... OK
Create profile matrix with method 'bin' and step 1 ... OK
Create profile matrix with method 'bin' and step 1 ... OK
Create profile matrix with method 'bin' and step 1 ... OK
Processing 66259 mz slices ... OK
Create profile matrix with method 'bin' and step 1 ... OK
Create profile matrix with method 'bin' and step 1 ... OK
Create profile matrix with method 'bin' and step 1 ... OK
Create profile matrix with method 'bin' and step 1 ... OK
Create profile matrix with method 'bin' and step 1 ... OK
Processing 66259 mz slices ... OK
Create profile matrix with method 'bin' and step 1 ... OK
Create profile matrix with method 'bin' and step 1 ... OK
Create profile matrix with method 'bin' and step 1 ... OK
Create profile matrix with method 'bin' and step 1 ... OK
Create profile matrix with method 'bin' and step 1 ... OK
Processing 66259 mz slices ... OK
Create profile matrix with method 'bin' and step 0.88 ... OK
Create profile matrix with method 'bin' and step 0.88 ... OK
Create profile matrix with method 'bin' and step 0.88 ... OK
Create profile matrix with method 'bin' and step 0.88 ... OK
Create profile matrix with method 'bin' and step 0.88 ... OK
Create profile matrix with method 'bin' and step 0.88 ... OK
Create profile matrix with method 'bin' and step 0.88 ... OK
Create profile matrix with method 'bin' and step 0.88 ... OK
Processing 119264 mz slices ... OK
Create profile matrix with method 'bin' and step 0.88 ... OK
Create profile matrix with method 'bin' and step 0.88 ... OK
Create profile matrix with method 'bin' and step 0.88 ... OK
Create profile matrix with method 'bin' and step 0.88 ... OK
Create profile matrix with method 'bin' and step 0.88 ... OK
Create profile matrix with method 'bin' and step 0.88 ... OK
Create profile matrix with method 'bin' and step 0.88 ... OK
Create profile matrix with method 'bin' and step 0.88 ... OK
Processing 119264 mz slices ... OK
Create profile matrix with method 'bin' and step 0.88 ... OK
Create profile matrix with method 'bin' and step 0.88 ... OK
Create profile matrix with method 'bin' and step 0.88 ... OK
Create profile matrix with method 'bin' and step 0.88 ... OK
Create profile matrix with method 'bin' and step 0.88 ... OK
Create profile matrix with method 'bin' and step 0.88 ... OK
Create profile matrix with method 'bin' and step 0.88 ... OK
Create profile matrix with method 'bin' and step 0.88 ... OK
Processing 119264 mz slices ... OK
Create profile matrix with method 'bin' and step 0.88 ... OK
Create profile matrix with method 'bin' and step 0.88 ... OK
Create profile matrix with method 'bin' and step 0.88 ... OK
Create profile matrix with method 'bin' and step 0.88 ... OK
Create profile matrix with method 'bin' and step 0.88 ... OK
Create profile matrix with method 'bin' and step 0.88 ... OK
Create profile matrix with method 'bin' and step 0.88 ... OK
Create profile matrix with method 'bin' and step 0.88 ... OK
Processing 119264 mz slices ... OK
Create profile matrix with method 'bin' and step 0.88 ... OK
Create profile matrix with method 'bin' and step 0.88 ... OK
Create profile matrix with method 'bin' and step 0.88 ... OK
Create profile matrix with method 'bin' and step 0.88 ... OK
Create profile matrix with method 'bin' and step 0.88 ... OK
Create profile matrix with method 'bin' and step 0.88 ... OK
Create profile matrix with method 'bin' and step 0.88 ... OK
Create profile matrix with method 'bin' and step 0.88 ... OK
Processing 119264 mz slices ... OK
Create profile matrix with method 'bin' and step 0.76 ... OK
Create profile matrix with method 'bin' and step 0.76 ... OK
Create profile matrix with method 'bin' and step 0.76 ... OK
Create profile matrix with method 'bin' and step 0.76 ... OK
Create profile matrix with method 'bin' and step 0.76 ... OK
Create profile matrix with method 'bin' and step 0.76 ... OK
Create profile matrix with method 'bin' and step 0.76 ... OK
Create profile matrix with method 'bin' and step 0.76 ... OK
Processing 119264 mz slices ... OK
Create profile matrix with method 'bin' and step 1 ... OK
Create profile matrix with method 'bin' and step 1 ... OK
Create profile matrix with method 'bin' and step 1 ... OK
Create profile matrix with method 'bin' and step 1 ... OK
Create profile matrix with method 'bin' and step 1 ... OK
Processing 119264 mz slices ... OK
Create profile matrix with method 'bin' and step 0.88 ... OK
Create profile matrix with method 'bin' and step 0.88 ... OK
Create profile matrix with method 'bin' and step 0.88 ... OK
Create profile matrix with method 'bin' and step 0.88 ... OK
Create profile matrix with method 'bin' and step 0.88 ... OK
Create profile matrix with method 'bin' and step 0.88 ... OK
Create profile matrix with method 'bin' and step 0.88 ... OK
Create profile matrix with method 'bin' and step 0.88 ... OK
Processing 119264 mz slices ... OK
Create profile matrix with method 'bin' and step 0.88 ... OK
Create profile matrix with method 'bin' and step 0.88 ... OK
Create profile matrix with method 'bin' and step 0.88 ... OK
Create profile matrix with method 'bin' and step 0.88 ... OK
Create profile matrix with method 'bin' and step 0.88 ... OK
Create profile matrix with method 'bin' and step 0.88 ... OK
Create profile matrix with method 'bin' and step 0.88 ... OK
Create profile matrix with method 'bin' and step 0.88 ... OK
Processing 119264 mz slices ... OK
Create profile matrix with method 'bin' and step 0.88 ... OK
Create profile matrix with method 'bin' and step 0.88 ... OK
Create profile matrix with method 'bin' and step 0.88 ... OK
Create profile matrix with method 'bin' and step 0.88 ... OK
Create profile matrix with method 'bin' and step 0.88 ... OK
Create profile matrix with method 'bin' and step 0.88 ... OK
Create profile matrix with method 'bin' and step 0.88 ... OK
Create profile matrix with method 'bin' and step 0.88 ... OK
Processing 596316 mz slices ... OK
Create profile matrix with method 'bin' and step 0.88 ... OK
Create profile matrix with method 'bin' and step 0.88 ... OK
Create profile matrix with method 'bin' and step 0.88 ... OK
Create profile matrix with method 'bin' and step 0.88 ... OK
Create profile matrix with method 'bin' and step 0.88 ... OK
Create profile matrix with method 'bin' and step 0.88 ... OK
Create profile matrix with method 'bin' and step 0.88 ... OK
Create profile matrix with method 'bin' and step 0.88 ... OK
Processing 66259 mz slices ... OK
Create profile matrix with method 'bin' and step 0.88 ... OK
Create profile matrix with method 'bin' and step 0.88 ... OK
Create profile matrix with method 'bin' and step 0.88 ... OK
Create profile matrix with method 'bin' and step 0.88 ... OK
Create profile matrix with method 'bin' and step 0.88 ... OK
Create profile matrix with method 'bin' and step 0.88 ... OK
Create profile matrix with method 'bin' and step 0.88 ... OK
Create profile matrix with method 'bin' and step 0.88 ... OK
Processing 119264 mz slices ... OK
Create profile matrix with method 'bin' and step 1 ... OK
Create profile matrix with method 'bin' and step 1 ... OK
Create profile matrix with method 'bin' and step 1 ... OK
Create profile matrix with method 'bin' and step 1 ... OK
Create profile matrix with method 'bin' and step 1 ... OK
Processing 102814 mz slices ... OK
profStep or minfrac greater 1, decreasing to 0.77 and 1



starting new DoE with:

gapInit: c(0.28, 0.76)
gapExtend: c(2.112, 2.688)
profStep: c(0.77, 1)
bw: c(0.879999999999999, 23.92)
mzwid: c(0.0078, 0.027)
distFunc: cor_opt
plottype: none
response: 1
factorDiag: 2
factorGap: 1
localAlignment: 0
retcorMethod: obiwarp
minfrac: 0.05
minsamp: 1
max: 50
center: 2

Create profile matrix with method 'bin' and step 0.77 ... OK
Create profile matrix with method 'bin' and step 0.77 ... OK
Create profile matrix with method 'bin' and step 0.77 ... OK
Create profile matrix with method 'bin' and step 0.77 ... OK
Create profile matrix with method 'bin' and step 0.77 ... OK
Create profile matrix with method 'bin' and step 0.77 ... OK
Create profile matrix with method 'bin' and step 0.77 ... OK
Create profile matrix with method 'bin' and step 0.77 ... OK
Processing 229353 mz slices ... OK
Create profile matrix with method 'bin' and step 0.77 ... OK
Create profile matrix with method 'bin' and step 0.77 ... OK
Create profile matrix with method 'bin' and step 0.77 ... OK
Create profile matrix with method 'bin' and step 0.77 ... OK
Create profile matrix with method 'bin' and step 0.77 ... OK
Create profile matrix with method 'bin' and step 0.77 ... OK
Create profile matrix with method 'bin' and step 0.77 ... OK
Create profile matrix with method 'bin' and step 0.77 ... OK
Processing 229353 mz slices ... OK
Create profile matrix with method 'bin' and step 0.77 ... OK
Create profile matrix with method 'bin' and step 0.77 ... OK
Create profile matrix with method 'bin' and step 0.77 ... OK
Create profile matrix with method 'bin' and step 0.77 ... OK
Create profile matrix with method 'bin' and step 0.77 ... OK
Create profile matrix with method 'bin' and step 0.77 ... OK
Create profile matrix with method 'bin' and step 0.77 ... OK
Create profile matrix with method 'bin' and step 0.77 ... OK
Processing 229353 mz slices ... OK
Create profile matrix with method 'bin' and step 0.77 ... OK
Create profile matrix with method 'bin' and step 0.77 ... OK
Create profile matrix with method 'bin' and step 0.77 ... OK
Create profile matrix with method 'bin' and step 0.77 ... OK
Create profile matrix with method 'bin' and step 0.77 ... OK
Create profile matrix with method 'bin' and step 0.77 ... OK
Create profile matrix with method 'bin' and step 0.77 ... OK
Create profile matrix with method 'bin' and step 0.77 ... OK
Processing 229353 mz slices ... OK
Create profile matrix with method 'bin' and step 1 ... OK
Create profile matrix with method 'bin' and step 1 ... OK
Create profile matrix with method 'bin' and step 1 ... OK
Create profile matrix with method 'bin' and step 1 ... OK
Create profile matrix with method 'bin' and step 1 ... OK
Processing 229353 mz slices ... OK
Create profile matrix with method 'bin' and step 1 ... OK
Create profile matrix with method 'bin' and step 1 ... OK
Create profile matrix with method 'bin' and step 1 ... OK
Create profile matrix with method 'bin' and step 1 ... OK
Create profile matrix with method 'bin' and step 1 ... OK
Processing 229353 mz slices ... OK
Create profile matrix with method 'bin' and step 1 ... OK
Create profile matrix with method 'bin' and step 1 ... OK
Create profile matrix with method 'bin' and step 1 ... OK
Create profile matrix with method 'bin' and step 1 ... OK
Create profile matrix with method 'bin' and step 1 ... OK
Processing 229353 mz slices ... OK
Create profile matrix with method 'bin' and step 1 ... OK
Create profile matrix with method 'bin' and step 1 ... OK
Create profile matrix with method 'bin' and step 1 ... OK
Create profile matrix with method 'bin' and step 1 ... OK
Create profile matrix with method 'bin' and step 1 ... OK
Processing 229353 mz slices ... OK
Create profile matrix with method 'bin' and step 0.77 ... OK
Create profile matrix with method 'bin' and step 0.77 ... OK
Create profile matrix with method 'bin' and step 0.77 ... OK
Create profile matrix with method 'bin' and step 0.77 ... OK
Create profile matrix with method 'bin' and step 0.77 ... OK
Create profile matrix with method 'bin' and step 0.77 ... OK
Create profile matrix with method 'bin' and step 0.77 ... OK
Create profile matrix with method 'bin' and step 0.77 ... OK
Processing 229353 mz slices ... OK
Create profile matrix with method 'bin' and step 0.77 ... OK
Create profile matrix with method 'bin' and step 0.77 ... OK
Create profile matrix with method 'bin' and step 0.77 ... OK
Create profile matrix with method 'bin' and step 0.77 ... OK
Create profile matrix with method 'bin' and step 0.77 ... OK
Create profile matrix with method 'bin' and step 0.77 ... OK
Create profile matrix with method 'bin' and step 0.77 ... OK
Create profile matrix with method 'bin' and step 0.77 ... OK
Processing 229353 mz slices ... OK
Create profile matrix with method 'bin' and step 0.77 ... OK
Create profile matrix with method 'bin' and step 0.77 ... OK
Create profile matrix with method 'bin' and step 0.77 ... OK
Create profile matrix with method 'bin' and step 0.77 ... OK
Create profile matrix with method 'bin' and step 0.77 ... OK
Create profile matrix with method 'bin' and step 0.77 ... OK
Create profile matrix with method 'bin' and step 0.77 ... OK
Create profile matrix with method 'bin' and step 0.77 ... OK
Processing 229353 mz slices ... OK
Create profile matrix with method 'bin' and step 0.77 ... OK
Create profile matrix with method 'bin' and step 0.77 ... OK
Create profile matrix with method 'bin' and step 0.77 ... OK
Create profile matrix with method 'bin' and step 0.77 ... OK
Create profile matrix with method 'bin' and step 0.77 ... OK
Create profile matrix with method 'bin' and step 0.77 ... OK
Create profile matrix with method 'bin' and step 0.77 ... OK
Create profile matrix with method 'bin' and step 0.77 ... OK
Processing 229353 mz slices ... OK
Create profile matrix with method 'bin' and step 1 ... OK
Create profile matrix with method 'bin' and step 1 ... OK
Create profile matrix with method 'bin' and step 1 ... OK
Create profile matrix with method 'bin' and step 1 ... OK
Create profile matrix with method 'bin' and step 1 ... OK
Processing 229353 mz slices ... OK
Create profile matrix with method 'bin' and step 1 ... OK
Create profile matrix with method 'bin' and step 1 ... OK
Create profile matrix with method 'bin' and step 1 ... OK
Create profile matrix with method 'bin' and step 1 ... OK
Create profile matrix with method 'bin' and step 1 ... OK
Processing 229353 mz slices ... OK
Create profile matrix with method 'bin' and step 1 ... OK
Create profile matrix with method 'bin' and step 1 ... OK
Create profile matrix with method 'bin' and step 1 ... OK
Create profile matrix with method 'bin' and step 1 ... OK
Create profile matrix with method 'bin' and step 1 ... OK
Processing 229353 mz slices ... OK
Create profile matrix with method 'bin' and step 1 ... OK
Create profile matrix with method 'bin' and step 1 ... OK
Create profile matrix with method 'bin' and step 1 ... OK
Create profile matrix with method 'bin' and step 1 ... OK
Create profile matrix with method 'bin' and step 1 ... OK
Processing 229353 mz slices ... OK
Create profile matrix with method 'bin' and step 0.77 ... OK
Create profile matrix with method 'bin' and step 0.77 ... OK
Create profile matrix with method 'bin' and step 0.77 ... OK
Create profile matrix with method 'bin' and step 0.77 ... OK
Create profile matrix with method 'bin' and step 0.77 ... OK
Create profile matrix with method 'bin' and step 0.77 ... OK
Create profile matrix with method 'bin' and step 0.77 ... OK
Create profile matrix with method 'bin' and step 0.77 ... OK
Processing 66259 mz slices ... OK
Create profile matrix with method 'bin' and step 0.77 ... OK
Create profile matrix with method 'bin' and step 0.77 ... OK
Create profile matrix with method 'bin' and step 0.77 ... OK
Create profile matrix with method 'bin' and step 0.77 ... OK
Create profile matrix with method 'bin' and step 0.77 ... OK
Create profile matrix with method 'bin' and step 0.77 ... OK
Create profile matrix with method 'bin' and step 0.77 ... OK
Create profile matrix with method 'bin' and step 0.77 ... OK
Processing 66259 mz slices ... OK
Create profile matrix with method 'bin' and step 0.77 ... OK
Create profile matrix with method 'bin' and step 0.77 ... OK
Create profile matrix with method 'bin' and step 0.77 ... OK
Create profile matrix with method 'bin' and step 0.77 ... OK
Create profile matrix with method 'bin' and step 0.77 ... OK
Create profile matrix with method 'bin' and step 0.77 ... OK
Create profile matrix with method 'bin' and step 0.77 ... OK
Create profile matrix with method 'bin' and step 0.77 ... OK
Processing 66259 mz slices ... OK
Create profile matrix with method 'bin' and step 0.77 ... OK
Create profile matrix with method 'bin' and step 0.77 ... OK
Create profile matrix with method 'bin' and step 0.77 ... OK
Create profile matrix with method 'bin' and step 0.77 ... OK
Create profile matrix with method 'bin' and step 0.77 ... OK
Create profile matrix with method 'bin' and step 0.77 ... OK
Create profile matrix with method 'bin' and step 0.77 ... OK
Create profile matrix with method 'bin' and step 0.77 ... OK
Processing 66259 mz slices ... OK
Create profile matrix with method 'bin' and step 1 ... OK
Create profile matrix with method 'bin' and step 1 ... OK
Create profile matrix with method 'bin' and step 1 ... OK
Create profile matrix with method 'bin' and step 1 ... OK
Create profile matrix with method 'bin' and step 1 ... OK
Processing 66259 mz slices ... OK
Create profile matrix with method 'bin' and step 1 ... OK
Create profile matrix with method 'bin' and step 1 ... OK
Create profile matrix with method 'bin' and step 1 ... OK
Create profile matrix with method 'bin' and step 1 ... OK
Create profile matrix with method 'bin' and step 1 ... OK
Processing 66259 mz slices ... OK
Create profile matrix with method 'bin' and step 1 ... OK
Create profile matrix with method 'bin' and step 1 ... OK
Create profile matrix with method 'bin' and step 1 ... OK
Create profile matrix with method 'bin' and step 1 ... OK
Create profile matrix with method 'bin' and step 1 ... OK
Processing 66259 mz slices ... OK
