center sample:  Volunteer2_blood_1h_POS 
Processing: Volunteer1_blood_4h_POS  Volunteer1_blood_0h_POS  Volunteer4_blood_4h_POS  Volunteer1_blood_1h_POS  
center sample:  Volunteer2_blood_1h_POS 
Processing: Volunteer1_blood_4h_POS  Volunteer1_blood_0h_POS  Volunteer4_blood_4h_POS  Volunteer1_blood_1h_POS  
center sample:  Volunteer2_blood_1h_POS 
Processing: Volunteer1_blood_4h_POS  Volunteer1_blood_0h_POS  Volunteer4_blood_4h_POS  Volunteer1_blood_1h_POS  
center sample:  Volunteer2_blood_1h_POS 
Processing: Volunteer1_blood_4h_POS  Volunteer1_blood_0h_POS  Volunteer4_blood_4h_POS  Volunteer1_blood_1h_POS  
center sample:  Volunteer2_blood_1h_POS 
Processing: Volunteer1_blood_4h_POS  Volunteer1_blood_0h_POS  Volunteer4_blood_4h_POS  Volunteer1_blood_1h_POS  
center sample:  Volunteer2_blood_1h_POS 
Processing: Volunteer1_blood_4h_POS  Volunteer1_blood_0h_POS  Volunteer4_blood_4h_POS  Volunteer1_blood_1h_POS  
center sample:  Volunteer2_blood_1h_POS 
Processing: Volunteer1_blood_4h_POS  Volunteer1_blood_0h_POS  Volunteer4_blood_4h_POS  Volunteer1_blood_1h_POS  
center sample:  Volunteer2_blood_1h_POS 
Processing: Volunteer1_blood_4h_POS  Volunteer1_blood_0h_POS  Volunteer4_blood_4h_POS  Volunteer1_blood_1h_POS  
center sample:  Volunteer2_blood_1h_POS 
Processing: Volunteer1_blood_4h_POS  Volunteer1_blood_0h_POS  Volunteer4_blood_4h_POS  Volunteer1_blood_1h_POS  
center sample:  Volunteer2_blood_1h_POS 
Processing: Volunteer1_blood_4h_POS  Volunteer1_blood_0h_POS  Volunteer4_blood_4h_POS  Volunteer1_blood_1h_POS  
center sample:  Volunteer2_blood_1h_POS 
Processing: Volunteer1_blood_4h_POS  Volunteer1_blood_0h_POS  Volunteer4_blood_4h_POS  Volunteer1_blood_1h_POS  
center sample:  Volunteer2_blood_1h_POS 
Processing: Volunteer1_blood_4h_POS  Volunteer1_blood_0h_POS  Volunteer4_blood_4h_POS  Volunteer1_blood_1h_POS  
center sample:  Volunteer2_blood_1h_POS 
Processing: Volunteer1_blood_4h_POS  Volunteer1_blood_0h_POS  Volunteer4_blood_4h_POS  Volunteer1_blood_1h_POS  
center sample:  Volunteer2_blood_1h_POS 
Processing: Volunteer1_blood_4h_POS  Volunteer1_blood_0h_POS  Volunteer4_blood_4h_POS  Volunteer1_blood_1h_POS  
center sample:  Volunteer2_blood_1h_POS 
Processing: Volunteer1_blood_4h_POS  Volunteer1_blood_0h_POS  Volunteer4_blood_4h_POS  Volunteer1_blood_1h_POS  
center sample:  Volunteer2_blood_1h_POS 
Processing: Volunteer1_blood_4h_POS  Volunteer1_blood_0h_POS  Volunteer4_blood_4h_POS  Volunteer1_blood_1h_POS  
center sample:  Volunteer2_blood_1h_POS 
Processing: Volunteer1_blood_4h_POS  Volunteer1_blood_0h_POS  Volunteer4_blood_4h_POS  Volunteer1_blood_1h_POS  
center sample:  Volunteer2_blood_1h_POS 
Processing: Volunteer1_blood_4h_POS  Volunteer1_blood_0h_POS  Volunteer4_blood_4h_POS  Volunteer1_blood_1h_POS  
center sample:  Volunteer2_blood_1h_POS 
Processing: Volunteer1_blood_4h_POS  Volunteer1_blood_0h_POS  Volunteer4_blood_4h_POS  Volunteer1_blood_1h_POS  
center sample:  Volunteer2_blood_1h_POS 
Processing: Volunteer1_blood_4h_POS  Volunteer1_blood_0h_POS  Volunteer4_blood_4h_POS  Volunteer1_blood_1h_POS  
center sample:  Volunteer2_blood_1h_POS 
Processing: Volunteer1_blood_4h_POS  Volunteer1_blood_0h_POS  Volunteer4_blood_4h_POS  Volunteer1_blood_1h_POS  
center sample:  Volunteer2_blood_1h_POS 
Processing: Volunteer1_blood_4h_POS  Volunteer1_blood_0h_POS  Volunteer4_blood_4h_POS  Volunteer1_blood_1h_POS  
center sample:  Volunteer2_blood_1h_POS 
Processing: Volunteer1_blood_4h_POS  Volunteer1_blood_0h_POS  Volunteer4_blood_4h_POS  Volunteer1_blood_1h_POS  
center sample:  Volunteer2_blood_1h_POS 
Processing: Volunteer1_blood_4h_POS  Volunteer1_blood_0h_POS  Volunteer4_blood_4h_POS  Volunteer1_blood_1h_POS  
center sample:  Volunteer2_blood_1h_POS 
Processing: Volunteer1_blood_4h_POS  Volunteer1_blood_0h_POS  Volunteer4_blood_4h_POS  Volunteer1_blood_1h_POS  
center sample:  Volunteer2_blood_1h_POS 
Processing: Volunteer1_blood_4h_POS  Volunteer1_blood_0h_POS  Volunteer4_blood_4h_POS  Volunteer1_blood_1h_POS  
center sample:  Volunteer2_blood_1h_POS 
Processing: Volunteer1_blood_4h_POS  Volunteer1_blood_0h_POS  Volunteer4_blood_4h_POS  Volunteer1_blood_1h_POS  
center sample:  Volunteer2_blood_1h_POS 
Processing: Volunteer1_blood_4h_POS  Volunteer1_blood_0h_POS  Volunteer4_blood_4h_POS  Volunteer1_blood_1h_POS  
center sample:  Volunteer2_blood_1h_POS 
Processing: Volunteer1_blood_4h_POS  Volunteer1_blood_0h_POS  Volunteer4_blood_4h_POS  Volunteer1_blood_1h_POS  
center sample:  Volunteer2_blood_1h_POS 
Processing: Volunteer1_blood_4h_POS  Volunteer1_blood_0h_POS  Volunteer4_blood_4h_POS  Volunteer1_blood_1h_POS  
center sample:  Volunteer2_blood_1h_POS 
Processing: Volunteer1_blood_4h_POS  Volunteer1_blood_0h_POS  Volunteer4_blood_4h_POS  Volunteer1_blood_1h_POS  
center sample:  Volunteer2_blood_1h_POS 
Processing: Volunteer1_blood_4h_POS  Volunteer1_blood_0h_POS  Volunteer4_blood_4h_POS  Volunteer1_blood_1h_POS  
center sample:  Volunteer2_blood_1h_POS 
Processing: Volunteer1_blood_4h_POS  Volunteer1_blood_0h_POS  Volunteer4_blood_4h_POS  Volunteer1_blood_1h_POS  
center sample:  Volunteer2_blood_1h_POS 
Processing: Volunteer1_blood_4h_POS  Volunteer1_blood_0h_POS  Volunteer4_blood_4h_POS  Volunteer1_blood_1h_POS  
center sample:  Volunteer2_blood_1h_POS 
Processing: Volunteer1_blood_4h_POS  Volunteer1_blood_0h_POS  Volunteer4_blood_4h_POS  Volunteer1_blood_1h_POS  
center sample:  Volunteer2_blood_1h_POS 
Processing: Volunteer1_blood_4h_POS  Volunteer1_blood_0h_POS  Volunteer4_blood_4h_POS  Volunteer1_blood_1h_POS  
center sample:  Volunteer2_blood_1h_POS 
Processing: Volunteer1_blood_4h_POS  Volunteer1_blood_0h_POS  Volunteer4_blood_4h_POS  Volunteer1_blood_1h_POS  
center sample:  Volunteer2_blood_1h_POS 
Processing: Volunteer1_blood_4h_POS  Volunteer1_blood_0h_POS  Volunteer4_blood_4h_POS  Volunteer1_blood_1h_POS  
center sample:  Volunteer2_blood_1h_POS 
Processing: Volunteer1_blood_4h_POS  Volunteer1_blood_0h_POS  Volunteer4_blood_4h_POS  Volunteer1_blood_1h_POS  
center sample:  Volunteer2_blood_1h_POS 
Processing: Volunteer1_blood_4h_POS  Volunteer1_blood_0h_POS  Volunteer4_blood_4h_POS  Volunteer1_blood_1h_POS  
center sample:  Volunteer2_blood_1h_POS 
Processing: Volunteer1_blood_4h_POS  Volunteer1_blood_0h_POS  Volunteer4_blood_4h_POS  Volunteer1_blood_1h_POS  
center sample:  Volunteer2_blood_1h_POS 
Processing: Volunteer1_blood_4h_POS  Volunteer1_blood_0h_POS  Volunteer4_blood_4h_POS  Volunteer1_blood_1h_POS  
center sample:  Volunteer2_blood_1h_POS 
Processing: Volunteer1_blood_4h_POS  Volunteer1_blood_0h_POS  Volunteer4_blood_4h_POS  Volunteer1_blood_1h_POS  
center sample:  Volunteer2_blood_1h_POS 
Processing: Volunteer1_blood_4h_POS  Volunteer1_blood_0h_POS  Volunteer4_blood_4h_POS  Volunteer1_blood_1h_POS  
center sample:  Volunteer2_blood_1h_POS 
Processing: Volunteer1_blood_4h_POS  Volunteer1_blood_0h_POS  Volunteer4_blood_4h_POS  Volunteer1_blood_1h_POS  
center sample:  Volunteer2_blood_1h_POS 
Processing: Volunteer1_blood_4h_POS  Volunteer1_blood_0h_POS  Volunteer4_blood_4h_POS  Volunteer1_blood_1h_POS  
center sample:  Volunteer2_blood_1h_POS 
Processing: Volunteer1_blood_4h_POS  Volunteer1_blood_0h_POS  Volunteer4_blood_4h_POS  Volunteer1_blood_1h_POS  
center sample:  Volunteer2_blood_1h_POS 
Processing: Volunteer1_blood_4h_POS  Volunteer1_blood_0h_POS  Volunteer4_blood_4h_POS  Volunteer1_blood_1h_POS  
center sample:  Volunteer2_blood_1h_POS 
Processing: Volunteer1_blood_4h_POS  Volunteer1_blood_0h_POS  Volunteer4_blood_4h_POS  Volunteer1_blood_1h_POS  
center sample:  Volunteer2_blood_1h_POS 
Processing: Volunteer1_blood_4h_POS  Volunteer1_blood_0h_POS  Volunteer4_blood_4h_POS  Volunteer1_blood_1h_POS  
center sample:  Volunteer2_blood_1h_POS 
Processing: Volunteer1_blood_4h_POS  Volunteer1_blood_0h_POS  Volunteer4_blood_4h_POS  Volunteer1_blood_1h_POS  
center sample:  Volunteer2_blood_1h_POS 
Processing: Volunteer1_blood_4h_POS  Volunteer1_blood_0h_POS  Volunteer4_blood_4h_POS  Volunteer1_blood_1h_POS  
center sample:  Volunteer2_blood_1h_POS 
Processing: Volunteer1_blood_4h_POS  Volunteer1_blood_0h_POS  Volunteer4_blood_4h_POS  Volunteer1_blood_1h_POS  
center sample:  Volunteer2_blood_1h_POS 
Processing: Volunteer1_blood_4h_POS  Volunteer1_blood_0h_POS  Volunteer4_blood_4h_POS  Volunteer1_blood_1h_POS  
center sample:  Volunteer2_blood_1h_POS 
Processing: Volunteer1_blood_4h_POS  Volunteer1_blood_0h_POS  Volunteer4_blood_4h_POS  Volunteer1_blood_1h_POS  
center sample:  Volunteer2_blood_1h_POS 
Processing: Volunteer1_blood_4h_POS  Volunteer1_blood_0h_POS  Volunteer4_blood_4h_POS  Volunteer1_blood_1h_POS  
center sample:  Volunteer2_blood_1h_POS 
Processing: Volunteer1_blood_4h_POS  Volunteer1_blood_0h_POS  Volunteer4_blood_4h_POS  Volunteer1_blood_1h_POS  
center sample:  Volunteer2_blood_1h_POS 
Processing: Volunteer1_blood_4h_POS  Volunteer1_blood_0h_POS  Volunteer4_blood_4h_POS  Volunteer1_blood_1h_POS  
center sample:  Volunteer2_blood_1h_POS 
Processing: Volunteer1_blood_4h_POS  Volunteer1_blood_0h_POS  Volunteer4_blood_4h_POS  Volunteer1_blood_1h_POS  
center sample:  Volunteer2_blood_1h_POS 
Processing: Volunteer1_blood_4h_POS  Volunteer1_blood_0h_POS  Volunteer4_blood_4h_POS  Volunteer1_blood_1h_POS  
center sample:  Volunteer2_blood_1h_POS 
Processing: Volunteer1_blood_4h_POS  Volunteer1_blood_0h_POS  Volunteer4_blood_4h_POS  Volunteer1_blood_1h_POS  
center sample:  Volunteer2_blood_1h_POS 
Processing: Volunteer1_blood_4h_POS  Volunteer1_blood_0h_POS  Volunteer4_blood_4h_POS  Volunteer1_blood_1h_POS  
center sample:  Volunteer2_blood_1h_POS 
Processing: Volunteer1_blood_4h_POS  Volunteer1_blood_0h_POS  Volunteer4_blood_4h_POS  Volunteer1_blood_1h_POS  
center sample:  Volunteer2_blood_1h_POS 
Processing: Volunteer1_blood_4h_POS  Volunteer1_blood_0h_POS  Volunteer4_blood_4h_POS  Volunteer1_blood_1h_POS  
center sample:  Volunteer2_blood_1h_POS 
Processing: Volunteer1_blood_4h_POS  Volunteer1_blood_0h_POS  Volunteer4_blood_4h_POS  Volunteer1_blood_1h_POS  
center sample:  Volunteer2_blood_1h_POS 
Processing: Volunteer1_blood_4h_POS  Volunteer1_blood_0h_POS  Volunteer4_blood_4h_POS  Volunteer1_blood_1h_POS  
center sample:  Volunteer2_blood_1h_POS 
Processing: Volunteer1_blood_4h_POS  Volunteer1_blood_0h_POS  Volunteer4_blood_4h_POS  Volunteer1_blood_1h_POS  
center sample:  Volunteer2_blood_1h_POS 
Processing: Volunteer1_blood_4h_POS  Volunteer1_blood_0h_POS  Volunteer4_blood_4h_POS  Volunteer1_blood_1h_POS  
center sample:  Volunteer2_blood_1h_POS 
Processing: Volunteer1_blood_4h_POS  Volunteer1_blood_0h_POS  Volunteer4_blood_4h_POS  Volunteer1_blood_1h_POS  
center sample:  Volunteer2_blood_1h_POS 
Processing: Volunteer1_blood_4h_POS  Volunteer1_blood_0h_POS  Volunteer4_blood_4h_POS  Volunteer1_blood_1h_POS  
center sample:  Volunteer2_blood_1h_POS 
Processing: Volunteer1_blood_4h_POS  Volunteer1_blood_0h_POS  Volunteer4_blood_4h_POS  Volunteer1_blood_1h_POS  
center sample:  Volunteer2_blood_1h_POS 
Processing: Volunteer1_blood_4h_POS  Volunteer1_blood_0h_POS  Volunteer4_blood_4h_POS  Volunteer1_blood_1h_POS  
center sample:  Volunteer2_blood_1h_POS 
Processing: Volunteer1_blood_4h_POS  Volunteer1_blood_0h_POS  Volunteer4_blood_4h_POS  Volunteer1_blood_1h_POS  
center sample:  Volunteer2_blood_1h_POS 
Processing: Volunteer1_blood_4h_POS  Volunteer1_blood_0h_POS  Volunteer4_blood_4h_POS  Volunteer1_blood_1h_POS  
center sample:  Volunteer2_blood_1h_POS 
Processing: Volunteer1_blood_4h_POS  Volunteer1_blood_0h_POS  Volunteer4_blood_4h_POS  Volunteer1_blood_1h_POS  
center sample:  Volunteer2_blood_1h_POS 
Processing: Volunteer1_blood_4h_POS  Volunteer1_blood_0h_POS  Volunteer4_blood_4h_POS  Volunteer1_blood_1h_POS  
center sample:  Volunteer2_blood_1h_POS 
Processing: Volunteer1_blood_4h_POS  Volunteer1_blood_0h_POS  Volunteer4_blood_4h_POS  Volunteer1_blood_1h_POS  
center sample:  Volunteer2_blood_1h_POS 
Processing: Volunteer1_blood_4h_POS  Volunteer1_blood_0h_POS  Volunteer4_blood_4h_POS  Volunteer1_blood_1h_POS  
center sample:  Volunteer2_blood_1h_POS 
Processing: Volunteer1_blood_4h_POS  Volunteer1_blood_0h_POS  Volunteer4_blood_4h_POS  Volunteer1_blood_1h_POS  
center sample:  Volunteer2_blood_1h_POS 
Processing: Volunteer1_blood_4h_POS  Volunteer1_blood_0h_POS  Volunteer4_blood_4h_POS  Volunteer1_blood_1h_POS  
center sample:  Volunteer2_blood_1h_POS 
Processing: Volunteer1_blood_4h_POS  Volunteer1_blood_0h_POS  Volunteer4_blood_4h_POS  Volunteer1_blood_1h_POS  
center sample:  Volunteer2_blood_1h_POS 
Processing: Volunteer1_blood_4h_POS  Volunteer1_blood_0h_POS  Volunteer4_blood_4h_POS  Volunteer1_blood_1h_POS  
center sample:  Volunteer2_blood_1h_POS 
Processing: Volunteer1_blood_4h_POS  Volunteer1_blood_0h_POS  Volunteer4_blood_4h_POS  Volunteer1_blood_1h_POS  
center sample:  Volunteer2_blood_1h_POS 
Processing: Volunteer1_blood_4h_POS  Volunteer1_blood_0h_POS  Volunteer4_blood_4h_POS  Volunteer1_blood_1h_POS  
center sample:  Volunteer2_blood_1h_POS 
Processing: Volunteer1_blood_4h_POS  Volunteer1_blood_0h_POS  Volunteer4_blood_4h_POS  Volunteer1_blood_1h_POS  
center sample:  Volunteer2_blood_1h_POS 
Processing: Volunteer1_blood_4h_POS  Volunteer1_blood_0h_POS  Volunteer4_blood_4h_POS  Volunteer1_blood_1h_POS  
center sample:  Volunteer2_blood_1h_POS 
Processing: Volunteer1_blood_4h_POS  Volunteer1_blood_0h_POS  Volunteer4_blood_4h_POS  Volunteer1_blood_1h_POS  
center sample:  Volunteer2_blood_1h_POS 
Processing: Volunteer1_blood_4h_POS  Volunteer1_blood_0h_POS  Volunteer4_blood_4h_POS  Volunteer1_blood_1h_POS  
center sample:  Volunteer2_blood_1h_POS 
Processing: Volunteer1_blood_4h_POS  Volunteer1_blood_0h_POS  Volunteer4_blood_4h_POS  Volunteer1_blood_1h_POS  
center sample:  Volunteer2_blood_1h_POS 
Processing: Volunteer1_blood_4h_POS  Volunteer1_blood_0h_POS  Volunteer4_blood_4h_POS  Volunteer1_blood_1h_POS  
center sample:  Volunteer2_blood_1h_POS 
Processing: Volunteer1_blood_4h_POS  Volunteer1_blood_0h_POS  Volunteer4_blood_4h_POS  Volunteer1_blood_1h_POS  
center sample:  Volunteer2_blood_1h_POS 
Processing: Volunteer1_blood_4h_POS  Volunteer1_blood_0h_POS  Volunteer4_blood_4h_POS  Volunteer1_blood_1h_POS  
center sample:  Volunteer2_blood_1h_POS 
Processing: Volunteer1_blood_4h_POS  Volunteer1_blood_0h_POS  Volunteer4_blood_4h_POS  Volunteer1_blood_1h_POS  
center sample:  Volunteer2_blood_1h_POS 
Processing: Volunteer1_blood_4h_POS  Volunteer1_blood_0h_POS  Volunteer4_blood_4h_POS  Volunteer1_blood_1h_POS  
center sample:  Volunteer2_blood_1h_POS 
Processing: Volunteer1_blood_4h_POS  Volunteer1_blood_0h_POS  Volunteer4_blood_4h_POS  Volunteer1_blood_1h_POS  
center sample:  Volunteer2_blood_1h_POS 
Processing: Volunteer1_blood_4h_POS  Volunteer1_blood_0h_POS  Volunteer4_blood_4h_POS  Volunteer1_blood_1h_POS  
center sample:  Volunteer2_blood_1h_POS 
Processing: Volunteer1_blood_4h_POS  Volunteer1_blood_0h_POS  Volunteer4_blood_4h_POS  Volunteer1_blood_1h_POS  
center sample:  Volunteer2_blood_1h_POS 
Processing: Volunteer1_blood_4h_POS  Volunteer1_blood_0h_POS  Volunteer4_blood_4h_POS  Volunteer1_blood_1h_POS  
center sample:  Volunteer2_blood_1h_POS 
Processing: Volunteer1_blood_4h_POS  Volunteer1_blood_0h_POS  Volunteer4_blood_4h_POS  Volunteer1_blood_1h_POS  
center sample:  Volunteer2_blood_1h_POS 
Processing: Volunteer1_blood_4h_POS  Volunteer1_blood_0h_POS  Volunteer4_blood_4h_POS  Volunteer1_blood_1h_POS  
center sample:  Volunteer2_blood_1h_POS 
Processing: Volunteer1_blood_4h_POS  Volunteer1_blood_0h_POS  Volunteer4_blood_4h_POS  Volunteer1_blood_1h_POS  
center sample:  Volunteer2_blood_1h_POS 
Processing: Volunteer1_blood_4h_POS  Volunteer1_blood_0h_POS  Volunteer4_blood_4h_POS  Volunteer1_blood_1h_POS  
center sample:  Volunteer2_blood_1h_POS 
Processing: Volunteer1_blood_4h_POS  Volunteer1_blood_0h_POS  Volunteer4_blood_4h_POS  Volunteer1_blood_1h_POS  
center sample:  Volunteer2_blood_1h_POS 
Processing: Volunteer1_blood_4h_POS  Volunteer1_blood_0h_POS  Volunteer4_blood_4h_POS  Volunteer1_blood_1h_POS  
center sample:  Volunteer2_blood_1h_POS 
Processing: Volunteer1_blood_4h_POS  Volunteer1_blood_0h_POS  Volunteer4_blood_4h_POS  Volunteer1_blood_1h_POS  
center sample:  Volunteer2_blood_1h_POS 
Processing: Volunteer1_blood_4h_POS  Volunteer1_blood_0h_POS  Volunteer4_blood_4h_POS  Volunteer1_blood_1h_POS  
center sample:  Volunteer2_blood_1h_POS 
Processing: Volunteer1_blood_4h_POS  Volunteer1_blood_0h_POS  Volunteer4_blood_4h_POS  Volunteer1_blood_1h_POS  
center sample:  Volunteer2_blood_1h_POS 
Processing: Volunteer1_blood_4h_POS  Volunteer1_blood_0h_POS  Volunteer4_blood_4h_POS  Volunteer1_blood_1h_POS  
center sample:  Volunteer2_blood_1h_POS 
Processing: Volunteer1_blood_4h_POS  Volunteer1_blood_0h_POS  Volunteer4_blood_4h_POS  Volunteer1_blood_1h_POS  
center sample:  Volunteer2_blood_1h_POS 
Processing: Volunteer1_blood_4h_POS  Volunteer1_blood_0h_POS  Volunteer4_blood_4h_POS  Volunteer1_blood_1h_POS  
center sample:  Volunteer2_blood_1h_POS 
Processing: Volunteer1_blood_4h_POS  Volunteer1_blood_0h_POS  Volunteer4_blood_4h_POS  Volunteer1_blood_1h_POS  
center sample:  Volunteer2_blood_1h_POS 
Processing: Volunteer1_blood_4h_POS  Volunteer1_blood_0h_POS  Volunteer4_blood_4h_POS  Volunteer1_blood_1h_POS  
center sample:  Volunteer2_blood_1h_POS 
Processing: Volunteer1_blood_4h_POS  Volunteer1_blood_0h_POS  Volunteer4_blood_4h_POS  Volunteer1_blood_1h_POS  
center sample:  Volunteer2_blood_1h_POS 
Processing: Volunteer1_blood_4h_POS  Volunteer1_blood_0h_POS  Volunteer4_blood_4h_POS  Volunteer1_blood_1h_POS  
center sample:  Volunteer2_blood_1h_POS 
Processing: Volunteer1_blood_4h_POS  Volunteer1_blood_0h_POS  Volunteer4_blood_4h_POS  Volunteer1_blood_1h_POS  
center sample:  Volunteer2_blood_1h_POS 
Processing: Volunteer1_blood_4h_POS  Volunteer1_blood_0h_POS  Volunteer4_blood_4h_POS  Volunteer1_blood_1h_POS  
center sample:  Volunteer2_blood_1h_POS 
Processing: Volunteer1_blood_4h_POS  Volunteer1_blood_0h_POS  Volunteer4_blood_4h_POS  Volunteer1_blood_1h_POS  
center sample:  Volunteer2_blood_1h_POS 
Processing: Volunteer1_blood_4h_POS  Volunteer1_blood_0h_POS  Volunteer4_blood_4h_POS  Volunteer1_blood_1h_POS  
center sample:  Volunteer2_blood_1h_POS 
Processing: Volunteer1_blood_4h_POS  Volunteer1_blood_0h_POS  Volunteer4_blood_4h_POS  Volunteer1_blood_1h_POS  
center sample:  Volunteer2_blood_1h_POS 
Processing: Volunteer1_blood_4h_POS  Volunteer1_blood_0h_POS  Volunteer4_blood_4h_POS  Volunteer1_blood_1h_POS  
center sample:  Volunteer2_blood_1h_POS 
Processing: Volunteer1_blood_4h_POS  Volunteer1_blood_0h_POS  Volunteer4_blood_4h_POS  Volunteer1_blood_1h_POS  
center sample:  Volunteer2_blood_1h_POS 
Processing: Volunteer1_blood_4h_POS  Volunteer1_blood_0h_POS  Volunteer4_blood_4h_POS  Volunteer1_blood_1h_POS  
center sample:  Volunteer2_blood_1h_POS 
Processing: Volunteer1_blood_4h_POS  Volunteer1_blood_0h_POS  Volunteer4_blood_4h_POS  Volunteer1_blood_1h_POS  
center sample:  Volunteer2_blood_1h_POS 
Processing: Volunteer1_blood_4h_POS  Volunteer1_blood_0h_POS  Volunteer4_blood_4h_POS  Volunteer1_blood_1h_POS  
center sample:  Volunteer2_blood_1h_POS 
Processing: Volunteer1_blood_4h_POS  Volunteer1_blood_0h_POS  Volunteer4_blood_4h_POS  Volunteer1_blood_1h_POS  
center sample:  Volunteer2_blood_1h_POS 
Processing: Volunteer1_blood_4h_POS  Volunteer1_blood_0h_POS  Volunteer4_blood_4h_POS  Volunteer1_blood_1h_POS  
center sample:  Volunteer2_blood_1h_POS 
Processing: Volunteer1_blood_4h_POS  Volunteer1_blood_0h_POS  Volunteer4_blood_4h_POS  Volunteer1_blood_1h_POS  
center sample:  Volunteer2_blood_1h_POS 
Processing: Volunteer1_blood_4h_POS  Volunteer1_blood_0h_POS  Volunteer4_blood_4h_POS  Volunteer1_blood_1h_POS  
center sample:  Volunteer2_blood_1h_POS 
Processing: Volunteer1_blood_4h_POS  Volunteer1_blood_0h_POS  Volunteer4_blood_4h_POS  Volunteer1_blood_1h_POS  
center sample:  Volunteer2_blood_1h_POS 
Processing: Volunteer1_blood_4h_POS  Volunteer1_blood_0h_POS  Volunteer4_blood_4h_POS  Volunteer1_blood_1h_POS  
center sample:  Volunteer2_blood_1h_POS 
Processing: Volunteer1_blood_4h_POS  Volunteer1_blood_0h_POS  Volunteer4_blood_4h_POS  Volunteer1_blood_1h_POS  
center sample:  Volunteer2_blood_1h_POS 
Processing: Volunteer1_blood_4h_POS  Volunteer1_blood_0h_POS  Volunteer4_blood_4h_POS  Volunteer1_blood_1h_POS  
center sample:  Volunteer2_blood_1h_POS 
Processing: Volunteer1_blood_4h_POS  Volunteer1_blood_0h_POS  Volunteer4_blood_4h_POS  Volunteer1_blood_1h_POS  
center sample:  Volunteer2_blood_1h_POS 
Processing: Volunteer1_blood_4h_POS  Volunteer1_blood_0h_POS  Volunteer4_blood_4h_POS  Volunteer1_blood_1h_POS  
center sample:  Volunteer2_blood_1h_POS 
Processing: Volunteer1_blood_4h_POS  Volunteer1_blood_0h_POS  Volunteer4_blood_4h_POS  Volunteer1_blood_1h_POS  
18178 regions of interest ... OK: 7392 found.
72
Detecting mass traces at 26 ppm ... OK
Detecting chromatographic peaks in 18044 regions of interest ... OK: 7951 found.
73
Detecting mass traces at 26 ppm ... OK
Detecting chromatographic peaks in 18044 regions of interest ... OK: 6755 found.
74
Detecting mass traces at 26 ppm ... OK
Detecting chromatographic peaks in 18819 regions of interest ... OK: 7623 found.
75
Detecting mass traces at 26 ppm ... OK
Detecting chromatographic peaks in 16429 regions of interest ... OK: 7455 found.
76
Detecting mass traces at 26 ppm ... OK
Detecting chromatographic peaks in 18044 regions of interest ... OK: 7575 found.
77
Detecting mass traces at 26 ppm ... OK
Detecting chromatographic peaks in 18044 regions of interest ... OK: 7575 found.
78
Detecting mass traces at 26 ppm ... OK
Detecting chromatographic peaks in 18044 regions of interest ... OK: 7575 found.
Detecting mass traces at 26.6 ppm ... OK
Detecting chromatographic peaks in 17543 regions of interest ... OK: 7799 found.
no increase, stopping
best parameter settings:
min_peakwidth: 31.2
max_peakwidth: 80
ppm: 26.6
mzdiff: -0.0032
noise: 574.25
value_of_prefilter: 277.25
snthresh: 10
prefilter: 3
mzCenterFun: wMean
integrate: 2
fitgauss: FALSE
verbose.columns: TRUE

There were 50 or more warnings (use warnings() to see the first 50)
Detecting mass traces at 26.6 ppm ... OK
Detecting chromatographic peaks in 17219 regions of interest ... OK: 7830 found.
Detecting mass traces at 26.6 ppm ... OK
Detecting chromatographic peaks in 17252 regions of interest ... OK: 7869 found.
Detecting mass traces at 26.6 ppm ... OK
Detecting chromatographic peaks in 17926 regions of interest ... OK: 8211 found.
Detecting mass traces at 26.6 ppm ... OK
Detecting chromatographic peaks in 17812 regions of interest ... OK: 8421 found.
Detecting mass traces at 26.6 ppm ... OK
Detecting chromatographic peaks in 17540 regions of interest ... OK: 7646 found.
Warning messages:
1: In .local(object, ...) :
  It looks like this file is in profile mode. centWave can process only centroid mode data !

2: In .local(object, ...) :
  It looks like this file is in profile mode. centWave can process only centroid mode data !

3: In .local(object, ...) :
  It looks like this file is in profile mode. centWave can process only centroid mode data !

4: In .local(object, ...) :
  It looks like this file is in profile mode. centWave can process only centroid mode data !

5: In .local(object, ...) :
  It looks like this file is in profile mode. centWave can process only centroid mode data !




starting new DoE with:

distFunc: cor_opt
gapInit: c(0, 0.4)
gapExtend: c(2.1, 2.7)
profStep: c(0.7, 1)
plottype: none
response: 1
factorDiag: 2
factorGap: 1
localAlignment: 0
retcorMethod: obiwarp
bw: c(22, 38)
minfrac: 0.05
mzwid: c(0.015, 0.035)
minsamp: 1
max: 50
center: 4

Create profile matrix with method 'bin' and step 0.7 ... OK
Create profile matrix with method 'bin' and step 0.7 ... OK
Create profile matrix with method 'bin' and step 0.7 ... OK
Create profile matrix with method 'bin' and step 0.7 ... OK
Create profile matrix with method 'bin' and step 0.7 ... OK
Processing 119151 mz slices ... OK
Create profile matrix with method 'bin' and step 0.7 ... OK
Create profile matrix with method 'bin' and step 0.7 ... OK
Create profile matrix with method 'bin' and step 0.7 ... OK
Create profile matrix with method 'bin' and step 0.7 ... OK
Create profile matrix with method 'bin' and step 0.7 ... OK
Processing 119151 mz slices ... OK
Create profile matrix with method 'bin' and step 0.7 ... OK
Create profile matrix with method 'bin' and step 0.7 ... OK
Create profile matrix with method 'bin' and step 0.7 ... OK
Create profile matrix with method 'bin' and step 0.7 ... OK
Create profile matrix with method 'bin' and step 0.7 ... OK
Processing 119151 mz slices ... OK
Create profile matrix with method 'bin' and step 0.7 ... OK
Create profile matrix with method 'bin' and step 0.7 ... OK
Create profile matrix with method 'bin' and step 0.7 ... OK
Create profile matrix with method 'bin' and step 0.7 ... OK
Create profile matrix with method 'bin' and step 0.7 ... OK
Processing 119151 mz slices ... OK
Create profile matrix with method 'bin' and step 1 ... OK
Create profile matrix with method 'bin' and step 1 ... OK
Create profile matrix with method 'bin' and step 1 ... OK
Create profile matrix with method 'bin' and step 1 ... OK
Create profile matrix with method 'bin' and step 1 ... OK
Processing 119151 mz slices ... OK
Create profile matrix with method 'bin' and step 1 ... OK
Create profile matrix with method 'bin' and step 1 ... OK
Create profile matrix with method 'bin' and step 1 ... OK
Create profile matrix with method 'bin' and step 1 ... OK
Create profile matrix with method 'bin' and step 1 ... OK
Processing 119151 mz slices ... OK
Create profile matrix with method 'bin' and step 1 ... OK
Create profile matrix with method 'bin' and step 1 ... OK
Create profile matrix with method 'bin' and step 1 ... OK
Create profile matrix with method 'bin' and step 1 ... OK
Create profile matrix with method 'bin' and step 1 ... OK
Processing 119151 mz slices ... OK
Create profile matrix with method 'bin' and step 1 ... OK
Create profile matrix with method 'bin' and step 1 ... OK
Create profile matrix with method 'bin' and step 1 ... OK
Create profile matrix with method 'bin' and step 1 ... OK
Create profile matrix with method 'bin' and step 1 ... OK
Processing 119151 mz slices ... OK
Create profile matrix with method 'bin' and step 0.7 ... OK
Create profile matrix with method 'bin' and step 0.7 ... OK
Create profile matrix with method 'bin' and step 0.7 ... OK
Create profile matrix with method 'bin' and step 0.7 ... OK
Create profile matrix with method 'bin' and step 0.7 ... OK
Processing 119151 mz slices ... OK
Create profile matrix with method 'bin' and step 0.7 ... OK
Create profile matrix with method 'bin' and step 0.7 ... OK
Create profile matrix with method 'bin' and step 0.7 ... OK
Create profile matrix with method 'bin' and step 0.7 ... OK
Create profile matrix with method 'bin' and step 0.7 ... OK
Processing 119151 mz slices ... OK
Create profile matrix with method 'bin' and step 0.7 ... OK
Create profile matrix with method 'bin' and step 0.7 ... OK
Create profile matrix with method 'bin' and step 0.7 ... OK
Create profile matrix with method 'bin' and step 0.7 ... OK
Create profile matrix with method 'bin' and step 0.7 ... OK
Processing 119151 mz slices ... OK
Create profile matrix with method 'bin' and step 0.7 ... OK
Create profile matrix with method 'bin' and step 0.7 ... OK
Create profile matrix with method 'bin' and step 0.7 ... OK
Create profile matrix with method 'bin' and step 0.7 ... OK
Create profile matrix with method 'bin' and step 0.7 ... OK
Processing 119151 mz slices ... OK
Create profile matrix with method 'bin' and step 1 ... OK
Create profile matrix with method 'bin' and step 1 ... OK
Create profile matrix with method 'bin' and step 1 ... OK
Create profile matrix with method 'bin' and step 1 ... OK
Create profile matrix with method 'bin' and step 1 ... OK
Processing 119151 mz slices ... OK
Create profile matrix with method 'bin' and step 1 ... OK
Create profile matrix with method 'bin' and step 1 ... OK
Create profile matrix with method 'bin' and step 1 ... OK
Create profile matrix with method 'bin' and step 1 ... OK
Create profile matrix with method 'bin' and step 1 ... OK
Processing 119151 mz slices ... OK
Create profile matrix with method 'bin' and step 1 ... OK
Create profile matrix with method 'bin' and step 1 ... OK
Create profile matrix with method 'bin' and step 1 ... OK
Create profile matrix with method 'bin' and step 1 ... OK
Create profile matrix with method 'bin' and step 1 ... OK
Processing 119151 mz slices ... OK
Create profile matrix with method 'bin' and step 1 ... OK
Create profile matrix with method 'bin' and step 1 ... OK
Create profile matrix with method 'bin' and step 1 ... OK
Create profile matrix with method 'bin' and step 1 ... OK
Create profile matrix with method 'bin' and step 1 ... OK
Processing 119151 mz slices ... OK
Create profile matrix with method 'bin' and step 0.7 ... OK
Create profile matrix with method 'bin' and step 0.7 ... OK
Create profile matrix with method 'bin' and step 0.7 ... OK
Create profile matrix with method 'bin' and step 0.7 ... OK
Create profile matrix with method 'bin' and step 0.7 ... OK
Processing 51066 mz slices ... OK
Create profile matrix with method 'bin' and step 0.7 ... OK
Create profile matrix with method 'bin' and step 0.7 ... OK
Create profile matrix with method 'bin' and step 0.7 ... OK
Create profile matrix with method 'bin' and step 0.7 ... OK
Create profile matrix with method 'bin' and step 0.7 ... OK
Processing 51066 mz slices ... OK
Create profile matrix with method 'bin' and step 0.7 ... OK
Create profile matrix with method 'bin' and step 0.7 ... OK
Create profile matrix with method 'bin' and step 0.7 ... OK
Create profile matrix with method 'bin' and step 0.7 ... OK
Create profile matrix with method 'bin' and step 0.7 ... OK
Processing 51066 mz slices ... OK
Create profile matrix with method 'bin' and step 0.7 ... OK
Create profile matrix with method 'bin' and step 0.7 ... OK
Create profile matrix with method 'bin' and step 0.7 ... OK
Create profile matrix with method 'bin' and step 0.7 ... OK
Create profile matrix with method 'bin' and step 0.7 ... OK
Processing 51066 mz slices ... OK
Create profile matrix with method 'bin' and step 1 ... OK
Create profile matrix with method 'bin' and step 1 ... OK
Create profile matrix with method 'bin' and step 1 ... OK
Create profile matrix with method 'bin' and step 1 ... OK
Create profile matrix with method 'bin' and step 1 ... OK
Processing 51066 mz slices ... OK
Create profile matrix with method 'bin' and step 1 ... OK
Create profile matrix with method 'bin' and step 1 ... OK
Create profile matrix with method 'bin' and step 1 ... OK
Create profile matrix with method 'bin' and step 1 ... OK
Create profile matrix with method 'bin' and step 1 ... OK
Processing 51066 mz slices ... OK
Create profile matrix with method 'bin' and step 1 ... OK
Create profile matrix with method 'bin' and step 1 ... OK
Create profile matrix with method 'bin' and step 1 ... OK
Create profile matrix with method 'bin' and step 1 ... OK
Create profile matrix with method 'bin' and step 1 ... OK
Processing 51066 mz slices ... OK
Create profile matrix with method 'bin' and step 1 ... OK
Create profile matrix with method 'bin' and step 1 ... OK
Create profile matrix with method 'bin' and step 1 ... OK
Create profile matrix with method 'bin' and step 1 ... OK
Create profile matrix with method 'bin' and step 1 ... OK
Processing 51066 mz slices ... OK
Create profile matrix with method 'bin' and step 0.7 ... OK
Create profile matrix with method 'bin' and step 0.7 ... OK
Create profile matrix with method 'bin' and step 0.7 ... OK
Create profile matrix with method 'bin' and step 0.7 ... OK
Create profile matrix with method 'bin' and step 0.7 ... OK
Processing 51066 mz slices ... OK
Create profile matrix with method 'bin' and step 0.7 ... OK
Create profile matrix with method 'bin' and step 0.7 ... OK
Create profile matrix with method 'bin' and step 0.7 ... OK
Create profile matrix with method 'bin' and step 0.7 ... OK
Create profile matrix with method 'bin' and step 0.7 ... OK
Processing 51066 mz slices ... OK
Create profile matrix with method 'bin' and step 0.7 ... OK
Create profile matrix with method 'bin' and step 0.7 ... OK
Create profile matrix with method 'bin' and step 0.7 ... OK
Create profile matrix with method 'bin' and step 0.7 ... OK
Create profile matrix with method 'bin' and step 0.7 ... OK
Processing 51066 mz slices ... OK
Create profile matrix with method 'bin' and step 0.7 ... OK
Create profile matrix with method 'bin' and step 0.7 ... OK
Create profile matrix with method 'bin' and step 0.7 ... OK
Create profile matrix with method 'bin' and step 0.7 ... OK
Create profile matrix with method 'bin' and step 0.7 ... OK
Processing 51066 mz slices ... OK
Create profile matrix with method 'bin' and step 1 ... OK
Create profile matrix with method 'bin' and step 1 ... OK
Create profile matrix with method 'bin' and step 1 ... OK
Create profile matrix with method 'bin' and step 1 ... OK
Create profile matrix with method 'bin' and step 1 ... OK
Processing 51066 mz slices ... OK
Create profile matrix with method 'bin' and step 1 ... OK
Create profile matrix with method 'bin' and step 1 ... OK
Create profile matrix with method 'bin' and step 1 ... OK
Create profile matrix with method 'bin' and step 1 ... OK
Create profile matrix with method 'bin' and step 1 ... OK
Processing 51066 mz slices ... OK
Create profile matrix with method 'bin' and step 1 ... OK
Create profile matrix with method 'bin' and step 1 ... OK
Create profile matrix with method 'bin' and step 1 ... OK
Create profile matrix with method 'bin' and step 1 ... OK
Create profile matrix with method 'bin' and step 1 ... OK
Processing 51066 mz slices ... OK
Create profile matrix with method 'bin' and step 1 ... OK
Create profile matrix with method 'bin' and step 1 ... OK
Create profile matrix with method 'bin' and step 1 ... OK
Create profile matrix with method 'bin' and step 1 ... OK
Create profile matrix with method 'bin' and step 1 ... OK
Processing 51066 mz slices ... OK
Create profile matrix with method 'bin' and step 0.85 ... OK
Create profile matrix with method 'bin' and step 0.85 ... OK
Create profile matrix with method 'bin' and step 0.85 ... OK
Create profile matrix with method 'bin' and step 0.85 ... OK
Create profile matrix with method 'bin' and step 0.85 ... OK
Create profile matrix with method 'bin' and step 0.85 ... OK
Create profile matrix with method 'bin' and step 0.85 ... OK
Create profile matrix with method 'bin' and step 0.85 ... OK
Processing 71491 mz slices ... OK
Create profile matrix with method 'bin' and step 0.85 ... OK
Create profile matrix with method 'bin' and step 0.85 ... OK
Create profile matrix with method 'bin' and step 0.85 ... OK
Create profile matrix with method 'bin' and step 0.85 ... OK
Create profile matrix with method 'bin' and step 0.85 ... OK
Create profile matrix with method 'bin' and step 0.85 ... OK
Create profile matrix with method 'bin' and step 0.85 ... OK
Create profile matrix with method 'bin' and step 0.85 ... OK
Processing 71491 mz slices ... OK
Create profile matrix with method 'bin' and step 0.85 ... OK
Create profile matrix with method 'bin' and step 0.85 ... OK
Create profile matrix with method 'bin' and step 0.85 ... OK
Create profile matrix with method 'bin' and step 0.85 ... OK
Create profile matrix with method 'bin' and step 0.85 ... OK
Create profile matrix with method 'bin' and step 0.85 ... OK
Create profile matrix with method 'bin' and step 0.85 ... OK
Create profile matrix with method 'bin' and step 0.85 ... OK
Processing 71491 mz slices ... OK
Create profile matrix with method 'bin' and step 0.85 ... OK
Create profile matrix with method 'bin' and step 0.85 ... OK
Create profile matrix with method 'bin' and step 0.85 ... OK
Create profile matrix with method 'bin' and step 0.85 ... OK
Create profile matrix with method 'bin' and step 0.85 ... OK
Create profile matrix with method 'bin' and step 0.85 ... OK
Create profile matrix with method 'bin' and step 0.85 ... OK
Create profile matrix with method 'bin' and step 0.85 ... OK
Processing 71491 mz slices ... OK
Create profile matrix with method 'bin' and step 0.85 ... OK
Create profile matrix with method 'bin' and step 0.85 ... OK
Create profile matrix with method 'bin' and step 0.85 ... OK
Create profile matrix with method 'bin' and step 0.85 ... OK
Create profile matrix with method 'bin' and step 0.85 ... OK
Create profile matrix with method 'bin' and step 0.85 ... OK
Create profile matrix with method 'bin' and step 0.85 ... OK
Create profile matrix with method 'bin' and step 0.85 ... OK
Processing 71491 mz slices ... OK
Create profile matrix with method 'bin' and step 0.7 ... OK
Create profile matrix with method 'bin' and step 0.7 ... OK
Create profile matrix with method 'bin' and step 0.7 ... OK
Create profile matrix with method 'bin' and step 0.7 ... OK
Create profile matrix with method 'bin' and step 0.7 ... OK
Processing 71491 mz slices ... OK
Create profile matrix with method 'bin' and step 1 ... OK
Create profile matrix with method 'bin' and step 1 ... OK
Create profile matrix with method 'bin' and step 1 ... OK
Create profile matrix with method 'bin' and step 1 ... OK
Create profile matrix with method 'bin' and step 1 ... OK
Processing 71491 mz slices ... OK
Create profile matrix with method 'bin' and step 0.85 ... OK
Create profile matrix with method 'bin' and step 0.85 ... OK
Create profile matrix with method 'bin' and step 0.85 ... OK
Create profile matrix with method 'bin' and step 0.85 ... OK
Create profile matrix with method 'bin' and step 0.85 ... OK
Create profile matrix with method 'bin' and step 0.85 ... OK
Create profile matrix with method 'bin' and step 0.85 ... OK
Create profile matrix with method 'bin' and step 0.85 ... OK
Processing 71491 mz slices ... OK
Create profile matrix with method 'bin' and step 0.85 ... OK
Create profile matrix with method 'bin' and step 0.85 ... OK
Create profile matrix with method 'bin' and step 0.85 ... OK
Create profile matrix with method 'bin' and step 0.85 ... OK
Create profile matrix with method 'bin' and step 0.85 ... OK
Create profile matrix with method 'bin' and step 0.85 ... OK
Create profile matrix with method 'bin' and step 0.85 ... OK
Create profile matrix with method 'bin' and step 0.85 ... OK
Processing 71491 mz slices ... OK
Create profile matrix with method 'bin' and step 0.85 ... OK
Create profile matrix with method 'bin' and step 0.85 ... OK
Create profile matrix with method 'bin' and step 0.85 ... OK
Create profile matrix with method 'bin' and step 0.85 ... OK
Create profile matrix with method 'bin' and step 0.85 ... OK
Create profile matrix with method 'bin' and step 0.85 ... OK
Create profile matrix with method 'bin' and step 0.85 ... OK
Create profile matrix with method 'bin' and step 0.85 ... OK
Processing 119151 mz slices ... OK
Create profile matrix with method 'bin' and step 0.85 ... OK
Create profile matrix with method 'bin' and step 0.85 ... OK
Create profile matrix with method 'bin' and step 0.85 ... OK
Create profile matrix with method 'bin' and step 0.85 ... OK
Create profile matrix with method 'bin' and step 0.85 ... OK
Create profile matrix with method 'bin' and step 0.85 ... OK
Create profile matrix with method 'bin' and step 0.85 ... OK
Create profile matrix with method 'bin' and step 0.85 ... OK
Processing 51066 mz slices ... OK
Create profile matrix with method 'bin' and step 0.85 ... OK
Create profile matrix with method 'bin' and step 0.85 ... OK
Create profile matrix with method 'bin' and step 0.85 ... OK
Create profile matrix with method 'bin' and step 0.85 ... OK
Create profile matrix with method 'bin' and step 0.85 ... OK
Create profile matrix with method 'bin' and step 0.85 ... OK
Create profile matrix with method 'bin' and step 0.85 ... OK
Create profile matrix with method 'bin' and step 0.85 ... OK
Processing 71491 mz slices ... OK
Create profile matrix with method 'bin' and step 0.85 ... OK
Create profile matrix with method 'bin' and step 0.85 ... OK
Create profile matrix with method 'bin' and step 0.85 ... OK
Create profile matrix with method 'bin' and step 0.85 ... OK
Create profile matrix with method 'bin' and step 0.85 ... OK
Create profile matrix with method 'bin' and step 0.85 ... OK
Create profile matrix with method 'bin' and step 0.85 ... OK
Create profile matrix with method 'bin' and step 0.85 ... OK
Processing 119151 mz slices ... OK



starting new DoE with:

gapInit: c(0.12, 0.52)
gapExtend: c(2.16, 2.64)
profStep: c(0.73, 0.97)
bw: c(12.4, 31.6)
mzwid: c(0.003, 0.027)
distFunc: cor_opt
plottype: none
response: 1
factorDiag: 2
factorGap: 1
localAlignment: 0
retcorMethod: obiwarp
minfrac: 0.05
minsamp: 1
max: 50
center: 4

Create profile matrix with method 'bin' and step 0.73 ... OK
Create profile matrix with method 'bin' and step 0.73 ... OK
Create profile matrix with method 'bin' and step 0.73 ... OK
Create profile matrix with method 'bin' and step 0.73 ... OK
Create profile matrix with method 'bin' and step 0.73 ... OK
Create profile matrix with method 'bin' and step 0.73 ... OK
Create profile matrix with method 'bin' and step 0.73 ... OK
Create profile matrix with method 'bin' and step 0.73 ... OK
Processing 595751 mz slices ... OK
Create profile matrix with method 'bin' and step 0.73 ... OK
Create profile matrix with method 'bin' and step 0.73 ... OK
Create profile matrix with method 'bin' and step 0.73 ... OK
Create profile matrix with method 'bin' and step 0.73 ... OK
Create profile matrix with method 'bin' and step 0.73 ... OK
Create profile matrix with method 'bin' and step 0.73 ... OK
Create profile matrix with method 'bin' and step 0.73 ... OK
Create profile matrix with method 'bin' and step 0.73 ... OK
Processing 595751 mz slices ... OK
Create profile matrix with method 'bin' and step 0.73 ... OK
Create profile matrix with method 'bin' and step 0.73 ... OK
Create profile matrix with method 'bin' and step 0.73 ... OK
Create profile matrix with method 'bin' and step 0.73 ... OK
Create profile matrix with method 'bin' and step 0.73 ... OK
Create profile matrix with method 'bin' and step 0.73 ... OK
Create profile matrix with method 'bin' and step 0.73 ... OK
Create profile matrix with method 'bin' and step 0.73 ... OK
Processing 595751 mz slices ... OK
Create profile matrix with method 'bin' and step 0.73 ... OK
Create profile matrix with method 'bin' and step 0.73 ... OK
Create profile matrix with method 'bin' and step 0.73 ... OK
Create profile matrix with method 'bin' and step 0.73 ... OK
Create profile matrix with method 'bin' and step 0.73 ... OK
Create profile matrix with method 'bin' and step 0.73 ... OK
Create profile matrix with method 'bin' and step 0.73 ... OK
Create profile matrix with method 'bin' and step 0.73 ... OK
Processing 595751 mz slices ... OK
Create profile matrix with method 'bin' and step 0.97 ... OK
Create profile matrix with method 'bin' and step 0.97 ... OK
Create profile matrix with method 'bin' and step 0.97 ... OK
Create profile matrix with method 'bin' and step 0.97 ... OK
Create profile matrix with method 'bin' and step 0.97 ... OK
Create profile matrix with method 'bin' and step 0.97 ... OK
Create profile matrix with method 'bin' and step 0.97 ... OK
Create profile matrix with method 'bin' and step 0.97 ... OK
Processing 595751 mz slices ... OK
Create profile matrix with method 'bin' and step 0.97 ... OK
Create profile matrix with method 'bin' and step 0.97 ... OK
Create profile matrix with method 'bin' and step 0.97 ... OK
Create profile matrix with method 'bin' and step 0.97 ... OK
Create profile matrix with method 'bin' and step 0.97 ... OK
Create profile matrix with method 'bin' and step 0.97 ... OK
Create profile matrix with method 'bin' and step 0.97 ... OK
Create profile matrix with method 'bin' and step 0.97 ... OK
Processing 595751 mz slices ... OK
Create profile matrix with method 'bin' and step 0.97 ... OK
Create profile matrix with method 'bin' and step 0.97 ... OK
Create profile matrix with method 'bin' and step 0.97 ... OK
Create profile matrix with method 'bin' and step 0.97 ... OK
Create profile matrix with method 'bin' and step 0.97 ... OK
Create profile matrix with method 'bin' and step 0.97 ... OK
Create profile matrix with method 'bin' and step 0.97 ... OK
Create profile matrix with method 'bin' and step 0.97 ... OK
Processing 595751 mz slices ... OK
Create profile matrix with method 'bin' and step 0.97 ... OK
Create profile matrix with method 'bin' and step 0.97 ... OK
Create profile matrix with method 'bin' and step 0.97 ... OK
Create profile matrix with method 'bin' and step 0.97 ... OK
Create profile matrix with method 'bin' and step 0.97 ... OK
Create profile matrix with method 'bin' and step 0.97 ... OK
Create profile matrix with method 'bin' and step 0.97 ... OK
Create profile matrix with method 'bin' and step 0.97 ... OK
Processing 595751 mz slices ... OK
Create profile matrix with method 'bin' and step 0.73 ... OK
Create profile matrix with method 'bin' and step 0.73 ... OK
Create profile matrix with method 'bin' and step 0.73 ... OK
Create profile matrix with method 'bin' and step 0.73 ... OK
Create profile matrix with method 'bin' and step 0.73 ... OK
Create profile matrix with method 'bin' and step 0.73 ... OK
Create profile matrix with method 'bin' and step 0.73 ... OK
Create profile matrix with method 'bin' and step 0.73 ... OK
Processing 595751 mz slices ... OK
Create profile matrix with method 'bin' and step 0.73 ... OK
Create profile matrix with method 'bin' and step 0.73 ... OK
Create profile matrix with method 'bin' and step 0.73 ... OK
Create profile matrix with method 'bin' and step 0.73 ... OK
Create profile matrix with method 'bin' and step 0.73 ... OK
Create profile matrix with method 'bin' and step 0.73 ... OK
Create profile matrix with method 'bin' and step 0.73 ... OK
Create profile matrix with method 'bin' and step 0.73 ... OK
Processing 595751 mz slices ... OK
Create profile matrix with method 'bin' and step 0.73 ... OK
Create profile matrix with method 'bin' and step 0.73 ... OK
Create profile matrix with method 'bin' and step 0.73 ... OK
Create profile matrix with method 'bin' and step 0.73 ... OK
Create profile matrix with method 'bin' and step 0.73 ... OK
Create profile matrix with method 'bin' and step 0.73 ... OK
Create profile matrix with method 'bin' and step 0.73 ... OK
Create profile matrix with method 'bin' and step 0.73 ... OK
Processing 595751 mz slices ... OK
Create profile matrix with method 'bin' and step 0.73 ... OK
Create profile matrix with method 'bin' and step 0.73 ... OK
Create profile matrix with method 'bin' and step 0.73 ... OK
Create profile matrix with method 'bin' and step 0.73 ... OK
Create profile matrix with method 'bin' and step 0.73 ... OK
Create profile matrix with method 'bin' and step 0.73 ... OK
Create profile matrix with method 'bin' and step 0.73 ... OK
Create profile matrix with method 'bin' and step 0.73 ... OK
Processing 595751 mz slices ... OK
Create profile matrix with method 'bin' and step 0.97 ... OK
Create profile matrix with method 'bin' and step 0.97 ... OK
Create profile matrix with method 'bin' and step 0.97 ... OK
Create profile matrix with method 'bin' and step 0.97 ... OK
Create profile matrix with method 'bin' and step 0.97 ... OK
Create profile matrix with method 'bin' and step 0.97 ... OK
Create profile matrix with method 'bin' and step 0.97 ... OK
Create profile matrix with method 'bin' and step 0.97 ... OK
Processing 595751 mz slices ... OK
Create profile matrix with method 'bin' and step 0.97 ... OK
Create profile matrix with method 'bin' and step 0.97 ... OK
Create profile matrix with method 'bin' and step 0.97 ... OK
Create profile matrix with method 'bin' and step 0.97 ... OK
Create profile matrix with method 'bin' and step 0.97 ... OK
Create profile matrix with method 'bin' and step 0.97 ... OK
Create profile matrix with method 'bin' and step 0.97 ... OK
Create profile matrix with method 'bin' and step 0.97 ... OK
Processing 595751 mz slices ... OK
Create profile matrix with method 'bin' and step 0.97 ... OK
Create profile matrix with method 'bin' and step 0.97 ... OK
Create profile matrix with method 'bin' and step 0.97 ... OK
Create profile matrix with method 'bin' and step 0.97 ... OK
Create profile matrix with method 'bin' and step 0.97 ... OK
Create profile matrix with method 'bin' and step 0.97 ... OK
Create profile matrix with method 'bin' and step 0.97 ... OK
Create profile matrix with method 'bin' and step 0.97 ... OK
Processing 595751 mz slices ... OK
Create profile matrix with method 'bin' and step 0.97 ... OK
Create profile matrix with method 'bin' and step 0.97 ... OK
Create profile matrix with method 'bin' and step 0.97 ... OK
Create profile matrix with method 'bin' and step 0.97 ... OK
Create profile matrix with method 'bin' and step 0.97 ... OK
Create profile matrix with method 'bin' and step 0.97 ... OK
Create profile matrix with method 'bin' and step 0.97 ... OK
Create profile matrix with method 'bin' and step 0.97 ... OK
Processing 595751 mz slices ... OK
Create profile matrix with method 'bin' and step 0.73 ... OK
Create profile matrix with method 'bin' and step 0.73 ... OK
Create profile matrix with method 'bin' and step 0.73 ... OK
Create profile matrix with method 'bin' and step 0.73 ... OK
Create profile matrix with method 'bin' and step 0.73 ... OK
Create profile matrix with method 'bin' and step 0.73 ... OK
Create profile matrix with method 'bin' and step 0.73 ... OK
Create profile matrix with method 'bin' and step 0.73 ... OK
Processing 66196 mz slices ... OK
Create profile matrix with method 'bin' and step 0.73 ... OK
Create profile matrix with method 'bin' and step 0.73 ... OK
Create profile matrix with method 'bin' and step 0.73 ... OK
Create profile matrix with method 'bin' and step 0.73 ... OK
Create profile matrix with method 'bin' and step 0.73 ... OK
Create profile matrix with method 'bin' and step 0.73 ... OK
Create profile matrix with method 'bin' and step 0.73 ... OK
Create profile matrix with method 'bin' and step 0.73 ... OK
Processing 66196 mz slices ... OK
Create profile matrix with method 'bin' and step 0.73 ... OK
Create profile matrix with method 'bin' and step 0.73 ... OK
Create profile matrix with method 'bin' and step 0.73 ... OK
Create profile matrix with method 'bin' and step 0.73 ... OK
Create profile matrix with method 'bin' and step 0.73 ... OK
Create profile matrix with method 'bin' and step 0.73 ... OK
Create profile matrix with method 'bin' and step 0.73 ... OK
Create profile matrix with method 'bin' and step 0.73 ... OK
Processing 66196 mz slices ... OK
Create profile matrix with method 'bin' and step 0.73 ... OK
Create profile matrix with method 'bin' and step 0.73 ... OK
Create profile matrix with method 'bin' and step 0.73 ... OK
Create profile matrix with method 'bin' and step 0.73 ... OK
Create profile matrix with method 'bin' and step 0.73 ... OK
Create profile matrix with method 'bin' and step 0.73 ... OK
Create profile matrix with method 'bin' and step 0.73 ... OK
Create profile matrix with method 'bin' and step 0.73 ... OK
Processing 66196 mz slices ... OK
Create profile matrix with method 'bin' and step 0.97 ... OK
Create profile matrix with method 'bin' and step 0.97 ... OK
Create profile matrix with method 'bin' and step 0.97 ... OK
Create profile matrix with method 'bin' and step 0.97 ... OK
Create profile matrix with method 'bin' and step 0.97 ... OK
Create profile matrix with method 'bin' and step 0.97 ... OK
Create profile matrix with method 'bin' and step 0.97 ... OK
Create profile matrix with method 'bin' and step 0.97 ... OK
Processing 66196 mz slices ... OK
Create profile matrix with method 'bin' and step 0.97 ... OK
Create profile matrix with method 'bin' and step 0.97 ... OK
Create profile matrix with method 'bin' and step 0.97 ... OK
Create profile matrix with method 'bin' and step 0.97 ... OK
Create profile matrix with method 'bin' and step 0.97 ... OK
Create profile matrix with method 'bin' and step 0.97 ... OK
Create profile matrix with method 'bin' and step 0.97 ... OK
Create profile matrix with method 'bin' and step 0.97 ... OK
Processing 66196 mz slices ... OK
Create profile matrix with method 'bin' and step 0.97 ... OK
Create profile matrix with method 'bin' and step 0.97 ... OK
Create profile matrix with method 'bin' and step 0.97 ... OK
Create profile matrix with method 'bin' and step 0.97 ... OK
Create profile matrix with method 'bin' and step 0.97 ... OK
Create profile matrix with method 'bin' and step 0.97 ... OK
Create profile matrix with method 'bin' and step 0.97 ... OK
Create profile matrix with method 'bin' and step 0.97 ... OK
Processing 66196 mz slices ... OK
Create profile matrix with method 'bin' and step 0.97 ... OK
Create profile matrix with method 'bin' and step 0.97 ... OK
Create profile matrix with method 'bin' and step 0.97 ... OK
Create profile matrix with method 'bin' and step 0.97 ... OK
Create profile matrix with method 'bin' and step 0.97 ... OK
Create profile matrix with method 'bin' and step 0.97 ... OK
Create profile matrix with method 'bin' and step 0.97 ... OK
Create profile matrix with method 'bin' and step 0.97 ... OK
Processing 66196 mz slices ... OK
Create profile matrix with method 'bin' and step 0.73 ... OK
Create profile matrix with method 'bin' and step 0.73 ... OK
Create profile matrix with method 'bin' and step 0.73 ... OK
Create profile matrix with method 'bin' and step 0.73 ... OK
Create profile matrix with method 'bin' and step 0.73 ... OK
Create profile matrix with method 'bin' and step 0.73 ... OK
Create profile matrix with method 'bin' and step 0.73 ... OK
Create profile matrix with method 'bin' and step 0.73 ... OK
Processing 66196 mz slices ... OK
Create profile matrix with method 'bin' and step 0.73 ... OK
Create profile matrix with method 'bin' and step 0.73 ... OK
Create profile matrix with method 'bin' and step 0.73 ... OK
Create profile matrix with method 'bin' and step 0.73 ... OK
Create profile matrix with method 'bin' and step 0.73 ... OK
Create profile matrix with method 'bin' and step 0.73 ... OK
Create profile matrix with method 'bin' and step 0.73 ... OK
Create profile matrix with method 'bin' and step 0.73 ... OK
Processing 66196 mz slices ... OK
Create profile matrix with method 'bin' and step 0.73 ... OK
Create profile matrix with method 'bin' and step 0.73 ... OK
Create profile matrix with method 'bin' and step 0.73 ... OK
Create profile matrix with method 'bin' and step 0.73 ... OK
Create profile matrix with method 'bin' and step 0.73 ... OK
Create profile matrix with method 'bin' and step 0.73 ... OK
Create profile matrix with method 'bin' and step 0.73 ... OK
Create profile matrix with method 'bin' and step 0.73 ... OK
Processing 66196 mz slices ... OK
Create profile matrix with method 'bin' and step 0.73 ... OK
Create profile matrix with method 'bin' and step 0.73 ... OK
Create profile matrix with method 'bin' and step 0.73 ... OK
Create profile matrix with method 'bin' and step 0.73 ... OK
Create profile matrix with method 'bin' and step 0.73 ... OK
Create profile matrix with method 'bin' and step 0.73 ... OK
Create profile matrix with method 'bin' and step 0.73 ... OK
Create profile matrix with method 'bin' and step 0.73 ... OK
Processing 66196 mz slices ... OK
Create profile matrix with method 'bin' and step 0.97 ... OK
Create profile matrix with method 'bin' and step 0.97 ... OK
Create profile matrix with method 'bin' and step 0.97 ... OK
Create profile matrix with method 'bin' and step 0.97 ... OK
Create profile matrix with method 'bin' and step 0.97 ... OK
Create profile matrix with method 'bin' and step 0.97 ... OK
Create profile matrix with method 'bin' and step 0.97 ... OK
Create profile matrix with method 'bin' and step 0.97 ... OK
Processing 66196 mz slices ... OK
Create profile matrix with method 'bin' and step 0.97 ... OK
Create profile matrix with method 'bin' and step 0.97 ... OK
Create profile matrix with method 'bin' and step 0.97 ... OK
Create profile matrix with method 'bin' and step 0.97 ... OK
Create profile matrix with method 'bin' and step 0.97 ... OK
Create profile matrix with method 'bin' and step 0.97 ... OK
Create profile matrix with method 'bin' and step 0.97 ... OK
Create profile matrix with method 'bin' and step 0.97 ... OK
Processing 66196 mz slices ... OK
Create profile matrix with method 'bin' and step 0.97 ... OK
Create profile matrix with method 'bin' and step 0.97 ... OK
Create profile matrix with method 'bin' and step 0.97 ... OK
Create profile matrix with method 'bin' and step 0.97 ... OK
Create profile matrix with method 'bin' and step 0.97 ... OK
Create profile matrix with method 'bin' and step 0.97 ... OK
Create profile matrix with method 'bin' and step 0.97 ... OK
Create profile matrix with method 'bin' and step 0.97 ... OK
Processing 66196 mz slices ... OK
Create profile matrix with method 'bin' and step 0.97 ... OK
Create profile matrix with method 'bin' and step 0.97 ... OK
Create profile matrix with method 'bin' and step 0.97 ... OK
Create profile matrix with method 'bin' and step 0.97 ... OK
Create profile matrix with method 'bin' and step 0.97 ... OK
Create profile matrix with method 'bin' and step 0.97 ... OK
Create profile matrix with method 'bin' and step 0.97 ... OK
Create profile matrix with method 'bin' and step 0.97 ... OK
Processing 66196 mz slices ... OK
Create profile matrix with method 'bin' and step 0.85 ... OK
Create profile matrix with method 'bin' and step 0.85 ... OK
Create profile matrix with method 'bin' and step 0.85 ... OK
Create profile matrix with method 'bin' and step 0.85 ... OK
Create profile matrix with method 'bin' and step 0.85 ... OK
Create profile matrix with method 'bin' and step 0.85 ... OK
Create profile matrix with method 'bin' and step 0.85 ... OK
Create profile matrix with method 'bin' and step 0.85 ... OK
Processing 119151 mz slices ... OK
Create profile matrix with method 'bin' and step 0.85 ... OK
Create profile matrix with method 'bin' and step 0.85 ... OK
Create profile matrix with method 'bin' and step 0.85 ... OK
Create profile matrix with method 'bin' and step 0.85 ... OK
Create profile matrix with method 'bin' and step 0.85 ... OK
Create profile matrix with method 'bin' and step 0.85 ... OK
Create profile matrix with method 'bin' and step 0.85 ... OK
Create profile matrix with method 'bin' and step 0.85 ... OK
Processing 119151 mz slices ... OK
Create profile matrix with method 'bin' and step 0.85 ... OK
Create profile matrix with method 'bin' and step 0.85 ... OK
Create profile matrix with method 'bin' and step 0.85 ... OK
Create profile matrix with method 'bin' and step 0.85 ... OK
Create profile matrix with method 'bin' and step 0.85 ... OK
Create profile matrix with method 'bin' and step 0.85 ... OK
Create profile matrix with method 'bin' and step 0.85 ... OK
Create profile matrix with method 'bin' and step 0.85 ... OK
Processing 119151 mz slices ... OK
Create profile matrix with method 'bin' and step 0.85 ... OK
Create profile matrix with method 'bin' and step 0.85 ... OK
Create profile matrix with method 'bin' and step 0.85 ... OK
Create profile matrix with method 'bin' and step 0.85 ... OK
Create profile matrix with method 'bin' and step 0.85 ... OK
Create profile matrix with method 'bin' and step 0.85 ... OK
Create profile matrix with method 'bin' and step 0.85 ... OK
Create profile matrix with method 'bin' and step 0.85 ... OK
Processing 119151 mz slices ... OK
Create profile matrix with method 'bin' and step 0.85 ... OK
Create profile matrix with method 'bin' and step 0.85 ... OK
Create profile matrix with method 'bin' and step 0.85 ... OK
Create profile matrix with method 'bin' and step 0.85 ... OK
Create profile matrix with method 'bin' and step 0.85 ... OK
Create profile matrix with method 'bin' and step 0.85 ... OK
Create profile matrix with method 'bin' and step 0.85 ... OK
Create profile matrix with method 'bin' and step 0.85 ... OK
Processing 119151 mz slices ... OK
Create profile matrix with method 'bin' and step 0.73 ... OK
Create profile matrix with method 'bin' and step 0.73 ... OK
Create profile matrix with method 'bin' and step 0.73 ... OK
Create profile matrix with method 'bin' and step 0.73 ... OK
Create profile matrix with method 'bin' and step 0.73 ... OK
Create profile matrix with method 'bin' and step 0.73 ... OK
Create profile matrix with method 'bin' and step 0.73 ... OK
Create profile matrix with method 'bin' and step 0.73 ... OK
Processing 119151 mz slices ... OK
Create profile matrix with method 'bin' and step 0.97 ... OK
Create profile matrix with method 'bin' and step 0.97 ... OK
Create profile matrix with method 'bin' and step 0.97 ... OK
Create profile matrix with method 'bin' and step 0.97 ... OK
Create profile matrix with method 'bin' and step 0.97 ... OK
Create profile matrix with method 'bin' and step 0.97 ... OK
Create profile matrix with method 'bin' and step 0.97 ... OK
Create profile matrix with method 'bin' and step 0.97 ... OK
Processing 119151 mz slices ... OK
Create profile matrix with method 'bin' and step 0.85 ... OK
Create profile matrix with method 'bin' and step 0.85 ... OK
Create profile matrix with method 'bin' and step 0.85 ... OK
Create profile matrix with method 'bin' and step 0.85 ... OK
Create profile matrix with method 'bin' and step 0.85 ... OK
Create profile matrix with method 'bin' and step 0.85 ... OK
Create profile matrix with method 'bin' and step 0.85 ... OK
Create profile matrix with method 'bin' and step 0.85 ... OK
Processing 119151 mz slices ... OK
Create profile matrix with method 'bin' and step 0.85 ... OK
Create profile matrix with method 'bin' and step 0.85 ... OK
Create profile matrix with method 'bin' and step 0.85 ... OK
Create profile matrix with method 'bin' and step 0.85 ... OK
Create profile matrix with method 'bin' and step 0.85 ... OK
Create profile matrix with method 'bin' and step 0.85 ... OK
Create profile matrix with method 'bin' and step 0.85 ... OK
Create profile matrix with method 'bin' and step 0.85 ... OK
Processing 119151 mz slices ... OK
Create profile matrix with method 'bin' and step 0.85 ... OK
Create profile matrix with method 'bin' and step 0.85 ... OK
Create profile matrix with method 'bin' and step 0.85 ... OK
Create profile matrix with method 'bin' and step 0.85 ... OK
Create profile matrix with method 'bin' and step 0.85 ... OK
Create profile matrix with method 'bin' and step 0.85 ... OK
Create profile matrix with method 'bin' and step 0.85 ... OK
Create profile matrix with method 'bin' and step 0.85 ... OK
Processing 595751 mz slices ... OK
Create profile matrix with method 'bin' and step 0.85 ... OK
Create profile matrix with method 'bin' and step 0.85 ... OK
Create profile matrix with method 'bin' and step 0.85 ... OK
Create profile matrix with method 'bin' and step 0.85 ... OK
Create profile matrix with method 'bin' and step 0.85 ... OK
Create profile matrix with method 'bin' and step 0.85 ... OK
Create profile matrix with method 'bin' and step 0.85 ... OK
Create profile matrix with method 'bin' and step 0.85 ... OK
Processing 66196 mz slices ... OK
Create profile matrix with method 'bin' and step 0.85 ... OK
Create profile matrix with method 'bin' and step 0.85 ... OK
Create profile matrix with method 'bin' and step 0.85 ... OK
Create profile matrix with method 'bin' and step 0.85 ... OK
Create profile matrix with method 'bin' and step 0.85 ... OK
Create profile matrix with method 'bin' and step 0.85 ... OK
Create profile matrix with method 'bin' and step 0.85 ... OK
Create profile matrix with method 'bin' and step 0.85 ... OK
Processing 119151 mz slices ... OK
Create profile matrix with method 'bin' and step 0.97 ... OK
Create profile matrix with method 'bin' and step 0.97 ... OK
Create profile matrix with method 'bin' and step 0.97 ... OK
Create profile matrix with method 'bin' and step 0.97 ... OK
Create profile matrix with method 'bin' and step 0.97 ... OK
Create profile matrix with method 'bin' and step 0.97 ... OK
Create profile matrix with method 'bin' and step 0.97 ... OK
Create profile matrix with method 'bin' and step 0.97 ... OK
Processing 96090 mz slices ... OK
profStep or minfrac greater 1, decreasing to 0.77 and 1



starting new DoE with:

gapInit: c(0, 0.44)
gapExtend: c(2.112, 2.688)
profStep: c(0.77, 1)
bw: c(0.879999999999999, 23.92)
mzwid: c(0.0066, 0.0306)
distFunc: cor_opt
plottype: none
response: 1
factorDiag: 2
factorGap: 1
localAlignment: 0
retcorMethod: obiwarp
minfrac: 0.05
minsamp: 1
max: 50
center: 4

Create profile matrix with method 'bin' and step 0.77 ... OK
Create profile matrix with method 'bin' and step 0.77 ... OK
Create profile matrix with method 'bin' and step 0.77 ... OK
Create profile matrix with method 'bin' and step 0.77 ... OK
Create profile matrix with method 'bin' and step 0.77 ... OK
Create profile matrix with method 'bin' and step 0.77 ... OK
Create profile matrix with method 'bin' and step 0.77 ... OK
Create profile matrix with method 'bin' and step 0.77 ... OK
Processing 270797 mz slices ... OK
Create profile matrix with method 'bin' and step 0.77 ... OK
Create profile matrix with method 'bin' and step 0.77 ... OK
Create profile matrix with method 'bin' and step 0.77 ... OK
Create profile matrix with method 'bin' and step 0.77 ... OK
Create profile matrix with method 'bin' and step 0.77 ... OK
Create profile matrix with method 'bin' and step 0.77 ... OK
Create profile matrix with method 'bin' and step 0.77 ... OK
Create profile matrix with method 'bin' and step 0.77 ... OK
Processing 270797 mz slices ... OK
Create profile matrix with method 'bin' and step 0.77 ... OK
Create profile matrix with method 'bin' and step 0.77 ... OK
Create profile matrix with method 'bin' and step 0.77 ... OK
Create profile matrix with method 'bin' and step 0.77 ... OK
Create profile matrix with method 'bin' and step 0.77 ... OK
Create profile matrix with method 'bin' and step 0.77 ... OK
Create profile matrix with method 'bin' and step 0.77 ... OK
Create profile matrix with method 'bin' and step 0.77 ... OK
Processing 270797 mz slices ... OK
Create profile matrix with method 'bin' and step 0.77 ... OK
Create profile matrix with method 'bin' and step 0.77 ... OK
Create profile matrix with method 'bin' and step 0.77 ... OK
Create profile matrix with method 'bin' and step 0.77 ... OK
Create profile matrix with method 'bin' and step 0.77 ... OK
Create profile matrix with method 'bin' and step 0.77 ... OK
Create profile matrix with method 'bin' and step 0.77 ... OK
Create profile matrix with method 'bin' and step 0.77 ... OK
Processing 270797 mz slices ... OK
Create profile matrix with method 'bin' and step 1 ... OK
Create profile matrix with method 'bin' and step 1 ... OK
Create profile matrix with method 'bin' and step 1 ... OK
Create profile matrix with method 'bin' and step 1 ... OK
Create profile matrix with method 'bin' and step 1 ... OK
Processing 270797 mz slices ... OK
Create profile matrix with method 'bin' and step 1 ... OK
Create profile matrix with method 'bin' and step 1 ... OK
Create profile matrix with method 'bin' and step 1 ... OK
Create profile matrix with method 'bin' and step 1 ... OK
Create profile matrix with method 'bin' and step 1 ... OK
Processing 270797 mz slices ... OK
Create profile matrix with method 'bin' and step 1 ... OK
Create profile matrix with method 'bin' and step 1 ... OK
Create profile matrix with method 'bin' and step 1 ... OK
Create profile matrix with method 'bin' and step 1 ... OK
Create profile matrix with method 'bin' and step 1 ... OK
Processing 270797 mz slices ... OK
Create profile matrix with method 'bin' and step 1 ... OK
Create profile matrix with method 'bin' and step 1 ... OK
Create profile matrix with method 'bin' and step 1 ... OK
Create profile matrix with method 'bin' and step 1 ... OK
Create profile matrix with method 'bin' and step 1 ... OK
Processing 270797 mz slices ... OK
Create profile matrix with method 'bin' and step 0.77 ... OK
Create profile matrix with method 'bin' and step 0.77 ... OK
Create profile matrix with method 'bin' and step 0.77 ... OK
Create profile matrix with method 'bin' and step 0.77 ... OK
Create profile matrix with method 'bin' and step 0.77 ... OK
Create profile matrix with method 'bin' and step 0.77 ... OK
Create profile matrix with method 'bin' and step 0.77 ... OK
Create profile matrix with method 'bin' and step 0.77 ... OK
Processing 270797 mz slices ... OK
Create profile matrix with method 'bin' and step 0.77 ... OK
Create profile matrix with method 'bin' and step 0.77 ... OK
Create profile matrix with method 'bin' and step 0.77 ... OK
Create profile matrix with method 'bin' and step 0.77 ... OK
Create profile matrix with method 'bin' and step 0.77 ... OK
Create profile matrix with method 'bin' and step 0.77 ... OK
Create profile matrix with method 'bin' and step 0.77 ... OK
Create profile matrix with method 'bin' and step 0.77 ... OK
Processing 270797 mz slices ... OK
Create profile matrix with method 'bin' and step 0.77 ... OK
Create profile matrix with method 'bin' and step 0.77 ... OK
Create profile matrix with method 'bin' and step 0.77 ... OK
Create profile matrix with method 'bin' and step 0.77 ... OK
Create profile matrix with method 'bin' and step 0.77 ... OK
Create profile matrix with method 'bin' and step 0.77 ... OK
Create profile matrix with method 'bin' and step 0.77 ... OK
Create profile matrix with method 'bin' and step 0.77 ... OK
Processing 270797 mz slices ... OK
Create profile matrix with method 'bin' and step 0.77 ... OK
Create profile matrix with method 'bin' and step 0.77 ... OK
Create profile matrix with method 'bin' and step 0.77 ... OK
Create profile matrix with method 'bin' and step 0.77 ... OK
Create profile matrix with method 'bin' and step 0.77 ... OK
Create profile matrix with method 'bin' and step 0.77 ... OK
Create profile matrix with method 'bin' and step 0.77 ... OK
Create profile matrix with method 'bin' and step 0.77 ... OK
Processing 270797 mz slices ... OK
Create profile matrix with method 'bin' and step 1 ... OK
Create profile matrix with method 'bin' and step 1 ... OK
Create profile matrix with method 'bin' and step 1 ... OK
Create profile matrix with method 'bin' and step 1 ... OK
Create profile matrix with method 'bin' and step 1 ... OK
Processing 270797 mz slices ... OK
Create profile matrix with method 'bin' and step 1 ... OK
Create profile matrix with method 'bin' and step 1 ... OK
Create profile matrix with method 'bin' and step 1 ... OK
Create profile matrix with method 'bin' and step 1 ... OK
Create profile matrix with method 'bin' and step 1 ... OK
Processing 270797 mz slices ... OK
Create profile matrix with method 'bin' and step 1 ... OK
Create profile matrix with method 'bin' and step 1 ... OK
Create profile matrix with method 'bin' and step 1 ... OK
Create profile matrix with method 'bin' and step 1 ... OK
Create profile matrix with method 'bin' and step 1 ... OK
Processing 270797 mz slices ... OK
Create profile matrix with method 'bin' and step 1 ... OK
Create profile matrix with method 'bin' and step 1 ... OK
Create profile matrix with method 'bin' and step 1 ... OK
Create profile matrix with method 'bin' and step 1 ... OK
Create profile matrix with method 'bin' and step 1 ... OK
Processing 270797 mz slices ... OK
Create profile matrix with method 'bin' and step 0.77 ... OK
Create profile matrix with method 'bin' and step 0.77 ... OK
Create profile matrix with method 'bin' and step 0.77 ... OK
Create profile matrix with method 'bin' and step 0.77 ... OK
Create profile matrix with method 'bin' and step 0.77 ... OK
Create profile matrix with method 'bin' and step 0.77 ... OK
Create profile matrix with method 'bin' and step 0.77 ... OK
Create profile matrix with method 'bin' and step 0.77 ... OK
Processing 58408 mz slices ... OK
Create profile matrix with method 'bin' and step 0.77 ... OK
Create profile matrix with method 'bin' and step 0.77 ... OK
Create profile matrix with method 'bin' and step 0.77 ... OK
Create profile matrix with method 'bin' and step 0.77 ... OK
Create profile matrix with method 'bin' and step 0.77 ... OK
Create profile matrix with method 'bin' and step 0.77 ... OK
Create profile matrix with method 'bin' and step 0.77 ... OK
Create profile matrix with method 'bin' and step 0.77 ... OK
Processing 58408 mz slices ... OK
Create profile matrix with method 'bin' and step 0.77 ... OK
Create profile matrix with method 'bin' and step 0.77 ... OK
Create profile matrix with method 'bin' and step 0.77 ... OK
Create profile matrix with method 'bin' and step 0.77 ... OK
Create profile matrix with method 'bin' and step 0.77 ... OK
Create profile matrix with method 'bin' and step 0.77 ... OK
Create profile matrix with method 'bin' and step 0.77 ... OK
Create profile matrix with method 'bin' and step 0.77 ... OK
Processing 58408 mz slices ... OK
Create profile matrix with method 'bin' and step 0.77 ... OK
Create profile matrix with method 'bin' and step 0.77 ... OK
Create profile matrix with method 'bin' and step 0.77 ... OK
Create profile matrix with method 'bin' and step 0.77 ... OK
Create profile matrix with method 'bin' and step 0.77 ... OK
Create profile matrix with method 'bin' and step 0.77 ... OK
Create profile matrix with method 'bin' and step 0.77 ... OK
Create profile matrix with method 'bin' and step 0.77 ... OK
Processing 58408 mz slices ... OK
Create profile matrix with method 'bin' and step 1 ... OK
Create profile matrix with method 'bin' and step 1 ... OK
Create profile matrix with method 'bin' and step 1 ... OK
Create profile matrix with method 'bin' and step 1 ... OK
Create profile matrix with method 'bin' and step 1 ... OK
Processing 58408 mz slices ... OK
Create profile matrix with method 'bin' and step 1 ... OK
Create profile matrix with method 'bin' and step 1 ... OK
Create profile matrix with method 'bin' and step 1 ... OK
Create profile matrix with method 'bin' and step 1 ... OK
Create profile matrix with method 'bin' and step 1 ... OK
Processing 58408 mz slices ... OK
Create profile matrix with method 'bin' and step 1 ... OK
Create profile matrix with method 'bin' and step 1 ... OK
Create profile matrix with method 'bin' and step 1 ... OK
Create profile matrix with method 'bin' and step 1 ... OK
Create profile matrix with method 'bin' and step 1 ... OK
Processing 58408 mz slices ... OK
Create profile matrix with method 'bin' and step 1 ... OK
Create profile matrix with method 'bin' and step 1 ... OK
Create profile matrix with method 'bin' and step 1 ... OK
Create profile matrix with method 'bin' and step 1 ... OK
Create profile matrix with method 'bin' and step 1 ... OK
Processing 58408 mz slices ... OK
Create profile matrix with method 'bin' and step 0.77 ... OK
Create profile matrix with method 'bin' and step 0.77 ... OK
Create profile matrix with method 'bin' and step 0.77 ... OK
Create profile matrix with method 'bin' and step 0.77 ... OK
Create profile matrix with method 'bin' and step 0.77 ... OK
Create profile matrix with method 'bin' and step 0.77 ... OK
Create profile matrix with method 'bin' and step 0.77 ... OK
Create profile matrix with method 'bin' and step 0.77 ... OK
Processing 58408 mz slices ... OK
Create profile matrix with method 'bin' and step 0.77 ... OK
Create profile matrix with method 'bin' and step 0.77 ... OK
Create profile matrix with method 'bin' and step 0.77 ... OK
Create profile matrix with method 'bin' and step 0.77 ... OK
Create profile matrix with method 'bin' and step 0.77 ... OK
Create profile matrix with method 'bin' and step 0.77 ... OK
Create profile matrix with method 'bin' and step 0.77 ... OK
Create profile matrix with method 'bin' and step 0.77 ... OK
Processing 58408 mz slices ... OK
Create profile matrix with method 'bin' and step 0.77 ... OK
Create profile matrix with method 'bin' and step 0.77 ... OK
Create profile matrix with method 'bin' and step 0.77 ... OK
Create profile matrix with method 'bin' and step 0.77 ... OK
Create profile matrix with method 'bin' and step 0.77 ... OK
Create profile matrix with method 'bin' and step 0.77 ... OK
Create profile matrix with method 'bin' and step 0.77 ... OK
Create profile matrix with method 'bin' and step 0.77 ... OK
Processing 58408 mz slices ... OK
Create profile matrix with method 'bin' and step 0.77 ... OK
Create profile matrix with method 'bin' and step 0.77 ... OK
Create profile matrix with method 'bin' and step 0.77 ... OK
Create profile matrix with method 'bin' and step 0.77 ... OK
Create profile matrix with method 'bin' and step 0.77 ... OK
Create profile matrix with method 'bin' and step 0.77 ... OK
Create profile matrix with method 'bin' and step 0.77 ... OK
Create profile matrix with method 'bin' and step 0.77 ... OK
Processing 58408 mz slices ... OK
Create profile matrix with method 'bin' and step 1 ... OK
Create profile matrix with method 'bin' and step 1 ... OK
Create profile matrix with method 'bin' and step 1 ... OK
Create profile matrix with method 'bin' and step 1 ... OK
Create profile matrix with method 'bin' and step 1 ... OK
Processing 58408 mz slices ... OK
Create profile matrix with method 'bin' and step 1 ... OK
Create profile matrix with method 'bin' and step 1 ... OK
Create profile matrix with method 'bin' and step 1 ... OK
Create profile matrix with method 'bin' and step 1 ... OK
Create profile matrix with method 'bin' and step 1 ... OK
Processing 58408 mz slices ... OK
Create profile matrix with method 'bin' and step 1 ... OK
Create profile matrix with method 'bin' and step 1 ... OK
Create profile matrix with method 'bin' and step 1 ... OK
Create profile matrix with method 'bin' and step 1 ... OK
Create profile matrix with method 'bin' and step 1 ... OK
Processing 58408 mz slices ... OK
Create profile matrix with method 'bin' and step 1 ... OK
Create profile matrix with method 'bin' and step 1 ... OK
Create profile matrix with method 'bin' and step 1 ... OK
Create profile matrix with method 'bin' and step 1 ... OK
Create profile matrix with method 'bin' and step 1 ... OK
Processing 58408 mz slices ... OK
Create profile matrix with method 'bin' and step 0.885 ... OK
Create profile matrix with method 'bin' and step 0.885 ... OK
Create profile matrix with method 'bin' and step 0.885 ... OK
Create profile matrix with method 'bin' and step 0.885 ... OK
Create profile matrix with method 'bin' and step 0.885 ... OK
Create profile matrix with method 'bin' and step 0.885 ... OK
Create profile matrix with method 'bin' and step 0.885 ... OK
Create profile matrix with method 'bin' and step 0.885 ... OK
Processing 96090 mz slices ... OK
Create profile matrix with method 'bin' and step 0.885 ... OK
Create profile matrix with method 'bin' and step 0.885 ... OK
Create profile matrix with method 'bin' and step 0.885 ... OK
Create profile matrix with method 'bin' and step 0.885 ... OK
Create profile matrix with method 'bin' and step 0.885 ... OK
Create profile matrix with method 'bin' and step 0.885 ... OK
Create profile matrix with method 'bin' and step 0.885 ... OK
Create profile matrix with method 'bin' and step 0.885 ... OK
Processing 96090 mz slices ... OK
Create profile matrix with method 'bin' and step 0.885 ... OK
Create profile matrix with method 'bin' and step 0.885 ... OK
Create profile matrix with method 'bin' and step 0.885 ... OK
Create profile matrix with method 'bin' and step 0.885 ... OK
Create profile matrix with method 'bin' and step 0.885 ... OK
Create profile matrix with method 'bin' and step 0.885 ... OK
Create profile matrix with method 'bin' and step 0.885 ... OK
Create profile matrix with method 'bin' and step 0.885 ... OK
Processing 96090 mz slices ... OK
Create profile matrix with method 'bin' and step 0.885 ... OK
Create profile matrix with method 'bin' and step 0.885 ... OK
Create profile matrix with method 'bin' and step 0.885 ... OK
Create profile matrix with method 'bin' and step 0.885 ... OK
Create profile matrix with method 'bin' and step 0.885 ... OK
Create profile matrix with method 'bin' and step 0.885 ... OK
Create profile matrix with method 'bin' and step 0.885 ... OK
Create profile matrix with method 'bin' and step 0.885 ... OK
Processing 96090 mz slices ... OK
Create profile matrix with method 'bin' and step 0.885 ... OK
Create profile matrix with method 'bin' and step 0.885 ... OK
Create profile matrix with method 'bin' and step 0.885 ... OK
Create profile matrix with method 'bin' and step 0.885 ... OK
Create profile matrix with method 'bin' and step 0.885 ... OK
Create profile matrix with method 'bin' and step 0.885 ... OK
Create profile matrix with method 'bin' and step 0.885 ... OK
Create profile matrix with method 'bin' and step 0.885 ... OK
Processing 96090 mz slices ... OK
Create profile matrix with method 'bin' and step 0.77 ... OK
Create profile matrix with method 'bin' and step 0.77 ... OK
Create profile matrix with method 'bin' and step 0.77 ... OK
Create profile matrix with method 'bin' and step 0.77 ... OK
Create profile matrix with method 'bin' and step 0.77 ... OK
Create profile matrix with method 'bin' and step 0.77 ... OK
Create profile matrix with method 'bin' and step 0.77 ... OK
Create profile matrix with method 'bin' and step 0.77 ... OK
Processing 96090 mz slices ... OK
Create profile matrix with method 'bin' and step 1 ... OK
Create profile matrix with method 'bin' and step 1 ... OK
Create profile matrix with method 'bin' and step 1 ... OK
Create profile matrix with method 'bin' and step 1 ... OK
Create profile matrix with method 'bin' and step 1 ... OK
Processing 96090 mz slices ... OK
Create profile matrix with method 'bin' and step 0.885 ... OK
Create profile matrix with method 'bin' and step 0.885 ... OK
Create profile matrix with method 'bin' and step 0.885 ... OK
Create profile matrix with method 'bin' and step 0.885 ... OK
Create profile matrix with method 'bin' and step 0.885 ... OK
Create profile matrix with method 'bin' and step 0.885 ... OK
Create profile matrix with method 'bin' and step 0.885 ... OK
Create profile matrix with method 'bin' and step 0.885 ... OK
Processing 96090 mz slices ... OK
Create profile matrix with method 'bin' and step 0.885 ... OK
Create profile matrix with method 'bin' and step 0.885 ... OK
Create profile matrix with method 'bin' and step 0.885 ... OK
Create profile matrix with method 'bin' and step 0.885 ... OK
Create profile matrix with method 'bin' and step 0.885 ... OK
Create profile matrix with method 'bin' and step 0.885 ... OK
Create profile matrix with method 'bin' and step 0.885 ... OK
Create profile matrix with method 'bin' and step 0.885 ... OK
Processing 96090 mz slices ... OK
Create profile matrix with method 'bin' and step 0.885 ... OK
Create profile matrix with method 'bin' and step 0.885 ... OK
Create profile matrix with method 'bin' and step 0.885 ... OK
Create profile matrix with method 'bin' and step 0.885 ... OK
Create profile matrix with method 'bin' and step 0.885 ... OK
Create profile matrix with method 'bin' and step 0.885 ... OK
Create profile matrix with method 'bin' and step 0.885 ... OK
Create profile matrix with method 'bin' and step 0.885 ... OK
Processing 270797 mz slices ... OK
Create profile matrix with method 'bin' and step 0.885 ... OK
Create profile matrix with method 'bin' and step 0.885 ... OK
Create profile matrix with method 'bin' and step 0.885 ... OK
Create profile matrix with method 'bin' and step 0.885 ... OK
Create profile matrix with method 'bin' and step 0.885 ... OK
Create profile matrix with method 'bin' and step 0.885 ... OK
Create profile matrix with method 'bin' and step 0.885 ... OK
Create profile matrix with method 'bin' and step 0.885 ... OK
Processing 58408 mz slices ... OK
Create profile matrix with method 'bin' and step 0.885 ... OK
Create profile matrix with method 'bin' and step 0.885 ... OK
Create profile matrix with method 'bin' and step 0.885 ... OK
Create profile matrix with method 'bin' and step 0.885 ... OK
Create profile matrix with method 'bin' and step 0.885 ... OK
Create profile matrix with method 'bin' and step 0.885 ... OK
Create profile matrix with method 'bin' and step 0.885 ... OK
Create profile matrix with method 'bin' and step 0.885 ... OK
Processing 96090 mz slices ... OK
Create profile matrix with method 'bin' and step 1 ... OK
Create profile matrix with method 'bin' and step 1 ... OK
Create profile matrix with method 'bin' and step 1 ... OK
Create profile matrix with method 'bin' and step 1 ... OK
Create profile matrix with method 'bin' and step 1 ... OK
Processing 102717 mz slices ... OK
no increase stopping
library(xcms)
library(Rmpi)

xset <- xcmsSet( 
  method = "centWave",
  peakwidth       = c(31.2, 80),
  ppm             = 26.6,
  noise           = 574.25,
  snthresh        = 10,
  mzdiff          = -0.0032,
  prefilter       = c(3, 277.25),
  mzCenterFun     = "wMean",
  integrate       = 2,
  fitgauss        = FALSE,
  verbose.columns = TRUE)
xset <- retcor( 
  xset,
  method         = "obiwarp",
  plottype       = "none",
  distFunc       = "cor_opt",
  profStep       = 0.97,
  center         = 4,
  response       = 1,
  gapInit        = 0.12,
  gapExtend      = 2.64,
  factorDiag     = 2,
  factorGap      = 1,
  localAlignment = 0)
xset <- group( 
  xset,
  method  = "density",
  bw      = 12.4,
  mzwid   = 0.0186,
  minfrac = 0.05,
  minsamp = 1,
  max     = 50)

xset <- fillPeaks(xset)
Warning message:
In sink() : no sink to remove
