center sample:  Volunteer2_blood_4h_POS 
Processing: Volunteer1_blood_1h_POS  Volunteer1_blood_0h_POS  Volunteer4_blood_0h_POS  Volunteer4_blood_24h_POS  
center sample:  Volunteer2_blood_4h_POS 
Processing: Volunteer1_blood_1h_POS  Volunteer1_blood_0h_POS  Volunteer4_blood_0h_POS  Volunteer4_blood_24h_POS  
center sample:  Volunteer2_blood_4h_POS 
Processing: Volunteer1_blood_1h_POS  Volunteer1_blood_0h_POS  Volunteer4_blood_0h_POS  Volunteer4_blood_24h_POS  
center sample:  Volunteer2_blood_4h_POS 
Processing: Volunteer1_blood_1h_POS  Volunteer1_blood_0h_POS  Volunteer4_blood_0h_POS  Volunteer4_blood_24h_POS  
center sample:  Volunteer2_blood_4h_POS 
Processing: Volunteer1_blood_1h_POS  Volunteer1_blood_0h_POS  Volunteer4_blood_0h_POS  Volunteer4_blood_24h_POS  
center sample:  Volunteer2_blood_4h_POS 
Processing: Volunteer1_blood_1h_POS  Volunteer1_blood_0h_POS  Volunteer4_blood_0h_POS  Volunteer4_blood_24h_POS  
center sample:  Volunteer2_blood_4h_POS 
Processing: Volunteer1_blood_1h_POS  Volunteer1_blood_0h_POS  Volunteer4_blood_0h_POS  Volunteer4_blood_24h_POS  
center sample:  Volunteer2_blood_4h_POS 
Processing: Volunteer1_blood_1h_POS  Volunteer1_blood_0h_POS  Volunteer4_blood_0h_POS  Volunteer4_blood_24h_POS  
center sample:  Volunteer2_blood_4h_POS 
Processing: Volunteer1_blood_1h_POS  Volunteer1_blood_0h_POS  Volunteer4_blood_0h_POS  Volunteer4_blood_24h_POS  
center sample:  Volunteer2_blood_4h_POS 
Processing: Volunteer1_blood_1h_POS  Volunteer1_blood_0h_POS  Volunteer4_blood_0h_POS  Volunteer4_blood_24h_POS  
center sample:  Volunteer2_blood_4h_POS 
Processing: Volunteer1_blood_1h_POS  Volunteer1_blood_0h_POS  Volunteer4_blood_0h_POS  Volunteer4_blood_24h_POS  
center sample:  Volunteer2_blood_4h_POS 
Processing: Volunteer1_blood_1h_POS  Volunteer1_blood_0h_POS  Volunteer4_blood_0h_POS  Volunteer4_blood_24h_POS  
center sample:  Volunteer2_blood_4h_POS 
Processing: Volunteer1_blood_1h_POS  Volunteer1_blood_0h_POS  Volunteer4_blood_0h_POS  Volunteer4_blood_24h_POS  
center sample:  Volunteer2_blood_4h_POS 
Processing: Volunteer1_blood_1h_POS  Volunteer1_blood_0h_POS  Volunteer4_blood_0h_POS  Volunteer4_blood_24h_POS  
center sample:  Volunteer2_blood_4h_POS 
Processing: Volunteer1_blood_1h_POS  Volunteer1_blood_0h_POS  Volunteer4_blood_0h_POS  Volunteer4_blood_24h_POS  
center sample:  Volunteer2_blood_4h_POS 
Processing: Volunteer1_blood_1h_POS  Volunteer1_blood_0h_POS  Volunteer4_blood_0h_POS  Volunteer4_blood_24h_POS  
center sample:  Volunteer2_blood_4h_POS 
Processing: Volunteer1_blood_1h_POS  Volunteer1_blood_0h_POS  Volunteer4_blood_0h_POS  Volunteer4_blood_24h_POS  
center sample:  Volunteer2_blood_4h_POS 
Processing: Volunteer1_blood_1h_POS  Volunteer1_blood_0h_POS  Volunteer4_blood_0h_POS  Volunteer4_blood_24h_POS  
center sample:  Volunteer2_blood_4h_POS 
Processing: Volunteer1_blood_1h_POS  Volunteer1_blood_0h_POS  Volunteer4_blood_0h_POS  Volunteer4_blood_24h_POS  
center sample:  Volunteer2_blood_4h_POS 
Processing: Volunteer1_blood_1h_POS  Volunteer1_blood_0h_POS  Volunteer4_blood_0h_POS  Volunteer4_blood_24h_POS  
center sample:  Volunteer2_blood_4h_POS 
Processing: Volunteer1_blood_1h_POS  Volunteer1_blood_0h_POS  Volunteer4_blood_0h_POS  Volunteer4_blood_24h_POS  
center sample:  Volunteer2_blood_4h_POS 
Processing: Volunteer1_blood_1h_POS  Volunteer1_blood_0h_POS  Volunteer4_blood_0h_POS  Volunteer4_blood_24h_POS  
center sample:  Volunteer2_blood_4h_POS 
Processing: Volunteer1_blood_1h_POS  Volunteer1_blood_0h_POS  Volunteer4_blood_0h_POS  Volunteer4_blood_24h_POS  
center sample:  Volunteer2_blood_4h_POS 
Processing: Volunteer1_blood_1h_POS  Volunteer1_blood_0h_POS  Volunteer4_blood_0h_POS  Volunteer4_blood_24h_POS  
center sample:  Volunteer2_blood_4h_POS 
Processing: Volunteer1_blood_1h_POS  Volunteer1_blood_0h_POS  Volunteer4_blood_0h_POS  Volunteer4_blood_24h_POS  
center sample:  Volunteer2_blood_4h_POS 
Processing: Volunteer1_blood_1h_POS  Volunteer1_blood_0h_POS  Volunteer4_blood_0h_POS  Volunteer4_blood_24h_POS  
center sample:  Volunteer2_blood_4h_POS 
Processing: Volunteer1_blood_1h_POS  Volunteer1_blood_0h_POS  Volunteer4_blood_0h_POS  Volunteer4_blood_24h_POS  
center sample:  Volunteer2_blood_4h_POS 
Processing: Volunteer1_blood_1h_POS  Volunteer1_blood_0h_POS  Volunteer4_blood_0h_POS  Volunteer4_blood_24h_POS  
center sample:  Volunteer2_blood_4h_POS 
Processing: Volunteer1_blood_1h_POS  Volunteer1_blood_0h_POS  Volunteer4_blood_0h_POS  Volunteer4_blood_24h_POS  
center sample:  Volunteer2_blood_4h_POS 
Processing: Volunteer1_blood_1h_POS  Volunteer1_blood_0h_POS  Volunteer4_blood_0h_POS  Volunteer4_blood_24h_POS  
center sample:  Volunteer2_blood_4h_POS 
Processing: Volunteer1_blood_1h_POS  Volunteer1_blood_0h_POS  Volunteer4_blood_0h_POS  Volunteer4_blood_24h_POS  
center sample:  Volunteer2_blood_4h_POS 
Processing: Volunteer1_blood_1h_POS  Volunteer1_blood_0h_POS  Volunteer4_blood_0h_POS  Volunteer4_blood_24h_POS  
center sample:  Volunteer2_blood_4h_POS 
Processing: Volunteer1_blood_1h_POS  Volunteer1_blood_0h_POS  Volunteer4_blood_0h_POS  Volunteer4_blood_24h_POS  
center sample:  Volunteer2_blood_4h_POS 
Processing: Volunteer1_blood_1h_POS  Volunteer1_blood_0h_POS  Volunteer4_blood_0h_POS  Volunteer4_blood_24h_POS  
center sample:  Volunteer2_blood_4h_POS 
Processing: Volunteer1_blood_1h_POS  Volunteer1_blood_0h_POS  Volunteer4_blood_0h_POS  Volunteer4_blood_24h_POS  
center sample:  Volunteer2_blood_4h_POS 
Processing: Volunteer1_blood_1h_POS  Volunteer1_blood_0h_POS  Volunteer4_blood_0h_POS  Volunteer4_blood_24h_POS  
center sample:  Volunteer2_blood_4h_POS 
Processing: Volunteer1_blood_1h_POS  Volunteer1_blood_0h_POS  Volunteer4_blood_0h_POS  Volunteer4_blood_24h_POS  
center sample:  Volunteer2_blood_4h_POS 
Processing: Volunteer1_blood_1h_POS  Volunteer1_blood_0h_POS  Volunteer4_blood_0h_POS  Volunteer4_blood_24h_POS  
center sample:  Volunteer2_blood_4h_POS 
Processing: Volunteer1_blood_1h_POS  Volunteer1_blood_0h_POS  Volunteer4_blood_0h_POS  Volunteer4_blood_24h_POS  
center sample:  Volunteer2_blood_4h_POS 
Processing: Volunteer1_blood_1h_POS  Volunteer1_blood_0h_POS  Volunteer4_blood_0h_POS  Volunteer4_blood_24h_POS  
center sample:  Volunteer2_blood_4h_POS 
Processing: Volunteer1_blood_1h_POS  Volunteer1_blood_0h_POS  Volunteer4_blood_0h_POS  Volunteer4_blood_24h_POS  
center sample:  Volunteer2_blood_4h_POS 
Processing: Volunteer1_blood_1h_POS  Volunteer1_blood_0h_POS  Volunteer4_blood_0h_POS  Volunteer4_blood_24h_POS  
center sample:  Volunteer2_blood_4h_POS 
Processing: Volunteer1_blood_1h_POS  Volunteer1_blood_0h_POS  Volunteer4_blood_0h_POS  Volunteer4_blood_24h_POS  
center sample:  Volunteer2_blood_4h_POS 
Processing: Volunteer1_blood_1h_POS  Volunteer1_blood_0h_POS  Volunteer4_blood_0h_POS  Volunteer4_blood_24h_POS  
center sample:  Volunteer2_blood_4h_POS 
Processing: Volunteer1_blood_1h_POS  Volunteer1_blood_0h_POS  Volunteer4_blood_0h_POS  Volunteer4_blood_24h_POS  
center sample:  Volunteer2_blood_4h_POS 
Processing: Volunteer1_blood_1h_POS  Volunteer1_blood_0h_POS  Volunteer4_blood_0h_POS  Volunteer4_blood_24h_POS  
center sample:  Volunteer2_blood_4h_POS 
Processing: Volunteer1_blood_1h_POS  Volunteer1_blood_0h_POS  Volunteer4_blood_0h_POS  Volunteer4_blood_24h_POS  
center sample:  Volunteer2_blood_4h_POS 
Processing: Volunteer1_blood_1h_POS  Volunteer1_blood_0h_POS  Volunteer4_blood_0h_POS  Volunteer4_blood_24h_POS  
center sample:  Volunteer2_blood_4h_POS 
Processing: Volunteer1_blood_1h_POS  Volunteer1_blood_0h_POS  Volunteer4_blood_0h_POS  Volunteer4_blood_24h_POS  
center sample:  Volunteer2_blood_4h_POS 
Processing: Volunteer1_blood_1h_POS  Volunteer1_blood_0h_POS  Volunteer4_blood_0h_POS  Volunteer4_blood_24h_POS  
center sample:  Volunteer2_blood_4h_POS 
Processing: Volunteer1_blood_1h_POS  Volunteer1_blood_0h_POS  Volunteer4_blood_0h_POS  Volunteer4_blood_24h_POS  
center sample:  Volunteer2_blood_4h_POS 
Processing: Volunteer1_blood_1h_POS  Volunteer1_blood_0h_POS  Volunteer4_blood_0h_POS  Volunteer4_blood_24h_POS  
center sample:  Volunteer2_blood_4h_POS 
Processing: Volunteer1_blood_1h_POS  Volunteer1_blood_0h_POS  Volunteer4_blood_0h_POS  Volunteer4_blood_24h_POS  
center sample:  Volunteer2_blood_4h_POS 
Processing: Volunteer1_blood_1h_POS  Volunteer1_blood_0h_POS  Volunteer4_blood_0h_POS  Volunteer4_blood_24h_POS  
center sample:  Volunteer2_blood_4h_POS 
Processing: Volunteer1_blood_1h_POS  Volunteer1_blood_0h_POS  Volunteer4_blood_0h_POS  Volunteer4_blood_24h_POS  
center sample:  Volunteer2_blood_4h_POS 
Processing: Volunteer1_blood_1h_POS  Volunteer1_blood_0h_POS  Volunteer4_blood_0h_POS  Volunteer4_blood_24h_POS  
center sample:  Volunteer2_blood_4h_POS 
Processing: Volunteer1_blood_1h_POS  Volunteer1_blood_0h_POS  Volunteer4_blood_0h_POS  Volunteer4_blood_24h_POS  
center sample:  Volunteer2_blood_4h_POS 
Processing: Volunteer1_blood_1h_POS  Volunteer1_blood_0h_POS  Volunteer4_blood_0h_POS  Volunteer4_blood_24h_POS  
center sample:  Volunteer2_blood_4h_POS 
Processing: Volunteer1_blood_1h_POS  Volunteer1_blood_0h_POS  Volunteer4_blood_0h_POS  Volunteer4_blood_24h_POS  
center sample:  Volunteer2_blood_4h_POS 
Processing: Volunteer1_blood_1h_POS  Volunteer1_blood_0h_POS  Volunteer4_blood_0h_POS  Volunteer4_blood_24h_POS  
center sample:  Volunteer2_blood_4h_POS 
Processing: Volunteer1_blood_1h_POS  Volunteer1_blood_0h_POS  Volunteer4_blood_0h_POS  Volunteer4_blood_24h_POS  
center sample:  Volunteer2_blood_4h_POS 
Processing: Volunteer1_blood_1h_POS  Volunteer1_blood_0h_POS  Volunteer4_blood_0h_POS  Volunteer4_blood_24h_POS  
center sample:  Volunteer2_blood_4h_POS 
Processing: Volunteer1_blood_1h_POS  Volunteer1_blood_0h_POS  Volunteer4_blood_0h_POS  Volunteer4_blood_24h_POS  
center sample:  Volunteer2_blood_4h_POS 
Processing: Volunteer1_blood_1h_POS  Volunteer1_blood_0h_POS  Volunteer4_blood_0h_POS  Volunteer4_blood_24h_POS  
center sample:  Volunteer2_blood_4h_POS 
Processing: Volunteer1_blood_1h_POS  Volunteer1_blood_0h_POS  Volunteer4_blood_0h_POS  Volunteer4_blood_24h_POS  
center sample:  Volunteer2_blood_4h_POS 
Processing: Volunteer1_blood_1h_POS  Volunteer1_blood_0h_POS  Volunteer4_blood_0h_POS  Volunteer4_blood_24h_POS  
center sample:  Volunteer2_blood_4h_POS 
Processing: Volunteer1_blood_1h_POS  Volunteer1_blood_0h_POS  Volunteer4_blood_0h_POS  Volunteer4_blood_24h_POS  
center sample:  Volunteer2_blood_4h_POS 
Processing: Volunteer1_blood_1h_POS  Volunteer1_blood_0h_POS  Volunteer4_blood_0h_POS  Volunteer4_blood_24h_POS  
center sample:  Volunteer2_blood_4h_POS 
Processing: Volunteer1_blood_1h_POS  Volunteer1_blood_0h_POS  Volunteer4_blood_0h_POS  Volunteer4_blood_24h_POS  
center sample:  Volunteer2_blood_4h_POS 
Processing: Volunteer1_blood_1h_POS  Volunteer1_blood_0h_POS  Volunteer4_blood_0h_POS  Volunteer4_blood_24h_POS  
center sample:  Volunteer2_blood_4h_POS 
Processing: Volunteer1_blood_1h_POS  Volunteer1_blood_0h_POS  Volunteer4_blood_0h_POS  Volunteer4_blood_24h_POS  
center sample:  Volunteer2_blood_4h_POS 
Processing: Volunteer1_blood_1h_POS  Volunteer1_blood_0h_POS  Volunteer4_blood_0h_POS  Volunteer4_blood_24h_POS  
center sample:  Volunteer2_blood_4h_POS 
Processing: Volunteer1_blood_1h_POS  Volunteer1_blood_0h_POS  Volunteer4_blood_0h_POS  Volunteer4_blood_24h_POS  
center sample:  Volunteer2_blood_4h_POS 
Processing: Volunteer1_blood_1h_POS  Volunteer1_blood_0h_POS  Volunteer4_blood_0h_POS  Volunteer4_blood_24h_POS  
center sample:  Volunteer2_blood_4h_POS 
Processing: Volunteer1_blood_1h_POS  Volunteer1_blood_0h_POS  Volunteer4_blood_0h_POS  Volunteer4_blood_24h_POS  
center sample:  Volunteer2_blood_4h_POS 
Processing: Volunteer1_blood_1h_POS  Volunteer1_blood_0h_POS  Volunteer4_blood_0h_POS  Volunteer4_blood_24h_POS  
center sample:  Volunteer2_blood_4h_POS 
Processing: Volunteer1_blood_1h_POS  Volunteer1_blood_0h_POS  Volunteer4_blood_0h_POS  Volunteer4_blood_24h_POS  
center sample:  Volunteer2_blood_4h_POS 
Processing: Volunteer1_blood_1h_POS  Volunteer1_blood_0h_POS  Volunteer4_blood_0h_POS  Volunteer4_blood_24h_POS  
center sample:  Volunteer2_blood_4h_POS 
Processing: Volunteer1_blood_1h_POS  Volunteer1_blood_0h_POS  Volunteer4_blood_0h_POS  Volunteer4_blood_24h_POS  
center sample:  Volunteer2_blood_4h_POS 
Processing: Volunteer1_blood_1h_POS  Volunteer1_blood_0h_POS  Volunteer4_blood_0h_POS  Volunteer4_blood_24h_POS  
center sample:  Volunteer2_blood_4h_POS 
Processing: Volunteer1_blood_1h_POS  Volunteer1_blood_0h_POS  Volunteer4_blood_0h_POS  Volunteer4_blood_24h_POS  
center sample:  Volunteer2_blood_4h_POS 
Processing: Volunteer1_blood_1h_POS  Volunteer1_blood_0h_POS  Volunteer4_blood_0h_POS  Volunteer4_blood_24h_POS  
center sample:  Volunteer2_blood_4h_POS 
Processing: Volunteer1_blood_1h_POS  Volunteer1_blood_0h_POS  Volunteer4_blood_0h_POS  Volunteer4_blood_24h_POS  
center sample:  Volunteer2_blood_4h_POS 
Processing: Volunteer1_blood_1h_POS  Volunteer1_blood_0h_POS  Volunteer4_blood_0h_POS  Volunteer4_blood_24h_POS  
center sample:  Volunteer2_blood_4h_POS 
Processing: Volunteer1_blood_1h_POS  Volunteer1_blood_0h_POS  Volunteer4_blood_0h_POS  Volunteer4_blood_24h_POS  
center sample:  Volunteer2_blood_4h_POS 
Processing: Volunteer1_blood_1h_POS  Volunteer1_blood_0h_POS  Volunteer4_blood_0h_POS  Volunteer4_blood_24h_POS  
center sample:  Volunteer2_blood_4h_POS 
Processing: Volunteer1_blood_1h_POS  Volunteer1_blood_0h_POS  Volunteer4_blood_0h_POS  Volunteer4_blood_24h_POS  
center sample:  Volunteer2_blood_4h_POS 
Processing: Volunteer1_blood_1h_POS  Volunteer1_blood_0h_POS  Volunteer4_blood_0h_POS  Volunteer4_blood_24h_POS  
center sample:  Volunteer2_blood_4h_POS 
Processing: Volunteer1_blood_1h_POS  Volunteer1_blood_0h_POS  Volunteer4_blood_0h_POS  Volunteer4_blood_24h_POS  
center sample:  Volunteer2_blood_4h_POS 
Processing: Volunteer1_blood_1h_POS  Volunteer1_blood_0h_POS  Volunteer4_blood_0h_POS  Volunteer4_blood_24h_POS  
center sample:  Volunteer2_blood_4h_POS 
Processing: Volunteer1_blood_1h_POS  Volunteer1_blood_0h_POS  Volunteer4_blood_0h_POS  Volunteer4_blood_24h_POS  
center sample:  Volunteer2_blood_4h_POS 
Processing: Volunteer1_blood_1h_POS  Volunteer1_blood_0h_POS  Volunteer4_blood_0h_POS  Volunteer4_blood_24h_POS  
center sample:  Volunteer2_blood_4h_POS 
Processing: Volunteer1_blood_1h_POS  Volunteer1_blood_0h_POS  Volunteer4_blood_0h_POS  Volunteer4_blood_24h_POS  
center sample:  Volunteer2_blood_4h_POS 
Processing: Volunteer1_blood_1h_POS  Volunteer1_blood_0h_POS  Volunteer4_blood_0h_POS  Volunteer4_blood_24h_POS  
center sample:  Volunteer2_blood_4h_POS 
Processing: Volunteer1_blood_1h_POS  Volunteer1_blood_0h_POS  Volunteer4_blood_0h_POS  Volunteer4_blood_24h_POS  
center sample:  Volunteer2_blood_4h_POS 
Processing: Volunteer1_blood_1h_POS  Volunteer1_blood_0h_POS  Volunteer4_blood_0h_POS  Volunteer4_blood_24h_POS  
center sample:  Volunteer2_blood_4h_POS 
Processing: Volunteer1_blood_1h_POS  Volunteer1_blood_0h_POS  Volunteer4_blood_0h_POS  Volunteer4_blood_24h_POS  
center sample:  Volunteer2_blood_4h_POS 
Processing: Volunteer1_blood_1h_POS  Volunteer1_blood_0h_POS  Volunteer4_blood_0h_POS  Volunteer4_blood_24h_POS  
center sample:  Volunteer2_blood_4h_POS 
Processing: Volunteer1_blood_1h_POS  Volunteer1_blood_0h_POS  Volunteer4_blood_0h_POS  Volunteer4_blood_24h_POS  
center sample:  Volunteer2_blood_4h_POS 
Processing: Volunteer1_blood_1h_POS  Volunteer1_blood_0h_POS  Volunteer4_blood_0h_POS  Volunteer4_blood_24h_POS  
center sample:  Volunteer2_blood_4h_POS 
Processing: Volunteer1_blood_1h_POS  Volunteer1_blood_0h_POS  Volunteer4_blood_0h_POS  Volunteer4_blood_24h_POS  
center sample:  Volunteer2_blood_4h_POS 
Processing: Volunteer1_blood_1h_POS  Volunteer1_blood_0h_POS  Volunteer4_blood_0h_POS  Volunteer4_blood_24h_POS  
center sample:  Volunteer2_blood_4h_POS 
Processing: Volunteer1_blood_1h_POS  Volunteer1_blood_0h_POS  Volunteer4_blood_0h_POS  Volunteer4_blood_24h_POS  
center sample:  Volunteer2_blood_4h_POS 
Processing: Volunteer1_blood_1h_POS  Volunteer1_blood_0h_POS  Volunteer4_blood_0h_POS  Volunteer4_blood_24h_POS  
center sample:  Volunteer2_blood_4h_POS 
Processing: Volunteer1_blood_1h_POS  Volunteer1_blood_0h_POS  Volunteer4_blood_0h_POS  Volunteer4_blood_24h_POS  
center sample:  Volunteer2_blood_4h_POS 
Processing: Volunteer1_blood_1h_POS  Volunteer1_blood_0h_POS  Volunteer4_blood_0h_POS  Volunteer4_blood_24h_POS  
center sample:  Volunteer2_blood_4h_POS 
Processing: Volunteer1_blood_1h_POS  Volunteer1_blood_0h_POS  Volunteer4_blood_0h_POS  Volunteer4_blood_24h_POS  
center sample:  Volunteer2_blood_4h_POS 
Processing: Volunteer1_blood_1h_POS  Volunteer1_blood_0h_POS  Volunteer4_blood_0h_POS  Volunteer4_blood_24h_POS  
center sample:  Volunteer2_blood_4h_POS 
Processing: Volunteer1_blood_1h_POS  Volunteer1_blood_0h_POS  Volunteer4_blood_0h_POS  Volunteer4_blood_24h_POS  
center sample:  Volunteer2_blood_4h_POS 
Processing: Volunteer1_blood_1h_POS  Volunteer1_blood_0h_POS  Volunteer4_blood_0h_POS  Volunteer4_blood_24h_POS  
center sample:  Volunteer2_blood_4h_POS 
Processing: Volunteer1_blood_1h_POS  Volunteer1_blood_0h_POS  Volunteer4_blood_0h_POS  Volunteer4_blood_24h_POS  
center sample:  Volunteer2_blood_4h_POS 
Processing: Volunteer1_blood_1h_POS  Volunteer1_blood_0h_POS  Volunteer4_blood_0h_POS  Volunteer4_blood_24h_POS  
center sample:  Volunteer2_blood_4h_POS 
Processing: Volunteer1_blood_1h_POS  Volunteer1_blood_0h_POS  Volunteer4_blood_0h_POS  Volunteer4_blood_24h_POS  
center sample:  Volunteer2_blood_4h_POS 
Processing: Volunteer1_blood_1h_POS  Volunteer1_blood_0h_POS  Volunteer4_blood_0h_POS  Volunteer4_blood_24h_POS  
center sample:  Volunteer2_blood_4h_POS 
Processing: Volunteer1_blood_1h_POS  Volunteer1_blood_0h_POS  Volunteer4_blood_0h_POS  Volunteer4_blood_24h_POS  
center sample:  Volunteer2_blood_4h_POS 
Processing: Volunteer1_blood_1h_POS  Volunteer1_blood_0h_POS  Volunteer4_blood_0h_POS  Volunteer4_blood_24h_POS  
center sample:  Volunteer2_blood_4h_POS 
Processing: Volunteer1_blood_1h_POS  Volunteer1_blood_0h_POS  Volunteer4_blood_0h_POS  Volunteer4_blood_24h_POS  
center sample:  Volunteer2_blood_4h_POS 
Processing: Volunteer1_blood_1h_POS  Volunteer1_blood_0h_POS  Volunteer4_blood_0h_POS  Volunteer4_blood_24h_POS  
center sample:  Volunteer2_blood_4h_POS 
Processing: Volunteer1_blood_1h_POS  Volunteer1_blood_0h_POS  Volunteer4_blood_0h_POS  Volunteer4_blood_24h_POS  
center sample:  Volunteer2_blood_4h_POS 
Processing: Volunteer1_blood_1h_POS  Volunteer1_blood_0h_POS  Volunteer4_blood_0h_POS  Volunteer4_blood_24h_POS  
center sample:  Volunteer2_blood_4h_POS 
Processing: Volunteer1_blood_1h_POS  Volunteer1_blood_0h_POS  Volunteer4_blood_0h_POS  Volunteer4_blood_24h_POS  
center sample:  Volunteer2_blood_4h_POS 
Processing: Volunteer1_blood_1h_POS  Volunteer1_blood_0h_POS  Volunteer4_blood_0h_POS  Volunteer4_blood_24h_POS  
center sample:  Volunteer2_blood_4h_POS 
Processing: Volunteer1_blood_1h_POS  Volunteer1_blood_0h_POS  Volunteer4_blood_0h_POS  Volunteer4_blood_24h_POS  
center sample:  Volunteer2_blood_4h_POS 
Processing: Volunteer1_blood_1h_POS  Volunteer1_blood_0h_POS  Volunteer4_blood_0h_POS  Volunteer4_blood_24h_POS  
center sample:  Volunteer2_blood_4h_POS 
Processing: Volunteer1_blood_1h_POS  Volunteer1_blood_0h_POS  Volunteer4_blood_0h_POS  Volunteer4_blood_24h_POS  
center sample:  Volunteer2_blood_4h_POS 
Processing: Volunteer1_blood_1h_POS  Volunteer1_blood_0h_POS  Volunteer4_blood_0h_POS  Volunteer4_blood_24h_POS  
center sample:  Volunteer2_blood_4h_POS 
Processing: Volunteer1_blood_1h_POS  Volunteer1_blood_0h_POS  Volunteer4_blood_0h_POS  Volunteer4_blood_24h_POS  
center sample:  Volunteer2_blood_4h_POS 
Processing: Volunteer1_blood_1h_POS  Volunteer1_blood_0h_POS  Volunteer4_blood_0h_POS  Volunteer4_blood_24h_POS  
center sample:  Volunteer2_blood_4h_POS 
Processing: Volunteer1_blood_1h_POS  Volunteer1_blood_0h_POS  Volunteer4_blood_0h_POS  Volunteer4_blood_24h_POS  
center sample:  Volunteer2_blood_4h_POS 
Processing: Volunteer1_blood_1h_POS  Volunteer1_blood_0h_POS  Volunteer4_blood_0h_POS  Volunteer4_blood_24h_POS  
center sample:  Volunteer2_blood_4h_POS 
Processing: Volunteer1_blood_1h_POS  Volunteer1_blood_0h_POS  Volunteer4_blood_0h_POS  Volunteer4_blood_24h_POS  
center sample:  Volunteer2_blood_4h_POS 
Processing: Volunteer1_blood_1h_POS  Volunteer1_blood_0h_POS  Volunteer4_blood_0h_POS  Volunteer4_blood_24h_POS  
center sample:  Volunteer2_blood_4h_POS 
Processing: Volunteer1_blood_1h_POS  Volunteer1_blood_0h_POS  Volunteer4_blood_0h_POS  Volunteer4_blood_24h_POS  
center sample:  Volunteer2_blood_4h_POS 
Processing: Volunteer1_blood_1h_POS  Volunteer1_blood_0h_POS  Volunteer4_blood_0h_POS  Volunteer4_blood_24h_POS  
center sample:  Volunteer2_blood_4h_POS 
Processing: Volunteer1_blood_1h_POS  Volunteer1_blood_0h_POS  Volunteer4_blood_0h_POS  Volunteer4_blood_24h_POS  
ions of interest ... OK: 8264 found.
73
Detecting mass traces at 27.5 ppm ... OK
Detecting chromatographic peaks in 18502 regions of interest ... OK: 7130 found.
74
Detecting mass traces at 27.5 ppm ... OK
Detecting chromatographic peaks in 18926 regions of interest ... OK: 8009 found.
75
Detecting mass traces at 27.5 ppm ... OK
Detecting chromatographic peaks in 16839 regions of interest ... OK: 7824 found.
76
Detecting mass traces at 27.5 ppm ... OK
Detecting chromatographic peaks in 18502 regions of interest ... OK: 7975 found.
77
Detecting mass traces at 27.5 ppm ... OK
Detecting chromatographic peaks in 17373 regions of interest ... OK: 7963 found.
78
Detecting mass traces at 27.5 ppm ... OK
Detecting chromatographic peaks in 18502 regions of interest ... OK: 7975 found.
Detecting mass traces at 28.25 ppm ... OK
Detecting chromatographic peaks in 16805 regions of interest ... OK: 8054 found.
no increase, stopping
best parameter settings:
min_peakwidth: 28.8
max_peakwidth: 65
ppm: 28.25
mzdiff: -0.0065
noise: 747.5
value_of_prefilter: 747.5
snthresh: 10
prefilter: 3
mzCenterFun: wMean
integrate: 2
fitgauss: FALSE
verbose.columns: TRUE

There were 50 or more warnings (use warnings() to see the first 50)
Detecting mass traces at 28.25 ppm ... OK
Detecting chromatographic peaks in 16504 regions of interest ... OK: 7483 found.
Detecting mass traces at 28.25 ppm ... OK
Detecting chromatographic peaks in 16962 regions of interest ... OK: 8190 found.
Detecting mass traces at 28.25 ppm ... OK
Detecting chromatographic peaks in 15897 regions of interest ... OK: 7786 found.
Detecting mass traces at 28.25 ppm ... OK
Detecting chromatographic peaks in 16425 regions of interest ... OK: 7885 found.
Detecting mass traces at 28.25 ppm ... OK
Detecting chromatographic peaks in 16507 regions of interest ... OK: 7908 found.
Warning messages:
1: In .local(object, ...) :
  It looks like this file is in profile mode. centWave can process only centroid mode data !

2: In .local(object, ...) :
  It looks like this file is in profile mode. centWave can process only centroid mode data !

3: In .local(object, ...) :
  It looks like this file is in profile mode. centWave can process only centroid mode data !

4: In .local(object, ...) :
  It looks like this file is in profile mode. centWave can process only centroid mode data !

5: In .local(object, ...) :
  It looks like this file is in profile mode. centWave can process only centroid mode data !




starting new DoE with:

distFunc: cor_opt
gapInit: c(0, 0.4)
gapExtend: c(2.1, 2.7)
profStep: c(0.7, 1)
plottype: none
response: 1
factorDiag: 2
factorGap: 1
localAlignment: 0
retcorMethod: obiwarp
bw: c(22, 38)
minfrac: 0.05
mzwid: c(0.015, 0.035)
minsamp: 1
max: 50
center: 2

Create profile matrix with method 'bin' and step 0.7 ... OK
Create profile matrix with method 'bin' and step 0.7 ... OK
Create profile matrix with method 'bin' and step 0.7 ... OK
Create profile matrix with method 'bin' and step 0.7 ... OK
Create profile matrix with method 'bin' and step 0.7 ... OK
Processing 119140 mz slices ... OK
Create profile matrix with method 'bin' and step 0.7 ... OK
Create profile matrix with method 'bin' and step 0.7 ... OK
Create profile matrix with method 'bin' and step 0.7 ... OK
Create profile matrix with method 'bin' and step 0.7 ... OK
Create profile matrix with method 'bin' and step 0.7 ... OK
Processing 119140 mz slices ... OK
Create profile matrix with method 'bin' and step 0.7 ... OK
Create profile matrix with method 'bin' and step 0.7 ... OK
Create profile matrix with method 'bin' and step 0.7 ... OK
Create profile matrix with method 'bin' and step 0.7 ... OK
Create profile matrix with method 'bin' and step 0.7 ... OK
Processing 119140 mz slices ... OK
Create profile matrix with method 'bin' and step 0.7 ... OK
Create profile matrix with method 'bin' and step 0.7 ... OK
Create profile matrix with method 'bin' and step 0.7 ... OK
Create profile matrix with method 'bin' and step 0.7 ... OK
Create profile matrix with method 'bin' and step 0.7 ... OK
Processing 119140 mz slices ... OK
Create profile matrix with method 'bin' and step 1 ... OK
Create profile matrix with method 'bin' and step 1 ... OK
Create profile matrix with method 'bin' and step 1 ... OK
Create profile matrix with method 'bin' and step 1 ... OK
Create profile matrix with method 'bin' and step 1 ... OK
Processing 119140 mz slices ... OK
Create profile matrix with method 'bin' and step 1 ... OK
Create profile matrix with method 'bin' and step 1 ... OK
Create profile matrix with method 'bin' and step 1 ... OK
Create profile matrix with method 'bin' and step 1 ... OK
Create profile matrix with method 'bin' and step 1 ... OK
Processing 119140 mz slices ... OK
Create profile matrix with method 'bin' and step 1 ... OK
Create profile matrix with method 'bin' and step 1 ... OK
Create profile matrix with method 'bin' and step 1 ... OK
Create profile matrix with method 'bin' and step 1 ... OK
Create profile matrix with method 'bin' and step 1 ... OK
Processing 119140 mz slices ... OK
Create profile matrix with method 'bin' and step 1 ... OK
Create profile matrix with method 'bin' and step 1 ... OK
Create profile matrix with method 'bin' and step 1 ... OK
Create profile matrix with method 'bin' and step 1 ... OK
Create profile matrix with method 'bin' and step 1 ... OK
Processing 119140 mz slices ... OK
Create profile matrix with method 'bin' and step 0.7 ... OK
Create profile matrix with method 'bin' and step 0.7 ... OK
Create profile matrix with method 'bin' and step 0.7 ... OK
Create profile matrix with method 'bin' and step 0.7 ... OK
Create profile matrix with method 'bin' and step 0.7 ... OK
Processing 119140 mz slices ... OK
Create profile matrix with method 'bin' and step 0.7 ... OK
Create profile matrix with method 'bin' and step 0.7 ... OK
Create profile matrix with method 'bin' and step 0.7 ... OK
Create profile matrix with method 'bin' and step 0.7 ... OK
Create profile matrix with method 'bin' and step 0.7 ... OK
Processing 119140 mz slices ... OK
Create profile matrix with method 'bin' and step 0.7 ... OK
Create profile matrix with method 'bin' and step 0.7 ... OK
Create profile matrix with method 'bin' and step 0.7 ... OK
Create profile matrix with method 'bin' and step 0.7 ... OK
Create profile matrix with method 'bin' and step 0.7 ... OK
Processing 119140 mz slices ... OK
Create profile matrix with method 'bin' and step 0.7 ... OK
Create profile matrix with method 'bin' and step 0.7 ... OK
Create profile matrix with method 'bin' and step 0.7 ... OK
Create profile matrix with method 'bin' and step 0.7 ... OK
Create profile matrix with method 'bin' and step 0.7 ... OK
Processing 119140 mz slices ... OK
Create profile matrix with method 'bin' and step 1 ... OK
Create profile matrix with method 'bin' and step 1 ... OK
Create profile matrix with method 'bin' and step 1 ... OK
Create profile matrix with method 'bin' and step 1 ... OK
Create profile matrix with method 'bin' and step 1 ... OK
Processing 119140 mz slices ... OK
Create profile matrix with method 'bin' and step 1 ... OK
Create profile matrix with method 'bin' and step 1 ... OK
Create profile matrix with method 'bin' and step 1 ... OK
Create profile matrix with method 'bin' and step 1 ... OK
Create profile matrix with method 'bin' and step 1 ... OK
Processing 119140 mz slices ... OK
Create profile matrix with method 'bin' and step 1 ... OK
Create profile matrix with method 'bin' and step 1 ... OK
Create profile matrix with method 'bin' and step 1 ... OK
Create profile matrix with method 'bin' and step 1 ... OK
Create profile matrix with method 'bin' and step 1 ... OK
Processing 119140 mz slices ... OK
Create profile matrix with method 'bin' and step 1 ... OK
Create profile matrix with method 'bin' and step 1 ... OK
Create profile matrix with method 'bin' and step 1 ... OK
Create profile matrix with method 'bin' and step 1 ... OK
Create profile matrix with method 'bin' and step 1 ... OK
Processing 119140 mz slices ... OK
Create profile matrix with method 'bin' and step 0.7 ... OK
Create profile matrix with method 'bin' and step 0.7 ... OK
Create profile matrix with method 'bin' and step 0.7 ... OK
Create profile matrix with method 'bin' and step 0.7 ... OK
Create profile matrix with method 'bin' and step 0.7 ... OK
Processing 51061 mz slices ... OK
Create profile matrix with method 'bin' and step 0.7 ... OK
Create profile matrix with method 'bin' and step 0.7 ... OK
Create profile matrix with method 'bin' and step 0.7 ... OK
Create profile matrix with method 'bin' and step 0.7 ... OK
Create profile matrix with method 'bin' and step 0.7 ... OK
Processing 51061 mz slices ... OK
Create profile matrix with method 'bin' and step 0.7 ... OK
Create profile matrix with method 'bin' and step 0.7 ... OK
Create profile matrix with method 'bin' and step 0.7 ... OK
Create profile matrix with method 'bin' and step 0.7 ... OK
Create profile matrix with method 'bin' and step 0.7 ... OK
Processing 51061 mz slices ... OK
Create profile matrix with method 'bin' and step 0.7 ... OK
Create profile matrix with method 'bin' and step 0.7 ... OK
Create profile matrix with method 'bin' and step 0.7 ... OK
Create profile matrix with method 'bin' and step 0.7 ... OK
Create profile matrix with method 'bin' and step 0.7 ... OK
Processing 51061 mz slices ... OK
Create profile matrix with method 'bin' and step 1 ... OK
Create profile matrix with method 'bin' and step 1 ... OK
Create profile matrix with method 'bin' and step 1 ... OK
Create profile matrix with method 'bin' and step 1 ... OK
Create profile matrix with method 'bin' and step 1 ... OK
Processing 51061 mz slices ... OK
Create profile matrix with method 'bin' and step 1 ... OK
Create profile matrix with method 'bin' and step 1 ... OK
Create profile matrix with method 'bin' and step 1 ... OK
Create profile matrix with method 'bin' and step 1 ... OK
Create profile matrix with method 'bin' and step 1 ... OK
Processing 51061 mz slices ... OK
Create profile matrix with method 'bin' and step 1 ... OK
Create profile matrix with method 'bin' and step 1 ... OK
Create profile matrix with method 'bin' and step 1 ... OK
Create profile matrix with method 'bin' and step 1 ... OK
Create profile matrix with method 'bin' and step 1 ... OK
Processing 51061 mz slices ... OK
Create profile matrix with method 'bin' and step 1 ... OK
Create profile matrix with method 'bin' and step 1 ... OK
Create profile matrix with method 'bin' and step 1 ... OK
Create profile matrix with method 'bin' and step 1 ... OK
Create profile matrix with method 'bin' and step 1 ... OK
Processing 51061 mz slices ... OK
Create profile matrix with method 'bin' and step 0.7 ... OK
Create profile matrix with method 'bin' and step 0.7 ... OK
Create profile matrix with method 'bin' and step 0.7 ... OK
Create profile matrix with method 'bin' and step 0.7 ... OK
Create profile matrix with method 'bin' and step 0.7 ... OK
Processing 51061 mz slices ... OK
Create profile matrix with method 'bin' and step 0.7 ... OK
Create profile matrix with method 'bin' and step 0.7 ... OK
Create profile matrix with method 'bin' and step 0.7 ... OK
Create profile matrix with method 'bin' and step 0.7 ... OK
Create profile matrix with method 'bin' and step 0.7 ... OK
Processing 51061 mz slices ... OK
Create profile matrix with method 'bin' and step 0.7 ... OK
Create profile matrix with method 'bin' and step 0.7 ... OK
Create profile matrix with method 'bin' and step 0.7 ... OK
Create profile matrix with method 'bin' and step 0.7 ... OK
Create profile matrix with method 'bin' and step 0.7 ... OK
Processing 51061 mz slices ... OK
Create profile matrix with method 'bin' and step 0.7 ... OK
Create profile matrix with method 'bin' and step 0.7 ... OK
Create profile matrix with method 'bin' and step 0.7 ... OK
Create profile matrix with method 'bin' and step 0.7 ... OK
Create profile matrix with method 'bin' and step 0.7 ... OK
Processing 51061 mz slices ... OK
Create profile matrix with method 'bin' and step 1 ... OK
Create profile matrix with method 'bin' and step 1 ... OK
Create profile matrix with method 'bin' and step 1 ... OK
Create profile matrix with method 'bin' and step 1 ... OK
Create profile matrix with method 'bin' and step 1 ... OK
Processing 51061 mz slices ... OK
Create profile matrix with method 'bin' and step 1 ... OK
Create profile matrix with method 'bin' and step 1 ... OK
Create profile matrix with method 'bin' and step 1 ... OK
Create profile matrix with method 'bin' and step 1 ... OK
Create profile matrix with method 'bin' and step 1 ... OK
Processing 51061 mz slices ... OK
Create profile matrix with method 'bin' and step 1 ... OK
Create profile matrix with method 'bin' and step 1 ... OK
Create profile matrix with method 'bin' and step 1 ... OK
Create profile matrix with method 'bin' and step 1 ... OK
Create profile matrix with method 'bin' and step 1 ... OK
Processing 51061 mz slices ... OK
Create profile matrix with method 'bin' and step 1 ... OK
Create profile matrix with method 'bin' and step 1 ... OK
Create profile matrix with method 'bin' and step 1 ... OK
Create profile matrix with method 'bin' and step 1 ... OK
Create profile matrix with method 'bin' and step 1 ... OK
Processing 51061 mz slices ... OK
Create profile matrix with method 'bin' and step 0.85 ... OK
Create profile matrix with method 'bin' and step 0.85 ... OK
Create profile matrix with method 'bin' and step 0.85 ... OK
Create profile matrix with method 'bin' and step 0.85 ... OK
Create profile matrix with method 'bin' and step 0.85 ... OK
Create profile matrix with method 'bin' and step 0.85 ... OK
Create profile matrix with method 'bin' and step 0.85 ... OK
Create profile matrix with method 'bin' and step 0.85 ... OK
Processing 71485 mz slices ... OK
Create profile matrix with method 'bin' and step 0.85 ... OK
Create profile matrix with method 'bin' and step 0.85 ... OK
Create profile matrix with method 'bin' and step 0.85 ... OK
Create profile matrix with method 'bin' and step 0.85 ... OK
Create profile matrix with method 'bin' and step 0.85 ... OK
Create profile matrix with method 'bin' and step 0.85 ... OK
Create profile matrix with method 'bin' and step 0.85 ... OK
Create profile matrix with method 'bin' and step 0.85 ... OK
Processing 71485 mz slices ... OK
Create profile matrix with method 'bin' and step 0.85 ... OK
Create profile matrix with method 'bin' and step 0.85 ... OK
Create profile matrix with method 'bin' and step 0.85 ... OK
Create profile matrix with method 'bin' and step 0.85 ... OK
Create profile matrix with method 'bin' and step 0.85 ... OK
Create profile matrix with method 'bin' and step 0.85 ... OK
Create profile matrix with method 'bin' and step 0.85 ... OK
Create profile matrix with method 'bin' and step 0.85 ... OK
Processing 71485 mz slices ... OK
Create profile matrix with method 'bin' and step 0.85 ... OK
Create profile matrix with method 'bin' and step 0.85 ... OK
Create profile matrix with method 'bin' and step 0.85 ... OK
Create profile matrix with method 'bin' and step 0.85 ... OK
Create profile matrix with method 'bin' and step 0.85 ... OK
Create profile matrix with method 'bin' and step 0.85 ... OK
Create profile matrix with method 'bin' and step 0.85 ... OK
Create profile matrix with method 'bin' and step 0.85 ... OK
Processing 71485 mz slices ... OK
Create profile matrix with method 'bin' and step 0.85 ... OK
Create profile matrix with method 'bin' and step 0.85 ... OK
Create profile matrix with method 'bin' and step 0.85 ... OK
Create profile matrix with method 'bin' and step 0.85 ... OK
Create profile matrix with method 'bin' and step 0.85 ... OK
Create profile matrix with method 'bin' and step 0.85 ... OK
Create profile matrix with method 'bin' and step 0.85 ... OK
Create profile matrix with method 'bin' and step 0.85 ... OK
Processing 71485 mz slices ... OK
Create profile matrix with method 'bin' and step 0.7 ... OK
Create profile matrix with method 'bin' and step 0.7 ... OK
Create profile matrix with method 'bin' and step 0.7 ... OK
Create profile matrix with method 'bin' and step 0.7 ... OK
Create profile matrix with method 'bin' and step 0.7 ... OK
Processing 71485 mz slices ... OK
Create profile matrix with method 'bin' and step 1 ... OK
Create profile matrix with method 'bin' and step 1 ... OK
Create profile matrix with method 'bin' and step 1 ... OK
Create profile matrix with method 'bin' and step 1 ... OK
Create profile matrix with method 'bin' and step 1 ... OK
Processing 71485 mz slices ... OK
Create profile matrix with method 'bin' and step 0.85 ... OK
Create profile matrix with method 'bin' and step 0.85 ... OK
Create profile matrix with method 'bin' and step 0.85 ... OK
Create profile matrix with method 'bin' and step 0.85 ... OK
Create profile matrix with method 'bin' and step 0.85 ... OK
Create profile matrix with method 'bin' and step 0.85 ... OK
Create profile matrix with method 'bin' and step 0.85 ... OK
Create profile matrix with method 'bin' and step 0.85 ... OK
Processing 71485 mz slices ... OK
Create profile matrix with method 'bin' and step 0.85 ... OK
Create profile matrix with method 'bin' and step 0.85 ... OK
Create profile matrix with method 'bin' and step 0.85 ... OK
Create profile matrix with method 'bin' and step 0.85 ... OK
Create profile matrix with method 'bin' and step 0.85 ... OK
Create profile matrix with method 'bin' and step 0.85 ... OK
Create profile matrix with method 'bin' and step 0.85 ... OK
Create profile matrix with method 'bin' and step 0.85 ... OK
Processing 71485 mz slices ... OK
Create profile matrix with method 'bin' and step 0.85 ... OK
Create profile matrix with method 'bin' and step 0.85 ... OK
Create profile matrix with method 'bin' and step 0.85 ... OK
Create profile matrix with method 'bin' and step 0.85 ... OK
Create profile matrix with method 'bin' and step 0.85 ... OK
Create profile matrix with method 'bin' and step 0.85 ... OK
Create profile matrix with method 'bin' and step 0.85 ... OK
Create profile matrix with method 'bin' and step 0.85 ... OK
Processing 119140 mz slices ... OK
Create profile matrix with method 'bin' and step 0.85 ... OK
Create profile matrix with method 'bin' and step 0.85 ... OK
Create profile matrix with method 'bin' and step 0.85 ... OK
Create profile matrix with method 'bin' and step 0.85 ... OK
Create profile matrix with method 'bin' and step 0.85 ... OK
Create profile matrix with method 'bin' and step 0.85 ... OK
Create profile matrix with method 'bin' and step 0.85 ... OK
Create profile matrix with method 'bin' and step 0.85 ... OK
Processing 51061 mz slices ... OK
Create profile matrix with method 'bin' and step 0.85 ... OK
Create profile matrix with method 'bin' and step 0.85 ... OK
Create profile matrix with method 'bin' and step 0.85 ... OK
Create profile matrix with method 'bin' and step 0.85 ... OK
Create profile matrix with method 'bin' and step 0.85 ... OK
Create profile matrix with method 'bin' and step 0.85 ... OK
Create profile matrix with method 'bin' and step 0.85 ... OK
Create profile matrix with method 'bin' and step 0.85 ... OK
Processing 71485 mz slices ... OK
Create profile matrix with method 'bin' and step 1 ... OK
Create profile matrix with method 'bin' and step 1 ... OK
Create profile matrix with method 'bin' and step 1 ... OK
Create profile matrix with method 'bin' and step 1 ... OK
Create profile matrix with method 'bin' and step 1 ... OK
Processing 105124 mz slices ... OK
profStep or minfrac greater 1, decreasing to 0.71 and 1



starting new DoE with:

gapInit: c(0.16, 0.64)
gapExtend: c(2.34, 3.06)
profStep: c(0.71, 1)
bw: c(12.4, 31.6)
mzwid: c(0.007, 0.027)
distFunc: cor_opt
plottype: none
response: 1
factorDiag: 2
factorGap: 1
localAlignment: 0
retcorMethod: obiwarp
minfrac: 0.05
minsamp: 1
max: 50
center: 2

Create profile matrix with method 'bin' and step 0.71 ... OK
Create profile matrix with method 'bin' and step 0.71 ... OK
Create profile matrix with method 'bin' and step 0.71 ... OK
Create profile matrix with method 'bin' and step 0.71 ... OK
Create profile matrix with method 'bin' and step 0.71 ... OK
Create profile matrix with method 'bin' and step 0.71 ... OK
Create profile matrix with method 'bin' and step 0.71 ... OK
Create profile matrix with method 'bin' and step 0.71 ... OK
Processing 255299 mz slices ... OK
Create profile matrix with method 'bin' and step 0.71 ... OK
Create profile matrix with method 'bin' and step 0.71 ... OK
Create profile matrix with method 'bin' and step 0.71 ... OK
Create profile matrix with method 'bin' and step 0.71 ... OK
Create profile matrix with method 'bin' and step 0.71 ... OK
Create profile matrix with method 'bin' and step 0.71 ... OK
Create profile matrix with method 'bin' and step 0.71 ... OK
Create profile matrix with method 'bin' and step 0.71 ... OK
Processing 255299 mz slices ... OK
Create profile matrix with method 'bin' and step 0.71 ... OK
Create profile matrix with method 'bin' and step 0.71 ... OK
Create profile matrix with method 'bin' and step 0.71 ... OK
Create profile matrix with method 'bin' and step 0.71 ... OK
Create profile matrix with method 'bin' and step 0.71 ... OK
Create profile matrix with method 'bin' and step 0.71 ... OK
Create profile matrix with method 'bin' and step 0.71 ... OK
Create profile matrix with method 'bin' and step 0.71 ... OK
Processing 255299 mz slices ... OK
Create profile matrix with method 'bin' and step 0.71 ... OK
Create profile matrix with method 'bin' and step 0.71 ... OK
Create profile matrix with method 'bin' and step 0.71 ... OK
Create profile matrix with method 'bin' and step 0.71 ... OK
Create profile matrix with method 'bin' and step 0.71 ... OK
Create profile matrix with method 'bin' and step 0.71 ... OK
Create profile matrix with method 'bin' and step 0.71 ... OK
Create profile matrix with method 'bin' and step 0.71 ... OK
Processing 255299 mz slices ... OK
Create profile matrix with method 'bin' and step 1 ... OK
Create profile matrix with method 'bin' and step 1 ... OK
Create profile matrix with method 'bin' and step 1 ... OK
Create profile matrix with method 'bin' and step 1 ... OK
Create profile matrix with method 'bin' and step 1 ... OK
Processing 255299 mz slices ... OK
Create profile matrix with method 'bin' and step 1 ... OK
Create profile matrix with method 'bin' and step 1 ... OK
Create profile matrix with method 'bin' and step 1 ... OK
Create profile matrix with method 'bin' and step 1 ... OK
Create profile matrix with method 'bin' and step 1 ... OK
Processing 255299 mz slices ... OK
Create profile matrix with method 'bin' and step 1 ... OK
Create profile matrix with method 'bin' and step 1 ... OK
Create profile matrix with method 'bin' and step 1 ... OK
Create profile matrix with method 'bin' and step 1 ... OK
Create profile matrix with method 'bin' and step 1 ... OK
Processing 255299 mz slices ... OK
Create profile matrix with method 'bin' and step 1 ... OK
Create profile matrix with method 'bin' and step 1 ... OK
Create profile matrix with method 'bin' and step 1 ... OK
Create profile matrix with method 'bin' and step 1 ... OK
Create profile matrix with method 'bin' and step 1 ... OK
Processing 255299 mz slices ... OK
Create profile matrix with method 'bin' and step 0.71 ... OK
Create profile matrix with method 'bin' and step 0.71 ... OK
Create profile matrix with method 'bin' and step 0.71 ... OK
Create profile matrix with method 'bin' and step 0.71 ... OK
Create profile matrix with method 'bin' and step 0.71 ... OK
Create profile matrix with method 'bin' and step 0.71 ... OK
Create profile matrix with method 'bin' and step 0.71 ... OK
Create profile matrix with method 'bin' and step 0.71 ... OK
Processing 255299 mz slices ... OK
Create profile matrix with method 'bin' and step 0.71 ... OK
Create profile matrix with method 'bin' and step 0.71 ... OK
Create profile matrix with method 'bin' and step 0.71 ... OK
Create profile matrix with method 'bin' and step 0.71 ... OK
Create profile matrix with method 'bin' and step 0.71 ... OK
Create profile matrix with method 'bin' and step 0.71 ... OK
Create profile matrix with method 'bin' and step 0.71 ... OK
Create profile matrix with method 'bin' and step 0.71 ... OK
Processing 255299 mz slices ... OK
Create profile matrix with method 'bin' and step 0.71 ... OK
Create profile matrix with method 'bin' and step 0.71 ... OK
Create profile matrix with method 'bin' and step 0.71 ... OK
Create profile matrix with method 'bin' and step 0.71 ... OK
Create profile matrix with method 'bin' and step 0.71 ... OK
Create profile matrix with method 'bin' and step 0.71 ... OK
Create profile matrix with method 'bin' and step 0.71 ... OK
Create profile matrix with method 'bin' and step 0.71 ... OK
Processing 255299 mz slices ... OK
Create profile matrix with method 'bin' and step 0.71 ... OK
Create profile matrix with method 'bin' and step 0.71 ... OK
Create profile matrix with method 'bin' and step 0.71 ... OK
Create profile matrix with method 'bin' and step 0.71 ... OK
Create profile matrix with method 'bin' and step 0.71 ... OK
Create profile matrix with method 'bin' and step 0.71 ... OK
Create profile matrix with method 'bin' and step 0.71 ... OK
Create profile matrix with method 'bin' and step 0.71 ... OK
Processing 255299 mz slices ... OK
Create profile matrix with method 'bin' and step 1 ... OK
Create profile matrix with method 'bin' and step 1 ... OK
Create profile matrix with method 'bin' and step 1 ... OK
Create profile matrix with method 'bin' and step 1 ... OK
Create profile matrix with method 'bin' and step 1 ... OK
Processing 255299 mz slices ... OK
Create profile matrix with method 'bin' and step 1 ... OK
Create profile matrix with method 'bin' and step 1 ... OK
Create profile matrix with method 'bin' and step 1 ... OK
Create profile matrix with method 'bin' and step 1 ... OK
Create profile matrix with method 'bin' and step 1 ... OK
Processing 255299 mz slices ... OK
Create profile matrix with method 'bin' and step 1 ... OK
Create profile matrix with method 'bin' and step 1 ... OK
Create profile matrix with method 'bin' and step 1 ... OK
Create profile matrix with method 'bin' and step 1 ... OK
Create profile matrix with method 'bin' and step 1 ... OK
Processing 255299 mz slices ... OK
Create profile matrix with method 'bin' and step 1 ... OK
Create profile matrix with method 'bin' and step 1 ... OK
Create profile matrix with method 'bin' and step 1 ... OK
Create profile matrix with method 'bin' and step 1 ... OK
Create profile matrix with method 'bin' and step 1 ... OK
Processing 255299 mz slices ... OK
Create profile matrix with method 'bin' and step 0.71 ... OK
Create profile matrix with method 'bin' and step 0.71 ... OK
Create profile matrix with method 'bin' and step 0.71 ... OK
Create profile matrix with method 'bin' and step 0.71 ... OK
Create profile matrix with method 'bin' and step 0.71 ... OK
Create profile matrix with method 'bin' and step 0.71 ... OK
Create profile matrix with method 'bin' and step 0.71 ... OK
Create profile matrix with method 'bin' and step 0.71 ... OK
Processing 66190 mz slices ... OK
Create profile matrix with method 'bin' and step 0.71 ... OK
Create profile matrix with method 'bin' and step 0.71 ... OK
Create profile matrix with method 'bin' and step 0.71 ... OK
Create profile matrix with method 'bin' and step 0.71 ... OK
Create profile matrix with method 'bin' and step 0.71 ... OK
Create profile matrix with method 'bin' and step 0.71 ... OK
Create profile matrix with method 'bin' and step 0.71 ... OK
Create profile matrix with method 'bin' and step 0.71 ... OK
Processing 66190 mz slices ... OK
Create profile matrix with method 'bin' and step 0.71 ... OK
Create profile matrix with method 'bin' and step 0.71 ... OK
Create profile matrix with method 'bin' and step 0.71 ... OK
Create profile matrix with method 'bin' and step 0.71 ... OK
Create profile matrix with method 'bin' and step 0.71 ... OK
Create profile matrix with method 'bin' and step 0.71 ... OK
Create profile matrix with method 'bin' and step 0.71 ... OK
Create profile matrix with method 'bin' and step 0.71 ... OK
Processing 66190 mz slices ... OK
Create profile matrix with method 'bin' and step 0.71 ... OK
Create profile matrix with method 'bin' and step 0.71 ... OK
Create profile matrix with method 'bin' and step 0.71 ... OK
Create profile matrix with method 'bin' and step 0.71 ... OK
Create profile matrix with method 'bin' and step 0.71 ... OK
Create profile matrix with method 'bin' and step 0.71 ... OK
Create profile matrix with method 'bin' and step 0.71 ... OK
Create profile matrix with method 'bin' and step 0.71 ... OK
Processing 66190 mz slices ... OK
Create profile matrix with method 'bin' and step 1 ... OK
Create profile matrix with method 'bin' and step 1 ... OK
Create profile matrix with method 'bin' and step 1 ... OK
Create profile matrix with method 'bin' and step 1 ... OK
Create profile matrix with method 'bin' and step 1 ... OK
Processing 66190 mz slices ... OK
Create profile matrix with method 'bin' and step 1 ... OK
Create profile matrix with method 'bin' and step 1 ... OK
Create profile matrix with method 'bin' and step 1 ... OK
Create profile matrix with method 'bin' and step 1 ... OK
Create profile matrix with method 'bin' and step 1 ... OK
Processing 66190 mz slices ... OK
Create profile matrix with method 'bin' and step 1 ... OK
Create profile matrix with method 'bin' and step 1 ... OK
Create profile matrix with method 'bin' and step 1 ... OK
Create profile matrix with method 'bin' and step 1 ... OK
Create profile matrix with method 'bin' and step 1 ... OK
Processing 66190 mz slices ... OK
Create profile matrix with method 'bin' and step 1 ... OK
Create profile matrix with method 'bin' and step 1 ... OK
Create profile matrix with method 'bin' and step 1 ... OK
Create profile matrix with method 'bin' and step 1 ... OK
Create profile matrix with method 'bin' and step 1 ... OK
Processing 66190 mz slices ... OK
Create profile matrix with method 'bin' and step 0.71 ... OK
Create profile matrix with method 'bin' and step 0.71 ... OK
Create profile matrix with method 'bin' and step 0.71 ... OK
Create profile matrix with method 'bin' and step 0.71 ... OK
Create profile matrix with method 'bin' and step 0.71 ... OK
Create profile matrix with method 'bin' and step 0.71 ... OK
Create profile matrix with method 'bin' and step 0.71 ... OK
Create profile matrix with method 'bin' and step 0.71 ... OK
Processing 66190 mz slices ... OK
Create profile matrix with method 'bin' and step 0.71 ... OK
Create profile matrix with method 'bin' and step 0.71 ... OK
Create profile matrix with method 'bin' and step 0.71 ... OK
Create profile matrix with method 'bin' and step 0.71 ... OK
Create profile matrix with method 'bin' and step 0.71 ... OK
Create profile matrix with method 'bin' and step 0.71 ... OK
Create profile matrix with method 'bin' and step 0.71 ... OK
Create profile matrix with method 'bin' and step 0.71 ... OK
Processing 66190 mz slices ... OK
Create profile matrix with method 'bin' and step 0.71 ... OK
Create profile matrix with method 'bin' and step 0.71 ... OK
Create profile matrix with method 'bin' and step 0.71 ... OK
Create profile matrix with method 'bin' and step 0.71 ... OK
Create profile matrix with method 'bin' and step 0.71 ... OK
Create profile matrix with method 'bin' and step 0.71 ... OK
Create profile matrix with method 'bin' and step 0.71 ... OK
Create profile matrix with method 'bin' and step 0.71 ... OK
Processing 66190 mz slices ... OK
Create profile matrix with method 'bin' and step 0.71 ... OK
Create profile matrix with method 'bin' and step 0.71 ... OK
Create profile matrix with method 'bin' and step 0.71 ... OK
Create profile matrix with method 'bin' and step 0.71 ... OK
Create profile matrix with method 'bin' and step 0.71 ... OK
Create profile matrix with method 'bin' and step 0.71 ... OK
Create profile matrix with method 'bin' and step 0.71 ... OK
Create profile matrix with method 'bin' and step 0.71 ... OK
Processing 66190 mz slices ... OK
Create profile matrix with method 'bin' and step 1 ... OK
Create profile matrix with method 'bin' and step 1 ... OK
Create profile matrix with method 'bin' and step 1 ... OK
Create profile matrix with method 'bin' and step 1 ... OK
Create profile matrix with method 'bin' and step 1 ... OK
Processing 66190 mz slices ... OK
Create profile matrix with method 'bin' and step 1 ... OK
Create profile matrix with method 'bin' and step 1 ... OK
Create profile matrix with method 'bin' and step 1 ... OK
Create profile matrix with method 'bin' and step 1 ... OK
Create profile matrix with method 'bin' and step 1 ... OK
Processing 66190 mz slices ... OK
Create profile matrix with method 'bin' and step 1 ... OK
Create profile matrix with method 'bin' and step 1 ... OK
Create profile matrix with method 'bin' and step 1 ... OK
Create profile matrix with method 'bin' and step 1 ... OK
Create profile matrix with method 'bin' and step 1 ... OK
Processing 66190 mz slices ... OK
Create profile matrix with method 'bin' and step 1 ... OK
Create profile matrix with method 'bin' and step 1 ... OK
Create profile matrix with method 'bin' and step 1 ... OK
Create profile matrix with method 'bin' and step 1 ... OK
Create profile matrix with method 'bin' and step 1 ... OK
Processing 66190 mz slices ... OK
Create profile matrix with method 'bin' and step 0.855 ... OK
Create profile matrix with method 'bin' and step 0.855 ... OK
Create profile matrix with method 'bin' and step 0.855 ... OK
Create profile matrix with method 'bin' and step 0.855 ... OK
Create profile matrix with method 'bin' and step 0.855 ... OK
Create profile matrix with method 'bin' and step 0.855 ... OK
Create profile matrix with method 'bin' and step 0.855 ... OK
Create profile matrix with method 'bin' and step 0.855 ... OK
Processing 105124 mz slices ... OK
Create profile matrix with method 'bin' and step 0.855 ... OK
Create profile matrix with method 'bin' and step 0.855 ... OK
Create profile matrix with method 'bin' and step 0.855 ... OK
Create profile matrix with method 'bin' and step 0.855 ... OK
Create profile matrix with method 'bin' and step 0.855 ... OK
Create profile matrix with method 'bin' and step 0.855 ... OK
Create profile matrix with method 'bin' and step 0.855 ... OK
Create profile matrix with method 'bin' and step 0.855 ... OK
Processing 105124 mz slices ... OK
Create profile matrix with method 'bin' and step 0.855 ... OK
Create profile matrix with method 'bin' and step 0.855 ... OK
Create profile matrix with method 'bin' and step 0.855 ... OK
Create profile matrix with method 'bin' and step 0.855 ... OK
Create profile matrix with method 'bin' and step 0.855 ... OK
Create profile matrix with method 'bin' and step 0.855 ... OK
Create profile matrix with method 'bin' and step 0.855 ... OK
Create profile matrix with method 'bin' and step 0.855 ... OK
Processing 105124 mz slices ... OK
Create profile matrix with method 'bin' and step 0.855 ... OK
Create profile matrix with method 'bin' and step 0.855 ... OK
Create profile matrix with method 'bin' and step 0.855 ... OK
Create profile matrix with method 'bin' and step 0.855 ... OK
Create profile matrix with method 'bin' and step 0.855 ... OK
Create profile matrix with method 'bin' and step 0.855 ... OK
Create profile matrix with method 'bin' and step 0.855 ... OK
Create profile matrix with method 'bin' and step 0.855 ... OK
Processing 105124 mz slices ... OK
Create profile matrix with method 'bin' and step 0.855 ... OK
Create profile matrix with method 'bin' and step 0.855 ... OK
Create profile matrix with method 'bin' and step 0.855 ... OK
Create profile matrix with method 'bin' and step 0.855 ... OK
Create profile matrix with method 'bin' and step 0.855 ... OK
Create profile matrix with method 'bin' and step 0.855 ... OK
Create profile matrix with method 'bin' and step 0.855 ... OK
Create profile matrix with method 'bin' and step 0.855 ... OK
Processing 105124 mz slices ... OK
Create profile matrix with method 'bin' and step 0.71 ... OK
Create profile matrix with method 'bin' and step 0.71 ... OK
Create profile matrix with method 'bin' and step 0.71 ... OK
Create profile matrix with method 'bin' and step 0.71 ... OK
Create profile matrix with method 'bin' and step 0.71 ... OK
Create profile matrix with method 'bin' and step 0.71 ... OK
Create profile matrix with method 'bin' and step 0.71 ... OK
Create profile matrix with method 'bin' and step 0.71 ... OK
Processing 105124 mz slices ... OK
Create profile matrix with method 'bin' and step 1 ... OK
Create profile matrix with method 'bin' and step 1 ... OK
Create profile matrix with method 'bin' and step 1 ... OK
Create profile matrix with method 'bin' and step 1 ... OK
Create profile matrix with method 'bin' and step 1 ... OK
Processing 105124 mz slices ... OK
Create profile matrix with method 'bin' and step 0.855 ... OK
Create profile matrix with method 'bin' and step 0.855 ... OK
Create profile matrix with method 'bin' and step 0.855 ... OK
Create profile matrix with method 'bin' and step 0.855 ... OK
Create profile matrix with method 'bin' and step 0.855 ... OK
Create profile matrix with method 'bin' and step 0.855 ... OK
Create profile matrix with method 'bin' and step 0.855 ... OK
Create profile matrix with method 'bin' and step 0.855 ... OK
Processing 105124 mz slices ... OK
Create profile matrix with method 'bin' and step 0.855 ... OK
Create profile matrix with method 'bin' and step 0.855 ... OK
Create profile matrix with method 'bin' and step 0.855 ... OK
Create profile matrix with method 'bin' and step 0.855 ... OK
Create profile matrix with method 'bin' and step 0.855 ... OK
Create profile matrix with method 'bin' and step 0.855 ... OK
Create profile matrix with method 'bin' and step 0.855 ... OK
Create profile matrix with method 'bin' and step 0.855 ... OK
Processing 105124 mz slices ... OK
Create profile matrix with method 'bin' and step 0.855 ... OK
Create profile matrix with method 'bin' and step 0.855 ... OK
Create profile matrix with method 'bin' and step 0.855 ... OK
Create profile matrix with method 'bin' and step 0.855 ... OK
Create profile matrix with method 'bin' and step 0.855 ... OK
Create profile matrix with method 'bin' and step 0.855 ... OK
Create profile matrix with method 'bin' and step 0.855 ... OK
Create profile matrix with method 'bin' and step 0.855 ... OK
Processing 255299 mz slices ... OK
Create profile matrix with method 'bin' and step 0.855 ... OK
Create profile matrix with method 'bin' and step 0.855 ... OK
Create profile matrix with method 'bin' and step 0.855 ... OK
Create profile matrix with method 'bin' and step 0.855 ... OK
Create profile matrix with method 'bin' and step 0.855 ... OK
Create profile matrix with method 'bin' and step 0.855 ... OK
Create profile matrix with method 'bin' and step 0.855 ... OK
Create profile matrix with method 'bin' and step 0.855 ... OK
Processing 66190 mz slices ... OK
Create profile matrix with method 'bin' and step 0.855 ... OK
Create profile matrix with method 'bin' and step 0.855 ... OK
Create profile matrix with method 'bin' and step 0.855 ... OK
Create profile matrix with method 'bin' and step 0.855 ... OK
Create profile matrix with method 'bin' and step 0.855 ... OK
Create profile matrix with method 'bin' and step 0.855 ... OK
Create profile matrix with method 'bin' and step 0.855 ... OK
Create profile matrix with method 'bin' and step 0.855 ... OK
Processing 105124 mz slices ... OK
Create profile matrix with method 'bin' and step 1 ... OK
Create profile matrix with method 'bin' and step 1 ... OK
Create profile matrix with method 'bin' and step 1 ... OK
Create profile matrix with method 'bin' and step 1 ... OK
Create profile matrix with method 'bin' and step 1 ... OK
Processing 89356 mz slices ... OK
profStep or minfrac greater 1, decreasing to 0.72 and 1



starting new DoE with:

gapInit: c(0, 0.528)
gapExtend: c(2.268, 3.132)
profStep: c(0.72, 1)
bw: c(0.879999999999999, 23.92)
mzwid: c(0.01, 0.03)
distFunc: cor_opt
plottype: none
response: 1
factorDiag: 2
factorGap: 1
localAlignment: 0
retcorMethod: obiwarp
minfrac: 0.05
minsamp: 1
max: 50
center: 2

Create profile matrix with method 'bin' and step 0.72 ... OK
Create profile matrix with method 'bin' and step 0.72 ... OK
Create profile matrix with method 'bin' and step 0.72 ... OK
Create profile matrix with method 'bin' and step 0.72 ... OK
Create profile matrix with method 'bin' and step 0.72 ... OK
Create profile matrix with method 'bin' and step 0.72 ... OK
Create profile matrix with method 'bin' and step 0.72 ... OK
Create profile matrix with method 'bin' and step 0.72 ... OK
Processing 178710 mz slices ... OK
Create profile matrix with method 'bin' and step 0.72 ... OK
Create profile matrix with method 'bin' and step 0.72 ... OK
Create profile matrix with method 'bin' and step 0.72 ... OK
Create profile matrix with method 'bin' and step 0.72 ... OK
Create profile matrix with method 'bin' and step 0.72 ... OK
Create profile matrix with method 'bin' and step 0.72 ... OK
Create profile matrix with method 'bin' and step 0.72 ... OK
Create profile matrix with method 'bin' and step 0.72 ... OK
Processing 178710 mz slices ... OK
Create profile matrix with method 'bin' and step 0.72 ... OK
Create profile matrix with method 'bin' and step 0.72 ... OK
Create profile matrix with method 'bin' and step 0.72 ... OK
Create profile matrix with method 'bin' and step 0.72 ... OK
Create profile matrix with method 'bin' and step 0.72 ... OK
Create profile matrix with method 'bin' and step 0.72 ... OK
Create profile matrix with method 'bin' and step 0.72 ... OK
Create profile matrix with method 'bin' and step 0.72 ... OK
Processing 178710 mz slices ... OK
Create profile matrix with method 'bin' and step 0.72 ... OK
Create profile matrix with method 'bin' and step 0.72 ... OK
Create profile matrix with method 'bin' and step 0.72 ... OK
Create profile matrix with method 'bin' and step 0.72 ... OK
Create profile matrix with method 'bin' and step 0.72 ... OK
Create profile matrix with method 'bin' and step 0.72 ... OK
Create profile matrix with method 'bin' and step 0.72 ... OK
Create profile matrix with method 'bin' and step 0.72 ... OK
Processing 178710 mz slices ... OK
Create profile matrix with method 'bin' and step 1 ... OK
Create profile matrix with method 'bin' and step 1 ... OK
Create profile matrix with method 'bin' and step 1 ... OK
Create profile matrix with method 'bin' and step 1 ... OK
Create profile matrix with method 'bin' and step 1 ... OK
Processing 178710 mz slices ... OK
Create profile matrix with method 'bin' and step 1 ... OK
Create profile matrix with method 'bin' and step 1 ... OK
Create profile matrix with method 'bin' and step 1 ... OK
Create profile matrix with method 'bin' and step 1 ... OK
Create profile matrix with method 'bin' and step 1 ... OK
Processing 178710 mz slices ... OK
Create profile matrix with method 'bin' and step 1 ... OK
Create profile matrix with method 'bin' and step 1 ... OK
Create profile matrix with method 'bin' and step 1 ... OK
Create profile matrix with method 'bin' and step 1 ... OK
Create profile matrix with method 'bin' and step 1 ... OK
Processing 178710 mz slices ... OK
Create profile matrix with method 'bin' and step 1 ... OK
Create profile matrix with method 'bin' and step 1 ... OK
Create profile matrix with method 'bin' and step 1 ... OK
Create profile matrix with method 'bin' and step 1 ... OK
Create profile matrix with method 'bin' and step 1 ... OK
Processing 178710 mz slices ... OK
Create profile matrix with method 'bin' and step 0.72 ... OK
Create profile matrix with method 'bin' and step 0.72 ... OK
Create profile matrix with method 'bin' and step 0.72 ... OK
Create profile matrix with method 'bin' and step 0.72 ... OK
Create profile matrix with method 'bin' and step 0.72 ... OK
Create profile matrix with method 'bin' and step 0.72 ... OK
Create profile matrix with method 'bin' and step 0.72 ... OK
Create profile matrix with method 'bin' and step 0.72 ... OK
Processing 178710 mz slices ... OK
Create profile matrix with method 'bin' and step 0.72 ... OK
Create profile matrix with method 'bin' and step 0.72 ... OK
Create profile matrix with method 'bin' and step 0.72 ... OK
Create profile matrix with method 'bin' and step 0.72 ... OK
Create profile matrix with method 'bin' and step 0.72 ... OK
Create profile matrix with method 'bin' and step 0.72 ... OK
Create profile matrix with method 'bin' and step 0.72 ... OK
Create profile matrix with method 'bin' and step 0.72 ... OK
Processing 178710 mz slices ... OK
Create profile matrix with method 'bin' and step 0.72 ... OK
Create profile matrix with method 'bin' and step 0.72 ... OK
Create profile matrix with method 'bin' and step 0.72 ... OK
Create profile matrix with method 'bin' and step 0.72 ... OK
Create profile matrix with method 'bin' and step 0.72 ... OK
Create profile matrix with method 'bin' and step 0.72 ... OK
Create profile matrix with method 'bin' and step 0.72 ... OK
Create profile matrix with method 'bin' and step 0.72 ... OK
Processing 178710 mz slices ... OK
Create profile matrix with method 'bin' and step 0.72 ... OK
Create profile matrix with method 'bin' and step 0.72 ... OK
Create profile matrix with method 'bin' and step 0.72 ... OK
Create profile matrix with method 'bin' and step 0.72 ... OK
Create profile matrix with method 'bin' and step 0.72 ... OK
Create profile matrix with method 'bin' and step 0.72 ... OK
Create profile matrix with method 'bin' and step 0.72 ... OK
Create profile matrix with method 'bin' and step 0.72 ... OK
Processing 178710 mz slices ... OK
Create profile matrix with method 'bin' and step 1 ... OK
Create profile matrix with method 'bin' and step 1 ... OK
Create profile matrix with method 'bin' and step 1 ... OK
Create profile matrix with method 'bin' and step 1 ... OK
Create profile matrix with method 'bin' and step 1 ... OK
Processing 178710 mz slices ... OK
Create profile matrix with method 'bin' and step 1 ... OK
Create profile matrix with method 'bin' and step 1 ... OK
Create profile matrix with method 'bin' and step 1 ... OK
Create profile matrix with method 'bin' and step 1 ... OK
Create profile matrix with method 'bin' and step 1 ... OK
Processing 178710 mz slices ... OK
Create profile matrix with method 'bin' and step 1 ... OK
Create profile matrix with method 'bin' and step 1 ... OK
Create profile matrix with method 'bin' and step 1 ... OK
Create profile matrix with method 'bin' and step 1 ... OK
Create profile matrix with method 'bin' and step 1 ... OK
Processing 178710 mz slices ... OK
Create profile matrix with method 'bin' and step 1 ... OK
Create profile matrix with method 'bin' and step 1 ... OK
Create profile matrix with method 'bin' and step 1 ... OK
Create profile matrix with method 'bin' and step 1 ... OK
Create profile matrix with method 'bin' and step 1 ... OK
Processing 178710 mz slices ... OK
Create profile matrix with method 'bin' and step 0.72 ... OK
Create profile matrix with method 'bin' and step 0.72 ... OK
Create profile matrix with method 'bin' and step 0.72 ... OK
Create profile matrix with method 'bin' and step 0.72 ... OK
Create profile matrix with method 'bin' and step 0.72 ... OK
Create profile matrix with method 'bin' and step 0.72 ... OK
Create profile matrix with method 'bin' and step 0.72 ... OK
Create profile matrix with method 'bin' and step 0.72 ... OK
Processing 59571 mz slices ... OK
Create profile matrix with method 'bin' and step 0.72 ... OK
Create profile matrix with method 'bin' and step 0.72 ... OK
Create profile matrix with method 'bin' and step 0.72 ... OK
Create profile matrix with method 'bin' and step 0.72 ... OK
Create profile matrix with method 'bin' and step 0.72 ... OK
Create profile matrix with method 'bin' and step 0.72 ... OK
Create profile matrix with method 'bin' and step 0.72 ... OK
Create profile matrix with method 'bin' and step 0.72 ... OK
Processing 59571 mz slices ... OK
Create profile matrix with method 'bin' and step 0.72 ... OK
Create profile matrix with method 'bin' and step 0.72 ... OK
Create profile matrix with method 'bin' and step 0.72 ... OK
Create profile matrix with method 'bin' and step 0.72 ... OK
Create profile matrix with method 'bin' and step 0.72 ... OK
Create profile matrix with method 'bin' and step 0.72 ... OK
Create profile matrix with method 'bin' and step 0.72 ... OK
Create profile matrix with method 'bin' and step 0.72 ... OK
Processing 59571 mz slices ... OK
Create profile matrix with method 'bin' and step 0.72 ... OK
Create profile matrix with method 'bin' and step 0.72 ... OK
Create profile matrix with method 'bin' and step 0.72 ... OK
Create profile matrix with method 'bin' and step 0.72 ... OK
Create profile matrix with method 'bin' and step 0.72 ... OK
Create profile matrix with method 'bin' and step 0.72 ... OK
Create profile matrix with method 'bin' and step 0.72 ... OK
Create profile matrix with method 'bin' and step 0.72 ... OK
Processing 59571 mz slices ... OK
Create profile matrix with method 'bin' and step 1 ... OK
Create profile matrix with method 'bin' and step 1 ... OK
Create profile matrix with method 'bin' and step 1 ... OK
Create profile matrix with method 'bin' and step 1 ... OK
Create profile matrix with method 'bin' and step 1 ... OK
Processing 59571 mz slices ... OK
Create profile matrix with method 'bin' and step 1 ... OK
Create profile matrix with method 'bin' and step 1 ... OK
Create profile matrix with method 'bin' and step 1 ... OK
Create profile matrix with method 'bin' and step 1 ... OK
Create profile matrix with method 'bin' and step 1 ... OK
Processing 59571 mz slices ... OK
Create profile matrix with method 'bin' and step 1 ... OK
Create profile matrix with method 'bin' and step 1 ... OK
Create profile matrix with method 'bin' and step 1 ... OK
Create profile matrix with method 'bin' and step 1 ... OK
Create profile matrix with method 'bin' and step 1 ... OK
Processing 59571 mz slices ... OK
Create profile matrix with method 'bin' and step 1 ... OK
Create profile matrix with method 'bin' and step 1 ... OK
Create profile matrix with method 'bin' and step 1 ... OK
Create profile matrix with method 'bin' and step 1 ... OK
Create profile matrix with method 'bin' and step 1 ... OK
Processing 59571 mz slices ... OK
Create profile matrix with method 'bin' and step 0.72 ... OK
Create profile matrix with method 'bin' and step 0.72 ... OK
Create profile matrix with method 'bin' and step 0.72 ... OK
Create profile matrix with method 'bin' and step 0.72 ... OK
Create profile matrix with method 'bin' and step 0.72 ... OK
Create profile matrix with method 'bin' and step 0.72 ... OK
Create profile matrix with method 'bin' and step 0.72 ... OK
Create profile matrix with method 'bin' and step 0.72 ... OK
Processing 59571 mz slices ... OK
Create profile matrix with method 'bin' and step 0.72 ... OK
Create profile matrix with method 'bin' and step 0.72 ... OK
Create profile matrix with method 'bin' and step 0.72 ... OK
Create profile matrix with method 'bin' and step 0.72 ... OK
Create profile matrix with method 'bin' and step 0.72 ... OK
Create profile matrix with method 'bin' and step 0.72 ... OK
Create profile matrix with method 'bin' and step 0.72 ... OK
Create profile matrix with method 'bin' and step 0.72 ... OK
Processing 59571 mz slices ... OK
Create profile matrix with method 'bin' and step 0.72 ... OK
Create profile matrix with method 'bin' and step 0.72 ... OK
Create profile matrix with method 'bin' and step 0.72 ... OK
Create profile matrix with method 'bin' and step 0.72 ... OK
Create profile matrix with method 'bin' and step 0.72 ... OK
Create profile matrix with method 'bin' and step 0.72 ... OK
Create profile matrix with method 'bin' and step 0.72 ... OK
Create profile matrix with method 'bin' and step 0.72 ... OK
Processing 59571 mz slices ... OK
Create profile matrix with method 'bin' and step 0.72 ... OK
Create profile matrix with method 'bin' and step 0.72 ... OK
Create profile matrix with method 'bin' and step 0.72 ... OK
Create profile matrix with method 'bin' and step 0.72 ... OK
Create profile matrix with method 'bin' and step 0.72 ... OK
Create profile matrix with method 'bin' and step 0.72 ... OK
Create profile matrix with method 'bin' and step 0.72 ... OK
Create profile matrix with method 'bin' and step 0.72 ... OK
Processing 59571 mz slices ... OK
Create profile matrix with method 'bin' and step 1 ... OK
Create profile matrix with method 'bin' and step 1 ... OK
Create profile matrix with method 'bin' and step 1 ... OK
Create profile matrix with method 'bin' and step 1 ... OK
Create profile matrix with method 'bin' and step 1 ... OK
Processing 59571 mz slices ... OK
Create profile matrix with method 'bin' and step 1 ... OK
Create profile matrix with method 'bin' and step 1 ... OK
Create profile matrix with method 'bin' and step 1 ... OK
Create profile matrix with method 'bin' and step 1 ... OK
Create profile matrix with method 'bin' and step 1 ... OK
Processing 59571 mz slices ... OK
Create profile matrix with method 'bin' and step 1 ... OK
Create profile matrix with method 'bin' and step 1 ... OK
Create profile matrix with method 'bin' and step 1 ... OK
Create profile matrix with method 'bin' and step 1 ... OK
Create profile matrix with method 'bin' and step 1 ... OK
Processing 59571 mz slices ... OK
Create profile matrix with method 'bin' and step 1 ... OK
Create profile matrix with method 'bin' and step 1 ... OK
Create profile matrix with method 'bin' and step 1 ... OK
Create profile matrix with method 'bin' and step 1 ... OK
Create profile matrix with method 'bin' and step 1 ... OK
Processing 59571 mz slices ... OK
Create profile matrix with method 'bin' and step 0.86 ... OK
Create profile matrix with method 'bin' and step 0.86 ... OK
Create profile matrix with method 'bin' and step 0.86 ... OK
Create profile matrix with method 'bin' and step 0.86 ... OK
Create profile matrix with method 'bin' and step 0.86 ... OK
Processing 89356 mz slices ... OK
Create profile matrix with method 'bin' and step 0.86 ... OK
Create profile matrix with method 'bin' and step 0.86 ... OK
Create profile matrix with method 'bin' and step 0.86 ... OK
Create profile matrix with method 'bin' and step 0.86 ... OK
Create profile matrix with method 'bin' and step 0.86 ... OK
Processing 89356 mz slices ... OK
Create profile matrix with method 'bin' and step 0.86 ... OK
Create profile matrix with method 'bin' and step 0.86 ... OK
Create profile matrix with method 'bin' and step 0.86 ... OK
Create profile matrix with method 'bin' and step 0.86 ... OK
Create profile matrix with method 'bin' and step 0.86 ... OK
Processing 89356 mz slices ... OK
Create profile matrix with method 'bin' and step 0.86 ... OK
Create profile matrix with method 'bin' and step 0.86 ... OK
Create profile matrix with method 'bin' and step 0.86 ... OK
Create profile matrix with method 'bin' and step 0.86 ... OK
Create profile matrix with method 'bin' and step 0.86 ... OK
Processing 89356 mz slices ... OK
Create profile matrix with method 'bin' and step 0.86 ... OK
Create profile matrix with method 'bin' and step 0.86 ... OK
Create profile matrix with method 'bin' and step 0.86 ... OK
Create profile matrix with method 'bin' and step 0.86 ... OK
Create profile matrix with method 'bin' and step 0.86 ... OK
Processing 89356 mz slices ... OK
Create profile matrix with method 'bin' and step 0.72 ... OK
Create profile matrix with method 'bin' and step 0.72 ... OK
Create profile matrix with method 'bin' and step 0.72 ... OK
Create profile matrix with method 'bin' and step 0.72 ... OK
Create profile matrix with method 'bin' and step 0.72 ... OK
Create profile matrix with method 'bin' and step 0.72 ... OK
Create profile matrix with method 'bin' and step 0.72 ... OK
Create profile matrix with method 'bin' and step 0.72 ... OK
Processing 89356 mz slices ... OK
Create profile matrix with method 'bin' and step 1 ... OK
Create profile matrix with method 'bin' and step 1 ... OK
Create profile matrix with method 'bin' and step 1 ... OK
Create profile matrix with method 'bin' and step 1 ... OK
Create profile matrix with method 'bin' and step 1 ... OK
Processing 89356 mz slices ... OK
Create profile matrix with method 'bin' and step 0.86 ... OK
Create profile matrix with method 'bin' and step 0.86 ... OK
Create profile matrix with method 'bin' and step 0.86 ... OK
Create profile matrix with method 'bin' and step 0.86 ... OK
Create profile matrix with method 'bin' and step 0.86 ... OK
Processing 89356 mz slices ... OK
Create profile matrix with method 'bin' and step 0.86 ... OK
Create profile matrix with method 'bin' and step 0.86 ... OK
Create profile matrix with method 'bin' and step 0.86 ... OK
Create profile matrix with method 'bin' and step 0.86 ... OK
Create profile matrix with method 'bin' and step 0.86 ... OK
Processing 89356 mz slices ... OK
Create profile matrix with method 'bin' and step 0.86 ... OK
Create profile matrix with method 'bin' and step 0.86 ... OK
Create profile matrix with method 'bin' and step 0.86 ... OK
Create profile matrix with method 'bin' and step 0.86 ... OK
Create profile matrix with method 'bin' and step 0.86 ... OK
Processing 178710 mz slices ... OK
Create profile matrix with method 'bin' and step 0.86 ... OK
Create profile matrix with method 'bin' and step 0.86 ... OK
Create profile matrix with method 'bin' and step 0.86 ... OK
Create profile matrix with method 'bin' and step 0.86 ... OK
Create profile matrix with method 'bin' and step 0.86 ... OK
Processing 59571 mz slices ... OK
Create profile matrix with method 'bin' and step 0.86 ... OK
Create profile matrix with method 'bin' and step 0.86 ... OK
Create profile matrix with method 'bin' and step 0.86 ... OK
Create profile matrix with method 'bin' and step 0.86 ... OK
Create profile matrix with method 'bin' and step 0.86 ... OK
Processing 89356 mz slices ... OK
Create profile matrix with method 'bin' and step 0.72 ... OK
Create profile matrix with method 'bin' and step 0.72 ... OK
Create profile matrix with method 'bin' and step 0.72 ... OK
Create profile matrix with method 'bin' and step 0.72 ... OK
Create profile matrix with method 'bin' and step 0.72 ... OK
Create profile matrix with method 'bin' and step 0.72 ... OK
Create profile matrix with method 'bin' and step 0.72 ... OK
Create profile matrix with method 'bin' and step 0.72 ... OK
Processing 89356 mz slices ... OK
no increase stopping
library(xcms)
library(Rmpi)

xset <- xcmsSet( 
  method = "centWave",
  peakwidth       = c(28.8, 65),
  ppm             = 28.25,
  noise           = 747.5,
  snthresh        = 10,
  mzdiff          = -0.0065,
  prefilter       = c(3, 747.5),
  mzCenterFun     = "wMean",
  integrate       = 2,
  fitgauss        = FALSE,
  verbose.columns = TRUE)
xset <- retcor( 
  xset,
  method         = "obiwarp",
  plottype       = "none",
  distFunc       = "cor_opt",
  profStep       = 1,
  center         = 2,
  response       = 1,
  gapInit        = 0.16,
  gapExtend      = 3.06,
  factorDiag     = 2,
  factorGap      = 1,
  localAlignment = 0)
xset <- group( 
  xset,
  method  = "density",
  bw      = 12.4,
  mzwid   = 0.02,
  minfrac = 0.05,
  minsamp = 1,
  max     = 50)

xset <- fillPeaks(xset)
Warning message:
In sink() : no sink to remove
