center sample:  Volunteer4_blood_4h_POS 
Processing: Volunteer3_blood_0h_POS  Volunteer1_blood_0h_POS  Volunteer3_blood_4h_POS  Volunteer4_blood_1h_POS  
center sample:  Volunteer4_blood_4h_POS 
Processing: Volunteer3_blood_0h_POS  Volunteer1_blood_0h_POS  Volunteer3_blood_4h_POS  Volunteer4_blood_1h_POS  
center sample:  Volunteer4_blood_4h_POS 
Processing: Volunteer3_blood_0h_POS  Volunteer1_blood_0h_POS  Volunteer3_blood_4h_POS  Volunteer4_blood_1h_POS  
center sample:  Volunteer4_blood_4h_POS 
Processing: Volunteer3_blood_0h_POS  Volunteer1_blood_0h_POS  Volunteer3_blood_4h_POS  Volunteer4_blood_1h_POS  
center sample:  Volunteer4_blood_4h_POS 
Processing: Volunteer3_blood_0h_POS  Volunteer1_blood_0h_POS  Volunteer3_blood_4h_POS  Volunteer4_blood_1h_POS  
center sample:  Volunteer4_blood_4h_POS 
Processing: Volunteer3_blood_0h_POS  Volunteer1_blood_0h_POS  Volunteer3_blood_4h_POS  Volunteer4_blood_1h_POS  
center sample:  Volunteer4_blood_4h_POS 
Processing: Volunteer3_blood_0h_POS  Volunteer1_blood_0h_POS  Volunteer3_blood_4h_POS  Volunteer4_blood_1h_POS  
center sample:  Volunteer4_blood_4h_POS 
Processing: Volunteer3_blood_0h_POS  Volunteer1_blood_0h_POS  Volunteer3_blood_4h_POS  Volunteer4_blood_1h_POS  
center sample:  Volunteer4_blood_4h_POS 
Processing: Volunteer3_blood_0h_POS  Volunteer1_blood_0h_POS  Volunteer3_blood_4h_POS  Volunteer4_blood_1h_POS  
center sample:  Volunteer4_blood_4h_POS 
Processing: Volunteer3_blood_0h_POS  Volunteer1_blood_0h_POS  Volunteer3_blood_4h_POS  Volunteer4_blood_1h_POS  
center sample:  Volunteer4_blood_4h_POS 
Processing: Volunteer3_blood_0h_POS  Volunteer1_blood_0h_POS  Volunteer3_blood_4h_POS  Volunteer4_blood_1h_POS  
center sample:  Volunteer4_blood_4h_POS 
Processing: Volunteer3_blood_0h_POS  Volunteer1_blood_0h_POS  Volunteer3_blood_4h_POS  Volunteer4_blood_1h_POS  
center sample:  Volunteer4_blood_4h_POS 
Processing: Volunteer3_blood_0h_POS  Volunteer1_blood_0h_POS  Volunteer3_blood_4h_POS  Volunteer4_blood_1h_POS  
center sample:  Volunteer4_blood_4h_POS 
Processing: Volunteer3_blood_0h_POS  Volunteer1_blood_0h_POS  Volunteer3_blood_4h_POS  Volunteer4_blood_1h_POS  
center sample:  Volunteer4_blood_4h_POS 
Processing: Volunteer3_blood_0h_POS  Volunteer1_blood_0h_POS  Volunteer3_blood_4h_POS  Volunteer4_blood_1h_POS  
center sample:  Volunteer4_blood_4h_POS 
Processing: Volunteer3_blood_0h_POS  Volunteer1_blood_0h_POS  Volunteer3_blood_4h_POS  Volunteer4_blood_1h_POS  
center sample:  Volunteer4_blood_4h_POS 
Processing: Volunteer3_blood_0h_POS  Volunteer1_blood_0h_POS  Volunteer3_blood_4h_POS  Volunteer4_blood_1h_POS  
center sample:  Volunteer4_blood_4h_POS 
Processing: Volunteer3_blood_0h_POS  Volunteer1_blood_0h_POS  Volunteer3_blood_4h_POS  Volunteer4_blood_1h_POS  
center sample:  Volunteer4_blood_4h_POS 
Processing: Volunteer3_blood_0h_POS  Volunteer1_blood_0h_POS  Volunteer3_blood_4h_POS  Volunteer4_blood_1h_POS  
center sample:  Volunteer4_blood_4h_POS 
Processing: Volunteer3_blood_0h_POS  Volunteer1_blood_0h_POS  Volunteer3_blood_4h_POS  Volunteer4_blood_1h_POS  
center sample:  Volunteer4_blood_4h_POS 
Processing: Volunteer3_blood_0h_POS  Volunteer1_blood_0h_POS  Volunteer3_blood_4h_POS  Volunteer4_blood_1h_POS  
center sample:  Volunteer4_blood_4h_POS 
Processing: Volunteer3_blood_0h_POS  Volunteer1_blood_0h_POS  Volunteer3_blood_4h_POS  Volunteer4_blood_1h_POS  
center sample:  Volunteer4_blood_4h_POS 
Processing: Volunteer3_blood_0h_POS  Volunteer1_blood_0h_POS  Volunteer3_blood_4h_POS  Volunteer4_blood_1h_POS  
center sample:  Volunteer4_blood_4h_POS 
Processing: Volunteer3_blood_0h_POS  Volunteer1_blood_0h_POS  Volunteer3_blood_4h_POS  Volunteer4_blood_1h_POS  
center sample:  Volunteer4_blood_4h_POS 
Processing: Volunteer3_blood_0h_POS  Volunteer1_blood_0h_POS  Volunteer3_blood_4h_POS  Volunteer4_blood_1h_POS  
center sample:  Volunteer4_blood_4h_POS 
Processing: Volunteer3_blood_0h_POS  Volunteer1_blood_0h_POS  Volunteer3_blood_4h_POS  Volunteer4_blood_1h_POS  
center sample:  Volunteer4_blood_4h_POS 
Processing: Volunteer3_blood_0h_POS  Volunteer1_blood_0h_POS  Volunteer3_blood_4h_POS  Volunteer4_blood_1h_POS  
center sample:  Volunteer4_blood_4h_POS 
Processing: Volunteer3_blood_0h_POS  Volunteer1_blood_0h_POS  Volunteer3_blood_4h_POS  Volunteer4_blood_1h_POS  
center sample:  Volunteer4_blood_4h_POS 
Processing: Volunteer3_blood_0h_POS  Volunteer1_blood_0h_POS  Volunteer3_blood_4h_POS  Volunteer4_blood_1h_POS  
center sample:  Volunteer4_blood_4h_POS 
Processing: Volunteer3_blood_0h_POS  Volunteer1_blood_0h_POS  Volunteer3_blood_4h_POS  Volunteer4_blood_1h_POS  
center sample:  Volunteer4_blood_4h_POS 
Processing: Volunteer3_blood_0h_POS  Volunteer1_blood_0h_POS  Volunteer3_blood_4h_POS  Volunteer4_blood_1h_POS  
center sample:  Volunteer4_blood_4h_POS 
Processing: Volunteer3_blood_0h_POS  Volunteer1_blood_0h_POS  Volunteer3_blood_4h_POS  Volunteer4_blood_1h_POS  
center sample:  Volunteer4_blood_4h_POS 
Processing: Volunteer3_blood_0h_POS  Volunteer1_blood_0h_POS  Volunteer3_blood_4h_POS  Volunteer4_blood_1h_POS  
center sample:  Volunteer4_blood_4h_POS 
Processing: Volunteer3_blood_0h_POS  Volunteer1_blood_0h_POS  Volunteer3_blood_4h_POS  Volunteer4_blood_1h_POS  
center sample:  Volunteer4_blood_4h_POS 
Processing: Volunteer3_blood_0h_POS  Volunteer1_blood_0h_POS  Volunteer3_blood_4h_POS  Volunteer4_blood_1h_POS  
center sample:  Volunteer4_blood_4h_POS 
Processing: Volunteer3_blood_0h_POS  Volunteer1_blood_0h_POS  Volunteer3_blood_4h_POS  Volunteer4_blood_1h_POS  
center sample:  Volunteer4_blood_4h_POS 
Processing: Volunteer3_blood_0h_POS  Volunteer1_blood_0h_POS  Volunteer3_blood_4h_POS  Volunteer4_blood_1h_POS  
center sample:  Volunteer4_blood_4h_POS 
Processing: Volunteer3_blood_0h_POS  Volunteer1_blood_0h_POS  Volunteer3_blood_4h_POS  Volunteer4_blood_1h_POS  
center sample:  Volunteer4_blood_4h_POS 
Processing: Volunteer3_blood_0h_POS  Volunteer1_blood_0h_POS  Volunteer3_blood_4h_POS  Volunteer4_blood_1h_POS  
center sample:  Volunteer4_blood_4h_POS 
Processing: Volunteer3_blood_0h_POS  Volunteer1_blood_0h_POS  Volunteer3_blood_4h_POS  Volunteer4_blood_1h_POS  
center sample:  Volunteer4_blood_4h_POS 
Processing: Volunteer3_blood_0h_POS  Volunteer1_blood_0h_POS  Volunteer3_blood_4h_POS  Volunteer4_blood_1h_POS  
center sample:  Volunteer4_blood_4h_POS 
Processing: Volunteer3_blood_0h_POS  Volunteer1_blood_0h_POS  Volunteer3_blood_4h_POS  Volunteer4_blood_1h_POS  
center sample:  Volunteer4_blood_4h_POS 
Processing: Volunteer3_blood_0h_POS  Volunteer1_blood_0h_POS  Volunteer3_blood_4h_POS  Volunteer4_blood_1h_POS  
center sample:  Volunteer4_blood_4h_POS 
Processing: Volunteer3_blood_0h_POS  Volunteer1_blood_0h_POS  Volunteer3_blood_4h_POS  Volunteer4_blood_1h_POS  
center sample:  Volunteer4_blood_4h_POS 
Processing: Volunteer3_blood_0h_POS  Volunteer1_blood_0h_POS  Volunteer3_blood_4h_POS  Volunteer4_blood_1h_POS  
center sample:  Volunteer4_blood_4h_POS 
Processing: Volunteer3_blood_0h_POS  Volunteer1_blood_0h_POS  Volunteer3_blood_4h_POS  Volunteer4_blood_1h_POS  
center sample:  Volunteer4_blood_4h_POS 
Processing: Volunteer3_blood_0h_POS  Volunteer1_blood_0h_POS  Volunteer3_blood_4h_POS  Volunteer4_blood_1h_POS  
center sample:  Volunteer4_blood_4h_POS 
Processing: Volunteer3_blood_0h_POS  Volunteer1_blood_0h_POS  Volunteer3_blood_4h_POS  Volunteer4_blood_1h_POS  
center sample:  Volunteer4_blood_4h_POS 
Processing: Volunteer3_blood_0h_POS  Volunteer1_blood_0h_POS  Volunteer3_blood_4h_POS  Volunteer4_blood_1h_POS  
center sample:  Volunteer4_blood_4h_POS 
Processing: Volunteer3_blood_0h_POS  Volunteer1_blood_0h_POS  Volunteer3_blood_4h_POS  Volunteer4_blood_1h_POS  
center sample:  Volunteer4_blood_4h_POS 
Processing: Volunteer3_blood_0h_POS  Volunteer1_blood_0h_POS  Volunteer3_blood_4h_POS  Volunteer4_blood_1h_POS  
center sample:  Volunteer4_blood_4h_POS 
Processing: Volunteer3_blood_0h_POS  Volunteer1_blood_0h_POS  Volunteer3_blood_4h_POS  Volunteer4_blood_1h_POS  
center sample:  Volunteer4_blood_4h_POS 
Processing: Volunteer3_blood_0h_POS  Volunteer1_blood_0h_POS  Volunteer3_blood_4h_POS  Volunteer4_blood_1h_POS  
center sample:  Volunteer4_blood_4h_POS 
Processing: Volunteer3_blood_0h_POS  Volunteer1_blood_0h_POS  Volunteer3_blood_4h_POS  Volunteer4_blood_1h_POS  
center sample:  Volunteer4_blood_4h_POS 
Processing: Volunteer3_blood_0h_POS  Volunteer1_blood_0h_POS  Volunteer3_blood_4h_POS  Volunteer4_blood_1h_POS  
center sample:  Volunteer4_blood_4h_POS 
Processing: Volunteer3_blood_0h_POS  Volunteer1_blood_0h_POS  Volunteer3_blood_4h_POS  Volunteer4_blood_1h_POS  
center sample:  Volunteer4_blood_4h_POS 
Processing: Volunteer3_blood_0h_POS  Volunteer1_blood_0h_POS  Volunteer3_blood_4h_POS  Volunteer4_blood_1h_POS  
center sample:  Volunteer4_blood_4h_POS 
Processing: Volunteer3_blood_0h_POS  Volunteer1_blood_0h_POS  Volunteer3_blood_4h_POS  Volunteer4_blood_1h_POS  
center sample:  Volunteer4_blood_4h_POS 
Processing: Volunteer3_blood_0h_POS  Volunteer1_blood_0h_POS  Volunteer3_blood_4h_POS  Volunteer4_blood_1h_POS  
center sample:  Volunteer4_blood_4h_POS 
Processing: Volunteer3_blood_0h_POS  Volunteer1_blood_0h_POS  Volunteer3_blood_4h_POS  Volunteer4_blood_1h_POS  
center sample:  Volunteer4_blood_4h_POS 
Processing: Volunteer3_blood_0h_POS  Volunteer1_blood_0h_POS  Volunteer3_blood_4h_POS  Volunteer4_blood_1h_POS  
center sample:  Volunteer4_blood_4h_POS 
Processing: Volunteer3_blood_0h_POS  Volunteer1_blood_0h_POS  Volunteer3_blood_4h_POS  Volunteer4_blood_1h_POS  
center sample:  Volunteer4_blood_4h_POS 
Processing: Volunteer3_blood_0h_POS  Volunteer1_blood_0h_POS  Volunteer3_blood_4h_POS  Volunteer4_blood_1h_POS  
center sample:  Volunteer4_blood_4h_POS 
Processing: Volunteer3_blood_0h_POS  Volunteer1_blood_0h_POS  Volunteer3_blood_4h_POS  Volunteer4_blood_1h_POS  
center sample:  Volunteer4_blood_4h_POS 
Processing: Volunteer3_blood_0h_POS  Volunteer1_blood_0h_POS  Volunteer3_blood_4h_POS  Volunteer4_blood_1h_POS  
center sample:  Volunteer4_blood_4h_POS 
Processing: Volunteer3_blood_0h_POS  Volunteer1_blood_0h_POS  Volunteer3_blood_4h_POS  Volunteer4_blood_1h_POS  
center sample:  Volunteer4_blood_4h_POS 
Processing: Volunteer3_blood_0h_POS  Volunteer1_blood_0h_POS  Volunteer3_blood_4h_POS  Volunteer4_blood_1h_POS  
center sample:  Volunteer4_blood_4h_POS 
Processing: Volunteer3_blood_0h_POS  Volunteer1_blood_0h_POS  Volunteer3_blood_4h_POS  Volunteer4_blood_1h_POS  
center sample:  Volunteer4_blood_4h_POS 
Processing: Volunteer3_blood_0h_POS  Volunteer1_blood_0h_POS  Volunteer3_blood_4h_POS  Volunteer4_blood_1h_POS  
center sample:  Volunteer4_blood_4h_POS 
Processing: Volunteer3_blood_0h_POS  Volunteer1_blood_0h_POS  Volunteer3_blood_4h_POS  Volunteer4_blood_1h_POS  
center sample:  Volunteer4_blood_4h_POS 
Processing: Volunteer3_blood_0h_POS  Volunteer1_blood_0h_POS  Volunteer3_blood_4h_POS  Volunteer4_blood_1h_POS  
center sample:  Volunteer4_blood_4h_POS 
Processing: Volunteer3_blood_0h_POS  Volunteer1_blood_0h_POS  Volunteer3_blood_4h_POS  Volunteer4_blood_1h_POS  
center sample:  Volunteer4_blood_4h_POS 
Processing: Volunteer3_blood_0h_POS  Volunteer1_blood_0h_POS  Volunteer3_blood_4h_POS  Volunteer4_blood_1h_POS  
center sample:  Volunteer4_blood_4h_POS 
Processing: Volunteer3_blood_0h_POS  Volunteer1_blood_0h_POS  Volunteer3_blood_4h_POS  Volunteer4_blood_1h_POS  
center sample:  Volunteer4_blood_4h_POS 
Processing: Volunteer3_blood_0h_POS  Volunteer1_blood_0h_POS  Volunteer3_blood_4h_POS  Volunteer4_blood_1h_POS  
center sample:  Volunteer4_blood_4h_POS 
Processing: Volunteer3_blood_0h_POS  Volunteer1_blood_0h_POS  Volunteer3_blood_4h_POS  Volunteer4_blood_1h_POS  
center sample:  Volunteer4_blood_4h_POS 
Processing: Volunteer3_blood_0h_POS  Volunteer1_blood_0h_POS  Volunteer3_blood_4h_POS  Volunteer4_blood_1h_POS  
center sample:  Volunteer4_blood_4h_POS 
Processing: Volunteer3_blood_0h_POS  Volunteer1_blood_0h_POS  Volunteer3_blood_4h_POS  Volunteer4_blood_1h_POS  
center sample:  Volunteer4_blood_4h_POS 
Processing: Volunteer3_blood_0h_POS  Volunteer1_blood_0h_POS  Volunteer3_blood_4h_POS  Volunteer4_blood_1h_POS  
center sample:  Volunteer4_blood_4h_POS 
Processing: Volunteer3_blood_0h_POS  Volunteer1_blood_0h_POS  Volunteer3_blood_4h_POS  Volunteer4_blood_1h_POS  
center sample:  Volunteer4_blood_4h_POS 
Processing: Volunteer3_blood_0h_POS  Volunteer1_blood_0h_POS  Volunteer3_blood_4h_POS  Volunteer4_blood_1h_POS  
center sample:  Volunteer4_blood_4h_POS 
Processing: Volunteer3_blood_0h_POS  Volunteer1_blood_0h_POS  Volunteer3_blood_4h_POS  Volunteer4_blood_1h_POS  
center sample:  Volunteer4_blood_4h_POS 
Processing: Volunteer3_blood_0h_POS  Volunteer1_blood_0h_POS  Volunteer3_blood_4h_POS  Volunteer4_blood_1h_POS  
center sample:  Volunteer4_blood_4h_POS 
Processing: Volunteer3_blood_0h_POS  Volunteer1_blood_0h_POS  Volunteer3_blood_4h_POS  Volunteer4_blood_1h_POS  
center sample:  Volunteer4_blood_4h_POS 
Processing: Volunteer3_blood_0h_POS  Volunteer1_blood_0h_POS  Volunteer3_blood_4h_POS  Volunteer4_blood_1h_POS  
center sample:  Volunteer4_blood_4h_POS 
Processing: Volunteer3_blood_0h_POS  Volunteer1_blood_0h_POS  Volunteer3_blood_4h_POS  Volunteer4_blood_1h_POS  
center sample:  Volunteer4_blood_4h_POS 
Processing: Volunteer3_blood_0h_POS  Volunteer1_blood_0h_POS  Volunteer3_blood_4h_POS  Volunteer4_blood_1h_POS  
center sample:  Volunteer4_blood_4h_POS 
Processing: Volunteer3_blood_0h_POS  Volunteer1_blood_0h_POS  Volunteer3_blood_4h_POS  Volunteer4_blood_1h_POS  
center sample:  Volunteer4_blood_4h_POS 
Processing: Volunteer3_blood_0h_POS  Volunteer1_blood_0h_POS  Volunteer3_blood_4h_POS  Volunteer4_blood_1h_POS  
center sample:  Volunteer4_blood_4h_POS 
Processing: Volunteer3_blood_0h_POS  Volunteer1_blood_0h_POS  Volunteer3_blood_4h_POS  Volunteer4_blood_1h_POS  
center sample:  Volunteer4_blood_4h_POS 
Processing: Volunteer3_blood_0h_POS  Volunteer1_blood_0h_POS  Volunteer3_blood_4h_POS  Volunteer4_blood_1h_POS  
center sample:  Volunteer4_blood_4h_POS 
Processing: Volunteer3_blood_0h_POS  Volunteer1_blood_0h_POS  Volunteer3_blood_4h_POS  Volunteer4_blood_1h_POS  
center sample:  Volunteer4_blood_4h_POS 
Processing: Volunteer3_blood_0h_POS  Volunteer1_blood_0h_POS  Volunteer3_blood_4h_POS  Volunteer4_blood_1h_POS  
center sample:  Volunteer4_blood_4h_POS 
Processing: Volunteer3_blood_0h_POS  Volunteer1_blood_0h_POS  Volunteer3_blood_4h_POS  Volunteer4_blood_1h_POS  
center sample:  Volunteer4_blood_4h_POS 
Processing: Volunteer3_blood_0h_POS  Volunteer1_blood_0h_POS  Volunteer3_blood_4h_POS  Volunteer4_blood_1h_POS  
center sample:  Volunteer4_blood_4h_POS 
Processing: Volunteer3_blood_0h_POS  Volunteer1_blood_0h_POS  Volunteer3_blood_4h_POS  Volunteer4_blood_1h_POS  
center sample:  Volunteer4_blood_4h_POS 
Processing: Volunteer3_blood_0h_POS  Volunteer1_blood_0h_POS  Volunteer3_blood_4h_POS  Volunteer4_blood_1h_POS  
center sample:  Volunteer4_blood_4h_POS 
Processing: Volunteer3_blood_0h_POS  Volunteer1_blood_0h_POS  Volunteer3_blood_4h_POS  Volunteer4_blood_1h_POS  
center sample:  Volunteer4_blood_4h_POS 
Processing: Volunteer3_blood_0h_POS  Volunteer1_blood_0h_POS  Volunteer3_blood_4h_POS  Volunteer4_blood_1h_POS  
center sample:  Volunteer4_blood_4h_POS 
Processing: Volunteer3_blood_0h_POS  Volunteer1_blood_0h_POS  Volunteer3_blood_4h_POS  Volunteer4_blood_1h_POS  
center sample:  Volunteer4_blood_4h_POS 
Processing: Volunteer3_blood_0h_POS  Volunteer1_blood_0h_POS  Volunteer3_blood_4h_POS  Volunteer4_blood_1h_POS  
center sample:  Volunteer4_blood_4h_POS 
Processing: Volunteer3_blood_0h_POS  Volunteer1_blood_0h_POS  Volunteer3_blood_4h_POS  Volunteer4_blood_1h_POS  
center sample:  Volunteer4_blood_4h_POS 
Processing: Volunteer3_blood_0h_POS  Volunteer1_blood_0h_POS  Volunteer3_blood_4h_POS  Volunteer4_blood_1h_POS  
center sample:  Volunteer4_blood_4h_POS 
Processing: Volunteer3_blood_0h_POS  Volunteer1_blood_0h_POS  Volunteer3_blood_4h_POS  Volunteer4_blood_1h_POS  
center sample:  Volunteer4_blood_4h_POS 
Processing: Volunteer3_blood_0h_POS  Volunteer1_blood_0h_POS  Volunteer3_blood_4h_POS  Volunteer4_blood_1h_POS  
center sample:  Volunteer4_blood_4h_POS 
Processing: Volunteer3_blood_0h_POS  Volunteer1_blood_0h_POS  Volunteer3_blood_4h_POS  Volunteer4_blood_1h_POS  
center sample:  Volunteer4_blood_4h_POS 
Processing: Volunteer3_blood_0h_POS  Volunteer1_blood_0h_POS  Volunteer3_blood_4h_POS  Volunteer4_blood_1h_POS  
center sample:  Volunteer4_blood_4h_POS 
Processing: Volunteer3_blood_0h_POS  Volunteer1_blood_0h_POS  Volunteer3_blood_4h_POS  Volunteer4_blood_1h_POS  
center sample:  Volunteer4_blood_4h_POS 
Processing: Volunteer3_blood_0h_POS  Volunteer1_blood_0h_POS  Volunteer3_blood_4h_POS  Volunteer4_blood_1h_POS  
center sample:  Volunteer4_blood_4h_POS 
Processing: Volunteer3_blood_0h_POS  Volunteer1_blood_0h_POS  Volunteer3_blood_4h_POS  Volunteer4_blood_1h_POS  
center sample:  Volunteer4_blood_4h_POS 
Processing: Volunteer3_blood_0h_POS  Volunteer1_blood_0h_POS  Volunteer3_blood_4h_POS  Volunteer4_blood_1h_POS  
center sample:  Volunteer4_blood_4h_POS 
Processing: Volunteer3_blood_0h_POS  Volunteer1_blood_0h_POS  Volunteer3_blood_4h_POS  Volunteer4_blood_1h_POS  
center sample:  Volunteer4_blood_4h_POS 
Processing: Volunteer3_blood_0h_POS  Volunteer1_blood_0h_POS  Volunteer3_blood_4h_POS  Volunteer4_blood_1h_POS  
center sample:  Volunteer4_blood_4h_POS 
Processing: Volunteer3_blood_0h_POS  Volunteer1_blood_0h_POS  Volunteer3_blood_4h_POS  Volunteer4_blood_1h_POS  
center sample:  Volunteer4_blood_4h_POS 
Processing: Volunteer3_blood_0h_POS  Volunteer1_blood_0h_POS  Volunteer3_blood_4h_POS  Volunteer4_blood_1h_POS  
center sample:  Volunteer4_blood_4h_POS 
Processing: Volunteer3_blood_0h_POS  Volunteer1_blood_0h_POS  Volunteer3_blood_4h_POS  Volunteer4_blood_1h_POS  
center sample:  Volunteer4_blood_4h_POS 
Processing: Volunteer3_blood_0h_POS  Volunteer1_blood_0h_POS  Volunteer3_blood_4h_POS  Volunteer4_blood_1h_POS  
center sample:  Volunteer4_blood_4h_POS 
Processing: Volunteer3_blood_0h_POS  Volunteer1_blood_0h_POS  Volunteer3_blood_4h_POS  Volunteer4_blood_1h_POS  
center sample:  Volunteer4_blood_4h_POS 
Processing: Volunteer3_blood_0h_POS  Volunteer1_blood_0h_POS  Volunteer3_blood_4h_POS  Volunteer4_blood_1h_POS  
center sample:  Volunteer4_blood_4h_POS 
Processing: Volunteer3_blood_0h_POS  Volunteer1_blood_0h_POS  Volunteer3_blood_4h_POS  Volunteer4_blood_1h_POS  
center sample:  Volunteer4_blood_4h_POS 
Processing: Volunteer3_blood_0h_POS  Volunteer1_blood_0h_POS  Volunteer3_blood_4h_POS  Volunteer4_blood_1h_POS  
center sample:  Volunteer4_blood_4h_POS 
Processing: Volunteer3_blood_0h_POS  Volunteer1_blood_0h_POS  Volunteer3_blood_4h_POS  Volunteer4_blood_1h_POS  
center sample:  Volunteer4_blood_4h_POS 
Processing: Volunteer3_blood_0h_POS  Volunteer1_blood_0h_POS  Volunteer3_blood_4h_POS  Volunteer4_blood_1h_POS  
center sample:  Volunteer4_blood_4h_POS 
Processing: Volunteer3_blood_0h_POS  Volunteer1_blood_0h_POS  Volunteer3_blood_4h_POS  Volunteer4_blood_1h_POS  
center sample:  Volunteer4_blood_4h_POS 
Processing: Volunteer3_blood_0h_POS  Volunteer1_blood_0h_POS  Volunteer3_blood_4h_POS  Volunteer4_blood_1h_POS  
center sample:  Volunteer4_blood_4h_POS 
Processing: Volunteer3_blood_0h_POS  Volunteer1_blood_0h_POS  Volunteer3_blood_4h_POS  Volunteer4_blood_1h_POS  
center sample:  Volunteer4_blood_4h_POS 
Processing: Volunteer3_blood_0h_POS  Volunteer1_blood_0h_POS  Volunteer3_blood_4h_POS  Volunteer4_blood_1h_POS  
center sample:  Volunteer4_blood_4h_POS 
Processing: Volunteer3_blood_0h_POS  Volunteer1_blood_0h_POS  Volunteer3_blood_4h_POS  Volunteer4_blood_1h_POS  
center sample:  Volunteer4_blood_4h_POS 
Processing: Volunteer3_blood_0h_POS  Volunteer1_blood_0h_POS  Volunteer3_blood_4h_POS  Volunteer4_blood_1h_POS  
center sample:  Volunteer4_blood_4h_POS 
Processing: Volunteer3_blood_0h_POS  Volunteer1_blood_0h_POS  Volunteer3_blood_4h_POS  Volunteer4_blood_1h_POS  
center sample:  Volunteer4_blood_4h_POS 
Processing: Volunteer3_blood_0h_POS  Volunteer1_blood_0h_POS  Volunteer3_blood_4h_POS  Volunteer4_blood_1h_POS  
center sample:  Volunteer4_blood_4h_POS 
Processing: Volunteer3_blood_0h_POS  Volunteer1_blood_0h_POS  Volunteer3_blood_4h_POS  Volunteer4_blood_1h_POS  
center sample:  Volunteer4_blood_4h_POS 
Processing: Volunteer3_blood_0h_POS  Volunteer1_blood_0h_POS  Volunteer3_blood_4h_POS  Volunteer4_blood_1h_POS  
center sample:  Volunteer4_blood_4h_POS 
Processing: Volunteer3_blood_0h_POS  Volunteer1_blood_0h_POS  Volunteer3_blood_4h_POS  Volunteer4_blood_1h_POS  
center sample:  Volunteer4_blood_4h_POS 
Processing: Volunteer3_blood_0h_POS  Volunteer1_blood_0h_POS  Volunteer3_blood_4h_POS  Volunteer4_blood_1h_POS  
Detecting mass traces at 19.25 ppm ... OK
Detecting chromatographic peaks in 17606 regions of interest ... OK: 7768 found.
71
Detecting mass traces at 34.25 ppm ... OK
Detecting chromatographic peaks in 17893 regions of interest ... OK: 7565 found.
72
Detecting mass traces at 26.75 ppm ... OK
Detecting chromatographic peaks in 17970 regions of interest ... OK: 8134 found.
73
Detecting mass traces at 26.75 ppm ... OK
Detecting chromatographic peaks in 17970 regions of interest ... OK: 6942 found.
74
Detecting mass traces at 26.75 ppm ... OK
Detecting chromatographic peaks in 18676 regions of interest ... OK: 7817 found.
75
Detecting mass traces at 26.75 ppm ... OK
Detecting chromatographic peaks in 16293 regions of interest ... OK: 7648 found.
76
Detecting mass traces at 26.75 ppm ... OK
Detecting chromatographic peaks in 17970 regions of interest ... OK: 7770 found.
77
Detecting mass traces at 26.75 ppm ... OK
Detecting chromatographic peaks in 17970 regions of interest ... OK: 7770 found.
78
Detecting mass traces at 26.75 ppm ... OK
Detecting chromatographic peaks in 17970 regions of interest ... OK: 7770 found.
Detecting mass traces at 23 ppm ... OK
Detecting chromatographic peaks in 16193 regions of interest ... OK: 7965 found.
no increase, stopping
best parameter settings:
min_peakwidth: 29.6
max_peakwidth: 67
ppm: 23
mzdiff: -0.0054
noise: 747.5
value_of_prefilter: 496
snthresh: 10
prefilter: 3
mzCenterFun: wMean
integrate: 2
fitgauss: FALSE
verbose.columns: TRUE

There were 50 or more warnings (use warnings() to see the first 50)
Detecting mass traces at 23 ppm ... OK
Detecting chromatographic peaks in 16370 regions of interest ... OK: 7668 found.
Detecting mass traces at 23 ppm ... OK
Detecting chromatographic peaks in 15753 regions of interest ... OK: 7823 found.
Detecting mass traces at 23 ppm ... OK
Detecting chromatographic peaks in 16667 regions of interest ... OK: 8202 found.
Detecting mass traces at 23 ppm ... OK
Detecting chromatographic peaks in 16063 regions of interest ... OK: 7916 found.
Detecting mass traces at 23 ppm ... OK
Detecting chromatographic peaks in 16736 regions of interest ... OK: 7953 found.
Warning messages:
1: In .local(object, ...) :
  It looks like this file is in profile mode. centWave can process only centroid mode data !

2: In .local(object, ...) :
  It looks like this file is in profile mode. centWave can process only centroid mode data !

3: In .local(object, ...) :
  It looks like this file is in profile mode. centWave can process only centroid mode data !

4: In .local(object, ...) :
  It looks like this file is in profile mode. centWave can process only centroid mode data !

5: In .local(object, ...) :
  It looks like this file is in profile mode. centWave can process only centroid mode data !




starting new DoE with:

distFunc: cor_opt
gapInit: c(0, 0.4)
gapExtend: c(2.1, 2.7)
profStep: c(0.7, 1)
plottype: none
response: 1
factorDiag: 2
factorGap: 1
localAlignment: 0
retcorMethod: obiwarp
bw: c(22, 38)
minfrac: 0.05
mzwid: c(0.015, 0.035)
minsamp: 1
max: 50
center: 3

Create profile matrix with method 'bin' and step 0.7 ... OK
Create profile matrix with method 'bin' and step 0.7 ... OK
Create profile matrix with method 'bin' and step 0.7 ... OK
Create profile matrix with method 'bin' and step 0.7 ... OK
Create profile matrix with method 'bin' and step 0.7 ... OK
Processing 119140 mz slices ... OK
Create profile matrix with method 'bin' and step 0.7 ... OK
Create profile matrix with method 'bin' and step 0.7 ... OK
Create profile matrix with method 'bin' and step 0.7 ... OK
Create profile matrix with method 'bin' and step 0.7 ... OK
Create profile matrix with method 'bin' and step 0.7 ... OK
Processing 119140 mz slices ... OK
Create profile matrix with method 'bin' and step 0.7 ... OK
Create profile matrix with method 'bin' and step 0.7 ... OK
Create profile matrix with method 'bin' and step 0.7 ... OK
Create profile matrix with method 'bin' and step 0.7 ... OK
Create profile matrix with method 'bin' and step 0.7 ... OK
Processing 119140 mz slices ... OK
Create profile matrix with method 'bin' and step 0.7 ... OK
Create profile matrix with method 'bin' and step 0.7 ... OK
Create profile matrix with method 'bin' and step 0.7 ... OK
Create profile matrix with method 'bin' and step 0.7 ... OK
Create profile matrix with method 'bin' and step 0.7 ... OK
Processing 119140 mz slices ... OK
Create profile matrix with method 'bin' and step 1 ... OK
Create profile matrix with method 'bin' and step 1 ... OK
Create profile matrix with method 'bin' and step 1 ... OK
Create profile matrix with method 'bin' and step 1 ... OK
Create profile matrix with method 'bin' and step 1 ... OK
Processing 119140 mz slices ... OK
Create profile matrix with method 'bin' and step 1 ... OK
Create profile matrix with method 'bin' and step 1 ... OK
Create profile matrix with method 'bin' and step 1 ... OK
Create profile matrix with method 'bin' and step 1 ... OK
Create profile matrix with method 'bin' and step 1 ... OK
Processing 119140 mz slices ... OK
Create profile matrix with method 'bin' and step 1 ... OK
Create profile matrix with method 'bin' and step 1 ... OK
Create profile matrix with method 'bin' and step 1 ... OK
Create profile matrix with method 'bin' and step 1 ... OK
Create profile matrix with method 'bin' and step 1 ... OK
Processing 119140 mz slices ... OK
Create profile matrix with method 'bin' and step 1 ... OK
Create profile matrix with method 'bin' and step 1 ... OK
Create profile matrix with method 'bin' and step 1 ... OK
Create profile matrix with method 'bin' and step 1 ... OK
Create profile matrix with method 'bin' and step 1 ... OK
Processing 119140 mz slices ... OK
Create profile matrix with method 'bin' and step 0.7 ... OK
Create profile matrix with method 'bin' and step 0.7 ... OK
Create profile matrix with method 'bin' and step 0.7 ... OK
Create profile matrix with method 'bin' and step 0.7 ... OK
Create profile matrix with method 'bin' and step 0.7 ... OK
Processing 119140 mz slices ... OK
Create profile matrix with method 'bin' and step 0.7 ... OK
Create profile matrix with method 'bin' and step 0.7 ... OK
Create profile matrix with method 'bin' and step 0.7 ... OK
Create profile matrix with method 'bin' and step 0.7 ... OK
Create profile matrix with method 'bin' and step 0.7 ... OK
Processing 119140 mz slices ... OK
Create profile matrix with method 'bin' and step 0.7 ... OK
Create profile matrix with method 'bin' and step 0.7 ... OK
Create profile matrix with method 'bin' and step 0.7 ... OK
Create profile matrix with method 'bin' and step 0.7 ... OK
Create profile matrix with method 'bin' and step 0.7 ... OK
Processing 119140 mz slices ... OK
Create profile matrix with method 'bin' and step 0.7 ... OK
Create profile matrix with method 'bin' and step 0.7 ... OK
Create profile matrix with method 'bin' and step 0.7 ... OK
Create profile matrix with method 'bin' and step 0.7 ... OK
Create profile matrix with method 'bin' and step 0.7 ... OK
Processing 119140 mz slices ... OK
Create profile matrix with method 'bin' and step 1 ... OK
Create profile matrix with method 'bin' and step 1 ... OK
Create profile matrix with method 'bin' and step 1 ... OK
Create profile matrix with method 'bin' and step 1 ... OK
Create profile matrix with method 'bin' and step 1 ... OK
Processing 119140 mz slices ... OK
Create profile matrix with method 'bin' and step 1 ... OK
Create profile matrix with method 'bin' and step 1 ... OK
Create profile matrix with method 'bin' and step 1 ... OK
Create profile matrix with method 'bin' and step 1 ... OK
Create profile matrix with method 'bin' and step 1 ... OK
Processing 119140 mz slices ... OK
Create profile matrix with method 'bin' and step 1 ... OK
Create profile matrix with method 'bin' and step 1 ... OK
Create profile matrix with method 'bin' and step 1 ... OK
Create profile matrix with method 'bin' and step 1 ... OK
Create profile matrix with method 'bin' and step 1 ... OK
Processing 119140 mz slices ... OK
Create profile matrix with method 'bin' and step 1 ... OK
Create profile matrix with method 'bin' and step 1 ... OK
Create profile matrix with method 'bin' and step 1 ... OK
Create profile matrix with method 'bin' and step 1 ... OK
Create profile matrix with method 'bin' and step 1 ... OK
Processing 119140 mz slices ... OK
Create profile matrix with method 'bin' and step 0.7 ... OK
Create profile matrix with method 'bin' and step 0.7 ... OK
Create profile matrix with method 'bin' and step 0.7 ... OK
Create profile matrix with method 'bin' and step 0.7 ... OK
Create profile matrix with method 'bin' and step 0.7 ... OK
Processing 51061 mz slices ... OK
Create profile matrix with method 'bin' and step 0.7 ... OK
Create profile matrix with method 'bin' and step 0.7 ... OK
Create profile matrix with method 'bin' and step 0.7 ... OK
Create profile matrix with method 'bin' and step 0.7 ... OK
Create profile matrix with method 'bin' and step 0.7 ... OK
Processing 51061 mz slices ... OK
Create profile matrix with method 'bin' and step 0.7 ... OK
Create profile matrix with method 'bin' and step 0.7 ... OK
Create profile matrix with method 'bin' and step 0.7 ... OK
Create profile matrix with method 'bin' and step 0.7 ... OK
Create profile matrix with method 'bin' and step 0.7 ... OK
Processing 51061 mz slices ... OK
Create profile matrix with method 'bin' and step 0.7 ... OK
Create profile matrix with method 'bin' and step 0.7 ... OK
Create profile matrix with method 'bin' and step 0.7 ... OK
Create profile matrix with method 'bin' and step 0.7 ... OK
Create profile matrix with method 'bin' and step 0.7 ... OK
Processing 51061 mz slices ... OK
Create profile matrix with method 'bin' and step 1 ... OK
Create profile matrix with method 'bin' and step 1 ... OK
Create profile matrix with method 'bin' and step 1 ... OK
Create profile matrix with method 'bin' and step 1 ... OK
Create profile matrix with method 'bin' and step 1 ... OK
Processing 51061 mz slices ... OK
Create profile matrix with method 'bin' and step 1 ... OK
Create profile matrix with method 'bin' and step 1 ... OK
Create profile matrix with method 'bin' and step 1 ... OK
Create profile matrix with method 'bin' and step 1 ... OK
Create profile matrix with method 'bin' and step 1 ... OK
Processing 51061 mz slices ... OK
Create profile matrix with method 'bin' and step 1 ... OK
Create profile matrix with method 'bin' and step 1 ... OK
Create profile matrix with method 'bin' and step 1 ... OK
Create profile matrix with method 'bin' and step 1 ... OK
Create profile matrix with method 'bin' and step 1 ... OK
Processing 51061 mz slices ... OK
Create profile matrix with method 'bin' and step 1 ... OK
Create profile matrix with method 'bin' and step 1 ... OK
Create profile matrix with method 'bin' and step 1 ... OK
Create profile matrix with method 'bin' and step 1 ... OK
Create profile matrix with method 'bin' and step 1 ... OK
Processing 51061 mz slices ... OK
Create profile matrix with method 'bin' and step 0.7 ... OK
Create profile matrix with method 'bin' and step 0.7 ... OK
Create profile matrix with method 'bin' and step 0.7 ... OK
Create profile matrix with method 'bin' and step 0.7 ... OK
Create profile matrix with method 'bin' and step 0.7 ... OK
Processing 51061 mz slices ... OK
Create profile matrix with method 'bin' and step 0.7 ... OK
Create profile matrix with method 'bin' and step 0.7 ... OK
Create profile matrix with method 'bin' and step 0.7 ... OK
Create profile matrix with method 'bin' and step 0.7 ... OK
Create profile matrix with method 'bin' and step 0.7 ... OK
Processing 51061 mz slices ... OK
Create profile matrix with method 'bin' and step 0.7 ... OK
Create profile matrix with method 'bin' and step 0.7 ... OK
Create profile matrix with method 'bin' and step 0.7 ... OK
Create profile matrix with method 'bin' and step 0.7 ... OK
Create profile matrix with method 'bin' and step 0.7 ... OK
Processing 51061 mz slices ... OK
Create profile matrix with method 'bin' and step 0.7 ... OK
Create profile matrix with method 'bin' and step 0.7 ... OK
Create profile matrix with method 'bin' and step 0.7 ... OK
Create profile matrix with method 'bin' and step 0.7 ... OK
Create profile matrix with method 'bin' and step 0.7 ... OK
Processing 51061 mz slices ... OK
Create profile matrix with method 'bin' and step 1 ... OK
Create profile matrix with method 'bin' and step 1 ... OK
Create profile matrix with method 'bin' and step 1 ... OK
Create profile matrix with method 'bin' and step 1 ... OK
Create profile matrix with method 'bin' and step 1 ... OK
Processing 51061 mz slices ... OK
Create profile matrix with method 'bin' and step 1 ... OK
Create profile matrix with method 'bin' and step 1 ... OK
Create profile matrix with method 'bin' and step 1 ... OK
Create profile matrix with method 'bin' and step 1 ... OK
Create profile matrix with method 'bin' and step 1 ... OK
Processing 51061 mz slices ... OK
Create profile matrix with method 'bin' and step 1 ... OK
Create profile matrix with method 'bin' and step 1 ... OK
Create profile matrix with method 'bin' and step 1 ... OK
Create profile matrix with method 'bin' and step 1 ... OK
Create profile matrix with method 'bin' and step 1 ... OK
Processing 51061 mz slices ... OK
Create profile matrix with method 'bin' and step 1 ... OK
Create profile matrix with method 'bin' and step 1 ... OK
Create profile matrix with method 'bin' and step 1 ... OK
Create profile matrix with method 'bin' and step 1 ... OK
Create profile matrix with method 'bin' and step 1 ... OK
Processing 51061 mz slices ... OK
Create profile matrix with method 'bin' and step 0.85 ... OK
Create profile matrix with method 'bin' and step 0.85 ... OK
Create profile matrix with method 'bin' and step 0.85 ... OK
Create profile matrix with method 'bin' and step 0.85 ... OK
Create profile matrix with method 'bin' and step 0.85 ... OK
Create profile matrix with method 'bin' and step 0.85 ... OK
Create profile matrix with method 'bin' and step 0.85 ... OK
Create profile matrix with method 'bin' and step 0.85 ... OK
Processing 71485 mz slices ... OK
Create profile matrix with method 'bin' and step 0.85 ... OK
Create profile matrix with method 'bin' and step 0.85 ... OK
Create profile matrix with method 'bin' and step 0.85 ... OK
Create profile matrix with method 'bin' and step 0.85 ... OK
Create profile matrix with method 'bin' and step 0.85 ... OK
Create profile matrix with method 'bin' and step 0.85 ... OK
Create profile matrix with method 'bin' and step 0.85 ... OK
Create profile matrix with method 'bin' and step 0.85 ... OK
Processing 71485 mz slices ... OK
Create profile matrix with method 'bin' and step 0.85 ... OK
Create profile matrix with method 'bin' and step 0.85 ... OK
Create profile matrix with method 'bin' and step 0.85 ... OK
Create profile matrix with method 'bin' and step 0.85 ... OK
Create profile matrix with method 'bin' and step 0.85 ... OK
Create profile matrix with method 'bin' and step 0.85 ... OK
Create profile matrix with method 'bin' and step 0.85 ... OK
Create profile matrix with method 'bin' and step 0.85 ... OK
Processing 71485 mz slices ... OK
Create profile matrix with method 'bin' and step 0.85 ... OK
Create profile matrix with method 'bin' and step 0.85 ... OK
Create profile matrix with method 'bin' and step 0.85 ... OK
Create profile matrix with method 'bin' and step 0.85 ... OK
Create profile matrix with method 'bin' and step 0.85 ... OK
Create profile matrix with method 'bin' and step 0.85 ... OK
Create profile matrix with method 'bin' and step 0.85 ... OK
Create profile matrix with method 'bin' and step 0.85 ... OK
Processing 71485 mz slices ... OK
Create profile matrix with method 'bin' and step 0.85 ... OK
Create profile matrix with method 'bin' and step 0.85 ... OK
Create profile matrix with method 'bin' and step 0.85 ... OK
Create profile matrix with method 'bin' and step 0.85 ... OK
Create profile matrix with method 'bin' and step 0.85 ... OK
Create profile matrix with method 'bin' and step 0.85 ... OK
Create profile matrix with method 'bin' and step 0.85 ... OK
Create profile matrix with method 'bin' and step 0.85 ... OK
Processing 71485 mz slices ... OK
Create profile matrix with method 'bin' and step 0.7 ... OK
Create profile matrix with method 'bin' and step 0.7 ... OK
Create profile matrix with method 'bin' and step 0.7 ... OK
Create profile matrix with method 'bin' and step 0.7 ... OK
Create profile matrix with method 'bin' and step 0.7 ... OK
Processing 71485 mz slices ... OK
Create profile matrix with method 'bin' and step 1 ... OK
Create profile matrix with method 'bin' and step 1 ... OK
Create profile matrix with method 'bin' and step 1 ... OK
Create profile matrix with method 'bin' and step 1 ... OK
Create profile matrix with method 'bin' and step 1 ... OK
Processing 71485 mz slices ... OK
Create profile matrix with method 'bin' and step 0.85 ... OK
Create profile matrix with method 'bin' and step 0.85 ... OK
Create profile matrix with method 'bin' and step 0.85 ... OK
Create profile matrix with method 'bin' and step 0.85 ... OK
Create profile matrix with method 'bin' and step 0.85 ... OK
Create profile matrix with method 'bin' and step 0.85 ... OK
Create profile matrix with method 'bin' and step 0.85 ... OK
Create profile matrix with method 'bin' and step 0.85 ... OK
Processing 71485 mz slices ... OK
Create profile matrix with method 'bin' and step 0.85 ... OK
Create profile matrix with method 'bin' and step 0.85 ... OK
Create profile matrix with method 'bin' and step 0.85 ... OK
Create profile matrix with method 'bin' and step 0.85 ... OK
Create profile matrix with method 'bin' and step 0.85 ... OK
Create profile matrix with method 'bin' and step 0.85 ... OK
Create profile matrix with method 'bin' and step 0.85 ... OK
Create profile matrix with method 'bin' and step 0.85 ... OK
Processing 71485 mz slices ... OK
Create profile matrix with method 'bin' and step 0.85 ... OK
Create profile matrix with method 'bin' and step 0.85 ... OK
Create profile matrix with method 'bin' and step 0.85 ... OK
Create profile matrix with method 'bin' and step 0.85 ... OK
Create profile matrix with method 'bin' and step 0.85 ... OK
Create profile matrix with method 'bin' and step 0.85 ... OK
Create profile matrix with method 'bin' and step 0.85 ... OK
Create profile matrix with method 'bin' and step 0.85 ... OK
Processing 119140 mz slices ... OK
Create profile matrix with method 'bin' and step 0.85 ... OK
Create profile matrix with method 'bin' and step 0.85 ... OK
Create profile matrix with method 'bin' and step 0.85 ... OK
Create profile matrix with method 'bin' and step 0.85 ... OK
Create profile matrix with method 'bin' and step 0.85 ... OK
Create profile matrix with method 'bin' and step 0.85 ... OK
Create profile matrix with method 'bin' and step 0.85 ... OK
Create profile matrix with method 'bin' and step 0.85 ... OK
Processing 51061 mz slices ... OK
Create profile matrix with method 'bin' and step 0.85 ... OK
Create profile matrix with method 'bin' and step 0.85 ... OK
Create profile matrix with method 'bin' and step 0.85 ... OK
Create profile matrix with method 'bin' and step 0.85 ... OK
Create profile matrix with method 'bin' and step 0.85 ... OK
Create profile matrix with method 'bin' and step 0.85 ... OK
Create profile matrix with method 'bin' and step 0.85 ... OK
Create profile matrix with method 'bin' and step 0.85 ... OK
Processing 71485 mz slices ... OK
Create profile matrix with method 'bin' and step 0.91 ... OK
Create profile matrix with method 'bin' and step 0.91 ... OK
Create profile matrix with method 'bin' and step 0.91 ... OK
Create profile matrix with method 'bin' and step 0.91 ... OK
Create profile matrix with method 'bin' and step 0.91 ... OK
Create profile matrix with method 'bin' and step 0.91 ... OK
Create profile matrix with method 'bin' and step 0.91 ... OK
Create profile matrix with method 'bin' and step 0.91 ... OK
Processing 119140 mz slices ... OK
profStep or minfrac greater 1, decreasing to 0.76 and 1



starting new DoE with:

gapInit: c(0.16, 0.64)
gapExtend: c(2.16, 2.64)
profStep: c(0.76, 1)
bw: c(12.4, 31.6)
mzwid: c(0.003, 0.027)
distFunc: cor_opt
plottype: none
response: 1
factorDiag: 2
factorGap: 1
localAlignment: 0
retcorMethod: obiwarp
minfrac: 0.05
minsamp: 1
max: 50
center: 3

Create profile matrix with method 'bin' and step 0.76 ... OK
Create profile matrix with method 'bin' and step 0.76 ... OK
Create profile matrix with method 'bin' and step 0.76 ... OK
Create profile matrix with method 'bin' and step 0.76 ... OK
Create profile matrix with method 'bin' and step 0.76 ... OK
Create profile matrix with method 'bin' and step 0.76 ... OK
Create profile matrix with method 'bin' and step 0.76 ... OK
Create profile matrix with method 'bin' and step 0.76 ... OK
Processing 595695 mz slices ... OK
Create profile matrix with method 'bin' and step 0.76 ... OK
Create profile matrix with method 'bin' and step 0.76 ... OK
Create profile matrix with method 'bin' and step 0.76 ... OK
Create profile matrix with method 'bin' and step 0.76 ... OK
Create profile matrix with method 'bin' and step 0.76 ... OK
Create profile matrix with method 'bin' and step 0.76 ... OK
Create profile matrix with method 'bin' and step 0.76 ... OK
Create profile matrix with method 'bin' and step 0.76 ... OK
Processing 595695 mz slices ... OK
Create profile matrix with method 'bin' and step 0.76 ... OK
Create profile matrix with method 'bin' and step 0.76 ... OK
Create profile matrix with method 'bin' and step 0.76 ... OK
Create profile matrix with method 'bin' and step 0.76 ... OK
Create profile matrix with method 'bin' and step 0.76 ... OK
Create profile matrix with method 'bin' and step 0.76 ... OK
Create profile matrix with method 'bin' and step 0.76 ... OK
Create profile matrix with method 'bin' and step 0.76 ... OK
Processing 595695 mz slices ... OK
Create profile matrix with method 'bin' and step 0.76 ... OK
Create profile matrix with method 'bin' and step 0.76 ... OK
Create profile matrix with method 'bin' and step 0.76 ... OK
Create profile matrix with method 'bin' and step 0.76 ... OK
Create profile matrix with method 'bin' and step 0.76 ... OK
Create profile matrix with method 'bin' and step 0.76 ... OK
Create profile matrix with method 'bin' and step 0.76 ... OK
Create profile matrix with method 'bin' and step 0.76 ... OK
Processing 595695 mz slices ... OK
Create profile matrix with method 'bin' and step 1 ... OK
Create profile matrix with method 'bin' and step 1 ... OK
Create profile matrix with method 'bin' and step 1 ... OK
Create profile matrix with method 'bin' and step 1 ... OK
Create profile matrix with method 'bin' and step 1 ... OK
Processing 595695 mz slices ... OK
Create profile matrix with method 'bin' and step 1 ... OK
Create profile matrix with method 'bin' and step 1 ... OK
Create profile matrix with method 'bin' and step 1 ... OK
Create profile matrix with method 'bin' and step 1 ... OK
Create profile matrix with method 'bin' and step 1 ... OK
Processing 595695 mz slices ... OK
Create profile matrix with method 'bin' and step 1 ... OK
Create profile matrix with method 'bin' and step 1 ... OK
Create profile matrix with method 'bin' and step 1 ... OK
Create profile matrix with method 'bin' and step 1 ... OK
Create profile matrix with method 'bin' and step 1 ... OK
Processing 595695 mz slices ... OK
Create profile matrix with method 'bin' and step 1 ... OK
Create profile matrix with method 'bin' and step 1 ... OK
Create profile matrix with method 'bin' and step 1 ... OK
Create profile matrix with method 'bin' and step 1 ... OK
Create profile matrix with method 'bin' and step 1 ... OK
Processing 595695 mz slices ... OK
Create profile matrix with method 'bin' and step 0.76 ... OK
Create profile matrix with method 'bin' and step 0.76 ... OK
Create profile matrix with method 'bin' and step 0.76 ... OK
Create profile matrix with method 'bin' and step 0.76 ... OK
Create profile matrix with method 'bin' and step 0.76 ... OK
Create profile matrix with method 'bin' and step 0.76 ... OK
Create profile matrix with method 'bin' and step 0.76 ... OK
Create profile matrix with method 'bin' and step 0.76 ... OK
Processing 595695 mz slices ... OK
Create profile matrix with method 'bin' and step 0.76 ... OK
Create profile matrix with method 'bin' and step 0.76 ... OK
Create profile matrix with method 'bin' and step 0.76 ... OK
Create profile matrix with method 'bin' and step 0.76 ... OK
Create profile matrix with method 'bin' and step 0.76 ... OK
Create profile matrix with method 'bin' and step 0.76 ... OK
Create profile matrix with method 'bin' and step 0.76 ... OK
Create profile matrix with method 'bin' and step 0.76 ... OK
Processing 595695 mz slices ... OK
Create profile matrix with method 'bin' and step 0.76 ... OK
Create profile matrix with method 'bin' and step 0.76 ... OK
Create profile matrix with method 'bin' and step 0.76 ... OK
Create profile matrix with method 'bin' and step 0.76 ... OK
Create profile matrix with method 'bin' and step 0.76 ... OK
Create profile matrix with method 'bin' and step 0.76 ... OK
Create profile matrix with method 'bin' and step 0.76 ... OK
Create profile matrix with method 'bin' and step 0.76 ... OK
Processing 595695 mz slices ... OK
Create profile matrix with method 'bin' and step 0.76 ... OK
Create profile matrix with method 'bin' and step 0.76 ... OK
Create profile matrix with method 'bin' and step 0.76 ... OK
Create profile matrix with method 'bin' and step 0.76 ... OK
Create profile matrix with method 'bin' and step 0.76 ... OK
Create profile matrix with method 'bin' and step 0.76 ... OK
Create profile matrix with method 'bin' and step 0.76 ... OK
Create profile matrix with method 'bin' and step 0.76 ... OK
Processing 595695 mz slices ... OK
Create profile matrix with method 'bin' and step 1 ... OK
Create profile matrix with method 'bin' and step 1 ... OK
Create profile matrix with method 'bin' and step 1 ... OK
Create profile matrix with method 'bin' and step 1 ... OK
Create profile matrix with method 'bin' and step 1 ... OK
Processing 595695 mz slices ... OK
Create profile matrix with method 'bin' and step 1 ... OK
Create profile matrix with method 'bin' and step 1 ... OK
Create profile matrix with method 'bin' and step 1 ... OK
Create profile matrix with method 'bin' and step 1 ... OK
Create profile matrix with method 'bin' and step 1 ... OK
Processing 595695 mz slices ... OK
Create profile matrix with method 'bin' and step 1 ... OK
Create profile matrix with method 'bin' and step 1 ... OK
Create profile matrix with method 'bin' and step 1 ... OK
Create profile matrix with method 'bin' and step 1 ... OK
Create profile matrix with method 'bin' and step 1 ... OK
Processing 595695 mz slices ... OK
Create profile matrix with method 'bin' and step 1 ... OK
Create profile matrix with method 'bin' and step 1 ... OK
Create profile matrix with method 'bin' and step 1 ... OK
Create profile matrix with method 'bin' and step 1 ... OK
Create profile matrix with method 'bin' and step 1 ... OK
Processing 595695 mz slices ... OK
Create profile matrix with method 'bin' and step 0.76 ... OK
Create profile matrix with method 'bin' and step 0.76 ... OK
Create profile matrix with method 'bin' and step 0.76 ... OK
Create profile matrix with method 'bin' and step 0.76 ... OK
Create profile matrix with method 'bin' and step 0.76 ... OK
Create profile matrix with method 'bin' and step 0.76 ... OK
Create profile matrix with method 'bin' and step 0.76 ... OK
Create profile matrix with method 'bin' and step 0.76 ... OK
Processing 66190 mz slices ... OK
Create profile matrix with method 'bin' and step 0.76 ... OK
Create profile matrix with method 'bin' and step 0.76 ... OK
Create profile matrix with method 'bin' and step 0.76 ... OK
Create profile matrix with method 'bin' and step 0.76 ... OK
Create profile matrix with method 'bin' and step 0.76 ... OK
Create profile matrix with method 'bin' and step 0.76 ... OK
Create profile matrix with method 'bin' and step 0.76 ... OK
Create profile matrix with method 'bin' and step 0.76 ... OK
Processing 66190 mz slices ... OK
Create profile matrix with method 'bin' and step 0.76 ... OK
Create profile matrix with method 'bin' and step 0.76 ... OK
Create profile matrix with method 'bin' and step 0.76 ... OK
Create profile matrix with method 'bin' and step 0.76 ... OK
Create profile matrix with method 'bin' and step 0.76 ... OK
Create profile matrix with method 'bin' and step 0.76 ... OK
Create profile matrix with method 'bin' and step 0.76 ... OK
Create profile matrix with method 'bin' and step 0.76 ... OK
Processing 66190 mz slices ... OK
Create profile matrix with method 'bin' and step 0.76 ... OK
Create profile matrix with method 'bin' and step 0.76 ... OK
Create profile matrix with method 'bin' and step 0.76 ... OK
Create profile matrix with method 'bin' and step 0.76 ... OK
Create profile matrix with method 'bin' and step 0.76 ... OK
Create profile matrix with method 'bin' and step 0.76 ... OK
Create profile matrix with method 'bin' and step 0.76 ... OK
Create profile matrix with method 'bin' and step 0.76 ... OK
Processing 66190 mz slices ... OK
Create profile matrix with method 'bin' and step 1 ... OK
Create profile matrix with method 'bin' and step 1 ... OK
Create profile matrix with method 'bin' and step 1 ... OK
Create profile matrix with method 'bin' and step 1 ... OK
Create profile matrix with method 'bin' and step 1 ... OK
Processing 66190 mz slices ... OK
Create profile matrix with method 'bin' and step 1 ... OK
Create profile matrix with method 'bin' and step 1 ... OK
Create profile matrix with method 'bin' and step 1 ... OK
Create profile matrix with method 'bin' and step 1 ... OK
Create profile matrix with method 'bin' and step 1 ... OK
Processing 66190 mz slices ... OK
Create profile matrix with method 'bin' and step 1 ... OK
Create profile matrix with method 'bin' and step 1 ... OK
Create profile matrix with method 'bin' and step 1 ... OK
Create profile matrix with method 'bin' and step 1 ... OK
Create profile matrix with method 'bin' and step 1 ... OK
Processing 66190 mz slices ... OK
Create profile matrix with method 'bin' and step 1 ... OK
Create profile matrix with method 'bin' and step 1 ... OK
Create profile matrix with method 'bin' and step 1 ... OK
Create profile matrix with method 'bin' and step 1 ... OK
Create profile matrix with method 'bin' and step 1 ... OK
Processing 66190 mz slices ... OK
Create profile matrix with method 'bin' and step 0.76 ... OK
Create profile matrix with method 'bin' and step 0.76 ... OK
Create profile matrix with method 'bin' and step 0.76 ... OK
Create profile matrix with method 'bin' and step 0.76 ... OK
Create profile matrix with method 'bin' and step 0.76 ... OK
Create profile matrix with method 'bin' and step 0.76 ... OK
Create profile matrix with method 'bin' and step 0.76 ... OK
Create profile matrix with method 'bin' and step 0.76 ... OK
Processing 66190 mz slices ... OK
Create profile matrix with method 'bin' and step 0.76 ... OK
Create profile matrix with method 'bin' and step 0.76 ... OK
Create profile matrix with method 'bin' and step 0.76 ... OK
Create profile matrix with method 'bin' and step 0.76 ... OK
Create profile matrix with method 'bin' and step 0.76 ... OK
Create profile matrix with method 'bin' and step 0.76 ... OK
Create profile matrix with method 'bin' and step 0.76 ... OK
Create profile matrix with method 'bin' and step 0.76 ... OK
Processing 66190 mz slices ... OK
Create profile matrix with method 'bin' and step 0.76 ... OK
Create profile matrix with method 'bin' and step 0.76 ... OK
Create profile matrix with method 'bin' and step 0.76 ... OK
Create profile matrix with method 'bin' and step 0.76 ... OK
Create profile matrix with method 'bin' and step 0.76 ... OK
Create profile matrix with method 'bin' and step 0.76 ... OK
Create profile matrix with method 'bin' and step 0.76 ... OK
Create profile matrix with method 'bin' and step 0.76 ... OK
Processing 66190 mz slices ... OK
Create profile matrix with method 'bin' and step 0.76 ... OK
Create profile matrix with method 'bin' and step 0.76 ... OK
Create profile matrix with method 'bin' and step 0.76 ... OK
Create profile matrix with method 'bin' and step 0.76 ... OK
Create profile matrix with method 'bin' and step 0.76 ... OK
Create profile matrix with method 'bin' and step 0.76 ... OK
Create profile matrix with method 'bin' and step 0.76 ... OK
Create profile matrix with method 'bin' and step 0.76 ... OK
Processing 66190 mz slices ... OK
Create profile matrix with method 'bin' and step 1 ... OK
Create profile matrix with method 'bin' and step 1 ... OK
Create profile matrix with method 'bin' and step 1 ... OK
Create profile matrix with method 'bin' and step 1 ... OK
Create profile matrix with method 'bin' and step 1 ... OK
Processing 66190 mz slices ... OK
Create profile matrix with method 'bin' and step 1 ... OK
Create profile matrix with method 'bin' and step 1 ... OK
Create profile matrix with method 'bin' and step 1 ... OK
Create profile matrix with method 'bin' and step 1 ... OK
Create profile matrix with method 'bin' and step 1 ... OK
Processing 66190 mz slices ... OK
Create profile matrix with method 'bin' and step 1 ... OK
Create profile matrix with method 'bin' and step 1 ... OK
Create profile matrix with method 'bin' and step 1 ... OK
Create profile matrix with method 'bin' and step 1 ... OK
Create profile matrix with method 'bin' and step 1 ... OK
Processing 66190 mz slices ... OK
Create profile matrix with method 'bin' and step 1 ... OK
Create profile matrix with method 'bin' and step 1 ... OK
Create profile matrix with method 'bin' and step 1 ... OK
Create profile matrix with method 'bin' and step 1 ... OK
Create profile matrix with method 'bin' and step 1 ... OK
Processing 66190 mz slices ... OK
Create profile matrix with method 'bin' and step 0.88 ... OK
Create profile matrix with method 'bin' and step 0.88 ... OK
Create profile matrix with method 'bin' and step 0.88 ... OK
Create profile matrix with method 'bin' and step 0.88 ... OK
Create profile matrix with method 'bin' and step 0.88 ... OK
Create profile matrix with method 'bin' and step 0.88 ... OK
Create profile matrix with method 'bin' and step 0.88 ... OK
Create profile matrix with method 'bin' and step 0.88 ... OK
Processing 119140 mz slices ... OK
Create profile matrix with method 'bin' and step 0.88 ... OK
Create profile matrix with method 'bin' and step 0.88 ... OK
Create profile matrix with method 'bin' and step 0.88 ... OK
Create profile matrix with method 'bin' and step 0.88 ... OK
Create profile matrix with method 'bin' and step 0.88 ... OK
Create profile matrix with method 'bin' and step 0.88 ... OK
Create profile matrix with method 'bin' and step 0.88 ... OK
Create profile matrix with method 'bin' and step 0.88 ... OK
Processing 119140 mz slices ... OK
Create profile matrix with method 'bin' and step 0.88 ... OK
Create profile matrix with method 'bin' and step 0.88 ... OK
Create profile matrix with method 'bin' and step 0.88 ... OK
Create profile matrix with method 'bin' and step 0.88 ... OK
Create profile matrix with method 'bin' and step 0.88 ... OK
Create profile matrix with method 'bin' and step 0.88 ... OK
Create profile matrix with method 'bin' and step 0.88 ... OK
Create profile matrix with method 'bin' and step 0.88 ... OK
Processing 119140 mz slices ... OK
Create profile matrix with method 'bin' and step 0.88 ... OK
Create profile matrix with method 'bin' and step 0.88 ... OK
Create profile matrix with method 'bin' and step 0.88 ... OK
Create profile matrix with method 'bin' and step 0.88 ... OK
Create profile matrix with method 'bin' and step 0.88 ... OK
Create profile matrix with method 'bin' and step 0.88 ... OK
Create profile matrix with method 'bin' and step 0.88 ... OK
Create profile matrix with method 'bin' and step 0.88 ... OK
Processing 119140 mz slices ... OK
Create profile matrix with method 'bin' and step 0.88 ... OK
Create profile matrix with method 'bin' and step 0.88 ... OK
Create profile matrix with method 'bin' and step 0.88 ... OK
Create profile matrix with method 'bin' and step 0.88 ... OK
Create profile matrix with method 'bin' and step 0.88 ... OK
Create profile matrix with method 'bin' and step 0.88 ... OK
Create profile matrix with method 'bin' and step 0.88 ... OK
Create profile matrix with method 'bin' and step 0.88 ... OK
Processing 119140 mz slices ... OK
Create profile matrix with method 'bin' and step 0.76 ... OK
Create profile matrix with method 'bin' and step 0.76 ... OK
Create profile matrix with method 'bin' and step 0.76 ... OK
Create profile matrix with method 'bin' and step 0.76 ... OK
Create profile matrix with method 'bin' and step 0.76 ... OK
Create profile matrix with method 'bin' and step 0.76 ... OK
Create profile matrix with method 'bin' and step 0.76 ... OK
Create profile matrix with method 'bin' and step 0.76 ... OK
Processing 119140 mz slices ... OK
Create profile matrix with method 'bin' and step 1 ... OK
Create profile matrix with method 'bin' and step 1 ... OK
Create profile matrix with method 'bin' and step 1 ... OK
Create profile matrix with method 'bin' and step 1 ... OK
Create profile matrix with method 'bin' and step 1 ... OK
Processing 119140 mz slices ... OK
Create profile matrix with method 'bin' and step 0.88 ... OK
Create profile matrix with method 'bin' and step 0.88 ... OK
Create profile matrix with method 'bin' and step 0.88 ... OK
Create profile matrix with method 'bin' and step 0.88 ... OK
Create profile matrix with method 'bin' and step 0.88 ... OK
Create profile matrix with method 'bin' and step 0.88 ... OK
Create profile matrix with method 'bin' and step 0.88 ... OK
Create profile matrix with method 'bin' and step 0.88 ... OK
Processing 119140 mz slices ... OK
Create profile matrix with method 'bin' and step 0.88 ... OK
Create profile matrix with method 'bin' and step 0.88 ... OK
Create profile matrix with method 'bin' and step 0.88 ... OK
Create profile matrix with method 'bin' and step 0.88 ... OK
Create profile matrix with method 'bin' and step 0.88 ... OK
Create profile matrix with method 'bin' and step 0.88 ... OK
Create profile matrix with method 'bin' and step 0.88 ... OK
Create profile matrix with method 'bin' and step 0.88 ... OK
Processing 119140 mz slices ... OK
Create profile matrix with method 'bin' and step 0.88 ... OK
Create profile matrix with method 'bin' and step 0.88 ... OK
Create profile matrix with method 'bin' and step 0.88 ... OK
Create profile matrix with method 'bin' and step 0.88 ... OK
Create profile matrix with method 'bin' and step 0.88 ... OK
Create profile matrix with method 'bin' and step 0.88 ... OK
Create profile matrix with method 'bin' and step 0.88 ... OK
Create profile matrix with method 'bin' and step 0.88 ... OK
Processing 595695 mz slices ... OK
Create profile matrix with method 'bin' and step 0.88 ... OK
Create profile matrix with method 'bin' and step 0.88 ... OK
Create profile matrix with method 'bin' and step 0.88 ... OK
Create profile matrix with method 'bin' and step 0.88 ... OK
Create profile matrix with method 'bin' and step 0.88 ... OK
Create profile matrix with method 'bin' and step 0.88 ... OK
Create profile matrix with method 'bin' and step 0.88 ... OK
Create profile matrix with method 'bin' and step 0.88 ... OK
Processing 66190 mz slices ... OK
Create profile matrix with method 'bin' and step 0.88 ... OK
Create profile matrix with method 'bin' and step 0.88 ... OK
Create profile matrix with method 'bin' and step 0.88 ... OK
Create profile matrix with method 'bin' and step 0.88 ... OK
Create profile matrix with method 'bin' and step 0.88 ... OK
Create profile matrix with method 'bin' and step 0.88 ... OK
Create profile matrix with method 'bin' and step 0.88 ... OK
Create profile matrix with method 'bin' and step 0.88 ... OK
Processing 119140 mz slices ... OK
Create profile matrix with method 'bin' and step 0.88 ... OK
Create profile matrix with method 'bin' and step 0.88 ... OK
Create profile matrix with method 'bin' and step 0.88 ... OK
Create profile matrix with method 'bin' and step 0.88 ... OK
Create profile matrix with method 'bin' and step 0.88 ... OK
Create profile matrix with method 'bin' and step 0.88 ... OK
Create profile matrix with method 'bin' and step 0.88 ... OK
Create profile matrix with method 'bin' and step 0.88 ... OK
Processing 102707 mz slices ... OK



starting new DoE with:

gapInit: c(0.28, 0.76)
gapExtend: c(2.208, 2.592)
profStep: c(0.784, 0.976)
bw: c(0.879999999999999, 23.92)
mzwid: c(0.0078, 0.027)
distFunc: cor_opt
plottype: none
response: 1
factorDiag: 2
factorGap: 1
localAlignment: 0
retcorMethod: obiwarp
minfrac: 0.05
minsamp: 1
max: 50
center: 3

Create profile matrix with method 'bin' and step 0.784 ... OK
Create profile matrix with method 'bin' and step 0.784 ... OK
Create profile matrix with method 'bin' and step 0.784 ... OK
Create profile matrix with method 'bin' and step 0.784 ... OK
Create profile matrix with method 'bin' and step 0.784 ... OK
Create profile matrix with method 'bin' and step 0.784 ... OK
Create profile matrix with method 'bin' and step 0.784 ... OK
Create profile matrix with method 'bin' and step 0.784 ... OK
Processing 229115 mz slices ... OK
Create profile matrix with method 'bin' and step 0.784 ... OK
Create profile matrix with method 'bin' and step 0.784 ... OK
Create profile matrix with method 'bin' and step 0.784 ... OK
Create profile matrix with method 'bin' and step 0.784 ... OK
Create profile matrix with method 'bin' and step 0.784 ... OK
Create profile matrix with method 'bin' and step 0.784 ... OK
Create profile matrix with method 'bin' and step 0.784 ... OK
Create profile matrix with method 'bin' and step 0.784 ... OK
Processing 229115 mz slices ... OK
Create profile matrix with method 'bin' and step 0.784 ... OK
Create profile matrix with method 'bin' and step 0.784 ... OK
Create profile matrix with method 'bin' and step 0.784 ... OK
Create profile matrix with method 'bin' and step 0.784 ... OK
Create profile matrix with method 'bin' and step 0.784 ... OK
Create profile matrix with method 'bin' and step 0.784 ... OK
Create profile matrix with method 'bin' and step 0.784 ... OK
Create profile matrix with method 'bin' and step 0.784 ... OK
Processing 229115 mz slices ... OK
Create profile matrix with method 'bin' and step 0.784 ... OK
Create profile matrix with method 'bin' and step 0.784 ... OK
Create profile matrix with method 'bin' and step 0.784 ... OK
Create profile matrix with method 'bin' and step 0.784 ... OK
Create profile matrix with method 'bin' and step 0.784 ... OK
Create profile matrix with method 'bin' and step 0.784 ... OK
Create profile matrix with method 'bin' and step 0.784 ... OK
Create profile matrix with method 'bin' and step 0.784 ... OK
Processing 229115 mz slices ... OK
Create profile matrix with method 'bin' and step 0.976 ... OK
Create profile matrix with method 'bin' and step 0.976 ... OK
Create profile matrix with method 'bin' and step 0.976 ... OK
Create profile matrix with method 'bin' and step 0.976 ... OK
Create profile matrix with method 'bin' and step 0.976 ... OK
Create profile matrix with method 'bin' and step 0.976 ... OK
Create profile matrix with method 'bin' and step 0.976 ... OK
Create profile matrix with method 'bin' and step 0.976 ... OK
Processing 229115 mz slices ... OK
Create profile matrix with method 'bin' and step 0.976 ... OK
Create profile matrix with method 'bin' and step 0.976 ... OK
Create profile matrix with method 'bin' and step 0.976 ... OK
Create profile matrix with method 'bin' and step 0.976 ... OK
Create profile matrix with method 'bin' and step 0.976 ... OK
Create profile matrix with method 'bin' and step 0.976 ... OK
Create profile matrix with method 'bin' and step 0.976 ... OK
Create profile matrix with method 'bin' and step 0.976 ... OK
Processing 229115 mz slices ... OK
Create profile matrix with method 'bin' and step 0.976 ... OK
Create profile matrix with method 'bin' and step 0.976 ... OK
Create profile matrix with method 'bin' and step 0.976 ... OK
Create profile matrix with method 'bin' and step 0.976 ... OK
Create profile matrix with method 'bin' and step 0.976 ... OK
Create profile matrix with method 'bin' and step 0.976 ... OK
Create profile matrix with method 'bin' and step 0.976 ... OK
Create profile matrix with method 'bin' and step 0.976 ... OK
Processing 229115 mz slices ... OK
Create profile matrix with method 'bin' and step 0.976 ... OK
Create profile matrix with method 'bin' and step 0.976 ... OK
Create profile matrix with method 'bin' and step 0.976 ... OK
Create profile matrix with method 'bin' and step 0.976 ... OK
Create profile matrix with method 'bin' and step 0.976 ... OK
Create profile matrix with method 'bin' and step 0.976 ... OK
Create profile matrix with method 'bin' and step 0.976 ... OK
Create profile matrix with method 'bin' and step 0.976 ... OK
Processing 229115 mz slices ... OK
Create profile matrix with method 'bin' and step 0.784 ... OK
Create profile matrix with method 'bin' and step 0.784 ... OK
Create profile matrix with method 'bin' and step 0.784 ... OK
Create profile matrix with method 'bin' and step 0.784 ... OK
Create profile matrix with method 'bin' and step 0.784 ... OK
Create profile matrix with method 'bin' and step 0.784 ... OK
Create profile matrix with method 'bin' and step 0.784 ... OK
Create profile matrix with method 'bin' and step 0.784 ... OK
Processing 229115 mz slices ... OK
Create profile matrix with method 'bin' and step 0.784 ... OK
Create profile matrix with method 'bin' and step 0.784 ... OK
Create profile matrix with method 'bin' and step 0.784 ... OK
Create profile matrix with method 'bin' and step 0.784 ... OK
Create profile matrix with method 'bin' and step 0.784 ... OK
Create profile matrix with method 'bin' and step 0.784 ... OK
Create profile matrix with method 'bin' and step 0.784 ... OK
Create profile matrix with method 'bin' and step 0.784 ... OK
Processing 229115 mz slices ... OK
Create profile matrix with method 'bin' and step 0.784 ... OK
Create profile matrix with method 'bin' and step 0.784 ... OK
Create profile matrix with method 'bin' and step 0.784 ... OK
Create profile matrix with method 'bin' and step 0.784 ... OK
Create profile matrix with method 'bin' and step 0.784 ... OK
Create profile matrix with method 'bin' and step 0.784 ... OK
Create profile matrix with method 'bin' and step 0.784 ... OK
Create profile matrix with method 'bin' and step 0.784 ... OK
Processing 229115 mz slices ... OK
Create profile matrix with method 'bin' and step 0.784 ... OK
Create profile matrix with method 'bin' and step 0.784 ... OK
Create profile matrix with method 'bin' and step 0.784 ... OK
Create profile matrix with method 'bin' and step 0.784 ... OK
Create profile matrix with method 'bin' and step 0.784 ... OK
Create profile matrix with method 'bin' and step 0.784 ... OK
Create profile matrix with method 'bin' and step 0.784 ... OK
Create profile matrix with method 'bin' and step 0.784 ... OK
Processing 229115 mz slices ... OK
Create profile matrix with method 'bin' and step 0.976 ... OK
Create profile matrix with method 'bin' and step 0.976 ... OK
Create profile matrix with method 'bin' and step 0.976 ... OK
Create profile matrix with method 'bin' and step 0.976 ... OK
Create profile matrix with method 'bin' and step 0.976 ... OK
Create profile matrix with method 'bin' and step 0.976 ... OK
Create profile matrix with method 'bin' and step 0.976 ... OK
Create profile matrix with method 'bin' and step 0.976 ... OK
Processing 229115 mz slices ... OK
Create profile matrix with method 'bin' and step 0.976 ... OK
Create profile matrix with method 'bin' and step 0.976 ... OK
Create profile matrix with method 'bin' and step 0.976 ... OK
Create profile matrix with method 'bin' and step 0.976 ... OK
Create profile matrix with method 'bin' and step 0.976 ... OK
Create profile matrix with method 'bin' and step 0.976 ... OK
Create profile matrix with method 'bin' and step 0.976 ... OK
Create profile matrix with method 'bin' and step 0.976 ... OK
Processing 229115 mz slices ... OK
Create profile matrix with method 'bin' and step 0.976 ... OK
Create profile matrix with method 'bin' and step 0.976 ... OK
Create profile matrix with method 'bin' and step 0.976 ... OK
Create profile matrix with method 'bin' and step 0.976 ... OK
Create profile matrix with method 'bin' and step 0.976 ... OK
Create profile matrix with method 'bin' and step 0.976 ... OK
Create profile matrix with method 'bin' and step 0.976 ... OK
Create profile matrix with method 'bin' and step 0.976 ... OK
Processing 229115 mz slices ... OK
Create profile matrix with method 'bin' and step 0.976 ... OK
Create profile matrix with method 'bin' and step 0.976 ... OK
Create profile matrix with method 'bin' and step 0.976 ... OK
Create profile matrix with method 'bin' and step 0.976 ... OK
Create profile matrix with method 'bin' and step 0.976 ... OK
Create profile matrix with method 'bin' and step 0.976 ... OK
Create profile matrix with method 'bin' and step 0.976 ... OK
Create profile matrix with method 'bin' and step 0.976 ... OK
Processing 229115 mz slices ... OK
Create profile matrix with method 'bin' and step 0.784 ... OK
Create profile matrix with method 'bin' and step 0.784 ... OK
Create profile matrix with method 'bin' and step 0.784 ... OK
Create profile matrix with method 'bin' and step 0.784 ... OK
Create profile matrix with method 'bin' and step 0.784 ... OK
Create profile matrix with method 'bin' and step 0.784 ... OK
Create profile matrix with method 'bin' and step 0.784 ... OK
Create profile matrix with method 'bin' and step 0.784 ... OK
Processing 66190 mz slices ... OK
Create profile matrix with method 'bin' and step 0.784 ... OK
Create profile matrix with method 'bin' and step 0.784 ... OK
Create profile matrix with method 'bin' and step 0.784 ... OK
Create profile matrix with method 'bin' and step 0.784 ... OK
Create profile matrix with method 'bin' and step 0.784 ... OK
Create profile matrix with method 'bin' and step 0.784 ... OK
Create profile matrix with method 'bin' and step 0.784 ... OK
Create profile matrix with method 'bin' and step 0.784 ... OK
Processing 66190 mz slices ... OK
Create profile matrix with method 'bin' and step 0.784 ... OK
Create profile matrix with method 'bin' and step 0.784 ... OK
Create profile matrix with method 'bin' and step 0.784 ... OK
Create profile matrix with method 'bin' and step 0.784 ... OK
Create profile matrix with method 'bin' and step 0.784 ... OK
Create profile matrix with method 'bin' and step 0.784 ... OK
Create profile matrix with method 'bin' and step 0.784 ... OK
Create profile matrix with method 'bin' and step 0.784 ... OK
Processing 66190 mz slices ... OK
Create profile matrix with method 'bin' and step 0.784 ... OK
Create profile matrix with method 'bin' and step 0.784 ... OK
Create profile matrix with method 'bin' and step 0.784 ... OK
Create profile matrix with method 'bin' and step 0.784 ... OK
Create profile matrix with method 'bin' and step 0.784 ... OK
Create profile matrix with method 'bin' and step 0.784 ... OK
Create profile matrix with method 'bin' and step 0.784 ... OK
Create profile matrix with method 'bin' and step 0.784 ... OK
Processing 66190 mz slices ... OK
Create profile matrix with method 'bin' and step 0.976 ... OK
Create profile matrix with method 'bin' and step 0.976 ... OK
Create profile matrix with method 'bin' and step 0.976 ... OK
Create profile matrix with method 'bin' and step 0.976 ... OK
Create profile matrix with method 'bin' and step 0.976 ... OK
Create profile matrix with method 'bin' and step 0.976 ... OK
Create profile matrix with method 'bin' and step 0.976 ... OK
Create profile matrix with method 'bin' and step 0.976 ... OK
Processing 66190 mz slices ... OK
Create profile matrix with method 'bin' and step 0.976 ... OK
Create profile matrix with method 'bin' and step 0.976 ... OK
Create profile matrix with method 'bin' and step 0.976 ... OK
Create profile matrix with method 'bin' and step 0.976 ... OK
Create profile matrix with method 'bin' and step 0.976 ... OK
Create profile matrix with method 'bin' and step 0.976 ... OK
Create profile matrix with method 'bin' and step 0.976 ... OK
Create profile matrix with method 'bin' and step 0.976 ... OK
Processing 66190 mz slices ... OK
Create profile matrix with method 'bin' and step 0.976 ... OK
Create profile matrix with method 'bin' and step 0.976 ... OK
Create profile matrix with method 'bin' and step 0.976 ... OK
Create profile matrix with method 'bin' and step 0.976 ... OK
Create profile matrix with method 'bin' and step 0.976 ... OK
Create profile matrix with method 'bin' and step 0.976 ... OK
Create profile matrix with method 'bin' and step 0.976 ... OK
Create profile matrix with method 'bin' and step 0.976 ... OK
Processing 66190 mz slices ... OK
Create profile matrix with method 'bin' and step 0.976 ... OK
Create profile matrix with method 'bin' and step 0.976 ... OK
Create profile matrix with method 'bin' and step 0.976 ... OK
Create profile matrix with method 'bin' and step 0.976 ... OK
Create profile matrix with method 'bin' and step 0.976 ... OK
Create profile matrix with method 'bin' and step 0.976 ... OK
Create profile matrix with method 'bin' and step 0.976 ... OK
Create profile matrix with method 'bin' and step 0.976 ... OK
Processing 66190 mz slices ... OK
Create profile matrix with method 'bin' and step 0.784 ... OK
Create profile matrix with method 'bin' and step 0.784 ... OK
Create profile matrix with method 'bin' and step 0.784 ... OK
Create profile matrix with method 'bin' and step 0.784 ... OK
Create profile matrix with method 'bin' and step 0.784 ... OK
Create profile matrix with method 'bin' and step 0.784 ... OK
Create profile matrix with method 'bin' and step 0.784 ... OK
Create profile matrix with method 'bin' and step 0.784 ... OK
Processing 66190 mz slices ... OK
Create profile matrix with method 'bin' and step 0.784 ... OK
Create profile matrix with method 'bin' and step 0.784 ... OK
Create profile matrix with method 'bin' and step 0.784 ... OK
Create profile matrix with method 'bin' and step 0.784 ... OK
Create profile matrix with method 'bin' and step 0.784 ... OK
Create profile matrix with method 'bin' and step 0.784 ... OK
Create profile matrix with method 'bin' and step 0.784 ... OK
Create profile matrix with method 'bin' and step 0.784 ... OK
Processing 66190 mz slices ... OK
Create profile matrix with method 'bin' and step 0.784 ... OK
Create profile matrix with method 'bin' and step 0.784 ... OK
Create profile matrix with method 'bin' and step 0.784 ... OK
Create profile matrix with method 'bin' and step 0.784 ... OK
Create profile matrix with method 'bin' and step 0.784 ... OK
Create profile matrix with method 'bin' and step 0.784 ... OK
Create profile matrix with method 'bin' and step 0.784 ... OK
Create profile matrix with method 'bin' and step 0.784 ... OK
Processing 66190 mz slices ... OK
Create profile matrix with method 'bin' and step 0.784 ... OK
Create profile matrix with method 'bin' and step 0.784 ... OK
Create profile matrix with method 'bin' and step 0.784 ... OK
Create profile matrix with method 'bin' and step 0.784 ... OK
Create profile matrix with method 'bin' and step 0.784 ... OK
Create profile matrix with method 'bin' and step 0.784 ... OK
Create profile matrix with method 'bin' and step 0.784 ... OK
Create profile matrix with method 'bin' and step 0.784 ... OK
Processing 66190 mz slices ... OK
Create profile matrix with method 'bin' and step 0.976 ... OK
Create profile matrix with method 'bin' and step 0.976 ... OK
Create profile matrix with method 'bin' and step 0.976 ... OK
Create profile matrix with method 'bin' and step 0.976 ... OK
Create profile matrix with method 'bin' and step 0.976 ... OK
Create profile matrix with method 'bin' and step 0.976 ... OK
Create profile matrix with method 'bin' and step 0.976 ... OK
Create profile matrix with method 'bin' and step 0.976 ... OK
Processing 66190 mz slices ... OK
Create profile matrix with method 'bin' and step 0.976 ... OK
Create profile matrix with method 'bin' and step 0.976 ... OK
Create profile matrix with method 'bin' and step 0.976 ... OK
Create profile matrix with method 'bin' and step 0.976 ... OK
Create profile matrix with method 'bin' and step 0.976 ... OK
Create profile matrix with method 'bin' and step 0.976 ... OK
Create profile matrix with method 'bin' and step 0.976 ... OK
Create profile matrix with method 'bin' and step 0.976 ... OK
Processing 66190 mz slices ... OK
Create profile matrix with method 'bin' and step 0.976 ... OK
Create profile matrix with method 'bin' and step 0.976 ... OK
Create profile matrix with method 'bin' and step 0.976 ... OK
Create profile matrix with method 'bin' and step 0.976 ... OK
Create profile matrix with method 'bin' and step 0.976 ... OK
Create profile matrix with method 'bin' and step 0.976 ... OK
Create profile matrix with method 'bin' and step 0.976 ... OK
Create profile matrix with method 'bin' and step 0.976 ... OK
Processing 66190 mz slices ... OK
Create profile matrix with method 'bin' and step 0.976 ... OK
Create profile matrix with method 'bin' and step 0.976 ... OK
Create profile matrix with method 'bin' and step 0.976 ... OK
Create profile matrix with method 'bin' and step 0.976 ... OK
Create profile matrix with method 'bin' and step 0.976 ... OK
Create profile matrix with method 'bin' and step 0.976 ... OK
Create profile matrix with method 'bin' and step 0.976 ... OK
Create profile matrix with method 'bin' and step 0.976 ... OK
Processing 66190 mz slices ... OK
Create profile matrix with method 'bin' and step 0.88 ... OK
Create profile matrix with method 'bin' and step 0.88 ... OK
Create profile matrix with method 'bin' and step 0.88 ... OK
Create profile matrix with method 'bin' and step 0.88 ... OK
Create profile matrix with method 'bin' and step 0.88 ... OK
Create profile matrix with method 'bin' and step 0.88 ... OK
Create profile matrix with method 'bin' and step 0.88 ... OK
Create profile matrix with method 'bin' and step 0.88 ... OK
Processing 102707 mz slices ... OK
Create profile matrix with method 'bin' and step 0.88 ... OK
Create profile matrix with method 'bin' and step 0.88 ... OK
Create profile matrix with method 'bin' and step 0.88 ... OK
Create profile matrix with method 'bin' and step 0.88 ... OK
Create profile matrix with method 'bin' and step 0.88 ... OK
Create profile matrix with method 'bin' and step 0.88 ... OK
Create profile matrix with method 'bin' and step 0.88 ... OK
Create profile matrix with method 'bin' and step 0.88 ... OK
Processing 102707 mz slices ... OK
Create profile matrix with method 'bin' and step 0.88 ... OK
Create profile matrix with method 'bin' and step 0.88 ... OK
Create profile matrix with method 'bin' and step 0.88 ... OK
Create profile matrix with method 'bin' and step 0.88 ... OK
Create profile matrix with method 'bin' and step 0.88 ... OK
Create profile matrix with method 'bin' and step 0.88 ... OK
Create profile matrix with method 'bin' and step 0.88 ... OK
Create profile matrix with method 'bin' and step 0.88 ... OK
Processing 102707 mz slices ... OK
Create profile matrix with method 'bin' and step 0.88 ... OK
Create profile matrix with method 'bin' and step 0.88 ... OK
Create profile matrix with method 'bin' and step 0.88 ... OK
Create profile matrix with method 'bin' and step 0.88 ... OK
Create profile matrix with method 'bin' and step 0.88 ... OK
Create profile matrix with method 'bin' and step 0.88 ... OK
Create profile matrix with method 'bin' and step 0.88 ... OK
Create profile matrix with method 'bin' and step 0.88 ... OK
Processing 102707 mz slices ... OK
Create profile matrix with method 'bin' and step 0.88 ... OK
Create profile matrix with method 'bin' and step 0.88 ... OK
Create profile matrix with method 'bin' and step 0.88 ... OK
Create profile matrix with method 'bin' and step 0.88 ... OK
Create profile matrix with method 'bin' and step 0.88 ... OK
Create profile matrix with method 'bin' and step 0.88 ... OK
Create profile matrix with method 'bin' and step 0.88 ... OK
Create profile matrix with method 'bin' and step 0.88 ... OK
Processing 102707 mz slices ... OK
Create profile matrix with method 'bin' and step 0.784 ... OK
Create profile matrix with method 'bin' and step 0.784 ... OK
Create profile matrix with method 'bin' and step 0.784 ... OK
Create profile matrix with method 'bin' and step 0.784 ... OK
Create profile matrix with method 'bin' and step 0.784 ... OK
Create profile matrix with method 'bin' and step 0.784 ... OK
Create profile matrix with method 'bin' and step 0.784 ... OK
Create profile matrix with method 'bin' and step 0.784 ... OK
Processing 102707 mz slices ... OK
Create profile matrix with method 'bin' and step 0.976 ... OK
Create profile matrix with method 'bin' and step 0.976 ... OK
Create profile matrix with method 'bin' and step 0.976 ... OK
Create profile matrix with method 'bin' and step 0.976 ... OK
Create profile matrix with method 'bin' and step 0.976 ... OK
Create profile matrix with method 'bin' and step 0.976 ... OK
Create profile matrix with method 'bin' and step 0.976 ... OK
Create profile matrix with method 'bin' and step 0.976 ... OK
Processing 102707 mz slices ... OK
Create profile matrix with method 'bin' and step 0.88 ... OK
Create profile matrix with method 'bin' and step 0.88 ... OK
Create profile matrix with method 'bin' and step 0.88 ... OK
Create profile matrix with method 'bin' and step 0.88 ... OK
Create profile matrix with method 'bin' and step 0.88 ... OK
Create profile matrix with method 'bin' and step 0.88 ... OK
Create profile matrix with method 'bin' and step 0.88 ... OK
Create profile matrix with method 'bin' and step 0.88 ... OK
Processing 102707 mz slices ... OK
Create profile matrix with method 'bin' and step 0.88 ... OK
Create profile matrix with method 'bin' and step 0.88 ... OK
Create profile matrix with method 'bin' and step 0.88 ... OK
Create profile matrix with method 'bin' and step 0.88 ... OK
Create profile matrix with method 'bin' and step 0.88 ... OK
Create profile matrix with method 'bin' and step 0.88 ... OK
Create profile matrix with method 'bin' and step 0.88 ... OK
Create profile matrix with method 'bin' and step 0.88 ... OK
Processing 102707 mz slices ... OK
Create profile matrix with method 'bin' and step 0.88 ... OK
Create profile matrix with method 'bin' and step 0.88 ... OK
Create profile matrix with method 'bin' and step 0.88 ... OK
Create profile matrix with method 'bin' and step 0.88 ... OK
Create profile matrix with method 'bin' and step 0.88 ... OK
Create profile matrix with method 'bin' and step 0.88 ... OK
Create profile matrix with method 'bin' and step 0.88 ... OK
Create profile matrix with method 'bin' and step 0.88 ... OK
Processing 229115 mz slices ... OK
Create profile matrix with method 'bin' and step 0.88 ... OK
Create profile matrix with method 'bin' and step 0.88 ... OK
Create profile matrix with method 'bin' and step 0.88 ... OK
Create profile matrix with method 'bin' and step 0.88 ... OK
Create profile matrix with method 'bin' and step 0.88 ... OK
Create profile matrix with method 'bin' and step 0.88 ... OK
Create profile matrix with method 'bin' and step 0.88 ... OK
Create profile matrix with method 'bin' and step 0.88 ... OK
Processing 66190 mz slices ... OK
Create profile matrix with method 'bin' and step 0.88 ... OK
Create profile matrix with method 'bin' and step 0.88 ... OK
Create profile matrix with method 'bin' and step 0.88 ... OK
Create profile matrix with method 'bin' and step 0.88 ... OK
Create profile matrix with method 'bin' and step 0.88 ... OK
Create profile matrix with method 'bin' and step 0.88 ... OK
Create profile matrix with method 'bin' and step 0.88 ... OK
Create profile matrix with method 'bin' and step 0.88 ... OK
Processing 102707 mz slices ... OK
Create profile matrix with method 'bin' and step 0.784 ... OK
Create profile matrix with method 'bin' and step 0.784 ... OK
Create profile matrix with method 'bin' and step 0.784 ... OK
Create profile matrix with method 'bin' and step 0.784 ... OK
Create profile matrix with method 'bin' and step 0.784 ... OK
Create profile matrix with method 'bin' and step 0.784 ... OK
Create profile matrix with method 'bin' and step 0.784 ... OK
Create profile matrix with method 'bin' and step 0.784 ... OK
Processing 115446 mz slices ... OK
no increase stopping
library(xcms)
library(Rmpi)

xset <- xcmsSet( 
  method = "centWave",
  peakwidth       = c(29.6, 67),
  ppm             = 23,
  noise           = 747.5,
  snthresh        = 10,
  mzdiff          = -0.0054,
  prefilter       = c(3, 496),
  mzCenterFun     = "wMean",
  integrate       = 2,
  fitgauss        = FALSE,
  verbose.columns = TRUE)
xset <- retcor( 
  xset,
  method         = "obiwarp",
  plottype       = "none",
  distFunc       = "cor_opt",
  profStep       = 0.88,
  center         = 3,
  response       = 1,
  gapInit        = 0.52,
  gapExtend      = 2.4,
  factorDiag     = 2,
  factorGap      = 1,
  localAlignment = 0)
xset <- group( 
  xset,
  method  = "density",
  bw      = 12.4,
  mzwid   = 0.0174,
  minfrac = 0.05,
  minsamp = 1,
  max     = 50)

xset <- fillPeaks(xset)
Warning message:
In sink() : no sink to remove
