center sample:  Volunteer4_blood_4h_POS 
Processing: Volunteer4_blood_1h_POS  Volunteer1_blood_1h_POS  Volunteer3_blood_4h_POS  Volunteer1_blood_24h_POS  
center sample:  Volunteer4_blood_4h_POS 
Processing: Volunteer4_blood_1h_POS  Volunteer1_blood_1h_POS  Volunteer3_blood_4h_POS  Volunteer1_blood_24h_POS  
center sample:  Volunteer4_blood_4h_POS 
Processing: Volunteer4_blood_1h_POS  Volunteer1_blood_1h_POS  Volunteer3_blood_4h_POS  Volunteer1_blood_24h_POS  
center sample:  Volunteer4_blood_4h_POS 
Processing: Volunteer4_blood_1h_POS  Volunteer1_blood_1h_POS  Volunteer3_blood_4h_POS  Volunteer1_blood_24h_POS  
center sample:  Volunteer4_blood_4h_POS 
Processing: Volunteer4_blood_1h_POS  Volunteer1_blood_1h_POS  Volunteer3_blood_4h_POS  Volunteer1_blood_24h_POS  
center sample:  Volunteer4_blood_4h_POS 
Processing: Volunteer4_blood_1h_POS  Volunteer1_blood_1h_POS  Volunteer3_blood_4h_POS  Volunteer1_blood_24h_POS  
center sample:  Volunteer4_blood_4h_POS 
Processing: Volunteer4_blood_1h_POS  Volunteer1_blood_1h_POS  Volunteer3_blood_4h_POS  Volunteer1_blood_24h_POS  
center sample:  Volunteer4_blood_4h_POS 
Processing: Volunteer4_blood_1h_POS  Volunteer1_blood_1h_POS  Volunteer3_blood_4h_POS  Volunteer1_blood_24h_POS  
center sample:  Volunteer4_blood_4h_POS 
Processing: Volunteer4_blood_1h_POS  Volunteer1_blood_1h_POS  Volunteer3_blood_4h_POS  Volunteer1_blood_24h_POS  
center sample:  Volunteer4_blood_4h_POS 
Processing: Volunteer4_blood_1h_POS  Volunteer1_blood_1h_POS  Volunteer3_blood_4h_POS  Volunteer1_blood_24h_POS  
center sample:  Volunteer4_blood_4h_POS 
Processing: Volunteer4_blood_1h_POS  Volunteer1_blood_1h_POS  Volunteer3_blood_4h_POS  Volunteer1_blood_24h_POS  
center sample:  Volunteer4_blood_4h_POS 
Processing: Volunteer4_blood_1h_POS  Volunteer1_blood_1h_POS  Volunteer3_blood_4h_POS  Volunteer1_blood_24h_POS  
center sample:  Volunteer4_blood_4h_POS 
Processing: Volunteer4_blood_1h_POS  Volunteer1_blood_1h_POS  Volunteer3_blood_4h_POS  Volunteer1_blood_24h_POS  
center sample:  Volunteer4_blood_4h_POS 
Processing: Volunteer4_blood_1h_POS  Volunteer1_blood_1h_POS  Volunteer3_blood_4h_POS  Volunteer1_blood_24h_POS  
center sample:  Volunteer4_blood_4h_POS 
Processing: Volunteer4_blood_1h_POS  Volunteer1_blood_1h_POS  Volunteer3_blood_4h_POS  Volunteer1_blood_24h_POS  
center sample:  Volunteer4_blood_4h_POS 
Processing: Volunteer4_blood_1h_POS  Volunteer1_blood_1h_POS  Volunteer3_blood_4h_POS  Volunteer1_blood_24h_POS  
center sample:  Volunteer4_blood_4h_POS 
Processing: Volunteer4_blood_1h_POS  Volunteer1_blood_1h_POS  Volunteer3_blood_4h_POS  Volunteer1_blood_24h_POS  
center sample:  Volunteer4_blood_4h_POS 
Processing: Volunteer4_blood_1h_POS  Volunteer1_blood_1h_POS  Volunteer3_blood_4h_POS  Volunteer1_blood_24h_POS  
center sample:  Volunteer4_blood_4h_POS 
Processing: Volunteer4_blood_1h_POS  Volunteer1_blood_1h_POS  Volunteer3_blood_4h_POS  Volunteer1_blood_24h_POS  
center sample:  Volunteer4_blood_4h_POS 
Processing: Volunteer4_blood_1h_POS  Volunteer1_blood_1h_POS  Volunteer3_blood_4h_POS  Volunteer1_blood_24h_POS  
center sample:  Volunteer4_blood_4h_POS 
Processing: Volunteer4_blood_1h_POS  Volunteer1_blood_1h_POS  Volunteer3_blood_4h_POS  Volunteer1_blood_24h_POS  
center sample:  Volunteer4_blood_4h_POS 
Processing: Volunteer4_blood_1h_POS  Volunteer1_blood_1h_POS  Volunteer3_blood_4h_POS  Volunteer1_blood_24h_POS  
center sample:  Volunteer4_blood_4h_POS 
Processing: Volunteer4_blood_1h_POS  Volunteer1_blood_1h_POS  Volunteer3_blood_4h_POS  Volunteer1_blood_24h_POS  
center sample:  Volunteer4_blood_4h_POS 
Processing: Volunteer4_blood_1h_POS  Volunteer1_blood_1h_POS  Volunteer3_blood_4h_POS  Volunteer1_blood_24h_POS  
center sample:  Volunteer4_blood_4h_POS 
Processing: Volunteer4_blood_1h_POS  Volunteer1_blood_1h_POS  Volunteer3_blood_4h_POS  Volunteer1_blood_24h_POS  
center sample:  Volunteer4_blood_4h_POS 
Processing: Volunteer4_blood_1h_POS  Volunteer1_blood_1h_POS  Volunteer3_blood_4h_POS  Volunteer1_blood_24h_POS  
center sample:  Volunteer4_blood_4h_POS 
Processing: Volunteer4_blood_1h_POS  Volunteer1_blood_1h_POS  Volunteer3_blood_4h_POS  Volunteer1_blood_24h_POS  
center sample:  Volunteer4_blood_4h_POS 
Processing: Volunteer4_blood_1h_POS  Volunteer1_blood_1h_POS  Volunteer3_blood_4h_POS  Volunteer1_blood_24h_POS  
center sample:  Volunteer4_blood_4h_POS 
Processing: Volunteer4_blood_1h_POS  Volunteer1_blood_1h_POS  Volunteer3_blood_4h_POS  Volunteer1_blood_24h_POS  
center sample:  Volunteer4_blood_4h_POS 
Processing: Volunteer4_blood_1h_POS  Volunteer1_blood_1h_POS  Volunteer3_blood_4h_POS  Volunteer1_blood_24h_POS  
center sample:  Volunteer4_blood_4h_POS 
Processing: Volunteer4_blood_1h_POS  Volunteer1_blood_1h_POS  Volunteer3_blood_4h_POS  Volunteer1_blood_24h_POS  
center sample:  Volunteer4_blood_4h_POS 
Processing: Volunteer4_blood_1h_POS  Volunteer1_blood_1h_POS  Volunteer3_blood_4h_POS  Volunteer1_blood_24h_POS  
center sample:  Volunteer4_blood_4h_POS 
Processing: Volunteer4_blood_1h_POS  Volunteer1_blood_1h_POS  Volunteer3_blood_4h_POS  Volunteer1_blood_24h_POS  
center sample:  Volunteer4_blood_4h_POS 
Processing: Volunteer4_blood_1h_POS  Volunteer1_blood_1h_POS  Volunteer3_blood_4h_POS  Volunteer1_blood_24h_POS  
center sample:  Volunteer4_blood_4h_POS 
Processing: Volunteer4_blood_1h_POS  Volunteer1_blood_1h_POS  Volunteer3_blood_4h_POS  Volunteer1_blood_24h_POS  
center sample:  Volunteer4_blood_4h_POS 
Processing: Volunteer4_blood_1h_POS  Volunteer1_blood_1h_POS  Volunteer3_blood_4h_POS  Volunteer1_blood_24h_POS  
center sample:  Volunteer4_blood_4h_POS 
Processing: Volunteer4_blood_1h_POS  Volunteer1_blood_1h_POS  Volunteer3_blood_4h_POS  Volunteer1_blood_24h_POS  
center sample:  Volunteer4_blood_4h_POS 
Processing: Volunteer4_blood_1h_POS  Volunteer1_blood_1h_POS  Volunteer3_blood_4h_POS  Volunteer1_blood_24h_POS  
center sample:  Volunteer4_blood_4h_POS 
Processing: Volunteer4_blood_1h_POS  Volunteer1_blood_1h_POS  Volunteer3_blood_4h_POS  Volunteer1_blood_24h_POS  
center sample:  Volunteer4_blood_4h_POS 
Processing: Volunteer4_blood_1h_POS  Volunteer1_blood_1h_POS  Volunteer3_blood_4h_POS  Volunteer1_blood_24h_POS  
center sample:  Volunteer4_blood_4h_POS 
Processing: Volunteer4_blood_1h_POS  Volunteer1_blood_1h_POS  Volunteer3_blood_4h_POS  Volunteer1_blood_24h_POS  
center sample:  Volunteer4_blood_4h_POS 
Processing: Volunteer4_blood_1h_POS  Volunteer1_blood_1h_POS  Volunteer3_blood_4h_POS  Volunteer1_blood_24h_POS  
center sample:  Volunteer4_blood_4h_POS 
Processing: Volunteer4_blood_1h_POS  Volunteer1_blood_1h_POS  Volunteer3_blood_4h_POS  Volunteer1_blood_24h_POS  
center sample:  Volunteer4_blood_4h_POS 
Processing: Volunteer4_blood_1h_POS  Volunteer1_blood_1h_POS  Volunteer3_blood_4h_POS  Volunteer1_blood_24h_POS  
center sample:  Volunteer4_blood_4h_POS 
Processing: Volunteer4_blood_1h_POS  Volunteer1_blood_1h_POS  Volunteer3_blood_4h_POS  Volunteer1_blood_24h_POS  
center sample:  Volunteer4_blood_4h_POS 
Processing: Volunteer4_blood_1h_POS  Volunteer1_blood_1h_POS  Volunteer3_blood_4h_POS  Volunteer1_blood_24h_POS  
center sample:  Volunteer4_blood_4h_POS 
Processing: Volunteer4_blood_1h_POS  Volunteer1_blood_1h_POS  Volunteer3_blood_4h_POS  Volunteer1_blood_24h_POS  
center sample:  Volunteer4_blood_4h_POS 
Processing: Volunteer4_blood_1h_POS  Volunteer1_blood_1h_POS  Volunteer3_blood_4h_POS  Volunteer1_blood_24h_POS  
center sample:  Volunteer4_blood_4h_POS 
Processing: Volunteer4_blood_1h_POS  Volunteer1_blood_1h_POS  Volunteer3_blood_4h_POS  Volunteer1_blood_24h_POS  
center sample:  Volunteer4_blood_4h_POS 
Processing: Volunteer4_blood_1h_POS  Volunteer1_blood_1h_POS  Volunteer3_blood_4h_POS  Volunteer1_blood_24h_POS  
center sample:  Volunteer4_blood_4h_POS 
Processing: Volunteer4_blood_1h_POS  Volunteer1_blood_1h_POS  Volunteer3_blood_4h_POS  Volunteer1_blood_24h_POS  
center sample:  Volunteer4_blood_4h_POS 
Processing: Volunteer4_blood_1h_POS  Volunteer1_blood_1h_POS  Volunteer3_blood_4h_POS  Volunteer1_blood_24h_POS  
center sample:  Volunteer4_blood_4h_POS 
Processing: Volunteer4_blood_1h_POS  Volunteer1_blood_1h_POS  Volunteer3_blood_4h_POS  Volunteer1_blood_24h_POS  
center sample:  Volunteer4_blood_4h_POS 
Processing: Volunteer4_blood_1h_POS  Volunteer1_blood_1h_POS  Volunteer3_blood_4h_POS  Volunteer1_blood_24h_POS  
center sample:  Volunteer4_blood_4h_POS 
Processing: Volunteer4_blood_1h_POS  Volunteer1_blood_1h_POS  Volunteer3_blood_4h_POS  Volunteer1_blood_24h_POS  
center sample:  Volunteer4_blood_4h_POS 
Processing: Volunteer4_blood_1h_POS  Volunteer1_blood_1h_POS  Volunteer3_blood_4h_POS  Volunteer1_blood_24h_POS  
center sample:  Volunteer4_blood_4h_POS 
Processing: Volunteer4_blood_1h_POS  Volunteer1_blood_1h_POS  Volunteer3_blood_4h_POS  Volunteer1_blood_24h_POS  
center sample:  Volunteer4_blood_4h_POS 
Processing: Volunteer4_blood_1h_POS  Volunteer1_blood_1h_POS  Volunteer3_blood_4h_POS  Volunteer1_blood_24h_POS  
center sample:  Volunteer4_blood_4h_POS 
Processing: Volunteer4_blood_1h_POS  Volunteer1_blood_1h_POS  Volunteer3_blood_4h_POS  Volunteer1_blood_24h_POS  
center sample:  Volunteer4_blood_4h_POS 
Processing: Volunteer4_blood_1h_POS  Volunteer1_blood_1h_POS  Volunteer3_blood_4h_POS  Volunteer1_blood_24h_POS  
center sample:  Volunteer4_blood_4h_POS 
Processing: Volunteer4_blood_1h_POS  Volunteer1_blood_1h_POS  Volunteer3_blood_4h_POS  Volunteer1_blood_24h_POS  
center sample:  Volunteer4_blood_4h_POS 
Processing: Volunteer4_blood_1h_POS  Volunteer1_blood_1h_POS  Volunteer3_blood_4h_POS  Volunteer1_blood_24h_POS  
center sample:  Volunteer4_blood_4h_POS 
Processing: Volunteer4_blood_1h_POS  Volunteer1_blood_1h_POS  Volunteer3_blood_4h_POS  Volunteer1_blood_24h_POS  
center sample:  Volunteer4_blood_4h_POS 
Processing: Volunteer4_blood_1h_POS  Volunteer1_blood_1h_POS  Volunteer3_blood_4h_POS  Volunteer1_blood_24h_POS  
center sample:  Volunteer4_blood_4h_POS 
Processing: Volunteer4_blood_1h_POS  Volunteer1_blood_1h_POS  Volunteer3_blood_4h_POS  Volunteer1_blood_24h_POS  
center sample:  Volunteer4_blood_4h_POS 
Processing: Volunteer4_blood_1h_POS  Volunteer1_blood_1h_POS  Volunteer3_blood_4h_POS  Volunteer1_blood_24h_POS  
center sample:  Volunteer4_blood_4h_POS 
Processing: Volunteer4_blood_1h_POS  Volunteer1_blood_1h_POS  Volunteer3_blood_4h_POS  Volunteer1_blood_24h_POS  
center sample:  Volunteer4_blood_4h_POS 
Processing: Volunteer4_blood_1h_POS  Volunteer1_blood_1h_POS  Volunteer3_blood_4h_POS  Volunteer1_blood_24h_POS  
center sample:  Volunteer4_blood_4h_POS 
Processing: Volunteer4_blood_1h_POS  Volunteer1_blood_1h_POS  Volunteer3_blood_4h_POS  Volunteer1_blood_24h_POS  
center sample:  Volunteer4_blood_4h_POS 
Processing: Volunteer4_blood_1h_POS  Volunteer1_blood_1h_POS  Volunteer3_blood_4h_POS  Volunteer1_blood_24h_POS  
center sample:  Volunteer4_blood_4h_POS 
Processing: Volunteer4_blood_1h_POS  Volunteer1_blood_1h_POS  Volunteer3_blood_4h_POS  Volunteer1_blood_24h_POS  
center sample:  Volunteer4_blood_4h_POS 
Processing: Volunteer4_blood_1h_POS  Volunteer1_blood_1h_POS  Volunteer3_blood_4h_POS  Volunteer1_blood_24h_POS  
center sample:  Volunteer4_blood_4h_POS 
Processing: Volunteer4_blood_1h_POS  Volunteer1_blood_1h_POS  Volunteer3_blood_4h_POS  Volunteer1_blood_24h_POS  
center sample:  Volunteer4_blood_4h_POS 
Processing: Volunteer4_blood_1h_POS  Volunteer1_blood_1h_POS  Volunteer3_blood_4h_POS  Volunteer1_blood_24h_POS  
center sample:  Volunteer4_blood_4h_POS 
Processing: Volunteer4_blood_1h_POS  Volunteer1_blood_1h_POS  Volunteer3_blood_4h_POS  Volunteer1_blood_24h_POS  
center sample:  Volunteer4_blood_4h_POS 
Processing: Volunteer4_blood_1h_POS  Volunteer1_blood_1h_POS  Volunteer3_blood_4h_POS  Volunteer1_blood_24h_POS  
center sample:  Volunteer4_blood_4h_POS 
Processing: Volunteer4_blood_1h_POS  Volunteer1_blood_1h_POS  Volunteer3_blood_4h_POS  Volunteer1_blood_24h_POS  
center sample:  Volunteer4_blood_4h_POS 
Processing: Volunteer4_blood_1h_POS  Volunteer1_blood_1h_POS  Volunteer3_blood_4h_POS  Volunteer1_blood_24h_POS  
center sample:  Volunteer4_blood_4h_POS 
Processing: Volunteer4_blood_1h_POS  Volunteer1_blood_1h_POS  Volunteer3_blood_4h_POS  Volunteer1_blood_24h_POS  
center sample:  Volunteer4_blood_4h_POS 
Processing: Volunteer4_blood_1h_POS  Volunteer1_blood_1h_POS  Volunteer3_blood_4h_POS  Volunteer1_blood_24h_POS  
center sample:  Volunteer4_blood_4h_POS 
Processing: Volunteer4_blood_1h_POS  Volunteer1_blood_1h_POS  Volunteer3_blood_4h_POS  Volunteer1_blood_24h_POS  
center sample:  Volunteer4_blood_4h_POS 
Processing: Volunteer4_blood_1h_POS  Volunteer1_blood_1h_POS  Volunteer3_blood_4h_POS  Volunteer1_blood_24h_POS  
center sample:  Volunteer4_blood_4h_POS 
Processing: Volunteer4_blood_1h_POS  Volunteer1_blood_1h_POS  Volunteer3_blood_4h_POS  Volunteer1_blood_24h_POS  
center sample:  Volunteer4_blood_4h_POS 
Processing: Volunteer4_blood_1h_POS  Volunteer1_blood_1h_POS  Volunteer3_blood_4h_POS  Volunteer1_blood_24h_POS  
center sample:  Volunteer4_blood_4h_POS 
Processing: Volunteer4_blood_1h_POS  Volunteer1_blood_1h_POS  Volunteer3_blood_4h_POS  Volunteer1_blood_24h_POS  
center sample:  Volunteer4_blood_4h_POS 
Processing: Volunteer4_blood_1h_POS  Volunteer1_blood_1h_POS  Volunteer3_blood_4h_POS  Volunteer1_blood_24h_POS  
center sample:  Volunteer4_blood_4h_POS 
Processing: Volunteer4_blood_1h_POS  Volunteer1_blood_1h_POS  Volunteer3_blood_4h_POS  Volunteer1_blood_24h_POS  
center sample:  Volunteer4_blood_4h_POS 
Processing: Volunteer4_blood_1h_POS  Volunteer1_blood_1h_POS  Volunteer3_blood_4h_POS  Volunteer1_blood_24h_POS  
center sample:  Volunteer4_blood_4h_POS 
Processing: Volunteer4_blood_1h_POS  Volunteer1_blood_1h_POS  Volunteer3_blood_4h_POS  Volunteer1_blood_24h_POS  
center sample:  Volunteer4_blood_4h_POS 
Processing: Volunteer4_blood_1h_POS  Volunteer1_blood_1h_POS  Volunteer3_blood_4h_POS  Volunteer1_blood_24h_POS  
center sample:  Volunteer4_blood_4h_POS 
Processing: Volunteer4_blood_1h_POS  Volunteer1_blood_1h_POS  Volunteer3_blood_4h_POS  Volunteer1_blood_24h_POS  
center sample:  Volunteer4_blood_4h_POS 
Processing: Volunteer4_blood_1h_POS  Volunteer1_blood_1h_POS  Volunteer3_blood_4h_POS  Volunteer1_blood_24h_POS  
center sample:  Volunteer4_blood_4h_POS 
Processing: Volunteer4_blood_1h_POS  Volunteer1_blood_1h_POS  Volunteer3_blood_4h_POS  Volunteer1_blood_24h_POS  
center sample:  Volunteer4_blood_4h_POS 
Processing: Volunteer4_blood_1h_POS  Volunteer1_blood_1h_POS  Volunteer3_blood_4h_POS  Volunteer1_blood_24h_POS  
center sample:  Volunteer4_blood_4h_POS 
Processing: Volunteer4_blood_1h_POS  Volunteer1_blood_1h_POS  Volunteer3_blood_4h_POS  Volunteer1_blood_24h_POS  
center sample:  Volunteer4_blood_4h_POS 
Processing: Volunteer4_blood_1h_POS  Volunteer1_blood_1h_POS  Volunteer3_blood_4h_POS  Volunteer1_blood_24h_POS  
center sample:  Volunteer4_blood_4h_POS 
Processing: Volunteer4_blood_1h_POS  Volunteer1_blood_1h_POS  Volunteer3_blood_4h_POS  Volunteer1_blood_24h_POS  
center sample:  Volunteer4_blood_4h_POS 
Processing: Volunteer4_blood_1h_POS  Volunteer1_blood_1h_POS  Volunteer3_blood_4h_POS  Volunteer1_blood_24h_POS  
center sample:  Volunteer4_blood_4h_POS 
Processing: Volunteer4_blood_1h_POS  Volunteer1_blood_1h_POS  Volunteer3_blood_4h_POS  Volunteer1_blood_24h_POS  
center sample:  Volunteer4_blood_4h_POS 
Processing: Volunteer4_blood_1h_POS  Volunteer1_blood_1h_POS  Volunteer3_blood_4h_POS  Volunteer1_blood_24h_POS  
center sample:  Volunteer4_blood_4h_POS 
Processing: Volunteer4_blood_1h_POS  Volunteer1_blood_1h_POS  Volunteer3_blood_4h_POS  Volunteer1_blood_24h_POS  
center sample:  Volunteer4_blood_4h_POS 
Processing: Volunteer4_blood_1h_POS  Volunteer1_blood_1h_POS  Volunteer3_blood_4h_POS  Volunteer1_blood_24h_POS  
center sample:  Volunteer4_blood_4h_POS 
Processing: Volunteer4_blood_1h_POS  Volunteer1_blood_1h_POS  Volunteer3_blood_4h_POS  Volunteer1_blood_24h_POS  
center sample:  Volunteer4_blood_4h_POS 
Processing: Volunteer4_blood_1h_POS  Volunteer1_blood_1h_POS  Volunteer3_blood_4h_POS  Volunteer1_blood_24h_POS  
center sample:  Volunteer4_blood_4h_POS 
Processing: Volunteer4_blood_1h_POS  Volunteer1_blood_1h_POS  Volunteer3_blood_4h_POS  Volunteer1_blood_24h_POS  
center sample:  Volunteer4_blood_4h_POS 
Processing: Volunteer4_blood_1h_POS  Volunteer1_blood_1h_POS  Volunteer3_blood_4h_POS  Volunteer1_blood_24h_POS  
center sample:  Volunteer4_blood_4h_POS 
Processing: Volunteer4_blood_1h_POS  Volunteer1_blood_1h_POS  Volunteer3_blood_4h_POS  Volunteer1_blood_24h_POS  
center sample:  Volunteer4_blood_4h_POS 
Processing: Volunteer4_blood_1h_POS  Volunteer1_blood_1h_POS  Volunteer3_blood_4h_POS  Volunteer1_blood_24h_POS  
center sample:  Volunteer4_blood_4h_POS 
Processing: Volunteer4_blood_1h_POS  Volunteer1_blood_1h_POS  Volunteer3_blood_4h_POS  Volunteer1_blood_24h_POS  
center sample:  Volunteer4_blood_4h_POS 
Processing: Volunteer4_blood_1h_POS  Volunteer1_blood_1h_POS  Volunteer3_blood_4h_POS  Volunteer1_blood_24h_POS  
center sample:  Volunteer4_blood_4h_POS 
Processing: Volunteer4_blood_1h_POS  Volunteer1_blood_1h_POS  Volunteer3_blood_4h_POS  Volunteer1_blood_24h_POS  
center sample:  Volunteer4_blood_4h_POS 
Processing: Volunteer4_blood_1h_POS  Volunteer1_blood_1h_POS  Volunteer3_blood_4h_POS  Volunteer1_blood_24h_POS  
center sample:  Volunteer4_blood_4h_POS 
Processing: Volunteer4_blood_1h_POS  Volunteer1_blood_1h_POS  Volunteer3_blood_4h_POS  Volunteer1_blood_24h_POS  
tep 1 ... OK
Create profile matrix with method 'bin' and step 1 ... OK
Create profile matrix with method 'bin' and step 1 ... OK
Create profile matrix with method 'bin' and step 1 ... OK
Processing 51034 mz slices ... OK
Create profile matrix with method 'bin' and step 1 ... OK
Create profile matrix with method 'bin' and step 1 ... OK
Create profile matrix with method 'bin' and step 1 ... OK
Create profile matrix with method 'bin' and step 1 ... OK
Create profile matrix with method 'bin' and step 1 ... OK
Processing 51034 mz slices ... OK
Create profile matrix with method 'bin' and step 1 ... OK
Create profile matrix with method 'bin' and step 1 ... OK
Create profile matrix with method 'bin' and step 1 ... OK
Create profile matrix with method 'bin' and step 1 ... OK
Create profile matrix with method 'bin' and step 1 ... OK
Processing 51034 mz slices ... OK
Create profile matrix with method 'bin' and step 1 ... OK
Create profile matrix with method 'bin' and step 1 ... OK
Create profile matrix with method 'bin' and step 1 ... OK
Create profile matrix with method 'bin' and step 1 ... OK
Create profile matrix with method 'bin' and step 1 ... OK
Processing 51034 mz slices ... OK
Create profile matrix with method 'bin' and step 0.7 ... OK
Create profile matrix with method 'bin' and step 0.7 ... OK
Create profile matrix with method 'bin' and step 0.7 ... OK
Create profile matrix with method 'bin' and step 0.7 ... OK
Create profile matrix with method 'bin' and step 0.7 ... OK
Processing 51034 mz slices ... OK
Create profile matrix with method 'bin' and step 0.7 ... OK
Create profile matrix with method 'bin' and step 0.7 ... OK
Create profile matrix with method 'bin' and step 0.7 ... OK
Create profile matrix with method 'bin' and step 0.7 ... OK
Create profile matrix with method 'bin' and step 0.7 ... OK
Processing 51034 mz slices ... OK
Create profile matrix with method 'bin' and step 0.7 ... OK
Create profile matrix with method 'bin' and step 0.7 ... OK
Create profile matrix with method 'bin' and step 0.7 ... OK
Create profile matrix with method 'bin' and step 0.7 ... OK
Create profile matrix with method 'bin' and step 0.7 ... OK
Processing 51034 mz slices ... OK
Create profile matrix with method 'bin' and step 0.7 ... OK
Create profile matrix with method 'bin' and step 0.7 ... OK
Create profile matrix with method 'bin' and step 0.7 ... OK
Create profile matrix with method 'bin' and step 0.7 ... OK
Create profile matrix with method 'bin' and step 0.7 ... OK
Processing 51034 mz slices ... OK
Create profile matrix with method 'bin' and step 1 ... OK
Create profile matrix with method 'bin' and step 1 ... OK
Create profile matrix with method 'bin' and step 1 ... OK
Create profile matrix with method 'bin' and step 1 ... OK
Create profile matrix with method 'bin' and step 1 ... OK
Processing 51034 mz slices ... OK
Create profile matrix with method 'bin' and step 1 ... OK
Create profile matrix with method 'bin' and step 1 ... OK
Create profile matrix with method 'bin' and step 1 ... OK
Create profile matrix with method 'bin' and step 1 ... OK
Create profile matrix with method 'bin' and step 1 ... OK
Processing 51034 mz slices ... OK
Create profile matrix with method 'bin' and step 1 ... OK
Create profile matrix with method 'bin' and step 1 ... OK
Create profile matrix with method 'bin' and step 1 ... OK
Create profile matrix with method 'bin' and step 1 ... OK
Create profile matrix with method 'bin' and step 1 ... OK
Processing 51034 mz slices ... OK
Create profile matrix with method 'bin' and step 1 ... OK
Create profile matrix with method 'bin' and step 1 ... OK
Create profile matrix with method 'bin' and step 1 ... OK
Create profile matrix with method 'bin' and step 1 ... OK
Create profile matrix with method 'bin' and step 1 ... OK
Processing 51034 mz slices ... OK
Create profile matrix with method 'bin' and step 0.85 ... OK
Create profile matrix with method 'bin' and step 0.85 ... OK
Create profile matrix with method 'bin' and step 0.85 ... OK
Create profile matrix with method 'bin' and step 0.85 ... OK
Create profile matrix with method 'bin' and step 0.85 ... OK
Create profile matrix with method 'bin' and step 0.85 ... OK
Create profile matrix with method 'bin' and step 0.85 ... OK
Create profile matrix with method 'bin' and step 0.85 ... OK
Processing 71447 mz slices ... OK
Create profile matrix with method 'bin' and step 0.85 ... OK
Create profile matrix with method 'bin' and step 0.85 ... OK
Create profile matrix with method 'bin' and step 0.85 ... OK
Create profile matrix with method 'bin' and step 0.85 ... OK
Create profile matrix with method 'bin' and step 0.85 ... OK
Create profile matrix with method 'bin' and step 0.85 ... OK
Create profile matrix with method 'bin' and step 0.85 ... OK
Create profile matrix with method 'bin' and step 0.85 ... OK
Processing 71447 mz slices ... OK
Create profile matrix with method 'bin' and step 0.85 ... OK
Create profile matrix with method 'bin' and step 0.85 ... OK
Create profile matrix with method 'bin' and step 0.85 ... OK
Create profile matrix with method 'bin' and step 0.85 ... OK
Create profile matrix with method 'bin' and step 0.85 ... OK
Create profile matrix with method 'bin' and step 0.85 ... OK
Create profile matrix with method 'bin' and step 0.85 ... OK
Create profile matrix with method 'bin' and step 0.85 ... OK
Processing 71447 mz slices ... OK
Create profile matrix with method 'bin' and step 0.85 ... OK
Create profile matrix with method 'bin' and step 0.85 ... OK
Create profile matrix with method 'bin' and step 0.85 ... OK
Create profile matrix with method 'bin' and step 0.85 ... OK
Create profile matrix with method 'bin' and step 0.85 ... OK
Create profile matrix with method 'bin' and step 0.85 ... OK
Create profile matrix with method 'bin' and step 0.85 ... OK
Create profile matrix with method 'bin' and step 0.85 ... OK
Processing 71447 mz slices ... OK
Create profile matrix with method 'bin' and step 0.85 ... OK
Create profile matrix with method 'bin' and step 0.85 ... OK
Create profile matrix with method 'bin' and step 0.85 ... OK
Create profile matrix with method 'bin' and step 0.85 ... OK
Create profile matrix with method 'bin' and step 0.85 ... OK
Create profile matrix with method 'bin' and step 0.85 ... OK
Create profile matrix with method 'bin' and step 0.85 ... OK
Create profile matrix with method 'bin' and step 0.85 ... OK
Processing 71447 mz slices ... OK
Create profile matrix with method 'bin' and step 0.7 ... OK
Create profile matrix with method 'bin' and step 0.7 ... OK
Create profile matrix with method 'bin' and step 0.7 ... OK
Create profile matrix with method 'bin' and step 0.7 ... OK
Create profile matrix with method 'bin' and step 0.7 ... OK
Processing 71447 mz slices ... OK
Create profile matrix with method 'bin' and step 1 ... OK
Create profile matrix with method 'bin' and step 1 ... OK
Create profile matrix with method 'bin' and step 1 ... OK
Create profile matrix with method 'bin' and step 1 ... OK
Create profile matrix with method 'bin' and step 1 ... OK
Processing 71447 mz slices ... OK
Create profile matrix with method 'bin' and step 0.85 ... OK
Create profile matrix with method 'bin' and step 0.85 ... OK
Create profile matrix with method 'bin' and step 0.85 ... OK
Create profile matrix with method 'bin' and step 0.85 ... OK
Create profile matrix with method 'bin' and step 0.85 ... OK
Create profile matrix with method 'bin' and step 0.85 ... OK
Create profile matrix with method 'bin' and step 0.85 ... OK
Create profile matrix with method 'bin' and step 0.85 ... OK
Processing 71447 mz slices ... OK
Create profile matrix with method 'bin' and step 0.85 ... OK
Create profile matrix with method 'bin' and step 0.85 ... OK
Create profile matrix with method 'bin' and step 0.85 ... OK
Create profile matrix with method 'bin' and step 0.85 ... OK
Create profile matrix with method 'bin' and step 0.85 ... OK
Create profile matrix with method 'bin' and step 0.85 ... OK
Create profile matrix with method 'bin' and step 0.85 ... OK
Create profile matrix with method 'bin' and step 0.85 ... OK
Processing 71447 mz slices ... OK
Create profile matrix with method 'bin' and step 0.85 ... OK
Create profile matrix with method 'bin' and step 0.85 ... OK
Create profile matrix with method 'bin' and step 0.85 ... OK
Create profile matrix with method 'bin' and step 0.85 ... OK
Create profile matrix with method 'bin' and step 0.85 ... OK
Create profile matrix with method 'bin' and step 0.85 ... OK
Create profile matrix with method 'bin' and step 0.85 ... OK
Create profile matrix with method 'bin' and step 0.85 ... OK
Processing 119078 mz slices ... OK
Create profile matrix with method 'bin' and step 0.85 ... OK
Create profile matrix with method 'bin' and step 0.85 ... OK
Create profile matrix with method 'bin' and step 0.85 ... OK
Create profile matrix with method 'bin' and step 0.85 ... OK
Create profile matrix with method 'bin' and step 0.85 ... OK
Create profile matrix with method 'bin' and step 0.85 ... OK
Create profile matrix with method 'bin' and step 0.85 ... OK
Create profile matrix with method 'bin' and step 0.85 ... OK
Processing 51034 mz slices ... OK
Create profile matrix with method 'bin' and step 0.85 ... OK
Create profile matrix with method 'bin' and step 0.85 ... OK
Create profile matrix with method 'bin' and step 0.85 ... OK
Create profile matrix with method 'bin' and step 0.85 ... OK
Create profile matrix with method 'bin' and step 0.85 ... OK
Create profile matrix with method 'bin' and step 0.85 ... OK
Create profile matrix with method 'bin' and step 0.85 ... OK
Create profile matrix with method 'bin' and step 0.85 ... OK
Processing 71447 mz slices ... OK
Create profile matrix with method 'bin' and step 1 ... OK
Create profile matrix with method 'bin' and step 1 ... OK
Create profile matrix with method 'bin' and step 1 ... OK
Create profile matrix with method 'bin' and step 1 ... OK
Create profile matrix with method 'bin' and step 1 ... OK
Processing 94009 mz slices ... OK
profStep or minfrac greater 1, decreasing to 0.71 and 1



starting new DoE with:

gapInit: c(0.06, 0.46)
gapExtend: c(2.34, 3.06)
profStep: c(0.71, 1)
bw: c(12.4, 31.6)
mzwid: c(0.009, 0.029)
distFunc: cor_opt
plottype: none
response: 1
factorDiag: 2
factorGap: 1
localAlignment: 0
retcorMethod: obiwarp
minfrac: 0.05
minsamp: 1
max: 50
center: 4

Create profile matrix with method 'bin' and step 0.71 ... OK
Create profile matrix with method 'bin' and step 0.71 ... OK
Create profile matrix with method 'bin' and step 0.71 ... OK
Create profile matrix with method 'bin' and step 0.71 ... OK
Create profile matrix with method 'bin' and step 0.71 ... OK
Create profile matrix with method 'bin' and step 0.71 ... OK
Create profile matrix with method 'bin' and step 0.71 ... OK
Create profile matrix with method 'bin' and step 0.71 ... OK
Processing 198462 mz slices ... OK
Create profile matrix with method 'bin' and step 0.71 ... OK
Create profile matrix with method 'bin' and step 0.71 ... OK
Create profile matrix with method 'bin' and step 0.71 ... OK
Create profile matrix with method 'bin' and step 0.71 ... OK
Create profile matrix with method 'bin' and step 0.71 ... OK
Create profile matrix with method 'bin' and step 0.71 ... OK
Create profile matrix with method 'bin' and step 0.71 ... OK
Create profile matrix with method 'bin' and step 0.71 ... OK
Processing 198462 mz slices ... OK
Create profile matrix with method 'bin' and step 0.71 ... OK
Create profile matrix with method 'bin' and step 0.71 ... OK
Create profile matrix with method 'bin' and step 0.71 ... OK
Create profile matrix with method 'bin' and step 0.71 ... OK
Create profile matrix with method 'bin' and step 0.71 ... OK
Create profile matrix with method 'bin' and step 0.71 ... OK
Create profile matrix with method 'bin' and step 0.71 ... OK
Create profile matrix with method 'bin' and step 0.71 ... OK
Processing 198462 mz slices ... OK
Create profile matrix with method 'bin' and step 0.71 ... OK
Create profile matrix with method 'bin' and step 0.71 ... OK
Create profile matrix with method 'bin' and step 0.71 ... OK
Create profile matrix with method 'bin' and step 0.71 ... OK
Create profile matrix with method 'bin' and step 0.71 ... OK
Create profile matrix with method 'bin' and step 0.71 ... OK
Create profile matrix with method 'bin' and step 0.71 ... OK
Create profile matrix with method 'bin' and step 0.71 ... OK
Processing 198462 mz slices ... OK
Create profile matrix with method 'bin' and step 1 ... OK
Create profile matrix with method 'bin' and step 1 ... OK
Create profile matrix with method 'bin' and step 1 ... OK
Create profile matrix with method 'bin' and step 1 ... OK
Create profile matrix with method 'bin' and step 1 ... OK
Processing 198462 mz slices ... OK
Create profile matrix with method 'bin' and step 1 ... OK
Create profile matrix with method 'bin' and step 1 ... OK
Create profile matrix with method 'bin' and step 1 ... OK
Create profile matrix with method 'bin' and step 1 ... OK
Create profile matrix with method 'bin' and step 1 ... OK
Processing 198462 mz slices ... OK
Create profile matrix with method 'bin' and step 1 ... OK
Create profile matrix with method 'bin' and step 1 ... OK
Create profile matrix with method 'bin' and step 1 ... OK
Create profile matrix with method 'bin' and step 1 ... OK
Create profile matrix with method 'bin' and step 1 ... OK
Processing 198462 mz slices ... OK
Create profile matrix with method 'bin' and step 1 ... OK
Create profile matrix with method 'bin' and step 1 ... OK
Create profile matrix with method 'bin' and step 1 ... OK
Create profile matrix with method 'bin' and step 1 ... OK
Create profile matrix with method 'bin' and step 1 ... OK
Processing 198462 mz slices ... OK
Create profile matrix with method 'bin' and step 0.71 ... OK
Create profile matrix with method 'bin' and step 0.71 ... OK
Create profile matrix with method 'bin' and step 0.71 ... OK
Create profile matrix with method 'bin' and step 0.71 ... OK
Create profile matrix with method 'bin' and step 0.71 ... OK
Create profile matrix with method 'bin' and step 0.71 ... OK
Create profile matrix with method 'bin' and step 0.71 ... OK
Create profile matrix with method 'bin' and step 0.71 ... OK
Processing 198462 mz slices ... OK
Create profile matrix with method 'bin' and step 0.71 ... OK
Create profile matrix with method 'bin' and step 0.71 ... OK
Create profile matrix with method 'bin' and step 0.71 ... OK
Create profile matrix with method 'bin' and step 0.71 ... OK
Create profile matrix with method 'bin' and step 0.71 ... OK
Create profile matrix with method 'bin' and step 0.71 ... OK
Create profile matrix with method 'bin' and step 0.71 ... OK
Create profile matrix with method 'bin' and step 0.71 ... OK
Processing 198462 mz slices ... OK
Create profile matrix with method 'bin' and step 0.71 ... OK
Create profile matrix with method 'bin' and step 0.71 ... OK
Create profile matrix with method 'bin' and step 0.71 ... OK
Create profile matrix with method 'bin' and step 0.71 ... OK
Create profile matrix with method 'bin' and step 0.71 ... OK
Create profile matrix with method 'bin' and step 0.71 ... OK
Create profile matrix with method 'bin' and step 0.71 ... OK
Create profile matrix with method 'bin' and step 0.71 ... OK
Processing 198462 mz slices ... OK
Create profile matrix with method 'bin' and step 0.71 ... OK
Create profile matrix with method 'bin' and step 0.71 ... OK
Create profile matrix with method 'bin' and step 0.71 ... OK
Create profile matrix with method 'bin' and step 0.71 ... OK
Create profile matrix with method 'bin' and step 0.71 ... OK
Create profile matrix with method 'bin' and step 0.71 ... OK
Create profile matrix with method 'bin' and step 0.71 ... OK
Create profile matrix with method 'bin' and step 0.71 ... OK
Processing 198462 mz slices ... OK
Create profile matrix with method 'bin' and step 1 ... OK
Create profile matrix with method 'bin' and step 1 ... OK
Create profile matrix with method 'bin' and step 1 ... OK
Create profile matrix with method 'bin' and step 1 ... OK
Create profile matrix with method 'bin' and step 1 ... OK
Processing 198462 mz slices ... OK
Create profile matrix with method 'bin' and step 1 ... OK
Create profile matrix with method 'bin' and step 1 ... OK
Create profile matrix with method 'bin' and step 1 ... OK
Create profile matrix with method 'bin' and step 1 ... OK
Create profile matrix with method 'bin' and step 1 ... OK
Processing 198462 mz slices ... OK
Create profile matrix with method 'bin' and step 1 ... OK
Create profile matrix with method 'bin' and step 1 ... OK
Create profile matrix with method 'bin' and step 1 ... OK
Create profile matrix with method 'bin' and step 1 ... OK
Create profile matrix with method 'bin' and step 1 ... OK
Processing 198462 mz slices ... OK
Create profile matrix with method 'bin' and step 1 ... OK
Create profile matrix with method 'bin' and step 1 ... OK
Create profile matrix with method 'bin' and step 1 ... OK
Create profile matrix with method 'bin' and step 1 ... OK
Create profile matrix with method 'bin' and step 1 ... OK
Processing 198462 mz slices ... OK
Create profile matrix with method 'bin' and step 0.71 ... OK
Create profile matrix with method 'bin' and step 0.71 ... OK
Create profile matrix with method 'bin' and step 0.71 ... OK
Create profile matrix with method 'bin' and step 0.71 ... OK
Create profile matrix with method 'bin' and step 0.71 ... OK
Create profile matrix with method 'bin' and step 0.71 ... OK
Create profile matrix with method 'bin' and step 0.71 ... OK
Create profile matrix with method 'bin' and step 0.71 ... OK
Processing 61593 mz slices ... OK
Create profile matrix with method 'bin' and step 0.71 ... OK
Create profile matrix with method 'bin' and step 0.71 ... OK
Create profile matrix with method 'bin' and step 0.71 ... OK
Create profile matrix with method 'bin' and step 0.71 ... OK
Create profile matrix with method 'bin' and step 0.71 ... OK
Create profile matrix with method 'bin' and step 0.71 ... OK
Create profile matrix with method 'bin' and step 0.71 ... OK
Create profile matrix with method 'bin' and step 0.71 ... OK
Processing 61593 mz slices ... OK
Create profile matrix with method 'bin' and step 0.71 ... OK
Create profile matrix with method 'bin' and step 0.71 ... OK
Create profile matrix with method 'bin' and step 0.71 ... OK
Create profile matrix with method 'bin' and step 0.71 ... OK
Create profile matrix with method 'bin' and step 0.71 ... OK
Create profile matrix with method 'bin' and step 0.71 ... OK
Create profile matrix with method 'bin' and step 0.71 ... OK
Create profile matrix with method 'bin' and step 0.71 ... OK
Processing 61593 mz slices ... OK
Create profile matrix with method 'bin' and step 0.71 ... OK
Create profile matrix with method 'bin' and step 0.71 ... OK
Create profile matrix with method 'bin' and step 0.71 ... OK
Create profile matrix with method 'bin' and step 0.71 ... OK
Create profile matrix with method 'bin' and step 0.71 ... OK
Create profile matrix with method 'bin' and step 0.71 ... OK
Create profile matrix with method 'bin' and step 0.71 ... OK
Create profile matrix with method 'bin' and step 0.71 ... OK
Processing 61593 mz slices ... OK
Create profile matrix with method 'bin' and step 1 ... OK
Create profile matrix with method 'bin' and step 1 ... OK
Create profile matrix with method 'bin' and step 1 ... OK
Create profile matrix with method 'bin' and step 1 ... OK
Create profile matrix with method 'bin' and step 1 ... OK
Processing 61593 mz slices ... OK
Create profile matrix with method 'bin' and step 1 ... OK
Create profile matrix with method 'bin' and step 1 ... OK
Create profile matrix with method 'bin' and step 1 ... OK
Create profile matrix with method 'bin' and step 1 ... OK
Create profile matrix with method 'bin' and step 1 ... OK
Processing 61593 mz slices ... OK
Create profile matrix with method 'bin' and step 1 ... OK
Create profile matrix with method 'bin' and step 1 ... OK
Create profile matrix with method 'bin' and step 1 ... OK
Create profile matrix with method 'bin' and step 1 ... OK
Create profile matrix with method 'bin' and step 1 ... OK
Processing 61593 mz slices ... OK
Create profile matrix with method 'bin' and step 1 ... OK
Create profile matrix with method 'bin' and step 1 ... OK
Create profile matrix with method 'bin' and step 1 ... OK
Create profile matrix with method 'bin' and step 1 ... OK
Create profile matrix with method 'bin' and step 1 ... OK
Processing 61593 mz slices ... OK
Create profile matrix with method 'bin' and step 0.71 ... OK
Create profile matrix with method 'bin' and step 0.71 ... OK
Create profile matrix with method 'bin' and step 0.71 ... OK
Create profile matrix with method 'bin' and step 0.71 ... OK
Create profile matrix with method 'bin' and step 0.71 ... OK
Create profile matrix with method 'bin' and step 0.71 ... OK
Create profile matrix with method 'bin' and step 0.71 ... OK
Create profile matrix with method 'bin' and step 0.71 ... OK
Processing 61593 mz slices ... OK
Create profile matrix with method 'bin' and step 0.71 ... OK
Create profile matrix with method 'bin' and step 0.71 ... OK
Create profile matrix with method 'bin' and step 0.71 ... OK
Create profile matrix with method 'bin' and step 0.71 ... OK
Create profile matrix with method 'bin' and step 0.71 ... OK
Create profile matrix with method 'bin' and step 0.71 ... OK
Create profile matrix with method 'bin' and step 0.71 ... OK
Create profile matrix with method 'bin' and step 0.71 ... OK
Processing 61593 mz slices ... OK
Create profile matrix with method 'bin' and step 0.71 ... OK
Create profile matrix with method 'bin' and step 0.71 ... OK
Create profile matrix with method 'bin' and step 0.71 ... OK
Create profile matrix with method 'bin' and step 0.71 ... OK
Create profile matrix with method 'bin' and step 0.71 ... OK
Create profile matrix with method 'bin' and step 0.71 ... OK
Create profile matrix with method 'bin' and step 0.71 ... OK
Create profile matrix with method 'bin' and step 0.71 ... OK
Processing 61593 mz slices ... OK
Create profile matrix with method 'bin' and step 0.71 ... OK
Create profile matrix with method 'bin' and step 0.71 ... OK
Create profile matrix with method 'bin' and step 0.71 ... OK
Create profile matrix with method 'bin' and step 0.71 ... OK
Create profile matrix with method 'bin' and step 0.71 ... OK
Create profile matrix with method 'bin' and step 0.71 ... OK
Create profile matrix with method 'bin' and step 0.71 ... OK
Create profile matrix with method 'bin' and step 0.71 ... OK
Processing 61593 mz slices ... OK
Create profile matrix with method 'bin' and step 1 ... OK
Create profile matrix with method 'bin' and step 1 ... OK
Create profile matrix with method 'bin' and step 1 ... OK
Create profile matrix with method 'bin' and step 1 ... OK
Create profile matrix with method 'bin' and step 1 ... OK
Processing 61593 mz slices ... OK
Create profile matrix with method 'bin' and step 1 ... OK
Create profile matrix with method 'bin' and step 1 ... OK
Create profile matrix with method 'bin' and step 1 ... OK
Create profile matrix with method 'bin' and step 1 ... OK
Create profile matrix with method 'bin' and step 1 ... OK
Processing 61593 mz slices ... OK
Create profile matrix with method 'bin' and step 1 ... OK
Create profile matrix with method 'bin' and step 1 ... OK
Create profile matrix with method 'bin' and step 1 ... OK
Create profile matrix with method 'bin' and step 1 ... OK
Create profile matrix with method 'bin' and step 1 ... OK
Processing 61593 mz slices ... OK
Create profile matrix with method 'bin' and step 1 ... OK
Create profile matrix with method 'bin' and step 1 ... OK
Create profile matrix with method 'bin' and step 1 ... OK
Create profile matrix with method 'bin' and step 1 ... OK
Create profile matrix with method 'bin' and step 1 ... OK
Processing 61593 mz slices ... OK
Create profile matrix with method 'bin' and step 0.855 ... OK
Create profile matrix with method 'bin' and step 0.855 ... OK
Create profile matrix with method 'bin' and step 0.855 ... OK
Create profile matrix with method 'bin' and step 0.855 ... OK
Create profile matrix with method 'bin' and step 0.855 ... OK
Create profile matrix with method 'bin' and step 0.855 ... OK
Create profile matrix with method 'bin' and step 0.855 ... OK
Create profile matrix with method 'bin' and step 0.855 ... OK
Processing 94009 mz slices ... OK
Create profile matrix with method 'bin' and step 0.855 ... OK
Create profile matrix with method 'bin' and step 0.855 ... OK
Create profile matrix with method 'bin' and step 0.855 ... OK
Create profile matrix with method 'bin' and step 0.855 ... OK
Create profile matrix with method 'bin' and step 0.855 ... OK
Create profile matrix with method 'bin' and step 0.855 ... OK
Create profile matrix with method 'bin' and step 0.855 ... OK
Create profile matrix with method 'bin' and step 0.855 ... OK
Processing 94009 mz slices ... OK
Create profile matrix with method 'bin' and step 0.855 ... OK
Create profile matrix with method 'bin' and step 0.855 ... OK
Create profile matrix with method 'bin' and step 0.855 ... OK
Create profile matrix with method 'bin' and step 0.855 ... OK
Create profile matrix with method 'bin' and step 0.855 ... OK
Create profile matrix with method 'bin' and step 0.855 ... OK
Create profile matrix with method 'bin' and step 0.855 ... OK
Create profile matrix with method 'bin' and step 0.855 ... OK
Processing 94009 mz slices ... OK
Create profile matrix with method 'bin' and step 0.855 ... OK
Create profile matrix with method 'bin' and step 0.855 ... OK
Create profile matrix with method 'bin' and step 0.855 ... OK
Create profile matrix with method 'bin' and step 0.855 ... OK
Create profile matrix with method 'bin' and step 0.855 ... OK
Create profile matrix with method 'bin' and step 0.855 ... OK
Create profile matrix with method 'bin' and step 0.855 ... OK
Create profile matrix with method 'bin' and step 0.855 ... OK
Processing 94009 mz slices ... OK
Create profile matrix with method 'bin' and step 0.855 ... OK
Create profile matrix with method 'bin' and step 0.855 ... OK
Create profile matrix with method 'bin' and step 0.855 ... OK
Create profile matrix with method 'bin' and step 0.855 ... OK
Create profile matrix with method 'bin' and step 0.855 ... OK
Create profile matrix with method 'bin' and step 0.855 ... OK
Create profile matrix with method 'bin' and step 0.855 ... OK
Create profile matrix with method 'bin' and step 0.855 ... OK
Processing 94009 mz slices ... OK
Create profile matrix with method 'bin' and step 0.71 ... OK
Create profile matrix with method 'bin' and step 0.71 ... OK
Create profile matrix with method 'bin' and step 0.71 ... OK
Create profile matrix with method 'bin' and step 0.71 ... OK
Create profile matrix with method 'bin' and step 0.71 ... OK
Create profile matrix with method 'bin' and step 0.71 ... OK
Create profile matrix with method 'bin' and step 0.71 ... OK
Create profile matrix with method 'bin' and step 0.71 ... OK
Processing 94009 mz slices ... OK
Create profile matrix with method 'bin' and step 1 ... OK
Create profile matrix with method 'bin' and step 1 ... OK
Create profile matrix with method 'bin' and step 1 ... OK
Create profile matrix with method 'bin' and step 1 ... OK
Create profile matrix with method 'bin' and step 1 ... OK
Processing 94009 mz slices ... OK
Create profile matrix with method 'bin' and step 0.855 ... OK
Create profile matrix with method 'bin' and step 0.855 ... OK
Create profile matrix with method 'bin' and step 0.855 ... OK
Create profile matrix with method 'bin' and step 0.855 ... OK
Create profile matrix with method 'bin' and step 0.855 ... OK
Create profile matrix with method 'bin' and step 0.855 ... OK
Create profile matrix with method 'bin' and step 0.855 ... OK
Create profile matrix with method 'bin' and step 0.855 ... OK
Processing 94009 mz slices ... OK
Create profile matrix with method 'bin' and step 0.855 ... OK
Create profile matrix with method 'bin' and step 0.855 ... OK
Create profile matrix with method 'bin' and step 0.855 ... OK
Create profile matrix with method 'bin' and step 0.855 ... OK
Create profile matrix with method 'bin' and step 0.855 ... OK
Create profile matrix with method 'bin' and step 0.855 ... OK
Create profile matrix with method 'bin' and step 0.855 ... OK
Create profile matrix with method 'bin' and step 0.855 ... OK
Processing 94009 mz slices ... OK
Create profile matrix with method 'bin' and step 0.855 ... OK
Create profile matrix with method 'bin' and step 0.855 ... OK
Create profile matrix with method 'bin' and step 0.855 ... OK
Create profile matrix with method 'bin' and step 0.855 ... OK
Create profile matrix with method 'bin' and step 0.855 ... OK
Create profile matrix with method 'bin' and step 0.855 ... OK
Create profile matrix with method 'bin' and step 0.855 ... OK
Create profile matrix with method 'bin' and step 0.855 ... OK
Processing 198462 mz slices ... OK
Create profile matrix with method 'bin' and step 0.855 ... OK
Create profile matrix with method 'bin' and step 0.855 ... OK
Create profile matrix with method 'bin' and step 0.855 ... OK
Create profile matrix with method 'bin' and step 0.855 ... OK
Create profile matrix with method 'bin' and step 0.855 ... OK
Create profile matrix with method 'bin' and step 0.855 ... OK
Create profile matrix with method 'bin' and step 0.855 ... OK
Create profile matrix with method 'bin' and step 0.855 ... OK
Processing 61593 mz slices ... OK
Create profile matrix with method 'bin' and step 0.855 ... OK
Create profile matrix with method 'bin' and step 0.855 ... OK
Create profile matrix with method 'bin' and step 0.855 ... OK
Create profile matrix with method 'bin' and step 0.855 ... OK
Create profile matrix with method 'bin' and step 0.855 ... OK
Create profile matrix with method 'bin' and step 0.855 ... OK
Create profile matrix with method 'bin' and step 0.855 ... OK
Create profile matrix with method 'bin' and step 0.855 ... OK
Processing 94009 mz slices ... OK
Create profile matrix with method 'bin' and step 0.855 ... OK
Create profile matrix with method 'bin' and step 0.855 ... OK
Create profile matrix with method 'bin' and step 0.855 ... OK
Create profile matrix with method 'bin' and step 0.855 ... OK
Create profile matrix with method 'bin' and step 0.855 ... OK
Create profile matrix with method 'bin' and step 0.855 ... OK
Create profile matrix with method 'bin' and step 0.855 ... OK
Create profile matrix with method 'bin' and step 0.855 ... OK
Processing 77660 mz slices ... OK



starting new DoE with:

gapInit: c(0.16, 0.56)
gapExtend: c(2.412, 2.988)
profStep: c(0.739, 0.971)
bw: c(0.879999999999999, 23.92)
mzwid: c(0.013, 0.033)
distFunc: cor_opt
plottype: none
response: 1
factorDiag: 2
factorGap: 1
localAlignment: 0
retcorMethod: obiwarp
minfrac: 0.05
minsamp: 1
max: 50
center: 4

Create profile matrix with method 'bin' and step 0.739 ... OK
Create profile matrix with method 'bin' and step 0.739 ... OK
Create profile matrix with method 'bin' and step 0.739 ... OK
Create profile matrix with method 'bin' and step 0.739 ... OK
Create profile matrix with method 'bin' and step 0.739 ... OK
Create profile matrix with method 'bin' and step 0.739 ... OK
Create profile matrix with method 'bin' and step 0.739 ... OK
Create profile matrix with method 'bin' and step 0.739 ... OK
Processing 137397 mz slices ... OK
Create profile matrix with method 'bin' and step 0.739 ... OK
Create profile matrix with method 'bin' and step 0.739 ... OK
Create profile matrix with method 'bin' and step 0.739 ... OK
Create profile matrix with method 'bin' and step 0.739 ... OK
Create profile matrix with method 'bin' and step 0.739 ... OK
Create profile matrix with method 'bin' and step 0.739 ... OK
Create profile matrix with method 'bin' and step 0.739 ... OK
Create profile matrix with method 'bin' and step 0.739 ... OK
Processing 137397 mz slices ... OK
Create profile matrix with method 'bin' and step 0.739 ... OK
Create profile matrix with method 'bin' and step 0.739 ... OK
Create profile matrix with method 'bin' and step 0.739 ... OK
Create profile matrix with method 'bin' and step 0.739 ... OK
Create profile matrix with method 'bin' and step 0.739 ... OK
Create profile matrix with method 'bin' and step 0.739 ... OK
Create profile matrix with method 'bin' and step 0.739 ... OK
Create profile matrix with method 'bin' and step 0.739 ... OK
Processing 137397 mz slices ... OK
Create profile matrix with method 'bin' and step 0.739 ... OK
Create profile matrix with method 'bin' and step 0.739 ... OK
Create profile matrix with method 'bin' and step 0.739 ... OK
Create profile matrix with method 'bin' and step 0.739 ... OK
Create profile matrix with method 'bin' and step 0.739 ... OK
Create profile matrix with method 'bin' and step 0.739 ... OK
Create profile matrix with method 'bin' and step 0.739 ... OK
Create profile matrix with method 'bin' and step 0.739 ... OK
Processing 137397 mz slices ... OK
Create profile matrix with method 'bin' and step 0.971 ... OK
Create profile matrix with method 'bin' and step 0.971 ... OK
Create profile matrix with method 'bin' and step 0.971 ... OK
Create profile matrix with method 'bin' and step 0.971 ... OK
Create profile matrix with method 'bin' and step 0.971 ... OK
Create profile matrix with method 'bin' and step 0.971 ... OK
Create profile matrix with method 'bin' and step 0.971 ... OK
Create profile matrix with method 'bin' and step 0.971 ... OK
Processing 137397 mz slices ... OK
Create profile matrix with method 'bin' and step 0.971 ... OK
Create profile matrix with method 'bin' and step 0.971 ... OK
Create profile matrix with method 'bin' and step 0.971 ... OK
Create profile matrix with method 'bin' and step 0.971 ... OK
Create profile matrix with method 'bin' and step 0.971 ... OK
Create profile matrix with method 'bin' and step 0.971 ... OK
Create profile matrix with method 'bin' and step 0.971 ... OK
Create profile matrix with method 'bin' and step 0.971 ... OK
Processing 137397 mz slices ... OK
Create profile matrix with method 'bin' and step 0.971 ... OK
Create profile matrix with method 'bin' and step 0.971 ... OK
Create profile matrix with method 'bin' and step 0.971 ... OK
Create profile matrix with method 'bin' and step 0.971 ... OK
Create profile matrix with method 'bin' and step 0.971 ... OK
Create profile matrix with method 'bin' and step 0.971 ... OK
Create profile matrix with method 'bin' and step 0.971 ... OK
Create profile matrix with method 'bin' and step 0.971 ... OK
Processing 137397 mz slices ... OK
Create profile matrix with method 'bin' and step 0.971 ... OK
Create profile matrix with method 'bin' and step 0.971 ... OK
Create profile matrix with method 'bin' and step 0.971 ... OK
Create profile matrix with method 'bin' and step 0.971 ... OK
Create profile matrix with method 'bin' and step 0.971 ... OK
Create profile matrix with method 'bin' and step 0.971 ... OK
Create profile matrix with method 'bin' and step 0.971 ... OK
Create profile matrix with method 'bin' and step 0.971 ... OK
Processing 137397 mz slices ... OK
Create profile matrix with method 'bin' and step 0.739 ... OK
Create profile matrix with method 'bin' and step 0.739 ... OK
Create profile matrix with method 'bin' and step 0.739 ... OK
Create profile matrix with method 'bin' and step 0.739 ... OK
Create profile matrix with method 'bin' and step 0.739 ... OK
Create profile matrix with method 'bin' and step 0.739 ... OK
Create profile matrix with method 'bin' and step 0.739 ... OK
Create profile matrix with method 'bin' and step 0.739 ... OK
Processing 137397 mz slices ... OK
Create profile matrix with method 'bin' and step 0.739 ... OK
Create profile matrix with method 'bin' and step 0.739 ... OK
Create profile matrix with method 'bin' and step 0.739 ... OK
Create profile matrix with method 'bin' and step 0.739 ... OK
Create profile matrix with method 'bin' and step 0.739 ... OK
Create profile matrix with method 'bin' and step 0.739 ... OK
Create profile matrix with method 'bin' and step 0.739 ... OK
Create profile matrix with method 'bin' and step 0.739 ... OK
Processing 137397 mz slices ... OK
Create profile matrix with method 'bin' and step 0.739 ... OK
Create profile matrix with method 'bin' and step 0.739 ... OK
Create profile matrix with method 'bin' and step 0.739 ... OK
Create profile matrix with method 'bin' and step 0.739 ... OK
Create profile matrix with method 'bin' and step 0.739 ... OK
Create profile matrix with method 'bin' and step 0.739 ... OK
Create profile matrix with method 'bin' and step 0.739 ... OK
Create profile matrix with method 'bin' and step 0.739 ... OK
Processing 137397 mz slices ... OK
Create profile matrix with method 'bin' and step 0.739 ... OK
Create profile matrix with method 'bin' and step 0.739 ... OK
Create profile matrix with method 'bin' and step 0.739 ... OK
Create profile matrix with method 'bin' and step 0.739 ... OK
Create profile matrix with method 'bin' and step 0.739 ... OK
Create profile matrix with method 'bin' and step 0.739 ... OK
Create profile matrix with method 'bin' and step 0.739 ... OK
Create profile matrix with method 'bin' and step 0.739 ... OK
Processing 137397 mz slices ... OK
Create profile matrix with method 'bin' and step 0.971 ... OK
Create profile matrix with method 'bin' and step 0.971 ... OK
Create profile matrix with method 'bin' and step 0.971 ... OK
Create profile matrix with method 'bin' and step 0.971 ... OK
Create profile matrix with method 'bin' and step 0.971 ... OK
Create profile matrix with method 'bin' and step 0.971 ... OK
Create profile matrix with method 'bin' and step 0.971 ... OK
Create profile matrix with method 'bin' and step 0.971 ... OK
Processing 137397 mz slices ... OK
Create profile matrix with method 'bin' and step 0.971 ... OK
Create profile matrix with method 'bin' and step 0.971 ... OK
Create profile matrix with method 'bin' and step 0.971 ... OK
Create profile matrix with method 'bin' and step 0.971 ... OK
Create profile matrix with method 'bin' and step 0.971 ... OK
Create profile matrix with method 'bin' and step 0.971 ... OK
Create profile matrix with method 'bin' and step 0.971 ... OK
Create profile matrix with method 'bin' and step 0.971 ... OK
Processing 137397 mz slices ... OK
Create profile matrix with method 'bin' and step 0.971 ... OK
Create profile matrix with method 'bin' and step 0.971 ... OK
Create profile matrix with method 'bin' and step 0.971 ... OK
Create profile matrix with method 'bin' and step 0.971 ... OK
Create profile matrix with method 'bin' and step 0.971 ... OK
Create profile matrix with method 'bin' and step 0.971 ... OK
Create profile matrix with method 'bin' and step 0.971 ... OK
Create profile matrix with method 'bin' and step 0.971 ... OK
Processing 137397 mz slices ... OK
Create profile matrix with method 'bin' and step 0.971 ... OK
Create profile matrix with method 'bin' and step 0.971 ... OK
Create profile matrix with method 'bin' and step 0.971 ... OK
Create profile matrix with method 'bin' and step 0.971 ... OK
Create profile matrix with method 'bin' and step 0.971 ... OK
Create profile matrix with method 'bin' and step 0.971 ... OK
Create profile matrix with method 'bin' and step 0.971 ... OK
Create profile matrix with method 'bin' and step 0.971 ... OK
Processing 137397 mz slices ... OK
Create profile matrix with method 'bin' and step 0.739 ... OK
Create profile matrix with method 'bin' and step 0.739 ... OK
Create profile matrix with method 'bin' and step 0.739 ... OK
Create profile matrix with method 'bin' and step 0.739 ... OK
Create profile matrix with method 'bin' and step 0.739 ... OK
Create profile matrix with method 'bin' and step 0.739 ... OK
Create profile matrix with method 'bin' and step 0.739 ... OK
Create profile matrix with method 'bin' and step 0.739 ... OK
Processing 54127 mz slices ... OK
Create profile matrix with method 'bin' and step 0.739 ... OK
Create profile matrix with method 'bin' and step 0.739 ... OK
Create profile matrix with method 'bin' and step 0.739 ... OK
Create profile matrix with method 'bin' and step 0.739 ... OK
Create profile matrix with method 'bin' and step 0.739 ... OK
Create profile matrix with method 'bin' and step 0.739 ... OK
Create profile matrix with method 'bin' and step 0.739 ... OK
Create profile matrix with method 'bin' and step 0.739 ... OK
Processing 54127 mz slices ... OK
Create profile matrix with method 'bin' and step 0.739 ... OK
Create profile matrix with method 'bin' and step 0.739 ... OK
Create profile matrix with method 'bin' and step 0.739 ... OK
Create profile matrix with method 'bin' and step 0.739 ... OK
Create profile matrix with method 'bin' and step 0.739 ... OK
Create profile matrix with method 'bin' and step 0.739 ... OK
Create profile matrix with method 'bin' and step 0.739 ... OK
Create profile matrix with method 'bin' and step 0.739 ... OK
Processing 54127 mz slices ... OK
Create profile matrix with method 'bin' and step 0.739 ... OK
Create profile matrix with method 'bin' and step 0.739 ... OK
Create profile matrix with method 'bin' and step 0.739 ... OK
Create profile matrix with method 'bin' and step 0.739 ... OK
Create profile matrix with method 'bin' and step 0.739 ... OK
Create profile matrix with method 'bin' and step 0.739 ... OK
Create profile matrix with method 'bin' and step 0.739 ... OK
Create profile matrix with method 'bin' and step 0.739 ... OK
Processing 54127 mz slices ... OK
Create profile matrix with method 'bin' and step 0.971 ... OK
Create profile matrix with method 'bin' and step 0.971 ... OK
Create profile matrix with method 'bin' and step 0.971 ... OK
Create profile matrix with method 'bin' and step 0.971 ... OK
Create profile matrix with method 'bin' and step 0.971 ... OK
Create profile matrix with method 'bin' and step 0.971 ... OK
Create profile matrix with method 'bin' and step 0.971 ... OK
Create profile matrix with method 'bin' and step 0.971 ... OK
Processing 54127 mz slices ... OK
Create profile matrix with method 'bin' and step 0.971 ... OK
Create profile matrix with method 'bin' and step 0.971 ... OK
Create profile matrix with method 'bin' and step 0.971 ... OK
Create profile matrix with method 'bin' and step 0.971 ... OK
Create profile matrix with method 'bin' and step 0.971 ... OK
Create profile matrix with method 'bin' and step 0.971 ... OK
Create profile matrix with method 'bin' and step 0.971 ... OK
Create profile matrix with method 'bin' and step 0.971 ... OK
Processing 54127 mz slices ... OK
Create profile matrix with method 'bin' and step 0.971 ... OK
Create profile matrix with method 'bin' and step 0.971 ... OK
Create profile matrix with method 'bin' and step 0.971 ... OK
Create profile matrix with method 'bin' and step 0.971 ... OK
Create profile matrix with method 'bin' and step 0.971 ... OK
Create profile matrix with method 'bin' and step 0.971 ... OK
Create profile matrix with method 'bin' and step 0.971 ... OK
Create profile matrix with method 'bin' and step 0.971 ... OK
Processing 54127 mz slices ... 