INFO:root:++++++ Data type does not need conversion ++++++
INFO:root:++++++ No IPO out files given, Running IPO ++++++
INFO:root:['nohup Rscript IPO_param_picking.R --fnames blood_pos.txt --whichFile 10 >> IPO_10.out', 'nohup Rscript IPO_param_picking.R --fnames blood_pos.txt --whichFile 4 >> IPO_4.out', 'nohup Rscript IPO_param_picking.R --fnames blood_pos.txt --whichFile 1 >> IPO_1.out']
INFO:root:++++++ Getting xcms parameters ++++++
INFO:root:No params created due to no IPO runs finishing, debug and rerun
INFO:root:++++++ Data type does not need conversion ++++++
INFO:root:++++++ No IPO out files given, Running IPO ++++++
INFO:root:['nohup Rscript IPO_param_picking.R --fnames blood_pos.txt --whichFile 4 > IPO_4.out', 'nohup Rscript IPO_param_picking.R --fnames blood_pos.txt --whichFile 11 > IPO_11.out', 'nohup Rscript IPO_param_picking.R --fnames blood_pos.txt --whichFile 2 > IPO_2.out']
INFO:root:++++++ Getting xcms parameters ++++++
INFO:root:No params created due to no IPO runs finishing, debug and rerun
INFO:root:++++++ Data type does not need conversion ++++++
INFO:root:++++++ No IPO out files given, Running IPO ++++++
INFO:root:['nohup Rscript IPO_param_picking.R --fnames blood_pos.txt --whichFile 8 > IPO_8.out', 'nohup Rscript IPO_param_picking.R --fnames blood_pos.txt --whichFile 1 > IPO_1.out', 'nohup Rscript IPO_param_picking.R --fnames blood_pos.txt --whichFile 6 > IPO_6.out']
INFO:root:++++++ Data type does not need conversion ++++++
INFO:root:++++++ No IPO out files given, Running IPO ++++++
INFO:root:['nohup Rscript IPO_param_picking.R --fnames blood_pos.txt --whichFile 2 > IPO_2.out', 'nohup Rscript IPO_param_picking.R --fnames blood_pos.txt --whichFile 5 > IPO_5.out', 'nohup Rscript IPO_param_picking.R --fnames blood_pos.txt --whichFile 8 > IPO_8.out']
INFO:root:++++++ Getting xcms parameters ++++++
INFO:root:params: {'peakMin': 46.848, 'peakMax': 73.0, 'ppm': 26.19224, 'noise': 2183.0, 'snthresh': 10.0, 'mzdiff': -0.016906, 'filterMin': 3.0, 'filterMax': 1.0, 'integrate': 2.0, 'binSizeObi': 1.0, 'gapInit': 0.64, 'gapExtend': 3.06, 'bw': 12.4, 'binSizeDensity': 0.0186, 'minfrac': 0.05, 'minsamp': 1.0}
INFO:root:params: {'peakMin': 29.6, 'peakMax': 67.0, 'ppm': 23.0, 'noise': 747.5, 'snthresh': 10.0, 'mzdiff': -0.0054, 'filterMin': 3.0, 'filterMax': 496.0, 'integrate': 2.0, 'binSizeObi': 0.88, 'gapInit': 0.52, 'gapExtend': 2.4, 'bw': 12.4, 'binSizeDensity': 0.0174, 'minfrac': 0.05, 'minsamp': 1.0}
INFO:root:params: {'peakMin': 32.8, 'peakMax': 80.0, 'ppm': 26.6, 'noise': 500.0, 'snthresh': 10.0, 'mzdiff': -0.00265, 'filterMin': 3.0, 'filterMax': 574.25, 'integrate': 2.0, 'binSizeObi': 0.88, 'gapInit': 0.784, 'gapExtend': 2.688, 'bw': 7.792, 'binSizeDensity': 0.0174, 'minfrac': 0.05, 'minsamp': 1.0}
INFO:root:++++++ XCMS params ++++++
INFO:root:{'peakMin': 36.416000000000004, 'peakMax': 73.33333333333333, 'ppm': 25.264079999999996, 'noise': 1143.5, 'snthresh': 10.0, 'mzdiff': -0.008318666666666667, 'filterMin': 3.0, 'filterMax': 357.0833333333333, 'integrate': 2.0, 'binSizeObi': 0.9199999999999999, 'gapInit': 0.648, 'gapExtend': 2.7159999999999997, 'bw': 10.863999999999999, 'binSizeDensity': 0.0178, 'minfrac': 0.05000000000000001, 'minsamp': 1.0, 'file_count': 1.0}
INFO:root:++++++ Starting xcms run ++++++
INFO:root:nohup Rscript ./extract_features_xcms3.R --fnames '/home/downloading_data/MTBLS264/raw/blood/pos/blood_pos.txt' --ppm 25.264079999999996 --mode 'positive' --peakMin 36.416000000000004 --peakMax 73.33333333333333 --mzdiff -0.008318666666666667 --binSizeObi 0.9199999999999999 --gapInit 0.648 --gapExtend 2.7159999999999997 --bw 10.863999999999999 --minFrac 0.05000000000000001 --binSizeDensity 0.0178 --alignedFile '/home/downloading_data/MTBLS264/raw/blood/pos/IPO_aligned_MTBLS264_blood_pos.csv' --noise 1143.5 --filterMin 3.0 --filterMax 357.0833333333333 > '/home/downloading_data/MTBLS264/raw/blood/pos/blood_pos_feat_extraction.out'
INFO:root:++++++ Completed xcms run ++++++
INFO:root:++++++ Data type does not need conversion ++++++
INFO:root:++++++ No IPO out files given, Running IPO ++++++
INFO:root:['nohup Rscript IPO_param_picking.R --fnames blood_pos.txt --whichFile 1 > IPO_1.out', 'nohup Rscript IPO_param_picking.R --fnames blood_pos.txt --whichFile 16 > IPO_16.out', 'nohup Rscript IPO_param_picking.R --fnames blood_pos.txt --whichFile 10 > IPO_10.out']
INFO:root:++++++ Getting xcms parameters ++++++
INFO:root:params: {'peakMin': 37.62432, 'peakMax': 75.008, 'ppm': 27.248, 'noise': 1737.5, 'snthresh': 10.0, 'mzdiff': -0.00771, 'filterMin': 3.0, 'filterMax': 1.0, 'integrate': 2.0, 'binSizeObi': 0.814, 'gapInit': 0.592, 'gapExtend': 2.4, 'bw': 12.4, 'binSizeDensity': 0.0186, 'minfrac': 0.05, 'minsamp': 1.0}
INFO:root:params: {'peakMin': 28.8, 'peakMax': 65.0, 'ppm': 28.25, 'noise': 747.5, 'snthresh': 10.0, 'mzdiff': -0.0065, 'filterMin': 3.0, 'filterMax': 747.5, 'integrate': 2.0, 'binSizeObi': 1.0, 'gapInit': 0.16, 'gapExtend': 3.06, 'bw': 12.4, 'binSizeDensity': 0.02, 'minfrac': 0.05, 'minsamp': 1.0}
INFO:root:params: {'peakMin': 31.2, 'peakMax': 80.0, 'ppm': 26.6, 'noise': 574.25, 'snthresh': 10.0, 'mzdiff': -0.0032, 'filterMin': 3.0, 'filterMax': 277.25, 'integrate': 2.0, 'binSizeObi': 0.97, 'gapInit': 0.12, 'gapExtend': 2.64, 'bw': 12.4, 'binSizeDensity': 0.0186, 'minfrac': 0.05, 'minsamp': 1.0}
INFO:root:++++++ XCMS params ++++++
INFO:root:{'peakMin': 32.54144, 'peakMax': 73.336, 'ppm': 27.366000000000003, 'noise': 1019.75, 'snthresh': 10.0, 'mzdiff': -0.005803333333333334, 'filterMin': 3.0, 'filterMax': 341.9166666666667, 'integrate': 2.0, 'binSizeObi': 0.9279999999999999, 'gapInit': 0.2906666666666667, 'gapExtend': 2.6999999999999997, 'bw': 12.4, 'binSizeDensity': 0.019066666666666666, 'minfrac': 0.05000000000000001, 'minsamp': 1.0, 'file_count': 1.0}
INFO:root:++++++ Starting xcms run ++++++
INFO:root:nohup Rscript ./extract_features_xcms3.R --fnames '/home/downloading_data/MTBLS264/raw/blood/pos/blood_pos.txt' --ppm 27.366000000000003 --mode 'positive' --peakMin 32.54144 --peakMax 73.336 --mzdiff -0.005803333333333334 --binSizeObi 0.9279999999999999 --gapInit 0.2906666666666667 --gapExtend 2.6999999999999997 --bw 12.4 --minFrac 0.05000000000000001 --binSizeDensity 0.019066666666666666 --alignedFile '/home/downloading_data/MTBLS264/raw/blood/pos/IPO_aligned_MTBLS264_blood_pos.csv' --noise 1019.75 --filterMin 3.0 --filterMax 341.9166666666667 > '/home/downloading_data/MTBLS264/raw/blood/pos/blood_pos_feat_extraction.out'
INFO:root:++++++ Completed xcms run ++++++
