center sample:  Person27_plasma_youth_NEG 
Processing: Person12_plasma_youth_NEG  Person19_plasma_elder_NEG  Person21_plasma_youth_NEG  Person11_plasma_youth_NEG  
center sample:  Person27_plasma_youth_NEG 
Processing: Person12_plasma_youth_NEG  Person19_plasma_elder_NEG  Person21_plasma_youth_NEG  Person11_plasma_youth_NEG  
center sample:  Person27_plasma_youth_NEG 
Processing: Person12_plasma_youth_NEG  Person19_plasma_elder_NEG  Person21_plasma_youth_NEG  Person11_plasma_youth_NEG  
center sample:  Person27_plasma_youth_NEG 
Processing: Person12_plasma_youth_NEG  Person19_plasma_elder_NEG  Person21_plasma_youth_NEG  Person11_plasma_youth_NEG  
center sample:  Person27_plasma_youth_NEG 
Processing: Person12_plasma_youth_NEG  Person19_plasma_elder_NEG  Person21_plasma_youth_NEG  Person11_plasma_youth_NEG  
center sample:  Person27_plasma_youth_NEG 
Processing: Person12_plasma_youth_NEG  Person19_plasma_elder_NEG  Person21_plasma_youth_NEG  Person11_plasma_youth_NEG  
center sample:  Person27_plasma_youth_NEG 
Processing: Person12_plasma_youth_NEG  Person19_plasma_elder_NEG  Person21_plasma_youth_NEG  Person11_plasma_youth_NEG  
center sample:  Person27_plasma_youth_NEG 
Processing: Person12_plasma_youth_NEG  Person19_plasma_elder_NEG  Person21_plasma_youth_NEG  Person11_plasma_youth_NEG  
center sample:  Person27_plasma_youth_NEG 
Processing: Person12_plasma_youth_NEG  Person19_plasma_elder_NEG  Person21_plasma_youth_NEG  Person11_plasma_youth_NEG  
center sample:  Person27_plasma_youth_NEG 
Processing: Person12_plasma_youth_NEG  Person19_plasma_elder_NEG  Person21_plasma_youth_NEG  Person11_plasma_youth_NEG  
center sample:  Person27_plasma_youth_NEG 
Processing: Person12_plasma_youth_NEG  Person19_plasma_elder_NEG  Person21_plasma_youth_NEG  Person11_plasma_youth_NEG  
center sample:  Person27_plasma_youth_NEG 
Processing: Person12_plasma_youth_NEG  Person19_plasma_elder_NEG  Person21_plasma_youth_NEG  Person11_plasma_youth_NEG  
center sample:  Person27_plasma_youth_NEG 
Processing: Person12_plasma_youth_NEG  Person19_plasma_elder_NEG  Person21_plasma_youth_NEG  Person11_plasma_youth_NEG  
center sample:  Person27_plasma_youth_NEG 
Processing: Person12_plasma_youth_NEG  Person19_plasma_elder_NEG  Person21_plasma_youth_NEG  Person11_plasma_youth_NEG  
center sample:  Person27_plasma_youth_NEG 
Processing: Person12_plasma_youth_NEG  Person19_plasma_elder_NEG  Person21_plasma_youth_NEG  Person11_plasma_youth_NEG  
center sample:  Person27_plasma_youth_NEG 
Processing: Person12_plasma_youth_NEG  Person19_plasma_elder_NEG  Person21_plasma_youth_NEG  Person11_plasma_youth_NEG  
center sample:  Person27_plasma_youth_NEG 
Processing: Person12_plasma_youth_NEG  Person19_plasma_elder_NEG  Person21_plasma_youth_NEG  Person11_plasma_youth_NEG  
center sample:  Person27_plasma_youth_NEG 
Processing: Person12_plasma_youth_NEG  Person19_plasma_elder_NEG  Person21_plasma_youth_NEG  Person11_plasma_youth_NEG  
center sample:  Person27_plasma_youth_NEG 
Processing: Person12_plasma_youth_NEG  Person19_plasma_elder_NEG  Person21_plasma_youth_NEG  Person11_plasma_youth_NEG  
center sample:  Person27_plasma_youth_NEG 
Processing: Person12_plasma_youth_NEG  Person19_plasma_elder_NEG  Person21_plasma_youth_NEG  Person11_plasma_youth_NEG  
center sample:  Person27_plasma_youth_NEG 
Processing: Person12_plasma_youth_NEG  Person19_plasma_elder_NEG  Person21_plasma_youth_NEG  Person11_plasma_youth_NEG  
center sample:  Person27_plasma_youth_NEG 
Processing: Person12_plasma_youth_NEG  Person19_plasma_elder_NEG  Person21_plasma_youth_NEG  Person11_plasma_youth_NEG  
center sample:  Person27_plasma_youth_NEG 
Processing: Person12_plasma_youth_NEG  Person19_plasma_elder_NEG  Person21_plasma_youth_NEG  Person11_plasma_youth_NEG  
center sample:  Person27_plasma_youth_NEG 
Processing: Person12_plasma_youth_NEG  Person19_plasma_elder_NEG  Person21_plasma_youth_NEG  Person11_plasma_youth_NEG  
center sample:  Person27_plasma_youth_NEG 
Processing: Person12_plasma_youth_NEG  Person19_plasma_elder_NEG  Person21_plasma_youth_NEG  Person11_plasma_youth_NEG  
center sample:  Person27_plasma_youth_NEG 
Processing: Person12_plasma_youth_NEG  Person19_plasma_elder_NEG  Person21_plasma_youth_NEG  Person11_plasma_youth_NEG  
center sample:  Person27_plasma_youth_NEG 
Processing: Person12_plasma_youth_NEG  Person19_plasma_elder_NEG  Person21_plasma_youth_NEG  Person11_plasma_youth_NEG  
center sample:  Person27_plasma_youth_NEG 
Processing: Person12_plasma_youth_NEG  Person19_plasma_elder_NEG  Person21_plasma_youth_NEG  Person11_plasma_youth_NEG  
center sample:  Person27_plasma_youth_NEG 
Processing: Person12_plasma_youth_NEG  Person19_plasma_elder_NEG  Person21_plasma_youth_NEG  Person11_plasma_youth_NEG  
center sample:  Person27_plasma_youth_NEG 
Processing: Person12_plasma_youth_NEG  Person19_plasma_elder_NEG  Person21_plasma_youth_NEG  Person11_plasma_youth_NEG  
center sample:  Person27_plasma_youth_NEG 
Processing: Person12_plasma_youth_NEG  Person19_plasma_elder_NEG  Person21_plasma_youth_NEG  Person11_plasma_youth_NEG  
center sample:  Person27_plasma_youth_NEG 
Processing: Person12_plasma_youth_NEG  Person19_plasma_elder_NEG  Person21_plasma_youth_NEG  Person11_plasma_youth_NEG  
center sample:  Person27_plasma_youth_NEG 
Processing: Person12_plasma_youth_NEG  Person19_plasma_elder_NEG  Person21_plasma_youth_NEG  Person11_plasma_youth_NEG  
center sample:  Person27_plasma_youth_NEG 
Processing: Person12_plasma_youth_NEG  Person19_plasma_elder_NEG  Person21_plasma_youth_NEG  Person11_plasma_youth_NEG  
center sample:  Person27_plasma_youth_NEG 
Processing: Person12_plasma_youth_NEG  Person19_plasma_elder_NEG  Person21_plasma_youth_NEG  Person11_plasma_youth_NEG  
center sample:  Person27_plasma_youth_NEG 
Processing: Person12_plasma_youth_NEG  Person19_plasma_elder_NEG  Person21_plasma_youth_NEG  Person11_plasma_youth_NEG  
center sample:  Person27_plasma_youth_NEG 
Processing: Person12_plasma_youth_NEG  Person19_plasma_elder_NEG  Person21_plasma_youth_NEG  Person11_plasma_youth_NEG  
center sample:  Person27_plasma_youth_NEG 
Processing: Person12_plasma_youth_NEG  Person19_plasma_elder_NEG  Person21_plasma_youth_NEG  Person11_plasma_youth_NEG  
center sample:  Person27_plasma_youth_NEG 
Processing: Person12_plasma_youth_NEG  Person19_plasma_elder_NEG  Person21_plasma_youth_NEG  Person11_plasma_youth_NEG  
center sample:  Person27_plasma_youth_NEG 
Processing: Person12_plasma_youth_NEG  Person19_plasma_elder_NEG  Person21_plasma_youth_NEG  Person11_plasma_youth_NEG  
center sample:  Person27_plasma_youth_NEG 
Processing: Person12_plasma_youth_NEG  Person19_plasma_elder_NEG  Person21_plasma_youth_NEG  Person11_plasma_youth_NEG  
center sample:  Person27_plasma_youth_NEG 
Processing: Person12_plasma_youth_NEG  Person19_plasma_elder_NEG  Person21_plasma_youth_NEG  Person11_plasma_youth_NEG  
center sample:  Person27_plasma_youth_NEG 
Processing: Person12_plasma_youth_NEG  Person19_plasma_elder_NEG  Person21_plasma_youth_NEG  Person11_plasma_youth_NEG  
center sample:  Person27_plasma_youth_NEG 
Processing: Person12_plasma_youth_NEG  Person19_plasma_elder_NEG  Person21_plasma_youth_NEG  Person11_plasma_youth_NEG  
center sample:  Person27_plasma_youth_NEG 
Processing: Person12_plasma_youth_NEG  Person19_plasma_elder_NEG  Person21_plasma_youth_NEG  Person11_plasma_youth_NEG  
center sample:  Person27_plasma_youth_NEG 
Processing: Person12_plasma_youth_NEG  Person19_plasma_elder_NEG  Person21_plasma_youth_NEG  Person11_plasma_youth_NEG  
center sample:  Person27_plasma_youth_NEG 
Processing: Person12_plasma_youth_NEG  Person19_plasma_elder_NEG  Person21_plasma_youth_NEG  Person11_plasma_youth_NEG  
center sample:  Person27_plasma_youth_NEG 
Processing: Person12_plasma_youth_NEG  Person19_plasma_elder_NEG  Person21_plasma_youth_NEG  Person11_plasma_youth_NEG  
center sample:  Person27_plasma_youth_NEG 
Processing: Person12_plasma_youth_NEG  Person19_plasma_elder_NEG  Person21_plasma_youth_NEG  Person11_plasma_youth_NEG  
center sample:  Person27_plasma_youth_NEG 
Processing: Person12_plasma_youth_NEG  Person19_plasma_elder_NEG  Person21_plasma_youth_NEG  Person11_plasma_youth_NEG  
center sample:  Person27_plasma_youth_NEG 
Processing: Person12_plasma_youth_NEG  Person19_plasma_elder_NEG  Person21_plasma_youth_NEG  Person11_plasma_youth_NEG  
center sample:  Person27_plasma_youth_NEG 
Processing: Person12_plasma_youth_NEG  Person19_plasma_elder_NEG  Person21_plasma_youth_NEG  Person11_plasma_youth_NEG  
center sample:  Person27_plasma_youth_NEG 
Processing: Person12_plasma_youth_NEG  Person19_plasma_elder_NEG  Person21_plasma_youth_NEG  Person11_plasma_youth_NEG  
center sample:  Person27_plasma_youth_NEG 
Processing: Person12_plasma_youth_NEG  Person19_plasma_elder_NEG  Person21_plasma_youth_NEG  Person11_plasma_youth_NEG  
center sample:  Person27_plasma_youth_NEG 
Processing: Person12_plasma_youth_NEG  Person19_plasma_elder_NEG  Person21_plasma_youth_NEG  Person11_plasma_youth_NEG  
center sample:  Person27_plasma_youth_NEG 
Processing: Person12_plasma_youth_NEG  Person19_plasma_elder_NEG  Person21_plasma_youth_NEG  Person11_plasma_youth_NEG  
center sample:  Person27_plasma_youth_NEG 
Processing: Person12_plasma_youth_NEG  Person19_plasma_elder_NEG  Person21_plasma_youth_NEG  Person11_plasma_youth_NEG  
center sample:  Person27_plasma_youth_NEG 
Processing: Person12_plasma_youth_NEG  Person19_plasma_elder_NEG  Person21_plasma_youth_NEG  Person11_plasma_youth_NEG  
center sample:  Person27_plasma_youth_NEG 
Processing: Person12_plasma_youth_NEG  Person19_plasma_elder_NEG  Person21_plasma_youth_NEG  Person11_plasma_youth_NEG  
center sample:  Person27_plasma_youth_NEG 
Processing: Person12_plasma_youth_NEG  Person19_plasma_elder_NEG  Person21_plasma_youth_NEG  Person11_plasma_youth_NEG  
center sample:  Person27_plasma_youth_NEG 
Processing: Person12_plasma_youth_NEG  Person19_plasma_elder_NEG  Person21_plasma_youth_NEG  Person11_plasma_youth_NEG  
center sample:  Person27_plasma_youth_NEG 
Processing: Person12_plasma_youth_NEG  Person19_plasma_elder_NEG  Person21_plasma_youth_NEG  Person11_plasma_youth_NEG  
center sample:  Person27_plasma_youth_NEG 
Processing: Person12_plasma_youth_NEG  Person19_plasma_elder_NEG  Person21_plasma_youth_NEG  Person11_plasma_youth_NEG  
center sample:  Person27_plasma_youth_NEG 
Processing: Person12_plasma_youth_NEG  Person19_plasma_elder_NEG  Person21_plasma_youth_NEG  Person11_plasma_youth_NEG  
center sample:  Person27_plasma_youth_NEG 
Processing: Person12_plasma_youth_NEG  Person19_plasma_elder_NEG  Person21_plasma_youth_NEG  Person11_plasma_youth_NEG  
center sample:  Person27_plasma_youth_NEG 
Processing: Person12_plasma_youth_NEG  Person19_plasma_elder_NEG  Person21_plasma_youth_NEG  Person11_plasma_youth_NEG  
center sample:  Person27_plasma_youth_NEG 
Processing: Person12_plasma_youth_NEG  Person19_plasma_elder_NEG  Person21_plasma_youth_NEG  Person11_plasma_youth_NEG  
center sample:  Person27_plasma_youth_NEG 
Processing: Person12_plasma_youth_NEG  Person19_plasma_elder_NEG  Person21_plasma_youth_NEG  Person11_plasma_youth_NEG  
center sample:  Person27_plasma_youth_NEG 
Processing: Person12_plasma_youth_NEG  Person19_plasma_elder_NEG  Person21_plasma_youth_NEG  Person11_plasma_youth_NEG  
center sample:  Person27_plasma_youth_NEG 
Processing: Person12_plasma_youth_NEG  Person19_plasma_elder_NEG  Person21_plasma_youth_NEG  Person11_plasma_youth_NEG  
center sample:  Person27_plasma_youth_NEG 
Processing: Person12_plasma_youth_NEG  Person19_plasma_elder_NEG  Person21_plasma_youth_NEG  Person11_plasma_youth_NEG  
center sample:  Person27_plasma_youth_NEG 
Processing: Person12_plasma_youth_NEG  Person19_plasma_elder_NEG  Person21_plasma_youth_NEG  Person11_plasma_youth_NEG  
center sample:  Person27_plasma_youth_NEG 
Processing: Person12_plasma_youth_NEG  Person19_plasma_elder_NEG  Person21_plasma_youth_NEG  Person11_plasma_youth_NEG  
center sample:  Person27_plasma_youth_NEG 
Processing: Person12_plasma_youth_NEG  Person19_plasma_elder_NEG  Person21_plasma_youth_NEG  Person11_plasma_youth_NEG  
center sample:  Person27_plasma_youth_NEG 
Processing: Person12_plasma_youth_NEG  Person19_plasma_elder_NEG  Person21_plasma_youth_NEG  Person11_plasma_youth_NEG  
center sample:  Person27_plasma_youth_NEG 
Processing: Person12_plasma_youth_NEG  Person19_plasma_elder_NEG  Person21_plasma_youth_NEG  Person11_plasma_youth_NEG  
center sample:  Person27_plasma_youth_NEG 
Processing: Person12_plasma_youth_NEG  Person19_plasma_elder_NEG  Person21_plasma_youth_NEG  Person11_plasma_youth_NEG  
center sample:  Person27_plasma_youth_NEG 
Processing: Person12_plasma_youth_NEG  Person19_plasma_elder_NEG  Person21_plasma_youth_NEG  Person11_plasma_youth_NEG  
center sample:  Person27_plasma_youth_NEG 
Processing: Person12_plasma_youth_NEG  Person19_plasma_elder_NEG  Person21_plasma_youth_NEG  Person11_plasma_youth_NEG  
center sample:  Person27_plasma_youth_NEG 
Processing: Person12_plasma_youth_NEG  Person19_plasma_elder_NEG  Person21_plasma_youth_NEG  Person11_plasma_youth_NEG  
center sample:  Person27_plasma_youth_NEG 
Processing: Person12_plasma_youth_NEG  Person19_plasma_elder_NEG  Person21_plasma_youth_NEG  Person11_plasma_youth_NEG  
center sample:  Person27_plasma_youth_NEG 
Processing: Person12_plasma_youth_NEG  Person19_plasma_elder_NEG  Person21_plasma_youth_NEG  Person11_plasma_youth_NEG  
center sample:  Person27_plasma_youth_NEG 
Processing: Person12_plasma_youth_NEG  Person19_plasma_elder_NEG  Person21_plasma_youth_NEG  Person11_plasma_youth_NEG  
center sample:  Person27_plasma_youth_NEG 
Processing: Person12_plasma_youth_NEG  Person19_plasma_elder_NEG  Person21_plasma_youth_NEG  Person11_plasma_youth_NEG  
center sample:  Person27_plasma_youth_NEG 
Processing: Person12_plasma_youth_NEG  Person19_plasma_elder_NEG  Person21_plasma_youth_NEG  Person11_plasma_youth_NEG  
center sample:  Person27_plasma_youth_NEG 
Processing: Person12_plasma_youth_NEG  Person19_plasma_elder_NEG  Person21_plasma_youth_NEG  Person11_plasma_youth_NEG  
center sample:  Person27_plasma_youth_NEG 
Processing: Person12_plasma_youth_NEG  Person19_plasma_elder_NEG  Person21_plasma_youth_NEG  Person11_plasma_youth_NEG  
center sample:  Person27_plasma_youth_NEG 
Processing: Person12_plasma_youth_NEG  Person19_plasma_elder_NEG  Person21_plasma_youth_NEG  Person11_plasma_youth_NEG  
center sample:  Person27_plasma_youth_NEG 
Processing: Person12_plasma_youth_NEG  Person19_plasma_elder_NEG  Person21_plasma_youth_NEG  Person11_plasma_youth_NEG  
center sample:  Person27_plasma_youth_NEG 
Processing: Person12_plasma_youth_NEG  Person19_plasma_elder_NEG  Person21_plasma_youth_NEG  Person11_plasma_youth_NEG  
center sample:  Person27_plasma_youth_NEG 
Processing: Person12_plasma_youth_NEG  Person19_plasma_elder_NEG  Person21_plasma_youth_NEG  Person11_plasma_youth_NEG  
center sample:  Person27_plasma_youth_NEG 
Processing: Person12_plasma_youth_NEG  Person19_plasma_elder_NEG  Person21_plasma_youth_NEG  Person11_plasma_youth_NEG  
center sample:  Person27_plasma_youth_NEG 
Processing: Person12_plasma_youth_NEG  Person19_plasma_elder_NEG  Person21_plasma_youth_NEG  Person11_plasma_youth_NEG  
center sample:  Person27_plasma_youth_NEG 
Processing: Person12_plasma_youth_NEG  Person19_plasma_elder_NEG  Person21_plasma_youth_NEG  Person11_plasma_youth_NEG  
center sample:  Person27_plasma_youth_NEG 
Processing: Person12_plasma_youth_NEG  Person19_plasma_elder_NEG  Person21_plasma_youth_NEG  Person11_plasma_youth_NEG  
center sample:  Person27_plasma_youth_NEG 
Processing: Person12_plasma_youth_NEG  Person19_plasma_elder_NEG  Person21_plasma_youth_NEG  Person11_plasma_youth_NEG  
center sample:  Person27_plasma_youth_NEG 
Processing: Person12_plasma_youth_NEG  Person19_plasma_elder_NEG  Person21_plasma_youth_NEG  Person11_plasma_youth_NEG  
center sample:  Person27_plasma_youth_NEG 
Processing: Person12_plasma_youth_NEG  Person19_plasma_elder_NEG  Person21_plasma_youth_NEG  Person11_plasma_youth_NEG  
center sample:  Person27_plasma_youth_NEG 
Processing: Person12_plasma_youth_NEG  Person19_plasma_elder_NEG  Person21_plasma_youth_NEG  Person11_plasma_youth_NEG  
center sample:  Person27_plasma_youth_NEG 
Processing: Person12_plasma_youth_NEG  Person19_plasma_elder_NEG  Person21_plasma_youth_NEG  Person11_plasma_youth_NEG  
center sample:  Person27_plasma_youth_NEG 
Processing: Person12_plasma_youth_NEG  Person19_plasma_elder_NEG  Person21_plasma_youth_NEG  Person11_plasma_youth_NEG  
center sample:  Person27_plasma_youth_NEG 
Processing: Person12_plasma_youth_NEG  Person19_plasma_elder_NEG  Person21_plasma_youth_NEG  Person11_plasma_youth_NEG  
center sample:  Person27_plasma_youth_NEG 
Processing: Person12_plasma_youth_NEG  Person19_plasma_elder_NEG  Person21_plasma_youth_NEG  Person11_plasma_youth_NEG  
center sample:  Person27_plasma_youth_NEG 
Processing: Person12_plasma_youth_NEG  Person19_plasma_elder_NEG  Person21_plasma_youth_NEG  Person11_plasma_youth_NEG  
center sample:  Person27_plasma_youth_NEG 
Processing: Person12_plasma_youth_NEG  Person19_plasma_elder_NEG  Person21_plasma_youth_NEG  Person11_plasma_youth_NEG  
center sample:  Person27_plasma_youth_NEG 
Processing: Person12_plasma_youth_NEG  Person19_plasma_elder_NEG  Person21_plasma_youth_NEG  Person11_plasma_youth_NEG  
center sample:  Person27_plasma_youth_NEG 
Processing: Person12_plasma_youth_NEG  Person19_plasma_elder_NEG  Person21_plasma_youth_NEG  Person11_plasma_youth_NEG  
center sample:  Person27_plasma_youth_NEG 
Processing: Person12_plasma_youth_NEG  Person19_plasma_elder_NEG  Person21_plasma_youth_NEG  Person11_plasma_youth_NEG  
center sample:  Person27_plasma_youth_NEG 
Processing: Person12_plasma_youth_NEG  Person19_plasma_elder_NEG  Person21_plasma_youth_NEG  Person11_plasma_youth_NEG  
center sample:  Person27_plasma_youth_NEG 
Processing: Person12_plasma_youth_NEG  Person19_plasma_elder_NEG  Person21_plasma_youth_NEG  Person11_plasma_youth_NEG  
center sample:  Person27_plasma_youth_NEG 
Processing: Person12_plasma_youth_NEG  Person19_plasma_elder_NEG  Person21_plasma_youth_NEG  Person11_plasma_youth_NEG  
center sample:  Person27_plasma_youth_NEG 
Processing: Person12_plasma_youth_NEG  Person19_plasma_elder_NEG  Person21_plasma_youth_NEG  Person11_plasma_youth_NEG  
center sample:  Person27_plasma_youth_NEG 
Processing: Person12_plasma_youth_NEG  Person19_plasma_elder_NEG  Person21_plasma_youth_NEG  Person11_plasma_youth_NEG  
center sample:  Person27_plasma_youth_NEG 
Processing: Person12_plasma_youth_NEG  Person19_plasma_elder_NEG  Person21_plasma_youth_NEG  Person11_plasma_youth_NEG  
center sample:  Person27_plasma_youth_NEG 
Processing: Person12_plasma_youth_NEG  Person19_plasma_elder_NEG  Person21_plasma_youth_NEG  Person11_plasma_youth_NEG  
center sample:  Person27_plasma_youth_NEG 
Processing: Person12_plasma_youth_NEG  Person19_plasma_elder_NEG  Person21_plasma_youth_NEG  Person11_plasma_youth_NEG  
center sample:  Person27_plasma_youth_NEG 
Processing: Person12_plasma_youth_NEG  Person19_plasma_elder_NEG  Person21_plasma_youth_NEG  Person11_plasma_youth_NEG  
center sample:  Person27_plasma_youth_NEG 
Processing: Person12_plasma_youth_NEG  Person19_plasma_elder_NEG  Person21_plasma_youth_NEG  Person11_plasma_youth_NEG  
center sample:  Person27_plasma_youth_NEG 
Processing: Person12_plasma_youth_NEG  Person19_plasma_elder_NEG  Person21_plasma_youth_NEG  Person11_plasma_youth_NEG  
center sample:  Person27_plasma_youth_NEG 
Processing: Person12_plasma_youth_NEG  Person19_plasma_elder_NEG  Person21_plasma_youth_NEG  Person11_plasma_youth_NEG  
center sample:  Person27_plasma_youth_NEG 
Processing: Person12_plasma_youth_NEG  Person19_plasma_elder_NEG  Person21_plasma_youth_NEG  Person11_plasma_youth_NEG  
center sample:  Person27_plasma_youth_NEG 
Processing: Person12_plasma_youth_NEG  Person19_plasma_elder_NEG  Person21_plasma_youth_NEG  Person11_plasma_youth_NEG  
center sample:  Person27_plasma_youth_NEG 
Processing: Person12_plasma_youth_NEG  Person19_plasma_elder_NEG  Person21_plasma_youth_NEG  Person11_plasma_youth_NEG  
center sample:  Person27_plasma_youth_NEG 
Processing: Person12_plasma_youth_NEG  Person19_plasma_elder_NEG  Person21_plasma_youth_NEG  Person11_plasma_youth_NEG  
center sample:  Person27_plasma_youth_NEG 
Processing: Person12_plasma_youth_NEG  Person19_plasma_elder_NEG  Person21_plasma_youth_NEG  Person11_plasma_youth_NEG  
center sample:  Person27_plasma_youth_NEG 
Processing: Person12_plasma_youth_NEG  Person19_plasma_elder_NEG  Person21_plasma_youth_NEG  Person11_plasma_youth_NEG  
center sample:  Person27_plasma_youth_NEG 
Processing: Person12_plasma_youth_NEG  Person19_plasma_elder_NEG  Person21_plasma_youth_NEG  Person11_plasma_youth_NEG  
center sample:  Person27_plasma_youth_NEG 
Processing: Person12_plasma_youth_NEG  Person19_plasma_elder_NEG  Person21_plasma_youth_NEG  Person11_plasma_youth_NEG  
center sample:  Person27_plasma_youth_NEG 
Processing: Person12_plasma_youth_NEG  Person19_plasma_elder_NEG  Person21_plasma_youth_NEG  Person11_plasma_youth_NEG  
center sample:  Person27_plasma_youth_NEG 
Processing: Person12_plasma_youth_NEG  Person19_plasma_elder_NEG  Person21_plasma_youth_NEG  Person11_plasma_youth_NEG  
center sample:  Person27_plasma_youth_NEG 
Processing: Person12_plasma_youth_NEG  Person19_plasma_elder_NEG  Person21_plasma_youth_NEG  Person11_plasma_youth_NEG  
center sample:  Person27_plasma_youth_NEG 
Processing: Person12_plasma_youth_NEG  Person19_plasma_elder_NEG  Person21_plasma_youth_NEG  Person11_plasma_youth_NEG  
center sample:  Person27_plasma_youth_NEG 
Processing: Person12_plasma_youth_NEG  Person19_plasma_elder_NEG  Person21_plasma_youth_NEG  Person11_plasma_youth_NEG  
center sample:  Person27_plasma_youth_NEG 
Processing: Person12_plasma_youth_NEG  Person19_plasma_elder_NEG  Person21_plasma_youth_NEG  Person11_plasma_youth_NEG  
center sample:  Person27_plasma_youth_NEG 
Processing: Person12_plasma_youth_NEG  Person19_plasma_elder_NEG  Person21_plasma_youth_NEG  Person11_plasma_youth_NEG  
m: c(5.75, 20.75)
mzdiff: c(0.0034, 0.0122)
noise: c(500, 995)
value_of_prefilter: c(277.25, 673.25)
snthresh: 10
prefilter: 3
mzCenterFun: wMean
integrate: 2
fitgauss: FALSE
verbose.columns: TRUE

1
Detecting mass traces at 5.75 ppm ... OK
Detecting chromatographic peaks in 13841 regions of interest ... OK: 5760 found.
2
Detecting mass traces at 5.75 ppm ... OK
Detecting chromatographic peaks in 9359 regions of interest ... OK: 948 found.
3
Detecting mass traces at 5.75 ppm ... OK
Detecting chromatographic peaks in 13841 regions of interest ... OK: 5811 found.
4
Detecting mass traces at 5.75 ppm ... OK
Detecting chromatographic peaks in 9359 regions of interest ... OK: 3780 found.
5
Detecting mass traces at 20.75 ppm ... OK
Detecting chromatographic peaks in 17271 regions of interest ... OK: 7367 found.
6
Detecting mass traces at 20.75 ppm ... OK
Detecting chromatographic peaks in 13908 regions of interest ... OK: 1496 found.
7
Detecting mass traces at 20.75 ppm ... OK
Detecting chromatographic peaks in 17271 regions of interest ... OK: 7373 found.
8
Detecting mass traces at 20.75 ppm ... OK
Detecting chromatographic peaks in 13908 regions of interest ... OK: 5392 found.
9
Detecting mass traces at 5.75 ppm ... OK
Detecting chromatographic peaks in 13841 regions of interest ... OK: 4685 found.
10
Detecting mass traces at 5.75 ppm ... OK
Detecting chromatographic peaks in 9359 regions of interest ... OK: 892 found.
11
Detecting mass traces at 5.75 ppm ... OK
Detecting chromatographic peaks in 13841 regions of interest ... OK: 4720 found.
12
Detecting mass traces at 5.75 ppm ... OK
Detecting chromatographic peaks in 9359 regions of interest ... OK: 3179 found.
13
Detecting mass traces at 20.75 ppm ... OK
Detecting chromatographic peaks in 17271 regions of interest ... OK: 5851 found.
14
Detecting mass traces at 20.75 ppm ... OK
Detecting chromatographic peaks in 13908 regions of interest ... OK: 1348 found.
15
Detecting mass traces at 20.75 ppm ... OK
Detecting chromatographic peaks in 17271 regions of interest ... OK: 5859 found.
16
Detecting mass traces at 20.75 ppm ... OK
Detecting chromatographic peaks in 13908 regions of interest ... OK: 4300 found.
17
Detecting mass traces at 5.75 ppm ... OK
Detecting chromatographic peaks in 9406 regions of interest ... OK: 4582 found.
18
Detecting mass traces at 5.75 ppm ... OK
Detecting chromatographic peaks in 6361 regions of interest ... OK: 747 found.
19
Detecting mass traces at 5.75 ppm ... OK
Detecting chromatographic peaks in 9406 regions of interest ... OK: 4626 found.
20
Detecting mass traces at 5.75 ppm ... OK
Detecting chromatographic peaks in 6361 regions of interest ... OK: 2993 found.
21
Detecting mass traces at 20.75 ppm ... OK
Detecting chromatographic peaks in 11852 regions of interest ... OK: 6017 found.
22
Detecting mass traces at 20.75 ppm ... OK
Detecting chromatographic peaks in 9616 regions of interest ... OK: 1112 found.
23
Detecting mass traces at 20.75 ppm ... OK
Detecting chromatographic peaks in 11852 regions of interest ... OK: 6053 found.
24
Detecting mass traces at 20.75 ppm ... OK
Detecting chromatographic peaks in 9616 regions of interest ... OK: 4514 found.
25
Detecting mass traces at 5.75 ppm ... OK
Detecting chromatographic peaks in 9406 regions of interest ... OK: 3782 found.
26
Detecting mass traces at 5.75 ppm ... OK
Detecting chromatographic peaks in 6361 regions of interest ... OK: 709 found.
27
Detecting mass traces at 5.75 ppm ... OK
Detecting chromatographic peaks in 9406 regions of interest ... OK: 3817 found.
28
Detecting mass traces at 5.75 ppm ... OK
Detecting chromatographic peaks in 6361 regions of interest ... OK: 2561 found.
29
Detecting mass traces at 20.75 ppm ... OK
Detecting chromatographic peaks in 11852 regions of interest ... OK: 4777 found.
30
Detecting mass traces at 20.75 ppm ... OK
Detecting chromatographic peaks in 9616 regions of interest ... OK: 1028 found.
31
Detecting mass traces at 20.75 ppm ... OK
Detecting chromatographic peaks in 11852 regions of interest ... OK: 4807 found.
32
Detecting mass traces at 20.75 ppm ... OK
Detecting chromatographic peaks in 9616 regions of interest ... OK: 3594 found.
33
Detecting mass traces at 5.75 ppm ... OK
Detecting chromatographic peaks in 13093 regions of interest ... OK: 5673 found.
34
Detecting mass traces at 5.75 ppm ... OK
Detecting chromatographic peaks in 9181 regions of interest ... OK: 948 found.
35
Detecting mass traces at 5.75 ppm ... OK
Detecting chromatographic peaks in 13093 regions of interest ... OK: 5720 found.
36
Detecting mass traces at 5.75 ppm ... OK
Detecting chromatographic peaks in 9181 regions of interest ... OK: 3774 found.
37
Detecting mass traces at 20.75 ppm ... OK
Detecting chromatographic peaks in 16210 regions of interest ... OK: 7259 found.
38
Detecting mass traces at 20.75 ppm ... OK
Detecting chromatographic peaks in 13586 regions of interest ... OK: 1496 found.
39
Detecting mass traces at 20.75 ppm ... OK
Detecting chromatographic peaks in 16210 regions of interest ... OK: 7262 found.
40
Detecting mass traces at 20.75 ppm ... OK
Detecting chromatographic peaks in 13586 regions of interest ... OK: 5365 found.
41
Detecting mass traces at 5.75 ppm ... OK
Detecting chromatographic peaks in 13093 regions of interest ... OK: 4617 found.
42
Detecting mass traces at 5.75 ppm ... OK
Detecting chromatographic peaks in 9181 regions of interest ... OK: 892 found.
43
Detecting mass traces at 5.75 ppm ... OK
Detecting chromatographic peaks in 13093 regions of interest ... OK: 4648 found.
44
Detecting mass traces at 5.75 ppm ... OK
Detecting chromatographic peaks in 9181 regions of interest ... OK: 3175 found.
45
Detecting mass traces at 20.75 ppm ... OK
Detecting chromatographic peaks in 16210 regions of interest ... OK: 5762 found.
46
Detecting mass traces at 20.75 ppm ... OK
Detecting chromatographic peaks in 13586 regions of interest ... OK: 1348 found.
47
Detecting mass traces at 20.75 ppm ... OK
Detecting chromatographic peaks in 16210 regions of interest ... OK: 5770 found.
48
Detecting mass traces at 20.75 ppm ... OK
Detecting chromatographic peaks in 13586 regions of interest ... OK: 4279 found.
49
Detecting mass traces at 5.75 ppm ... OK
Detecting chromatographic peaks in 9406 regions of interest ... OK: 4582 found.
50
Detecting mass traces at 5.75 ppm ... OK
Detecting chromatographic peaks in 6361 regions of interest ... OK: 747 found.
51
Detecting mass traces at 5.75 ppm ... OK
Detecting chromatographic peaks in 9406 regions of interest ... OK: 4626 found.
52
Detecting mass traces at 5.75 ppm ... OK
Detecting chromatographic peaks in 6361 regions of interest ... OK: 2993 found.
53
Detecting mass traces at 20.75 ppm ... OK
Detecting chromatographic peaks in 11852 regions of interest ... OK: 6017 found.
54
Detecting mass traces at 20.75 ppm ... OK
Detecting chromatographic peaks in 9616 regions of interest ... OK: 1112 found.
55
Detecting mass traces at 20.75 ppm ... OK
Detecting chromatographic peaks in 11852 regions of interest ... OK: 6053 found.
56
Detecting mass traces at 20.75 ppm ... OK
Detecting chromatographic peaks in 9616 regions of interest ... OK: 4514 found.
57
Detecting mass traces at 5.75 ppm ... OK
Detecting chromatographic peaks in 9406 regions of interest ... OK: 3782 found.
58
Detecting mass traces at 5.75 ppm ... OK
Detecting chromatographic peaks in 6361 regions of interest ... OK: 709 found.
59
Detecting mass traces at 5.75 ppm ... OK
Detecting chromatographic peaks in 9406 regions of interest ... OK: 3817 found.
60
Detecting mass traces at 5.75 ppm ... OK
Detecting chromatographic peaks in 6361 regions of interest ... OK: 2561 found.
61
Detecting mass traces at 20.75 ppm ... OK
Detecting chromatographic peaks in 11852 regions of interest ... OK: 4777 found.
62
Detecting mass traces at 20.75 ppm ... OK
Detecting chromatographic peaks in 9616 regions of interest ... OK: 1028 found.
63
Detecting mass traces at 20.75 ppm ... OK
Detecting chromatographic peaks in 11852 regions of interest ... OK: 4807 found.
64
Detecting mass traces at 20.75 ppm ... OK
Detecting chromatographic peaks in 9616 regions of interest ... OK: 3594 found.
65
Detecting mass traces at 13.25 ppm ... OK
Detecting chromatographic peaks in 14394 regions of interest ... OK: 5588 found.
66
Detecting mass traces at 13.25 ppm ... OK
Detecting chromatographic peaks in 14394 regions of interest ... OK: 5632 found.
67
Detecting mass traces at 13.25 ppm ... OK
Detecting chromatographic peaks in 11238 regions of interest ... OK: 4059 found.
68
Detecting mass traces at 13.25 ppm ... OK
Detecting chromatographic peaks in 14394 regions of interest ... OK: 5548 found.
69
Detecting mass traces at 13.25 ppm ... OK
Detecting chromatographic peaks in 14394 regions of interest ... OK: 5620 found.
70
Detecting mass traces at 5.75 ppm ... OK
Detecting chromatographic peaks in 11121 regions of interest ... OK: 4434 found.
71
Detecting mass traces at 20.75 ppm ... OK
Detecting chromatographic peaks in 14008 regions of interest ... OK: 5702 found.
72
Detecting mass traces at 13.25 ppm ... OK
Detecting chromatographic peaks in 14394 regions of interest ... OK: 6532 found.
73
Detecting mass traces at 13.25 ppm ... OK
Detecting chromatographic peaks in 14394 regions of interest ... OK: 5082 found.
74
Detecting mass traces at 13.25 ppm ... OK
Detecting chromatographic peaks in 17811 regions of interest ... OK: 6205 found.
75
Detecting mass traces at 13.25 ppm ... OK
Detecting chromatographic peaks in 12229 regions of interest ... OK: 5089 found.
76
Detecting mass traces at 13.25 ppm ... OK
Detecting chromatographic peaks in 14394 regions of interest ... OK: 5588 found.
77
Detecting mass traces at 13.25 ppm ... OK
Detecting chromatographic peaks in 14394 regions of interest ... OK: 5588 found.
78
Detecting mass traces at 13.25 ppm ... OK
Detecting chromatographic peaks in 14394 regions of interest ... OK: 5588 found.
Detecting mass traces at 14.75 ppm ... OK
Detecting chromatographic peaks in 14144 regions of interest ... OK: 5277 found.
no increase, stopping
best parameter settings:
min_peakwidth: 35.2
max_peakwidth: 95
ppm: 14.75
mzdiff: 0.01044
noise: 772.25
value_of_prefilter: 673.25
snthresh: 10
prefilter: 3
mzCenterFun: wMean
integrate: 2
fitgauss: FALSE
verbose.columns: TRUE

There were 50 or more warnings (use warnings() to see the first 50)
Detecting mass traces at 14.75 ppm ... OK
Detecting chromatographic peaks in 11553 regions of interest ... OK: 4128 found.
Detecting mass traces at 14.75 ppm ... OK
Detecting chromatographic peaks in 11588 regions of interest ... OK: 4178 found.
Detecting mass traces at 14.75 ppm ... OK
Detecting chromatographic peaks in 10230 regions of interest ... OK: 3735 found.
Detecting mass traces at 14.75 ppm ... OK
Detecting chromatographic peaks in 11497 regions of interest ... OK: 4099 found.
Detecting mass traces at 14.75 ppm ... OK
Detecting chromatographic peaks in 12358 regions of interest ... OK: 4777 found.
Warning messages:
1: In .local(object, ...) :
  It looks like this file is in profile mode. centWave can process only centroid mode data !

2: In .local(object, ...) :
  It looks like this file is in profile mode. centWave can process only centroid mode data !

3: In .local(object, ...) :
  It looks like this file is in profile mode. centWave can process only centroid mode data !

4: In .local(object, ...) :
  It looks like this file is in profile mode. centWave can process only centroid mode data !

5: In .local(object, ...) :
  It looks like this file is in profile mode. centWave can process only centroid mode data !




starting new DoE with:

distFunc: cor_opt
gapInit: c(0, 0.4)
gapExtend: c(2.1, 2.7)
profStep: c(0.7, 1)
plottype: none
response: 1
factorDiag: 2
factorGap: 1
localAlignment: 0
retcorMethod: obiwarp
bw: c(22, 38)
minfrac: 0.05
mzwid: c(0.015, 0.035)
minsamp: 1
max: 50
center: 5

Create profile matrix with method 'bin' and step 0.7 ... OK
Create profile matrix with method 'bin' and step 0.7 ... OK
Create profile matrix with method 'bin' and step 0.7 ... OK
Create profile matrix with method 'bin' and step 0.7 ... OK
Create profile matrix with method 'bin' and step 0.7 ... OK
Create profile matrix with method 'bin' and step 0.7 ... OK
Create profile matrix with method 'bin' and step 0.7 ... OK
Create profile matrix with method 'bin' and step 0.7 ... OK
Processing 119821 mz slices ... OK
Create profile matrix with method 'bin' and step 0.7 ... OK
Create profile matrix with method 'bin' and step 0.7 ... OK
Create profile matrix with method 'bin' and step 0.7 ... OK
Create profile matrix with method 'bin' and step 0.7 ... OK
Create profile matrix with method 'bin' and step 0.7 ... OK
Create profile matrix with method 'bin' and step 0.7 ... OK
Create profile matrix with method 'bin' and step 0.7 ... OK
Create profile matrix with method 'bin' and step 0.7 ... OK
Processing 119821 mz slices ... OK
Create profile matrix with method 'bin' and step 0.7 ... OK
Create profile matrix with method 'bin' and step 0.7 ... OK
Create profile matrix with method 'bin' and step 0.7 ... OK
Create profile matrix with method 'bin' and step 0.7 ... OK
Create profile matrix with method 'bin' and step 0.7 ... OK
Create profile matrix with method 'bin' and step 0.7 ... OK
Create profile matrix with method 'bin' and step 0.7 ... OK
Create profile matrix with method 'bin' and step 0.7 ... OK
Processing 119821 mz slices ... OK
Create profile matrix with method 'bin' and step 0.7 ... OK
Create profile matrix with method 'bin' and step 0.7 ... OK
Create profile matrix with method 'bin' and step 0.7 ... OK
Create profile matrix with method 'bin' and step 0.7 ... OK
Create profile matrix with method 'bin' and step 0.7 ... OK
Create profile matrix with method 'bin' and step 0.7 ... OK
Create profile matrix with method 'bin' and step 0.7 ... OK
Create profile matrix with method 'bin' and step 0.7 ... OK
Processing 119821 mz slices ... OK
Create profile matrix with method 'bin' and step 1 ... OK
Create profile matrix with method 'bin' and step 1 ... OK
Create profile matrix with method 'bin' and step 1 ... OK
Create profile matrix with method 'bin' and step 1 ... OK
Create profile matrix with method 'bin' and step 1 ... OK
Processing 119821 mz slices ... OK
Create profile matrix with method 'bin' and step 1 ... OK
Create profile matrix with method 'bin' and step 1 ... OK
Create profile matrix with method 'bin' and step 1 ... OK
Create profile matrix with method 'bin' and step 1 ... OK
Create profile matrix with method 'bin' and step 1 ... OK
Processing 119821 mz slices ... OK
Create profile matrix with method 'bin' and step 1 ... OK
Create profile matrix with method 'bin' and step 1 ... OK
Create profile matrix with method 'bin' and step 1 ... OK
Create profile matrix with method 'bin' and step 1 ... OK
Create profile matrix with method 'bin' and step 1 ... OK
Processing 119821 mz slices ... OK
Create profile matrix with method 'bin' and step 1 ... OK
Create profile matrix with method 'bin' and step 1 ... OK
Create profile matrix with method 'bin' and step 1 ... OK
Create profile matrix with method 'bin' and step 1 ... OK
Create profile matrix with method 'bin' and step 1 ... OK
Processing 119821 mz slices ... OK
Create profile matrix with method 'bin' and step 0.7 ... OK
Create profile matrix with method 'bin' and step 0.7 ... OK
Create profile matrix with method 'bin' and step 0.7 ... OK
Create profile matrix with method 'bin' and step 0.7 ... OK
Create profile matrix with method 'bin' and step 0.7 ... OK
Create profile matrix with method 'bin' and step 0.7 ... OK
Create profile matrix with method 'bin' and step 0.7 ... OK
Create profile matrix with method 'bin' and step 0.7 ... OK
Processing 119821 mz slices ... OK
Create profile matrix with method 'bin' and step 0.7 ... OK
Create profile matrix with method 'bin' and step 0.7 ... OK
Create profile matrix with method 'bin' and step 0.7 ... OK
Create profile matrix with method 'bin' and step 0.7 ... OK
Create profile matrix with method 'bin' and step 0.7 ... OK
Create profile matrix with method 'bin' and step 0.7 ... OK
Create profile matrix with method 'bin' and step 0.7 ... OK
Create profile matrix with method 'bin' and step 0.7 ... OK
Processing 119821 mz slices ... OK
Create profile matrix with method 'bin' and step 0.7 ... OK
Create profile matrix with method 'bin' and step 0.7 ... OK
Create profile matrix with method 'bin' and step 0.7 ... OK
Create profile matrix with method 'bin' and step 0.7 ... OK
Create profile matrix with method 'bin' and step 0.7 ... OK
Create profile matrix with method 'bin' and step 0.7 ... OK
Create profile matrix with method 'bin' and step 0.7 ... OK
Create profile matrix with method 'bin' and step 0.7 ... OK
Processing 119821 mz slices ... OK
Create profile matrix with method 'bin' and step 0.7 ... OK
Create profile matrix with method 'bin' and step 0.7 ... OK
Create profile matrix with method 'bin' and step 0.7 ... OK
Create profile matrix with method 'bin' and step 0.7 ... OK
Create profile matrix with method 'bin' and step 0.7 ... OK
Create profile matrix with method 'bin' and step 0.7 ... OK
Create profile matrix with method 'bin' and step 0.7 ... OK
Create profile matrix with method 'bin' and step 0.7 ... OK
Processing 119821 mz slices ... OK
Create profile matrix with method 'bin' and step 1 ... OK
Create profile matrix with method 'bin' and step 1 ... OK
Create profile matrix with method 'bin' and step 1 ... OK
Create profile matrix with method 'bin' and step 1 ... OK
Create profile matrix with method 'bin' and step 1 ... OK
Processing 119821 mz slices ... OK
Create profile matrix with method 'bin' and step 1 ... OK
Create profile matrix with method 'bin' and step 1 ... OK
Create profile matrix with method 'bin' and step 1 ... OK
Create profile matrix with method 'bin' and step 1 ... OK
Create profile matrix with method 'bin' and step 1 ... OK
Processing 119821 mz slices ... OK
Create profile matrix with method 'bin' and step 1 ... OK
Create profile matrix with method 'bin' and step 1 ... OK
Create profile matrix with method 'bin' and step 1 ... OK
Create profile matrix with method 'bin' and step 1 ... OK
Create profile matrix with method 'bin' and step 1 ... OK
Processing 119821 mz slices ... OK
Create profile matrix with method 'bin' and step 1 ... OK
Create profile matrix with method 'bin' and step 1 ... OK
Create profile matrix with method 'bin' and step 1 ... OK
Create profile matrix with method 'bin' and step 1 ... OK
Create profile matrix with method 'bin' and step 1 ... OK
Processing 119821 mz slices ... OK
Create profile matrix with method 'bin' and step 0.7 ... OK
Create profile matrix with method 'bin' and step 0.7 ... OK
Create profile matrix with method 'bin' and step 0.7 ... OK
Create profile matrix with method 'bin' and step 0.7 ... OK
Create profile matrix with method 'bin' and step 0.7 ... OK
Create profile matrix with method 'bin' and step 0.7 ... OK
Create profile matrix with method 'bin' and step 0.7 ... OK
Create profile matrix with method 'bin' and step 0.7 ... OK
Processing 51353 mz slices ... OK
Create profile matrix with method 'bin' and step 0.7 ... OK
Create profile matrix with method 'bin' and step 0.7 ... OK
Create profile matrix with method 'bin' and step 0.7 ... OK
Create profile matrix with method 'bin' and step 0.7 ... OK
Create profile matrix with method 'bin' and step 0.7 ... OK
Create profile matrix with method 'bin' and step 0.7 ... OK
Create profile matrix with method 'bin' and step 0.7 ... OK
Create profile matrix with method 'bin' and step 0.7 ... OK
Processing 51353 mz slices ... OK
Create profile matrix with method 'bin' and step 0.7 ... OK
Create profile matrix with method 'bin' and step 0.7 ... OK
Create profile matrix with method 'bin' and step 0.7 ... OK
Create profile matrix with method 'bin' and step 0.7 ... OK
Create profile matrix with method 'bin' and step 0.7 ... OK
Create profile matrix with method 'bin' and step 0.7 ... OK
Create profile matrix with method 'bin' and step 0.7 ... OK
Create profile matrix with method 'bin' and step 0.7 ... OK
Processing 51353 mz slices ... OK
Create profile matrix with method 'bin' and step 0.7 ... OK
Create profile matrix with method 'bin' and step 0.7 ... OK
Create profile matrix with method 'bin' and step 0.7 ... OK
Create profile matrix with method 'bin' and step 0.7 ... OK
Create profile matrix with method 'bin' and step 0.7 ... OK
Create profile matrix with method 'bin' and step 0.7 ... OK
Create profile matrix with method 'bin' and step 0.7 ... OK
Create profile matrix with method 'bin' and step 0.7 ... OK
Processing 51353 mz slices ... OK
Create profile matrix with method 'bin' and step 1 ... OK
Create profile matrix with method 'bin' and step 1 ... OK
Create profile matrix with method 'bin' and step 1 ... OK
Create profile matrix with method 'bin' and step 1 ... OK
Create profile matrix with method 'bin' and step 1 ... OK
Processing 51353 mz slices ... OK
Create profile matrix with method 'bin' and step 1 ... OK
Create profile matrix with method 'bin' and step 1 ... OK
Create profile matrix with method 'bin' and step 1 ... OK
Create profile matrix with method 'bin' and step 1 ... OK
Create profile matrix with method 'bin' and step 1 ... OK
Processing 51353 mz slices ... OK
Create profile matrix with method 'bin' and step 1 ... OK
Create profile matrix with method 'bin' and step 1 ... OK
Create profile matrix with method 'bin' and step 1 ... OK
Create profile matrix with method 'bin' and step 1 ... OK
Create profile matrix with method 'bin' and step 1 ... OK
Processing 51353 mz slices ... OK
Create profile matrix with method 'bin' and step 1 ... OK
Create profile matrix with method 'bin' and step 1 ... OK
Create profile matrix with method 'bin' and step 1 ... OK
Create profile matrix with method 'bin' and step 1 ... OK
Create profile matrix with method 'bin' and step 1 ... OK
Processing 51353 mz slices ... OK
Create profile matrix with method 'bin' and step 0.7 ... OK
Create profile matrix with method 'bin' and step 0.7 ... OK
Create profile matrix with method 'bin' and step 0.7 ... OK
Create profile matrix with method 'bin' and step 0.7 ... OK
Create profile matrix with method 'bin' and step 0.7 ... OK
Create profile matrix with method 'bin' and step 0.7 ... OK
Create profile matrix with method 'bin' and step 0.7 ... OK
Create profile matrix with method 'bin' and step 0.7 ... OK
Processing 51353 mz slices ... OK
Create profile matrix with method 'bin' and step 0.7 ... OK
Create profile matrix with method 'bin' and step 0.7 ... OK
Create profile matrix with method 'bin' and step 0.7 ... OK
Create profile matrix with method 'bin' and step 0.7 ... OK
Create profile matrix with method 'bin' and step 0.7 ... OK
Create profile matrix with method 'bin' and step 0.7 ... OK
Create profile matrix with method 'bin' and step 0.7 ... OK
Create profile matrix with method 'bin' and step 0.7 ... OK
Processing 51353 mz slices ... OK
Create profile matrix with method 'bin' and step 0.7 ... OK
Create profile matrix with method 'bin' and step 0.7 ... OK
Create profile matrix with method 'bin' and step 0.7 ... OK
Create profile matrix with method 'bin' and step 0.7 ... OK
Create profile matrix with method 'bin' and step 0.7 ... OK
Create profile matrix with method 'bin' and step 0.7 ... OK
Create profile matrix with method 'bin' and step 0.7 ... OK
Create profile matrix with method 'bin' and step 0.7 ... OK
Processing 51353 mz slices ... OK
Create profile matrix with method 'bin' and step 0.7 ... OK
Create profile matrix with method 'bin' and step 0.7 ... OK
Create profile matrix with method 'bin' and step 0.7 ... OK
Create profile matrix with method 'bin' and step 0.7 ... OK
Create profile matrix with method 'bin' and step 0.7 ... OK
Create profile matrix with method 'bin' and step 0.7 ... OK
Create profile matrix with method 'bin' and step 0.7 ... OK
Create profile matrix with method 'bin' and step 0.7 ... OK
Processing 51353 mz slices ... OK
Create profile matrix with method 'bin' and step 1 ... OK
Create profile matrix with method 'bin' and step 1 ... OK
Create profile matrix with method 'bin' and step 1 ... OK
Create profile matrix with method 'bin' and step 1 ... OK
Create profile matrix with method 'bin' and step 1 ... OK
Processing 51353 mz slices ... OK
Create profile matrix with method 'bin' and step 1 ... OK
Create profile matrix with method 'bin' and step 1 ... OK
Create profile matrix with method 'bin' and step 1 ... OK
Create profile matrix with method 'bin' and step 1 ... OK
Create profile matrix with method 'bin' and step 1 ... OK
Processing 51353 mz slices ... OK
Create profile matrix with method 'bin' and step 1 ... OK
Create profile matrix with method 'bin' and step 1 ... OK
Create profile matrix with method 'bin' and step 1 ... OK
Create profile matrix with method 'bin' and step 1 ... OK
Create profile matrix with method 'bin' and step 1 ... OK
Processing 51353 mz slices ... OK
Create profile matrix with method 'bin' and step 1 ... OK
Create profile matrix with method 'bin' and step 1 ... OK
Create profile matrix with method 'bin' and step 1 ... OK
Create profile matrix with method 'bin' and step 1 ... OK
Create profile matrix with method 'bin' and step 1 ... OK
Processing 51353 mz slices ... OK
Create profile matrix with method 'bin' and step 0.85 ... OK
Create profile matrix with method 'bin' and step 0.85 ... OK
Create profile matrix with method 'bin' and step 0.85 ... OK
Create profile matrix with method 'bin' and step 0.85 ... OK
Create profile matrix with method 'bin' and step 0.85 ... OK
Create profile matrix with method 'bin' and step 0.85 ... OK
Create profile matrix with method 'bin' and step 0.85 ... OK
Create profile matrix with method 'bin' and step 0.85 ... OK
Processing 71893 mz slices ... OK
Create profile matrix with method 'bin' and step 0.85 ... OK
Create profile matrix with method 'bin' and step 0.85 ... OK
Create profile matrix with method 'bin' and step 0.85 ... OK
Create profile matrix with method 'bin' and step 0.85 ... OK
Create profile matrix with method 'bin' and step 0.85 ... OK
Create profile matrix with method 'bin' and step 0.85 ... OK
Create profile matrix with method 'bin' and step 0.85 ... OK
Create profile matrix with method 'bin' and step 0.85 ... OK
Processing 71893 mz slices ... OK
Create profile matrix with method 'bin' and step 0.85 ... OK
Create profile matrix with method 'bin' and step 0.85 ... OK
Create profile matrix with method 'bin' and step 0.85 ... OK
Create profile matrix with method 'bin' and step 0.85 ... OK
Create profile matrix with method 'bin' and step 0.85 ... OK
Create profile matrix with method 'bin' and step 0.85 ... OK
Create profile matrix with method 'bin' and step 0.85 ... OK
Create profile matrix with method 'bin' and step 0.85 ... OK
Processing 71893 mz slices ... OK
Create profile matrix with method 'bin' and step 0.85 ... OK
Create profile matrix with method 'bin' and step 0.85 ... OK
Create profile matrix with method 'bin' and step 0.85 ... OK
Create profile matrix with method 'bin' and step 0.85 ... OK
Create profile matrix with method 'bin' and step 0.85 ... OK
Create profile matrix with method 'bin' and step 0.85 ... OK
Create profile matrix with method 'bin' and step 0.85 ... OK
Create profile matrix with method 'bin' and step 0.85 ... OK
Processing 71893 mz slices ... OK
Create profile matrix with method 'bin' and step 0.85 ... OK
Create profile matrix with method 'bin' and step 0.85 ... OK
Create profile matrix with method 'bin' and step 0.85 ... OK
Create profile matrix with method 'bin' and step 0.85 ... OK
Create profile matrix with method 'bin' and step 0.85 ... OK
Create profile matrix with method 'bin' and step 0.85 ... OK
Create profile matrix with method 'bin' and step 0.85 ... OK
Create profile matrix with method 'bin' and step 0.85 ... OK
Processing 71893 mz slices ... OK
Create profile matrix with method 'bin' and step 0.7 ... OK
Create profile matrix with method 'bin' and step 0.7 ... OK
Create profile matrix with method 'bin' and step 0.7 ... OK
Create profile matrix with method 'bin' and step 0.7 ... OK
Create profile matrix with method 'bin' and step 0.7 ... OK
Create profile matrix with method 'bin' and step 0.7 ... OK
Create profile matrix with method 'bin' and step 0.7 ... OK
Create profile matrix with method 'bin' and step 0.7 ... OK
Processing 71893 mz slices ... OK
Create profile matrix with method 'bin' and step 1 ... OK
Create profile matrix with method 'bin' and step 1 ... OK
Create profile matrix with method 'bin' and step 1 ... OK
Create profile matrix with method 'bin' and step 1 ... OK
Create profile matrix with method 'bin' and step 1 ... OK
Processing 71893 mz slices ... OK
Create profile matrix with method 'bin' and step 0.85 ... OK
Create profile matrix with method 'bin' and step 0.85 ... OK
Create profile matrix with method 'bin' and step 0.85 ... OK
Create profile matrix with method 'bin' and step 0.85 ... OK
Create profile matrix with method 'bin' and step 0.85 ... OK
Create profile matrix with method 'bin' and step 0.85 ... OK
Create profile matrix with method 'bin' and step 0.85 ... OK
Create profile matrix with method 'bin' and step 0.85 ... OK
Processing 71893 mz slices ... OK
Create profile matrix with method 'bin' and step 0.85 ... OK
Create profile matrix with method 'bin' and step 0.85 ... OK
Create profile matrix with method 'bin' and step 0.85 ... OK
Create profile matrix with method 'bin' and step 0.85 ... OK
Create profile matrix with method 'bin' and step 0.85 ... OK
Create profile matrix with method 'bin' and step 0.85 ... OK
Create profile matrix with method 'bin' and step 0.85 ... OK
Create profile matrix with method 'bin' and step 0.85 ... OK
Processing 71893 mz slices ... OK
Create profile matrix with method 'bin' and step 0.85 ... OK
Create profile matrix with method 'bin' and step 0.85 ... OK
Create profile matrix with method 'bin' and step 0.85 ... OK
Create profile matrix with method 'bin' and step 0.85 ... OK
Create profile matrix with method 'bin' and step 0.85 ... OK
Create profile matrix with method 'bin' and step 0.85 ... OK
Create profile matrix with method 'bin' and step 0.85 ... OK
Create profile matrix with method 'bin' and step 0.85 ... OK
Processing 119821 mz slices ... OK
Create profile matrix with method 'bin' and step 0.85 ... OK
Create profile matrix with method 'bin' and step 0.85 ... OK
Create profile matrix with method 'bin' and step 0.85 ... OK
Create profile matrix with method 'bin' and step 0.85 ... OK
Create profile matrix with method 'bin' and step 0.85 ... OK
Create profile matrix with method 'bin' and step 0.85 ... OK
Create profile matrix with method 'bin' and step 0.85 ... OK
Create profile matrix with method 'bin' and step 0.85 ... OK
Processing 51353 mz slices ... OK
Create profile matrix with method 'bin' and step 0.85 ... OK
Create profile matrix with method 'bin' and step 0.85 ... OK
Create profile matrix with method 'bin' and step 0.85 ... OK
Create profile matrix with method 'bin' and step 0.85 ... OK
Create profile matrix with method 'bin' and step 0.85 ... OK
Create profile matrix with method 'bin' and step 0.85 ... OK
Create profile matrix with method 'bin' and step 0.85 ... OK
Create profile matrix with method 'bin' and step 0.85 ... OK
Processing 71893 mz slices ... OK
Create profile matrix with method 'bin' and step 0.7 ... OK
Create profile matrix with method 'bin' and step 0.7 ... OK
Create profile matrix with method 'bin' and step 0.7 ... OK
Create profile matrix with method 'bin' and step 0.7 ... OK
Create profile matrix with method 'bin' and step 0.7 ... OK
Create profile matrix with method 'bin' and step 0.7 ... OK
Create profile matrix with method 'bin' and step 0.7 ... OK
Create profile matrix with method 'bin' and step 0.7 ... OK
Processing 119821 mz slices ... OK



starting new DoE with:

gapInit: c(0, 0.4)
gapExtend: c(1.74, 2.46)
profStep: c(0.52, 0.88)
bw: c(12.4, 31.6)
mzwid: c(0.003, 0.027)
distFunc: cor_opt
plottype: none
response: 1
factorDiag: 2
factorGap: 1
localAlignment: 0
retcorMethod: obiwarp
minfrac: 0.05
minsamp: 1
max: 50
center: 5

Create profile matrix with method 'bin' and step 0.52 ... OK
Create profile matrix with method 'bin' and step 0.52 ... OK
Create profile matrix with method 'bin' and step 0.52 ... OK
Create profile matrix with method 'bin' and step 0.52 ... OK
Create profile matrix with method 'bin' and step 0.52 ... OK
Create profile matrix with method 'bin' and step 0.52 ... OK
Create profile matrix with method 'bin' and step 0.52 ... OK
Create profile matrix with method 'bin' and step 0.52 ... OK
Processing 599098 mz slices ... OK
Create profile matrix with method 'bin' and step 0.52 ... OK
Create profile matrix with method 'bin' and step 0.52 ... OK
Create profile matrix with method 'bin' and step 0.52 ... OK
Create profile matrix with method 'bin' and step 0.52 ... OK
Create profile matrix with method 'bin' and step 0.52 ... OK
Create profile matrix with method 'bin' and step 0.52 ... OK
Create profile matrix with method 'bin' and step 0.52 ... OK
Create profile matrix with method 'bin' and step 0.52 ... OK
Processing 599098 mz slices ... OK
Create profile matrix with method 'bin' and step 0.52 ... OK
Create profile matrix with method 'bin' and step 0.52 ... OK
Create profile matrix with method 'bin' and step 0.52 ... OK
Create profile matrix with method 'bin' and step 0.52 ... OK
Create profile matrix with method 'bin' and step 0.52 ... OK
Create profile matrix with method 'bin' and step 0.52 ... OK
Create profile matrix with method 'bin' and step 0.52 ... OK
Create profile matrix with method 'bin' and step 0.52 ... OK
Processing 599098 mz slices ... OK
Create profile matrix with method 'bin' and step 0.52 ... OK
Create profile matrix with method 'bin' and step 0.52 ... OK
Create profile matrix with method 'bin' and step 0.52 ... OK
Create profile matrix with method 'bin' and step 0.52 ... OK
Create profile matrix with method 'bin' and step 0.52 ... OK
Create profile matrix with method 'bin' and step 0.52 ... OK
Create profile matrix with method 'bin' and step 0.52 ... OK
Create profile matrix with method 'bin' and step 0.52 ... OK
Processing 599098 mz slices ... OK
Create profile matrix with method 'bin' and step 0.88 ... OK
Create profile matrix with method 'bin' and step 0.88 ... OK
Create profile matrix with method 'bin' and step 0.88 ... OK
Create profile matrix with method 'bin' and step 0.88 ... OK
Create profile matrix with method 'bin' and step 0.88 ... OK
Create profile matrix with method 'bin' and step 0.88 ... OK
Create profile matrix with method 'bin' and step 0.88 ... OK
Create profile matrix with method 'bin' and step 0.88 ... OK
Processing 599098 mz slices ... OK
Create profile matrix with method 'bin' and step 0.88 ... OK
Create profile matrix with method 'bin' and step 0.88 ... OK
Create profile matrix with method 'bin' and step 0.88 ... OK
Create profile matrix with method 'bin' and step 0.88 ... OK
Create profile matrix with method 'bin' and step 0.88 ... OK
Create profile matrix with method 'bin' and step 0.88 ... OK
Create profile matrix with method 'bin' and step 0.88 ... OK
Create profile matrix with method 'bin' and step 0.88 ... OK
Processing 599098 mz slices ... OK
Create profile matrix with method 'bin' and step 0.88 ... OK
Create profile matrix with method 'bin' and step 0.88 ... OK
Create profile matrix with method 'bin' and step 0.88 ... OK
Create profile matrix with method 'bin' and step 0.88 ... OK
Create profile matrix with method 'bin' and step 0.88 ... OK
Create profile matrix with method 'bin' and step 0.88 ... OK
Create profile matrix with method 'bin' and step 0.88 ... OK
Create profile matrix with method 'bin' and step 0.88 ... OK
Processing 599098 mz slices ... OK
Create profile matrix with method 'bin' and step 0.88 ... OK
Create profile matrix with method 'bin' and step 0.88 ... OK
Create profile matrix with method 'bin' and step 0.88 ... OK
Create profile matrix with method 'bin' and step 0.88 ... OK
Create profile matrix with method 'bin' and step 0.88 ... OK
Create profile matrix with method 'bin' and step 0.88 ... OK
Create profile matrix with method 'bin' and step 0.88 ... OK
Create profile matrix with method 'bin' and step 0.88 ... OK
Processing 599098 mz slices ... OK
Create profile matrix with method 'bin' and step 0.52 ... OK
Create profile matrix with method 'bin' and step 0.52 ... OK
Create profile matrix with method 'bin' and step 0.52 ... OK
Create profile matrix with method 'bin' and step 0.52 ... OK
Create profile matrix with method 'bin' and step 0.52 ... OK
Create profile matrix with method 'bin' and step 0.52 ... OK
Create profile matrix with method 'bin' and step 0.52 ... OK
Create profile matrix with method 'bin' and step 0.52 ... OK
Processing 599098 mz slices ... OK
Create profile matrix with method 'bin' and step 0.52 ... OK
Create profile matrix with method 'bin' and step 0.52 ... OK
Create profile matrix with method 'bin' and step 0.52 ... OK
Create profile matrix with method 'bin' and step 0.52 ... OK
Create profile matrix with method 'bin' and step 0.52 ... OK
Create profile matrix with method 'bin' and step 0.52 ... OK
Create profile matrix with method 'bin' and step 0.52 ... OK
Create profile matrix with method 'bin' and step 0.52 ... OK
Processing 599098 mz slices ... OK
Create profile matrix with method 'bin' and step 0.52 ... OK
Create profile matrix with method 'bin' and step 0.52 ... OK
Create profile matrix with method 'bin' and step 0.52 ... OK
Create profile matrix with method 'bin' and step 0.52 ... OK
Create profile matrix with method 'bin' and step 0.52 ... OK
Create profile matrix with method 'bin' and step 0.52 ... OK
Create profile matrix with method 'bin' and step 0.52 ... OK
Create profile matrix with method 'bin' and step 0.52 ... OK
Processing 599098 mz slices ... OK
Create profile matrix with method 'bin' and step 0.52 ... OK
Create profile matrix with method 'bin' and step 0.52 ... OK
Create profile matrix with method 'bin' and step 0.52 ... OK
Create profile matrix with method 'bin' and step 0.52 ... OK
Create profile matrix with method 'bin' and step 0.52 ... OK
Create profile matrix with method 'bin' and step 0.52 ... OK
Create profile matrix with method 'bin' and step 0.52 ... OK
Create profile matrix with method 'bin' and step 0.52 ... OK
Processing 599098 mz slices ... OK
Create profile matrix with method 'bin' and step 0.88 ... OK
Create profile matrix with method 'bin' and step 0.88 ... OK
Create profile matrix with method 'bin' and step 0.88 ... OK
Create profile matrix with method 'bin' and step 0.88 ... OK
Create profile matrix with method 'bin' and step 0.88 ... OK
Create profile matrix with method 'bin' and step 0.88 ... OK
Create profile matrix with method 'bin' and step 0.88 ... OK
Create profile matrix with method 'bin' and step 0.88 ... OK
Processing 599098 mz slices ... OK
Create profile matrix with method 'bin' and step 0.88 ... OK
Create profile matrix with method 'bin' and step 0.88 ... OK
Create profile matrix with method 'bin' and step 0.88 ... OK
Create profile matrix with method 'bin' and step 0.88 ... OK
Create profile matrix with method 'bin' and step 0.88 ... OK
Create profile matrix with method 'bin' and step 0.88 ... OK
Create profile matrix with method 'bin' and step 0.88 ... OK
Create profile matrix with method 'bin' and step 0.88 ... OK
Processing 599098 mz slices ... OK
Create profile matrix with method 'bin' and step 0.88 ... OK
Create profile matrix with method 'bin' and step 0.88 ... OK
Create profile matrix with method 'bin' and step 0.88 ... OK
Create profile matrix with method 'bin' and step 0.88 ... OK
Create profile matrix with method 'bin' and step 0.88 ... OK
Create profile matrix with method 'bin' and step 0.88 ... OK
Create profile matrix with method 'bin' and step 0.88 ... OK
Create profile matrix with method 'bin' and step 0.88 ... OK
Processing 599098 mz slices ... OK
Create profile matrix with method 'bin' and step 0.88 ... OK
Create profile matrix with method 'bin' and step 0.88 ... OK
Create profile matrix with method 'bin' and step 0.88 ... OK
Create profile matrix with method 'bin' and step 0.88 ... OK
Create profile matrix with method 'bin' and step 0.88 ... OK
Create profile matrix with method 'bin' and step 0.88 ... OK
Create profile matrix with method 'bin' and step 0.88 ... OK
Create profile matrix with method 'bin' and step 0.88 ... OK
Processing 599098 mz slices ... OK
Create profile matrix with method 'bin' and step 0.52 ... OK
Create profile matrix with method 'bin' and step 0.52 ... OK
Create profile matrix with method 'bin' and step 0.52 ... OK
Create profile matrix with method 'bin' and step 0.52 ... OK
Create profile matrix with method 'bin' and step 0.52 ... OK
Create profile matrix with method 'bin' and step 0.52 ... OK
Create profile matrix with method 'bin' and step 0.52 ... OK
Create profile matrix with method 'bin' and step 0.52 ... OK
Processing 66568 mz slices ... OK
Create profile matrix with method 'bin' and step 0.52 ... OK
Create profile matrix with method 'bin' and step 0.52 ... OK
Create profile matrix with method 'bin' and step 0.52 ... OK
Create profile matrix with method 'bin' and step 0.52 ... OK
Create profile matrix with method 'bin' and step 0.52 ... OK
Create profile matrix with method 'bin' and step 0.52 ... OK
Create profile matrix with method 'bin' and step 0.52 ... OK
Create profile matrix with method 'bin' and step 0.52 ... OK
Processing 66568 mz slices ... OK
Create profile matrix with method 'bin' and step 0.52 ... OK
Create profile matrix with method 'bin' and step 0.52 ... OK
Create profile matrix with method 'bin' and step 0.52 ... OK
Create profile matrix with method 'bin' and step 0.52 ... OK
Create profile matrix with method 'bin' and step 0.52 ... OK
Create profile matrix with method 'bin' and step 0.52 ... OK
Create profile matrix with method 'bin' and step 0.52 ... OK
Create profile matrix with method 'bin' and step 0.52 ... OK
Processing 66568 mz slices ... OK
Create profile matrix with method 'bin' and step 0.52 ... OK
Create profile matrix with method 'bin' and step 0.52 ... OK
Create profile matrix with method 'bin' and step 0.52 ... OK
Create profile matrix with method 'bin' and step 0.52 ... OK
Create profile matrix with method 'bin' and step 0.52 ... OK
Create profile matrix with method 'bin' and step 0.52 ... OK
Create profile matrix with method 'bin' and step 0.52 ... OK
Create profile matrix with method 'bin' and step 0.52 ... OK
Processing 66568 mz slices ... OK
Create profile matrix with method 'bin' and step 0.88 ... OK
Create profile matrix with method 'bin' and step 0.88 ... OK
Create profile matrix with method 'bin' and step 0.88 ... OK
Create profile matrix with method 'bin' and step 0.88 ... OK
Create profile matrix with method 'bin' and step 0.88 ... OK
Create profile matrix with method 'bin' and step 0.88 ... OK
Create profile matrix with method 'bin' and step 0.88 ... OK
Create profile matrix with method 'bin' and step 0.88 ... OK
Processing 66568 mz slices ... OK
Create profile matrix with method 'bin' and step 0.88 ... OK
Create profile matrix with method 'bin' and step 0.88 ... OK
Create profile matrix with method 'bin' and step 0.88 ... OK
Create profile matrix with method 'bin' and step 0.88 ... OK
Create profile matrix with method 'bin' and step 0.88 ... OK
Create profile matrix with method 'bin' and step 0.88 ... OK
Create profile matrix with method 'bin' and step 0.88 ... OK
Create profile matrix with method 'bin' and step 0.88 ... OK
Processing 66568 mz slices ... OK
Create profile matrix with method 'bin' and step 0.88 ... OK
Create profile matrix with method 'bin' and step 0.88 ... OK
Create profile matrix with method 'bin' and step 0.88 ... OK
Create profile matrix with method 'bin' and step 0.88 ... OK
Create profile matrix with method 'bin' and step 0.88 ... OK
Create profile matrix with method 'bin' and step 0.88 ... OK
Create profile matrix with method 'bin' and step 0.88 ... OK
Create profile matrix with method 'bin' and step 0.88 ... OK
Processing 66568 mz slices ... OK
Create profile matrix with method 'bin' and step 0.88 ... OK
Create profile matrix with method 'bin' and step 0.88 ... OK
Create profile matrix with method 'bin' and step 0.88 ... OK
Create profile matrix with method 'bin' and step 0.88 ... OK
Create profile matrix with method 'bin' and step 0.88 ... OK
Create profile matrix with method 'bin' and step 0.88 ... OK
Create profile matrix with method 'bin' and step 0.88 ... OK
Create profile matrix with method 'bin' and step 0.88 ... OK
Processing 66568 mz slices ... OK
Create profile matrix with method 'bin' and step 0.52 ... OK
Create profile matrix with method 'bin' and step 0.52 ... OK
Create profile matrix with method 'bin' and step 0.52 ... OK
Create profile matrix with method 'bin' and step 0.52 ... OK
Create profile matrix with method 'bin' and step 0.52 ... OK
Create profile matrix with method 'bin' and step 0.52 ... OK
Create profile matrix with method 'bin' and step 0.52 ... OK
Create profile matrix with method 'bin' and step 0.52 ... OK
Processing 66568 mz slices ... OK
Create profile matrix with method 'bin' and step 0.52 ... OK
Create profile matrix with method 'bin' and step 0.52 ... OK
Create profile matrix with method 'bin' and step 0.52 ... OK
Create profile matrix with method 'bin' and step 0.52 ... OK
Create profile matrix with method 'bin' and step 0.52 ... OK
Create profile matrix with method 'bin' and step 0.52 ... OK
Create profile matrix with method 'bin' and step 0.52 ... OK
Create profile matrix with method 'bin' and step 0.52 ... OK
Processing 66568 mz slices ... OK
Create profile matrix with method 'bin' and step 0.52 ... OK
Create profile matrix with method 'bin' and step 0.52 ... OK
Create profile matrix with method 'bin' and step 0.52 ... OK
Create profile matrix with method 'bin' and step 0.52 ... OK
Create profile matrix with method 'bin' and step 0.52 ... OK
Create profile matrix with method 'bin' and step 0.52 ... OK
Create profile matrix with method 'bin' and step 0.52 ... OK
Create profile matrix with method 'bin' and step 0.52 ... OK
Processing 66568 mz slices ... OK
Create profile matrix with method 'bin' and step 0.52 ... OK
Create profile matrix with method 'bin' and step 0.52 ... OK
Create profile matrix with method 'bin' and step 0.52 ... OK
Create profile matrix with method 'bin' and step 0.52 ... OK
Create profile matrix with method 'bin' and step 0.52 ... OK
Create profile matrix with method 'bin' and step 0.52 ... OK
Create profile matrix with method 'bin' and step 0.52 ... OK
Create profile matrix with method 'bin' and step 0.52 ... OK
Processing 66568 mz slices ... OK
Create profile matrix with method 'bin' and step 0.88 ... OK
Create profile matrix with method 'bin' and step 0.88 ... OK
Create profile matrix with method 'bin' and step 0.88 ... OK
Create profile matrix with method 'bin' and step 0.88 ... OK
Create profile matrix with method 'bin' and step 0.88 ... OK
Create profile matrix with method 'bin' and step 0.88 ... OK
Create profile matrix with method 'bin' and step 0.88 ... OK
Create profile matrix with method 'bin' and step 0.88 ... OK
Processing 66568 mz slices ... OK
Create profile matrix with method 'bin' and step 0.88 ... OK
Create profile matrix with method 'bin' and step 0.88 ... OK
Create profile matrix with method 'bin' and step 0.88 ... OK
Create profile matrix with method 'bin' and step 0.88 ... OK
Create profile matrix with method 'bin' and step 0.88 ... OK
Create profile matrix with method 'bin' and step 0.88 ... OK
Create profile matrix with method 'bin' and step 0.88 ... OK
Create profile matrix with method 'bin' and step 0.88 ... OK
Processing 66568 mz slices ... OK
Create profile matrix with method 'bin' and step 0.88 ... OK
Create profile matrix with method 'bin' and step 0.88 ... OK
Create profile matrix with method 'bin' and step 0.88 ... OK
Create profile matrix with method 'bin' and step 0.88 ... OK
Create profile matrix with method 'bin' and step 0.88 ... OK
Create profile matrix with method 'bin' and step 0.88 ... OK
Create profile matrix with method 'bin' and step 0.88 ... OK
Create profile matrix with method 'bin' and step 0.88 ... OK
Processing 66568 mz slices ... OK
Create profile matrix with method 'bin' and step 0.88 ... OK
Create profile matrix with method 'bin' and step 0.88 ... OK
Create profile matrix with method 'bin' and step 0.88 ... OK
Create profile matrix with method 'bin' and step 0.88 ... OK
Create profile matrix with method 'bin' and step 0.88 ... OK
Create profile matrix with method 'bin' and step 0.88 ... OK
Create profile matrix with method 'bin' and step 0.88 ... OK
Create profile matrix with method 'bin' and step 0.88 ... OK
Processing 66568 mz slices ... OK
Create profile matrix with method 'bin' and step 0.7 ... OK
Create profile matrix with method 'bin' and step 0.7 ... OK
Create profile matrix with method 'bin' and step 0.7 ... OK
Create profile matrix with method 'bin' and step 0.7 ... OK
Create profile matrix with method 'bin' and step 0.7 ... OK
Create profile matrix with method 'bin' and step 0.7 ... OK
Create profile matrix with method 'bin' and step 0.7 ... OK
Create profile matrix with method 'bin' and step 0.7 ... OK
Processing 119821 mz slices ... OK
Create profile matrix with method 'bin' and step 0.7 ... OK
Create profile matrix with method 'bin' and step 0.7 ... OK
Create profile matrix with method 'bin' and step 0.7 ... OK
Create profile matrix with method 'bin' and step 0.7 ... OK
Create profile matrix with method 'bin' and step 0.7 ... OK
Create profile matrix with method 'bin' and step 0.7 ... OK
Create profile matrix with method 'bin' and step 0.7 ... OK
Create profile matrix with method 'bin' and step 0.7 ... OK
Processing 119821 mz slices ... OK
Create profile matrix with method 'bin' and step 0.7 ... OK
Create profile matrix with method 'bin' and step 0.7 ... OK
Create profile matrix with method 'bin' and step 0.7 ... OK
Create profile matrix with method 'bin' and step 0.7 ... OK
Create profile matrix with method 'bin' and step 0.7 ... OK
Create profile matrix with method 'bin' and step 0.7 ... OK
Create profile matrix with method 'bin' and step 0.7 ... OK
Create profile matrix with method 'bin' and step 0.7 ... OK
Processing 119821 mz slices ... OK
Create profile matrix with method 'bin' and step 0.7 ... OK
Create profile matrix with method 'bin' and step 0.7 ... OK
Create profile matrix with method 'bin' and step 0.7 ... OK
Create profile matrix with method 'bin' and step 0.7 ... OK
Create profile matrix with method 'bin' and step 0.7 ... OK
Create profile matrix with method 'bin' and step 0.7 ... OK
Create profile matrix with method 'bin' and step 0.7 ... OK
Create profile matrix with method 'bin' and step 0.7 ... OK
Processing 119821 mz slices ... OK
Create profile matrix with method 'bin' and step 0.7 ... OK
Create profile matrix with method 'bin' and step 0.7 ... OK
Create profile matrix with method 'bin' and step 0.7 ... OK
Create profile matrix with method 'bin' and step 0.7 ... OK
Create profile matrix with method 'bin' and step 0.7 ... OK
Create profile matrix with method 'bin' and step 0.7 ... OK
Create profile matrix with method 'bin' and step 0.7 ... OK
Create profile matrix with method 'bin' and step 0.7 ... OK
Processing 119821 mz slices ... OK
Create profile matrix with method 'bin' and step 0.52 ... OK
Create profile matrix with method 'bin' and step 0.52 ... OK
Create profile matrix with method 'bin' and step 0.52 ... OK
Create profile matrix with method 'bin' and step 0.52 ... OK
Create profile matrix with method 'bin' and step 0.52 ... OK
Create profile matrix with method 'bin' and step 0.52 ... OK
Create profile matrix with method 'bin' and step 0.52 ... OK
Create profile matrix with method 'bin' and step 0.52 ... OK
Processing 119821 mz slices ... OK
Create profile matrix with method 'bin' and step 0.88 ... OK
Create profile matrix with method 'bin' and step 0.88 ... OK
Create profile matrix with method 'bin' and step 0.88 ... OK
Create profile matrix with method 'bin' and step 0.88 ... OK
Create profile matrix with method 'bin' and step 0.88 ... OK
Create profile matrix with method 'bin' and step 0.88 ... OK
Create profile matrix with method 'bin' and step 0.88 ... OK
Create profile matrix with method 'bin' and step 0.88 ... OK
Processing 119821 mz slices ... OK
Create profile matrix with method 'bin' and step 0.7 ... OK
Create profile matrix with method 'bin' and step 0.7 ... OK
Create profile matrix with method 'bin' and step 0.7 ... OK
Create profile matrix with method 'bin' and step 0.7 ... OK
Create profile matrix with method 'bin' and step 0.7 ... OK
Create profile matrix with method 'bin' and step 0.7 ... OK
Create profile matrix with method 'bin' and step 0.7 ... OK
Create profile matrix with method 'bin' and step 0.7 ... OK
Processing 119821 mz slices ... OK
Create profile matrix with method 'bin' and step 0.7 ... OK
Create profile matrix with method 'bin' and step 0.7 ... OK
Create profile matrix with method 'bin' and step 0.7 ... OK
Create profile matrix with method 'bin' and step 0.7 ... OK
Create profile matrix with method 'bin' and step 0.7 ... OK
Create profile matrix with method 'bin' and step 0.7 ... OK
Create profile matrix with method 'bin' and step 0.7 ... OK
Create profile matrix with method 'bin' and step 0.7 ... OK
Processing 119821 mz slices ... OK
Create profile matrix with method 'bin' and step 0.7 ... OK
Create profile matrix with method 'bin' and step 0.7 ... OK
Create profile matrix with method 'bin' and step 0.7 ... OK
Create profile matrix with method 'bin' and step 0.7 ... OK
Create profile matrix with method 'bin' and step 0.7 ... OK
Create profile matrix with method 'bin' and step 0.7 ... OK
Create profile matrix with method 'bin' and step 0.7 ... OK
Create profile matrix with method 'bin' and step 0.7 ... OK
Processing 599098 mz slices ... OK
Create profile matrix with method 'bin' and step 0.7 ... OK
Create profile matrix with method 'bin' and step 0.7 ... OK
Create profile matrix with method 'bin' and step 0.7 ... OK
Create profile matrix with method 'bin' and step 0.7 ... OK
Create profile matrix with method 'bin' and step 0.7 ... OK
Create profile matrix with method 'bin' and step 0.7 ... OK
Create profile matrix with method 'bin' and step 0.7 ... OK
Create profile matrix with method 'bin' and step 0.7 ... OK
Processing 66568 mz slices ... OK
Create profile matrix with method 'bin' and step 0.7 ... OK
Create profile matrix with method 'bin' and step 0.7 ... OK
Create profile matrix with method 'bin' and step 0.7 ... OK
Create profile matrix with method 'bin' and step 0.7 ... OK
Create profile matrix with method 'bin' and step 0.7 ... OK
Create profile matrix with method 'bin' and step 0.7 ... OK
Create profile matrix with method 'bin' and step 0.7 ... OK
Create profile matrix with method 'bin' and step 0.7 ... OK
Processing 119821 mz slices ... OK
Create profile matrix with method 'bin' and step 0.88 ... OK
Create profile matrix with method 'bin' and step 0.88 ... OK
Create profile matrix with method 'bin' and step 0.88 ... OK
Create profile matrix with method 'bin' and step 0.88 ... OK
Create profile matrix with method 'bin' and step 0.88 ... OK
Create profile matrix with method 'bin' and step 0.88 ... OK
Create profile matrix with method 'bin' and step 0.88 ... OK
Create profile matrix with method 'bin' and step 0.88 ... OK
Processing 110945 mz slices ... OK
profStep or minfrac greater 1, decreasing to 0.65 and 1



starting new DoE with:

gapInit: c(0.16, 0.64)
gapExtend: c(1.668, 2.532)
profStep: c(0.65, 1)
bw: c(0.879999999999999, 23.92)
mzwid: c(0.0066, 0.0258)
distFunc: cor_opt
plottype: none
response: 1
factorDiag: 2
factorGap: 1
localAlignment: 0
retcorMethod: obiwarp
minfrac: 0.05
minsamp: 1
max: 50
center: 5

Create profile matrix with method 'bin' and step 0.65 ... OK
Create profile matrix with method 'bin' and step 0.65 ... OK
Create profile matrix with method 'bin' and step 0.65 ... OK
Create profile matrix with method 'bin' and step 0.65 ... OK
Create profile matrix with method 'bin' and step 0.65 ... OK
Create profile matrix with method 'bin' and step 0.65 ... OK
Create profile matrix with method 'bin' and step 0.65 ... OK
Create profile matrix with method 'bin' and step 0.65 ... OK
Processing 272318 mz slices ... OK
Create profile matrix with method 'bin' and step 0.65 ... OK
Create profile matrix with method 'bin' and step 0.65 ... OK
Create profile matrix with method 'bin' and step 0.65 ... OK
Create profile matrix with method 'bin' and step 0.65 ... OK
Create profile matrix with method 'bin' and step 0.65 ... OK
Create profile matrix with method 'bin' and step 0.65 ... OK
Create profile matrix with method 'bin' and step 0.65 ... OK
Create profile matrix with method 'bin' and step 0.65 ... OK
Processing 272318 mz slices ... OK
Create profile matrix with method 'bin' and step 0.65 ... OK
Create profile matrix with method 'bin' and step 0.65 ... OK
Create profile matrix with method 'bin' and step 0.65 ... OK
Create profile matrix with method 'bin' and step 0.65 ... OK
Create profile matrix with method 'bin' and step 0.65 ... OK
Create profile matrix with method 'bin' and step 0.65 ... OK
Create profile matrix with method 'bin' and step 0.65 ... OK
Create profile matrix with method 'bin' and step 0.65 ... OK
Processing 272318 mz slices ... OK
Create profile matrix with method 'bin' and step 0.65 ... OK
Create profile matrix with method 'bin' and step 0.65 ... OK
Create profile matrix with method 'bin' and step 0.65 ... OK
Create profile matrix with method 'bin' and step 0.65 ... OK
Create profile matrix with method 'bin' and step 0.65 ... OK
Create profile matrix with method 'bin' and step 0.65 ... OK
Create profile matrix with method 'bin' and step 0.65 ... OK
Create profile matrix with method 'bin' and step 0.65 ... OK
Processing 272318 mz slices ... OK
Create profile matrix with method 'bin' and step 1 ... OK
Create profile matrix with method 'bin' and step 1 ... OK
Create profile matrix with method 'bin' and step 1 ... OK
Create profile matrix with method 'bin' and step 1 ... OK
Create profile matrix with method 'bin' and step 1 ... OK
Processing 272318 mz slices ... OK
Create profile matrix with method 'bin' and step 1 ... OK
Create profile matrix with method 'bin' and step 1 ... OK
Create profile matrix with method 'bin' and step 1 ... OK
Create profile matrix with method 'bin' and step 1 ... OK
Create profile matrix with method 'bin' and step 1 ... OK
Processing 272318 mz slices ... OK
Create profile matrix with method 'bin' and step 1 ... OK
Create profile matrix with method 'bin' and step 1 ... OK
Create profile matrix with method 'bin' and step 1 ... OK
Create profile matrix with method 'bin' and step 1 ... OK
Create profile matrix with method 'bin' and step 1 ... OK
Processing 272318 mz slices ... OK
Create profile matrix with method 'bin' and step 1 ... OK
Create profile matrix with method 'bin' and step 1 ... OK
Create profile matrix with method 'bin' and step 1 ... OK
Create profile matrix with method 'bin' and step 1 ... OK
Create profile matrix with method 'bin' and step 1 ... OK
Processing 272318 mz slices ... OK
Create profile matrix with method 'bin' and step 0.65 ... OK
Create profile matrix with method 'bin' and step 0.65 ... OK
Create profile matrix with method 'bin' and step 0.65 ... OK
Create profile matrix with method 'bin' and step 0.65 ... OK
Create profile matrix with method 'bin' and step 0.65 ... OK
Create profile matrix with method 'bin' and step 0.65 ... OK
Create profile matrix with method 'bin' and step 0.65 ... OK
Create profile matrix with method 'bin' and step 0.65 ... OK
Processing 272318 mz slices ... OK
Create profile matrix with method 'bin' and step 0.65 ... OK
Create profile matrix with method 'bin' and step 0.65 ... OK
Create profile matrix with method 'bin' and step 0.65 ... OK
Create profile matrix with method 'bin' and step 0.65 ... OK
Create profile matrix with method 'bin' and step 0.65 ... OK
Create profile matrix with method 'bin' and step 0.65 ... OK
Create profile matrix with method 'bin' and step 0.65 ... OK
Create profile matrix with method 'bin' and step 0.65 ... OK
Processing 272318 mz slices ... OK
Create profile matrix with method 'bin' and step 0.65 ... OK
Create profile matrix with method 'bin' and step 0.65 ... OK
Create profile matrix with method 'bin' and step 0.65 ... OK
Create profile matrix with method 'bin' and step 0.65 ... OK
Create profile matrix with method 'bin' and step 0.65 ... OK
Create profile matrix with method 'bin' and step 0.65 ... OK
Create profile matrix with method 'bin' and step 0.65 ... OK
Create profile matrix with method 'bin' and step 0.65 ... OK
Processing 272318 mz slices ... OK
Create profile matrix with method 'bin' and step 0.65 ... OK
Create profile matrix with method 'bin' and step 0.65 ... OK
Create profile matrix with method 'bin' and step 0.65 ... OK
Create profile matrix with method 'bin' and step 0.65 ... OK
Create profile matrix with method 'bin' and step 0.65 ... OK
Create profile matrix with method 'bin' and step 0.65 ... OK
Create profile matrix with method 'bin' and step 0.65 ... OK
Create profile matrix with method 'bin' and step 0.65 ... OK
Processing 272318 mz slices ... OK
Create profile matrix with method 'bin' and step 1 ... OK
Create profile matrix with method 'bin' and step 1 ... OK
Create profile matrix with method 'bin' and step 1 ... OK
Create profile matrix with method 'bin' and step 1 ... OK
Create profile matrix with method 'bin' and step 1 ... OK
Processing 272318 mz slices ... OK
Create profile matrix with method 'bin' and step 1 ... OK
Create profile matrix with method 'bin' and step 1 ... OK
Create profile matrix with method 'bin' and step 1 ... OK
Create profile matrix with method 'bin' and step 1 ... OK
Create profile matrix with method 'bin' and step 1 ... OK
Processing 272318 mz slices ... OK
Create profile matrix with method 'bin' and step 1 ... OK
Create profile matrix with method 'bin' and step 1 ... OK
Create profile matrix with method 'bin' and step 1 ... OK
Create profile matrix with method 'bin' and step 1 ... OK
Create profile matrix with method 'bin' and step 1 ... OK
Processing 272318 mz slices ... OK
Create profile matrix with method 'bin' and step 1 ... OK
Create profile matrix with method 'bin' and step 1 ... OK
Create profile matrix with method 'bin' and step 1 ... OK
Create profile matrix with method 'bin' and step 1 ... OK
Create profile matrix with method 'bin' and step 1 ... OK
Processing 272318 mz slices ... OK
Create profile matrix with method 'bin' and step 0.65 ... OK
Create profile matrix with method 'bin' and step 0.65 ... OK
Create profile matrix with method 'bin' and step 0.65 ... OK
Create profile matrix with method 'bin' and step 0.65 ... OK
Create profile matrix with method 'bin' and step 0.65 ... OK
Create profile matrix with method 'bin' and step 0.65 ... OK
Create profile matrix with method 'bin' and step 0.65 ... OK
Create profile matrix with method 'bin' and step 0.65 ... OK
Processing 69664 mz slices ... OK
Create profile matrix with method 'bin' and step 0.65 ... OK
Create profile matrix with method 'bin' and step 0.65 ... OK
Create profile matrix with method 'bin' and step 0.65 ... OK
Create profile matrix with method 'bin' and step 0.65 ... OK
Create profile matrix with method 'bin' and step 0.65 ... OK
Create profile matrix with method 'bin' and step 0.65 ... OK
Create profile matrix with method 'bin' and step 0.65 ... OK
Create profile matrix with method 'bin' and step 0.65 ... OK
Processing 69664 mz slices ... OK
Create profile matrix with method 'bin' and step 0.65 ... OK
Create profile matrix with method 'bin' and step 0.65 ... OK
Create profile matrix with method 'bin' and step 0.65 ... OK
Create profile matrix with method 'bin' and step 0.65 ... OK
Create profile matrix with method 'bin' and step 0.65 ... OK
Create profile matrix with method 'bin' and step 0.65 ... OK
Create profile matrix with method 'bin' and step 0.65 ... OK
Create profile matrix with method 'bin' and step 0.65 ... OK
Processing 69664 mz slices ... OK
Create profile matrix with method 'bin' and step 0.65 ... OK
Create profile matrix with method 'bin' and step 0.65 ... OK
Create profile matrix with method 'bin' and step 0.65 ... OK
Create profile matrix with method 'bin' and step 0.65 ... OK
Create profile matrix with method 'bin' and step 0.65 ... OK
Create profile matrix with method 'bin' and step 0.65 ... OK
Create profile matrix with method 'bin' and step 0.65 ... OK
Create profile matrix with method 'bin' and step 0.65 ... OK
Processing 69664 mz slices ... OK
Create profile matrix with method 'bin' and step 1 ... OK
Create profile matrix with method 'bin' and step 1 ... OK
Create profile matrix with method 'bin' and step 1 ... OK
Create profile matrix with method 'bin' and step 1 ... OK
Create profile matrix with method 'bin' and step 1 ... OK
Processing 69664 mz slices ... OK
Create profile matrix with method 'bin' and step 1 ... OK
Create profile matrix with method 'bin' and step 1 ... OK
Create profile matrix with method 'bin' and step 1 ... OK
Create profile matrix with method 'bin' and step 1 ... OK
Create profile matrix with method 'bin' and step 1 ... OK
Processing 69664 mz slices ... OK
Create profile matrix with method 'bin' and step 1 ... OK
Create profile matrix with method 'bin' and step 1 ... OK
Create profile matrix with method 'bin' and step 1 ... OK
Create profile matrix with method 'bin' and step 1 ... OK
Create profile matrix with method 'bin' and step 1 ... OK
Processing 69664 mz slices ... OK
Create profile matrix with method 'bin' and step 1 ... OK
Create profile matrix with method 'bin' and step 1 ... OK
Create profile matrix with method 'bin' and step 1 ... OK
Create profile matrix with method 'bin' and step 1 ... OK
Create profile matrix with method 'bin' and step 1 ... OK
Processing 69664 mz slices ... OK
Create profile matrix with method 'bin' and step 0.65 ... OK
Create profile matrix with method 'bin' and step 0.65 ... OK
Create profile matrix with method 'bin' and step 0.65 ... OK
Create profile matrix with method 'bin' and step 0.65 ... OK
Create profile matrix with method 'bin' and step 0.65 ... OK
Create profile matrix with method 'bin' and step 0.65 ... OK
Create profile matrix with method 'bin' and step 0.65 ... OK
Create profile matrix with method 'bin' and step 0.65 ... OK
Processing 69664 mz slices ... OK
Create profile matrix with method 'bin' and step 0.65 ... OK
Create profile matrix with method 'bin' and step 0.65 ... OK
Create profile matrix with method 'bin' and step 0.65 ... OK
Create profile matrix with method 'bin' and step 0.65 ... OK
Create profile matrix with method 'bin' and step 0.65 ... OK
Create profile matrix with method 'bin' and step 0.65 ... OK
Create profile matrix with method 'bin' and step 0.65 ... OK
Create profile matrix with method 'bin' and step 0.65 ... OK
Processing 69664 mz slices ... OK
Create profile matrix with method 'bin' and step 0.65 ... OK
Create profile matrix with method 'bin' and step 0.65 ... OK
Create profile matrix with method 'bin' and step 0.65 ... OK
Create profile matrix with method 'bin' and step 0.65 ... OK
Create profile matrix with method 'bin' and step 0.65 ... OK
Create profile matrix with method 'bin' and step 0.65 ... OK
Create profile matrix with method 'bin' and step 0.65 ... OK
Create profile matrix with method 'bin' and step 0.65 ... OK
Processing 69664 mz slices ... OK
Create profile matrix with method 'bin' and step 0.65 ... OK
Create profile matrix with method 'bin' and step 0.65 ... OK
Create profile matrix with method 'bin' and step 0.65 ... OK
Create profile matrix with method 'bin' and step 0.65 ... OK
Create profile matrix with method 'bin' and step 0.65 ... OK
Create profile matrix with method 'bin' and step 0.65 ... OK
Create profile matrix with method 'bin' and step 0.65 ... OK
Create profile matrix with method 'bin' and step 0.65 ... OK
Processing 69664 mz slices ... OK
Create profile matrix with method 'bin' and step 1 ... OK
Create profile matrix with method 'bin' and step 1 ... OK
Create profile matrix with method 'bin' and step 1 ... OK
Create profile matrix with method 'bin' and step 1 ... OK
Create profile matrix with method 'bin' and step 1 ... OK
Processing 69664 mz slices ... OK
Create profile matrix with method 'bin' and step 1 ... OK
Create profile matrix with method 'bin' and step 1 ... OK
Create profile matrix with method 'bin' and step 1 ... OK
Create profile matrix with method 'bin' and step 1 ... OK
Create profile matrix with method 'bin' and step 1 ... OK
Processing 69664 mz slices ... OK
Create profile matrix with method 'bin' and step 1 ... OK
Create profile matrix with method 'bin' and step 1 ... OK
Create profile matrix with method 'bin' and step 1 ... OK
Create profile matrix with method 'bin' and step 1 ... OK
Create profile matrix with method 'bin' and step 1 ... OK
Processing 69664 mz slices ... OK
Create profile matrix with method 'bin' and step 1 ... OK
Create profile matrix with method 'bin' and step 1 ... OK
Create profile matrix with method 'bin' and step 1 ... OK
Create profile matrix with method 'bin' and step 1 ... OK
Create profile matrix with method 'bin' and step 1 ... OK
Processing 69664 mz slices ... OK
Create profile matrix with method 'bin' and step 0.825 ... OK
Create profile matrix with method 'bin' and step 0.825 ... OK
Create profile matrix with method 'bin' and step 0.825 ... OK
Create profile matrix with method 'bin' and step 0.825 ... OK
Create profile matrix with method 'bin' and step 0.825 ... OK
Create profile matrix with method 'bin' and step 0.825 ... OK
Create profile matrix with method 'bin' and step 0.825 ... OK
Create profile matrix with method 'bin' and step 0.825 ... OK
Processing 110945 mz slices ... OK
Create profile matrix with method 'bin' and step 0.825 ... OK
Create profile matrix with method 'bin' and step 0.825 ... OK
Create profile matrix with method 'bin' and step 0.825 ... OK
Create profile matrix with method 'bin' and step 0.825 ... OK
Create profile matrix with method 'bin' and step 0.825 ... OK
Create profile matrix with method 'bin' and step 0.825 ... OK
Create profile matrix with method 'bin' and step 0.825 ... OK
Create profile matrix with method 'bin' and step 0.825 ... OK
Processing 110945 mz slices ... OK
Create profile matrix with method 'bin' and step 0.825 ... OK
Create profile matrix with method 'bin' and step 0.825 ... OK
Create profile matrix with method 'bin' and step 0.825 ... OK
Create profile matrix with method 'bin' and step 0.825 ... OK
Create profile matrix with method 'bin' and step 0.825 ... OK
Create profile matrix with method 'bin' and step 0.825 ... OK
Create profile matrix with method 'bin' and step 0.825 ... OK
Create profile matrix with method 'bin' and step 0.825 ... OK
Processing 110945 mz slices ... OK
Create profile matrix with method 'bin' and step 0.825 ... OK
Create profile matrix with method 'bin' and step 0.825 ... OK
Create profile matrix with method 'bin' and step 0.825 ... OK
Create profile matrix with method 'bin' and step 0.825 ... OK
Create profile matrix with method 'bin' and step 0.825 ... OK
Create profile matrix with method 'bin' and step 0.825 ... OK
Create profile matrix with method 'bin' and step 0.825 ... OK
Create profile matrix with method 'bin' and step 0.825 ... OK
Processing 110945 mz slices ... OK
Create profile matrix with method 'bin' and step 0.825 ... OK
Create profile matrix with method 'bin' and step 0.825 ... OK
Create profile matrix with method 'bin' and step 0.825 ... OK
Create profile matrix with method 'bin' and step 0.825 ... OK
Create profile matrix with method 'bin' and step 0.825 ... OK
Create profile matrix with method 'bin' and step 0.825 ... OK
Create profile matrix with method 'bin' and step 0.825 ... OK
Create profile matrix with method 'bin' and step 0.825 ... OK
Processing 110945 mz slices ... OK
Create profile matrix with method 'bin' and step 0.65 ... OK
Create profile matrix with method 'bin' and step 0.65 ... OK
Create profile matrix with method 'bin' and step 0.65 ... OK
Create profile matrix with method 'bin' and step 0.65 ... OK
Create profile matrix with method 'bin' and step 0.65 ... OK
Create profile matrix with method 'bin' and step 0.65 ... OK
Create profile matrix with method 'bin' and step 0.65 ... OK
Create profile matrix with method 'bin' and step 0.65 ... OK
Processing 110945 mz slices ... OK
Create profile matrix with method 'bin' and step 1 ... OK
Create profile matrix with method 'bin' and step 1 ... OK
Create profile matrix with method 'bin' and step 1 ... OK
Create profile matrix with method 'bin' and step 1 ... OK
Create profile matrix with method 'bin' and step 1 ... OK
Processing 110945 mz slices ... OK
Create profile matrix with method 'bin' and step 0.825 ... OK
Create profile matrix with method 'bin' and step 0.825 ... OK
Create profile matrix with method 'bin' and step 0.825 ... OK
Create profile matrix with method 'bin' and step 0.825 ... OK
Create profile matrix with method 'bin' and step 0.825 ... OK
Create profile matrix with method 'bin' and step 0.825 ... OK
Create profile matrix with method 'bin' and step 0.825 ... OK
Create profile matrix with method 'bin' and step 0.825 ... OK
Processing 110945 mz slices ... OK
Create profile matrix with method 'bin' and step 0.825 ... OK
Create profile matrix with method 'bin' and step 0.825 ... OK
Create profile matrix with method 'bin' and step 0.825 ... OK
Create profile matrix with method 'bin' and step 0.825 ... OK
Create profile matrix with method 'bin' and step 0.825 ... OK
Create profile matrix with method 'bin' and step 0.825 ... OK
Create profile matrix with method 'bin' and step 0.825 ... OK
Create profile matrix with method 'bin' and step 0.825 ... OK
Processing 110945 mz slices ... OK
Create profile matrix with method 'bin' and step 0.825 ... OK
Create profile matrix with method 'bin' and step 0.825 ... OK
Create profile matrix with method 'bin' and step 0.825 ... OK
Create profile matrix with method 'bin' and step 0.825 ... OK
Create profile matrix with method 'bin' and step 0.825 ... OK
Create profile matrix with method 'bin' and step 0.825 ... OK
Create profile matrix with method 'bin' and step 0.825 ... OK
Create profile matrix with method 'bin' and step 0.825 ... OK
Processing 272318 mz slices ... OK
Create profile matrix with method 'bin' and step 0.825 ... OK
Create profile matrix with method 'bin' and step 0.825 ... OK
Create profile matrix with method 'bin' and step 0.825 ... OK
Create profile matrix with method 'bin' and step 0.825 ... OK
Create profile matrix with method 'bin' and step 0.825 ... OK
Create profile matrix with method 'bin' and step 0.825 ... OK
Create profile matrix with method 'bin' and step 0.825 ... OK
Create profile matrix with method 'bin' and step 0.825 ... OK
Processing 69664 mz slices ... OK
Create profile matrix with method 'bin' and step 0.825 ... OK
Create profile matrix with method 'bin' and step 0.825 ... OK
Create profile matrix with method 'bin' and step 0.825 ... OK
Create profile matrix with method 'bin' and step 0.825 ... OK
Create profile matrix with method 'bin' and step 0.825 ... OK
Create profile matrix with method 'bin' and step 0.825 ... OK
Create profile matrix with method 'bin' and step 0.825 ... OK
Create profile matrix with method 'bin' and step 0.825 ... OK
Processing 110945 mz slices ... OK
Create profile matrix with method 'bin' and step 0.65 ... OK
Create profile matrix with method 'bin' and step 0.65 ... OK
Create profile matrix with method 'bin' and step 0.65 ... OK
Create profile matrix with method 'bin' and step 0.65 ... OK
Create profile matrix with method 'bin' and step 0.65 ... OK
Create profile matrix with method 'bin' and step 0.65 ... OK
Create profile matrix with method 'bin' and step 0.65 ... OK
Create profile matrix with method 'bin' and step 0.65 ... OK
Processing 117934 mz slices ... OK
no increase stopping
library(xcms)
library(Rmpi)

xset <- xcmsSet( 
  method = "centWave",
  peakwidth       = c(35.2, 95),
  ppm             = 14.75,
  noise           = 772.25,
  snthresh        = 10,
  mzdiff          = 0.01044,
  prefilter       = c(3, 673.25),
  mzCenterFun     = "wMean",
  integrate       = 2,
  fitgauss        = FALSE,
  verbose.columns = TRUE)
xset <- retcor( 
  xset,
  method         = "obiwarp",
  plottype       = "none",
  distFunc       = "cor_opt",
  profStep       = 0.88,
  center         = 5,
  response       = 1,
  gapInit        = 0.4,
  gapExtend      = 2.46,
  factorDiag     = 2,
  factorGap      = 1,
  localAlignment = 0)
xset <- group( 
  xset,
  method  = "density",
  bw      = 12.4,
  mzwid   = 0.0162,
  minfrac = 0.05,
  minsamp = 1,
  max     = 50)

xset <- fillPeaks(xset)
Warning message:
In sink() : no sink to remove
