center sample:  Person13_plasma_youth_NEG 
Processing: Person24_plasma_elder_NEG  Person07_plasma_elder_NEG  Person11_plasma_youth_NEG  Person26_plasma_elder_NEG  
center sample:  Person13_plasma_youth_NEG 
Processing: Person24_plasma_elder_NEG  Person07_plasma_elder_NEG  Person11_plasma_youth_NEG  Person26_plasma_elder_NEG  
center sample:  Person13_plasma_youth_NEG 
Processing: Person24_plasma_elder_NEG  Person07_plasma_elder_NEG  Person11_plasma_youth_NEG  Person26_plasma_elder_NEG  
center sample:  Person13_plasma_youth_NEG 
Processing: Person24_plasma_elder_NEG  Person07_plasma_elder_NEG  Person11_plasma_youth_NEG  Person26_plasma_elder_NEG  
center sample:  Person13_plasma_youth_NEG 
Processing: Person24_plasma_elder_NEG  Person07_plasma_elder_NEG  Person11_plasma_youth_NEG  Person26_plasma_elder_NEG  
center sample:  Person13_plasma_youth_NEG 
Processing: Person24_plasma_elder_NEG  Person07_plasma_elder_NEG  Person11_plasma_youth_NEG  Person26_plasma_elder_NEG  
center sample:  Person13_plasma_youth_NEG 
Processing: Person24_plasma_elder_NEG  Person07_plasma_elder_NEG  Person11_plasma_youth_NEG  Person26_plasma_elder_NEG  
center sample:  Person13_plasma_youth_NEG 
Processing: Person24_plasma_elder_NEG  Person07_plasma_elder_NEG  Person11_plasma_youth_NEG  Person26_plasma_elder_NEG  
center sample:  Person13_plasma_youth_NEG 
Processing: Person24_plasma_elder_NEG  Person07_plasma_elder_NEG  Person11_plasma_youth_NEG  Person26_plasma_elder_NEG  
center sample:  Person13_plasma_youth_NEG 
Processing: Person24_plasma_elder_NEG  Person07_plasma_elder_NEG  Person11_plasma_youth_NEG  Person26_plasma_elder_NEG  
center sample:  Person13_plasma_youth_NEG 
Processing: Person24_plasma_elder_NEG  Person07_plasma_elder_NEG  Person11_plasma_youth_NEG  Person26_plasma_elder_NEG  
center sample:  Person13_plasma_youth_NEG 
Processing: Person24_plasma_elder_NEG  Person07_plasma_elder_NEG  Person11_plasma_youth_NEG  Person26_plasma_elder_NEG  
center sample:  Person13_plasma_youth_NEG 
Processing: Person24_plasma_elder_NEG  Person07_plasma_elder_NEG  Person11_plasma_youth_NEG  Person26_plasma_elder_NEG  
center sample:  Person13_plasma_youth_NEG 
Processing: Person24_plasma_elder_NEG  Person07_plasma_elder_NEG  Person11_plasma_youth_NEG  Person26_plasma_elder_NEG  
center sample:  Person13_plasma_youth_NEG 
Processing: Person24_plasma_elder_NEG  Person07_plasma_elder_NEG  Person11_plasma_youth_NEG  Person26_plasma_elder_NEG  
center sample:  Person13_plasma_youth_NEG 
Processing: Person24_plasma_elder_NEG  Person07_plasma_elder_NEG  Person11_plasma_youth_NEG  Person26_plasma_elder_NEG  
center sample:  Person13_plasma_youth_NEG 
Processing: Person24_plasma_elder_NEG  Person07_plasma_elder_NEG  Person11_plasma_youth_NEG  Person26_plasma_elder_NEG  
center sample:  Person13_plasma_youth_NEG 
Processing: Person24_plasma_elder_NEG  Person07_plasma_elder_NEG  Person11_plasma_youth_NEG  Person26_plasma_elder_NEG  
center sample:  Person13_plasma_youth_NEG 
Processing: Person24_plasma_elder_NEG  Person07_plasma_elder_NEG  Person11_plasma_youth_NEG  Person26_plasma_elder_NEG  
center sample:  Person13_plasma_youth_NEG 
Processing: Person24_plasma_elder_NEG  Person07_plasma_elder_NEG  Person11_plasma_youth_NEG  Person26_plasma_elder_NEG  
center sample:  Person13_plasma_youth_NEG 
Processing: Person24_plasma_elder_NEG  Person07_plasma_elder_NEG  Person11_plasma_youth_NEG  Person26_plasma_elder_NEG  
center sample:  Person13_plasma_youth_NEG 
Processing: Person24_plasma_elder_NEG  Person07_plasma_elder_NEG  Person11_plasma_youth_NEG  Person26_plasma_elder_NEG  
center sample:  Person13_plasma_youth_NEG 
Processing: Person24_plasma_elder_NEG  Person07_plasma_elder_NEG  Person11_plasma_youth_NEG  Person26_plasma_elder_NEG  
center sample:  Person13_plasma_youth_NEG 
Processing: Person24_plasma_elder_NEG  Person07_plasma_elder_NEG  Person11_plasma_youth_NEG  Person26_plasma_elder_NEG  
center sample:  Person13_plasma_youth_NEG 
Processing: Person24_plasma_elder_NEG  Person07_plasma_elder_NEG  Person11_plasma_youth_NEG  Person26_plasma_elder_NEG  
center sample:  Person13_plasma_youth_NEG 
Processing: Person24_plasma_elder_NEG  Person07_plasma_elder_NEG  Person11_plasma_youth_NEG  Person26_plasma_elder_NEG  
center sample:  Person13_plasma_youth_NEG 
Processing: Person24_plasma_elder_NEG  Person07_plasma_elder_NEG  Person11_plasma_youth_NEG  Person26_plasma_elder_NEG  
center sample:  Person13_plasma_youth_NEG 
Processing: Person24_plasma_elder_NEG  Person07_plasma_elder_NEG  Person11_plasma_youth_NEG  Person26_plasma_elder_NEG  
center sample:  Person13_plasma_youth_NEG 
Processing: Person24_plasma_elder_NEG  Person07_plasma_elder_NEG  Person11_plasma_youth_NEG  Person26_plasma_elder_NEG  
center sample:  Person13_plasma_youth_NEG 
Processing: Person24_plasma_elder_NEG  Person07_plasma_elder_NEG  Person11_plasma_youth_NEG  Person26_plasma_elder_NEG  
center sample:  Person13_plasma_youth_NEG 
Processing: Person24_plasma_elder_NEG  Person07_plasma_elder_NEG  Person11_plasma_youth_NEG  Person26_plasma_elder_NEG  
center sample:  Person13_plasma_youth_NEG 
Processing: Person24_plasma_elder_NEG  Person07_plasma_elder_NEG  Person11_plasma_youth_NEG  Person26_plasma_elder_NEG  
center sample:  Person13_plasma_youth_NEG 
Processing: Person24_plasma_elder_NEG  Person07_plasma_elder_NEG  Person11_plasma_youth_NEG  Person26_plasma_elder_NEG  
center sample:  Person13_plasma_youth_NEG 
Processing: Person24_plasma_elder_NEG  Person07_plasma_elder_NEG  Person11_plasma_youth_NEG  Person26_plasma_elder_NEG  
center sample:  Person13_plasma_youth_NEG 
Processing: Person24_plasma_elder_NEG  Person07_plasma_elder_NEG  Person11_plasma_youth_NEG  Person26_plasma_elder_NEG  
center sample:  Person13_plasma_youth_NEG 
Processing: Person24_plasma_elder_NEG  Person07_plasma_elder_NEG  Person11_plasma_youth_NEG  Person26_plasma_elder_NEG  
center sample:  Person13_plasma_youth_NEG 
Processing: Person24_plasma_elder_NEG  Person07_plasma_elder_NEG  Person11_plasma_youth_NEG  Person26_plasma_elder_NEG  
center sample:  Person13_plasma_youth_NEG 
Processing: Person24_plasma_elder_NEG  Person07_plasma_elder_NEG  Person11_plasma_youth_NEG  Person26_plasma_elder_NEG  
center sample:  Person13_plasma_youth_NEG 
Processing: Person24_plasma_elder_NEG  Person07_plasma_elder_NEG  Person11_plasma_youth_NEG  Person26_plasma_elder_NEG  
center sample:  Person13_plasma_youth_NEG 
Processing: Person24_plasma_elder_NEG  Person07_plasma_elder_NEG  Person11_plasma_youth_NEG  Person26_plasma_elder_NEG  
center sample:  Person13_plasma_youth_NEG 
Processing: Person24_plasma_elder_NEG  Person07_plasma_elder_NEG  Person11_plasma_youth_NEG  Person26_plasma_elder_NEG  
center sample:  Person13_plasma_youth_NEG 
Processing: Person24_plasma_elder_NEG  Person07_plasma_elder_NEG  Person11_plasma_youth_NEG  Person26_plasma_elder_NEG  
center sample:  Person13_plasma_youth_NEG 
Processing: Person24_plasma_elder_NEG  Person07_plasma_elder_NEG  Person11_plasma_youth_NEG  Person26_plasma_elder_NEG  
center sample:  Person13_plasma_youth_NEG 
Processing: Person24_plasma_elder_NEG  Person07_plasma_elder_NEG  Person11_plasma_youth_NEG  Person26_plasma_elder_NEG  
center sample:  Person13_plasma_youth_NEG 
Processing: Person24_plasma_elder_NEG  Person07_plasma_elder_NEG  Person11_plasma_youth_NEG  Person26_plasma_elder_NEG  
center sample:  Person13_plasma_youth_NEG 
Processing: Person24_plasma_elder_NEG  Person07_plasma_elder_NEG  Person11_plasma_youth_NEG  Person26_plasma_elder_NEG  
center sample:  Person13_plasma_youth_NEG 
Processing: Person24_plasma_elder_NEG  Person07_plasma_elder_NEG  Person11_plasma_youth_NEG  Person26_plasma_elder_NEG  
center sample:  Person13_plasma_youth_NEG 
Processing: Person24_plasma_elder_NEG  Person07_plasma_elder_NEG  Person11_plasma_youth_NEG  Person26_plasma_elder_NEG  
center sample:  Person13_plasma_youth_NEG 
Processing: Person24_plasma_elder_NEG  Person07_plasma_elder_NEG  Person11_plasma_youth_NEG  Person26_plasma_elder_NEG  
center sample:  Person13_plasma_youth_NEG 
Processing: Person24_plasma_elder_NEG  Person07_plasma_elder_NEG  Person11_plasma_youth_NEG  Person26_plasma_elder_NEG  
center sample:  Person13_plasma_youth_NEG 
Processing: Person24_plasma_elder_NEG  Person07_plasma_elder_NEG  Person11_plasma_youth_NEG  Person26_plasma_elder_NEG  
center sample:  Person13_plasma_youth_NEG 
Processing: Person24_plasma_elder_NEG  Person07_plasma_elder_NEG  Person11_plasma_youth_NEG  Person26_plasma_elder_NEG  
center sample:  Person13_plasma_youth_NEG 
Processing: Person24_plasma_elder_NEG  Person07_plasma_elder_NEG  Person11_plasma_youth_NEG  Person26_plasma_elder_NEG  
center sample:  Person13_plasma_youth_NEG 
Processing: Person24_plasma_elder_NEG  Person07_plasma_elder_NEG  Person11_plasma_youth_NEG  Person26_plasma_elder_NEG  
center sample:  Person13_plasma_youth_NEG 
Processing: Person24_plasma_elder_NEG  Person07_plasma_elder_NEG  Person11_plasma_youth_NEG  Person26_plasma_elder_NEG  
center sample:  Person13_plasma_youth_NEG 
Processing: Person24_plasma_elder_NEG  Person07_plasma_elder_NEG  Person11_plasma_youth_NEG  Person26_plasma_elder_NEG  
center sample:  Person13_plasma_youth_NEG 
Processing: Person24_plasma_elder_NEG  Person07_plasma_elder_NEG  Person11_plasma_youth_NEG  Person26_plasma_elder_NEG  
center sample:  Person13_plasma_youth_NEG 
Processing: Person24_plasma_elder_NEG  Person07_plasma_elder_NEG  Person11_plasma_youth_NEG  Person26_plasma_elder_NEG  
center sample:  Person13_plasma_youth_NEG 
Processing: Person24_plasma_elder_NEG  Person07_plasma_elder_NEG  Person11_plasma_youth_NEG  Person26_plasma_elder_NEG  
center sample:  Person13_plasma_youth_NEG 
Processing: Person24_plasma_elder_NEG  Person07_plasma_elder_NEG  Person11_plasma_youth_NEG  Person26_plasma_elder_NEG  
center sample:  Person13_plasma_youth_NEG 
Processing: Person24_plasma_elder_NEG  Person07_plasma_elder_NEG  Person11_plasma_youth_NEG  Person26_plasma_elder_NEG  
center sample:  Person13_plasma_youth_NEG 
Processing: Person24_plasma_elder_NEG  Person07_plasma_elder_NEG  Person11_plasma_youth_NEG  Person26_plasma_elder_NEG  
center sample:  Person13_plasma_youth_NEG 
Processing: Person24_plasma_elder_NEG  Person07_plasma_elder_NEG  Person11_plasma_youth_NEG  Person26_plasma_elder_NEG  
center sample:  Person13_plasma_youth_NEG 
Processing: Person24_plasma_elder_NEG  Person07_plasma_elder_NEG  Person11_plasma_youth_NEG  Person26_plasma_elder_NEG  
center sample:  Person13_plasma_youth_NEG 
Processing: Person24_plasma_elder_NEG  Person07_plasma_elder_NEG  Person11_plasma_youth_NEG  Person26_plasma_elder_NEG  
center sample:  Person13_plasma_youth_NEG 
Processing: Person24_plasma_elder_NEG  Person07_plasma_elder_NEG  Person11_plasma_youth_NEG  Person26_plasma_elder_NEG  
center sample:  Person13_plasma_youth_NEG 
Processing: Person24_plasma_elder_NEG  Person07_plasma_elder_NEG  Person11_plasma_youth_NEG  Person26_plasma_elder_NEG  
center sample:  Person13_plasma_youth_NEG 
Processing: Person24_plasma_elder_NEG  Person07_plasma_elder_NEG  Person11_plasma_youth_NEG  Person26_plasma_elder_NEG  
center sample:  Person13_plasma_youth_NEG 
Processing: Person24_plasma_elder_NEG  Person07_plasma_elder_NEG  Person11_plasma_youth_NEG  Person26_plasma_elder_NEG  
center sample:  Person13_plasma_youth_NEG 
Processing: Person24_plasma_elder_NEG  Person07_plasma_elder_NEG  Person11_plasma_youth_NEG  Person26_plasma_elder_NEG  
center sample:  Person13_plasma_youth_NEG 
Processing: Person24_plasma_elder_NEG  Person07_plasma_elder_NEG  Person11_plasma_youth_NEG  Person26_plasma_elder_NEG  
center sample:  Person13_plasma_youth_NEG 
Processing: Person24_plasma_elder_NEG  Person07_plasma_elder_NEG  Person11_plasma_youth_NEG  Person26_plasma_elder_NEG  
center sample:  Person13_plasma_youth_NEG 
Processing: Person24_plasma_elder_NEG  Person07_plasma_elder_NEG  Person11_plasma_youth_NEG  Person26_plasma_elder_NEG  
center sample:  Person13_plasma_youth_NEG 
Processing: Person24_plasma_elder_NEG  Person07_plasma_elder_NEG  Person11_plasma_youth_NEG  Person26_plasma_elder_NEG  
center sample:  Person13_plasma_youth_NEG 
Processing: Person24_plasma_elder_NEG  Person07_plasma_elder_NEG  Person11_plasma_youth_NEG  Person26_plasma_elder_NEG  
center sample:  Person13_plasma_youth_NEG 
Processing: Person24_plasma_elder_NEG  Person07_plasma_elder_NEG  Person11_plasma_youth_NEG  Person26_plasma_elder_NEG  
center sample:  Person13_plasma_youth_NEG 
Processing: Person24_plasma_elder_NEG  Person07_plasma_elder_NEG  Person11_plasma_youth_NEG  Person26_plasma_elder_NEG  
center sample:  Person13_plasma_youth_NEG 
Processing: Person24_plasma_elder_NEG  Person07_plasma_elder_NEG  Person11_plasma_youth_NEG  Person26_plasma_elder_NEG  
center sample:  Person13_plasma_youth_NEG 
Processing: Person24_plasma_elder_NEG  Person07_plasma_elder_NEG  Person11_plasma_youth_NEG  Person26_plasma_elder_NEG  
center sample:  Person13_plasma_youth_NEG 
Processing: Person24_plasma_elder_NEG  Person07_plasma_elder_NEG  Person11_plasma_youth_NEG  Person26_plasma_elder_NEG  
center sample:  Person13_plasma_youth_NEG 
Processing: Person24_plasma_elder_NEG  Person07_plasma_elder_NEG  Person11_plasma_youth_NEG  Person26_plasma_elder_NEG  
center sample:  Person13_plasma_youth_NEG 
Processing: Person24_plasma_elder_NEG  Person07_plasma_elder_NEG  Person11_plasma_youth_NEG  Person26_plasma_elder_NEG  
center sample:  Person13_plasma_youth_NEG 
Processing: Person24_plasma_elder_NEG  Person07_plasma_elder_NEG  Person11_plasma_youth_NEG  Person26_plasma_elder_NEG  
center sample:  Person13_plasma_youth_NEG 
Processing: Person24_plasma_elder_NEG  Person07_plasma_elder_NEG  Person11_plasma_youth_NEG  Person26_plasma_elder_NEG  
center sample:  Person13_plasma_youth_NEG 
Processing: Person24_plasma_elder_NEG  Person07_plasma_elder_NEG  Person11_plasma_youth_NEG  Person26_plasma_elder_NEG  
center sample:  Person13_plasma_youth_NEG 
Processing: Person24_plasma_elder_NEG  Person07_plasma_elder_NEG  Person11_plasma_youth_NEG  Person26_plasma_elder_NEG  
center sample:  Person13_plasma_youth_NEG 
Processing: Person24_plasma_elder_NEG  Person07_plasma_elder_NEG  Person11_plasma_youth_NEG  Person26_plasma_elder_NEG  
center sample:  Person13_plasma_youth_NEG 
Processing: Person24_plasma_elder_NEG  Person07_plasma_elder_NEG  Person11_plasma_youth_NEG  Person26_plasma_elder_NEG  
center sample:  Person13_plasma_youth_NEG 
Processing: Person24_plasma_elder_NEG  Person07_plasma_elder_NEG  Person11_plasma_youth_NEG  Person26_plasma_elder_NEG  
center sample:  Person13_plasma_youth_NEG 
Processing: Person24_plasma_elder_NEG  Person07_plasma_elder_NEG  Person11_plasma_youth_NEG  Person26_plasma_elder_NEG  
center sample:  Person13_plasma_youth_NEG 
Processing: Person24_plasma_elder_NEG  Person07_plasma_elder_NEG  Person11_plasma_youth_NEG  Person26_plasma_elder_NEG  
center sample:  Person13_plasma_youth_NEG 
Processing: Person24_plasma_elder_NEG  Person07_plasma_elder_NEG  Person11_plasma_youth_NEG  Person26_plasma_elder_NEG  
center sample:  Person13_plasma_youth_NEG 
Processing: Person24_plasma_elder_NEG  Person07_plasma_elder_NEG  Person11_plasma_youth_NEG  Person26_plasma_elder_NEG  
center sample:  Person13_plasma_youth_NEG 
Processing: Person24_plasma_elder_NEG  Person07_plasma_elder_NEG  Person11_plasma_youth_NEG  Person26_plasma_elder_NEG  
'bin' and step 0.7 ... OK
Create profile matrix with method 'bin' and step 0.7 ... OK
Processing 119820 mz slices ... OK
Create profile matrix with method 'bin' and step 0.7 ... OK
Create profile matrix with method 'bin' and step 0.7 ... OK
Create profile matrix with method 'bin' and step 0.7 ... OK
Create profile matrix with method 'bin' and step 0.7 ... OK
Create profile matrix with method 'bin' and step 0.7 ... OK
Create profile matrix with method 'bin' and step 0.7 ... OK
Create profile matrix with method 'bin' and step 0.7 ... OK
Create profile matrix with method 'bin' and step 0.7 ... OK
Processing 119820 mz slices ... OK
Create profile matrix with method 'bin' and step 0.7 ... OK
Create profile matrix with method 'bin' and step 0.7 ... OK
Create profile matrix with method 'bin' and step 0.7 ... OK
Create profile matrix with method 'bin' and step 0.7 ... OK
Create profile matrix with method 'bin' and step 0.7 ... OK
Create profile matrix with method 'bin' and step 0.7 ... OK
Create profile matrix with method 'bin' and step 0.7 ... OK
Create profile matrix with method 'bin' and step 0.7 ... OK
Processing 119820 mz slices ... OK
Create profile matrix with method 'bin' and step 1 ... OK
Create profile matrix with method 'bin' and step 1 ... OK
Create profile matrix with method 'bin' and step 1 ... OK
Create profile matrix with method 'bin' and step 1 ... OK
Create profile matrix with method 'bin' and step 1 ... OK
Processing 119820 mz slices ... OK
Create profile matrix with method 'bin' and step 1 ... OK
Create profile matrix with method 'bin' and step 1 ... OK
Create profile matrix with method 'bin' and step 1 ... OK
Create profile matrix with method 'bin' and step 1 ... OK
Create profile matrix with method 'bin' and step 1 ... OK
Processing 119820 mz slices ... OK
Create profile matrix with method 'bin' and step 1 ... OK
Create profile matrix with method 'bin' and step 1 ... OK
Create profile matrix with method 'bin' and step 1 ... OK
Create profile matrix with method 'bin' and step 1 ... OK
Create profile matrix with method 'bin' and step 1 ... OK
Processing 119820 mz slices ... OK
Create profile matrix with method 'bin' and step 1 ... OK
Create profile matrix with method 'bin' and step 1 ... OK
Create profile matrix with method 'bin' and step 1 ... OK
Create profile matrix with method 'bin' and step 1 ... OK
Create profile matrix with method 'bin' and step 1 ... OK
Processing 119820 mz slices ... OK
Create profile matrix with method 'bin' and step 0.7 ... OK
Create profile matrix with method 'bin' and step 0.7 ... OK
Create profile matrix with method 'bin' and step 0.7 ... OK
Create profile matrix with method 'bin' and step 0.7 ... OK
Create profile matrix with method 'bin' and step 0.7 ... OK
Create profile matrix with method 'bin' and step 0.7 ... OK
Create profile matrix with method 'bin' and step 0.7 ... OK
Create profile matrix with method 'bin' and step 0.7 ... OK
Processing 119820 mz slices ... OK
Create profile matrix with method 'bin' and step 0.7 ... OK
Create profile matrix with method 'bin' and step 0.7 ... OK
Create profile matrix with method 'bin' and step 0.7 ... OK
Create profile matrix with method 'bin' and step 0.7 ... OK
Create profile matrix with method 'bin' and step 0.7 ... OK
Create profile matrix with method 'bin' and step 0.7 ... OK
Create profile matrix with method 'bin' and step 0.7 ... OK
Create profile matrix with method 'bin' and step 0.7 ... OK
Processing 119820 mz slices ... OK
Create profile matrix with method 'bin' and step 0.7 ... OK
Create profile matrix with method 'bin' and step 0.7 ... OK
Create profile matrix with method 'bin' and step 0.7 ... OK
Create profile matrix with method 'bin' and step 0.7 ... OK
Create profile matrix with method 'bin' and step 0.7 ... OK
Create profile matrix with method 'bin' and step 0.7 ... OK
Create profile matrix with method 'bin' and step 0.7 ... OK
Create profile matrix with method 'bin' and step 0.7 ... OK
Processing 119820 mz slices ... OK
Create profile matrix with method 'bin' and step 0.7 ... OK
Create profile matrix with method 'bin' and step 0.7 ... OK
Create profile matrix with method 'bin' and step 0.7 ... OK
Create profile matrix with method 'bin' and step 0.7 ... OK
Create profile matrix with method 'bin' and step 0.7 ... OK
Create profile matrix with method 'bin' and step 0.7 ... OK
Create profile matrix with method 'bin' and step 0.7 ... OK
Create profile matrix with method 'bin' and step 0.7 ... OK
Processing 119820 mz slices ... OK
Create profile matrix with method 'bin' and step 1 ... OK
Create profile matrix with method 'bin' and step 1 ... OK
Create profile matrix with method 'bin' and step 1 ... OK
Create profile matrix with method 'bin' and step 1 ... OK
Create profile matrix with method 'bin' and step 1 ... OK
Processing 119820 mz slices ... OK
Create profile matrix with method 'bin' and step 1 ... OK
Create profile matrix with method 'bin' and step 1 ... OK
Create profile matrix with method 'bin' and step 1 ... OK
Create profile matrix with method 'bin' and step 1 ... OK
Create profile matrix with method 'bin' and step 1 ... OK
Processing 119820 mz slices ... OK
Create profile matrix with method 'bin' and step 1 ... OK
Create profile matrix with method 'bin' and step 1 ... OK
Create profile matrix with method 'bin' and step 1 ... OK
Create profile matrix with method 'bin' and step 1 ... OK
Create profile matrix with method 'bin' and step 1 ... OK
Processing 119820 mz slices ... OK
Create profile matrix with method 'bin' and step 1 ... OK
Create profile matrix with method 'bin' and step 1 ... OK
Create profile matrix with method 'bin' and step 1 ... OK
Create profile matrix with method 'bin' and step 1 ... OK
Create profile matrix with method 'bin' and step 1 ... OK
Processing 119820 mz slices ... OK
Create profile matrix with method 'bin' and step 0.7 ... OK
Create profile matrix with method 'bin' and step 0.7 ... OK
Create profile matrix with method 'bin' and step 0.7 ... OK
Create profile matrix with method 'bin' and step 0.7 ... OK
Create profile matrix with method 'bin' and step 0.7 ... OK
Create profile matrix with method 'bin' and step 0.7 ... OK
Create profile matrix with method 'bin' and step 0.7 ... OK
Create profile matrix with method 'bin' and step 0.7 ... OK
Processing 51352 mz slices ... OK
Create profile matrix with method 'bin' and step 0.7 ... OK
Create profile matrix with method 'bin' and step 0.7 ... OK
Create profile matrix with method 'bin' and step 0.7 ... OK
Create profile matrix with method 'bin' and step 0.7 ... OK
Create profile matrix with method 'bin' and step 0.7 ... OK
Create profile matrix with method 'bin' and step 0.7 ... OK
Create profile matrix with method 'bin' and step 0.7 ... OK
Create profile matrix with method 'bin' and step 0.7 ... OK
Processing 51352 mz slices ... OK
Create profile matrix with method 'bin' and step 0.7 ... OK
Create profile matrix with method 'bin' and step 0.7 ... OK
Create profile matrix with method 'bin' and step 0.7 ... OK
Create profile matrix with method 'bin' and step 0.7 ... OK
Create profile matrix with method 'bin' and step 0.7 ... OK
Create profile matrix with method 'bin' and step 0.7 ... OK
Create profile matrix with method 'bin' and step 0.7 ... OK
Create profile matrix with method 'bin' and step 0.7 ... OK
Processing 51352 mz slices ... OK
Create profile matrix with method 'bin' and step 0.7 ... OK
Create profile matrix with method 'bin' and step 0.7 ... OK
Create profile matrix with method 'bin' and step 0.7 ... OK
Create profile matrix with method 'bin' and step 0.7 ... OK
Create profile matrix with method 'bin' and step 0.7 ... OK
Create profile matrix with method 'bin' and step 0.7 ... OK
Create profile matrix with method 'bin' and step 0.7 ... OK
Create profile matrix with method 'bin' and step 0.7 ... OK
Processing 51352 mz slices ... OK
Create profile matrix with method 'bin' and step 1 ... OK
Create profile matrix with method 'bin' and step 1 ... OK
Create profile matrix with method 'bin' and step 1 ... OK
Create profile matrix with method 'bin' and step 1 ... OK
Create profile matrix with method 'bin' and step 1 ... OK
Processing 51352 mz slices ... OK
Create profile matrix with method 'bin' and step 1 ... OK
Create profile matrix with method 'bin' and step 1 ... OK
Create profile matrix with method 'bin' and step 1 ... OK
Create profile matrix with method 'bin' and step 1 ... OK
Create profile matrix with method 'bin' and step 1 ... OK
Processing 51352 mz slices ... OK
Create profile matrix with method 'bin' and step 1 ... OK
Create profile matrix with method 'bin' and step 1 ... OK
Create profile matrix with method 'bin' and step 1 ... OK
Create profile matrix with method 'bin' and step 1 ... OK
Create profile matrix with method 'bin' and step 1 ... OK
Processing 51352 mz slices ... OK
Create profile matrix with method 'bin' and step 1 ... OK
Create profile matrix with method 'bin' and step 1 ... OK
Create profile matrix with method 'bin' and step 1 ... OK
Create profile matrix with method 'bin' and step 1 ... OK
Create profile matrix with method 'bin' and step 1 ... OK
Processing 51352 mz slices ... OK
Create profile matrix with method 'bin' and step 0.7 ... OK
Create profile matrix with method 'bin' and step 0.7 ... OK
Create profile matrix with method 'bin' and step 0.7 ... OK
Create profile matrix with method 'bin' and step 0.7 ... OK
Create profile matrix with method 'bin' and step 0.7 ... OK
Create profile matrix with method 'bin' and step 0.7 ... OK
Create profile matrix with method 'bin' and step 0.7 ... OK
Create profile matrix with method 'bin' and step 0.7 ... OK
Processing 51352 mz slices ... OK
Create profile matrix with method 'bin' and step 0.7 ... OK
Create profile matrix with method 'bin' and step 0.7 ... OK
Create profile matrix with method 'bin' and step 0.7 ... OK
Create profile matrix with method 'bin' and step 0.7 ... OK
Create profile matrix with method 'bin' and step 0.7 ... OK
Create profile matrix with method 'bin' and step 0.7 ... OK
Create profile matrix with method 'bin' and step 0.7 ... OK
Create profile matrix with method 'bin' and step 0.7 ... OK
Processing 51352 mz slices ... OK
Create profile matrix with method 'bin' and step 0.7 ... OK
Create profile matrix with method 'bin' and step 0.7 ... OK
Create profile matrix with method 'bin' and step 0.7 ... OK
Create profile matrix with method 'bin' and step 0.7 ... OK
Create profile matrix with method 'bin' and step 0.7 ... OK
Create profile matrix with method 'bin' and step 0.7 ... OK
Create profile matrix with method 'bin' and step 0.7 ... OK
Create profile matrix with method 'bin' and step 0.7 ... OK
Processing 51352 mz slices ... OK
Create profile matrix with method 'bin' and step 0.7 ... OK
Create profile matrix with method 'bin' and step 0.7 ... OK
Create profile matrix with method 'bin' and step 0.7 ... OK
Create profile matrix with method 'bin' and step 0.7 ... OK
Create profile matrix with method 'bin' and step 0.7 ... OK
Create profile matrix with method 'bin' and step 0.7 ... OK
Create profile matrix with method 'bin' and step 0.7 ... OK
Create profile matrix with method 'bin' and step 0.7 ... OK
Processing 51352 mz slices ... OK
Create profile matrix with method 'bin' and step 1 ... OK
Create profile matrix with method 'bin' and step 1 ... OK
Create profile matrix with method 'bin' and step 1 ... OK
Create profile matrix with method 'bin' and step 1 ... OK
Create profile matrix with method 'bin' and step 1 ... OK
Processing 51352 mz slices ... OK
Create profile matrix with method 'bin' and step 1 ... OK
Create profile matrix with method 'bin' and step 1 ... OK
Create profile matrix with method 'bin' and step 1 ... OK
Create profile matrix with method 'bin' and step 1 ... OK
Create profile matrix with method 'bin' and step 1 ... OK
Processing 51352 mz slices ... OK
Create profile matrix with method 'bin' and step 1 ... OK
Create profile matrix with method 'bin' and step 1 ... OK
Create profile matrix with method 'bin' and step 1 ... OK
Create profile matrix with method 'bin' and step 1 ... OK
Create profile matrix with method 'bin' and step 1 ... OK
Processing 51352 mz slices ... OK
Create profile matrix with method 'bin' and step 1 ... OK
Create profile matrix with method 'bin' and step 1 ... OK
Create profile matrix with method 'bin' and step 1 ... OK
Create profile matrix with method 'bin' and step 1 ... OK
Create profile matrix with method 'bin' and step 1 ... OK
Processing 51352 mz slices ... OK
Create profile matrix with method 'bin' and step 0.85 ... OK
Create profile matrix with method 'bin' and step 0.85 ... OK
Create profile matrix with method 'bin' and step 0.85 ... OK
Create profile matrix with method 'bin' and step 0.85 ... OK
Create profile matrix with method 'bin' and step 0.85 ... OK
Create profile matrix with method 'bin' and step 0.85 ... OK
Create profile matrix with method 'bin' and step 0.85 ... OK
Create profile matrix with method 'bin' and step 0.85 ... OK
Processing 71893 mz slices ... OK
Create profile matrix with method 'bin' and step 0.85 ... OK
Create profile matrix with method 'bin' and step 0.85 ... OK
Create profile matrix with method 'bin' and step 0.85 ... OK
Create profile matrix with method 'bin' and step 0.85 ... OK
Create profile matrix with method 'bin' and step 0.85 ... OK
Create profile matrix with method 'bin' and step 0.85 ... OK
Create profile matrix with method 'bin' and step 0.85 ... OK
Create profile matrix with method 'bin' and step 0.85 ... OK
Processing 71893 mz slices ... OK
Create profile matrix with method 'bin' and step 0.85 ... OK
Create profile matrix with method 'bin' and step 0.85 ... OK
Create profile matrix with method 'bin' and step 0.85 ... OK
Create profile matrix with method 'bin' and step 0.85 ... OK
Create profile matrix with method 'bin' and step 0.85 ... OK
Create profile matrix with method 'bin' and step 0.85 ... OK
Create profile matrix with method 'bin' and step 0.85 ... OK
Create profile matrix with method 'bin' and step 0.85 ... OK
Processing 71893 mz slices ... OK
Create profile matrix with method 'bin' and step 0.85 ... OK
Create profile matrix with method 'bin' and step 0.85 ... OK
Create profile matrix with method 'bin' and step 0.85 ... OK
Create profile matrix with method 'bin' and step 0.85 ... OK
Create profile matrix with method 'bin' and step 0.85 ... OK
Create profile matrix with method 'bin' and step 0.85 ... OK
Create profile matrix with method 'bin' and step 0.85 ... OK
Create profile matrix with method 'bin' and step 0.85 ... OK
Processing 71893 mz slices ... OK
Create profile matrix with method 'bin' and step 0.85 ... OK
Create profile matrix with method 'bin' and step 0.85 ... OK
Create profile matrix with method 'bin' and step 0.85 ... OK
Create profile matrix with method 'bin' and step 0.85 ... OK
Create profile matrix with method 'bin' and step 0.85 ... OK
Create profile matrix with method 'bin' and step 0.85 ... OK
Create profile matrix with method 'bin' and step 0.85 ... OK
Create profile matrix with method 'bin' and step 0.85 ... OK
Processing 71893 mz slices ... OK
Create profile matrix with method 'bin' and step 0.7 ... OK
Create profile matrix with method 'bin' and step 0.7 ... OK
Create profile matrix with method 'bin' and step 0.7 ... OK
Create profile matrix with method 'bin' and step 0.7 ... OK
Create profile matrix with method 'bin' and step 0.7 ... OK
Create profile matrix with method 'bin' and step 0.7 ... OK
Create profile matrix with method 'bin' and step 0.7 ... OK
Create profile matrix with method 'bin' and step 0.7 ... OK
Processing 71893 mz slices ... OK
Create profile matrix with method 'bin' and step 1 ... OK
Create profile matrix with method 'bin' and step 1 ... OK
Create profile matrix with method 'bin' and step 1 ... OK
Create profile matrix with method 'bin' and step 1 ... OK
Create profile matrix with method 'bin' and step 1 ... OK
Processing 71893 mz slices ... OK
Create profile matrix with method 'bin' and step 0.85 ... OK
Create profile matrix with method 'bin' and step 0.85 ... OK
Create profile matrix with method 'bin' and step 0.85 ... OK
Create profile matrix with method 'bin' and step 0.85 ... OK
Create profile matrix with method 'bin' and step 0.85 ... OK
Create profile matrix with method 'bin' and step 0.85 ... OK
Create profile matrix with method 'bin' and step 0.85 ... OK
Create profile matrix with method 'bin' and step 0.85 ... OK
Processing 71893 mz slices ... OK
Create profile matrix with method 'bin' and step 0.85 ... OK
Create profile matrix with method 'bin' and step 0.85 ... OK
Create profile matrix with method 'bin' and step 0.85 ... OK
Create profile matrix with method 'bin' and step 0.85 ... OK
Create profile matrix with method 'bin' and step 0.85 ... OK
Create profile matrix with method 'bin' and step 0.85 ... OK
Create profile matrix with method 'bin' and step 0.85 ... OK
Create profile matrix with method 'bin' and step 0.85 ... OK
Processing 71893 mz slices ... OK
Create profile matrix with method 'bin' and step 0.85 ... OK
Create profile matrix with method 'bin' and step 0.85 ... OK
Create profile matrix with method 'bin' and step 0.85 ... OK
Create profile matrix with method 'bin' and step 0.85 ... OK
Create profile matrix with method 'bin' and step 0.85 ... OK
Create profile matrix with method 'bin' and step 0.85 ... OK
Create profile matrix with method 'bin' and step 0.85 ... OK
Create profile matrix with method 'bin' and step 0.85 ... OK
Processing 119820 mz slices ... OK
Create profile matrix with method 'bin' and step 0.85 ... OK
Create profile matrix with method 'bin' and step 0.85 ... OK
Create profile matrix with method 'bin' and step 0.85 ... OK
Create profile matrix with method 'bin' and step 0.85 ... OK
Create profile matrix with method 'bin' and step 0.85 ... OK
Create profile matrix with method 'bin' and step 0.85 ... OK
Create profile matrix with method 'bin' and step 0.85 ... OK
Create profile matrix with method 'bin' and step 0.85 ... OK
Processing 51352 mz slices ... OK
Create profile matrix with method 'bin' and step 0.85 ... OK
Create profile matrix with method 'bin' and step 0.85 ... OK
Create profile matrix with method 'bin' and step 0.85 ... OK
Create profile matrix with method 'bin' and step 0.85 ... OK
Create profile matrix with method 'bin' and step 0.85 ... OK
Create profile matrix with method 'bin' and step 0.85 ... OK
Create profile matrix with method 'bin' and step 0.85 ... OK
Create profile matrix with method 'bin' and step 0.85 ... OK
Processing 71893 mz slices ... OK
Create profile matrix with method 'bin' and step 0.85 ... OK
Create profile matrix with method 'bin' and step 0.85 ... OK
Create profile matrix with method 'bin' and step 0.85 ... OK
Create profile matrix with method 'bin' and step 0.85 ... OK
Create profile matrix with method 'bin' and step 0.85 ... OK
Create profile matrix with method 'bin' and step 0.85 ... OK
Create profile matrix with method 'bin' and step 0.85 ... OK
Create profile matrix with method 'bin' and step 0.85 ... OK
Processing 119820 mz slices ... OK



starting new DoE with:

gapInit: c(0.16, 0.64)
gapExtend: c(2.16, 2.64)
profStep: c(0.73, 0.97)
bw: c(12.4, 31.6)
mzwid: c(0.003, 0.027)
distFunc: cor_opt
plottype: none
response: 1
factorDiag: 2
factorGap: 1
localAlignment: 0
retcorMethod: obiwarp
minfrac: 0.05
minsamp: 1
max: 50
center: 5

Create profile matrix with method 'bin' and step 0.73 ... OK
Create profile matrix with method 'bin' and step 0.73 ... OK
Create profile matrix with method 'bin' and step 0.73 ... OK
Create profile matrix with method 'bin' and step 0.73 ... OK
Create profile matrix with method 'bin' and step 0.73 ... OK
Create profile matrix with method 'bin' and step 0.73 ... OK
Create profile matrix with method 'bin' and step 0.73 ... OK
Create profile matrix with method 'bin' and step 0.73 ... OK
Processing 599096 mz slices ... OK
Create profile matrix with method 'bin' and step 0.73 ... OK
Create profile matrix with method 'bin' and step 0.73 ... OK
Create profile matrix with method 'bin' and step 0.73 ... OK
Create profile matrix with method 'bin' and step 0.73 ... OK
Create profile matrix with method 'bin' and step 0.73 ... OK
Create profile matrix with method 'bin' and step 0.73 ... OK
Create profile matrix with method 'bin' and step 0.73 ... OK
Create profile matrix with method 'bin' and step 0.73 ... OK
Processing 599096 mz slices ... OK
Create profile matrix with method 'bin' and step 0.73 ... OK
Create profile matrix with method 'bin' and step 0.73 ... OK
Create profile matrix with method 'bin' and step 0.73 ... OK
Create profile matrix with method 'bin' and step 0.73 ... OK
Create profile matrix with method 'bin' and step 0.73 ... OK
Create profile matrix with method 'bin' and step 0.73 ... OK
Create profile matrix with method 'bin' and step 0.73 ... OK
Create profile matrix with method 'bin' and step 0.73 ... OK
Processing 599096 mz slices ... OK
Create profile matrix with method 'bin' and step 0.73 ... OK
Create profile matrix with method 'bin' and step 0.73 ... OK
Create profile matrix with method 'bin' and step 0.73 ... OK
Create profile matrix with method 'bin' and step 0.73 ... OK
Create profile matrix with method 'bin' and step 0.73 ... OK
Create profile matrix with method 'bin' and step 0.73 ... OK
Create profile matrix with method 'bin' and step 0.73 ... OK
Create profile matrix with method 'bin' and step 0.73 ... OK
Processing 599096 mz slices ... OK
Create profile matrix with method 'bin' and step 0.97 ... OK
Create profile matrix with method 'bin' and step 0.97 ... OK
Create profile matrix with method 'bin' and step 0.97 ... OK
Create profile matrix with method 'bin' and step 0.97 ... OK
Create profile matrix with method 'bin' and step 0.97 ... OK
Create profile matrix with method 'bin' and step 0.97 ... OK
Create profile matrix with method 'bin' and step 0.97 ... OK
Create profile matrix with method 'bin' and step 0.97 ... OK
Processing 599096 mz slices ... OK
Create profile matrix with method 'bin' and step 0.97 ... OK
Create profile matrix with method 'bin' and step 0.97 ... OK
Create profile matrix with method 'bin' and step 0.97 ... OK
Create profile matrix with method 'bin' and step 0.97 ... OK
Create profile matrix with method 'bin' and step 0.97 ... OK
Create profile matrix with method 'bin' and step 0.97 ... OK
Create profile matrix with method 'bin' and step 0.97 ... OK
Create profile matrix with method 'bin' and step 0.97 ... OK
Processing 599096 mz slices ... OK
Create profile matrix with method 'bin' and step 0.97 ... OK
Create profile matrix with method 'bin' and step 0.97 ... OK
Create profile matrix with method 'bin' and step 0.97 ... OK
Create profile matrix with method 'bin' and step 0.97 ... OK
Create profile matrix with method 'bin' and step 0.97 ... OK
Create profile matrix with method 'bin' and step 0.97 ... OK
Create profile matrix with method 'bin' and step 0.97 ... OK
Create profile matrix with method 'bin' and step 0.97 ... OK
Processing 599096 mz slices ... OK
Create profile matrix with method 'bin' and step 0.97 ... OK
Create profile matrix with method 'bin' and step 0.97 ... OK
Create profile matrix with method 'bin' and step 0.97 ... OK
Create profile matrix with method 'bin' and step 0.97 ... OK
Create profile matrix with method 'bin' and step 0.97 ... OK
Create profile matrix with method 'bin' and step 0.97 ... OK
Create profile matrix with method 'bin' and step 0.97 ... OK
Create profile matrix with method 'bin' and step 0.97 ... OK
Processing 599096 mz slices ... OK
Create profile matrix with method 'bin' and step 0.73 ... OK
Create profile matrix with method 'bin' and step 0.73 ... OK
Create profile matrix with method 'bin' and step 0.73 ... OK
Create profile matrix with method 'bin' and step 0.73 ... OK
Create profile matrix with method 'bin' and step 0.73 ... OK
Create profile matrix with method 'bin' and step 0.73 ... OK
Create profile matrix with method 'bin' and step 0.73 ... OK
Create profile matrix with method 'bin' and step 0.73 ... OK
Processing 599096 mz slices ... OK
Create profile matrix with method 'bin' and step 0.73 ... OK
Create profile matrix with method 'bin' and step 0.73 ... OK
Create profile matrix with method 'bin' and step 0.73 ... OK
Create profile matrix with method 'bin' and step 0.73 ... OK
Create profile matrix with method 'bin' and step 0.73 ... OK
Create profile matrix with method 'bin' and step 0.73 ... OK
Create profile matrix with method 'bin' and step 0.73 ... OK
Create profile matrix with method 'bin' and step 0.73 ... OK
Processing 599096 mz slices ... OK
Create profile matrix with method 'bin' and step 0.73 ... OK
Create profile matrix with method 'bin' and step 0.73 ... OK
Create profile matrix with method 'bin' and step 0.73 ... OK
Create profile matrix with method 'bin' and step 0.73 ... OK
Create profile matrix with method 'bin' and step 0.73 ... OK
Create profile matrix with method 'bin' and step 0.73 ... OK
Create profile matrix with method 'bin' and step 0.73 ... OK
Create profile matrix with method 'bin' and step 0.73 ... OK
Processing 599096 mz slices ... OK
Create profile matrix with method 'bin' and step 0.73 ... OK
Create profile matrix with method 'bin' and step 0.73 ... OK
Create profile matrix with method 'bin' and step 0.73 ... OK
Create profile matrix with method 'bin' and step 0.73 ... OK
Create profile matrix with method 'bin' and step 0.73 ... OK
Create profile matrix with method 'bin' and step 0.73 ... OK
Create profile matrix with method 'bin' and step 0.73 ... OK
Create profile matrix with method 'bin' and step 0.73 ... OK
Processing 599096 mz slices ... OK
Create profile matrix with method 'bin' and step 0.97 ... OK
Create profile matrix with method 'bin' and step 0.97 ... OK
Create profile matrix with method 'bin' and step 0.97 ... OK
Create profile matrix with method 'bin' and step 0.97 ... OK
Create profile matrix with method 'bin' and step 0.97 ... OK
Create profile matrix with method 'bin' and step 0.97 ... OK
Create profile matrix with method 'bin' and step 0.97 ... OK
Create profile matrix with method 'bin' and step 0.97 ... OK
Processing 599096 mz slices ... OK
Create profile matrix with method 'bin' and step 0.97 ... OK
Create profile matrix with method 'bin' and step 0.97 ... OK
Create profile matrix with method 'bin' and step 0.97 ... OK
Create profile matrix with method 'bin' and step 0.97 ... OK
Create profile matrix with method 'bin' and step 0.97 ... OK
Create profile matrix with method 'bin' and step 0.97 ... OK
Create profile matrix with method 'bin' and step 0.97 ... OK
Create profile matrix with method 'bin' and step 0.97 ... OK
Processing 599096 mz slices ... OK
Create profile matrix with method 'bin' and step 0.97 ... OK
Create profile matrix with method 'bin' and step 0.97 ... OK
Create profile matrix with method 'bin' and step 0.97 ... OK
Create profile matrix with method 'bin' and step 0.97 ... OK
Create profile matrix with method 'bin' and step 0.97 ... OK
Create profile matrix with method 'bin' and step 0.97 ... OK
Create profile matrix with method 'bin' and step 0.97 ... OK
Create profile matrix with method 'bin' and step 0.97 ... OK
Processing 599096 mz slices ... OK
Create profile matrix with method 'bin' and step 0.97 ... OK
Create profile matrix with method 'bin' and step 0.97 ... OK
Create profile matrix with method 'bin' and step 0.97 ... OK
Create profile matrix with method 'bin' and step 0.97 ... OK
Create profile matrix with method 'bin' and step 0.97 ... OK
Create profile matrix with method 'bin' and step 0.97 ... OK
Create profile matrix with method 'bin' and step 0.97 ... OK
Create profile matrix with method 'bin' and step 0.97 ... OK
Processing 599096 mz slices ... OK
Create profile matrix with method 'bin' and step 0.73 ... OK
Create profile matrix with method 'bin' and step 0.73 ... OK
Create profile matrix with method 'bin' and step 0.73 ... OK
Create profile matrix with method 'bin' and step 0.73 ... OK
Create profile matrix with method 'bin' and step 0.73 ... OK
Create profile matrix with method 'bin' and step 0.73 ... OK
Create profile matrix with method 'bin' and step 0.73 ... OK
Create profile matrix with method 'bin' and step 0.73 ... OK
Processing 66568 mz slices ... OK
Create profile matrix with method 'bin' and step 0.73 ... OK
Create profile matrix with method 'bin' and step 0.73 ... OK
Create profile matrix with method 'bin' and step 0.73 ... OK
Create profile matrix with method 'bin' and step 0.73 ... OK
Create profile matrix with method 'bin' and step 0.73 ... OK
Create profile matrix with method 'bin' and step 0.73 ... OK
Create profile matrix with method 'bin' and step 0.73 ... OK
Create profile matrix with method 'bin' and step 0.73 ... OK
Processing 66568 mz slices ... OK
Create profile matrix with method 'bin' and step 0.73 ... OK
Create profile matrix with method 'bin' and step 0.73 ... OK
Create profile matrix with method 'bin' and step 0.73 ... OK
Create profile matrix with method 'bin' and step 0.73 ... OK
Create profile matrix with method 'bin' and step 0.73 ... OK
Create profile matrix with method 'bin' and step 0.73 ... OK
Create profile matrix with method 'bin' and step 0.73 ... OK
Create profile matrix with method 'bin' and step 0.73 ... OK
Processing 66568 mz slices ... OK
Create profile matrix with method 'bin' and step 0.73 ... OK
Create profile matrix with method 'bin' and step 0.73 ... OK
Create profile matrix with method 'bin' and step 0.73 ... OK
Create profile matrix with method 'bin' and step 0.73 ... OK
Create profile matrix with method 'bin' and step 0.73 ... OK
Create profile matrix with method 'bin' and step 0.73 ... OK
Create profile matrix with method 'bin' and step 0.73 ... OK
Create profile matrix with method 'bin' and step 0.73 ... OK
Processing 66568 mz slices ... OK
Create profile matrix with method 'bin' and step 0.97 ... OK
Create profile matrix with method 'bin' and step 0.97 ... OK
Create profile matrix with method 'bin' and step 0.97 ... OK
Create profile matrix with method 'bin' and step 0.97 ... OK
Create profile matrix with method 'bin' and step 0.97 ... OK
Create profile matrix with method 'bin' and step 0.97 ... OK
Create profile matrix with method 'bin' and step 0.97 ... OK
Create profile matrix with method 'bin' and step 0.97 ... OK
Processing 66568 mz slices ... OK
Create profile matrix with method 'bin' and step 0.97 ... OK
Create profile matrix with method 'bin' and step 0.97 ... OK
Create profile matrix with method 'bin' and step 0.97 ... OK
Create profile matrix with method 'bin' and step 0.97 ... OK
Create profile matrix with method 'bin' and step 0.97 ... OK
Create profile matrix with method 'bin' and step 0.97 ... OK
Create profile matrix with method 'bin' and step 0.97 ... OK
Create profile matrix with method 'bin' and step 0.97 ... OK
Processing 66568 mz slices ... OK
Create profile matrix with method 'bin' and step 0.97 ... OK
Create profile matrix with method 'bin' and step 0.97 ... OK
Create profile matrix with method 'bin' and step 0.97 ... OK
Create profile matrix with method 'bin' and step 0.97 ... OK
Create profile matrix with method 'bin' and step 0.97 ... OK
Create profile matrix with method 'bin' and step 0.97 ... OK
Create profile matrix with method 'bin' and step 0.97 ... OK
Create profile matrix with method 'bin' and step 0.97 ... OK
Processing 66568 mz slices ... OK
Create profile matrix with method 'bin' and step 0.97 ... OK
Create profile matrix with method 'bin' and step 0.97 ... OK
Create profile matrix with method 'bin' and step 0.97 ... OK
Create profile matrix with method 'bin' and step 0.97 ... OK
Create profile matrix with method 'bin' and step 0.97 ... OK
Create profile matrix with method 'bin' and step 0.97 ... OK
Create profile matrix with method 'bin' and step 0.97 ... OK
Create profile matrix with method 'bin' and step 0.97 ... OK
Processing 66568 mz slices ... OK
Create profile matrix with method 'bin' and step 0.73 ... OK
Create profile matrix with method 'bin' and step 0.73 ... OK
Create profile matrix with method 'bin' and step 0.73 ... OK
Create profile matrix with method 'bin' and step 0.73 ... OK
Create profile matrix with method 'bin' and step 0.73 ... OK
Create profile matrix with method 'bin' and step 0.73 ... OK
Create profile matrix with method 'bin' and step 0.73 ... OK
Create profile matrix with method 'bin' and step 0.73 ... OK
Processing 66568 mz slices ... OK
Create profile matrix with method 'bin' and step 0.73 ... OK
Create profile matrix with method 'bin' and step 0.73 ... OK
Create profile matrix with method 'bin' and step 0.73 ... OK
Create profile matrix with method 'bin' and step 0.73 ... OK
Create profile matrix with method 'bin' and step 0.73 ... OK
Create profile matrix with method 'bin' and step 0.73 ... OK
Create profile matrix with method 'bin' and step 0.73 ... OK
Create profile matrix with method 'bin' and step 0.73 ... OK
Processing 66568 mz slices ... OK
Create profile matrix with method 'bin' and step 0.73 ... OK
Create profile matrix with method 'bin' and step 0.73 ... OK
Create profile matrix with method 'bin' and step 0.73 ... OK
Create profile matrix with method 'bin' and step 0.73 ... OK
Create profile matrix with method 'bin' and step 0.73 ... OK
Create profile matrix with method 'bin' and step 0.73 ... OK
Create profile matrix with method 'bin' and step 0.73 ... OK
Create profile matrix with method 'bin' and step 0.73 ... OK
Processing 66568 mz slices ... OK
Create profile matrix with method 'bin' and step 0.73 ... OK
Create profile matrix with method 'bin' and step 0.73 ... OK
Create profile matrix with method 'bin' and step 0.73 ... OK
Create profile matrix with method 'bin' and step 0.73 ... OK
Create profile matrix with method 'bin' and step 0.73 ... OK
Create profile matrix with method 'bin' and step 0.73 ... OK
Create profile matrix with method 'bin' and step 0.73 ... OK
Create profile matrix with method 'bin' and step 0.73 ... OK
Processing 66568 mz slices ... OK
Create profile matrix with method 'bin' and step 0.97 ... OK
Create profile matrix with method 'bin' and step 0.97 ... OK
Create profile matrix with method 'bin' and step 0.97 ... OK
Create profile matrix with method 'bin' and step 0.97 ... OK
Create profile matrix with method 'bin' and step 0.97 ... OK
Create profile matrix with method 'bin' and step 0.97 ... OK
Create profile matrix with method 'bin' and step 0.97 ... OK
Create profile matrix with method 'bin' and step 0.97 ... OK
Processing 66568 mz slices ... OK
Create profile matrix with method 'bin' and step 0.97 ... OK
Create profile matrix with method 'bin' and step 0.97 ... OK
Create profile matrix with method 'bin' and step 0.97 ... OK
Create profile matrix with method 'bin' and step 0.97 ... OK
Create profile matrix with method 'bin' and step 0.97 ... OK
Create profile matrix with method 'bin' and step 0.97 ... OK
Create profile matrix with method 'bin' and step 0.97 ... OK
Create profile matrix with method 'bin' and step 0.97 ... OK
Processing 66568 mz slices ... OK
Create profile matrix with method 'bin' and step 0.97 ... OK
Create profile matrix with method 'bin' and step 0.97 ... OK
Create profile matrix with method 'bin' and step 0.97 ... OK
Create profile matrix with method 'bin' and step 0.97 ... OK
Create profile matrix with method 'bin' and step 0.97 ... OK
Create profile matrix with method 'bin' and step 0.97 ... OK
Create profile matrix with method 'bin' and step 0.97 ... OK
Create profile matrix with method 'bin' and step 0.97 ... OK
Processing 66568 mz slices ... OK
Create profile matrix with method 'bin' and step 0.97 ... OK
Create profile matrix with method 'bin' and step 0.97 ... OK
Create profile matrix with method 'bin' and step 0.97 ... OK
Create profile matrix with method 'bin' and step 0.97 ... OK
Create profile matrix with method 'bin' and step 0.97 ... OK
Create profile matrix with method 'bin' and step 0.97 ... OK
Create profile matrix with method 'bin' and step 0.97 ... OK
Create profile matrix with method 'bin' and step 0.97 ... OK
Processing 66568 mz slices ... OK
Create profile matrix with method 'bin' and step 0.85 ... OK
Create profile matrix with method 'bin' and step 0.85 ... OK
Create profile matrix with method 'bin' and step 0.85 ... OK
Create profile matrix with method 'bin' and step 0.85 ... OK
Create profile matrix with method 'bin' and step 0.85 ... OK
Create profile matrix with method 'bin' and step 0.85 ... OK
Create profile matrix with method 'bin' and step 0.85 ... OK
Create profile matrix with method 'bin' and step 0.85 ... OK
Processing 119820 mz slices ... OK
Create profile matrix with method 'bin' and step 0.85 ... OK
Create profile matrix with method 'bin' and step 0.85 ... OK
Create profile matrix with method 'bin' and step 0.85 ... OK
Create profile matrix with method 'bin' and step 0.85 ... OK
Create profile matrix with method 'bin' and step 0.85 ... OK
Create profile matrix with method 'bin' and step 0.85 ... OK
Create profile matrix with method 'bin' and step 0.85 ... OK
Create profile matrix with method 'bin' and step 0.85 ... OK
Processing 119820 mz slices ... OK
Create profile matrix with method 'bin' and step 0.85 ... OK
Create profile matrix with method 'bin' and step 0.85 ... OK
Create profile matrix with method 'bin' and step 0.85 ... OK
Create profile matrix with method 'bin' and step 0.85 ... OK
Create profile matrix with method 'bin' and step 0.85 ... OK
Create profile matrix with method 'bin' and step 0.85 ... OK
Create profile matrix with method 'bin' and step 0.85 ... OK
Create profile matrix with method 'bin' and step 0.85 ... OK
Processing 119820 mz slices ... OK
Create profile matrix with method 'bin' and step 0.85 ... OK
Create profile matrix with method 'bin' and step 0.85 ... OK
Create profile matrix with method 'bin' and step 0.85 ... OK
Create profile matrix with method 'bin' and step 0.85 ... OK
Create profile matrix with method 'bin' and step 0.85 ... OK
Create profile matrix with method 'bin' and step 0.85 ... OK
Create profile matrix with method 'bin' and step 0.85 ... OK
Create profile matrix with method 'bin' and step 0.85 ... OK
Processing 119820 mz slices ... OK
Create profile matrix with method 'bin' and step 0.85 ... OK
Create profile matrix with method 'bin' and step 0.85 ... OK
Create profile matrix with method 'bin' and step 0.85 ... OK
Create profile matrix with method 'bin' and step 0.85 ... OK
Create profile matrix with method 'bin' and step 0.85 ... OK
Create profile matrix with method 'bin' and step 0.85 ... OK
Create profile matrix with method 'bin' and step 0.85 ... OK
Create profile matrix with method 'bin' and step 0.85 ... OK
Processing 119820 mz slices ... OK
Create profile matrix with method 'bin' and step 0.73 ... OK
Create profile matrix with method 'bin' and step 0.73 ... OK
Create profile matrix with method 'bin' and step 0.73 ... OK
Create profile matrix with method 'bin' and step 0.73 ... OK
Create profile matrix with method 'bin' and step 0.73 ... OK
Create profile matrix with method 'bin' and step 0.73 ... OK
Create profile matrix with method 'bin' and step 0.73 ... OK
Create profile matrix with method 'bin' and step 0.73 ... OK
Processing 119820 mz slices ... OK
Create profile matrix with method 'bin' and step 0.97 ... OK
Create profile matrix with method 'bin' and step 0.97 ... OK
Create profile matrix with method 'bin' and step 0.97 ... OK
Create profile matrix with method 'bin' and step 0.97 ... OK
Create profile matrix with method 'bin' and step 0.97 ... OK
Create profile matrix with method 'bin' and step 0.97 ... OK
Create profile matrix with method 'bin' and step 0.97 ... OK
Create profile matrix with method 'bin' and step 0.97 ... OK
Processing 119820 mz slices ... OK
Create profile matrix with method 'bin' and step 0.85 ... OK
Create profile matrix with method 'bin' and step 0.85 ... OK
Create profile matrix with method 'bin' and step 0.85 ... OK
Create profile matrix with method 'bin' and step 0.85 ... OK
Create profile matrix with method 'bin' and step 0.85 ... OK
Create profile matrix with method 'bin' and step 0.85 ... OK
Create profile matrix with method 'bin' and step 0.85 ... OK
Create profile matrix with method 'bin' and step 0.85 ... OK
Processing 119820 mz slices ... OK
Create profile matrix with method 'bin' and step 0.85 ... OK
Create profile matrix with method 'bin' and step 0.85 ... OK
Create profile matrix with method 'bin' and step 0.85 ... OK
Create profile matrix with method 'bin' and step 0.85 ... OK
Create profile matrix with method 'bin' and step 0.85 ... OK
Create profile matrix with method 'bin' and step 0.85 ... OK
Create profile matrix with method 'bin' and step 0.85 ... OK
Create profile matrix with method 'bin' and step 0.85 ... OK
Processing 119820 mz slices ... OK
Create profile matrix with method 'bin' and step 0.85 ... OK
Create profile matrix with method 'bin' and step 0.85 ... OK
Create profile matrix with method 'bin' and step 0.85 ... OK
Create profile matrix with method 'bin' and step 0.85 ... OK
Create profile matrix with method 'bin' and step 0.85 ... OK
Create profile matrix with method 'bin' and step 0.85 ... OK
Create profile matrix with method 'bin' and step 0.85 ... OK
Create profile matrix with method 'bin' and step 0.85 ... OK
Processing 599096 mz slices ... OK
Create profile matrix with method 'bin' and step 0.85 ... OK
Create profile matrix with method 'bin' and step 0.85 ... OK
Create profile matrix with method 'bin' and step 0.85 ... OK
Create profile matrix with method 'bin' and step 0.85 ... OK
Create profile matrix with method 'bin' and step 0.85 ... OK
Create profile matrix with method 'bin' and step 0.85 ... OK
Create profile matrix with method 'bin' and step 0.85 ... OK
Create profile matrix with method 'bin' and step 0.85 ... OK
Processing 66568 mz slices ... OK
Create profile matrix with method 'bin' and step 0.85 ... OK
Create profile matrix with method 'bin' and step 0.85 ... OK
Create profile matrix with method 'bin' and step 0.85 ... OK
Create profile matrix with method 'bin' and step 0.85 ... OK
Create profile matrix with method 'bin' and step 0.85 ... OK
Create profile matrix with method 'bin' and step 0.85 ... OK
Create profile matrix with method 'bin' and step 0.85 ... OK
Create profile matrix with method 'bin' and step 0.85 ... OK
Processing 119820 mz slices ... OK
Create profile matrix with method 'bin' and step 0.97 ... OK
Create profile matrix with method 'bin' and step 0.97 ... OK
Create profile matrix with method 'bin' and step 0.97 ... OK
Create profile matrix with method 'bin' and step 0.97 ... OK
Create profile matrix with method 'bin' and step 0.97 ... OK
Create profile matrix with method 'bin' and step 0.97 ... OK
Create profile matrix with method 'bin' and step 0.97 ... OK
Create profile matrix with method 'bin' and step 0.97 ... OK
Processing 176206 mz slices ... OK
profStep or minfrac greater 1, decreasing to 0.77 and 1



starting new DoE with:

gapInit: c(0.352, 0.928)
gapExtend: c(2.112, 2.688)
profStep: c(0.77, 1)
bw: c(0.879999999999999, 23.92)
mzwid: c(1e-04, 0.0241)
distFunc: cor_opt
plottype: none
response: 1
factorDiag: 2
factorGap: 1
localAlignment: 0
retcorMethod: obiwarp
minfrac: 0.05
minsamp: 1
max: 50
center: 5

Create profile matrix with method 'bin' and step 0.77 ... OK
Create profile matrix with method 'bin' and step 0.77 ... OK
Create profile matrix with method 'bin' and step 0.77 ... OK
Create profile matrix with method 'bin' and step 0.77 ... OK
Create profile matrix with method 'bin' and step 0.77 ... OK
Create profile matrix with method 'bin' and step 0.77 ... OK
Create profile matrix with method 'bin' and step 0.77 ... OK
Create profile matrix with method 'bin' and step 0.77 ... OK
Processing 17972851 mz slices ... OK
Create profile matrix with method 'bin' and step 0.77 ... OK
Create profile matrix with method 'bin' and step 0.77 ... OK
Create profile matrix with method 'bin' and step 0.77 ... OK
Create profile matrix with method 'bin' and step 0.77 ... OK
Create profile matrix with method 'bin' and step 0.77 ... OK
Create profile matrix with method 'bin' and step 0.77 ... OK
Create profile matrix with method 'bin' and step 0.77 ... OK
Create profile matrix with method 'bin' and step 0.77 ... OK
Processing 17972851 mz slices ... OK
Create profile matrix with method 'bin' and step 0.77 ... OK
Create profile matrix with method 'bin' and step 0.77 ... OK
Create profile matrix with method 'bin' and step 0.77 ... OK
Create profile matrix with method 'bin' and step 0.77 ... OK
Create profile matrix with method 'bin' and step 0.77 ... OK
Create profile matrix with method 'bin' and step 0.77 ... OK
Create profile matrix with method 'bin' and step 0.77 ... OK
Create profile matrix with method 'bin' and step 0.77 ... OK
Processing 17972851 mz slices ... OK
Create profile matrix with method 'bin' and step 0.77 ... OK
Create profile matrix with method 'bin' and step 0.77 ... OK
Create profile matrix with method 'bin' and step 0.77 ... OK
Create profile matrix with method 'bin' and step 0.77 ... OK
Create profile matrix with method 'bin' and step 0.77 ... OK
Create profile matrix with method 'bin' and step 0.77 ... OK
Create profile matrix with method 'bin' and step 0.77 ... OK
Create profile matrix with method 'bin' and step 0.77 ... OK
Processing 17972851 mz slices ... 