center sample:  Person27_plasma_youth_NEG 
Processing: Person14_plasma_youth_NEG  Person29_plasma_elder_NEG  Person28_plasma_youth_NEG  Person22_plasma_elder_NEG  
center sample:  Person27_plasma_youth_NEG 
Processing: Person14_plasma_youth_NEG  Person29_plasma_elder_NEG  Person28_plasma_youth_NEG  Person22_plasma_elder_NEG  
center sample:  Person27_plasma_youth_NEG 
Processing: Person14_plasma_youth_NEG  Person29_plasma_elder_NEG  Person28_plasma_youth_NEG  Person22_plasma_elder_NEG  
center sample:  Person27_plasma_youth_NEG 
Processing: Person14_plasma_youth_NEG  Person29_plasma_elder_NEG  Person28_plasma_youth_NEG  Person22_plasma_elder_NEG  
center sample:  Person27_plasma_youth_NEG 
Processing: Person14_plasma_youth_NEG  Person29_plasma_elder_NEG  Person28_plasma_youth_NEG  Person22_plasma_elder_NEG  
center sample:  Person27_plasma_youth_NEG 
Processing: Person14_plasma_youth_NEG  Person29_plasma_elder_NEG  Person28_plasma_youth_NEG  Person22_plasma_elder_NEG  
center sample:  Person27_plasma_youth_NEG 
Processing: Person14_plasma_youth_NEG  Person29_plasma_elder_NEG  Person28_plasma_youth_NEG  Person22_plasma_elder_NEG  
center sample:  Person27_plasma_youth_NEG 
Processing: Person14_plasma_youth_NEG  Person29_plasma_elder_NEG  Person28_plasma_youth_NEG  Person22_plasma_elder_NEG  
center sample:  Person27_plasma_youth_NEG 
Processing: Person14_plasma_youth_NEG  Person29_plasma_elder_NEG  Person28_plasma_youth_NEG  Person22_plasma_elder_NEG  
center sample:  Person27_plasma_youth_NEG 
Processing: Person14_plasma_youth_NEG  Person29_plasma_elder_NEG  Person28_plasma_youth_NEG  Person22_plasma_elder_NEG  
center sample:  Person27_plasma_youth_NEG 
Processing: Person14_plasma_youth_NEG  Person29_plasma_elder_NEG  Person28_plasma_youth_NEG  Person22_plasma_elder_NEG  
center sample:  Person27_plasma_youth_NEG 
Processing: Person14_plasma_youth_NEG  Person29_plasma_elder_NEG  Person28_plasma_youth_NEG  Person22_plasma_elder_NEG  
center sample:  Person27_plasma_youth_NEG 
Processing: Person14_plasma_youth_NEG  Person29_plasma_elder_NEG  Person28_plasma_youth_NEG  Person22_plasma_elder_NEG  
center sample:  Person27_plasma_youth_NEG 
Processing: Person14_plasma_youth_NEG  Person29_plasma_elder_NEG  Person28_plasma_youth_NEG  Person22_plasma_elder_NEG  
center sample:  Person27_plasma_youth_NEG 
Processing: Person14_plasma_youth_NEG  Person29_plasma_elder_NEG  Person28_plasma_youth_NEG  Person22_plasma_elder_NEG  
center sample:  Person27_plasma_youth_NEG 
Processing: Person14_plasma_youth_NEG  Person29_plasma_elder_NEG  Person28_plasma_youth_NEG  Person22_plasma_elder_NEG  
center sample:  Person27_plasma_youth_NEG 
Processing: Person14_plasma_youth_NEG  Person29_plasma_elder_NEG  Person28_plasma_youth_NEG  Person22_plasma_elder_NEG  
center sample:  Person27_plasma_youth_NEG 
Processing: Person14_plasma_youth_NEG  Person29_plasma_elder_NEG  Person28_plasma_youth_NEG  Person22_plasma_elder_NEG  
center sample:  Person27_plasma_youth_NEG 
Processing: Person14_plasma_youth_NEG  Person29_plasma_elder_NEG  Person28_plasma_youth_NEG  Person22_plasma_elder_NEG  
center sample:  Person27_plasma_youth_NEG 
Processing: Person14_plasma_youth_NEG  Person29_plasma_elder_NEG  Person28_plasma_youth_NEG  Person22_plasma_elder_NEG  
center sample:  Person27_plasma_youth_NEG 
Processing: Person14_plasma_youth_NEG  Person29_plasma_elder_NEG  Person28_plasma_youth_NEG  Person22_plasma_elder_NEG  
center sample:  Person27_plasma_youth_NEG 
Processing: Person14_plasma_youth_NEG  Person29_plasma_elder_NEG  Person28_plasma_youth_NEG  Person22_plasma_elder_NEG  
center sample:  Person27_plasma_youth_NEG 
Processing: Person14_plasma_youth_NEG  Person29_plasma_elder_NEG  Person28_plasma_youth_NEG  Person22_plasma_elder_NEG  
center sample:  Person27_plasma_youth_NEG 
Processing: Person14_plasma_youth_NEG  Person29_plasma_elder_NEG  Person28_plasma_youth_NEG  Person22_plasma_elder_NEG  
center sample:  Person27_plasma_youth_NEG 
Processing: Person14_plasma_youth_NEG  Person29_plasma_elder_NEG  Person28_plasma_youth_NEG  Person22_plasma_elder_NEG  
center sample:  Person27_plasma_youth_NEG 
Processing: Person14_plasma_youth_NEG  Person29_plasma_elder_NEG  Person28_plasma_youth_NEG  Person22_plasma_elder_NEG  
center sample:  Person27_plasma_youth_NEG 
Processing: Person14_plasma_youth_NEG  Person29_plasma_elder_NEG  Person28_plasma_youth_NEG  Person22_plasma_elder_NEG  
center sample:  Person27_plasma_youth_NEG 
Processing: Person14_plasma_youth_NEG  Person29_plasma_elder_NEG  Person28_plasma_youth_NEG  Person22_plasma_elder_NEG  
center sample:  Person27_plasma_youth_NEG 
Processing: Person14_plasma_youth_NEG  Person29_plasma_elder_NEG  Person28_plasma_youth_NEG  Person22_plasma_elder_NEG  
center sample:  Person27_plasma_youth_NEG 
Processing: Person14_plasma_youth_NEG  Person29_plasma_elder_NEG  Person28_plasma_youth_NEG  Person22_plasma_elder_NEG  
center sample:  Person27_plasma_youth_NEG 
Processing: Person14_plasma_youth_NEG  Person29_plasma_elder_NEG  Person28_plasma_youth_NEG  Person22_plasma_elder_NEG  
center sample:  Person27_plasma_youth_NEG 
Processing: Person14_plasma_youth_NEG  Person29_plasma_elder_NEG  Person28_plasma_youth_NEG  Person22_plasma_elder_NEG  
center sample:  Person27_plasma_youth_NEG 
Processing: Person14_plasma_youth_NEG  Person29_plasma_elder_NEG  Person28_plasma_youth_NEG  Person22_plasma_elder_NEG  
center sample:  Person27_plasma_youth_NEG 
Processing: Person14_plasma_youth_NEG  Person29_plasma_elder_NEG  Person28_plasma_youth_NEG  Person22_plasma_elder_NEG  
center sample:  Person27_plasma_youth_NEG 
Processing: Person14_plasma_youth_NEG  Person29_plasma_elder_NEG  Person28_plasma_youth_NEG  Person22_plasma_elder_NEG  
center sample:  Person27_plasma_youth_NEG 
Processing: Person14_plasma_youth_NEG  Person29_plasma_elder_NEG  Person28_plasma_youth_NEG  Person22_plasma_elder_NEG  
center sample:  Person27_plasma_youth_NEG 
Processing: Person14_plasma_youth_NEG  Person29_plasma_elder_NEG  Person28_plasma_youth_NEG  Person22_plasma_elder_NEG  
center sample:  Person27_plasma_youth_NEG 
Processing: Person14_plasma_youth_NEG  Person29_plasma_elder_NEG  Person28_plasma_youth_NEG  Person22_plasma_elder_NEG  
center sample:  Person27_plasma_youth_NEG 
Processing: Person14_plasma_youth_NEG  Person29_plasma_elder_NEG  Person28_plasma_youth_NEG  Person22_plasma_elder_NEG  
center sample:  Person27_plasma_youth_NEG 
Processing: Person14_plasma_youth_NEG  Person29_plasma_elder_NEG  Person28_plasma_youth_NEG  Person22_plasma_elder_NEG  
center sample:  Person27_plasma_youth_NEG 
Processing: Person14_plasma_youth_NEG  Person29_plasma_elder_NEG  Person28_plasma_youth_NEG  Person22_plasma_elder_NEG  
center sample:  Person27_plasma_youth_NEG 
Processing: Person14_plasma_youth_NEG  Person29_plasma_elder_NEG  Person28_plasma_youth_NEG  Person22_plasma_elder_NEG  
center sample:  Person27_plasma_youth_NEG 
Processing: Person14_plasma_youth_NEG  Person29_plasma_elder_NEG  Person28_plasma_youth_NEG  Person22_plasma_elder_NEG  
center sample:  Person27_plasma_youth_NEG 
Processing: Person14_plasma_youth_NEG  Person29_plasma_elder_NEG  Person28_plasma_youth_NEG  Person22_plasma_elder_NEG  
center sample:  Person27_plasma_youth_NEG 
Processing: Person14_plasma_youth_NEG  Person29_plasma_elder_NEG  Person28_plasma_youth_NEG  Person22_plasma_elder_NEG  
center sample:  Person27_plasma_youth_NEG 
Processing: Person14_plasma_youth_NEG  Person29_plasma_elder_NEG  Person28_plasma_youth_NEG  Person22_plasma_elder_NEG  
center sample:  Person27_plasma_youth_NEG 
Processing: Person14_plasma_youth_NEG  Person29_plasma_elder_NEG  Person28_plasma_youth_NEG  Person22_plasma_elder_NEG  
center sample:  Person27_plasma_youth_NEG 
Processing: Person14_plasma_youth_NEG  Person29_plasma_elder_NEG  Person28_plasma_youth_NEG  Person22_plasma_elder_NEG  
center sample:  Person27_plasma_youth_NEG 
Processing: Person14_plasma_youth_NEG  Person29_plasma_elder_NEG  Person28_plasma_youth_NEG  Person22_plasma_elder_NEG  
center sample:  Person27_plasma_youth_NEG 
Processing: Person14_plasma_youth_NEG  Person29_plasma_elder_NEG  Person28_plasma_youth_NEG  Person22_plasma_elder_NEG  
center sample:  Person27_plasma_youth_NEG 
Processing: Person14_plasma_youth_NEG  Person29_plasma_elder_NEG  Person28_plasma_youth_NEG  Person22_plasma_elder_NEG  
center sample:  Person27_plasma_youth_NEG 
Processing: Person14_plasma_youth_NEG  Person29_plasma_elder_NEG  Person28_plasma_youth_NEG  Person22_plasma_elder_NEG  
center sample:  Person27_plasma_youth_NEG 
Processing: Person14_plasma_youth_NEG  Person29_plasma_elder_NEG  Person28_plasma_youth_NEG  Person22_plasma_elder_NEG  
center sample:  Person27_plasma_youth_NEG 
Processing: Person14_plasma_youth_NEG  Person29_plasma_elder_NEG  Person28_plasma_youth_NEG  Person22_plasma_elder_NEG  
center sample:  Person27_plasma_youth_NEG 
Processing: Person14_plasma_youth_NEG  Person29_plasma_elder_NEG  Person28_plasma_youth_NEG  Person22_plasma_elder_NEG  
center sample:  Person27_plasma_youth_NEG 
Processing: Person14_plasma_youth_NEG  Person29_plasma_elder_NEG  Person28_plasma_youth_NEG  Person22_plasma_elder_NEG  
center sample:  Person27_plasma_youth_NEG 
Processing: Person14_plasma_youth_NEG  Person29_plasma_elder_NEG  Person28_plasma_youth_NEG  Person22_plasma_elder_NEG  
center sample:  Person27_plasma_youth_NEG 
Processing: Person14_plasma_youth_NEG  Person29_plasma_elder_NEG  Person28_plasma_youth_NEG  Person22_plasma_elder_NEG  
center sample:  Person27_plasma_youth_NEG 
Processing: Person14_plasma_youth_NEG  Person29_plasma_elder_NEG  Person28_plasma_youth_NEG  Person22_plasma_elder_NEG  
center sample:  Person27_plasma_youth_NEG 
Processing: Person14_plasma_youth_NEG  Person29_plasma_elder_NEG  Person28_plasma_youth_NEG  Person22_plasma_elder_NEG  
center sample:  Person27_plasma_youth_NEG 
Processing: Person14_plasma_youth_NEG  Person29_plasma_elder_NEG  Person28_plasma_youth_NEG  Person22_plasma_elder_NEG  
center sample:  Person27_plasma_youth_NEG 
Processing: Person14_plasma_youth_NEG  Person29_plasma_elder_NEG  Person28_plasma_youth_NEG  Person22_plasma_elder_NEG  
center sample:  Person27_plasma_youth_NEG 
Processing: Person14_plasma_youth_NEG  Person29_plasma_elder_NEG  Person28_plasma_youth_NEG  Person22_plasma_elder_NEG  
center sample:  Person27_plasma_youth_NEG 
Processing: Person14_plasma_youth_NEG  Person29_plasma_elder_NEG  Person28_plasma_youth_NEG  Person22_plasma_elder_NEG  
center sample:  Person27_plasma_youth_NEG 
Processing: Person14_plasma_youth_NEG  Person29_plasma_elder_NEG  Person28_plasma_youth_NEG  Person22_plasma_elder_NEG  
center sample:  Person27_plasma_youth_NEG 
Processing: Person14_plasma_youth_NEG  Person29_plasma_elder_NEG  Person28_plasma_youth_NEG  Person22_plasma_elder_NEG  
center sample:  Person27_plasma_youth_NEG 
Processing: Person14_plasma_youth_NEG  Person29_plasma_elder_NEG  Person28_plasma_youth_NEG  Person22_plasma_elder_NEG  
center sample:  Person27_plasma_youth_NEG 
Processing: Person14_plasma_youth_NEG  Person29_plasma_elder_NEG  Person28_plasma_youth_NEG  Person22_plasma_elder_NEG  
center sample:  Person27_plasma_youth_NEG 
Processing: Person14_plasma_youth_NEG  Person29_plasma_elder_NEG  Person28_plasma_youth_NEG  Person22_plasma_elder_NEG  
center sample:  Person27_plasma_youth_NEG 
Processing: Person14_plasma_youth_NEG  Person29_plasma_elder_NEG  Person28_plasma_youth_NEG  Person22_plasma_elder_NEG  
center sample:  Person27_plasma_youth_NEG 
Processing: Person14_plasma_youth_NEG  Person29_plasma_elder_NEG  Person28_plasma_youth_NEG  Person22_plasma_elder_NEG  
center sample:  Person27_plasma_youth_NEG 
Processing: Person14_plasma_youth_NEG  Person29_plasma_elder_NEG  Person28_plasma_youth_NEG  Person22_plasma_elder_NEG  
center sample:  Person27_plasma_youth_NEG 
Processing: Person14_plasma_youth_NEG  Person29_plasma_elder_NEG  Person28_plasma_youth_NEG  Person22_plasma_elder_NEG  
center sample:  Person27_plasma_youth_NEG 
Processing: Person14_plasma_youth_NEG  Person29_plasma_elder_NEG  Person28_plasma_youth_NEG  Person22_plasma_elder_NEG  
center sample:  Person27_plasma_youth_NEG 
Processing: Person14_plasma_youth_NEG  Person29_plasma_elder_NEG  Person28_plasma_youth_NEG  Person22_plasma_elder_NEG  
center sample:  Person27_plasma_youth_NEG 
Processing: Person14_plasma_youth_NEG  Person29_plasma_elder_NEG  Person28_plasma_youth_NEG  Person22_plasma_elder_NEG  
center sample:  Person27_plasma_youth_NEG 
Processing: Person14_plasma_youth_NEG  Person29_plasma_elder_NEG  Person28_plasma_youth_NEG  Person22_plasma_elder_NEG  
center sample:  Person27_plasma_youth_NEG 
Processing: Person14_plasma_youth_NEG  Person29_plasma_elder_NEG  Person28_plasma_youth_NEG  Person22_plasma_elder_NEG  
center sample:  Person27_plasma_youth_NEG 
Processing: Person14_plasma_youth_NEG  Person29_plasma_elder_NEG  Person28_plasma_youth_NEG  Person22_plasma_elder_NEG  
center sample:  Person27_plasma_youth_NEG 
Processing: Person14_plasma_youth_NEG  Person29_plasma_elder_NEG  Person28_plasma_youth_NEG  Person22_plasma_elder_NEG  
center sample:  Person27_plasma_youth_NEG 
Processing: Person14_plasma_youth_NEG  Person29_plasma_elder_NEG  Person28_plasma_youth_NEG  Person22_plasma_elder_NEG  
center sample:  Person27_plasma_youth_NEG 
Processing: Person14_plasma_youth_NEG  Person29_plasma_elder_NEG  Person28_plasma_youth_NEG  Person22_plasma_elder_NEG  
center sample:  Person27_plasma_youth_NEG 
Processing: Person14_plasma_youth_NEG  Person29_plasma_elder_NEG  Person28_plasma_youth_NEG  Person22_plasma_elder_NEG  
center sample:  Person27_plasma_youth_NEG 
Processing: Person14_plasma_youth_NEG  Person29_plasma_elder_NEG  Person28_plasma_youth_NEG  Person22_plasma_elder_NEG  
center sample:  Person27_plasma_youth_NEG 
Processing: Person14_plasma_youth_NEG  Person29_plasma_elder_NEG  Person28_plasma_youth_NEG  Person22_plasma_elder_NEG  
center sample:  Person27_plasma_youth_NEG 
Processing: Person14_plasma_youth_NEG  Person29_plasma_elder_NEG  Person28_plasma_youth_NEG  Person22_plasma_elder_NEG  
center sample:  Person27_plasma_youth_NEG 
Processing: Person14_plasma_youth_NEG  Person29_plasma_elder_NEG  Person28_plasma_youth_NEG  Person22_plasma_elder_NEG  
center sample:  Person27_plasma_youth_NEG 
Processing: Person14_plasma_youth_NEG  Person29_plasma_elder_NEG  Person28_plasma_youth_NEG  Person22_plasma_elder_NEG  
center sample:  Person27_plasma_youth_NEG 
Processing: Person14_plasma_youth_NEG  Person29_plasma_elder_NEG  Person28_plasma_youth_NEG  Person22_plasma_elder_NEG  
center sample:  Person27_plasma_youth_NEG 
Processing: Person14_plasma_youth_NEG  Person29_plasma_elder_NEG  Person28_plasma_youth_NEG  Person22_plasma_elder_NEG  
center sample:  Person27_plasma_youth_NEG 
Processing: Person14_plasma_youth_NEG  Person29_plasma_elder_NEG  Person28_plasma_youth_NEG  Person22_plasma_elder_NEG  
center sample:  Person27_plasma_youth_NEG 
Processing: Person14_plasma_youth_NEG  Person29_plasma_elder_NEG  Person28_plasma_youth_NEG  Person22_plasma_elder_NEG  
center sample:  Person27_plasma_youth_NEG 
Processing: Person14_plasma_youth_NEG  Person29_plasma_elder_NEG  Person28_plasma_youth_NEG  Person22_plasma_elder_NEG  
center sample:  Person27_plasma_youth_NEG 
Processing: Person14_plasma_youth_NEG  Person29_plasma_elder_NEG  Person28_plasma_youth_NEG  Person22_plasma_elder_NEG  
center sample:  Person27_plasma_youth_NEG 
Processing: Person14_plasma_youth_NEG  Person29_plasma_elder_NEG  Person28_plasma_youth_NEG  Person22_plasma_elder_NEG  
center sample:  Person27_plasma_youth_NEG 
Processing: Person14_plasma_youth_NEG  Person29_plasma_elder_NEG  Person28_plasma_youth_NEG  Person22_plasma_elder_NEG  
center sample:  Person27_plasma_youth_NEG 
Processing: Person14_plasma_youth_NEG  Person29_plasma_elder_NEG  Person28_plasma_youth_NEG  Person22_plasma_elder_NEG  
center sample:  Person27_plasma_youth_NEG 
Processing: Person14_plasma_youth_NEG  Person29_plasma_elder_NEG  Person28_plasma_youth_NEG  Person22_plasma_elder_NEG  
center sample:  Person27_plasma_youth_NEG 
Processing: Person14_plasma_youth_NEG  Person29_plasma_elder_NEG  Person28_plasma_youth_NEG  Person22_plasma_elder_NEG  
center sample:  Person27_plasma_youth_NEG 
Processing: Person14_plasma_youth_NEG  Person29_plasma_elder_NEG  Person28_plasma_youth_NEG  Person22_plasma_elder_NEG  
center sample:  Person27_plasma_youth_NEG 
Processing: Person14_plasma_youth_NEG  Person29_plasma_elder_NEG  Person28_plasma_youth_NEG  Person22_plasma_elder_NEG  
center sample:  Person27_plasma_youth_NEG 
Processing: Person14_plasma_youth_NEG  Person29_plasma_elder_NEG  Person28_plasma_youth_NEG  Person22_plasma_elder_NEG  
center sample:  Person27_plasma_youth_NEG 
Processing: Person14_plasma_youth_NEG  Person29_plasma_elder_NEG  Person28_plasma_youth_NEG  Person22_plasma_elder_NEG  
center sample:  Person27_plasma_youth_NEG 
Processing: Person14_plasma_youth_NEG  Person29_plasma_elder_NEG  Person28_plasma_youth_NEG  Person22_plasma_elder_NEG  
center sample:  Person27_plasma_youth_NEG 
Processing: Person14_plasma_youth_NEG  Person29_plasma_elder_NEG  Person28_plasma_youth_NEG  Person22_plasma_elder_NEG  
center sample:  Person27_plasma_youth_NEG 
Processing: Person14_plasma_youth_NEG  Person29_plasma_elder_NEG  Person28_plasma_youth_NEG  Person22_plasma_elder_NEG  
center sample:  Person27_plasma_youth_NEG 
Processing: Person14_plasma_youth_NEG  Person29_plasma_elder_NEG  Person28_plasma_youth_NEG  Person22_plasma_elder_NEG  
center sample:  Person27_plasma_youth_NEG 
Processing: Person14_plasma_youth_NEG  Person29_plasma_elder_NEG  Person28_plasma_youth_NEG  Person22_plasma_elder_NEG  
center sample:  Person27_plasma_youth_NEG 
Processing: Person14_plasma_youth_NEG  Person29_plasma_elder_NEG  Person28_plasma_youth_NEG  Person22_plasma_elder_NEG  
center sample:  Person27_plasma_youth_NEG 
Processing: Person14_plasma_youth_NEG  Person29_plasma_elder_NEG  Person28_plasma_youth_NEG  Person22_plasma_elder_NEG  
center sample:  Person27_plasma_youth_NEG 
Processing: Person14_plasma_youth_NEG  Person29_plasma_elder_NEG  Person28_plasma_youth_NEG  Person22_plasma_elder_NEG  
center sample:  Person27_plasma_youth_NEG 
Processing: Person14_plasma_youth_NEG  Person29_plasma_elder_NEG  Person28_plasma_youth_NEG  Person22_plasma_elder_NEG  
center sample:  Person27_plasma_youth_NEG 
Processing: Person14_plasma_youth_NEG  Person29_plasma_elder_NEG  Person28_plasma_youth_NEG  Person22_plasma_elder_NEG  
center sample:  Person27_plasma_youth_NEG 
Processing: Person14_plasma_youth_NEG  Person29_plasma_elder_NEG  Person28_plasma_youth_NEG  Person22_plasma_elder_NEG  
hod 'bin' and step 0.7 ... OK
Create profile matrix with method 'bin' and step 0.7 ... OK
Processing 119821 mz slices ... OK
Create profile matrix with method 'bin' and step 0.7 ... OK
Create profile matrix with method 'bin' and step 0.7 ... OK
Create profile matrix with method 'bin' and step 0.7 ... OK
Create profile matrix with method 'bin' and step 0.7 ... OK
Create profile matrix with method 'bin' and step 0.7 ... OK
Create profile matrix with method 'bin' and step 0.7 ... OK
Create profile matrix with method 'bin' and step 0.7 ... OK
Create profile matrix with method 'bin' and step 0.7 ... OK
Processing 119821 mz slices ... OK
Create profile matrix with method 'bin' and step 0.7 ... OK
Create profile matrix with method 'bin' and step 0.7 ... OK
Create profile matrix with method 'bin' and step 0.7 ... OK
Create profile matrix with method 'bin' and step 0.7 ... OK
Create profile matrix with method 'bin' and step 0.7 ... OK
Create profile matrix with method 'bin' and step 0.7 ... OK
Create profile matrix with method 'bin' and step 0.7 ... OK
Create profile matrix with method 'bin' and step 0.7 ... OK
Processing 119821 mz slices ... OK
Create profile matrix with method 'bin' and step 1 ... OK
Create profile matrix with method 'bin' and step 1 ... OK
Create profile matrix with method 'bin' and step 1 ... OK
Create profile matrix with method 'bin' and step 1 ... OK
Create profile matrix with method 'bin' and step 1 ... OK
Processing 119821 mz slices ... OK
Create profile matrix with method 'bin' and step 1 ... OK
Create profile matrix with method 'bin' and step 1 ... OK
Create profile matrix with method 'bin' and step 1 ... OK
Create profile matrix with method 'bin' and step 1 ... OK
Create profile matrix with method 'bin' and step 1 ... OK
Processing 119821 mz slices ... OK
Create profile matrix with method 'bin' and step 1 ... OK
Create profile matrix with method 'bin' and step 1 ... OK
Create profile matrix with method 'bin' and step 1 ... OK
Create profile matrix with method 'bin' and step 1 ... OK
Create profile matrix with method 'bin' and step 1 ... OK
Processing 119821 mz slices ... OK
Create profile matrix with method 'bin' and step 1 ... OK
Create profile matrix with method 'bin' and step 1 ... OK
Create profile matrix with method 'bin' and step 1 ... OK
Create profile matrix with method 'bin' and step 1 ... OK
Create profile matrix with method 'bin' and step 1 ... OK
Processing 119821 mz slices ... OK
Create profile matrix with method 'bin' and step 0.7 ... OK
Create profile matrix with method 'bin' and step 0.7 ... OK
Create profile matrix with method 'bin' and step 0.7 ... OK
Create profile matrix with method 'bin' and step 0.7 ... OK
Create profile matrix with method 'bin' and step 0.7 ... OK
Create profile matrix with method 'bin' and step 0.7 ... OK
Create profile matrix with method 'bin' and step 0.7 ... OK
Create profile matrix with method 'bin' and step 0.7 ... OK
Processing 51353 mz slices ... OK
Create profile matrix with method 'bin' and step 0.7 ... OK
Create profile matrix with method 'bin' and step 0.7 ... OK
Create profile matrix with method 'bin' and step 0.7 ... OK
Create profile matrix with method 'bin' and step 0.7 ... OK
Create profile matrix with method 'bin' and step 0.7 ... OK
Create profile matrix with method 'bin' and step 0.7 ... OK
Create profile matrix with method 'bin' and step 0.7 ... OK
Create profile matrix with method 'bin' and step 0.7 ... OK
Processing 51353 mz slices ... OK
Create profile matrix with method 'bin' and step 0.7 ... OK
Create profile matrix with method 'bin' and step 0.7 ... OK
Create profile matrix with method 'bin' and step 0.7 ... OK
Create profile matrix with method 'bin' and step 0.7 ... OK
Create profile matrix with method 'bin' and step 0.7 ... OK
Create profile matrix with method 'bin' and step 0.7 ... OK
Create profile matrix with method 'bin' and step 0.7 ... OK
Create profile matrix with method 'bin' and step 0.7 ... OK
Processing 51353 mz slices ... OK
Create profile matrix with method 'bin' and step 0.7 ... OK
Create profile matrix with method 'bin' and step 0.7 ... OK
Create profile matrix with method 'bin' and step 0.7 ... OK
Create profile matrix with method 'bin' and step 0.7 ... OK
Create profile matrix with method 'bin' and step 0.7 ... OK
Create profile matrix with method 'bin' and step 0.7 ... OK
Create profile matrix with method 'bin' and step 0.7 ... OK
Create profile matrix with method 'bin' and step 0.7 ... OK
Processing 51353 mz slices ... OK
Create profile matrix with method 'bin' and step 1 ... OK
Create profile matrix with method 'bin' and step 1 ... OK
Create profile matrix with method 'bin' and step 1 ... OK
Create profile matrix with method 'bin' and step 1 ... OK
Create profile matrix with method 'bin' and step 1 ... OK
Processing 51353 mz slices ... OK
Create profile matrix with method 'bin' and step 1 ... OK
Create profile matrix with method 'bin' and step 1 ... OK
Create profile matrix with method 'bin' and step 1 ... OK
Create profile matrix with method 'bin' and step 1 ... OK
Create profile matrix with method 'bin' and step 1 ... OK
Processing 51353 mz slices ... OK
Create profile matrix with method 'bin' and step 1 ... OK
Create profile matrix with method 'bin' and step 1 ... OK
Create profile matrix with method 'bin' and step 1 ... OK
Create profile matrix with method 'bin' and step 1 ... OK
Create profile matrix with method 'bin' and step 1 ... OK
Processing 51353 mz slices ... OK
Create profile matrix with method 'bin' and step 1 ... OK
Create profile matrix with method 'bin' and step 1 ... OK
Create profile matrix with method 'bin' and step 1 ... OK
Create profile matrix with method 'bin' and step 1 ... OK
Create profile matrix with method 'bin' and step 1 ... OK
Processing 51353 mz slices ... OK
Create profile matrix with method 'bin' and step 0.7 ... OK
Create profile matrix with method 'bin' and step 0.7 ... OK
Create profile matrix with method 'bin' and step 0.7 ... OK
Create profile matrix with method 'bin' and step 0.7 ... OK
Create profile matrix with method 'bin' and step 0.7 ... OK
Create profile matrix with method 'bin' and step 0.7 ... OK
Create profile matrix with method 'bin' and step 0.7 ... OK
Create profile matrix with method 'bin' and step 0.7 ... OK
Processing 51353 mz slices ... OK
Create profile matrix with method 'bin' and step 0.7 ... OK
Create profile matrix with method 'bin' and step 0.7 ... OK
Create profile matrix with method 'bin' and step 0.7 ... OK
Create profile matrix with method 'bin' and step 0.7 ... OK
Create profile matrix with method 'bin' and step 0.7 ... OK
Create profile matrix with method 'bin' and step 0.7 ... OK
Create profile matrix with method 'bin' and step 0.7 ... OK
Create profile matrix with method 'bin' and step 0.7 ... OK
Processing 51353 mz slices ... OK
Create profile matrix with method 'bin' and step 0.7 ... OK
Create profile matrix with method 'bin' and step 0.7 ... OK
Create profile matrix with method 'bin' and step 0.7 ... OK
Create profile matrix with method 'bin' and step 0.7 ... OK
Create profile matrix with method 'bin' and step 0.7 ... OK
Create profile matrix with method 'bin' and step 0.7 ... OK
Create profile matrix with method 'bin' and step 0.7 ... OK
Create profile matrix with method 'bin' and step 0.7 ... OK
Processing 51353 mz slices ... OK
Create profile matrix with method 'bin' and step 0.7 ... OK
Create profile matrix with method 'bin' and step 0.7 ... OK
Create profile matrix with method 'bin' and step 0.7 ... OK
Create profile matrix with method 'bin' and step 0.7 ... OK
Create profile matrix with method 'bin' and step 0.7 ... OK
Create profile matrix with method 'bin' and step 0.7 ... OK
Create profile matrix with method 'bin' and step 0.7 ... OK
Create profile matrix with method 'bin' and step 0.7 ... OK
Processing 51353 mz slices ... OK
Create profile matrix with method 'bin' and step 1 ... OK
Create profile matrix with method 'bin' and step 1 ... OK
Create profile matrix with method 'bin' and step 1 ... OK
Create profile matrix with method 'bin' and step 1 ... OK
Create profile matrix with method 'bin' and step 1 ... OK
Processing 51353 mz slices ... OK
Create profile matrix with method 'bin' and step 1 ... OK
Create profile matrix with method 'bin' and step 1 ... OK
Create profile matrix with method 'bin' and step 1 ... OK
Create profile matrix with method 'bin' and step 1 ... OK
Create profile matrix with method 'bin' and step 1 ... OK
Processing 51353 mz slices ... OK
Create profile matrix with method 'bin' and step 1 ... OK
Create profile matrix with method 'bin' and step 1 ... OK
Create profile matrix with method 'bin' and step 1 ... OK
Create profile matrix with method 'bin' and step 1 ... OK
Create profile matrix with method 'bin' and step 1 ... OK
Processing 51353 mz slices ... OK
Create profile matrix with method 'bin' and step 1 ... OK
Create profile matrix with method 'bin' and step 1 ... OK
Create profile matrix with method 'bin' and step 1 ... OK
Create profile matrix with method 'bin' and step 1 ... OK
Create profile matrix with method 'bin' and step 1 ... OK
Processing 51353 mz slices ... OK
Create profile matrix with method 'bin' and step 0.85 ... OK
Create profile matrix with method 'bin' and step 0.85 ... OK
Create profile matrix with method 'bin' and step 0.85 ... OK
Create profile matrix with method 'bin' and step 0.85 ... OK
Create profile matrix with method 'bin' and step 0.85 ... OK
Create profile matrix with method 'bin' and step 0.85 ... OK
Create profile matrix with method 'bin' and step 0.85 ... OK
Create profile matrix with method 'bin' and step 0.85 ... OK
Processing 71893 mz slices ... OK
Create profile matrix with method 'bin' and step 0.85 ... OK
Create profile matrix with method 'bin' and step 0.85 ... OK
Create profile matrix with method 'bin' and step 0.85 ... OK
Create profile matrix with method 'bin' and step 0.85 ... OK
Create profile matrix with method 'bin' and step 0.85 ... OK
Create profile matrix with method 'bin' and step 0.85 ... OK
Create profile matrix with method 'bin' and step 0.85 ... OK
Create profile matrix with method 'bin' and step 0.85 ... OK
Processing 71893 mz slices ... OK
Create profile matrix with method 'bin' and step 0.85 ... OK
Create profile matrix with method 'bin' and step 0.85 ... OK
Create profile matrix with method 'bin' and step 0.85 ... OK
Create profile matrix with method 'bin' and step 0.85 ... OK
Create profile matrix with method 'bin' and step 0.85 ... OK
Create profile matrix with method 'bin' and step 0.85 ... OK
Create profile matrix with method 'bin' and step 0.85 ... OK
Create profile matrix with method 'bin' and step 0.85 ... OK
Processing 71893 mz slices ... OK
Create profile matrix with method 'bin' and step 0.85 ... OK
Create profile matrix with method 'bin' and step 0.85 ... OK
Create profile matrix with method 'bin' and step 0.85 ... OK
Create profile matrix with method 'bin' and step 0.85 ... OK
Create profile matrix with method 'bin' and step 0.85 ... OK
Create profile matrix with method 'bin' and step 0.85 ... OK
Create profile matrix with method 'bin' and step 0.85 ... OK
Create profile matrix with method 'bin' and step 0.85 ... OK
Processing 71893 mz slices ... OK
Create profile matrix with method 'bin' and step 0.85 ... OK
Create profile matrix with method 'bin' and step 0.85 ... OK
Create profile matrix with method 'bin' and step 0.85 ... OK
Create profile matrix with method 'bin' and step 0.85 ... OK
Create profile matrix with method 'bin' and step 0.85 ... OK
Create profile matrix with method 'bin' and step 0.85 ... OK
Create profile matrix with method 'bin' and step 0.85 ... OK
Create profile matrix with method 'bin' and step 0.85 ... OK
Processing 71893 mz slices ... OK
Create profile matrix with method 'bin' and step 0.7 ... OK
Create profile matrix with method 'bin' and step 0.7 ... OK
Create profile matrix with method 'bin' and step 0.7 ... OK
Create profile matrix with method 'bin' and step 0.7 ... OK
Create profile matrix with method 'bin' and step 0.7 ... OK
Create profile matrix with method 'bin' and step 0.7 ... OK
Create profile matrix with method 'bin' and step 0.7 ... OK
Create profile matrix with method 'bin' and step 0.7 ... OK
Processing 71893 mz slices ... OK
Create profile matrix with method 'bin' and step 1 ... OK
Create profile matrix with method 'bin' and step 1 ... OK
Create profile matrix with method 'bin' and step 1 ... OK
Create profile matrix with method 'bin' and step 1 ... OK
Create profile matrix with method 'bin' and step 1 ... OK
Processing 71893 mz slices ... OK
Create profile matrix with method 'bin' and step 0.85 ... OK
Create profile matrix with method 'bin' and step 0.85 ... OK
Create profile matrix with method 'bin' and step 0.85 ... OK
Create profile matrix with method 'bin' and step 0.85 ... OK
Create profile matrix with method 'bin' and step 0.85 ... OK
Create profile matrix with method 'bin' and step 0.85 ... OK
Create profile matrix with method 'bin' and step 0.85 ... OK
Create profile matrix with method 'bin' and step 0.85 ... OK
Processing 71893 mz slices ... OK
Create profile matrix with method 'bin' and step 0.85 ... OK
Create profile matrix with method 'bin' and step 0.85 ... OK
Create profile matrix with method 'bin' and step 0.85 ... OK
Create profile matrix with method 'bin' and step 0.85 ... OK
Create profile matrix with method 'bin' and step 0.85 ... OK
Create profile matrix with method 'bin' and step 0.85 ... OK
Create profile matrix with method 'bin' and step 0.85 ... OK
Create profile matrix with method 'bin' and step 0.85 ... OK
Processing 71893 mz slices ... OK
Create profile matrix with method 'bin' and step 0.85 ... OK
Create profile matrix with method 'bin' and step 0.85 ... OK
Create profile matrix with method 'bin' and step 0.85 ... OK
Create profile matrix with method 'bin' and step 0.85 ... OK
Create profile matrix with method 'bin' and step 0.85 ... OK
Create profile matrix with method 'bin' and step 0.85 ... OK
Create profile matrix with method 'bin' and step 0.85 ... OK
Create profile matrix with method 'bin' and step 0.85 ... OK
Processing 119821 mz slices ... OK
Create profile matrix with method 'bin' and step 0.85 ... OK
Create profile matrix with method 'bin' and step 0.85 ... OK
Create profile matrix with method 'bin' and step 0.85 ... OK
Create profile matrix with method 'bin' and step 0.85 ... OK
Create profile matrix with method 'bin' and step 0.85 ... OK
Create profile matrix with method 'bin' and step 0.85 ... OK
Create profile matrix with method 'bin' and step 0.85 ... OK
Create profile matrix with method 'bin' and step 0.85 ... OK
Processing 51353 mz slices ... OK
Create profile matrix with method 'bin' and step 0.85 ... OK
Create profile matrix with method 'bin' and step 0.85 ... OK
Create profile matrix with method 'bin' and step 0.85 ... OK
Create profile matrix with method 'bin' and step 0.85 ... OK
Create profile matrix with method 'bin' and step 0.85 ... OK
Create profile matrix with method 'bin' and step 0.85 ... OK
Create profile matrix with method 'bin' and step 0.85 ... OK
Create profile matrix with method 'bin' and step 0.85 ... OK
Processing 71893 mz slices ... OK
Create profile matrix with method 'bin' and step 0.85 ... OK
Create profile matrix with method 'bin' and step 0.85 ... OK
Create profile matrix with method 'bin' and step 0.85 ... OK
Create profile matrix with method 'bin' and step 0.85 ... OK
Create profile matrix with method 'bin' and step 0.85 ... OK
Create profile matrix with method 'bin' and step 0.85 ... OK
Create profile matrix with method 'bin' and step 0.85 ... OK
Create profile matrix with method 'bin' and step 0.85 ... OK
Processing 119821 mz slices ... OK



starting new DoE with:

gapInit: c(0.1, 0.5)
gapExtend: c(2.16, 2.64)
profStep: c(0.73, 0.97)
bw: c(12.4, 31.6)
mzwid: c(0.003, 0.027)
distFunc: cor_opt
plottype: none
response: 1
factorDiag: 2
factorGap: 1
localAlignment: 0
retcorMethod: obiwarp
minfrac: 0.05
minsamp: 1
max: 50
center: 2

Create profile matrix with method 'bin' and step 0.73 ... OK
Create profile matrix with method 'bin' and step 0.73 ... OK
Create profile matrix with method 'bin' and step 0.73 ... OK
Create profile matrix with method 'bin' and step 0.73 ... OK
Create profile matrix with method 'bin' and step 0.73 ... OK
Create profile matrix with method 'bin' and step 0.73 ... OK
Create profile matrix with method 'bin' and step 0.73 ... OK
Create profile matrix with method 'bin' and step 0.73 ... OK
Processing 599097 mz slices ... OK
Create profile matrix with method 'bin' and step 0.73 ... OK
Create profile matrix with method 'bin' and step 0.73 ... OK
Create profile matrix with method 'bin' and step 0.73 ... OK
Create profile matrix with method 'bin' and step 0.73 ... OK
Create profile matrix with method 'bin' and step 0.73 ... OK
Create profile matrix with method 'bin' and step 0.73 ... OK
Create profile matrix with method 'bin' and step 0.73 ... OK
Create profile matrix with method 'bin' and step 0.73 ... OK
Processing 599097 mz slices ... OK
Create profile matrix with method 'bin' and step 0.73 ... OK
Create profile matrix with method 'bin' and step 0.73 ... OK
Create profile matrix with method 'bin' and step 0.73 ... OK
Create profile matrix with method 'bin' and step 0.73 ... OK
Create profile matrix with method 'bin' and step 0.73 ... OK
Create profile matrix with method 'bin' and step 0.73 ... OK
Create profile matrix with method 'bin' and step 0.73 ... OK
Create profile matrix with method 'bin' and step 0.73 ... OK
Processing 599097 mz slices ... OK
Create profile matrix with method 'bin' and step 0.73 ... OK
Create profile matrix with method 'bin' and step 0.73 ... OK
Create profile matrix with method 'bin' and step 0.73 ... OK
Create profile matrix with method 'bin' and step 0.73 ... OK
Create profile matrix with method 'bin' and step 0.73 ... OK
Create profile matrix with method 'bin' and step 0.73 ... OK
Create profile matrix with method 'bin' and step 0.73 ... OK
Create profile matrix with method 'bin' and step 0.73 ... OK
Processing 599097 mz slices ... OK
Create profile matrix with method 'bin' and step 0.97 ... OK
Create profile matrix with method 'bin' and step 0.97 ... OK
Create profile matrix with method 'bin' and step 0.97 ... OK
Create profile matrix with method 'bin' and step 0.97 ... OK
Create profile matrix with method 'bin' and step 0.97 ... OK
Create profile matrix with method 'bin' and step 0.97 ... OK
Create profile matrix with method 'bin' and step 0.97 ... OK
Create profile matrix with method 'bin' and step 0.97 ... OK
Processing 599097 mz slices ... OK
Create profile matrix with method 'bin' and step 0.97 ... OK
Create profile matrix with method 'bin' and step 0.97 ... OK
Create profile matrix with method 'bin' and step 0.97 ... OK
Create profile matrix with method 'bin' and step 0.97 ... OK
Create profile matrix with method 'bin' and step 0.97 ... OK
Create profile matrix with method 'bin' and step 0.97 ... OK
Create profile matrix with method 'bin' and step 0.97 ... OK
Create profile matrix with method 'bin' and step 0.97 ... OK
Processing 599097 mz slices ... OK
Create profile matrix with method 'bin' and step 0.97 ... OK
Create profile matrix with method 'bin' and step 0.97 ... OK
Create profile matrix with method 'bin' and step 0.97 ... OK
Create profile matrix with method 'bin' and step 0.97 ... OK
Create profile matrix with method 'bin' and step 0.97 ... OK
Create profile matrix with method 'bin' and step 0.97 ... OK
Create profile matrix with method 'bin' and step 0.97 ... OK
Create profile matrix with method 'bin' and step 0.97 ... OK
Processing 599097 mz slices ... OK
Create profile matrix with method 'bin' and step 0.97 ... OK
Create profile matrix with method 'bin' and step 0.97 ... OK
Create profile matrix with method 'bin' and step 0.97 ... OK
Create profile matrix with method 'bin' and step 0.97 ... OK
Create profile matrix with method 'bin' and step 0.97 ... OK
Create profile matrix with method 'bin' and step 0.97 ... OK
Create profile matrix with method 'bin' and step 0.97 ... OK
Create profile matrix with method 'bin' and step 0.97 ... OK
Processing 599097 mz slices ... OK
Create profile matrix with method 'bin' and step 0.73 ... OK
Create profile matrix with method 'bin' and step 0.73 ... OK
Create profile matrix with method 'bin' and step 0.73 ... OK
Create profile matrix with method 'bin' and step 0.73 ... OK
Create profile matrix with method 'bin' and step 0.73 ... OK
Create profile matrix with method 'bin' and step 0.73 ... OK
Create profile matrix with method 'bin' and step 0.73 ... OK
Create profile matrix with method 'bin' and step 0.73 ... OK
Processing 599097 mz slices ... OK
Create profile matrix with method 'bin' and step 0.73 ... OK
Create profile matrix with method 'bin' and step 0.73 ... OK
Create profile matrix with method 'bin' and step 0.73 ... OK
Create profile matrix with method 'bin' and step 0.73 ... OK
Create profile matrix with method 'bin' and step 0.73 ... OK
Create profile matrix with method 'bin' and step 0.73 ... OK
Create profile matrix with method 'bin' and step 0.73 ... OK
Create profile matrix with method 'bin' and step 0.73 ... OK
Processing 599097 mz slices ... OK
Create profile matrix with method 'bin' and step 0.73 ... OK
Create profile matrix with method 'bin' and step 0.73 ... OK
Create profile matrix with method 'bin' and step 0.73 ... OK
Create profile matrix with method 'bin' and step 0.73 ... OK
Create profile matrix with method 'bin' and step 0.73 ... OK
Create profile matrix with method 'bin' and step 0.73 ... OK
Create profile matrix with method 'bin' and step 0.73 ... OK
Create profile matrix with method 'bin' and step 0.73 ... OK
Processing 599097 mz slices ... OK
Create profile matrix with method 'bin' and step 0.73 ... OK
Create profile matrix with method 'bin' and step 0.73 ... OK
Create profile matrix with method 'bin' and step 0.73 ... OK
Create profile matrix with method 'bin' and step 0.73 ... OK
Create profile matrix with method 'bin' and step 0.73 ... OK
Create profile matrix with method 'bin' and step 0.73 ... OK
Create profile matrix with method 'bin' and step 0.73 ... OK
Create profile matrix with method 'bin' and step 0.73 ... OK
Processing 599097 mz slices ... OK
Create profile matrix with method 'bin' and step 0.97 ... OK
Create profile matrix with method 'bin' and step 0.97 ... OK
Create profile matrix with method 'bin' and step 0.97 ... OK
Create profile matrix with method 'bin' and step 0.97 ... OK
Create profile matrix with method 'bin' and step 0.97 ... OK
Create profile matrix with method 'bin' and step 0.97 ... OK
Create profile matrix with method 'bin' and step 0.97 ... OK
Create profile matrix with method 'bin' and step 0.97 ... OK
Processing 599097 mz slices ... OK
Create profile matrix with method 'bin' and step 0.97 ... OK
Create profile matrix with method 'bin' and step 0.97 ... OK
Create profile matrix with method 'bin' and step 0.97 ... OK
Create profile matrix with method 'bin' and step 0.97 ... OK
Create profile matrix with method 'bin' and step 0.97 ... OK
Create profile matrix with method 'bin' and step 0.97 ... OK
Create profile matrix with method 'bin' and step 0.97 ... OK
Create profile matrix with method 'bin' and step 0.97 ... OK
Processing 599097 mz slices ... OK
Create profile matrix with method 'bin' and step 0.97 ... OK
Create profile matrix with method 'bin' and step 0.97 ... OK
Create profile matrix with method 'bin' and step 0.97 ... OK
Create profile matrix with method 'bin' and step 0.97 ... OK
Create profile matrix with method 'bin' and step 0.97 ... OK
Create profile matrix with method 'bin' and step 0.97 ... OK
Create profile matrix with method 'bin' and step 0.97 ... OK
Create profile matrix with method 'bin' and step 0.97 ... OK
Processing 599097 mz slices ... OK
Create profile matrix with method 'bin' and step 0.97 ... OK
Create profile matrix with method 'bin' and step 0.97 ... OK
Create profile matrix with method 'bin' and step 0.97 ... OK
Create profile matrix with method 'bin' and step 0.97 ... OK
Create profile matrix with method 'bin' and step 0.97 ... OK
Create profile matrix with method 'bin' and step 0.97 ... OK
Create profile matrix with method 'bin' and step 0.97 ... OK
Create profile matrix with method 'bin' and step 0.97 ... OK
Processing 599097 mz slices ... OK
Create profile matrix with method 'bin' and step 0.73 ... OK
Create profile matrix with method 'bin' and step 0.73 ... OK
Create profile matrix with method 'bin' and step 0.73 ... OK
Create profile matrix with method 'bin' and step 0.73 ... OK
Create profile matrix with method 'bin' and step 0.73 ... OK
Create profile matrix with method 'bin' and step 0.73 ... OK
Create profile matrix with method 'bin' and step 0.73 ... OK
Create profile matrix with method 'bin' and step 0.73 ... OK
Processing 66568 mz slices ... OK
Create profile matrix with method 'bin' and step 0.73 ... OK
Create profile matrix with method 'bin' and step 0.73 ... OK
Create profile matrix with method 'bin' and step 0.73 ... OK
Create profile matrix with method 'bin' and step 0.73 ... OK
Create profile matrix with method 'bin' and step 0.73 ... OK
Create profile matrix with method 'bin' and step 0.73 ... OK
Create profile matrix with method 'bin' and step 0.73 ... OK
Create profile matrix with method 'bin' and step 0.73 ... OK
Processing 66568 mz slices ... OK
Create profile matrix with method 'bin' and step 0.73 ... OK
Create profile matrix with method 'bin' and step 0.73 ... OK
Create profile matrix with method 'bin' and step 0.73 ... OK
Create profile matrix with method 'bin' and step 0.73 ... OK
Create profile matrix with method 'bin' and step 0.73 ... OK
Create profile matrix with method 'bin' and step 0.73 ... OK
Create profile matrix with method 'bin' and step 0.73 ... OK
Create profile matrix with method 'bin' and step 0.73 ... OK
Processing 66568 mz slices ... OK
Create profile matrix with method 'bin' and step 0.73 ... OK
Create profile matrix with method 'bin' and step 0.73 ... OK
Create profile matrix with method 'bin' and step 0.73 ... OK
Create profile matrix with method 'bin' and step 0.73 ... OK
Create profile matrix with method 'bin' and step 0.73 ... OK
Create profile matrix with method 'bin' and step 0.73 ... OK
Create profile matrix with method 'bin' and step 0.73 ... OK
Create profile matrix with method 'bin' and step 0.73 ... OK
Processing 66568 mz slices ... OK
Create profile matrix with method 'bin' and step 0.97 ... OK
Create profile matrix with method 'bin' and step 0.97 ... OK
Create profile matrix with method 'bin' and step 0.97 ... OK
Create profile matrix with method 'bin' and step 0.97 ... OK
Create profile matrix with method 'bin' and step 0.97 ... OK
Create profile matrix with method 'bin' and step 0.97 ... OK
Create profile matrix with method 'bin' and step 0.97 ... OK
Create profile matrix with method 'bin' and step 0.97 ... OK
Processing 66568 mz slices ... OK
Create profile matrix with method 'bin' and step 0.97 ... OK
Create profile matrix with method 'bin' and step 0.97 ... OK
Create profile matrix with method 'bin' and step 0.97 ... OK
Create profile matrix with method 'bin' and step 0.97 ... OK
Create profile matrix with method 'bin' and step 0.97 ... OK
Create profile matrix with method 'bin' and step 0.97 ... OK
Create profile matrix with method 'bin' and step 0.97 ... OK
Create profile matrix with method 'bin' and step 0.97 ... OK
Processing 66568 mz slices ... OK
Create profile matrix with method 'bin' and step 0.97 ... OK
Create profile matrix with method 'bin' and step 0.97 ... OK
Create profile matrix with method 'bin' and step 0.97 ... OK
Create profile matrix with method 'bin' and step 0.97 ... OK
Create profile matrix with method 'bin' and step 0.97 ... OK
Create profile matrix with method 'bin' and step 0.97 ... OK
Create profile matrix with method 'bin' and step 0.97 ... OK
Create profile matrix with method 'bin' and step 0.97 ... OK
Processing 66568 mz slices ... OK
Create profile matrix with method 'bin' and step 0.97 ... OK
Create profile matrix with method 'bin' and step 0.97 ... OK
Create profile matrix with method 'bin' and step 0.97 ... OK
Create profile matrix with method 'bin' and step 0.97 ... OK
Create profile matrix with method 'bin' and step 0.97 ... OK
Create profile matrix with method 'bin' and step 0.97 ... OK
Create profile matrix with method 'bin' and step 0.97 ... OK
Create profile matrix with method 'bin' and step 0.97 ... OK
Processing 66568 mz slices ... OK
Create profile matrix with method 'bin' and step 0.73 ... OK
Create profile matrix with method 'bin' and step 0.73 ... OK
Create profile matrix with method 'bin' and step 0.73 ... OK
Create profile matrix with method 'bin' and step 0.73 ... OK
Create profile matrix with method 'bin' and step 0.73 ... OK
Create profile matrix with method 'bin' and step 0.73 ... OK
Create profile matrix with method 'bin' and step 0.73 ... OK
Create profile matrix with method 'bin' and step 0.73 ... OK
Processing 66568 mz slices ... OK
Create profile matrix with method 'bin' and step 0.73 ... OK
Create profile matrix with method 'bin' and step 0.73 ... OK
Create profile matrix with method 'bin' and step 0.73 ... OK
Create profile matrix with method 'bin' and step 0.73 ... OK
Create profile matrix with method 'bin' and step 0.73 ... OK
Create profile matrix with method 'bin' and step 0.73 ... OK
Create profile matrix with method 'bin' and step 0.73 ... OK
Create profile matrix with method 'bin' and step 0.73 ... OK
Processing 66568 mz slices ... OK
Create profile matrix with method 'bin' and step 0.73 ... OK
Create profile matrix with method 'bin' and step 0.73 ... OK
Create profile matrix with method 'bin' and step 0.73 ... OK
Create profile matrix with method 'bin' and step 0.73 ... OK
Create profile matrix with method 'bin' and step 0.73 ... OK
Create profile matrix with method 'bin' and step 0.73 ... OK
Create profile matrix with method 'bin' and step 0.73 ... OK
Create profile matrix with method 'bin' and step 0.73 ... OK
Processing 66568 mz slices ... OK
Create profile matrix with method 'bin' and step 0.73 ... OK
Create profile matrix with method 'bin' and step 0.73 ... OK
Create profile matrix with method 'bin' and step 0.73 ... OK
Create profile matrix with method 'bin' and step 0.73 ... OK
Create profile matrix with method 'bin' and step 0.73 ... OK
Create profile matrix with method 'bin' and step 0.73 ... OK
Create profile matrix with method 'bin' and step 0.73 ... OK
Create profile matrix with method 'bin' and step 0.73 ... OK
Processing 66568 mz slices ... OK
Create profile matrix with method 'bin' and step 0.97 ... OK
Create profile matrix with method 'bin' and step 0.97 ... OK
Create profile matrix with method 'bin' and step 0.97 ... OK
Create profile matrix with method 'bin' and step 0.97 ... OK
Create profile matrix with method 'bin' and step 0.97 ... OK
Create profile matrix with method 'bin' and step 0.97 ... OK
Create profile matrix with method 'bin' and step 0.97 ... OK
Create profile matrix with method 'bin' and step 0.97 ... OK
Processing 66568 mz slices ... OK
Create profile matrix with method 'bin' and step 0.97 ... OK
Create profile matrix with method 'bin' and step 0.97 ... OK
Create profile matrix with method 'bin' and step 0.97 ... OK
Create profile matrix with method 'bin' and step 0.97 ... OK
Create profile matrix with method 'bin' and step 0.97 ... OK
Create profile matrix with method 'bin' and step 0.97 ... OK
Create profile matrix with method 'bin' and step 0.97 ... OK
Create profile matrix with method 'bin' and step 0.97 ... OK
Processing 66568 mz slices ... OK
Create profile matrix with method 'bin' and step 0.97 ... OK
Create profile matrix with method 'bin' and step 0.97 ... OK
Create profile matrix with method 'bin' and step 0.97 ... OK
Create profile matrix with method 'bin' and step 0.97 ... OK
Create profile matrix with method 'bin' and step 0.97 ... OK
Create profile matrix with method 'bin' and step 0.97 ... OK
Create profile matrix with method 'bin' and step 0.97 ... OK
Create profile matrix with method 'bin' and step 0.97 ... OK
Processing 66568 mz slices ... OK
Create profile matrix with method 'bin' and step 0.97 ... OK
Create profile matrix with method 'bin' and step 0.97 ... OK
Create profile matrix with method 'bin' and step 0.97 ... OK
Create profile matrix with method 'bin' and step 0.97 ... OK
Create profile matrix with method 'bin' and step 0.97 ... OK
Create profile matrix with method 'bin' and step 0.97 ... OK
Create profile matrix with method 'bin' and step 0.97 ... OK
Create profile matrix with method 'bin' and step 0.97 ... OK
Processing 66568 mz slices ... OK
Create profile matrix with method 'bin' and step 0.85 ... OK
Create profile matrix with method 'bin' and step 0.85 ... OK
Create profile matrix with method 'bin' and step 0.85 ... OK
Create profile matrix with method 'bin' and step 0.85 ... OK
Create profile matrix with method 'bin' and step 0.85 ... OK
Create profile matrix with method 'bin' and step 0.85 ... OK
Create profile matrix with method 'bin' and step 0.85 ... OK
Create profile matrix with method 'bin' and step 0.85 ... OK
Processing 119821 mz slices ... OK
Create profile matrix with method 'bin' and step 0.85 ... OK
Create profile matrix with method 'bin' and step 0.85 ... OK
Create profile matrix with method 'bin' and step 0.85 ... OK
Create profile matrix with method 'bin' and step 0.85 ... OK
Create profile matrix with method 'bin' and step 0.85 ... OK
Create profile matrix with method 'bin' and step 0.85 ... OK
Create profile matrix with method 'bin' and step 0.85 ... OK
Create profile matrix with method 'bin' and step 0.85 ... OK
Processing 119821 mz slices ... OK
Create profile matrix with method 'bin' and step 0.85 ... OK
Create profile matrix with method 'bin' and step 0.85 ... OK
Create profile matrix with method 'bin' and step 0.85 ... OK
Create profile matrix with method 'bin' and step 0.85 ... OK
Create profile matrix with method 'bin' and step 0.85 ... OK
Create profile matrix with method 'bin' and step 0.85 ... OK
Create profile matrix with method 'bin' and step 0.85 ... OK
Create profile matrix with method 'bin' and step 0.85 ... OK
Processing 119821 mz slices ... OK
Create profile matrix with method 'bin' and step 0.85 ... OK
Create profile matrix with method 'bin' and step 0.85 ... OK
Create profile matrix with method 'bin' and step 0.85 ... OK
Create profile matrix with method 'bin' and step 0.85 ... OK
Create profile matrix with method 'bin' and step 0.85 ... OK
Create profile matrix with method 'bin' and step 0.85 ... OK
Create profile matrix with method 'bin' and step 0.85 ... OK
Create profile matrix with method 'bin' and step 0.85 ... OK
Processing 119821 mz slices ... OK
Create profile matrix with method 'bin' and step 0.85 ... OK
Create profile matrix with method 'bin' and step 0.85 ... OK
Create profile matrix with method 'bin' and step 0.85 ... OK
Create profile matrix with method 'bin' and step 0.85 ... OK
Create profile matrix with method 'bin' and step 0.85 ... OK
Create profile matrix with method 'bin' and step 0.85 ... OK
Create profile matrix with method 'bin' and step 0.85 ... OK
Create profile matrix with method 'bin' and step 0.85 ... OK
Processing 119821 mz slices ... OK
Create profile matrix with method 'bin' and step 0.73 ... OK
Create profile matrix with method 'bin' and step 0.73 ... OK
Create profile matrix with method 'bin' and step 0.73 ... OK
Create profile matrix with method 'bin' and step 0.73 ... OK
Create profile matrix with method 'bin' and step 0.73 ... OK
Create profile matrix with method 'bin' and step 0.73 ... OK
Create profile matrix with method 'bin' and step 0.73 ... OK
Create profile matrix with method 'bin' and step 0.73 ... OK
Processing 119821 mz slices ... OK
Create profile matrix with method 'bin' and step 0.97 ... OK
Create profile matrix with method 'bin' and step 0.97 ... OK
Create profile matrix with method 'bin' and step 0.97 ... OK
Create profile matrix with method 'bin' and step 0.97 ... OK
Create profile matrix with method 'bin' and step 0.97 ... OK
Create profile matrix with method 'bin' and step 0.97 ... OK
Create profile matrix with method 'bin' and step 0.97 ... OK
Create profile matrix with method 'bin' and step 0.97 ... OK
Processing 119821 mz slices ... OK
Create profile matrix with method 'bin' and step 0.85 ... OK
Create profile matrix with method 'bin' and step 0.85 ... OK
Create profile matrix with method 'bin' and step 0.85 ... OK
Create profile matrix with method 'bin' and step 0.85 ... OK
Create profile matrix with method 'bin' and step 0.85 ... OK
Create profile matrix with method 'bin' and step 0.85 ... OK
Create profile matrix with method 'bin' and step 0.85 ... OK
Create profile matrix with method 'bin' and step 0.85 ... OK
Processing 119821 mz slices ... OK
Create profile matrix with method 'bin' and step 0.85 ... OK
Create profile matrix with method 'bin' and step 0.85 ... OK
Create profile matrix with method 'bin' and step 0.85 ... OK
Create profile matrix with method 'bin' and step 0.85 ... OK
Create profile matrix with method 'bin' and step 0.85 ... OK
Create profile matrix with method 'bin' and step 0.85 ... OK
Create profile matrix with method 'bin' and step 0.85 ... OK
Create profile matrix with method 'bin' and step 0.85 ... OK
Processing 119821 mz slices ... OK
Create profile matrix with method 'bin' and step 0.85 ... OK
Create profile matrix with method 'bin' and step 0.85 ... OK
Create profile matrix with method 'bin' and step 0.85 ... OK
Create profile matrix with method 'bin' and step 0.85 ... OK
Create profile matrix with method 'bin' and step 0.85 ... OK
Create profile matrix with method 'bin' and step 0.85 ... OK
Create profile matrix with method 'bin' and step 0.85 ... OK
Create profile matrix with method 'bin' and step 0.85 ... OK
Processing 599097 mz slices ... OK
Create profile matrix with method 'bin' and step 0.85 ... OK
Create profile matrix with method 'bin' and step 0.85 ... OK
Create profile matrix with method 'bin' and step 0.85 ... OK
Create profile matrix with method 'bin' and step 0.85 ... OK
Create profile matrix with method 'bin' and step 0.85 ... OK
Create profile matrix with method 'bin' and step 0.85 ... OK
Create profile matrix with method 'bin' and step 0.85 ... OK
Create profile matrix with method 'bin' and step 0.85 ... OK
Processing 66568 mz slices ... OK
Create profile matrix with method 'bin' and step 0.85 ... OK
Create profile matrix with method 'bin' and step 0.85 ... OK
Create profile matrix with method 'bin' and step 0.85 ... OK
Create profile matrix with method 'bin' and step 0.85 ... OK
Create profile matrix with method 'bin' and step 0.85 ... OK
Create profile matrix with method 'bin' and step 0.85 ... OK
Create profile matrix with method 'bin' and step 0.85 ... OK
Create profile matrix with method 'bin' and step 0.85 ... OK
Processing 119821 mz slices ... OK
Create profile matrix with method 'bin' and step 0.91 ... OK
Create profile matrix with method 'bin' and step 0.91 ... OK
Create profile matrix with method 'bin' and step 0.91 ... OK
Create profile matrix with method 'bin' and step 0.91 ... OK
Create profile matrix with method 'bin' and step 0.91 ... OK
Create profile matrix with method 'bin' and step 0.91 ... OK
Create profile matrix with method 'bin' and step 0.91 ... OK
Create profile matrix with method 'bin' and step 0.91 ... OK
Processing 119821 mz slices ... OK
profStep or minfrac greater 1, decreasing to 0.81 and 1



starting new DoE with:

gapInit: c(0.26, 0.74)
gapExtend: c(2.208, 2.592)
profStep: c(0.81, 1)
bw: c(0.879999999999999, 23.92)
mzwid: c(0.0054, 0.0246)
distFunc: cor_opt
plottype: none
response: 1
factorDiag: 2
factorGap: 1
localAlignment: 0
retcorMethod: obiwarp
minfrac: 0.05
minsamp: 1
max: 50
center: 2

Create profile matrix with method 'bin' and step 0.81 ... OK
Create profile matrix with method 'bin' and step 0.81 ... OK
Create profile matrix with method 'bin' and step 0.81 ... OK
Create profile matrix with method 'bin' and step 0.81 ... OK
Create profile matrix with method 'bin' and step 0.81 ... OK
Create profile matrix with method 'bin' and step 0.81 ... OK
Create profile matrix with method 'bin' and step 0.81 ... OK
Create profile matrix with method 'bin' and step 0.81 ... OK
Processing 332833 mz slices ... OK
Create profile matrix with method 'bin' and step 0.81 ... OK
Create profile matrix with method 'bin' and step 0.81 ... OK
Create profile matrix with method 'bin' and step 0.81 ... OK
Create profile matrix with method 'bin' and step 0.81 ... OK
Create profile matrix with method 'bin' and step 0.81 ... OK
Create profile matrix with method 'bin' and step 0.81 ... OK
Create profile matrix with method 'bin' and step 0.81 ... OK
Create profile matrix with method 'bin' and step 0.81 ... OK
Processing 332833 mz slices ... OK
Create profile matrix with method 'bin' and step 0.81 ... OK
Create profile matrix with method 'bin' and step 0.81 ... OK
Create profile matrix with method 'bin' and step 0.81 ... OK
Create profile matrix with method 'bin' and step 0.81 ... OK
Create profile matrix with method 'bin' and step 0.81 ... OK
Create profile matrix with method 'bin' and step 0.81 ... OK
Create profile matrix with method 'bin' and step 0.81 ... OK
Create profile matrix with method 'bin' and step 0.81 ... OK
Processing 332833 mz slices ... OK
Create profile matrix with method 'bin' and step 0.81 ... OK
Create profile matrix with method 'bin' and step 0.81 ... OK
Create profile matrix with method 'bin' and step 0.81 ... OK
Create profile matrix with method 'bin' and step 0.81 ... OK
Create profile matrix with method 'bin' and step 0.81 ... OK
Create profile matrix with method 'bin' and step 0.81 ... OK
Create profile matrix with method 'bin' and step 0.81 ... OK
Create profile matrix with method 'bin' and step 0.81 ... OK
Processing 332833 mz slices ... OK
Create profile matrix with method 'bin' and step 1 ... OK
Create profile matrix with method 'bin' and step 1 ... OK
Create profile matrix with method 'bin' and step 1 ... OK
Create profile matrix with method 'bin' and step 1 ... OK
Create profile matrix with method 'bin' and step 1 ... OK
Processing 332833 mz slices ... OK
Create profile matrix with method 'bin' and step 1 ... OK
Create profile matrix with method 'bin' and step 1 ... OK
Create profile matrix with method 'bin' and step 1 ... OK
Create profile matrix with method 'bin' and step 1 ... OK
Create profile matrix with method 'bin' and step 1 ... OK
Processing 332833 mz slices ... OK
Create profile matrix with method 'bin' and step 1 ... OK
Create profile matrix with method 'bin' and step 1 ... OK
Create profile matrix with method 'bin' and step 1 ... OK
Create profile matrix with method 'bin' and step 1 ... OK
Create profile matrix with method 'bin' and step 1 ... OK
Processing 332833 mz slices ... OK
Create profile matrix with method 'bin' and step 1 ... OK
Create profile matrix with method 'bin' and step 1 ... OK
Create profile matrix with method 'bin' and step 1 ... OK
Create profile matrix with method 'bin' and step 1 ... OK
Create profile matrix with method 'bin' and step 1 ... OK
Processing 332833 mz slices ... OK
Create profile matrix with method 'bin' and step 0.81 ... OK
Create profile matrix with method 'bin' and step 0.81 ... OK
Create profile matrix with method 'bin' and step 0.81 ... OK
Create profile matrix with method 'bin' and step 0.81 ... OK
Create profile matrix with method 'bin' and step 0.81 ... OK
Create profile matrix with method 'bin' and step 0.81 ... OK
Create profile matrix with method 'bin' and step 0.81 ... OK
Create profile matrix with method 'bin' and step 0.81 ... OK
Processing 332833 mz slices ... OK
Create profile matrix with method 'bin' and step 0.81 ... OK
Create profile matrix with method 'bin' and step 0.81 ... OK
Create profile matrix with method 'bin' and step 0.81 ... OK
Create profile matrix with method 'bin' and step 0.81 ... OK
Create profile matrix with method 'bin' and step 0.81 ... OK
Create profile matrix with method 'bin' and step 0.81 ... OK
Create profile matrix with method 'bin' and step 0.81 ... OK
Create profile matrix with method 'bin' and step 0.81 ... OK
Processing 332833 mz slices ... OK
Create profile matrix with method 'bin' and step 0.81 ... OK
Create profile matrix with method 'bin' and step 0.81 ... OK
Create profile matrix with method 'bin' and step 0.81 ... OK
Create profile matrix with method 'bin' and step 0.81 ... OK
Create profile matrix with method 'bin' and step 0.81 ... OK
Create profile matrix with method 'bin' and step 0.81 ... OK
Create profile matrix with method 'bin' and step 0.81 ... OK
Create profile matrix with method 'bin' and step 0.81 ... OK
Processing 332833 mz slices ... OK
Create profile matrix with method 'bin' and step 0.81 ... OK
Create profile matrix with method 'bin' and step 0.81 ... OK
Create profile matrix with method 'bin' and step 0.81 ... OK
Create profile matrix with method 'bin' and step 0.81 ... OK
Create profile matrix with method 'bin' and step 0.81 ... OK
Create profile matrix with method 'bin' and step 0.81 ... OK
Create profile matrix with method 'bin' and step 0.81 ... OK
Create profile matrix with method 'bin' and step 0.81 ... OK
Processing 332833 mz slices ... OK
Create profile matrix with method 'bin' and step 1 ... OK
Create profile matrix with method 'bin' and step 1 ... OK
Create profile matrix with method 'bin' and step 1 ... OK
Create profile matrix with method 'bin' and step 1 ... OK
Create profile matrix with method 'bin' and step 1 ... OK
Processing 332833 mz slices ... OK
Create profile matrix with method 'bin' and step 1 ... OK
Create profile matrix with method 'bin' and step 1 ... OK
Create profile matrix with method 'bin' and step 1 ... OK
Create profile matrix with method 'bin' and step 1 ... OK
Create profile matrix with method 'bin' and step 1 ... OK
Processing 332833 mz slices ... OK
Create profile matrix with method 'bin' and step 1 ... OK
Create profile matrix with method 'bin' and step 1 ... OK
Create profile matrix with method 'bin' and step 1 ... OK
Create profile matrix with method 'bin' and step 1 ... OK
Create profile matrix with method 'bin' and step 1 ... OK
Processing 332833 mz slices ... OK
Create profile matrix with method 'bin' and step 1 ... OK
Create profile matrix with method 'bin' and step 1 ... OK
Create profile matrix with method 'bin' and step 1 ... OK
Create profile matrix with method 'bin' and step 1 ... OK
Create profile matrix with method 'bin' and step 1 ... OK
Processing 332833 mz slices ... OK
Create profile matrix with method 'bin' and step 0.81 ... OK
Create profile matrix with method 'bin' and step 0.81 ... OK
Create profile matrix with method 'bin' and step 0.81 ... OK
Create profile matrix with method 'bin' and step 0.81 ... OK
Create profile matrix with method 'bin' and step 0.81 ... OK
Create profile matrix with method 'bin' and step 0.81 ... OK
Create profile matrix with method 'bin' and step 0.81 ... OK
Create profile matrix with method 'bin' and step 0.81 ... OK
Processing 73062 mz slices ... OK
Create profile matrix with method 'bin' and step 0.81 ... OK
Create profile matrix with method 'bin' and step 0.81 ... OK
Create profile matrix with method 'bin' and step 0.81 ... OK
Create profile matrix with method 'bin' and step 0.81 ... OK
Create profile matrix with method 'bin' and step 0.81 ... OK
Create profile matrix with method 'bin' and step 0.81 ... OK
Create profile matrix with method 'bin' and step 0.81 ... OK
Create profile matrix with method 'bin' and step 0.81 ... OK
Processing 73062 mz slices ... OK
Create profile matrix with method 'bin' and step 0.81 ... OK
Create profile matrix with method 'bin' and step 0.81 ... OK
Create profile matrix with method 'bin' and step 0.81 ... OK
Create profile matrix with method 'bin' and step 0.81 ... OK
Create profile matrix with method 'bin' and step 0.81 ... OK
Create profile matrix with method 'bin' and step 0.81 ... OK
Create profile matrix with method 'bin' and step 0.81 ... OK
Create profile matrix with method 'bin' and step 0.81 ... OK
Processing 73062 mz slices ... OK
Create profile matrix with method 'bin' and step 0.81 ... OK
Create profile matrix with method 'bin' and step 0.81 ... OK
Create profile matrix with method 'bin' and step 0.81 ... OK
Create profile matrix with method 'bin' and step 0.81 ... OK
Create profile matrix with method 'bin' and step 0.81 ... OK
Create profile matrix with method 'bin' and step 0.81 ... OK
Create profile matrix with method 'bin' and step 0.81 ... OK
Create profile matrix with method 'bin' and step 0.81 ... OK
Processing 73062 mz slices ... OK
Create profile matrix with method 'bin' and step 1 ... OK
Create profile matrix with method 'bin' and step 1 ... OK
Create profile matrix with method 'bin' and step 1 ... OK
Create profile matrix with method 'bin' and step 1 ... OK
Create profile matrix with method 'bin' and step 1 ... OK
Processing 73062 mz slices ... OK
Create profile matrix with method 'bin' and step 1 ... OK
Create profile matrix with method 'bin' and step 1 ... OK
Create profile matrix with method 'bin' and step 1 ... OK
Create profile matrix with method 'bin' and step 1 ... OK
Create profile matrix with method 'bin' and step 1 ... OK
Processing 73062 mz slices ... OK
Create profile matrix with method 'bin' and step 1 ... OK
Create profile matrix with method 'bin' and step 1 ... OK
Create profile matrix with method 'bin' and step 1 ... OK
Create profile matrix with method 'bin' and step 1 ... OK
Create profile matrix with method 'bin' and step 1 ... OK
Processing 73062 mz slices ... OK
Create profile matrix with method 'bin' and step 1 ... OK
Create profile matrix with method 'bin' and step 1 ... OK
Create profile matrix with method 'bin' and step 1 ... OK
Create profile matrix with method 'bin' and step 1 ... OK
Create profile matrix with method 'bin' and step 1 ... OK
Processing 73062 mz slices ... 