center sample:  Person02_plasma_youth_NEG 
Processing: Person28_plasma_youth_NEG  Person18_plasma_elder_NEG  Person07_plasma_elder_NEG  Person25_plasma_elder_NEG  
center sample:  Person02_plasma_youth_NEG 
Processing: Person28_plasma_youth_NEG  Person18_plasma_elder_NEG  Person07_plasma_elder_NEG  Person25_plasma_elder_NEG  
center sample:  Person02_plasma_youth_NEG 
Processing: Person28_plasma_youth_NEG  Person18_plasma_elder_NEG  Person07_plasma_elder_NEG  Person25_plasma_elder_NEG  
center sample:  Person02_plasma_youth_NEG 
Processing: Person28_plasma_youth_NEG  Person18_plasma_elder_NEG  Person07_plasma_elder_NEG  Person25_plasma_elder_NEG  
center sample:  Person02_plasma_youth_NEG 
Processing: Person28_plasma_youth_NEG  Person18_plasma_elder_NEG  Person07_plasma_elder_NEG  Person25_plasma_elder_NEG  
center sample:  Person02_plasma_youth_NEG 
Processing: Person28_plasma_youth_NEG  Person18_plasma_elder_NEG  Person07_plasma_elder_NEG  Person25_plasma_elder_NEG  
center sample:  Person02_plasma_youth_NEG 
Processing: Person28_plasma_youth_NEG  Person18_plasma_elder_NEG  Person07_plasma_elder_NEG  Person25_plasma_elder_NEG  
center sample:  Person02_plasma_youth_NEG 
Processing: Person28_plasma_youth_NEG  Person18_plasma_elder_NEG  Person07_plasma_elder_NEG  Person25_plasma_elder_NEG  
center sample:  Person02_plasma_youth_NEG 
Processing: Person28_plasma_youth_NEG  Person18_plasma_elder_NEG  Person07_plasma_elder_NEG  Person25_plasma_elder_NEG  
center sample:  Person02_plasma_youth_NEG 
Processing: Person28_plasma_youth_NEG  Person18_plasma_elder_NEG  Person07_plasma_elder_NEG  Person25_plasma_elder_NEG  
center sample:  Person02_plasma_youth_NEG 
Processing: Person28_plasma_youth_NEG  Person18_plasma_elder_NEG  Person07_plasma_elder_NEG  Person25_plasma_elder_NEG  
center sample:  Person02_plasma_youth_NEG 
Processing: Person28_plasma_youth_NEG  Person18_plasma_elder_NEG  Person07_plasma_elder_NEG  Person25_plasma_elder_NEG  
center sample:  Person02_plasma_youth_NEG 
Processing: Person28_plasma_youth_NEG  Person18_plasma_elder_NEG  Person07_plasma_elder_NEG  Person25_plasma_elder_NEG  
center sample:  Person02_plasma_youth_NEG 
Processing: Person28_plasma_youth_NEG  Person18_plasma_elder_NEG  Person07_plasma_elder_NEG  Person25_plasma_elder_NEG  
center sample:  Person02_plasma_youth_NEG 
Processing: Person28_plasma_youth_NEG  Person18_plasma_elder_NEG  Person07_plasma_elder_NEG  Person25_plasma_elder_NEG  
center sample:  Person02_plasma_youth_NEG 
Processing: Person28_plasma_youth_NEG  Person18_plasma_elder_NEG  Person07_plasma_elder_NEG  Person25_plasma_elder_NEG  
center sample:  Person02_plasma_youth_NEG 
Processing: Person28_plasma_youth_NEG  Person18_plasma_elder_NEG  Person07_plasma_elder_NEG  Person25_plasma_elder_NEG  
center sample:  Person02_plasma_youth_NEG 
Processing: Person28_plasma_youth_NEG  Person18_plasma_elder_NEG  Person07_plasma_elder_NEG  Person25_plasma_elder_NEG  
center sample:  Person02_plasma_youth_NEG 
Processing: Person28_plasma_youth_NEG  Person18_plasma_elder_NEG  Person07_plasma_elder_NEG  Person25_plasma_elder_NEG  
center sample:  Person02_plasma_youth_NEG 
Processing: Person28_plasma_youth_NEG  Person18_plasma_elder_NEG  Person07_plasma_elder_NEG  Person25_plasma_elder_NEG  
center sample:  Person02_plasma_youth_NEG 
Processing: Person28_plasma_youth_NEG  Person18_plasma_elder_NEG  Person07_plasma_elder_NEG  Person25_plasma_elder_NEG  
center sample:  Person02_plasma_youth_NEG 
Processing: Person28_plasma_youth_NEG  Person18_plasma_elder_NEG  Person07_plasma_elder_NEG  Person25_plasma_elder_NEG  
center sample:  Person02_plasma_youth_NEG 
Processing: Person28_plasma_youth_NEG  Person18_plasma_elder_NEG  Person07_plasma_elder_NEG  Person25_plasma_elder_NEG  
center sample:  Person02_plasma_youth_NEG 
Processing: Person28_plasma_youth_NEG  Person18_plasma_elder_NEG  Person07_plasma_elder_NEG  Person25_plasma_elder_NEG  
center sample:  Person02_plasma_youth_NEG 
Processing: Person28_plasma_youth_NEG  Person18_plasma_elder_NEG  Person07_plasma_elder_NEG  Person25_plasma_elder_NEG  
center sample:  Person02_plasma_youth_NEG 
Processing: Person28_plasma_youth_NEG  Person18_plasma_elder_NEG  Person07_plasma_elder_NEG  Person25_plasma_elder_NEG  
center sample:  Person02_plasma_youth_NEG 
Processing: Person28_plasma_youth_NEG  Person18_plasma_elder_NEG  Person07_plasma_elder_NEG  Person25_plasma_elder_NEG  
center sample:  Person02_plasma_youth_NEG 
Processing: Person28_plasma_youth_NEG  Person18_plasma_elder_NEG  Person07_plasma_elder_NEG  Person25_plasma_elder_NEG  
center sample:  Person02_plasma_youth_NEG 
Processing: Person28_plasma_youth_NEG  Person18_plasma_elder_NEG  Person07_plasma_elder_NEG  Person25_plasma_elder_NEG  
center sample:  Person02_plasma_youth_NEG 
Processing: Person28_plasma_youth_NEG  Person18_plasma_elder_NEG  Person07_plasma_elder_NEG  Person25_plasma_elder_NEG  
center sample:  Person02_plasma_youth_NEG 
Processing: Person28_plasma_youth_NEG  Person18_plasma_elder_NEG  Person07_plasma_elder_NEG  Person25_plasma_elder_NEG  
center sample:  Person02_plasma_youth_NEG 
Processing: Person28_plasma_youth_NEG  Person18_plasma_elder_NEG  Person07_plasma_elder_NEG  Person25_plasma_elder_NEG  
center sample:  Person02_plasma_youth_NEG 
Processing: Person28_plasma_youth_NEG  Person18_plasma_elder_NEG  Person07_plasma_elder_NEG  Person25_plasma_elder_NEG  
center sample:  Person02_plasma_youth_NEG 
Processing: Person28_plasma_youth_NEG  Person18_plasma_elder_NEG  Person07_plasma_elder_NEG  Person25_plasma_elder_NEG  
center sample:  Person02_plasma_youth_NEG 
Processing: Person28_plasma_youth_NEG  Person18_plasma_elder_NEG  Person07_plasma_elder_NEG  Person25_plasma_elder_NEG  
center sample:  Person02_plasma_youth_NEG 
Processing: Person28_plasma_youth_NEG  Person18_plasma_elder_NEG  Person07_plasma_elder_NEG  Person25_plasma_elder_NEG  
center sample:  Person02_plasma_youth_NEG 
Processing: Person28_plasma_youth_NEG  Person18_plasma_elder_NEG  Person07_plasma_elder_NEG  Person25_plasma_elder_NEG  
center sample:  Person02_plasma_youth_NEG 
Processing: Person28_plasma_youth_NEG  Person18_plasma_elder_NEG  Person07_plasma_elder_NEG  Person25_plasma_elder_NEG  
center sample:  Person02_plasma_youth_NEG 
Processing: Person28_plasma_youth_NEG  Person18_plasma_elder_NEG  Person07_plasma_elder_NEG  Person25_plasma_elder_NEG  
center sample:  Person02_plasma_youth_NEG 
Processing: Person28_plasma_youth_NEG  Person18_plasma_elder_NEG  Person07_plasma_elder_NEG  Person25_plasma_elder_NEG  
center sample:  Person02_plasma_youth_NEG 
Processing: Person28_plasma_youth_NEG  Person18_plasma_elder_NEG  Person07_plasma_elder_NEG  Person25_plasma_elder_NEG  
center sample:  Person02_plasma_youth_NEG 
Processing: Person28_plasma_youth_NEG  Person18_plasma_elder_NEG  Person07_plasma_elder_NEG  Person25_plasma_elder_NEG  
center sample:  Person02_plasma_youth_NEG 
Processing: Person28_plasma_youth_NEG  Person18_plasma_elder_NEG  Person07_plasma_elder_NEG  Person25_plasma_elder_NEG  
center sample:  Person02_plasma_youth_NEG 
Processing: Person28_plasma_youth_NEG  Person18_plasma_elder_NEG  Person07_plasma_elder_NEG  Person25_plasma_elder_NEG  
center sample:  Person02_plasma_youth_NEG 
Processing: Person28_plasma_youth_NEG  Person18_plasma_elder_NEG  Person07_plasma_elder_NEG  Person25_plasma_elder_NEG  
center sample:  Person02_plasma_youth_NEG 
Processing: Person28_plasma_youth_NEG  Person18_plasma_elder_NEG  Person07_plasma_elder_NEG  Person25_plasma_elder_NEG  
center sample:  Person02_plasma_youth_NEG 
Processing: Person28_plasma_youth_NEG  Person18_plasma_elder_NEG  Person07_plasma_elder_NEG  Person25_plasma_elder_NEG  
center sample:  Person02_plasma_youth_NEG 
Processing: Person28_plasma_youth_NEG  Person18_plasma_elder_NEG  Person07_plasma_elder_NEG  Person25_plasma_elder_NEG  
center sample:  Person02_plasma_youth_NEG 
Processing: Person28_plasma_youth_NEG  Person18_plasma_elder_NEG  Person07_plasma_elder_NEG  Person25_plasma_elder_NEG  
center sample:  Person02_plasma_youth_NEG 
Processing: Person28_plasma_youth_NEG  Person18_plasma_elder_NEG  Person07_plasma_elder_NEG  Person25_plasma_elder_NEG  
center sample:  Person02_plasma_youth_NEG 
Processing: Person28_plasma_youth_NEG  Person18_plasma_elder_NEG  Person07_plasma_elder_NEG  Person25_plasma_elder_NEG  
center sample:  Person02_plasma_youth_NEG 
Processing: Person28_plasma_youth_NEG  Person18_plasma_elder_NEG  Person07_plasma_elder_NEG  Person25_plasma_elder_NEG  
center sample:  Person02_plasma_youth_NEG 
Processing: Person28_plasma_youth_NEG  Person18_plasma_elder_NEG  Person07_plasma_elder_NEG  Person25_plasma_elder_NEG  
center sample:  Person02_plasma_youth_NEG 
Processing: Person28_plasma_youth_NEG  Person18_plasma_elder_NEG  Person07_plasma_elder_NEG  Person25_plasma_elder_NEG  
center sample:  Person02_plasma_youth_NEG 
Processing: Person28_plasma_youth_NEG  Person18_plasma_elder_NEG  Person07_plasma_elder_NEG  Person25_plasma_elder_NEG  
center sample:  Person02_plasma_youth_NEG 
Processing: Person28_plasma_youth_NEG  Person18_plasma_elder_NEG  Person07_plasma_elder_NEG  Person25_plasma_elder_NEG  
center sample:  Person02_plasma_youth_NEG 
Processing: Person28_plasma_youth_NEG  Person18_plasma_elder_NEG  Person07_plasma_elder_NEG  Person25_plasma_elder_NEG  
center sample:  Person02_plasma_youth_NEG 
Processing: Person28_plasma_youth_NEG  Person18_plasma_elder_NEG  Person07_plasma_elder_NEG  Person25_plasma_elder_NEG  
center sample:  Person02_plasma_youth_NEG 
Processing: Person28_plasma_youth_NEG  Person18_plasma_elder_NEG  Person07_plasma_elder_NEG  Person25_plasma_elder_NEG  
center sample:  Person02_plasma_youth_NEG 
Processing: Person28_plasma_youth_NEG  Person18_plasma_elder_NEG  Person07_plasma_elder_NEG  Person25_plasma_elder_NEG  
center sample:  Person02_plasma_youth_NEG 
Processing: Person28_plasma_youth_NEG  Person18_plasma_elder_NEG  Person07_plasma_elder_NEG  Person25_plasma_elder_NEG  
center sample:  Person02_plasma_youth_NEG 
Processing: Person28_plasma_youth_NEG  Person18_plasma_elder_NEG  Person07_plasma_elder_NEG  Person25_plasma_elder_NEG  
center sample:  Person02_plasma_youth_NEG 
Processing: Person28_plasma_youth_NEG  Person18_plasma_elder_NEG  Person07_plasma_elder_NEG  Person25_plasma_elder_NEG  
center sample:  Person02_plasma_youth_NEG 
Processing: Person28_plasma_youth_NEG  Person18_plasma_elder_NEG  Person07_plasma_elder_NEG  Person25_plasma_elder_NEG  
center sample:  Person02_plasma_youth_NEG 
Processing: Person28_plasma_youth_NEG  Person18_plasma_elder_NEG  Person07_plasma_elder_NEG  Person25_plasma_elder_NEG  
center sample:  Person02_plasma_youth_NEG 
Processing: Person28_plasma_youth_NEG  Person18_plasma_elder_NEG  Person07_plasma_elder_NEG  Person25_plasma_elder_NEG  
center sample:  Person02_plasma_youth_NEG 
Processing: Person28_plasma_youth_NEG  Person18_plasma_elder_NEG  Person07_plasma_elder_NEG  Person25_plasma_elder_NEG  
center sample:  Person02_plasma_youth_NEG 
Processing: Person28_plasma_youth_NEG  Person18_plasma_elder_NEG  Person07_plasma_elder_NEG  Person25_plasma_elder_NEG  
center sample:  Person02_plasma_youth_NEG 
Processing: Person28_plasma_youth_NEG  Person18_plasma_elder_NEG  Person07_plasma_elder_NEG  Person25_plasma_elder_NEG  
center sample:  Person02_plasma_youth_NEG 
Processing: Person28_plasma_youth_NEG  Person18_plasma_elder_NEG  Person07_plasma_elder_NEG  Person25_plasma_elder_NEG  
center sample:  Person02_plasma_youth_NEG 
Processing: Person28_plasma_youth_NEG  Person18_plasma_elder_NEG  Person07_plasma_elder_NEG  Person25_plasma_elder_NEG  
center sample:  Person02_plasma_youth_NEG 
Processing: Person28_plasma_youth_NEG  Person18_plasma_elder_NEG  Person07_plasma_elder_NEG  Person25_plasma_elder_NEG  
center sample:  Person02_plasma_youth_NEG 
Processing: Person28_plasma_youth_NEG  Person18_plasma_elder_NEG  Person07_plasma_elder_NEG  Person25_plasma_elder_NEG  
center sample:  Person02_plasma_youth_NEG 
Processing: Person28_plasma_youth_NEG  Person18_plasma_elder_NEG  Person07_plasma_elder_NEG  Person25_plasma_elder_NEG  
center sample:  Person02_plasma_youth_NEG 
Processing: Person28_plasma_youth_NEG  Person18_plasma_elder_NEG  Person07_plasma_elder_NEG  Person25_plasma_elder_NEG  
center sample:  Person02_plasma_youth_NEG 
Processing: Person28_plasma_youth_NEG  Person18_plasma_elder_NEG  Person07_plasma_elder_NEG  Person25_plasma_elder_NEG  
center sample:  Person02_plasma_youth_NEG 
Processing: Person28_plasma_youth_NEG  Person18_plasma_elder_NEG  Person07_plasma_elder_NEG  Person25_plasma_elder_NEG  
center sample:  Person02_plasma_youth_NEG 
Processing: Person28_plasma_youth_NEG  Person18_plasma_elder_NEG  Person07_plasma_elder_NEG  Person25_plasma_elder_NEG  
center sample:  Person02_plasma_youth_NEG 
Processing: Person28_plasma_youth_NEG  Person18_plasma_elder_NEG  Person07_plasma_elder_NEG  Person25_plasma_elder_NEG  
center sample:  Person02_plasma_youth_NEG 
Processing: Person28_plasma_youth_NEG  Person18_plasma_elder_NEG  Person07_plasma_elder_NEG  Person25_plasma_elder_NEG  
center sample:  Person02_plasma_youth_NEG 
Processing: Person28_plasma_youth_NEG  Person18_plasma_elder_NEG  Person07_plasma_elder_NEG  Person25_plasma_elder_NEG  
center sample:  Person02_plasma_youth_NEG 
Processing: Person28_plasma_youth_NEG  Person18_plasma_elder_NEG  Person07_plasma_elder_NEG  Person25_plasma_elder_NEG  
center sample:  Person02_plasma_youth_NEG 
Processing: Person28_plasma_youth_NEG  Person18_plasma_elder_NEG  Person07_plasma_elder_NEG  Person25_plasma_elder_NEG  
center sample:  Person02_plasma_youth_NEG 
Processing: Person28_plasma_youth_NEG  Person18_plasma_elder_NEG  Person07_plasma_elder_NEG  Person25_plasma_elder_NEG  
center sample:  Person02_plasma_youth_NEG 
Processing: Person28_plasma_youth_NEG  Person18_plasma_elder_NEG  Person07_plasma_elder_NEG  Person25_plasma_elder_NEG  
center sample:  Person02_plasma_youth_NEG 
Processing: Person28_plasma_youth_NEG  Person18_plasma_elder_NEG  Person07_plasma_elder_NEG  Person25_plasma_elder_NEG  
center sample:  Person02_plasma_youth_NEG 
Processing: Person28_plasma_youth_NEG  Person18_plasma_elder_NEG  Person07_plasma_elder_NEG  Person25_plasma_elder_NEG  
center sample:  Person02_plasma_youth_NEG 
Processing: Person28_plasma_youth_NEG  Person18_plasma_elder_NEG  Person07_plasma_elder_NEG  Person25_plasma_elder_NEG  
center sample:  Person02_plasma_youth_NEG 
Processing: Person28_plasma_youth_NEG  Person18_plasma_elder_NEG  Person07_plasma_elder_NEG  Person25_plasma_elder_NEG  
center sample:  Person02_plasma_youth_NEG 
Processing: Person28_plasma_youth_NEG  Person18_plasma_elder_NEG  Person07_plasma_elder_NEG  Person25_plasma_elder_NEG  
center sample:  Person02_plasma_youth_NEG 
Processing: Person28_plasma_youth_NEG  Person18_plasma_elder_NEG  Person07_plasma_elder_NEG  Person25_plasma_elder_NEG  
center sample:  Person02_plasma_youth_NEG 
Processing: Person28_plasma_youth_NEG  Person18_plasma_elder_NEG  Person07_plasma_elder_NEG  Person25_plasma_elder_NEG  
pm ... OK
Detecting chromatographic peaks in 17345 regions of interest ... OK: 8660 found.
19
Detecting mass traces at 15.05 ppm ... OK
Detecting chromatographic peaks in 17345 regions of interest ... OK: 6460 found.
20
Detecting mass traces at 15.05 ppm ... OK
Detecting chromatographic peaks in 17345 regions of interest ... OK: 8576 found.
21
Detecting mass traces at 15.05 ppm ... OK
Detecting chromatographic peaks in 17345 regions of interest ... OK: 8754 found.
22
Detecting mass traces at 10.25 ppm ... OK
Detecting chromatographic peaks in 17021 regions of interest ... OK: 8662 found.
23
Detecting mass traces at 19.85 ppm ... OK
Detecting chromatographic peaks in 17015 regions of interest ... OK: 8455 found.
24
Detecting mass traces at 15.05 ppm ... OK
Detecting chromatographic peaks in 17345 regions of interest ... OK: 8722 found.
25
Detecting mass traces at 15.05 ppm ... OK
Detecting chromatographic peaks in 17345 regions of interest ... OK: 8525 found.
26
Detecting mass traces at 15.05 ppm ... OK
Detecting chromatographic peaks in 17345 regions of interest ... OK: 8711 found.
Detecting mass traces at 15.05 ppm ... OK
Detecting chromatographic peaks in 17345 regions of interest ... OK: 8800 found.
no increase, stopping
best parameter settings:
min_peakwidth: 36
max_peakwidth: 75
ppm: 15.05
mzdiff: -0.00815
snthresh: 10
noise: 500
prefilter: 3
value_of_prefilter: 500
mzCenterFun: wMean
integrate: 2
fitgauss: FALSE
verbose.columns: TRUE

There were 50 or more warnings (use warnings() to see the first 50)
Detecting mass traces at 15.05 ppm ... OK
Detecting chromatographic peaks in 16348 regions of interest ... OK: 8726 found.
Detecting mass traces at 15.05 ppm ... OK
Detecting chromatographic peaks in 14434 regions of interest ... OK: 6911 found.
Detecting mass traces at 15.05 ppm ... OK
Detecting chromatographic peaks in 13415 regions of interest ... OK: 6488 found.
Detecting mass traces at 15.05 ppm ... OK
Detecting chromatographic peaks in 17080 regions of interest ... OK: 8867 found.
Detecting mass traces at 15.05 ppm ... OK
Detecting chromatographic peaks in 16434 regions of interest ... OK: 8378 found.
Warning messages:
1: In .local(object, ...) :
  It looks like this file is in profile mode. centWave can process only centroid mode data !

2: In .local(object, ...) :
  It looks like this file is in profile mode. centWave can process only centroid mode data !

3: In .local(object, ...) :
  It looks like this file is in profile mode. centWave can process only centroid mode data !

4: In .local(object, ...) :
  It looks like this file is in profile mode. centWave can process only centroid mode data !

5: In .local(object, ...) :
  It looks like this file is in profile mode. centWave can process only centroid mode data !




starting new DoE with:

distFunc: cor_opt
gapInit: c(0, 0.4)
gapExtend: c(2.1, 2.7)
profStep: c(0.7, 1)
plottype: none
response: 1
factorDiag: 2
factorGap: 1
localAlignment: 0
retcorMethod: obiwarp
bw: c(22, 38)
minfrac: 0.05
mzwid: c(0.015, 0.035)
minsamp: 1
max: 50
center: 4

Create profile matrix with method 'bin' and step 0.7 ... OK
Create profile matrix with method 'bin' and step 0.7 ... OK
Create profile matrix with method 'bin' and step 0.7 ... OK
Create profile matrix with method 'bin' and step 0.7 ... OK
Create profile matrix with method 'bin' and step 0.7 ... OK
Create profile matrix with method 'bin' and step 0.7 ... OK
Create profile matrix with method 'bin' and step 0.7 ... OK
Create profile matrix with method 'bin' and step 0.7 ... OK
Processing 119821 mz slices ... OK
Create profile matrix with method 'bin' and step 0.7 ... OK
Create profile matrix with method 'bin' and step 0.7 ... OK
Create profile matrix with method 'bin' and step 0.7 ... OK
Create profile matrix with method 'bin' and step 0.7 ... OK
Create profile matrix with method 'bin' and step 0.7 ... OK
Create profile matrix with method 'bin' and step 0.7 ... OK
Create profile matrix with method 'bin' and step 0.7 ... OK
Create profile matrix with method 'bin' and step 0.7 ... OK
Processing 119821 mz slices ... OK
Create profile matrix with method 'bin' and step 0.7 ... OK
Create profile matrix with method 'bin' and step 0.7 ... OK
Create profile matrix with method 'bin' and step 0.7 ... OK
Create profile matrix with method 'bin' and step 0.7 ... OK
Create profile matrix with method 'bin' and step 0.7 ... OK
Create profile matrix with method 'bin' and step 0.7 ... OK
Create profile matrix with method 'bin' and step 0.7 ... OK
Create profile matrix with method 'bin' and step 0.7 ... OK
Processing 119821 mz slices ... OK
Create profile matrix with method 'bin' and step 0.7 ... OK
Create profile matrix with method 'bin' and step 0.7 ... OK
Create profile matrix with method 'bin' and step 0.7 ... OK
Create profile matrix with method 'bin' and step 0.7 ... OK
Create profile matrix with method 'bin' and step 0.7 ... OK
Create profile matrix with method 'bin' and step 0.7 ... OK
Create profile matrix with method 'bin' and step 0.7 ... OK
Create profile matrix with method 'bin' and step 0.7 ... OK
Processing 119821 mz slices ... OK
Create profile matrix with method 'bin' and step 1 ... OK
Create profile matrix with method 'bin' and step 1 ... OK
Create profile matrix with method 'bin' and step 1 ... OK
Create profile matrix with method 'bin' and step 1 ... OK
Create profile matrix with method 'bin' and step 1 ... OK
Processing 119821 mz slices ... OK
Create profile matrix with method 'bin' and step 1 ... OK
Create profile matrix with method 'bin' and step 1 ... OK
Create profile matrix with method 'bin' and step 1 ... OK
Create profile matrix with method 'bin' and step 1 ... OK
Create profile matrix with method 'bin' and step 1 ... OK
Processing 119821 mz slices ... OK
Create profile matrix with method 'bin' and step 1 ... OK
Create profile matrix with method 'bin' and step 1 ... OK
Create profile matrix with method 'bin' and step 1 ... OK
Create profile matrix with method 'bin' and step 1 ... OK
Create profile matrix with method 'bin' and step 1 ... OK
Processing 119821 mz slices ... OK
Create profile matrix with method 'bin' and step 1 ... OK
Create profile matrix with method 'bin' and step 1 ... OK
Create profile matrix with method 'bin' and step 1 ... OK
Create profile matrix with method 'bin' and step 1 ... OK
Create profile matrix with method 'bin' and step 1 ... OK
Processing 119821 mz slices ... OK
Create profile matrix with method 'bin' and step 0.7 ... OK
Create profile matrix with method 'bin' and step 0.7 ... OK
Create profile matrix with method 'bin' and step 0.7 ... OK
Create profile matrix with method 'bin' and step 0.7 ... OK
Create profile matrix with method 'bin' and step 0.7 ... OK
Create profile matrix with method 'bin' and step 0.7 ... OK
Create profile matrix with method 'bin' and step 0.7 ... OK
Create profile matrix with method 'bin' and step 0.7 ... OK
Processing 119821 mz slices ... OK
Create profile matrix with method 'bin' and step 0.7 ... OK
Create profile matrix with method 'bin' and step 0.7 ... OK
Create profile matrix with method 'bin' and step 0.7 ... OK
Create profile matrix with method 'bin' and step 0.7 ... OK
Create profile matrix with method 'bin' and step 0.7 ... OK
Create profile matrix with method 'bin' and step 0.7 ... OK
Create profile matrix with method 'bin' and step 0.7 ... OK
Create profile matrix with method 'bin' and step 0.7 ... OK
Processing 119821 mz slices ... OK
Create profile matrix with method 'bin' and step 0.7 ... OK
Create profile matrix with method 'bin' and step 0.7 ... OK
Create profile matrix with method 'bin' and step 0.7 ... OK
Create profile matrix with method 'bin' and step 0.7 ... OK
Create profile matrix with method 'bin' and step 0.7 ... OK
Create profile matrix with method 'bin' and step 0.7 ... OK
Create profile matrix with method 'bin' and step 0.7 ... OK
Create profile matrix with method 'bin' and step 0.7 ... OK
Processing 119821 mz slices ... OK
Create profile matrix with method 'bin' and step 0.7 ... OK
Create profile matrix with method 'bin' and step 0.7 ... OK
Create profile matrix with method 'bin' and step 0.7 ... OK
Create profile matrix with method 'bin' and step 0.7 ... OK
Create profile matrix with method 'bin' and step 0.7 ... OK
Create profile matrix with method 'bin' and step 0.7 ... OK
Create profile matrix with method 'bin' and step 0.7 ... OK
Create profile matrix with method 'bin' and step 0.7 ... OK
Processing 119821 mz slices ... OK
Create profile matrix with method 'bin' and step 1 ... OK
Create profile matrix with method 'bin' and step 1 ... OK
Create profile matrix with method 'bin' and step 1 ... OK
Create profile matrix with method 'bin' and step 1 ... OK
Create profile matrix with method 'bin' and step 1 ... OK
Processing 119821 mz slices ... OK
Create profile matrix with method 'bin' and step 1 ... OK
Create profile matrix with method 'bin' and step 1 ... OK
Create profile matrix with method 'bin' and step 1 ... OK
Create profile matrix with method 'bin' and step 1 ... OK
Create profile matrix with method 'bin' and step 1 ... OK
Processing 119821 mz slices ... OK
Create profile matrix with method 'bin' and step 1 ... OK
Create profile matrix with method 'bin' and step 1 ... OK
Create profile matrix with method 'bin' and step 1 ... OK
Create profile matrix with method 'bin' and step 1 ... OK
Create profile matrix with method 'bin' and step 1 ... OK
Processing 119821 mz slices ... OK
Create profile matrix with method 'bin' and step 1 ... OK
Create profile matrix with method 'bin' and step 1 ... OK
Create profile matrix with method 'bin' and step 1 ... OK
Create profile matrix with method 'bin' and step 1 ... OK
Create profile matrix with method 'bin' and step 1 ... OK
Processing 119821 mz slices ... OK
Create profile matrix with method 'bin' and step 0.7 ... OK
Create profile matrix with method 'bin' and step 0.7 ... OK
Create profile matrix with method 'bin' and step 0.7 ... OK
Create profile matrix with method 'bin' and step 0.7 ... OK
Create profile matrix with method 'bin' and step 0.7 ... OK
Create profile matrix with method 'bin' and step 0.7 ... OK
Create profile matrix with method 'bin' and step 0.7 ... OK
Create profile matrix with method 'bin' and step 0.7 ... OK
Processing 51353 mz slices ... OK
Create profile matrix with method 'bin' and step 0.7 ... OK
Create profile matrix with method 'bin' and step 0.7 ... OK
Create profile matrix with method 'bin' and step 0.7 ... OK
Create profile matrix with method 'bin' and step 0.7 ... OK
Create profile matrix with method 'bin' and step 0.7 ... OK
Create profile matrix with method 'bin' and step 0.7 ... OK
Create profile matrix with method 'bin' and step 0.7 ... OK
Create profile matrix with method 'bin' and step 0.7 ... OK
Processing 51353 mz slices ... OK
Create profile matrix with method 'bin' and step 0.7 ... OK
Create profile matrix with method 'bin' and step 0.7 ... OK
Create profile matrix with method 'bin' and step 0.7 ... OK
Create profile matrix with method 'bin' and step 0.7 ... OK
Create profile matrix with method 'bin' and step 0.7 ... OK
Create profile matrix with method 'bin' and step 0.7 ... OK
Create profile matrix with method 'bin' and step 0.7 ... OK
Create profile matrix with method 'bin' and step 0.7 ... OK
Processing 51353 mz slices ... OK
Create profile matrix with method 'bin' and step 0.7 ... OK
Create profile matrix with method 'bin' and step 0.7 ... OK
Create profile matrix with method 'bin' and step 0.7 ... OK
Create profile matrix with method 'bin' and step 0.7 ... OK
Create profile matrix with method 'bin' and step 0.7 ... OK
Create profile matrix with method 'bin' and step 0.7 ... OK
Create profile matrix with method 'bin' and step 0.7 ... OK
Create profile matrix with method 'bin' and step 0.7 ... OK
Processing 51353 mz slices ... OK
Create profile matrix with method 'bin' and step 1 ... OK
Create profile matrix with method 'bin' and step 1 ... OK
Create profile matrix with method 'bin' and step 1 ... OK
Create profile matrix with method 'bin' and step 1 ... OK
Create profile matrix with method 'bin' and step 1 ... OK
Processing 51353 mz slices ... OK
Create profile matrix with method 'bin' and step 1 ... OK
Create profile matrix with method 'bin' and step 1 ... OK
Create profile matrix with method 'bin' and step 1 ... OK
Create profile matrix with method 'bin' and step 1 ... OK
Create profile matrix with method 'bin' and step 1 ... OK
Processing 51353 mz slices ... OK
Create profile matrix with method 'bin' and step 1 ... OK
Create profile matrix with method 'bin' and step 1 ... OK
Create profile matrix with method 'bin' and step 1 ... OK
Create profile matrix with method 'bin' and step 1 ... OK
Create profile matrix with method 'bin' and step 1 ... OK
Processing 51353 mz slices ... OK
Create profile matrix with method 'bin' and step 1 ... OK
Create profile matrix with method 'bin' and step 1 ... OK
Create profile matrix with method 'bin' and step 1 ... OK
Create profile matrix with method 'bin' and step 1 ... OK
Create profile matrix with method 'bin' and step 1 ... OK
Processing 51353 mz slices ... OK
Create profile matrix with method 'bin' and step 0.7 ... OK
Create profile matrix with method 'bin' and step 0.7 ... OK
Create profile matrix with method 'bin' and step 0.7 ... OK
Create profile matrix with method 'bin' and step 0.7 ... OK
Create profile matrix with method 'bin' and step 0.7 ... OK
Create profile matrix with method 'bin' and step 0.7 ... OK
Create profile matrix with method 'bin' and step 0.7 ... OK
Create profile matrix with method 'bin' and step 0.7 ... OK
Processing 51353 mz slices ... OK
Create profile matrix with method 'bin' and step 0.7 ... OK
Create profile matrix with method 'bin' and step 0.7 ... OK
Create profile matrix with method 'bin' and step 0.7 ... OK
Create profile matrix with method 'bin' and step 0.7 ... OK
Create profile matrix with method 'bin' and step 0.7 ... OK
Create profile matrix with method 'bin' and step 0.7 ... OK
Create profile matrix with method 'bin' and step 0.7 ... OK
Create profile matrix with method 'bin' and step 0.7 ... OK
Processing 51353 mz slices ... OK
Create profile matrix with method 'bin' and step 0.7 ... OK
Create profile matrix with method 'bin' and step 0.7 ... OK
Create profile matrix with method 'bin' and step 0.7 ... OK
Create profile matrix with method 'bin' and step 0.7 ... OK
Create profile matrix with method 'bin' and step 0.7 ... OK
Create profile matrix with method 'bin' and step 0.7 ... OK
Create profile matrix with method 'bin' and step 0.7 ... OK
Create profile matrix with method 'bin' and step 0.7 ... OK
Processing 51353 mz slices ... OK
Create profile matrix with method 'bin' and step 0.7 ... OK
Create profile matrix with method 'bin' and step 0.7 ... OK
Create profile matrix with method 'bin' and step 0.7 ... OK
Create profile matrix with method 'bin' and step 0.7 ... OK
Create profile matrix with method 'bin' and step 0.7 ... OK
Create profile matrix with method 'bin' and step 0.7 ... OK
Create profile matrix with method 'bin' and step 0.7 ... OK
Create profile matrix with method 'bin' and step 0.7 ... OK
Processing 51353 mz slices ... OK
Create profile matrix with method 'bin' and step 1 ... OK
Create profile matrix with method 'bin' and step 1 ... OK
Create profile matrix with method 'bin' and step 1 ... OK
Create profile matrix with method 'bin' and step 1 ... OK
Create profile matrix with method 'bin' and step 1 ... OK
Processing 51353 mz slices ... OK
Create profile matrix with method 'bin' and step 1 ... OK
Create profile matrix with method 'bin' and step 1 ... OK
Create profile matrix with method 'bin' and step 1 ... OK
Create profile matrix with method 'bin' and step 1 ... OK
Create profile matrix with method 'bin' and step 1 ... OK
Processing 51353 mz slices ... OK
Create profile matrix with method 'bin' and step 1 ... OK
Create profile matrix with method 'bin' and step 1 ... OK
Create profile matrix with method 'bin' and step 1 ... OK
Create profile matrix with method 'bin' and step 1 ... OK
Create profile matrix with method 'bin' and step 1 ... OK
Processing 51353 mz slices ... OK
Create profile matrix with method 'bin' and step 1 ... OK
Create profile matrix with method 'bin' and step 1 ... OK
Create profile matrix with method 'bin' and step 1 ... OK
Create profile matrix with method 'bin' and step 1 ... OK
Create profile matrix with method 'bin' and step 1 ... OK
Processing 51353 mz slices ... OK
Create profile matrix with method 'bin' and step 0.85 ... OK
Create profile matrix with method 'bin' and step 0.85 ... OK
Create profile matrix with method 'bin' and step 0.85 ... OK
Create profile matrix with method 'bin' and step 0.85 ... OK
Create profile matrix with method 'bin' and step 0.85 ... OK
Create profile matrix with method 'bin' and step 0.85 ... OK
Create profile matrix with method 'bin' and step 0.85 ... OK
Create profile matrix with method 'bin' and step 0.85 ... OK
Processing 71893 mz slices ... OK
Create profile matrix with method 'bin' and step 0.85 ... OK
Create profile matrix with method 'bin' and step 0.85 ... OK
Create profile matrix with method 'bin' and step 0.85 ... OK
Create profile matrix with method 'bin' and step 0.85 ... OK
Create profile matrix with method 'bin' and step 0.85 ... OK
Create profile matrix with method 'bin' and step 0.85 ... OK
Create profile matrix with method 'bin' and step 0.85 ... OK
Create profile matrix with method 'bin' and step 0.85 ... OK
Processing 71893 mz slices ... OK
Create profile matrix with method 'bin' and step 0.85 ... OK
Create profile matrix with method 'bin' and step 0.85 ... OK
Create profile matrix with method 'bin' and step 0.85 ... OK
Create profile matrix with method 'bin' and step 0.85 ... OK
Create profile matrix with method 'bin' and step 0.85 ... OK
Create profile matrix with method 'bin' and step 0.85 ... OK
Create profile matrix with method 'bin' and step 0.85 ... OK
Create profile matrix with method 'bin' and step 0.85 ... OK
Processing 71893 mz slices ... OK
Create profile matrix with method 'bin' and step 0.85 ... OK
Create profile matrix with method 'bin' and step 0.85 ... OK
Create profile matrix with method 'bin' and step 0.85 ... OK
Create profile matrix with method 'bin' and step 0.85 ... OK
Create profile matrix with method 'bin' and step 0.85 ... OK
Create profile matrix with method 'bin' and step 0.85 ... OK
Create profile matrix with method 'bin' and step 0.85 ... OK
Create profile matrix with method 'bin' and step 0.85 ... OK
Processing 71893 mz slices ... OK
Create profile matrix with method 'bin' and step 0.85 ... OK
Create profile matrix with method 'bin' and step 0.85 ... OK
Create profile matrix with method 'bin' and step 0.85 ... OK
Create profile matrix with method 'bin' and step 0.85 ... OK
Create profile matrix with method 'bin' and step 0.85 ... OK
Create profile matrix with method 'bin' and step 0.85 ... OK
Create profile matrix with method 'bin' and step 0.85 ... OK
Create profile matrix with method 'bin' and step 0.85 ... OK
Processing 71893 mz slices ... OK
Create profile matrix with method 'bin' and step 0.7 ... OK
Create profile matrix with method 'bin' and step 0.7 ... OK
Create profile matrix with method 'bin' and step 0.7 ... OK
Create profile matrix with method 'bin' and step 0.7 ... OK
Create profile matrix with method 'bin' and step 0.7 ... OK
Create profile matrix with method 'bin' and step 0.7 ... OK
Create profile matrix with method 'bin' and step 0.7 ... OK
Create profile matrix with method 'bin' and step 0.7 ... OK
Processing 71893 mz slices ... OK
Create profile matrix with method 'bin' and step 1 ... OK
Create profile matrix with method 'bin' and step 1 ... OK
Create profile matrix with method 'bin' and step 1 ... OK
Create profile matrix with method 'bin' and step 1 ... OK
Create profile matrix with method 'bin' and step 1 ... OK
Processing 71893 mz slices ... OK
Create profile matrix with method 'bin' and step 0.85 ... OK
Create profile matrix with method 'bin' and step 0.85 ... OK
Create profile matrix with method 'bin' and step 0.85 ... OK
Create profile matrix with method 'bin' and step 0.85 ... OK
Create profile matrix with method 'bin' and step 0.85 ... OK
Create profile matrix with method 'bin' and step 0.85 ... OK
Create profile matrix with method 'bin' and step 0.85 ... OK
Create profile matrix with method 'bin' and step 0.85 ... OK
Processing 71893 mz slices ... OK
Create profile matrix with method 'bin' and step 0.85 ... OK
Create profile matrix with method 'bin' and step 0.85 ... OK
Create profile matrix with method 'bin' and step 0.85 ... OK
Create profile matrix with method 'bin' and step 0.85 ... OK
Create profile matrix with method 'bin' and step 0.85 ... OK
Create profile matrix with method 'bin' and step 0.85 ... OK
Create profile matrix with method 'bin' and step 0.85 ... OK
Create profile matrix with method 'bin' and step 0.85 ... OK
Processing 71893 mz slices ... OK
Create profile matrix with method 'bin' and step 0.85 ... OK
Create profile matrix with method 'bin' and step 0.85 ... OK
Create profile matrix with method 'bin' and step 0.85 ... OK
Create profile matrix with method 'bin' and step 0.85 ... OK
Create profile matrix with method 'bin' and step 0.85 ... OK
Create profile matrix with method 'bin' and step 0.85 ... OK
Create profile matrix with method 'bin' and step 0.85 ... OK
Create profile matrix with method 'bin' and step 0.85 ... OK
Processing 119821 mz slices ... OK
Create profile matrix with method 'bin' and step 0.85 ... OK
Create profile matrix with method 'bin' and step 0.85 ... OK
Create profile matrix with method 'bin' and step 0.85 ... OK
Create profile matrix with method 'bin' and step 0.85 ... OK
Create profile matrix with method 'bin' and step 0.85 ... OK
Create profile matrix with method 'bin' and step 0.85 ... OK
Create profile matrix with method 'bin' and step 0.85 ... OK
Create profile matrix with method 'bin' and step 0.85 ... OK
Processing 51353 mz slices ... OK
Create profile matrix with method 'bin' and step 0.85 ... OK
Create profile matrix with method 'bin' and step 0.85 ... OK
Create profile matrix with method 'bin' and step 0.85 ... OK
Create profile matrix with method 'bin' and step 0.85 ... OK
Create profile matrix with method 'bin' and step 0.85 ... OK
Create profile matrix with method 'bin' and step 0.85 ... OK
Create profile matrix with method 'bin' and step 0.85 ... OK
Create profile matrix with method 'bin' and step 0.85 ... OK
Processing 71893 mz slices ... OK
Create profile matrix with method 'bin' and step 0.85 ... OK
Create profile matrix with method 'bin' and step 0.85 ... OK
Create profile matrix with method 'bin' and step 0.85 ... OK
Create profile matrix with method 'bin' and step 0.85 ... OK
Create profile matrix with method 'bin' and step 0.85 ... OK
Create profile matrix with method 'bin' and step 0.85 ... OK
Create profile matrix with method 'bin' and step 0.85 ... OK
Create profile matrix with method 'bin' and step 0.85 ... OK
Processing 119821 mz slices ... OK



starting new DoE with:

gapInit: c(0.1, 0.5)
gapExtend: c(2.16, 2.64)
profStep: c(0.73, 0.97)
bw: c(12.4, 31.6)
mzwid: c(0.003, 0.027)
distFunc: cor_opt
plottype: none
response: 1
factorDiag: 2
factorGap: 1
localAlignment: 0
retcorMethod: obiwarp
minfrac: 0.05
minsamp: 1
max: 50
center: 4

Create profile matrix with method 'bin' and step 0.73 ... OK
Create profile matrix with method 'bin' and step 0.73 ... OK
Create profile matrix with method 'bin' and step 0.73 ... OK
Create profile matrix with method 'bin' and step 0.73 ... OK
Create profile matrix with method 'bin' and step 0.73 ... OK
Create profile matrix with method 'bin' and step 0.73 ... OK
Create profile matrix with method 'bin' and step 0.73 ... OK
Create profile matrix with method 'bin' and step 0.73 ... OK
Processing 599097 mz slices ... OK
Create profile matrix with method 'bin' and step 0.73 ... OK
Create profile matrix with method 'bin' and step 0.73 ... OK
Create profile matrix with method 'bin' and step 0.73 ... OK
Create profile matrix with method 'bin' and step 0.73 ... OK
Create profile matrix with method 'bin' and step 0.73 ... OK
Create profile matrix with method 'bin' and step 0.73 ... OK
Create profile matrix with method 'bin' and step 0.73 ... OK
Create profile matrix with method 'bin' and step 0.73 ... OK
Processing 599097 mz slices ... OK
Create profile matrix with method 'bin' and step 0.73 ... OK
Create profile matrix with method 'bin' and step 0.73 ... OK
Create profile matrix with method 'bin' and step 0.73 ... OK
Create profile matrix with method 'bin' and step 0.73 ... OK
Create profile matrix with method 'bin' and step 0.73 ... OK
Create profile matrix with method 'bin' and step 0.73 ... OK
Create profile matrix with method 'bin' and step 0.73 ... OK
Create profile matrix with method 'bin' and step 0.73 ... OK
Processing 599097 mz slices ... OK
Create profile matrix with method 'bin' and step 0.73 ... OK
Create profile matrix with method 'bin' and step 0.73 ... OK
Create profile matrix with method 'bin' and step 0.73 ... OK
Create profile matrix with method 'bin' and step 0.73 ... OK
Create profile matrix with method 'bin' and step 0.73 ... OK
Create profile matrix with method 'bin' and step 0.73 ... OK
Create profile matrix with method 'bin' and step 0.73 ... OK
Create profile matrix with method 'bin' and step 0.73 ... OK
Processing 599097 mz slices ... OK
Create profile matrix with method 'bin' and step 0.97 ... OK
Create profile matrix with method 'bin' and step 0.97 ... OK
Create profile matrix with method 'bin' and step 0.97 ... OK
Create profile matrix with method 'bin' and step 0.97 ... OK
Create profile matrix with method 'bin' and step 0.97 ... OK
Create profile matrix with method 'bin' and step 0.97 ... OK
Create profile matrix with method 'bin' and step 0.97 ... OK
Create profile matrix with method 'bin' and step 0.97 ... OK
Processing 599097 mz slices ... OK
Create profile matrix with method 'bin' and step 0.97 ... OK
Create profile matrix with method 'bin' and step 0.97 ... OK
Create profile matrix with method 'bin' and step 0.97 ... OK
Create profile matrix with method 'bin' and step 0.97 ... OK
Create profile matrix with method 'bin' and step 0.97 ... OK
Create profile matrix with method 'bin' and step 0.97 ... OK
Create profile matrix with method 'bin' and step 0.97 ... OK
Create profile matrix with method 'bin' and step 0.97 ... OK
Processing 599097 mz slices ... OK
Create profile matrix with method 'bin' and step 0.97 ... OK
Create profile matrix with method 'bin' and step 0.97 ... OK
Create profile matrix with method 'bin' and step 0.97 ... OK
Create profile matrix with method 'bin' and step 0.97 ... OK
Create profile matrix with method 'bin' and step 0.97 ... OK
Create profile matrix with method 'bin' and step 0.97 ... OK
Create profile matrix with method 'bin' and step 0.97 ... OK
Create profile matrix with method 'bin' and step 0.97 ... OK
Processing 599097 mz slices ... OK
Create profile matrix with method 'bin' and step 0.97 ... OK
Create profile matrix with method 'bin' and step 0.97 ... OK
Create profile matrix with method 'bin' and step 0.97 ... OK
Create profile matrix with method 'bin' and step 0.97 ... OK
Create profile matrix with method 'bin' and step 0.97 ... OK
Create profile matrix with method 'bin' and step 0.97 ... OK
Create profile matrix with method 'bin' and step 0.97 ... OK
Create profile matrix with method 'bin' and step 0.97 ... OK
Processing 599097 mz slices ... OK
Create profile matrix with method 'bin' and step 0.73 ... OK
Create profile matrix with method 'bin' and step 0.73 ... OK
Create profile matrix with method 'bin' and step 0.73 ... OK
Create profile matrix with method 'bin' and step 0.73 ... OK
Create profile matrix with method 'bin' and step 0.73 ... OK
Create profile matrix with method 'bin' and step 0.73 ... OK
Create profile matrix with method 'bin' and step 0.73 ... OK
Create profile matrix with method 'bin' and step 0.73 ... OK
Processing 599097 mz slices ... OK
Create profile matrix with method 'bin' and step 0.73 ... OK
Create profile matrix with method 'bin' and step 0.73 ... OK
Create profile matrix with method 'bin' and step 0.73 ... OK
Create profile matrix with method 'bin' and step 0.73 ... OK
Create profile matrix with method 'bin' and step 0.73 ... OK
Create profile matrix with method 'bin' and step 0.73 ... OK
Create profile matrix with method 'bin' and step 0.73 ... OK
Create profile matrix with method 'bin' and step 0.73 ... OK
Processing 599097 mz slices ... OK
Create profile matrix with method 'bin' and step 0.73 ... OK
Create profile matrix with method 'bin' and step 0.73 ... OK
Create profile matrix with method 'bin' and step 0.73 ... OK
Create profile matrix with method 'bin' and step 0.73 ... OK
Create profile matrix with method 'bin' and step 0.73 ... OK
Create profile matrix with method 'bin' and step 0.73 ... OK
Create profile matrix with method 'bin' and step 0.73 ... OK
Create profile matrix with method 'bin' and step 0.73 ... OK
Processing 599097 mz slices ... OK
Create profile matrix with method 'bin' and step 0.73 ... OK
Create profile matrix with method 'bin' and step 0.73 ... OK
Create profile matrix with method 'bin' and step 0.73 ... OK
Create profile matrix with method 'bin' and step 0.73 ... OK
Create profile matrix with method 'bin' and step 0.73 ... OK
Create profile matrix with method 'bin' and step 0.73 ... OK
Create profile matrix with method 'bin' and step 0.73 ... OK
Create profile matrix with method 'bin' and step 0.73 ... OK
Processing 599097 mz slices ... OK
Create profile matrix with method 'bin' and step 0.97 ... OK
Create profile matrix with method 'bin' and step 0.97 ... OK
Create profile matrix with method 'bin' and step 0.97 ... OK
Create profile matrix with method 'bin' and step 0.97 ... OK
Create profile matrix with method 'bin' and step 0.97 ... OK
Create profile matrix with method 'bin' and step 0.97 ... OK
Create profile matrix with method 'bin' and step 0.97 ... OK
Create profile matrix with method 'bin' and step 0.97 ... OK
Processing 599097 mz slices ... OK
Create profile matrix with method 'bin' and step 0.97 ... OK
Create profile matrix with method 'bin' and step 0.97 ... OK
Create profile matrix with method 'bin' and step 0.97 ... OK
Create profile matrix with method 'bin' and step 0.97 ... OK
Create profile matrix with method 'bin' and step 0.97 ... OK
Create profile matrix with method 'bin' and step 0.97 ... OK
Create profile matrix with method 'bin' and step 0.97 ... OK
Create profile matrix with method 'bin' and step 0.97 ... OK
Processing 599097 mz slices ... OK
Create profile matrix with method 'bin' and step 0.97 ... OK
Create profile matrix with method 'bin' and step 0.97 ... OK
Create profile matrix with method 'bin' and step 0.97 ... OK
Create profile matrix with method 'bin' and step 0.97 ... OK
Create profile matrix with method 'bin' and step 0.97 ... OK
Create profile matrix with method 'bin' and step 0.97 ... OK
Create profile matrix with method 'bin' and step 0.97 ... OK
Create profile matrix with method 'bin' and step 0.97 ... OK
Processing 599097 mz slices ... OK
Create profile matrix with method 'bin' and step 0.97 ... OK
Create profile matrix with method 'bin' and step 0.97 ... OK
Create profile matrix with method 'bin' and step 0.97 ... OK
Create profile matrix with method 'bin' and step 0.97 ... OK
Create profile matrix with method 'bin' and step 0.97 ... OK
Create profile matrix with method 'bin' and step 0.97 ... OK
Create profile matrix with method 'bin' and step 0.97 ... OK
Create profile matrix with method 'bin' and step 0.97 ... OK
Processing 599097 mz slices ... OK
Create profile matrix with method 'bin' and step 0.73 ... OK
Create profile matrix with method 'bin' and step 0.73 ... OK
Create profile matrix with method 'bin' and step 0.73 ... OK
Create profile matrix with method 'bin' and step 0.73 ... OK
Create profile matrix with method 'bin' and step 0.73 ... OK
Create profile matrix with method 'bin' and step 0.73 ... OK
Create profile matrix with method 'bin' and step 0.73 ... OK
Create profile matrix with method 'bin' and step 0.73 ... OK
Processing 66568 mz slices ... OK
Create profile matrix with method 'bin' and step 0.73 ... OK
Create profile matrix with method 'bin' and step 0.73 ... OK
Create profile matrix with method 'bin' and step 0.73 ... OK
Create profile matrix with method 'bin' and step 0.73 ... OK
Create profile matrix with method 'bin' and step 0.73 ... OK
Create profile matrix with method 'bin' and step 0.73 ... OK
Create profile matrix with method 'bin' and step 0.73 ... OK
Create profile matrix with method 'bin' and step 0.73 ... OK
Processing 66568 mz slices ... OK
Create profile matrix with method 'bin' and step 0.73 ... OK
Create profile matrix with method 'bin' and step 0.73 ... OK
Create profile matrix with method 'bin' and step 0.73 ... OK
Create profile matrix with method 'bin' and step 0.73 ... OK
Create profile matrix with method 'bin' and step 0.73 ... OK
Create profile matrix with method 'bin' and step 0.73 ... OK
Create profile matrix with method 'bin' and step 0.73 ... OK
Create profile matrix with method 'bin' and step 0.73 ... OK
Processing 66568 mz slices ... OK
Create profile matrix with method 'bin' and step 0.73 ... OK
Create profile matrix with method 'bin' and step 0.73 ... OK
Create profile matrix with method 'bin' and step 0.73 ... OK
Create profile matrix with method 'bin' and step 0.73 ... OK
Create profile matrix with method 'bin' and step 0.73 ... OK
Create profile matrix with method 'bin' and step 0.73 ... OK
Create profile matrix with method 'bin' and step 0.73 ... OK
Create profile matrix with method 'bin' and step 0.73 ... OK
Processing 66568 mz slices ... OK
Create profile matrix with method 'bin' and step 0.97 ... OK
Create profile matrix with method 'bin' and step 0.97 ... OK
Create profile matrix with method 'bin' and step 0.97 ... OK
Create profile matrix with method 'bin' and step 0.97 ... OK
Create profile matrix with method 'bin' and step 0.97 ... OK
Create profile matrix with method 'bin' and step 0.97 ... OK
Create profile matrix with method 'bin' and step 0.97 ... OK
Create profile matrix with method 'bin' and step 0.97 ... OK
Processing 66568 mz slices ... OK
Create profile matrix with method 'bin' and step 0.97 ... OK
Create profile matrix with method 'bin' and step 0.97 ... OK
Create profile matrix with method 'bin' and step 0.97 ... OK
Create profile matrix with method 'bin' and step 0.97 ... OK
Create profile matrix with method 'bin' and step 0.97 ... OK
Create profile matrix with method 'bin' and step 0.97 ... OK
Create profile matrix with method 'bin' and step 0.97 ... OK
Create profile matrix with method 'bin' and step 0.97 ... OK
Processing 66568 mz slices ... OK
Create profile matrix with method 'bin' and step 0.97 ... OK
Create profile matrix with method 'bin' and step 0.97 ... OK
Create profile matrix with method 'bin' and step 0.97 ... OK
Create profile matrix with method 'bin' and step 0.97 ... OK
Create profile matrix with method 'bin' and step 0.97 ... OK
Create profile matrix with method 'bin' and step 0.97 ... OK
Create profile matrix with method 'bin' and step 0.97 ... OK
Create profile matrix with method 'bin' and step 0.97 ... OK
Processing 66568 mz slices ... OK
Create profile matrix with method 'bin' and step 0.97 ... OK
Create profile matrix with method 'bin' and step 0.97 ... OK
Create profile matrix with method 'bin' and step 0.97 ... OK
Create profile matrix with method 'bin' and step 0.97 ... OK
Create profile matrix with method 'bin' and step 0.97 ... OK
Create profile matrix with method 'bin' and step 0.97 ... OK
Create profile matrix with method 'bin' and step 0.97 ... OK
Create profile matrix with method 'bin' and step 0.97 ... OK
Processing 66568 mz slices ... OK
Create profile matrix with method 'bin' and step 0.73 ... OK
Create profile matrix with method 'bin' and step 0.73 ... OK
Create profile matrix with method 'bin' and step 0.73 ... OK
Create profile matrix with method 'bin' and step 0.73 ... OK
Create profile matrix with method 'bin' and step 0.73 ... OK
Create profile matrix with method 'bin' and step 0.73 ... OK
Create profile matrix with method 'bin' and step 0.73 ... OK
Create profile matrix with method 'bin' and step 0.73 ... OK
Processing 66568 mz slices ... OK
Create profile matrix with method 'bin' and step 0.73 ... OK
Create profile matrix with method 'bin' and step 0.73 ... OK
Create profile matrix with method 'bin' and step 0.73 ... OK
Create profile matrix with method 'bin' and step 0.73 ... OK
Create profile matrix with method 'bin' and step 0.73 ... OK
Create profile matrix with method 'bin' and step 0.73 ... OK
Create profile matrix with method 'bin' and step 0.73 ... OK
Create profile matrix with method 'bin' and step 0.73 ... OK
Processing 66568 mz slices ... OK
Create profile matrix with method 'bin' and step 0.73 ... OK
Create profile matrix with method 'bin' and step 0.73 ... OK
Create profile matrix with method 'bin' and step 0.73 ... OK
Create profile matrix with method 'bin' and step 0.73 ... OK
Create profile matrix with method 'bin' and step 0.73 ... OK
Create profile matrix with method 'bin' and step 0.73 ... OK
Create profile matrix with method 'bin' and step 0.73 ... OK
Create profile matrix with method 'bin' and step 0.73 ... OK
Processing 66568 mz slices ... OK
Create profile matrix with method 'bin' and step 0.73 ... OK
Create profile matrix with method 'bin' and step 0.73 ... OK
Create profile matrix with method 'bin' and step 0.73 ... OK
Create profile matrix with method 'bin' and step 0.73 ... OK
Create profile matrix with method 'bin' and step 0.73 ... OK
Create profile matrix with method 'bin' and step 0.73 ... OK
Create profile matrix with method 'bin' and step 0.73 ... OK
Create profile matrix with method 'bin' and step 0.73 ... OK
Processing 66568 mz slices ... OK
Create profile matrix with method 'bin' and step 0.97 ... OK
Create profile matrix with method 'bin' and step 0.97 ... OK
Create profile matrix with method 'bin' and step 0.97 ... OK
Create profile matrix with method 'bin' and step 0.97 ... OK
Create profile matrix with method 'bin' and step 0.97 ... OK
Create profile matrix with method 'bin' and step 0.97 ... OK
Create profile matrix with method 'bin' and step 0.97 ... OK
Create profile matrix with method 'bin' and step 0.97 ... OK
Processing 66568 mz slices ... OK
Create profile matrix with method 'bin' and step 0.97 ... OK
Create profile matrix with method 'bin' and step 0.97 ... OK
Create profile matrix with method 'bin' and step 0.97 ... OK
Create profile matrix with method 'bin' and step 0.97 ... OK
Create profile matrix with method 'bin' and step 0.97 ... OK
Create profile matrix with method 'bin' and step 0.97 ... OK
Create profile matrix with method 'bin' and step 0.97 ... OK
Create profile matrix with method 'bin' and step 0.97 ... OK
Processing 66568 mz slices ... OK
Create profile matrix with method 'bin' and step 0.97 ... OK
Create profile matrix with method 'bin' and step 0.97 ... OK
Create profile matrix with method 'bin' and step 0.97 ... OK
Create profile matrix with method 'bin' and step 0.97 ... OK
Create profile matrix with method 'bin' and step 0.97 ... OK
Create profile matrix with method 'bin' and step 0.97 ... OK
Create profile matrix with method 'bin' and step 0.97 ... OK
Create profile matrix with method 'bin' and step 0.97 ... OK
Processing 66568 mz slices ... OK
Create profile matrix with method 'bin' and step 0.97 ... OK
Create profile matrix with method 'bin' and step 0.97 ... OK
Create profile matrix with method 'bin' and step 0.97 ... OK
Create profile matrix with method 'bin' and step 0.97 ... OK
Create profile matrix with method 'bin' and step 0.97 ... OK
Create profile matrix with method 'bin' and step 0.97 ... OK
Create profile matrix with method 'bin' and step 0.97 ... OK
Create profile matrix with method 'bin' and step 0.97 ... OK
Processing 66568 mz slices ... OK
Create profile matrix with method 'bin' and step 0.85 ... OK
Create profile matrix with method 'bin' and step 0.85 ... OK
Create profile matrix with method 'bin' and step 0.85 ... OK
Create profile matrix with method 'bin' and step 0.85 ... OK
Create profile matrix with method 'bin' and step 0.85 ... OK
Create profile matrix with method 'bin' and step 0.85 ... OK
Create profile matrix with method 'bin' and step 0.85 ... OK
Create profile matrix with method 'bin' and step 0.85 ... OK
Processing 119821 mz slices ... OK
Create profile matrix with method 'bin' and step 0.85 ... OK
Create profile matrix with method 'bin' and step 0.85 ... OK
Create profile matrix with method 'bin' and step 0.85 ... OK
Create profile matrix with method 'bin' and step 0.85 ... OK
Create profile matrix with method 'bin' and step 0.85 ... OK
Create profile matrix with method 'bin' and step 0.85 ... OK
Create profile matrix with method 'bin' and step 0.85 ... OK
Create profile matrix with method 'bin' and step 0.85 ... OK
Processing 119821 mz slices ... OK
Create profile matrix with method 'bin' and step 0.85 ... OK
Create profile matrix with method 'bin' and step 0.85 ... OK
Create profile matrix with method 'bin' and step 0.85 ... OK
Create profile matrix with method 'bin' and step 0.85 ... OK
Create profile matrix with method 'bin' and step 0.85 ... OK
Create profile matrix with method 'bin' and step 0.85 ... OK
Create profile matrix with method 'bin' and step 0.85 ... OK
Create profile matrix with method 'bin' and step 0.85 ... OK
Processing 119821 mz slices ... OK
Create profile matrix with method 'bin' and step 0.85 ... OK
Create profile matrix with method 'bin' and step 0.85 ... OK
Create profile matrix with method 'bin' and step 0.85 ... OK
Create profile matrix with method 'bin' and step 0.85 ... OK
Create profile matrix with method 'bin' and step 0.85 ... OK
Create profile matrix with method 'bin' and step 0.85 ... OK
Create profile matrix with method 'bin' and step 0.85 ... OK
Create profile matrix with method 'bin' and step 0.85 ... OK
Processing 119821 mz slices ... OK
Create profile matrix with method 'bin' and step 0.85 ... OK
Create profile matrix with method 'bin' and step 0.85 ... OK
Create profile matrix with method 'bin' and step 0.85 ... OK
Create profile matrix with method 'bin' and step 0.85 ... OK
Create profile matrix with method 'bin' and step 0.85 ... OK
Create profile matrix with method 'bin' and step 0.85 ... OK
Create profile matrix with method 'bin' and step 0.85 ... OK
Create profile matrix with method 'bin' and step 0.85 ... OK
Processing 119821 mz slices ... OK
Create profile matrix with method 'bin' and step 0.73 ... OK
Create profile matrix with method 'bin' and step 0.73 ... OK
Create profile matrix with method 'bin' and step 0.73 ... OK
Create profile matrix with method 'bin' and step 0.73 ... OK
Create profile matrix with method 'bin' and step 0.73 ... OK
Create profile matrix with method 'bin' and step 0.73 ... OK
Create profile matrix with method 'bin' and step 0.73 ... OK
Create profile matrix with method 'bin' and step 0.73 ... OK
Processing 119821 mz slices ... OK
Create profile matrix with method 'bin' and step 0.97 ... OK
Create profile matrix with method 'bin' and step 0.97 ... OK
Create profile matrix with method 'bin' and step 0.97 ... OK
Create profile matrix with method 'bin' and step 0.97 ... OK
Create profile matrix with method 'bin' and step 0.97 ... OK
Create profile matrix with method 'bin' and step 0.97 ... OK
Create profile matrix with method 'bin' and step 0.97 ... OK
Create profile matrix with method 'bin' and step 0.97 ... OK
Processing 119821 mz slices ... OK
Create profile matrix with method 'bin' and step 0.85 ... OK
Create profile matrix with method 'bin' and step 0.85 ... OK
Create profile matrix with method 'bin' and step 0.85 ... OK
Create profile matrix with method 'bin' and step 0.85 ... OK
Create profile matrix with method 'bin' and step 0.85 ... OK
Create profile matrix with method 'bin' and step 0.85 ... OK
Create profile matrix with method 'bin' and step 0.85 ... OK
Create profile matrix with method 'bin' and step 0.85 ... OK
Processing 119821 mz slices ... OK
Create profile matrix with method 'bin' and step 0.85 ... OK
Create profile matrix with method 'bin' and step 0.85 ... OK
Create profile matrix with method 'bin' and step 0.85 ... OK
Create profile matrix with method 'bin' and step 0.85 ... OK
Create profile matrix with method 'bin' and step 0.85 ... OK
Create profile matrix with method 'bin' and step 0.85 ... OK
Create profile matrix with method 'bin' and step 0.85 ... OK
Create profile matrix with method 'bin' and step 0.85 ... OK
Processing 119821 mz slices ... OK
Create profile matrix with method 'bin' and step 0.85 ... OK
Create profile matrix with method 'bin' and step 0.85 ... OK
Create profile matrix with method 'bin' and step 0.85 ... OK
Create profile matrix with method 'bin' and step 0.85 ... OK
Create profile matrix with method 'bin' and step 0.85 ... OK
Create profile matrix with method 'bin' and step 0.85 ... OK
Create profile matrix with method 'bin' and step 0.85 ... OK
Create profile matrix with method 'bin' and step 0.85 ... OK
Processing 599097 mz slices ... OK
Create profile matrix with method 'bin' and step 0.85 ... OK
Create profile matrix with method 'bin' and step 0.85 ... OK
Create profile matrix with method 'bin' and step 0.85 ... OK
Create profile matrix with method 'bin' and step 0.85 ... OK
Create profile matrix with method 'bin' and step 0.85 ... OK
Create profile matrix with method 'bin' and step 0.85 ... OK
Create profile matrix with method 'bin' and step 0.85 ... OK
Create profile matrix with method 'bin' and step 0.85 ... OK
Processing 66568 mz slices ... OK
Create profile matrix with method 'bin' and step 0.85 ... OK
Create profile matrix with method 'bin' and step 0.85 ... OK
Create profile matrix with method 'bin' and step 0.85 ... OK
Create profile matrix with method 'bin' and step 0.85 ... OK
Create profile matrix with method 'bin' and step 0.85 ... OK
Create profile matrix with method 'bin' and step 0.85 ... OK
Create profile matrix with method 'bin' and step 0.85 ... OK
Create profile matrix with method 'bin' and step 0.85 ... OK
Processing 119821 mz slices ... OK
Create profile matrix with method 'bin' and step 0.874 ... OK
Create profile matrix with method 'bin' and step 0.874 ... OK
Create profile matrix with method 'bin' and step 0.874 ... OK
Create profile matrix with method 'bin' and step 0.874 ... OK
Create profile matrix with method 'bin' and step 0.874 ... OK
Create profile matrix with method 'bin' and step 0.874 ... OK
Create profile matrix with method 'bin' and step 0.874 ... OK
Create profile matrix with method 'bin' and step 0.874 ... OK
Processing 599097 mz slices ... OK



starting new DoE with:

gapInit: c(0.26, 0.74)
gapExtend: c(2.352, 2.928)
profStep: c(0.778, 0.97)
bw: c(0.879999999999999, 23.92)
mzwid: c(1e-04, 0.0265)
distFunc: cor_opt
plottype: none
response: 1
factorDiag: 2
factorGap: 1
localAlignment: 0
retcorMethod: obiwarp
minfrac: 0.05
minsamp: 1
max: 50
center: 4

Create profile matrix with method 'bin' and step 0.778 ... OK
Create profile matrix with method 'bin' and step 0.778 ... OK
Create profile matrix with method 'bin' and step 0.778 ... OK
Create profile matrix with method 'bin' and step 0.778 ... OK
Create profile matrix with method 'bin' and step 0.778 ... OK
Create profile matrix with method 'bin' and step 0.778 ... OK
Create profile matrix with method 'bin' and step 0.778 ... OK
Create profile matrix with method 'bin' and step 0.778 ... OK
Processing 17972859 mz slices ... OK
Create profile matrix with method 'bin' and step 0.778 ... OK
Create profile matrix with method 'bin' and step 0.778 ... OK
Create profile matrix with method 'bin' and step 0.778 ... OK
Create profile matrix with method 'bin' and step 0.778 ... OK
Create profile matrix with method 'bin' and step 0.778 ... OK
Create profile matrix with method 'bin' and step 0.778 ... OK
Create profile matrix with method 'bin' and step 0.778 ... OK
Create profile matrix with method 'bin' and step 0.778 ... OK
Processing 17972859 mz slices ... 