INFO:root:++++++ Data type does not need conversion ++++++
INFO:root:++++++ No IPO out files given, Running IPO ++++++
INFO:root:['nohup Rscript IPO_param_picking.R --fnames neg.txt --whichFile 7 > IPO_7.out', 'nohup Rscript IPO_param_picking.R --fnames neg.txt --whichFile 19 > IPO_19.out', 'nohup Rscript IPO_param_picking.R --fnames neg.txt --whichFile 8 > IPO_8.out']
INFO:root:++++++ Getting xcms parameters ++++++
INFO:root:No params created due to no IPO runs finishing, debug and rerun
INFO:root:++++++ Data type does not need conversion ++++++
INFO:root:++++++ No IPO out files given, Running IPO ++++++
INFO:root:['nohup Rscript IPO_param_picking.R --fnames neg.txt --whichFile 30 > IPO_30.out', 'nohup Rscript IPO_param_picking.R --fnames neg.txt --whichFile 7 > IPO_7.out', 'nohup Rscript IPO_param_picking.R --fnames neg.txt --whichFile 17 > IPO_17.out']
INFO:root:++++++ Getting xcms parameters ++++++
INFO:root:No params created due to no IPO runs finishing, debug and rerun
INFO:root:++++++ Data type does not need conversion ++++++
INFO:root:++++++ No IPO out files given, Running IPO ++++++
INFO:root:['nohup Rscript IPO_param_picking.R --fnames neg.txt --whichFile 13 > IPO_13.out', 'nohup Rscript IPO_param_picking.R --fnames neg.txt --whichFile 9 > IPO_9.out', 'nohup Rscript IPO_param_picking.R --fnames neg.txt --whichFile 22 > IPO_22.out']
INFO:root:++++++ Data type does not need conversion ++++++
INFO:root:++++++ No IPO out files given, Running IPO ++++++
INFO:root:['nohup Rscript IPO_param_picking.R --fnames neg.txt --whichFile 30 > IPO_30.out', 'nohup Rscript IPO_param_picking.R --fnames neg.txt --whichFile 5 > IPO_5.out', 'nohup Rscript IPO_param_picking.R --fnames neg.txt --whichFile 26 > IPO_26.out']
INFO:root:++++++ Getting xcms parameters ++++++
INFO:root:params: {'peakMin': 35.2, 'peakMax': 95.0, 'ppm': 14.75, 'noise': 772.25, 'snthresh': 10.0, 'mzdiff': 0.01044, 'filterMin': 3.0, 'filterMax': 673.25, 'integrate': 2.0, 'binSizeObi': 0.88, 'gapInit': 0.4, 'gapExtend': 2.46, 'bw': 12.4, 'binSizeDensity': 0.0162, 'minfrac': 0.05, 'minsamp': 1.0}
INFO:root:params: {'peakMin': 35.2, 'peakMax': 75.0, 'ppm': 14.75, 'noise': 277.25, 'snthresh': 10.0, 'mzdiff': -0.0054, 'filterMin': 3.0, 'filterMax': 821.75, 'integrate': 2.0, 'binSizeObi': 0.855, 'gapInit': 0.568, 'gapExtend': 2.4, 'bw': 12.4, 'binSizeDensity': 0.003, 'minfrac': 0.05, 'minsamp': 1.0}
INFO:root:params: {'peakMin': 34.016, 'peakMax': 93.5, 'ppm': 14.9, 'noise': 306.95, 'snthresh': 10.0, 'mzdiff': -0.0175, 'filterMin': 3.0, 'filterMax': 871.25, 'integrate': 2.0, 'binSizeObi': 0.7, 'gapInit': 0.16, 'gapExtend': 2.1, 'bw': 12.4, 'binSizeDensity': 0.003, 'minfrac': 0.05, 'minsamp': 1.0}
INFO:root:++++++ XCMS params ++++++
INFO:root:{'peakMin': 34.80533333333333, 'peakMax': 87.83333333333333, 'ppm': 14.799999999999999, 'noise': 452.15000000000003, 'snthresh': 10.0, 'mzdiff': -0.004153333333333334, 'filterMin': 3.0, 'filterMax': 788.75, 'integrate': 2.0, 'binSizeObi': 0.8116666666666665, 'gapInit': 0.37599999999999995, 'gapExtend': 2.32, 'bw': 12.4, 'binSizeDensity': 0.0073999999999999995, 'minfrac': 0.05000000000000001, 'minsamp': 1.0, 'file_count': 1.0}
INFO:root:++++++ Starting xcms run ++++++
INFO:root:nohup Rscript ./extract_features_xcms3.R --fnames '/home/downloading_data/MTBLS266/raw/neg/neg.txt' --ppm 14.799999999999999 --mode 'negative' --peakMin 34.80533333333333 --peakMax 87.83333333333333 --mzdiff -0.004153333333333334 --binSizeObi 0.8116666666666665 --gapInit 0.37599999999999995 --gapExtend 2.32 --bw 12.4 --minFrac 0.05000000000000001 --binSizeDensity 0.0073999999999999995 --alignedFile '/home/downloading_data/MTBLS266/raw/neg/IPO_aligned_MTBLS266_neg.csv' --noise 452.15000000000003 --filterMin 3.0 --filterMax 788.75 > '/home/downloading_data/MTBLS266/raw/neg/neg_feat_extraction.out'
INFO:root:++++++ Completed xcms run ++++++
INFO:root:++++++ Data type does not need conversion ++++++
INFO:root:++++++ No IPO out files given, Running IPO ++++++
INFO:root:['nohup Rscript IPO_param_picking.R --fnames neg.txt --whichFile 6 > IPO_6.out', 'nohup Rscript IPO_param_picking.R --fnames neg.txt --whichFile 2 > IPO_2.out', 'nohup Rscript IPO_param_picking.R --fnames neg.txt --whichFile 16 > IPO_16.out']
INFO:root:++++++ Getting xcms parameters ++++++
INFO:root:params: {'peakMin': 36.0, 'peakMax': 75.0, 'ppm': 12.5, 'noise': 277.25, 'snthresh': 10.0, 'mzdiff': -0.0054, 'filterMin': 3.0, 'filterMax': 698.0, 'integrate': 2.0, 'binSizeObi': 0.802, 'gapInit': 0.64, 'gapExtend': 2.4, 'bw': 12.4, 'binSizeDensity': 0.003, 'minfrac': 0.05, 'minsamp': 1.0}
INFO:root:params: {'peakMin': 34.4, 'peakMax': 74.0, 'ppm': 17.45, 'noise': 628.7, 'snthresh': 10.0, 'mzdiff': -0.01145, 'filterMin': 3.0, 'filterMax': 821.75, 'integrate': 2.0, 'binSizeObi': 0.556, 'gapInit': 0.352, 'gapExtend': 2.988, 'bw': 11.248, 'binSizeDensity': 0.0054, 'minfrac': 0.05, 'minsamp': 1.0}
INFO:root:params: {'peakMin': 33.6, 'peakMax': 73.4, 'ppm': 14.75, 'noise': 397.0, 'snthresh': 10.0, 'mzdiff': 0.00945, 'filterMin': 3.0, 'filterMax': 698.0, 'integrate': 2.0, 'binSizeObi': 1.0, 'gapInit': 0.64, 'gapExtend': 2.64, 'bw': 12.4, 'binSizeDensity': 0.0162, 'minfrac': 0.05, 'minsamp': 1.0}
INFO:root:++++++ XCMS params ++++++
INFO:root:{'peakMin': 34.666666666666664, 'peakMax': 74.13333333333334, 'ppm': 14.9, 'noise': 434.31666666666666, 'snthresh': 10.0, 'mzdiff': -0.002466666666666667, 'filterMin': 3.0, 'filterMax': 739.25, 'integrate': 2.0, 'binSizeObi': 0.786, 'gapInit': 0.544, 'gapExtend': 2.676, 'bw': 12.016, 'binSizeDensity': 0.0082, 'minfrac': 0.05000000000000001, 'minsamp': 1.0, 'file_count': 1.0}
INFO:root:++++++ Starting xcms run ++++++
INFO:root:nohup Rscript ./extract_features_xcms3.R --fnames '/home/downloading_data/MTBLS266/raw/neg/neg.txt' --ppm 14.9 --mode 'negative' --peakMin 34.666666666666664 --peakMax 74.13333333333334 --mzdiff -0.002466666666666667 --binSizeObi 0.786 --gapInit 0.544 --gapExtend 2.676 --bw 12.016 --minFrac 0.05000000000000001 --binSizeDensity 0.0082 --alignedFile '/home/downloading_data/MTBLS266/raw/neg/IPO_aligned_MTBLS266_neg.csv' --noise 434.31666666666666 --filterMin 3.0 --filterMax 739.25 > '/home/downloading_data/MTBLS266/raw/neg/neg_feat_extraction.out'
INFO:root:++++++ Completed xcms run ++++++
