center sample:  1043_P 
Processing: 1027_P  1055_P  1054_P  1048_P  
center sample:  1043_P 
Processing: 1027_P  1055_P  1054_P  1048_P  
center sample:  1043_P 
Processing: 1027_P  1055_P  1054_P  1048_P  
center sample:  1043_P 
Processing: 1027_P  1055_P  1054_P  1048_P  
center sample:  1043_P 
Processing: 1027_P  1055_P  1054_P  1048_P  
center sample:  1043_P 
Processing: 1027_P  1055_P  1054_P  1048_P  
center sample:  1043_P 
Processing: 1027_P  1055_P  1054_P  1048_P  
center sample:  1043_P 
Processing: 1027_P  1055_P  1054_P  1048_P  
center sample:  1043_P 
Processing: 1027_P  1055_P  1054_P  1048_P  
center sample:  1043_P 
Processing: 1027_P  1055_P  1054_P  1048_P  
center sample:  1043_P 
Processing: 1027_P  1055_P  1054_P  1048_P  
center sample:  1043_P 
Processing: 1027_P  1055_P  1054_P  1048_P  
center sample:  1043_P 
Processing: 1027_P  1055_P  1054_P  1048_P  
center sample:  1043_P 
Processing: 1027_P  1055_P  1054_P  1048_P  
center sample:  1043_P 
Processing: 1027_P  1055_P  1054_P  1048_P  
center sample:  1043_P 
Processing: 1027_P  1055_P  1054_P  1048_P  
center sample:  1043_P 
Processing: 1027_P  1055_P  1054_P  1048_P  
center sample:  1043_P 
Processing: 1027_P  1055_P  1054_P  1048_P  
center sample:  1043_P 
Processing: 1027_P  1055_P  1054_P  1048_P  
center sample:  1043_P 
Processing: 1027_P  1055_P  1054_P  1048_P  
center sample:  1043_P 
Processing: 1027_P  1055_P  1054_P  1048_P  
center sample:  1043_P 
Processing: 1027_P  1055_P  1054_P  1048_P  
center sample:  1043_P 
Processing: 1027_P  1055_P  1054_P  1048_P  
center sample:  1043_P 
Processing: 1027_P  1055_P  1054_P  1048_P  
center sample:  1043_P 
Processing: 1027_P  1055_P  1054_P  1048_P  
center sample:  1043_P 
Processing: 1027_P  1055_P  1054_P  1048_P  
center sample:  1043_P 
Processing: 1027_P  1055_P  1054_P  1048_P  
center sample:  1043_P 
Processing: 1027_P  1055_P  1054_P  1048_P  
center sample:  1043_P 
Processing: 1027_P  1055_P  1054_P  1048_P  
center sample:  1043_P 
Processing: 1027_P  1055_P  1054_P  1048_P  
center sample:  1043_P 
Processing: 1027_P  1055_P  1054_P  1048_P  
center sample:  1043_P 
Processing: 1027_P  1055_P  1054_P  1048_P  
center sample:  1043_P 
Processing: 1027_P  1055_P  1054_P  1048_P  
center sample:  1043_P 
Processing: 1027_P  1055_P  1054_P  1048_P  
center sample:  1043_P 
Processing: 1027_P  1055_P  1054_P  1048_P  
center sample:  1043_P 
Processing: 1027_P  1055_P  1054_P  1048_P  
center sample:  1043_P 
Processing: 1027_P  1055_P  1054_P  1048_P  
center sample:  1043_P 
Processing: 1027_P  1055_P  1054_P  1048_P  
center sample:  1043_P 
Processing: 1027_P  1055_P  1054_P  1048_P  
center sample:  1043_P 
Processing: 1027_P  1055_P  1054_P  1048_P  
center sample:  1043_P 
Processing: 1027_P  1055_P  1054_P  1048_P  
center sample:  1043_P 
Processing: 1027_P  1055_P  1054_P  1048_P  
center sample:  1043_P 
Processing: 1027_P  1055_P  1054_P  1048_P  
center sample:  1043_P 
Processing: 1027_P  1055_P  1054_P  1048_P  
center sample:  1043_P 
Processing: 1027_P  1055_P  1054_P  1048_P  
center sample:  1043_P 
Processing: 1027_P  1055_P  1054_P  1048_P  
center sample:  1043_P 
Processing: 1027_P  1055_P  1054_P  1048_P  
center sample:  1043_P 
Processing: 1027_P  1055_P  1054_P  1048_P  
center sample:  1043_P 
Processing: 1027_P  1055_P  1054_P  1048_P  
center sample:  1043_P 
Processing: 1027_P  1055_P  1054_P  1048_P  
center sample:  1043_P 
Processing: 1027_P  1055_P  1054_P  1048_P  
center sample:  1043_P 
Processing: 1027_P  1055_P  1054_P  1048_P  
center sample:  1043_P 
Processing: 1027_P  1055_P  1054_P  1048_P  
center sample:  1043_P 
Processing: 1027_P  1055_P  1054_P  1048_P  
center sample:  1043_P 
Processing: 1027_P  1055_P  1054_P  1048_P  
center sample:  1043_P 
Processing: 1027_P  1055_P  1054_P  1048_P  
center sample:  1043_P 
Processing: 1027_P  1055_P  1054_P  1048_P  
center sample:  1043_P 
Processing: 1027_P  1055_P  1054_P  1048_P  
center sample:  1043_P 
Processing: 1027_P  1055_P  1054_P  1048_P  
center sample:  1043_P 
Processing: 1027_P  1055_P  1054_P  1048_P  
center sample:  1043_P 
Processing: 1027_P  1055_P  1054_P  1048_P  
center sample:  1043_P 
Processing: 1027_P  1055_P  1054_P  1048_P  
center sample:  1043_P 
Processing: 1027_P  1055_P  1054_P  1048_P  
center sample:  1043_P 
Processing: 1027_P  1055_P  1054_P  1048_P  
center sample:  1043_P 
Processing: 1027_P  1055_P  1054_P  1048_P  
center sample:  1043_P 
Processing: 1027_P  1055_P  1054_P  1048_P  
center sample:  1043_P 
Processing: 1027_P  1055_P  1054_P  1048_P  
center sample:  1043_P 
Processing: 1027_P  1055_P  1054_P  1048_P  
center sample:  1043_P 
Processing: 1027_P  1055_P  1054_P  1048_P  
center sample:  1043_P 
Processing: 1027_P  1055_P  1054_P  1048_P  
center sample:  1043_P 
Processing: 1027_P  1055_P  1054_P  1048_P  
center sample:  1043_P 
Processing: 1027_P  1055_P  1054_P  1048_P  
center sample:  1043_P 
Processing: 1027_P  1055_P  1054_P  1048_P  
center sample:  1043_P 
Processing: 1027_P  1055_P  1054_P  1048_P  
center sample:  1043_P 
Processing: 1027_P  1055_P  1054_P  1048_P  
center sample:  1043_P 
Processing: 1027_P  1055_P  1054_P  1048_P  
center sample:  1043_P 
Processing: 1027_P  1055_P  1054_P  1048_P  
center sample:  1043_P 
Processing: 1027_P  1055_P  1054_P  1048_P  
center sample:  1043_P 
Processing: 1027_P  1055_P  1054_P  1048_P  
center sample:  1043_P 
Processing: 1027_P  1055_P  1054_P  1048_P  
center sample:  1043_P 
Processing: 1027_P  1055_P  1054_P  1048_P  
center sample:  1043_P 
Processing: 1027_P  1055_P  1054_P  1048_P  
center sample:  1043_P 
Processing: 1027_P  1055_P  1054_P  1048_P  
center sample:  1043_P 
Processing: 1027_P  1055_P  1054_P  1048_P  
es at 32 ppm ... OK
Detecting chromatographic peaks in 39564 regions of interest ... OK: 7997 found.
32
Detecting mass traces at 32 ppm ... OK
Detecting chromatographic peaks in 9703 regions of interest ... OK: 1944 found.
33
Detecting mass traces at 17 ppm ... OK
Detecting chromatographic peaks in 30996 regions of interest ... OK: 7685 found.
34
Detecting mass traces at 17 ppm ... OK
Detecting chromatographic peaks in 8723 regions of interest ... OK: 1715 found.
35
Detecting mass traces at 17 ppm ... OK
Detecting chromatographic peaks in 30996 regions of interest ... OK: 7806 found.
36
Detecting mass traces at 17 ppm ... OK
Detecting chromatographic peaks in 8723 regions of interest ... OK: 1921 found.
37
Detecting mass traces at 32 ppm ... OK
Detecting chromatographic peaks in 39563 regions of interest ... OK: 8178 found.
38
Detecting mass traces at 32 ppm ... OK
Detecting chromatographic peaks in 9703 regions of interest ... OK: 1836 found.
39
Detecting mass traces at 32 ppm ... OK
Detecting chromatographic peaks in 39563 regions of interest ... OK: 8479 found.
40
Detecting mass traces at 32 ppm ... OK
Detecting chromatographic peaks in 9703 regions of interest ... OK: 2050 found.
41
Detecting mass traces at 17 ppm ... OK
Detecting chromatographic peaks in 30996 regions of interest ... OK: 7388 found.
42
Detecting mass traces at 17 ppm ... OK
Detecting chromatographic peaks in 8723 regions of interest ... OK: 1637 found.
43
Detecting mass traces at 17 ppm ... OK
Detecting chromatographic peaks in 30996 regions of interest ... OK: 7409 found.
44
Detecting mass traces at 17 ppm ... OK
Detecting chromatographic peaks in 8723 regions of interest ... OK: 1824 found.
45
Detecting mass traces at 32 ppm ... OK
Detecting chromatographic peaks in 39563 regions of interest ... OK: 7782 found.
46
Detecting mass traces at 32 ppm ... OK
Detecting chromatographic peaks in 9703 regions of interest ... OK: 1743 found.
47
Detecting mass traces at 32 ppm ... OK
Detecting chromatographic peaks in 39563 regions of interest ... OK: 7997 found.
48
Detecting mass traces at 32 ppm ... OK
Detecting chromatographic peaks in 9703 regions of interest ... OK: 1944 found.
49
Detecting mass traces at 17 ppm ... OK
Detecting chromatographic peaks in 30996 regions of interest ... OK: 7685 found.
50
Detecting mass traces at 17 ppm ... OK
Detecting chromatographic peaks in 8723 regions of interest ... OK: 1715 found.
51
Detecting mass traces at 17 ppm ... OK
Detecting chromatographic peaks in 30996 regions of interest ... OK: 7806 found.
52
Detecting mass traces at 17 ppm ... OK
Detecting chromatographic peaks in 8723 regions of interest ... OK: 1921 found.
53
Detecting mass traces at 32 ppm ... OK
Detecting chromatographic peaks in 39564 regions of interest ... OK: 8178 found.
54
Detecting mass traces at 32 ppm ... OK
Detecting chromatographic peaks in 9703 regions of interest ... OK: 1836 found.
55
Detecting mass traces at 32 ppm ... OK
Detecting chromatographic peaks in 39564 regions of interest ... OK: 8479 found.
56
Detecting mass traces at 32 ppm ... OK
Detecting chromatographic peaks in 9703 regions of interest ... OK: 2050 found.
57
Detecting mass traces at 17 ppm ... OK
Detecting chromatographic peaks in 30996 regions of interest ... OK: 7388 found.
58
Detecting mass traces at 17 ppm ... OK
Detecting chromatographic peaks in 8723 regions of interest ... OK: 1637 found.
59
Detecting mass traces at 17 ppm ... OK
Detecting chromatographic peaks in 30996 regions of interest ... OK: 7409 found.
60
Detecting mass traces at 17 ppm ... OK
Detecting chromatographic peaks in 8723 regions of interest ... OK: 1824 found.
61
Detecting mass traces at 32 ppm ... OK
Detecting chromatographic peaks in 39564 regions of interest ... OK: 7782 found.
62
Detecting mass traces at 32 ppm ... OK
Detecting chromatographic peaks in 9703 regions of interest ... OK: 1743 found.
63
Detecting mass traces at 32 ppm ... OK
Detecting chromatographic peaks in 39564 regions of interest ... OK: 7997 found.
64
Detecting mass traces at 32 ppm ... OK
Detecting chromatographic peaks in 9703 regions of interest ... OK: 1944 found.
65
Detecting mass traces at 24.5 ppm ... OK
Detecting chromatographic peaks in 14362 regions of interest ... OK: 3327 found.
66
Detecting mass traces at 24.5 ppm ... OK
Detecting chromatographic peaks in 33886 regions of interest ... OK: 7704 found.
67
Detecting mass traces at 24.5 ppm ... OK
Detecting chromatographic peaks in 9114 regions of interest ... OK: 1825 found.
68
Detecting mass traces at 24.5 ppm ... OK
Detecting chromatographic peaks in 14362 regions of interest ... OK: 3279 found.
69
Detecting mass traces at 24.5 ppm ... OK
Detecting chromatographic peaks in 14362 regions of interest ... OK: 3416 found.
70
Detecting mass traces at 17 ppm ... OK
Detecting chromatographic peaks in 13818 regions of interest ... OK: 3240 found.
71
Detecting mass traces at 32 ppm ... OK
Detecting chromatographic peaks in 15520 regions of interest ... OK: 3412 found.
72
Detecting mass traces at 24.5 ppm ... OK
Detecting chromatographic peaks in 14362 regions of interest ... OK: 3435 found.
73
Detecting mass traces at 24.5 ppm ... OK
Detecting chromatographic peaks in 14362 regions of interest ... OK: 3287 found.
74
Detecting mass traces at 24.5 ppm ... OK
Detecting chromatographic peaks in 14362 regions of interest ... OK: 3327 found.
75
Detecting mass traces at 24.5 ppm ... OK
Detecting chromatographic peaks in 14361 regions of interest ... OK: 3327 found.
76
Detecting mass traces at 24.5 ppm ... OK
Detecting chromatographic peaks in 14362 regions of interest ... OK: 3327 found.
77
Detecting mass traces at 24.5 ppm ... OK
Detecting chromatographic peaks in 14362 regions of interest ... OK: 3327 found.
78
Detecting mass traces at 24.5 ppm ... OK
Detecting chromatographic peaks in 14362 regions of interest ... OK: 3327 found.
Detecting mass traces at 17 ppm ... OK
Detecting chromatographic peaks in 30996 regions of interest ... OK: 7409 found.



starting new DoE with:
min_peakwidth: c(4, 20)
max_peakwidth: c(50, 80)
ppm: c(9.5, 24.5)
mzdiff: c(0.0045, 0.0155)
noise: c(54.5, 450.5)
value_of_prefilter: c(54.5, 450.5)
snthresh: 10
prefilter: 3
mzCenterFun: wMean
integrate: 2
fitgauss: FALSE
verbose.columns: TRUE

1
Detecting mass traces at 9.5 ppm ... OK
Detecting chromatographic peaks in 63647 regions of interest ... OK: 12527 found.
2
Detecting mass traces at 9.5 ppm ... OK
Detecting chromatographic peaks in 13077 regions of interest ... OK: 3127 found.
3
Detecting mass traces at 9.5 ppm ... OK
Detecting chromatographic peaks in 63647 regions of interest ... OK: 12558 found.
4
Detecting mass traces at 9.5 ppm ... OK
Detecting chromatographic peaks in 13077 regions of interest ... OK: 3260 found.
5
Detecting mass traces at 24.5 ppm ... OK
Detecting chromatographic peaks in 86293 regions of interest ... OK: 14164 found.
6
Detecting mass traces at 24.5 ppm ... OK
Detecting chromatographic peaks in 14362 regions of interest ... OK: 3327 found.
7
Detecting mass traces at 24.5 ppm ... OK
Detecting chromatographic peaks in 86293 regions of interest ... OK: 14505 found.
8
Detecting mass traces at 24.5 ppm ... OK
Detecting chromatographic peaks in 14362 regions of interest ... OK: 3467 found.
9
Detecting mass traces at 9.5 ppm ... OK
Detecting chromatographic peaks in 63647 regions of interest ... OK: 12207 found.
10
Detecting mass traces at 9.5 ppm ... OK
Detecting chromatographic peaks in 13077 regions of interest ... OK: 3044 found.
11
Detecting mass traces at 9.5 ppm ... OK
Detecting chromatographic peaks in 63647 regions of interest ... OK: 12222 found.
12
Detecting mass traces at 9.5 ppm ... OK
Detecting chromatographic peaks in 13077 regions of interest ... OK: 3174 found.
13
Detecting mass traces at 24.5 ppm ... OK
Detecting chromatographic peaks in 86293 regions of interest ... OK: 13881 found.
14
Detecting mass traces at 24.5 ppm ... OK
Detecting chromatographic peaks in 14362 regions of interest ... OK: 3249 found.
15
Detecting mass traces at 24.5 ppm ... OK
Detecting chromatographic peaks in 86293 regions of interest ... OK: 14195 found.
16
Detecting mass traces at 24.5 ppm ... OK
Detecting chromatographic peaks in 14362 regions of interest ... OK: 3383 found.
17
Detecting mass traces at 9.5 ppm ... OK
Detecting chromatographic peaks in 63647 regions of interest ... OK: 12527 found.
18
Detecting mass traces at 9.5 ppm ... OK
Detecting chromatographic peaks in 13077 regions of interest ... OK: 3127 found.
19
Detecting mass traces at 9.5 ppm ... OK
Detecting chromatographic peaks in 63647 regions of interest ... OK: 12558 found.
20
Detecting mass traces at 9.5 ppm ... OK
Detecting chromatographic peaks in 13077 regions of interest ... OK: 3260 found.
21
Detecting mass traces at 24.5 ppm ... OK
Detecting chromatographic peaks in 86293 regions of interest ... OK: 14164 found.
22
Detecting mass traces at 24.5 ppm ... OK
Detecting chromatographic peaks in 14362 regions of interest ... OK: 3327 found.
23
Detecting mass traces at 24.5 ppm ... OK
Detecting chromatographic peaks in 86293 regions of interest ... OK: 14505 found.
24
Detecting mass traces at 24.5 ppm ... OK
Detecting chromatographic peaks in 14362 regions of interest ... OK: 3467 found.
25
Detecting mass traces at 9.5 ppm ... OK
Detecting chromatographic peaks in 63647 regions of interest ... OK: 12207 found.
26
Detecting mass traces at 9.5 ppm ... OK
Detecting chromatographic peaks in 13077 regions of interest ... OK: 3044 found.
27
Detecting mass traces at 9.5 ppm ... OK
Detecting chromatographic peaks in 63647 regions of interest ... OK: 12222 found.
28
Detecting mass traces at 9.5 ppm ... OK
Detecting chromatographic peaks in 13077 regions of interest ... OK: 3174 found.
29
Detecting mass traces at 24.5 ppm ... OK
Detecting chromatographic peaks in 86293 regions of interest ... OK: 13881 found.
30
Detecting mass traces at 24.5 ppm ... OK
Detecting chromatographic peaks in 14362 regions of interest ... OK: 3249 found.
31
Detecting mass traces at 24.5 ppm ... OK
Detecting chromatographic peaks in 86293 regions of interest ... OK: 14195 found.
32
Detecting mass traces at 24.5 ppm ... OK
Detecting chromatographic peaks in 14362 regions of interest ... OK: 3383 found.
33
Detecting mass traces at 9.5 ppm ... OK
Detecting chromatographic peaks in 63647 regions of interest ... OK: 12527 found.
34
Detecting mass traces at 9.5 ppm ... OK
Detecting chromatographic peaks in 13077 regions of interest ... OK: 3127 found.
35
Detecting mass traces at 9.5 ppm ... OK
Detecting chromatographic peaks in 63647 regions of interest ... OK: 12558 found.
36
Detecting mass traces at 9.5 ppm ... OK
Detecting chromatographic peaks in 13077 regions of interest ... OK: 3260 found.
37
Detecting mass traces at 24.5 ppm ... OK
Detecting chromatographic peaks in 86293 regions of interest ... OK: 14164 found.
38
Detecting mass traces at 24.5 ppm ... OK
Detecting chromatographic peaks in 14362 regions of interest ... OK: 3327 found.
39
Detecting mass traces at 24.5 ppm ... OK
Detecting chromatographic peaks in 86293 regions of interest ... OK: 14505 found.
40
Detecting mass traces at 24.5 ppm ... OK
Detecting chromatographic peaks in 14362 regions of interest ... OK: 3467 found.
41
Detecting mass traces at 9.5 ppm ... OK
Detecting chromatographic peaks in 63647 regions of interest ... OK: 12207 found.
42
Detecting mass traces at 9.5 ppm ... OK
Detecting chromatographic peaks in 13077 regions of interest ... OK: 3044 found.
43
Detecting mass traces at 9.5 ppm ... OK
Detecting chromatographic peaks in 63647 regions of interest ... OK: 12222 found.
44
Detecting mass traces at 9.5 ppm ... OK
Detecting chromatographic peaks in 13077 regions of interest ... OK: 3174 found.
45
Detecting mass traces at 24.5 ppm ... OK
Detecting chromatographic peaks in 86293 regions of interest ... OK: 13881 found.
46
Detecting mass traces at 24.5 ppm ... OK
Detecting chromatographic peaks in 14362 regions of interest ... OK: 3249 found.
47
Detecting mass traces at 24.5 ppm ... OK
Detecting chromatographic peaks in 86293 regions of interest ... OK: 14195 found.
48
Detecting mass traces at 24.5 ppm ... OK
Detecting chromatographic peaks in 14362 regions of interest ... OK: 3383 found.
49
Detecting mass traces at 9.5 ppm ... OK
Detecting chromatographic peaks in 63647 regions of interest ... OK: 12527 found.
50
Detecting mass traces at 9.5 ppm ... OK
Detecting chromatographic peaks in 13077 regions of interest ... OK: 3127 found.
51
Detecting mass traces at 9.5 ppm ... OK
Detecting chromatographic peaks in 63647 regions of interest ... OK: 12558 found.
52
Detecting mass traces at 9.5 ppm ... OK
Detecting chromatographic peaks in 13077 regions of interest ... OK: 3260 found.
53
Detecting mass traces at 24.5 ppm ... OK
Detecting chromatographic peaks in 86293 regions of interest ... OK: 14164 found.
54
Detecting mass traces at 24.5 ppm ... OK
Detecting chromatographic peaks in 14362 regions of interest ... OK: 3327 found.
55
Detecting mass traces at 24.5 ppm ... OK
Detecting chromatographic peaks in 86293 regions of interest ... OK: 14505 found.
56
Detecting mass traces at 24.5 ppm ... OK
Detecting chromatographic peaks in 14362 regions of interest ... OK: 3467 found.
57
Detecting mass traces at 9.5 ppm ... OK
Detecting chromatographic peaks in 63647 regions of interest ... OK: 12207 found.
58
Detecting mass traces at 9.5 ppm ... OK
Detecting chromatographic peaks in 13077 regions of interest ... OK: 3044 found.
59
Detecting mass traces at 9.5 ppm ... OK
Detecting chromatographic peaks in 63647 regions of interest ... OK: 12222 found.
60
Detecting mass traces at 9.5 ppm ... OK
Detecting chromatographic peaks in 13077 regions of interest ... OK: 3174 found.
61
Detecting mass traces at 24.5 ppm ... OK
Detecting chromatographic peaks in 86293 regions of interest ... OK: 13881 found.
62
Detecting mass traces at 24.5 ppm ... OK
Detecting chromatographic peaks in 14362 regions of interest ... OK: 3249 found.
63
Detecting mass traces at 24.5 ppm ... OK
Detecting chromatographic peaks in 86293 regions of interest ... OK: 14195 found.
64
Detecting mass traces at 24.5 ppm ... OK
Detecting chromatographic peaks in 14362 regions of interest ... OK: 3383 found.
65
Detecting mass traces at 17 ppm ... OK
Detecting chromatographic peaks in 30996 regions of interest ... OK: 7409 found.
66
Detecting mass traces at 17 ppm ... OK
Detecting chromatographic peaks in 73798 regions of interest ... OK: 13190 found.
67
Detecting mass traces at 17 ppm ... OK
Detecting chromatographic peaks in 13818 regions of interest ... OK: 3272 found.
68
Detecting mass traces at 17 ppm ... OK
Detecting chromatographic peaks in 30996 regions of interest ... OK: 7330 found.
69
Detecting mass traces at 17 ppm ... OK
Detecting chromatographic peaks in 30996 regions of interest ... OK: 7464 found.
70
Detecting mass traces at 9.5 ppm ... OK
Detecting chromatographic peaks in 29276 regions of interest ... OK: 7125 found.
71
Detecting mass traces at 24.5 ppm ... OK
Detecting chromatographic peaks in 33886 regions of interest ... OK: 7746 found.
72
Detecting mass traces at 17 ppm ... OK
Detecting chromatographic peaks in 30996 regions of interest ... OK: 7511 found.
73
Detecting mass traces at 17 ppm ... OK
Detecting chromatographic peaks in 30996 regions of interest ... OK: 7308 found.
74
Detecting mass traces at 17 ppm ... OK
Detecting chromatographic peaks in 30996 regions of interest ... OK: 7409 found.
75
Detecting mass traces at 17 ppm ... OK
Detecting chromatographic peaks in 30996 regions of interest ... OK: 7409 found.
76
Detecting mass traces at 17 ppm ... OK
Detecting chromatographic peaks in 30996 regions of interest ... OK: 7409 found.
77
Detecting mass traces at 17 ppm ... OK
Detecting chromatographic peaks in 30996 regions of interest ... OK: 7409 found.
78
Detecting mass traces at 17 ppm ... OK
Detecting chromatographic peaks in 30996 regions of interest ... OK: 7409 found.
Detecting mass traces at 9.5 ppm ... OK
Detecting chromatographic peaks in 46207 regions of interest ... OK: 10726 found.



starting new DoE with:
min_peakwidth: c(3, 19)
max_peakwidth: c(35, 65)
ppm: c(2, 17)
mzdiff: c(0.0012, 0.0122)
noise: c(1, 397)
value_of_prefilter: c(1, 397)
snthresh: 10
prefilter: 3
mzCenterFun: wMean
integrate: 2
fitgauss: FALSE
verbose.columns: TRUE

1
Detecting mass traces at 2 ppm ... OK
Detecting chromatographic peaks in 55771 regions of interest ... OK: 7483 found.
2
Detecting mass traces at 2 ppm ... OK
Detecting chromatographic peaks in 11018 regions of interest ... OK: 1501 found.
3
Detecting mass traces at 2 ppm ... OK
Detecting chromatographic peaks in 55771 regions of interest ... OK: 7422 found.
4
Detecting mass traces at 2 ppm ... OK
Detecting chromatographic peaks in 11018 regions of interest ... OK: 1608 found.
5
Detecting mass traces at 17 ppm ... OK
Detecting chromatographic peaks in 73798 regions of interest ... OK: 12101 found.
6
Detecting mass traces at 17 ppm ... OK
Detecting chromatographic peaks in 15281 regions of interest ... OK: 3637 found.
7
Detecting mass traces at 17 ppm ... OK
Detecting chromatographic peaks in 73798 regions of interest ... OK: 11800 found.
8
Detecting mass traces at 17 ppm ... OK
Detecting chromatographic peaks in 15281 regions of interest ... OK: 3757 found.
9
Detecting mass traces at 2 ppm ... OK
Detecting chromatographic peaks in 55771 regions of interest ... OK: 7386 found.
10
Detecting mass traces at 2 ppm ... OK
Detecting chromatographic peaks in 11018 regions of interest ... OK: 1488 found.
11
Detecting mass traces at 2 ppm ... OK
Detecting chromatographic peaks in 55771 regions of interest ... OK: 7326 found.
12
Detecting mass traces at 2 ppm ... OK
Detecting chromatographic peaks in 11018 regions of interest ... OK: 1592 found.
13
Detecting mass traces at 17 ppm ... OK
Detecting chromatographic peaks in 73798 regions of interest ... OK: 11884 found.
14
Detecting mass traces at 17 ppm ... OK
Detecting chromatographic peaks in 15281 regions of interest ... OK: 3552 found.
15
Detecting mass traces at 17 ppm ... OK
Detecting chromatographic peaks in 73798 regions of interest ... OK: 11585 found.
16
Detecting mass traces at 17 ppm ... OK
Detecting chromatographic peaks in 15281 regions of interest ... OK: 3659 found.
17
Detecting mass traces at 2 ppm ... OK
Detecting chromatographic peaks in 55771 regions of interest ... OK: 7483 found.
18
Detecting mass traces at 2 ppm ... OK
Detecting chromatographic peaks in 11018 regions of interest ... OK: 1501 found.
19
Detecting mass traces at 2 ppm ... OK
Detecting chromatographic peaks in 55771 regions of interest ... OK: 7422 found.
20
Detecting mass traces at 2 ppm ... OK
Detecting chromatographic peaks in 11018 regions of interest ... OK: 1608 found.
21
Detecting mass traces at 17 ppm ... OK
Detecting chromatographic peaks in 73798 regions of interest ... OK: 12101 found.
22
Detecting mass traces at 17 ppm ... OK
Detecting chromatographic peaks in 15281 regions of interest ... OK: 3637 found.
23
Detecting mass traces at 17 ppm ... OK
Detecting chromatographic peaks in 73798 regions of interest ... OK: 11800 found.
24
Detecting mass traces at 17 ppm ... OK
Detecting chromatographic peaks in 15281 regions of interest ... OK: 3757 found.
25
Detecting mass traces at 2 ppm ... OK
Detecting chromatographic peaks in 55771 regions of interest ... OK: 7386 found.
26
Detecting mass traces at 2 ppm ... OK
Detecting chromatographic peaks in 11018 regions of interest ... OK: 1488 found.
27
Detecting mass traces at 2 ppm ... OK
Detecting chromatographic peaks in 55771 regions of interest ... OK: 7326 found.
28
Detecting mass traces at 2 ppm ... OK
Detecting chromatographic peaks in 11018 regions of interest ... OK: 1592 found.
29
Detecting mass traces at 17 ppm ... OK
Detecting chromatographic peaks in 73798 regions of interest ... OK: 11884 found.
30
Detecting mass traces at 17 ppm ... OK
Detecting chromatographic peaks in 15281 regions of interest ... OK: 3552 found.
31
Detecting mass traces at 17 ppm ... OK
Detecting chromatographic peaks in 73798 regions of interest ... OK: 11585 found.
32
Detecting mass traces at 17 ppm ... OK
Detecting chromatographic peaks in 15281 regions of interest ... OK: 3659 found.
33
Detecting mass traces at 2 ppm ... OK
Detecting chromatographic peaks in 55771 regions of interest ... OK: 7483 found.
34
Detecting mass traces at 2 ppm ... OK
Detecting chromatographic peaks in 11018 regions of interest ... OK: 1501 found.
35
Detecting mass traces at 2 ppm ... OK
Detecting chromatographic peaks in 55771 regions of interest ... OK: 7422 found.
36
Detecting mass traces at 2 ppm ... OK
Detecting chromatographic peaks in 11018 regions of interest ... OK: 1608 found.
37
Detecting mass traces at 17 ppm ... OK
Detecting chromatographic peaks in 73798 regions of interest ... OK: 12101 found.
38
Detecting mass traces at 17 ppm ... OK
Detecting chromatographic peaks in 15281 regions of interest ... OK: 3637 found.
39
Detecting mass traces at 17 ppm ... OK
Detecting chromatographic peaks in 73798 regions of interest ... OK: 11800 found.
40
Detecting mass traces at 17 ppm ... OK
Detecting chromatographic peaks in 15281 regions of interest ... OK: 3757 found.
41
Detecting mass traces at 2 ppm ... OK
Detecting chromatographic peaks in 55771 regions of interest ... OK: 7386 found.
42
Detecting mass traces at 2 ppm ... OK
Detecting chromatographic peaks in 11018 regions of interest ... OK: 1488 found.
43
Detecting mass traces at 2 ppm ... OK
Detecting chromatographic peaks in 55771 regions of interest ... OK: 7326 found.
44
Detecting mass traces at 2 ppm ... OK
Detecting chromatographic peaks in 11018 regions of interest ... OK: 1592 found.
45
Detecting mass traces at 17 ppm ... OK
Detecting chromatographic peaks in 73798 regions of interest ... OK: 11884 found.
46
Detecting mass traces at 17 ppm ... OK
Detecting chromatographic peaks in 15281 regions of interest ... OK: 3552 found.
47
Detecting mass traces at 17 ppm ... OK
Detecting chromatographic peaks in 73798 regions of interest ... OK: 11585 found.
48
Detecting mass traces at 17 ppm ... OK
Detecting chromatographic peaks in 15281 regions of interest ... OK: 3659 found.
49
Detecting mass traces at 2 ppm ... OK
Detecting chromatographic peaks in 55771 regions of interest ... OK: 7483 found.
50
Detecting mass traces at 2 ppm ... OK
Detecting chromatographic peaks in 11018 regions of interest ... OK: 1501 found.
51
Detecting mass traces at 2 ppm ... OK
Detecting chromatographic peaks in 55771 regions of interest ... OK: 7422 found.
52
Detecting mass traces at 2 ppm ... OK
Detecting chromatographic peaks in 11018 regions of interest ... OK: 1608 found.
53
Detecting mass traces at 17 ppm ... OK
Detecting chromatographic peaks in 73798 regions of interest ... OK: 12101 found.
54
Detecting mass traces at 17 ppm ... OK
Detecting chromatographic peaks in 15281 regions of interest ... OK: 3637 found.
55
Detecting mass traces at 17 ppm ... OK
Detecting chromatographic peaks in 73798 regions of interest ... OK: 11800 found.
56
Detecting mass traces at 17 ppm ... OK
Detecting chromatographic peaks in 15281 regions of interest ... OK: 3757 found.
57
Detecting mass traces at 2 ppm ... OK
Detecting chromatographic peaks in 55771 regions of interest ... OK: 7386 found.
58
Detecting mass traces at 2 ppm ... OK
Detecting chromatographic peaks in 11018 regions of interest ... OK: 1488 found.
59
Detecting mass traces at 2 ppm ... OK
Detecting chromatographic peaks in 55771 regions of interest ... OK: 7326 found.
60
Detecting mass traces at 2 ppm ... OK
Detecting chromatographic peaks in 11018 regions of interest ... OK: 1592 found.
61
Detecting mass traces at 17 ppm ... OK
Detecting chromatographic peaks in 73798 regions of interest ... OK: 11884 found.
62
Detecting mass traces at 17 ppm ... OK
Detecting chromatographic peaks in 15281 regions of interest ... OK: 3552 found.
63
Detecting mass traces at 17 ppm ... OK
Detecting chromatographic peaks in 73798 regions of interest ... OK: 11585 found.
64
Detecting mass traces at 17 ppm ... OK
Detecting chromatographic peaks in 15281 regions of interest ... OK: 3659 found.
65
Detecting mass traces at 9.5 ppm ... OK
Detecting chromatographic peaks in 36112 regions of interest ... OK: 8777 found.
66
Detecting mass traces at 9.5 ppm ... OK
Detecting chromatographic peaks in 63647 regions of interest ... OK: 10884 found.
67
Detecting mass traces at 9.5 ppm ... OK
Detecting chromatographic peaks in 14496 regions of interest ... OK: 3504 found.
68
Detecting mass traces at 9.5 ppm ... OK
Detecting chromatographic peaks in 36112 regions of interest ... OK: 8808 found.
69
Detecting mass traces at 9.5 ppm ... OK
Detecting chromatographic peaks in 36112 regions of interest ... OK: 8821 found.
70
Detecting mass traces at 2 ppm ... OK
Detecting chromatographic peaks in 29897 regions of interest ... OK: 4672 found.
71
Detecting mass traces at 17 ppm ... OK
Detecting chromatographic peaks in 38807 regions of interest ... OK: 9094 found.
72
Detecting mass traces at 9.5 ppm ... OK
Detecting chromatographic peaks in 36112 regions of interest ... OK: 8854 found.
73
Detecting mass traces at 9.5 ppm ... OK
Detecting chromatographic peaks in 36112 regions of interest ... OK: 8630 found.
74
Detecting mass traces at 9.5 ppm ... OK
Detecting chromatographic peaks in 36112 regions of interest ... OK: 8777 found.
75
Detecting mass traces at 9.5 ppm ... OK
Detecting chromatographic peaks in 36112 regions of interest ... OK: 8777 found.
76
Detecting mass traces at 9.5 ppm ... OK
Detecting chromatographic peaks in 36112 regions of interest ... OK: 8777 found.
77
Detecting mass traces at 9.5 ppm ... OK
Detecting chromatographic peaks in 36112 regions of interest ... OK: 8777 found.
78
Detecting mass traces at 9.5 ppm ... OK
Detecting chromatographic peaks in 36112 regions of interest ... OK: 8777 found.
Detecting mass traces at 11 ppm ... OK
Detecting chromatographic peaks in 36553 regions of interest ... OK: 9023 found.
no increase, stopping
best parameter settings:
min_peakwidth: 11
max_peakwidth: 65
ppm: 11
mzdiff: 0.0012
noise: 1
value_of_prefilter: 1
snthresh: 10
prefilter: 3
mzCenterFun: wMean
integrate: 2
fitgauss: FALSE
verbose.columns: TRUE

Warning message:
In optimizeXcmsSet(files = mz[args$whichFile], params = peakpickingParameters,  :
  IPO (nSlaves-argument) and xcms (BPPARAM-argument) parallelisation cannot be used together! Setting nSlaves to 1
Detecting mass traces at 11 ppm ... OK
Detecting chromatographic peaks in 36267 regions of interest ... OK: 8873 found.
Detecting mass traces at 11 ppm ... OK
Detecting chromatographic peaks in 37377 regions of interest ... OK: 10211 found.
Detecting mass traces at 11 ppm ... OK
Detecting chromatographic peaks in 37540 regions of interest ... OK: 10314 found.
Detecting mass traces at 11 ppm ... OK
Detecting chromatographic peaks in 36179 regions of interest ... OK: 8657 found.
Detecting mass traces at 11 ppm ... OK
Detecting chromatographic peaks in 36348 regions of interest ... OK: 12737 found.



starting new DoE with:

distFunc: cor_opt
gapInit: c(0, 0.4)
gapExtend: c(2.1, 2.7)
profStep: c(0.7, 1)
plottype: none
response: 1
factorDiag: 2
factorGap: 1
localAlignment: 0
retcorMethod: obiwarp
bw: c(22, 38)
minfrac: 0.05
mzwid: c(0.015, 0.035)
minsamp: 1
max: 50
center: 5

Create profile matrix with method 'bin' and step 0.7 ... OK
Create profile matrix with method 'bin' and step 0.7 ... OK
Create profile matrix with method 'bin' and step 0.7 ... OK
Create profile matrix with method 'bin' and step 0.7 ... OK
Create profile matrix with method 'bin' and step 0.7 ... OK
Create profile matrix with method 'bin' and step 0.7 ... OK
Create profile matrix with method 'bin' and step 0.7 ... OK
Create profile matrix with method 'bin' and step 0.7 ... OK
Processing 119950 mz slices ... OK
Create profile matrix with method 'bin' and step 0.7 ... OK
Create profile matrix with method 'bin' and step 0.7 ... OK
Create profile matrix with method 'bin' and step 0.7 ... OK
Create profile matrix with method 'bin' and step 0.7 ... OK
Create profile matrix with method 'bin' and step 0.7 ... OK
Create profile matrix with method 'bin' and step 0.7 ... OK
Create profile matrix with method 'bin' and step 0.7 ... OK
Create profile matrix with method 'bin' and step 0.7 ... OK
Processing 119950 mz slices ... OK
Create profile matrix with method 'bin' and step 0.7 ... OK
Create profile matrix with method 'bin' and step 0.7 ... OK
Create profile matrix with method 'bin' and step 0.7 ... OK
Create profile matrix with method 'bin' and step 0.7 ... OK
Create profile matrix with method 'bin' and step 0.7 ... OK
Create profile matrix with method 'bin' and step 0.7 ... OK
Create profile matrix with method 'bin' and step 0.7 ... OK
Create profile matrix with method 'bin' and step 0.7 ... OK
Processing 119950 mz slices ... OK
Create profile matrix with method 'bin' and step 0.7 ... OK
Create profile matrix with method 'bin' and step 0.7 ... OK
Create profile matrix with method 'bin' and step 0.7 ... OK
Create profile matrix with method 'bin' and step 0.7 ... OK
Create profile matrix with method 'bin' and step 0.7 ... OK
Create profile matrix with method 'bin' and step 0.7 ... OK
Create profile matrix with method 'bin' and step 0.7 ... OK
Create profile matrix with method 'bin' and step 0.7 ... OK
Processing 119950 mz slices ... OK
Create profile matrix with method 'bin' and step 1 ... OK
Create profile matrix with method 'bin' and step 1 ... OK
Create profile matrix with method 'bin' and step 1 ... OK
Create profile matrix with method 'bin' and step 1 ... OK
Create profile matrix with method 'bin' and step 1 ... OK
Processing 119950 mz slices ... OK
Create profile matrix with method 'bin' and step 1 ... OK
Create profile matrix with method 'bin' and step 1 ... OK
Create profile matrix with method 'bin' and step 1 ... OK
Create profile matrix with method 'bin' and step 1 ... OK
Create profile matrix with method 'bin' and step 1 ... OK
Processing 119950 mz slices ... OK
Create profile matrix with method 'bin' and step 1 ... OK
Create profile matrix with method 'bin' and step 1 ... OK
Create profile matrix with method 'bin' and step 1 ... OK
Create profile matrix with method 'bin' and step 1 ... OK
Create profile matrix with method 'bin' and step 1 ... OK
Processing 119950 mz slices ... OK
Create profile matrix with method 'bin' and step 1 ... OK
Create profile matrix with method 'bin' and step 1 ... OK
Create profile matrix with method 'bin' and step 1 ... OK
Create profile matrix with method 'bin' and step 1 ... OK
Create profile matrix with method 'bin' and step 1 ... OK
Processing 119950 mz slices ... OK
Create profile matrix with method 'bin' and step 0.7 ... OK
Create profile matrix with method 'bin' and step 0.7 ... OK
Create profile matrix with method 'bin' and step 0.7 ... OK
Create profile matrix with method 'bin' and step 0.7 ... OK
Create profile matrix with method 'bin' and step 0.7 ... OK
Create profile matrix with method 'bin' and step 0.7 ... OK
Create profile matrix with method 'bin' and step 0.7 ... OK
Create profile matrix with method 'bin' and step 0.7 ... OK
Processing 119950 mz slices ... OK
Create profile matrix with method 'bin' and step 0.7 ... OK
Create profile matrix with method 'bin' and step 0.7 ... OK
Create profile matrix with method 'bin' and step 0.7 ... OK
Create profile matrix with method 'bin' and step 0.7 ... OK
Create profile matrix with method 'bin' and step 0.7 ... OK
Create profile matrix with method 'bin' and step 0.7 ... OK
Create profile matrix with method 'bin' and step 0.7 ... OK
Create profile matrix with method 'bin' and step 0.7 ... OK
Processing 119950 mz slices ... OK
Create profile matrix with method 'bin' and step 0.7 ... OK
Create profile matrix with method 'bin' and step 0.7 ... OK
Create profile matrix with method 'bin' and step 0.7 ... OK
Create profile matrix with method 'bin' and step 0.7 ... OK
Create profile matrix with method 'bin' and step 0.7 ... OK
Create profile matrix with method 'bin' and step 0.7 ... OK
Create profile matrix with method 'bin' and step 0.7 ... OK
Create profile matrix with method 'bin' and step 0.7 ... OK
Processing 119950 mz slices ... OK
Create profile matrix with method 'bin' and step 0.7 ... OK
Create profile matrix with method 'bin' and step 0.7 ... OK
Create profile matrix with method 'bin' and step 0.7 ... OK
Create profile matrix with method 'bin' and step 0.7 ... OK
Create profile matrix with method 'bin' and step 0.7 ... OK
Create profile matrix with method 'bin' and step 0.7 ... OK
Create profile matrix with method 'bin' and step 0.7 ... OK
Create profile matrix with method 'bin' and step 0.7 ... OK
Processing 119950 mz slices ... OK
Create profile matrix with method 'bin' and step 1 ... OK
Create profile matrix with method 'bin' and step 1 ... OK
Create profile matrix with method 'bin' and step 1 ... OK
Create profile matrix with method 'bin' and step 1 ... OK
Create profile matrix with method 'bin' and step 1 ... OK
Processing 119950 mz slices ... OK
Create profile matrix with method 'bin' and step 1 ... OK
Create profile matrix with method 'bin' and step 1 ... OK
Create profile matrix with method 'bin' and step 1 ... OK
Create profile matrix with method 'bin' and step 1 ... OK
Create profile matrix with method 'bin' and step 1 ... OK
Processing 119950 mz slices ... OK
Create profile matrix with method 'bin' and step 1 ... OK
Create profile matrix with method 'bin' and step 1 ... OK
Create profile matrix with method 'bin' and step 1 ... OK
Create profile matrix with method 'bin' and step 1 ... OK
Create profile matrix with method 'bin' and step 1 ... OK
Processing 119950 mz slices ... OK
Create profile matrix with method 'bin' and step 1 ... OK
Create profile matrix with method 'bin' and step 1 ... OK
Create profile matrix with method 'bin' and step 1 ... OK
Create profile matrix with method 'bin' and step 1 ... OK
Create profile matrix with method 'bin' and step 1 ... OK
Processing 119950 mz slices ... OK
Create profile matrix with method 'bin' and step 0.7 ... OK
Create profile matrix with method 'bin' and step 0.7 ... OK
Create profile matrix with method 'bin' and step 0.7 ... OK
Create profile matrix with method 'bin' and step 0.7 ... OK
Create profile matrix with method 'bin' and step 0.7 ... OK
Create profile matrix with method 'bin' and step 0.7 ... OK
Create profile matrix with method 'bin' and step 0.7 ... OK
Create profile matrix with method 'bin' and step 0.7 ... OK
Processing 51408 mz slices ... OK
Create profile matrix with method 'bin' and step 0.7 ... OK
Create profile matrix with method 'bin' and step 0.7 ... OK
Create profile matrix with method 'bin' and step 0.7 ... OK
Create profile matrix with method 'bin' and step 0.7 ... OK
Create profile matrix with method 'bin' and step 0.7 ... OK
Create profile matrix with method 'bin' and step 0.7 ... OK
Create profile matrix with method 'bin' and step 0.7 ... OK
Create profile matrix with method 'bin' and step 0.7 ... OK
Processing 51408 mz slices ... OK
Create profile matrix with method 'bin' and step 0.7 ... OK
Create profile matrix with method 'bin' and step 0.7 ... OK
Create profile matrix with method 'bin' and step 0.7 ... OK
Create profile matrix with method 'bin' and step 0.7 ... OK
Create profile matrix with method 'bin' and step 0.7 ... OK
Create profile matrix with method 'bin' and step 0.7 ... OK
Create profile matrix with method 'bin' and step 0.7 ... OK
Create profile matrix with method 'bin' and step 0.7 ... OK
Processing 51408 mz slices ... OK
Create profile matrix with method 'bin' and step 0.7 ... OK
Create profile matrix with method 'bin' and step 0.7 ... OK
Create profile matrix with method 'bin' and step 0.7 ... OK
Create profile matrix with method 'bin' and step 0.7 ... OK
Create profile matrix with method 'bin' and step 0.7 ... OK
Create profile matrix with method 'bin' and step 0.7 ... OK
Create profile matrix with method 'bin' and step 0.7 ... OK
Create profile matrix with method 'bin' and step 0.7 ... OK
Processing 51408 mz slices ... OK
Create profile matrix with method 'bin' and step 1 ... OK
Create profile matrix with method 'bin' and step 1 ... OK
Create profile matrix with method 'bin' and step 1 ... OK
Create profile matrix with method 'bin' and step 1 ... OK
Create profile matrix with method 'bin' and step 1 ... OK
Processing 51408 mz slices ... OK
Create profile matrix with method 'bin' and step 1 ... OK
Create profile matrix with method 'bin' and step 1 ... OK
Create profile matrix with method 'bin' and step 1 ... OK
Create profile matrix with method 'bin' and step 1 ... OK
Create profile matrix with method 'bin' and step 1 ... OK
Processing 51408 mz slices ... OK
Create profile matrix with method 'bin' and step 1 ... OK
Create profile matrix with method 'bin' and step 1 ... OK
Create profile matrix with method 'bin' and step 1 ... OK
Create profile matrix with method 'bin' and step 1 ... OK
Create profile matrix with method 'bin' and step 1 ... OK
Processing 51408 mz slices ... OK
Create profile matrix with method 'bin' and step 1 ... OK
Create profile matrix with method 'bin' and step 1 ... OK
Create profile matrix with method 'bin' and step 1 ... OK
Create profile matrix with method 'bin' and step 1 ... OK
Create profile matrix with method 'bin' and step 1 ... OK
Processing 51408 mz slices ... OK
Create profile matrix with method 'bin' and step 0.7 ... OK
Create profile matrix with method 'bin' and step 0.7 ... OK
Create profile matrix with method 'bin' and step 0.7 ... OK
Create profile matrix with method 'bin' and step 0.7 ... OK
Create profile matrix with method 'bin' and step 0.7 ... OK
Create profile matrix with method 'bin' and step 0.7 ... OK
Create profile matrix with method 'bin' and step 0.7 ... OK
Create profile matrix with method 'bin' and step 0.7 ... OK
Processing 51408 mz slices ... OK
Create profile matrix with method 'bin' and step 0.7 ... OK
Create profile matrix with method 'bin' and step 0.7 ... OK
Create profile matrix with method 'bin' and step 0.7 ... OK
Create profile matrix with method 'bin' and step 0.7 ... OK
Create profile matrix with method 'bin' and step 0.7 ... OK
Create profile matrix with method 'bin' and step 0.7 ... OK
Create profile matrix with method 'bin' and step 0.7 ... OK
Create profile matrix with method 'bin' and step 0.7 ... OK
Processing 51408 mz slices ... OK
Create profile matrix with method 'bin' and step 0.7 ... OK
Create profile matrix with method 'bin' and step 0.7 ... OK
Create profile matrix with method 'bin' and step 0.7 ... OK
Create profile matrix with method 'bin' and step 0.7 ... OK
Create profile matrix with method 'bin' and step 0.7 ... OK
Create profile matrix with method 'bin' and step 0.7 ... OK
Create profile matrix with method 'bin' and step 0.7 ... OK
Create profile matrix with method 'bin' and step 0.7 ... OK
Processing 51408 mz slices ... OK
Create profile matrix with method 'bin' and step 0.7 ... OK
Create profile matrix with method 'bin' and step 0.7 ... OK
Create profile matrix with method 'bin' and step 0.7 ... OK
Create profile matrix with method 'bin' and step 0.7 ... OK
Create profile matrix with method 'bin' and step 0.7 ... OK
Create profile matrix with method 'bin' and step 0.7 ... OK
Create profile matrix with method 'bin' and step 0.7 ... OK
Create profile matrix with method 'bin' and step 0.7 ... OK
Processing 51408 mz slices ... OK
Create profile matrix with method 'bin' and step 1 ... OK
Create profile matrix with method 'bin' and step 1 ... OK
Create profile matrix with method 'bin' and step 1 ... OK
Create profile matrix with method 'bin' and step 1 ... OK
Create profile matrix with method 'bin' and step 1 ... OK
Processing 51408 mz slices ... OK
Create profile matrix with method 'bin' and step 1 ... OK
Create profile matrix with method 'bin' and step 1 ... OK
Create profile matrix with method 'bin' and step 1 ... OK
Create profile matrix with method 'bin' and step 1 ... OK
Create profile matrix with method 'bin' and step 1 ... OK
Processing 51408 mz slices ... OK
Create profile matrix with method 'bin' and step 1 ... OK
Create profile matrix with method 'bin' and step 1 ... OK
Create profile matrix with method 'bin' and step 1 ... OK
Create profile matrix with method 'bin' and step 1 ... OK
Create profile matrix with method 'bin' and step 1 ... OK
Processing 51408 mz slices ... OK
Create profile matrix with method 'bin' and step 1 ... OK
Create profile matrix with method 'bin' and step 1 ... OK
Create profile matrix with method 'bin' and step 1 ... OK
Create profile matrix with method 'bin' and step 1 ... OK
Create profile matrix with method 'bin' and step 1 ... OK
Processing 51408 mz slices ... OK
Create profile matrix with method 'bin' and step 0.85 ... OK
Create profile matrix with method 'bin' and step 0.85 ... OK
Create profile matrix with method 'bin' and step 0.85 ... OK
Create profile matrix with method 'bin' and step 0.85 ... OK
Create profile matrix with method 'bin' and step 0.85 ... OK
Create profile matrix with method 'bin' and step 0.85 ... OK
Create profile matrix with method 'bin' and step 0.85 ... OK
Create profile matrix with method 'bin' and step 0.85 ... OK
Processing 71971 mz slices ... OK
Create profile matrix with method 'bin' and step 0.85 ... OK
Create profile matrix with method 'bin' and step 0.85 ... OK
Create profile matrix with method 'bin' and step 0.85 ... OK
Create profile matrix with method 'bin' and step 0.85 ... OK
Create profile matrix with method 'bin' and step 0.85 ... OK
Create profile matrix with method 'bin' and step 0.85 ... OK
Create profile matrix with method 'bin' and step 0.85 ... OK
Create profile matrix with method 'bin' and step 0.85 ... OK
Processing 71971 mz slices ... OK
Create profile matrix with method 'bin' and step 0.85 ... OK
Create profile matrix with method 'bin' and step 0.85 ... OK
Create profile matrix with method 'bin' and step 0.85 ... OK
Create profile matrix with method 'bin' and step 0.85 ... OK
Create profile matrix with method 'bin' and step 0.85 ... OK
Create profile matrix with method 'bin' and step 0.85 ... OK
Create profile matrix with method 'bin' and step 0.85 ... OK
Create profile matrix with method 'bin' and step 0.85 ... OK
Processing 71971 mz slices ... OK
Create profile matrix with method 'bin' and step 0.85 ... OK
Create profile matrix with method 'bin' and step 0.85 ... OK
Create profile matrix with method 'bin' and step 0.85 ... OK
Create profile matrix with method 'bin' and step 0.85 ... OK
Create profile matrix with method 'bin' and step 0.85 ... OK
Create profile matrix with method 'bin' and step 0.85 ... OK
Create profile matrix with method 'bin' and step 0.85 ... OK
Create profile matrix with method 'bin' and step 0.85 ... OK
Processing 71971 mz slices ... OK
Create profile matrix with method 'bin' and step 0.85 ... OK
Create profile matrix with method 'bin' and step 0.85 ... OK
Create profile matrix with method 'bin' and step 0.85 ... OK
Create profile matrix with method 'bin' and step 0.85 ... OK
Create profile matrix with method 'bin' and step 0.85 ... OK
Create profile matrix with method 'bin' and step 0.85 ... OK
Create profile matrix with method 'bin' and step 0.85 ... OK
Create profile matrix with method 'bin' and step 0.85 ... OK
Processing 71971 mz slices ... OK
Create profile matrix with method 'bin' and step 0.7 ... OK
Create profile matrix with method 'bin' and step 0.7 ... OK
Create profile matrix with method 'bin' and step 0.7 ... OK
Create profile matrix with method 'bin' and step 0.7 ... OK
Create profile matrix with method 'bin' and step 0.7 ... OK
Create profile matrix with method 'bin' and step 0.7 ... OK
Create profile matrix with method 'bin' and step 0.7 ... OK
Create profile matrix with method 'bin' and step 0.7 ... OK
Processing 71971 mz slices ... OK
Create profile matrix with method 'bin' and step 1 ... OK
Create profile matrix with method 'bin' and step 1 ... OK
Create profile matrix with method 'bin' and step 1 ... OK
Create profile matrix with method 'bin' and step 1 ... OK
Create profile matrix with method 'bin' and step 1 ... OK
Processing 71971 mz slices ... OK
Create profile matrix with method 'bin' and step 0.85 ... OK
Create profile matrix with method 'bin' and step 0.85 ... OK
Create profile matrix with method 'bin' and step 0.85 ... OK
Create profile matrix with method 'bin' and step 0.85 ... OK
Create profile matrix with method 'bin' and step 0.85 ... OK
Create profile matrix with method 'bin' and step 0.85 ... OK
Create profile matrix with method 'bin' and step 0.85 ... OK
Create profile matrix with method 'bin' and step 0.85 ... OK
Processing 71971 mz slices ... OK
Create profile matrix with method 'bin' and step 0.85 ... OK
Create profile matrix with method 'bin' and step 0.85 ... OK
Create profile matrix with method 'bin' and step 0.85 ... OK
Create profile matrix with method 'bin' and step 0.85 ... OK
Create profile matrix with method 'bin' and step 0.85 ... OK
Create profile matrix with method 'bin' and step 0.85 ... OK
Create profile matrix with method 'bin' and step 0.85 ... OK
Create profile matrix with method 'bin' and step 0.85 ... OK
Processing 71971 mz slices ... OK
Create profile matrix with method 'bin' and step 0.85 ... OK
Create profile matrix with method 'bin' and step 0.85 ... OK
Create profile matrix with method 'bin' and step 0.85 ... OK
Create profile matrix with method 'bin' and step 0.85 ... OK
Create profile matrix with method 'bin' and step 0.85 ... OK
Create profile matrix with method 'bin' and step 0.85 ... OK
Create profile matrix with method 'bin' and step 0.85 ... OK
Create profile matrix with method 'bin' and step 0.85 ... OK
Processing 119950 mz slices ... OK
Create profile matrix with method 'bin' and step 0.85 ... OK
Create profile matrix with method 'bin' and step 0.85 ... OK
Create profile matrix with method 'bin' and step 0.85 ... OK
Create profile matrix with method 'bin' and step 0.85 ... OK
Create profile matrix with method 'bin' and step 0.85 ... OK
Create profile matrix with method 'bin' and step 0.85 ... OK
Create profile matrix with method 'bin' and step 0.85 ... OK
Create profile matrix with method 'bin' and step 0.85 ... OK
Processing 51408 mz slices ... OK
Create profile matrix with method 'bin' and step 0.85 ... OK
Create profile matrix with method 'bin' and step 0.85 ... OK
Create profile matrix with method 'bin' and step 0.85 ... OK
Create profile matrix with method 'bin' and step 0.85 ... OK
Create profile matrix with method 'bin' and step 0.85 ... OK
Create profile matrix with method 'bin' and step 0.85 ... OK
Create profile matrix with method 'bin' and step 0.85 ... OK
Create profile matrix with method 'bin' and step 0.85 ... OK
Processing 71971 mz slices ... OK
Create profile matrix with method 'bin' and step 0.85 ... OK
Create profile matrix with method 'bin' and step 0.85 ... OK
Create profile matrix with method 'bin' and step 0.85 ... OK
Create profile matrix with method 'bin' and step 0.85 ... OK
Create profile matrix with method 'bin' and step 0.85 ... OK
Create profile matrix with method 'bin' and step 0.85 ... OK
Create profile matrix with method 'bin' and step 0.85 ... OK
Create profile matrix with method 'bin' and step 0.85 ... OK
Processing 119950 mz slices ... OK



starting new DoE with:

gapInit: c(0.16, 0.64)
gapExtend: c(1.95, 2.55)
profStep: c(0.73, 0.97)
bw: c(12.4, 31.6)
mzwid: c(0.003, 0.027)
distFunc: cor_opt
plottype: none
response: 1
factorDiag: 2
factorGap: 1
localAlignment: 0
retcorMethod: obiwarp
minfrac: 0.05
minsamp: 1
max: 50
center: 5

Create profile matrix with method 'bin' and step 0.73 ... OK
Create profile matrix with method 'bin' and step 0.73 ... OK
Create profile matrix with method 'bin' and step 0.73 ... OK
Create profile matrix with method 'bin' and step 0.73 ... OK
Create profile matrix with method 'bin' and step 0.73 ... OK
Create profile matrix with method 'bin' and step 0.73 ... OK
Create profile matrix with method 'bin' and step 0.73 ... OK
Create profile matrix with method 'bin' and step 0.73 ... OK
Processing 599745 mz slices ... OK
Create profile matrix with method 'bin' and step 0.73 ... OK
Create profile matrix with method 'bin' and step 0.73 ... OK
Create profile matrix with method 'bin' and step 0.73 ... OK
Create profile matrix with method 'bin' and step 0.73 ... OK
Create profile matrix with method 'bin' and step 0.73 ... OK
Create profile matrix with method 'bin' and step 0.73 ... OK
Create profile matrix with method 'bin' and step 0.73 ... OK
Create profile matrix with method 'bin' and step 0.73 ... OK
Processing 599745 mz slices ... OK
Create profile matrix with method 'bin' and step 0.73 ... OK
Create profile matrix with method 'bin' and step 0.73 ... OK
Create profile matrix with method 'bin' and step 0.73 ... OK
Create profile matrix with method 'bin' and step 0.73 ... OK
Create profile matrix with method 'bin' and step 0.73 ... OK
Create profile matrix with method 'bin' and step 0.73 ... OK
Create profile matrix with method 'bin' and step 0.73 ... OK
Create profile matrix with method 'bin' and step 0.73 ... OK
Processing 599745 mz slices ... OK
Create profile matrix with method 'bin' and step 0.73 ... OK
Create profile matrix with method 'bin' and step 0.73 ... OK
Create profile matrix with method 'bin' and step 0.73 ... OK
Create profile matrix with method 'bin' and step 0.73 ... OK
Create profile matrix with method 'bin' and step 0.73 ... OK
Create profile matrix with method 'bin' and step 0.73 ... OK
Create profile matrix with method 'bin' and step 0.73 ... OK
Create profile matrix with method 'bin' and step 0.73 ... OK
Processing 599745 mz slices ... OK
Create profile matrix with method 'bin' and step 0.97 ... OK
Create profile matrix with method 'bin' and step 0.97 ... OK
Create profile matrix with method 'bin' and step 0.97 ... OK
Create profile matrix with method 'bin' and step 0.97 ... OK
Create profile matrix with method 'bin' and step 0.97 ... OK
Create profile matrix with method 'bin' and step 0.97 ... OK
Create profile matrix with method 'bin' and step 0.97 ... OK
Create profile matrix with method 'bin' and step 0.97 ... OK
Processing 599745 mz slices ... OK
Create profile matrix with method 'bin' and step 0.97 ... OK
Create profile matrix with method 'bin' and step 0.97 ... OK
Create profile matrix with method 'bin' and step 0.97 ... OK
Create profile matrix with method 'bin' and step 0.97 ... OK
Create profile matrix with method 'bin' and step 0.97 ... OK
Create profile matrix with method 'bin' and step 0.97 ... OK
Create profile matrix with method 'bin' and step 0.97 ... OK
Create profile matrix with method 'bin' and step 0.97 ... OK
Processing 599745 mz slices ... OK
Create profile matrix with method 'bin' and step 0.97 ... OK
Create profile matrix with method 'bin' and step 0.97 ... OK
Create profile matrix with method 'bin' and step 0.97 ... OK
Create profile matrix with method 'bin' and step 0.97 ... OK
Create profile matrix with method 'bin' and step 0.97 ... OK
Create profile matrix with method 'bin' and step 0.97 ... OK
Create profile matrix with method 'bin' and step 0.97 ... OK
Create profile matrix with method 'bin' and step 0.97 ... OK
Processing 599745 mz slices ... OK
Create profile matrix with method 'bin' and step 0.97 ... OK
Create profile matrix with method 'bin' and step 0.97 ... OK
Create profile matrix with method 'bin' and step 0.97 ... OK
Create profile matrix with method 'bin' and step 0.97 ... OK
Create profile matrix with method 'bin' and step 0.97 ... OK
Create profile matrix with method 'bin' and step 0.97 ... OK
Create profile matrix with method 'bin' and step 0.97 ... OK
Create profile matrix with method 'bin' and step 0.97 ... OK
Processing 599745 mz slices ... OK
Create profile matrix with method 'bin' and step 0.73 ... OK
Create profile matrix with method 'bin' and step 0.73 ... OK
Create profile matrix with method 'bin' and step 0.73 ... OK
Create profile matrix with method 'bin' and step 0.73 ... OK
Create profile matrix with method 'bin' and step 0.73 ... OK
Create profile matrix with method 'bin' and step 0.73 ... OK
Create profile matrix with method 'bin' and step 0.73 ... OK
Create profile matrix with method 'bin' and step 0.73 ... OK
Processing 599745 mz slices ... OK
Create profile matrix with method 'bin' and step 0.73 ... OK
Create profile matrix with method 'bin' and step 0.73 ... OK
Create profile matrix with method 'bin' and step 0.73 ... OK
Create profile matrix with method 'bin' and step 0.73 ... OK
Create profile matrix with method 'bin' and step 0.73 ... OK
Create profile matrix with method 'bin' and step 0.73 ... OK
Create profile matrix with method 'bin' and step 0.73 ... OK
Create profile matrix with method 'bin' and step 0.73 ... OK
Processing 599745 mz slices ... OK
Create profile matrix with method 'bin' and step 0.73 ... OK
Create profile matrix with method 'bin' and step 0.73 ... OK
Create profile matrix with method 'bin' and step 0.73 ... OK
Create profile matrix with method 'bin' and step 0.73 ... OK
Create profile matrix with method 'bin' and step 0.73 ... OK
Create profile matrix with method 'bin' and step 0.73 ... OK
Create profile matrix with method 'bin' and step 0.73 ... OK
Create profile matrix with method 'bin' and step 0.73 ... OK
Processing 599745 mz slices ... OK
Create profile matrix with method 'bin' and step 0.73 ... OK
Create profile matrix with method 'bin' and step 0.73 ... OK
Create profile matrix with method 'bin' and step 0.73 ... OK
Create profile matrix with method 'bin' and step 0.73 ... OK
Create profile matrix with method 'bin' and step 0.73 ... OK
Create profile matrix with method 'bin' and step 0.73 ... OK
Create profile matrix with method 'bin' and step 0.73 ... OK
Create profile matrix with method 'bin' and step 0.73 ... OK
Processing 599745 mz slices ... OK
Create profile matrix with method 'bin' and step 0.97 ... OK
Create profile matrix with method 'bin' and step 0.97 ... OK
Create profile matrix with method 'bin' and step 0.97 ... OK
Create profile matrix with method 'bin' and step 0.97 ... OK
Create profile matrix with method 'bin' and step 0.97 ... OK
Create profile matrix with method 'bin' and step 0.97 ... OK
Create profile matrix with method 'bin' and step 0.97 ... OK
Create profile matrix with method 'bin' and step 0.97 ... OK
Processing 599745 mz slices ... OK
Create profile matrix with method 'bin' and step 0.97 ... OK
Create profile matrix with method 'bin' and step 0.97 ... OK
Create profile matrix with method 'bin' and step 0.97 ... OK
Create profile matrix with method 'bin' and step 0.97 ... OK
Create profile matrix with method 'bin' and step 0.97 ... OK
Create profile matrix with method 'bin' and step 0.97 ... OK
Create profile matrix with method 'bin' and step 0.97 ... OK
Create profile matrix with method 'bin' and step 0.97 ... OK
Processing 599745 mz slices ... OK
Create profile matrix with method 'bin' and step 0.97 ... OK
Create profile matrix with method 'bin' and step 0.97 ... OK
Create profile matrix with method 'bin' and step 0.97 ... OK
Create profile matrix with method 'bin' and step 0.97 ... OK
Create profile matrix with method 'bin' and step 0.97 ... OK
Create profile matrix with method 'bin' and step 0.97 ... OK
Create profile matrix with method 'bin' and step 0.97 ... OK
Create profile matrix with method 'bin' and step 0.97 ... OK
Processing 599745 mz slices ... OK
Create profile matrix with method 'bin' and step 0.97 ... OK
Create profile matrix with method 'bin' and step 0.97 ... OK
Create profile matrix with method 'bin' and step 0.97 ... OK
Create profile matrix with method 'bin' and step 0.97 ... OK
Create profile matrix with method 'bin' and step 0.97 ... OK
Create profile matrix with method 'bin' and step 0.97 ... OK
Create profile matrix with method 'bin' and step 0.97 ... OK
Create profile matrix with method 'bin' and step 0.97 ... OK
Processing 599745 mz slices ... OK
Create profile matrix with method 'bin' and step 0.73 ... OK
Create profile matrix with method 'bin' and step 0.73 ... OK
Create profile matrix with method 'bin' and step 0.73 ... OK
Create profile matrix with method 'bin' and step 0.73 ... OK
Create profile matrix with method 'bin' and step 0.73 ... OK
Create profile matrix with method 'bin' and step 0.73 ... OK
Create profile matrix with method 'bin' and step 0.73 ... OK
Create profile matrix with method 'bin' and step 0.73 ... OK
Processing 66640 mz slices ... OK
Create profile matrix with method 'bin' and step 0.73 ... OK
Create profile matrix with method 'bin' and step 0.73 ... OK
Create profile matrix with method 'bin' and step 0.73 ... OK
Create profile matrix with method 'bin' and step 0.73 ... OK
Create profile matrix with method 'bin' and step 0.73 ... OK
Create profile matrix with method 'bin' and step 0.73 ... OK
Create profile matrix with method 'bin' and step 0.73 ... OK
Create profile matrix with method 'bin' and step 0.73 ... OK
Processing 66640 mz slices ... OK
Create profile matrix with method 'bin' and step 0.73 ... OK
Create profile matrix with method 'bin' and step 0.73 ... OK
Create profile matrix with method 'bin' and step 0.73 ... OK
Create profile matrix with method 'bin' and step 0.73 ... OK
Create profile matrix with method 'bin' and step 0.73 ... OK
Create profile matrix with method 'bin' and step 0.73 ... OK
Create profile matrix with method 'bin' and step 0.73 ... OK
Create profile matrix with method 'bin' and step 0.73 ... OK
Processing 66640 mz slices ... OK
Create profile matrix with method 'bin' and step 0.73 ... OK
Create profile matrix with method 'bin' and step 0.73 ... OK
Create profile matrix with method 'bin' and step 0.73 ... OK
Create profile matrix with method 'bin' and step 0.73 ... OK
Create profile matrix with method 'bin' and step 0.73 ... OK
Create profile matrix with method 'bin' and step 0.73 ... OK
Create profile matrix with method 'bin' and step 0.73 ... OK
Create profile matrix with method 'bin' and step 0.73 ... OK
Processing 66640 mz slices ... OK
Create profile matrix with method 'bin' and step 0.97 ... OK
Create profile matrix with method 'bin' and step 0.97 ... OK
Create profile matrix with method 'bin' and step 0.97 ... OK
Create profile matrix with method 'bin' and step 0.97 ... OK
Create profile matrix with method 'bin' and step 0.97 ... OK
Create profile matrix with method 'bin' and step 0.97 ... OK
Create profile matrix with method 'bin' and step 0.97 ... OK
Create profile matrix with method 'bin' and step 0.97 ... OK
Processing 66640 mz slices ... OK
Create profile matrix with method 'bin' and step 0.97 ... OK
Create profile matrix with method 'bin' and step 0.97 ... OK
Create profile matrix with method 'bin' and step 0.97 ... OK
Create profile matrix with method 'bin' and step 0.97 ... OK
Create profile matrix with method 'bin' and step 0.97 ... OK
Create profile matrix with method 'bin' and step 0.97 ... OK
Create profile matrix with method 'bin' and step 0.97 ... OK
Create profile matrix with method 'bin' and step 0.97 ... OK
Processing 66640 mz slices ... OK
Create profile matrix with method 'bin' and step 0.97 ... OK
Create profile matrix with method 'bin' and step 0.97 ... OK
Create profile matrix with method 'bin' and step 0.97 ... OK
Create profile matrix with method 'bin' and step 0.97 ... OK
Create profile matrix with method 'bin' and step 0.97 ... OK
Create profile matrix with method 'bin' and step 0.97 ... OK
Create profile matrix with method 'bin' and step 0.97 ... OK
Create profile matrix with method 'bin' and step 0.97 ... OK
Processing 66640 mz slices ... OK
Create profile matrix with method 'bin' and step 0.97 ... OK
Create profile matrix with method 'bin' and step 0.97 ... OK
Create profile matrix with method 'bin' and step 0.97 ... OK
Create profile matrix with method 'bin' and step 0.97 ... OK
Create profile matrix with method 'bin' and step 0.97 ... OK
Create profile matrix with method 'bin' and step 0.97 ... OK
Create profile matrix with method 'bin' and step 0.97 ... OK
Create profile matrix with method 'bin' and step 0.97 ... OK
Processing 66640 mz slices ... OK
Create profile matrix with method 'bin' and step 0.73 ... OK
Create profile matrix with method 'bin' and step 0.73 ... OK
Create profile matrix with method 'bin' and step 0.73 ... OK
Create profile matrix with method 'bin' and step 0.73 ... OK
Create profile matrix with method 'bin' and step 0.73 ... OK
Create profile matrix with method 'bin' and step 0.73 ... OK
Create profile matrix with method 'bin' and step 0.73 ... OK
Create profile matrix with method 'bin' and step 0.73 ... OK
Processing 66640 mz slices ... OK
Create profile matrix with method 'bin' and step 0.73 ... OK
Create profile matrix with method 'bin' and step 0.73 ... OK
Create profile matrix with method 'bin' and step 0.73 ... OK
Create profile matrix with method 'bin' and step 0.73 ... OK
Create profile matrix with method 'bin' and step 0.73 ... OK
Create profile matrix with method 'bin' and step 0.73 ... OK
Create profile matrix with method 'bin' and step 0.73 ... OK
Create profile matrix with method 'bin' and step 0.73 ... OK
Processing 66640 mz slices ... OK
Create profile matrix with method 'bin' and step 0.73 ... OK
Create profile matrix with method 'bin' and step 0.73 ... OK
Create profile matrix with method 'bin' and step 0.73 ... OK
Create profile matrix with method 'bin' and step 0.73 ... OK
Create profile matrix with method 'bin' and step 0.73 ... OK
Create profile matrix with method 'bin' and step 0.73 ... OK
Create profile matrix with method 'bin' and step 0.73 ... OK
Create profile matrix with method 'bin' and step 0.73 ... OK
Processing 66640 mz slices ... OK
Create profile matrix with method 'bin' and step 0.73 ... OK
Create profile matrix with method 'bin' and step 0.73 ... OK
Create profile matrix with method 'bin' and step 0.73 ... OK
Create profile matrix with method 'bin' and step 0.73 ... OK
Create profile matrix with method 'bin' and step 0.73 ... OK
Create profile matrix with method 'bin' and step 0.73 ... OK
Create profile matrix with method 'bin' and step 0.73 ... OK
Create profile matrix with method 'bin' and step 0.73 ... OK
Processing 66640 mz slices ... OK
Create profile matrix with method 'bin' and step 0.97 ... OK
Create profile matrix with method 'bin' and step 0.97 ... OK
Create profile matrix with method 'bin' and step 0.97 ... OK
Create profile matrix with method 'bin' and step 0.97 ... OK
Create profile matrix with method 'bin' and step 0.97 ... OK
Create profile matrix with method 'bin' and step 0.97 ... OK
Create profile matrix with method 'bin' and step 0.97 ... OK
Create profile matrix with method 'bin' and step 0.97 ... OK
Processing 66640 mz slices ... OK
Create profile matrix with method 'bin' and step 0.97 ... OK
Create profile matrix with method 'bin' and step 0.97 ... OK
Create profile matrix with method 'bin' and step 0.97 ... OK
Create profile matrix with method 'bin' and step 0.97 ... OK
Create profile matrix with method 'bin' and step 0.97 ... OK
Create profile matrix with method 'bin' and step 0.97 ... OK
Create profile matrix with method 'bin' and step 0.97 ... OK
Create profile matrix with method 'bin' and step 0.97 ... OK
Processing 66640 mz slices ... OK
Create profile matrix with method 'bin' and step 0.97 ... OK
Create profile matrix with method 'bin' and step 0.97 ... OK
Create profile matrix with method 'bin' and step 0.97 ... OK
Create profile matrix with method 'bin' and step 0.97 ... OK
Create profile matrix with method 'bin' and step 0.97 ... OK
Create profile matrix with method 'bin' and step 0.97 ... OK
Create profile matrix with method 'bin' and step 0.97 ... OK
Create profile matrix with method 'bin' and step 0.97 ... OK
Processing 66640 mz slices ... OK
Create profile matrix with method 'bin' and step 0.97 ... OK
Create profile matrix with method 'bin' and step 0.97 ... OK
Create profile matrix with method 'bin' and step 0.97 ... OK
Create profile matrix with method 'bin' and step 0.97 ... OK
Create profile matrix with method 'bin' and step 0.97 ... OK
Create profile matrix with method 'bin' and step 0.97 ... OK
Create profile matrix with method 'bin' and step 0.97 ... OK
Create profile matrix with method 'bin' and step 0.97 ... OK
Processing 66640 mz slices ... OK
Create profile matrix with method 'bin' and step 0.85 ... OK
Create profile matrix with method 'bin' and step 0.85 ... OK
Create profile matrix with method 'bin' and step 0.85 ... OK
Create profile matrix with method 'bin' and step 0.85 ... OK
Create profile matrix with method 'bin' and step 0.85 ... OK
Create profile matrix with method 'bin' and step 0.85 ... OK
Create profile matrix with method 'bin' and step 0.85 ... OK
Create profile matrix with method 'bin' and step 0.85 ... OK
Processing 119950 mz slices ... OK
Create profile matrix with method 'bin' and step 0.85 ... OK
Create profile matrix with method 'bin' and step 0.85 ... OK
Create profile matrix with method 'bin' and step 0.85 ... OK
Create profile matrix with method 'bin' and step 0.85 ... OK
Create profile matrix with method 'bin' and step 0.85 ... OK
Create profile matrix with method 'bin' and step 0.85 ... OK
Create profile matrix with method 'bin' and step 0.85 ... OK
Create profile matrix with method 'bin' and step 0.85 ... OK
Processing 119950 mz slices ... OK
Create profile matrix with method 'bin' and step 0.85 ... OK
Create profile matrix with method 'bin' and step 0.85 ... OK
Create profile matrix with method 'bin' and step 0.85 ... OK
Create profile matrix with method 'bin' and step 0.85 ... OK
Create profile matrix with method 'bin' and step 0.85 ... OK
Create profile matrix with method 'bin' and step 0.85 ... OK
Create profile matrix with method 'bin' and step 0.85 ... OK
Create profile matrix with method 'bin' and step 0.85 ... OK
Processing 119950 mz slices ... OK
Create profile matrix with method 'bin' and step 0.85 ... OK
Create profile matrix with method 'bin' and step 0.85 ... OK
Create profile matrix with method 'bin' and step 0.85 ... OK
Create profile matrix with method 'bin' and step 0.85 ... OK
Create profile matrix with method 'bin' and step 0.85 ... OK
Create profile matrix with method 'bin' and step 0.85 ... OK
Create profile matrix with method 'bin' and step 0.85 ... OK
Create profile matrix with method 'bin' and step 0.85 ... OK
Processing 119950 mz slices ... OK
Create profile matrix with method 'bin' and step 0.85 ... OK
Create profile matrix with method 'bin' and step 0.85 ... OK
Create profile matrix with method 'bin' and step 0.85 ... OK
Create profile matrix with method 'bin' and step 0.85 ... OK
Create profile matrix with method 'bin' and step 0.85 ... OK
Create profile matrix with method 'bin' and step 0.85 ... OK
Create profile matrix with method 'bin' and step 0.85 ... OK
Create profile matrix with method 'bin' and step 0.85 ... OK
Processing 119950 mz slices ... OK
Create profile matrix with method 'bin' and step 0.73 ... OK
Create profile matrix with method 'bin' and step 0.73 ... OK
Create profile matrix with method 'bin' and step 0.73 ... OK
Create profile matrix with method 'bin' and step 0.73 ... OK
Create profile matrix with method 'bin' and step 0.73 ... OK
Create profile matrix with method 'bin' and step 0.73 ... OK
Create profile matrix with method 'bin' and step 0.73 ... OK
Create profile matrix with method 'bin' and step 0.73 ... OK
Processing 119950 mz slices ... OK
Create profile matrix with method 'bin' and step 0.97 ... OK
Create profile matrix with method 'bin' and step 0.97 ... OK
Create profile matrix with method 'bin' and step 0.97 ... OK
Create profile matrix with method 'bin' and step 0.97 ... OK
Create profile matrix with method 'bin' and step 0.97 ... OK
Create profile matrix with method 'bin' and step 0.97 ... OK
Create profile matrix with method 'bin' and step 0.97 ... OK
Create profile matrix with method 'bin' and step 0.97 ... OK
Processing 119950 mz slices ... 