center sample:  1050_P 
Processing: 1011_P  1067_P  1004_P  1039_P  
center sample:  1050_P 
Processing: 1011_P  1067_P  1004_P  1039_P  
center sample:  1050_P 
Processing: 1011_P  1067_P  1004_P  1039_P  
center sample:  1050_P 
Processing: 1011_P  1067_P  1004_P  1039_P  
center sample:  1050_P 
Processing: 1011_P  1067_P  1004_P  1039_P  
center sample:  1050_P 
Processing: 1011_P  1067_P  1004_P  1039_P  
center sample:  1050_P 
Processing: 1011_P  1067_P  1004_P  1039_P  
center sample:  1050_P 
Processing: 1011_P  1067_P  1004_P  1039_P  
center sample:  1050_P 
Processing: 1011_P  1067_P  1004_P  1039_P  
center sample:  1050_P 
Processing: 1011_P  1067_P  1004_P  1039_P  
center sample:  1050_P 
Processing: 1011_P  1067_P  1004_P  1039_P  
center sample:  1050_P 
Processing: 1011_P  1067_P  1004_P  1039_P  
center sample:  1050_P 
Processing: 1011_P  1067_P  1004_P  1039_P  
center sample:  1050_P 
Processing: 1011_P  1067_P  1004_P  1039_P  
center sample:  1050_P 
Processing: 1011_P  1067_P  1004_P  1039_P  
center sample:  1050_P 
Processing: 1011_P  1067_P  1004_P  1039_P  
center sample:  1050_P 
Processing: 1011_P  1067_P  1004_P  1039_P  
center sample:  1050_P 
Processing: 1011_P  1067_P  1004_P  1039_P  
center sample:  1050_P 
Processing: 1011_P  1067_P  1004_P  1039_P  
center sample:  1050_P 
Processing: 1011_P  1067_P  1004_P  1039_P  
center sample:  1050_P 
Processing: 1011_P  1067_P  1004_P  1039_P  
center sample:  1050_P 
Processing: 1011_P  1067_P  1004_P  1039_P  
center sample:  1050_P 
Processing: 1011_P  1067_P  1004_P  1039_P  
center sample:  1050_P 
Processing: 1011_P  1067_P  1004_P  1039_P  
center sample:  1050_P 
Processing: 1011_P  1067_P  1004_P  1039_P  
center sample:  1050_P 
Processing: 1011_P  1067_P  1004_P  1039_P  
center sample:  1050_P 
Processing: 1011_P  1067_P  1004_P  1039_P  
center sample:  1050_P 
Processing: 1011_P  1067_P  1004_P  1039_P  
center sample:  1050_P 
Processing: 1011_P  1067_P  1004_P  1039_P  
center sample:  1050_P 
Processing: 1011_P  1067_P  1004_P  1039_P  
center sample:  1050_P 
Processing: 1011_P  1067_P  1004_P  1039_P  
center sample:  1050_P 
Processing: 1011_P  1067_P  1004_P  1039_P  
center sample:  1050_P 
Processing: 1011_P  1067_P  1004_P  1039_P  
center sample:  1050_P 
Processing: 1011_P  1067_P  1004_P  1039_P  
center sample:  1050_P 
Processing: 1011_P  1067_P  1004_P  1039_P  
center sample:  1050_P 
Processing: 1011_P  1067_P  1004_P  1039_P  
center sample:  1050_P 
Processing: 1011_P  1067_P  1004_P  1039_P  
center sample:  1050_P 
Processing: 1011_P  1067_P  1004_P  1039_P  
center sample:  1050_P 
Processing: 1011_P  1067_P  1004_P  1039_P  
center sample:  1050_P 
Processing: 1011_P  1067_P  1004_P  1039_P  
center sample:  1050_P 
Processing: 1011_P  1067_P  1004_P  1039_P  
center sample:  1050_P 
Processing: 1011_P  1067_P  1004_P  1039_P  
center sample:  1050_P 
Processing: 1011_P  1067_P  1004_P  1039_P  
center sample:  1050_P 
Processing: 1011_P  1067_P  1004_P  1039_P  
center sample:  1050_P 
Processing: 1011_P  1067_P  1004_P  1039_P  
center sample:  1050_P 
Processing: 1011_P  1067_P  1004_P  1039_P  
center sample:  1050_P 
Processing: 1011_P  1067_P  1004_P  1039_P  
center sample:  1050_P 
Processing: 1011_P  1067_P  1004_P  1039_P  
center sample:  1050_P 
Processing: 1011_P  1067_P  1004_P  1039_P  
center sample:  1050_P 
Processing: 1011_P  1067_P  1004_P  1039_P  
center sample:  1050_P 
Processing: 1011_P  1067_P  1004_P  1039_P  
center sample:  1050_P 
Processing: 1011_P  1067_P  1004_P  1039_P  
center sample:  1050_P 
Processing: 1011_P  1067_P  1004_P  1039_P  
center sample:  1050_P 
Processing: 1011_P  1067_P  1004_P  1039_P  
center sample:  1050_P 
Processing: 1011_P  1067_P  1004_P  1039_P  
center sample:  1050_P 
Processing: 1011_P  1067_P  1004_P  1039_P  
center sample:  1050_P 
Processing: 1011_P  1067_P  1004_P  1039_P  
center sample:  1050_P 
Processing: 1011_P  1067_P  1004_P  1039_P  
center sample:  1050_P 
Processing: 1011_P  1067_P  1004_P  1039_P  
center sample:  1050_P 
Processing: 1011_P  1067_P  1004_P  1039_P  
center sample:  1050_P 
Processing: 1011_P  1067_P  1004_P  1039_P  
center sample:  1050_P 
Processing: 1011_P  1067_P  1004_P  1039_P  
center sample:  1050_P 
Processing: 1011_P  1067_P  1004_P  1039_P  
center sample:  1050_P 
Processing: 1011_P  1067_P  1004_P  1039_P  
center sample:  1050_P 
Processing: 1011_P  1067_P  1004_P  1039_P  
center sample:  1050_P 
Processing: 1011_P  1067_P  1004_P  1039_P  
center sample:  1050_P 
Processing: 1011_P  1067_P  1004_P  1039_P  
center sample:  1050_P 
Processing: 1011_P  1067_P  1004_P  1039_P  
center sample:  1050_P 
Processing: 1011_P  1067_P  1004_P  1039_P  
center sample:  1050_P 
Processing: 1011_P  1067_P  1004_P  1039_P  
center sample:  1050_P 
Processing: 1011_P  1067_P  1004_P  1039_P  
center sample:  1050_P 
Processing: 1011_P  1067_P  1004_P  1039_P  
center sample:  1050_P 
Processing: 1011_P  1067_P  1004_P  1039_P  
center sample:  1050_P 
Processing: 1011_P  1067_P  1004_P  1039_P  
center sample:  1050_P 
Processing: 1011_P  1067_P  1004_P  1039_P  
center sample:  1050_P 
Processing: 1011_P  1067_P  1004_P  1039_P  
center sample:  1050_P 
Processing: 1011_P  1067_P  1004_P  1039_P  
center sample:  1050_P 
Processing: 1011_P  1067_P  1004_P  1039_P  
center sample:  1050_P 
Processing: 1011_P  1067_P  1004_P  1039_P  
center sample:  1050_P 
Processing: 1011_P  1067_P  1004_P  1039_P  
center sample:  1050_P 
Processing: 1011_P  1067_P  1004_P  1039_P  
center sample:  1050_P 
Processing: 1011_P  1067_P  1004_P  1039_P  
center sample:  1050_P 
Processing: 1011_P  1067_P  1004_P  1039_P  
center sample:  1050_P 
Processing: 1011_P  1067_P  1004_P  1039_P  
center sample:  1050_P 
Processing: 1011_P  1067_P  1004_P  1039_P  
center sample:  1050_P 
Processing: 1011_P  1067_P  1004_P  1039_P  
center sample:  1050_P 
Processing: 1011_P  1067_P  1004_P  1039_P  
center sample:  1050_P 
Processing: 1011_P  1067_P  1004_P  1039_P  
center sample:  1050_P 
Processing: 1011_P  1067_P  1004_P  1039_P  
center sample:  1050_P 
Processing: 1011_P  1067_P  1004_P  1039_P  
center sample:  1050_P 
Processing: 1011_P  1067_P  1004_P  1039_P  
center sample:  1050_P 
Processing: 1011_P  1067_P  1004_P  1039_P  
center sample:  1050_P 
Processing: 1011_P  1067_P  1004_P  1039_P  
center sample:  1050_P 
Processing: 1011_P  1067_P  1004_P  1039_P  
center sample:  1050_P 
Processing: 1011_P  1067_P  1004_P  1039_P  
center sample:  1050_P 
Processing: 1011_P  1067_P  1004_P  1039_P  
center sample:  1050_P 
Processing: 1011_P  1067_P  1004_P  1039_P  
center sample:  1050_P 
Processing: 1011_P  1067_P  1004_P  1039_P  
center sample:  1050_P 
Processing: 1011_P  1067_P  1004_P  1039_P  
center sample:  1050_P 
Processing: 1011_P  1067_P  1004_P  1039_P  
center sample:  1050_P 
Processing: 1011_P  1067_P  1004_P  1039_P  
center sample:  1050_P 
Processing: 1011_P  1067_P  1004_P  1039_P  
center sample:  1050_P 
Processing: 1011_P  1067_P  1004_P  1039_P  
center sample:  1050_P 
Processing: 1011_P  1067_P  1004_P  1039_P  
center sample:  1050_P 
Processing: 1011_P  1067_P  1004_P  1039_P  
center sample:  1050_P 
Processing: 1011_P  1067_P  1004_P  1039_P  
center sample:  1050_P 
Processing: 1011_P  1067_P  1004_P  1039_P  
center sample:  1050_P 
Processing: 1011_P  1067_P  1004_P  1039_P  
center sample:  1050_P 
Processing: 1011_P  1067_P  1004_P  1039_P  
center sample:  1050_P 
Processing: 1011_P  1067_P  1004_P  1039_P  
center sample:  1050_P 
Processing: 1011_P  1067_P  1004_P  1039_P  
center sample:  1050_P 
Processing: 1011_P  1067_P  1004_P  1039_P  
center sample:  1050_P 
Processing: 1011_P  1067_P  1004_P  1039_P  
center sample:  1050_P 
Processing: 1011_P  1067_P  1004_P  1039_P  
center sample:  1050_P 
Processing: 1011_P  1067_P  1004_P  1039_P  
center sample:  1050_P 
Processing: 1011_P  1067_P  1004_P  1039_P  
center sample:  1050_P 
Processing: 1011_P  1067_P  1004_P  1039_P  
center sample:  1050_P 
Processing: 1011_P  1067_P  1004_P  1039_P  
center sample:  1050_P 
Processing: 1011_P  1067_P  1004_P  1039_P  
center sample:  1050_P 
Processing: 1011_P  1067_P  1004_P  1039_P  
center sample:  1050_P 
Processing: 1011_P  1067_P  1004_P  1039_P  
center sample:  1050_P 
Processing: 1011_P  1067_P  1004_P  1039_P  
center sample:  1050_P 
Processing: 1011_P  1067_P  1004_P  1039_P  
center sample:  1050_P 
Processing: 1011_P  1067_P  1004_P  1039_P  
center sample:  1050_P 
Processing: 1011_P  1067_P  1004_P  1039_P  
center sample:  1050_P 
Processing: 1011_P  1067_P  1004_P  1039_P  
center sample:  1050_P 
Processing: 1011_P  1067_P  1004_P  1039_P  
center sample:  1050_P 
Processing: 1011_P  1067_P  1004_P  1039_P  
center sample:  1050_P 
Processing: 1011_P  1067_P  1004_P  1039_P  
center sample:  1050_P 
Processing: 1011_P  1067_P  1004_P  1039_P  
center sample:  1050_P 
Processing: 1011_P  1067_P  1004_P  1039_P  
center sample:  1050_P 
Processing: 1011_P  1067_P  1004_P  1039_P  
center sample:  1050_P 
Processing: 1011_P  1067_P  1004_P  1039_P  
center sample:  1050_P 
Processing: 1011_P  1067_P  1004_P  1039_P  
center sample:  1050_P 
Processing: 1011_P  1067_P  1004_P  1039_P  
 interest ... OK: 8849 found.
60
Detecting mass traces at 17 ppm ... OK
Detecting chromatographic peaks in 9121 regions of interest ... OK: 1952 found.
61
Detecting mass traces at 32 ppm ... OK
Detecting chromatographic peaks in 37072 regions of interest ... OK: 9270 found.
62
Detecting mass traces at 32 ppm ... OK
Detecting chromatographic peaks in 10067 regions of interest ... OK: 1885 found.
63
Detecting mass traces at 32 ppm ... OK
Detecting chromatographic peaks in 37072 regions of interest ... OK: 9606 found.
64
Detecting mass traces at 32 ppm ... OK
Detecting chromatographic peaks in 10067 regions of interest ... OK: 2072 found.
65
Detecting mass traces at 24.5 ppm ... OK
Detecting chromatographic peaks in 15165 regions of interest ... OK: 3608 found.
66
Detecting mass traces at 24.5 ppm ... OK
Detecting chromatographic peaks in 34663 regions of interest ... OK: 9287 found.
67
Detecting mass traces at 24.5 ppm ... OK
Detecting chromatographic peaks in 9502 regions of interest ... OK: 2032 found.
68
Detecting mass traces at 24.5 ppm ... OK
Detecting chromatographic peaks in 15165 regions of interest ... OK: 3524 found.
69
Detecting mass traces at 24.5 ppm ... OK
Detecting chromatographic peaks in 15165 regions of interest ... OK: 3734 found.
70
Detecting mass traces at 17 ppm ... OK
Detecting chromatographic peaks in 14618 regions of interest ... OK: 3419 found.
71
Detecting mass traces at 32 ppm ... OK
Detecting chromatographic peaks in 15935 regions of interest ... OK: 3552 found.
72
Detecting mass traces at 24.5 ppm ... OK
Detecting chromatographic peaks in 15165 regions of interest ... OK: 3744 found.
73
Detecting mass traces at 24.5 ppm ... OK
Detecting chromatographic peaks in 15165 regions of interest ... OK: 3565 found.
74
Detecting mass traces at 24.5 ppm ... OK
Detecting chromatographic peaks in 15165 regions of interest ... OK: 3608 found.
75
Detecting mass traces at 24.5 ppm ... OK
Detecting chromatographic peaks in 15165 regions of interest ... OK: 3608 found.
76
Detecting mass traces at 24.5 ppm ... OK
Detecting chromatographic peaks in 15165 regions of interest ... OK: 3608 found.
77
Detecting mass traces at 24.5 ppm ... OK
Detecting chromatographic peaks in 15165 regions of interest ... OK: 3608 found.
78
Detecting mass traces at 24.5 ppm ... OK
Detecting chromatographic peaks in 15165 regions of interest ... OK: 3608 found.
Detecting mass traces at 17 ppm ... OK
Detecting chromatographic peaks in 33126 regions of interest ... OK: 8945 found.



starting new DoE with:
min_peakwidth: c(4, 20)
max_peakwidth: c(50, 80)
ppm: c(9.5, 24.5)
mzdiff: c(0.0012, 0.01)
noise: c(54.5, 450.5)
value_of_prefilter: c(54.5, 450.5)
snthresh: 10
prefilter: 3
mzCenterFun: wMean
integrate: 2
fitgauss: FALSE
verbose.columns: TRUE

1
Detecting mass traces at 9.5 ppm ... OK
Detecting chromatographic peaks in 66402 regions of interest ... OK: 15041 found.
2
Detecting mass traces at 9.5 ppm ... OK
Detecting chromatographic peaks in 13745 regions of interest ... OK: 3356 found.
3
Detecting mass traces at 9.5 ppm ... OK
Detecting chromatographic peaks in 66402 regions of interest ... OK: 14926 found.
4
Detecting mass traces at 9.5 ppm ... OK
Detecting chromatographic peaks in 13745 regions of interest ... OK: 3530 found.
5
Detecting mass traces at 24.5 ppm ... OK
Detecting chromatographic peaks in 79040 regions of interest ... OK: 17625 found.
6
Detecting mass traces at 24.5 ppm ... OK
Detecting chromatographic peaks in 15165 regions of interest ... OK: 3624 found.
7
Detecting mass traces at 24.5 ppm ... OK
Detecting chromatographic peaks in 79040 regions of interest ... OK: 17729 found.
8
Detecting mass traces at 24.5 ppm ... OK
Detecting chromatographic peaks in 15165 regions of interest ... OK: 3796 found.
9
Detecting mass traces at 9.5 ppm ... OK
Detecting chromatographic peaks in 66402 regions of interest ... OK: 14772 found.
10
Detecting mass traces at 9.5 ppm ... OK
Detecting chromatographic peaks in 13745 regions of interest ... OK: 3285 found.
11
Detecting mass traces at 9.5 ppm ... OK
Detecting chromatographic peaks in 66402 regions of interest ... OK: 14644 found.
12
Detecting mass traces at 9.5 ppm ... OK
Detecting chromatographic peaks in 13745 regions of interest ... OK: 3456 found.
13
Detecting mass traces at 24.5 ppm ... OK
Detecting chromatographic peaks in 79040 regions of interest ... OK: 17386 found.
14
Detecting mass traces at 24.5 ppm ... OK
Detecting chromatographic peaks in 15165 regions of interest ... OK: 3565 found.
15
Detecting mass traces at 24.5 ppm ... OK
Detecting chromatographic peaks in 79040 regions of interest ... OK: 17477 found.
16
Detecting mass traces at 24.5 ppm ... OK
Detecting chromatographic peaks in 15165 regions of interest ... OK: 3735 found.
17
Detecting mass traces at 9.5 ppm ... OK
Detecting chromatographic peaks in 66402 regions of interest ... OK: 15041 found.
18
Detecting mass traces at 9.5 ppm ... OK
Detecting chromatographic peaks in 13745 regions of interest ... OK: 3356 found.
19
Detecting mass traces at 9.5 ppm ... OK
Detecting chromatographic peaks in 66402 regions of interest ... OK: 14926 found.
20
Detecting mass traces at 9.5 ppm ... OK
Detecting chromatographic peaks in 13745 regions of interest ... OK: 3530 found.
21
Detecting mass traces at 24.5 ppm ... OK
Detecting chromatographic peaks in 79040 regions of interest ... OK: 17625 found.
22
Detecting mass traces at 24.5 ppm ... OK
Detecting chromatographic peaks in 15165 regions of interest ... OK: 3624 found.
23
Detecting mass traces at 24.5 ppm ... OK
Detecting chromatographic peaks in 79040 regions of interest ... OK: 17729 found.
24
Detecting mass traces at 24.5 ppm ... OK
Detecting chromatographic peaks in 15165 regions of interest ... OK: 3796 found.
25
Detecting mass traces at 9.5 ppm ... OK
Detecting chromatographic peaks in 66402 regions of interest ... OK: 14772 found.
26
Detecting mass traces at 9.5 ppm ... OK
Detecting chromatographic peaks in 13745 regions of interest ... OK: 3285 found.
27
Detecting mass traces at 9.5 ppm ... OK
Detecting chromatographic peaks in 66402 regions of interest ... OK: 14644 found.
28
Detecting mass traces at 9.5 ppm ... OK
Detecting chromatographic peaks in 13745 regions of interest ... OK: 3456 found.
29
Detecting mass traces at 24.5 ppm ... OK
Detecting chromatographic peaks in 79040 regions of interest ... OK: 17386 found.
30
Detecting mass traces at 24.5 ppm ... OK
Detecting chromatographic peaks in 15165 regions of interest ... OK: 3565 found.
31
Detecting mass traces at 24.5 ppm ... OK
Detecting chromatographic peaks in 79040 regions of interest ... OK: 17477 found.
32
Detecting mass traces at 24.5 ppm ... OK
Detecting chromatographic peaks in 15165 regions of interest ... OK: 3735 found.
33
Detecting mass traces at 9.5 ppm ... OK
Detecting chromatographic peaks in 66402 regions of interest ... OK: 15041 found.
34
Detecting mass traces at 9.5 ppm ... OK
Detecting chromatographic peaks in 13745 regions of interest ... OK: 3356 found.
35
Detecting mass traces at 9.5 ppm ... OK
Detecting chromatographic peaks in 66402 regions of interest ... OK: 14926 found.
36
Detecting mass traces at 9.5 ppm ... OK
Detecting chromatographic peaks in 13745 regions of interest ... OK: 3530 found.
37
Detecting mass traces at 24.5 ppm ... OK
Detecting chromatographic peaks in 79040 regions of interest ... OK: 17625 found.
38
Detecting mass traces at 24.5 ppm ... OK
Detecting chromatographic peaks in 15165 regions of interest ... OK: 3624 found.
39
Detecting mass traces at 24.5 ppm ... OK
Detecting chromatographic peaks in 79040 regions of interest ... OK: 17729 found.
40
Detecting mass traces at 24.5 ppm ... OK
Detecting chromatographic peaks in 15165 regions of interest ... OK: 3796 found.
41
Detecting mass traces at 9.5 ppm ... OK
Detecting chromatographic peaks in 66402 regions of interest ... OK: 14772 found.
42
Detecting mass traces at 9.5 ppm ... OK
Detecting chromatographic peaks in 13745 regions of interest ... OK: 3285 found.
43
Detecting mass traces at 9.5 ppm ... OK
Detecting chromatographic peaks in 66402 regions of interest ... OK: 14644 found.
44
Detecting mass traces at 9.5 ppm ... OK
Detecting chromatographic peaks in 13745 regions of interest ... OK: 3456 found.
45
Detecting mass traces at 24.5 ppm ... OK
Detecting chromatographic peaks in 79040 regions of interest ... OK: 17386 found.
46
Detecting mass traces at 24.5 ppm ... OK
Detecting chromatographic peaks in 15165 regions of interest ... OK: 3565 found.
47
Detecting mass traces at 24.5 ppm ... OK
Detecting chromatographic peaks in 79040 regions of interest ... OK: 17477 found.
48
Detecting mass traces at 24.5 ppm ... OK
Detecting chromatographic peaks in 15165 regions of interest ... OK: 3735 found.
49
Detecting mass traces at 9.5 ppm ... OK
Detecting chromatographic peaks in 66402 regions of interest ... OK: 15041 found.
50
Detecting mass traces at 9.5 ppm ... OK
Detecting chromatographic peaks in 13745 regions of interest ... OK: 3356 found.
51
Detecting mass traces at 9.5 ppm ... OK
Detecting chromatographic peaks in 66402 regions of interest ... OK: 14926 found.
52
Detecting mass traces at 9.5 ppm ... OK
Detecting chromatographic peaks in 13745 regions of interest ... OK: 3530 found.
53
Detecting mass traces at 24.5 ppm ... OK
Detecting chromatographic peaks in 79040 regions of interest ... OK: 17625 found.
54
Detecting mass traces at 24.5 ppm ... OK
Detecting chromatographic peaks in 15165 regions of interest ... OK: 3624 found.
55
Detecting mass traces at 24.5 ppm ... OK
Detecting chromatographic peaks in 79040 regions of interest ... OK: 17729 found.
56
Detecting mass traces at 24.5 ppm ... OK
Detecting chromatographic peaks in 15165 regions of interest ... OK: 3796 found.
57
Detecting mass traces at 9.5 ppm ... OK
Detecting chromatographic peaks in 66402 regions of interest ... OK: 14772 found.
58
Detecting mass traces at 9.5 ppm ... OK
Detecting chromatographic peaks in 13745 regions of interest ... OK: 3285 found.
59
Detecting mass traces at 9.5 ppm ... OK
Detecting chromatographic peaks in 66402 regions of interest ... OK: 14644 found.
60
Detecting mass traces at 9.5 ppm ... OK
Detecting chromatographic peaks in 13745 regions of interest ... OK: 3456 found.
61
Detecting mass traces at 24.5 ppm ... OK
Detecting chromatographic peaks in 79040 regions of interest ... OK: 17386 found.
62
Detecting mass traces at 24.5 ppm ... OK
Detecting chromatographic peaks in 15165 regions of interest ... OK: 3565 found.
63
Detecting mass traces at 24.5 ppm ... OK
Detecting chromatographic peaks in 79040 regions of interest ... OK: 17477 found.
64
Detecting mass traces at 24.5 ppm ... OK
Detecting chromatographic peaks in 15165 regions of interest ... OK: 3735 found.
65
Detecting mass traces at 17 ppm ... OK
Detecting chromatographic peaks in 33126 regions of interest ... OK: 8945 found.
66
Detecting mass traces at 17 ppm ... OK
Detecting chromatographic peaks in 72477 regions of interest ... OK: 15879 found.
67
Detecting mass traces at 17 ppm ... OK
Detecting chromatographic peaks in 14618 regions of interest ... OK: 3530 found.
68
Detecting mass traces at 17 ppm ... OK
Detecting chromatographic peaks in 33126 regions of interest ... OK: 8833 found.
69
Detecting mass traces at 17 ppm ... OK
Detecting chromatographic peaks in 33126 regions of interest ... OK: 8956 found.
70
Detecting mass traces at 9.5 ppm ... OK
Detecting chromatographic peaks in 31691 regions of interest ... OK: 8717 found.
71
Detecting mass traces at 24.5 ppm ... OK
Detecting chromatographic peaks in 34663 regions of interest ... OK: 9422 found.
72
Detecting mass traces at 17 ppm ... OK
Detecting chromatographic peaks in 33126 regions of interest ... OK: 9032 found.
73
Detecting mass traces at 17 ppm ... OK
Detecting chromatographic peaks in 33126 regions of interest ... OK: 8849 found.
74
Detecting mass traces at 17 ppm ... OK
Detecting chromatographic peaks in 33126 regions of interest ... OK: 8945 found.
75
Detecting mass traces at 17 ppm ... OK
Detecting chromatographic peaks in 33126 regions of interest ... OK: 8945 found.
76
Detecting mass traces at 17 ppm ... OK
Detecting chromatographic peaks in 33126 regions of interest ... OK: 8945 found.
77
Detecting mass traces at 17 ppm ... OK
Detecting chromatographic peaks in 33126 regions of interest ... OK: 8945 found.
78
Detecting mass traces at 17 ppm ... OK
Detecting chromatographic peaks in 33126 regions of interest ... OK: 8945 found.
Detecting mass traces at 12.5 ppm ... OK
Detecting chromatographic peaks in 50503 regions of interest ... OK: 13296 found.



starting new DoE with:
min_peakwidth: c(3, 19)
max_peakwidth: c(57.5, 87.5)
ppm: c(5, 20)
mzdiff: c(-0.0032, 0.0056)
noise: c(1, 397)
value_of_prefilter: c(1, 397)
snthresh: 10
prefilter: 3
mzCenterFun: wMean
integrate: 2
fitgauss: FALSE
verbose.columns: TRUE

1
Detecting mass traces at 5 ppm ... OK
Detecting chromatographic peaks in 60607 regions of interest ... OK: 18009 found.
2
Detecting mass traces at 5 ppm ... OK
Detecting chromatographic peaks in 14402 regions of interest ... OK: 3581 found.
3
Detecting mass traces at 5 ppm ... OK
Detecting chromatographic peaks in 60607 regions of interest ... OK: 25726 found.
4
Detecting mass traces at 5 ppm ... OK
Detecting chromatographic peaks in 14402 regions of interest ... OK: 4486 found.
5
Detecting mass traces at 20 ppm ... OK
Detecting chromatographic peaks in 75156 regions of interest ... OK: 22536 found.
6
Detecting mass traces at 20 ppm ... OK
Detecting chromatographic peaks in 16378 regions of interest ... OK: 4436 found.
7
Detecting mass traces at 20 ppm ... OK
Detecting chromatographic peaks in 75156 regions of interest ... OK: 29197 found.
8
Detecting mass traces at 20 ppm ... OK
Detecting chromatographic peaks in 16378 regions of interest ... OK: 5150 found.
9
Detecting mass traces at 5 ppm ... OK
Detecting chromatographic peaks in 60607 regions of interest ... OK: 12272 found.
10
Detecting mass traces at 5 ppm ... OK
Detecting chromatographic peaks in 14402 regions of interest ... OK: 3486 found.
11
Detecting mass traces at 5 ppm ... OK
Detecting chromatographic peaks in 60607 regions of interest ... OK: 12246 found.
12
Detecting mass traces at 5 ppm ... OK
Detecting chromatographic peaks in 14402 regions of interest ... OK: 3581 found.
13
Detecting mass traces at 20 ppm ... OK
Detecting chromatographic peaks in 75156 regions of interest ... OK: 15037 found.
14
Detecting mass traces at 20 ppm ... OK
Detecting chromatographic peaks in 16378 regions of interest ... OK: 4145 found.
15
Detecting mass traces at 20 ppm ... OK
Detecting chromatographic peaks in 75156 regions of interest ... OK: 15231 found.
16
Detecting mass traces at 20 ppm ... OK
Detecting chromatographic peaks in 16378 regions of interest ... OK: 4214 found.
17
Detecting mass traces at 5 ppm ... OK
Detecting chromatographic peaks in 60607 regions of interest ... OK: 18009 found.
18
Detecting mass traces at 5 ppm ... OK
Detecting chromatographic peaks in 14402 regions of interest ... OK: 3581 found.
19
Detecting mass traces at 5 ppm ... OK
Detecting chromatographic peaks in 60607 regions of interest ... OK: 25726 found.
20
Detecting mass traces at 5 ppm ... OK
Detecting chromatographic peaks in 14402 regions of interest ... OK: 4486 found.
21
Detecting mass traces at 20 ppm ... OK
Detecting chromatographic peaks in 75156 regions of interest ... OK: 22536 found.
22
Detecting mass traces at 20 ppm ... OK
Detecting chromatographic peaks in 16378 regions of interest ... OK: 4436 found.
23
Detecting mass traces at 20 ppm ... OK
Detecting chromatographic peaks in 75156 regions of interest ... OK: 29197 found.
24
Detecting mass traces at 20 ppm ... OK
Detecting chromatographic peaks in 16378 regions of interest ... OK: 5150 found.
25
Detecting mass traces at 5 ppm ... OK
Detecting chromatographic peaks in 60607 regions of interest ... OK: 12272 found.
26
Detecting mass traces at 5 ppm ... OK
Detecting chromatographic peaks in 14402 regions of interest ... OK: 3486 found.
27
Detecting mass traces at 5 ppm ... OK
Detecting chromatographic peaks in 60607 regions of interest ... OK: 12246 found.
28
Detecting mass traces at 5 ppm ... OK
Detecting chromatographic peaks in 14402 regions of interest ... OK: 3581 found.
29
Detecting mass traces at 20 ppm ... OK
Detecting chromatographic peaks in 75156 regions of interest ... OK: 15037 found.
30
Detecting mass traces at 20 ppm ... OK
Detecting chromatographic peaks in 16378 regions of interest ... OK: 4145 found.
31
Detecting mass traces at 20 ppm ... OK
Detecting chromatographic peaks in 75156 regions of interest ... OK: 15231 found.
32
Detecting mass traces at 20 ppm ... OK
Detecting chromatographic peaks in 16378 regions of interest ... OK: 4214 found.
33
Detecting mass traces at 5 ppm ... OK
Detecting chromatographic peaks in 60607 regions of interest ... OK: 18009 found.
34
Detecting mass traces at 5 ppm ... OK
Detecting chromatographic peaks in 14402 regions of interest ... OK: 3581 found.
35
Detecting mass traces at 5 ppm ... OK
Detecting chromatographic peaks in 60607 regions of interest ... OK: 25726 found.
36
Detecting mass traces at 5 ppm ... OK
Detecting chromatographic peaks in 14402 regions of interest ... OK: 4486 found.
37
Detecting mass traces at 20 ppm ... OK
Detecting chromatographic peaks in 75156 regions of interest ... OK: 22536 found.
38
Detecting mass traces at 20 ppm ... OK
Detecting chromatographic peaks in 16378 regions of interest ... OK: 4436 found.
39
Detecting mass traces at 20 ppm ... OK
Detecting chromatographic peaks in 75156 regions of interest ... OK: 29197 found.
40
Detecting mass traces at 20 ppm ... OK
Detecting chromatographic peaks in 16378 regions of interest ... OK: 5150 found.
41
Detecting mass traces at 5 ppm ... OK
Detecting chromatographic peaks in 60607 regions of interest ... OK: 12272 found.
42
Detecting mass traces at 5 ppm ... OK
Detecting chromatographic peaks in 14402 regions of interest ... OK: 3486 found.
43
Detecting mass traces at 5 ppm ... OK
Detecting chromatographic peaks in 60607 regions of interest ... OK: 12246 found.
44
Detecting mass traces at 5 ppm ... OK
Detecting chromatographic peaks in 14402 regions of interest ... OK: 3581 found.
45
Detecting mass traces at 20 ppm ... OK
Detecting chromatographic peaks in 75156 regions of interest ... OK: 15037 found.
46
Detecting mass traces at 20 ppm ... OK
Detecting chromatographic peaks in 16378 regions of interest ... OK: 4145 found.
47
Detecting mass traces at 20 ppm ... OK
Detecting chromatographic peaks in 75156 regions of interest ... OK: 15231 found.
48
Detecting mass traces at 20 ppm ... OK
Detecting chromatographic peaks in 16378 regions of interest ... OK: 4214 found.
49
Detecting mass traces at 5 ppm ... OK
Detecting chromatographic peaks in 60607 regions of interest ... OK: 18009 found.
50
Detecting mass traces at 5 ppm ... OK
Detecting chromatographic peaks in 14402 regions of interest ... OK: 3581 found.
51
Detecting mass traces at 5 ppm ... OK
Detecting chromatographic peaks in 60607 regions of interest ... OK: 25726 found.
52
Detecting mass traces at 5 ppm ... OK
Detecting chromatographic peaks in 14402 regions of interest ... OK: 4486 found.
53
Detecting mass traces at 20 ppm ... OK
Detecting chromatographic peaks in 75156 regions of interest ... OK: 22536 found.
54
Detecting mass traces at 20 ppm ... OK
Detecting chromatographic peaks in 16378 regions of interest ... OK: 4436 found.
55
Detecting mass traces at 20 ppm ... OK
Detecting chromatographic peaks in 75156 regions of interest ... OK: 29197 found.
56
Detecting mass traces at 20 ppm ... OK
Detecting chromatographic peaks in 16378 regions of interest ... OK: 5150 found.
57
Detecting mass traces at 5 ppm ... OK
Detecting chromatographic peaks in 60607 regions of interest ... OK: 12272 found.
58
Detecting mass traces at 5 ppm ... OK
Detecting chromatographic peaks in 14402 regions of interest ... OK: 3486 found.
59
Detecting mass traces at 5 ppm ... OK
Detecting chromatographic peaks in 60607 regions of interest ... OK: 12246 found.
60
Detecting mass traces at 5 ppm ... OK
Detecting chromatographic peaks in 14402 regions of interest ... OK: 3581 found.
61
Detecting mass traces at 20 ppm ... OK
Detecting chromatographic peaks in 75156 regions of interest ... OK: 15037 found.
62
Detecting mass traces at 20 ppm ... OK
Detecting chromatographic peaks in 16378 regions of interest ... OK: 4145 found.
63
Detecting mass traces at 20 ppm ... OK
Detecting chromatographic peaks in 75156 regions of interest ... OK: 15231 found.
64
Detecting mass traces at 20 ppm ... OK
Detecting chromatographic peaks in 16378 regions of interest ... OK: 4214 found.
65
Detecting mass traces at 12.5 ppm ... OK
Detecting chromatographic peaks in 39704 regions of interest ... OK: 10879 found.
66
Detecting mass traces at 12.5 ppm ... OK
Detecting chromatographic peaks in 68720 regions of interest ... OK: 13535 found.
67
Detecting mass traces at 12.5 ppm ... OK
Detecting chromatographic peaks in 15800 regions of interest ... OK: 4034 found.
68
Detecting mass traces at 12.5 ppm ... OK
Detecting chromatographic peaks in 39704 regions of interest ... OK: 10860 found.
69
Detecting mass traces at 12.5 ppm ... OK
Detecting chromatographic peaks in 39704 regions of interest ... OK: 10897 found.
70
Detecting mass traces at 5 ppm ... OK
Detecting chromatographic peaks in 35615 regions of interest ... OK: 9619 found.
71
Detecting mass traces at 20 ppm ... OK
Detecting chromatographic peaks in 41735 regions of interest ... OK: 11305 found.
72
Detecting mass traces at 12.5 ppm ... OK
Detecting chromatographic peaks in 39704 regions of interest ... OK: 13066 found.
73
Detecting mass traces at 12.5 ppm ... OK
Detecting chromatographic peaks in 39704 regions of interest ... OK: 10779 found.
74
Detecting mass traces at 12.5 ppm ... OK
Detecting chromatographic peaks in 39704 regions of interest ... OK: 10879 found.
75
Detecting mass traces at 12.5 ppm ... OK
Detecting chromatographic peaks in 39704 regions of interest ... OK: 10879 found.
76
Detecting mass traces at 12.5 ppm ... OK
Detecting chromatographic peaks in 39704 regions of interest ... OK: 10879 found.
77
Detecting mass traces at 12.5 ppm ... OK
Detecting chromatographic peaks in 39704 regions of interest ... OK: 10879 found.
78
Detecting mass traces at 12.5 ppm ... OK
Detecting chromatographic peaks in 39704 regions of interest ... OK: 10879 found.
Detecting mass traces at 12.5 ppm ... OK
Detecting chromatographic peaks in 39704 regions of interest ... OK: 15329 found.
no increase, stopping
best parameter settings:
min_peakwidth: 10.2
max_peakwidth: 87.5
ppm: 12.5
mzdiff: -0.0032
noise: 1
value_of_prefilter: 1
snthresh: 10
prefilter: 3
mzCenterFun: wMean
integrate: 2
fitgauss: FALSE
verbose.columns: TRUE

Warning message:
In optimizeXcmsSet(files = mz[args$whichFile], params = peakpickingParameters,  :
  IPO (nSlaves-argument) and xcms (BPPARAM-argument) parallelisation cannot be used together! Setting nSlaves to 1
Detecting mass traces at 12.5 ppm ... OK
Detecting chromatographic peaks in 40736 regions of interest ... OK: 16561 found.
Detecting mass traces at 12.5 ppm ... OK
Detecting chromatographic peaks in 36311 regions of interest ... OK: 13738 found.
Detecting mass traces at 12.5 ppm ... OK
Detecting chromatographic peaks in 40328 regions of interest ... OK: 16760 found.
Detecting mass traces at 12.5 ppm ... OK
Detecting chromatographic peaks in 40322 regions of interest ... OK: 16689 found.
Detecting mass traces at 12.5 ppm ... OK
Detecting chromatographic peaks in 41127 regions of interest ... OK: 17096 found.



starting new DoE with:

distFunc: cor_opt
gapInit: c(0, 0.4)
gapExtend: c(2.1, 2.7)
profStep: c(0.7, 1)
plottype: none
response: 1
factorDiag: 2
factorGap: 1
localAlignment: 0
retcorMethod: obiwarp
bw: c(22, 38)
minfrac: 0.05
mzwid: c(0.015, 0.035)
minsamp: 1
max: 50
center: 5

Create profile matrix with method 'bin' and step 0.7 ... OK
Create profile matrix with method 'bin' and step 0.7 ... OK
Create profile matrix with method 'bin' and step 0.7 ... OK
Create profile matrix with method 'bin' and step 0.7 ... OK
Create profile matrix with method 'bin' and step 0.7 ... OK
Create profile matrix with method 'bin' and step 0.7 ... OK
Create profile matrix with method 'bin' and step 0.7 ... OK
Create profile matrix with method 'bin' and step 0.7 ... OK
Processing 119938 mz slices ... OK
Create profile matrix with method 'bin' and step 0.7 ... OK
Create profile matrix with method 'bin' and step 0.7 ... OK
Create profile matrix with method 'bin' and step 0.7 ... OK
Create profile matrix with method 'bin' and step 0.7 ... OK
Create profile matrix with method 'bin' and step 0.7 ... OK
Create profile matrix with method 'bin' and step 0.7 ... OK
Create profile matrix with method 'bin' and step 0.7 ... OK
Create profile matrix with method 'bin' and step 0.7 ... OK
Processing 119938 mz slices ... OK
Create profile matrix with method 'bin' and step 0.7 ... OK
Create profile matrix with method 'bin' and step 0.7 ... OK
Create profile matrix with method 'bin' and step 0.7 ... OK
Create profile matrix with method 'bin' and step 0.7 ... OK
Create profile matrix with method 'bin' and step 0.7 ... OK
Create profile matrix with method 'bin' and step 0.7 ... OK
Create profile matrix with method 'bin' and step 0.7 ... OK
Create profile matrix with method 'bin' and step 0.7 ... OK
Processing 119938 mz slices ... OK
Create profile matrix with method 'bin' and step 0.7 ... OK
Create profile matrix with method 'bin' and step 0.7 ... OK
Create profile matrix with method 'bin' and step 0.7 ... OK
Create profile matrix with method 'bin' and step 0.7 ... OK
Create profile matrix with method 'bin' and step 0.7 ... OK
Create profile matrix with method 'bin' and step 0.7 ... OK
Create profile matrix with method 'bin' and step 0.7 ... OK
Create profile matrix with method 'bin' and step 0.7 ... OK
Processing 119938 mz slices ... OK
Create profile matrix with method 'bin' and step 1 ... OK
Create profile matrix with method 'bin' and step 1 ... OK
Create profile matrix with method 'bin' and step 1 ... OK
Create profile matrix with method 'bin' and step 1 ... OK
Create profile matrix with method 'bin' and step 1 ... OK
Processing 119938 mz slices ... OK
Create profile matrix with method 'bin' and step 1 ... OK
Create profile matrix with method 'bin' and step 1 ... OK
Create profile matrix with method 'bin' and step 1 ... OK
Create profile matrix with method 'bin' and step 1 ... OK
Create profile matrix with method 'bin' and step 1 ... OK
Processing 119938 mz slices ... OK
Create profile matrix with method 'bin' and step 1 ... OK
Create profile matrix with method 'bin' and step 1 ... OK
Create profile matrix with method 'bin' and step 1 ... OK
Create profile matrix with method 'bin' and step 1 ... OK
Create profile matrix with method 'bin' and step 1 ... OK
Processing 119938 mz slices ... OK
Create profile matrix with method 'bin' and step 1 ... OK
Create profile matrix with method 'bin' and step 1 ... OK
Create profile matrix with method 'bin' and step 1 ... OK
Create profile matrix with method 'bin' and step 1 ... OK
Create profile matrix with method 'bin' and step 1 ... OK
Processing 119938 mz slices ... OK
Create profile matrix with method 'bin' and step 0.7 ... OK
Create profile matrix with method 'bin' and step 0.7 ... OK
Create profile matrix with method 'bin' and step 0.7 ... OK
Create profile matrix with method 'bin' and step 0.7 ... OK
Create profile matrix with method 'bin' and step 0.7 ... OK
Create profile matrix with method 'bin' and step 0.7 ... OK
Create profile matrix with method 'bin' and step 0.7 ... OK
Create profile matrix with method 'bin' and step 0.7 ... OK
Processing 119938 mz slices ... OK
Create profile matrix with method 'bin' and step 0.7 ... OK
Create profile matrix with method 'bin' and step 0.7 ... OK
Create profile matrix with method 'bin' and step 0.7 ... OK
Create profile matrix with method 'bin' and step 0.7 ... OK
Create profile matrix with method 'bin' and step 0.7 ... OK
Create profile matrix with method 'bin' and step 0.7 ... OK
Create profile matrix with method 'bin' and step 0.7 ... OK
Create profile matrix with method 'bin' and step 0.7 ... OK
Processing 119938 mz slices ... OK
Create profile matrix with method 'bin' and step 0.7 ... OK
Create profile matrix with method 'bin' and step 0.7 ... OK
Create profile matrix with method 'bin' and step 0.7 ... OK
Create profile matrix with method 'bin' and step 0.7 ... OK
Create profile matrix with method 'bin' and step 0.7 ... OK
Create profile matrix with method 'bin' and step 0.7 ... OK
Create profile matrix with method 'bin' and step 0.7 ... OK
Create profile matrix with method 'bin' and step 0.7 ... OK
Processing 119938 mz slices ... OK
Create profile matrix with method 'bin' and step 0.7 ... OK
Create profile matrix with method 'bin' and step 0.7 ... OK
Create profile matrix with method 'bin' and step 0.7 ... OK
Create profile matrix with method 'bin' and step 0.7 ... OK
Create profile matrix with method 'bin' and step 0.7 ... OK
Create profile matrix with method 'bin' and step 0.7 ... OK
Create profile matrix with method 'bin' and step 0.7 ... OK
Create profile matrix with method 'bin' and step 0.7 ... OK
Processing 119938 mz slices ... OK
Create profile matrix with method 'bin' and step 1 ... OK
Create profile matrix with method 'bin' and step 1 ... OK
Create profile matrix with method 'bin' and step 1 ... OK
Create profile matrix with method 'bin' and step 1 ... OK
Create profile matrix with method 'bin' and step 1 ... OK
Processing 119938 mz slices ... OK
Create profile matrix with method 'bin' and step 1 ... OK
Create profile matrix with method 'bin' and step 1 ... OK
Create profile matrix with method 'bin' and step 1 ... OK
Create profile matrix with method 'bin' and step 1 ... OK
Create profile matrix with method 'bin' and step 1 ... OK
Processing 119938 mz slices ... OK
Create profile matrix with method 'bin' and step 1 ... OK
Create profile matrix with method 'bin' and step 1 ... OK
Create profile matrix with method 'bin' and step 1 ... OK
Create profile matrix with method 'bin' and step 1 ... OK
Create profile matrix with method 'bin' and step 1 ... OK
Processing 119938 mz slices ... OK
Create profile matrix with method 'bin' and step 1 ... OK
Create profile matrix with method 'bin' and step 1 ... OK
Create profile matrix with method 'bin' and step 1 ... OK
Create profile matrix with method 'bin' and step 1 ... OK
Create profile matrix with method 'bin' and step 1 ... OK
Processing 119938 mz slices ... OK
Create profile matrix with method 'bin' and step 0.7 ... OK
Create profile matrix with method 'bin' and step 0.7 ... OK
Create profile matrix with method 'bin' and step 0.7 ... OK
Create profile matrix with method 'bin' and step 0.7 ... OK
Create profile matrix with method 'bin' and step 0.7 ... OK
Create profile matrix with method 'bin' and step 0.7 ... OK
Create profile matrix with method 'bin' and step 0.7 ... OK
Create profile matrix with method 'bin' and step 0.7 ... OK
Processing 51403 mz slices ... OK
Create profile matrix with method 'bin' and step 0.7 ... OK
Create profile matrix with method 'bin' and step 0.7 ... OK
Create profile matrix with method 'bin' and step 0.7 ... OK
Create profile matrix with method 'bin' and step 0.7 ... OK
Create profile matrix with method 'bin' and step 0.7 ... OK
Create profile matrix with method 'bin' and step 0.7 ... OK
Create profile matrix with method 'bin' and step 0.7 ... OK
Create profile matrix with method 'bin' and step 0.7 ... OK
Processing 51403 mz slices ... OK
Create profile matrix with method 'bin' and step 0.7 ... OK
Create profile matrix with method 'bin' and step 0.7 ... OK
Create profile matrix with method 'bin' and step 0.7 ... OK
Create profile matrix with method 'bin' and step 0.7 ... OK
Create profile matrix with method 'bin' and step 0.7 ... OK
Create profile matrix with method 'bin' and step 0.7 ... OK
Create profile matrix with method 'bin' and step 0.7 ... OK
Create profile matrix with method 'bin' and step 0.7 ... OK
Processing 51403 mz slices ... OK
Create profile matrix with method 'bin' and step 0.7 ... OK
Create profile matrix with method 'bin' and step 0.7 ... OK
Create profile matrix with method 'bin' and step 0.7 ... OK
Create profile matrix with method 'bin' and step 0.7 ... OK
Create profile matrix with method 'bin' and step 0.7 ... OK
Create profile matrix with method 'bin' and step 0.7 ... OK
Create profile matrix with method 'bin' and step 0.7 ... OK
Create profile matrix with method 'bin' and step 0.7 ... OK
Processing 51403 mz slices ... OK
Create profile matrix with method 'bin' and step 1 ... OK
Create profile matrix with method 'bin' and step 1 ... OK
Create profile matrix with method 'bin' and step 1 ... OK
Create profile matrix with method 'bin' and step 1 ... OK
Create profile matrix with method 'bin' and step 1 ... OK
Processing 51403 mz slices ... OK
Create profile matrix with method 'bin' and step 1 ... OK
Create profile matrix with method 'bin' and step 1 ... OK
Create profile matrix with method 'bin' and step 1 ... OK
Create profile matrix with method 'bin' and step 1 ... OK
Create profile matrix with method 'bin' and step 1 ... OK
Processing 51403 mz slices ... OK
Create profile matrix with method 'bin' and step 1 ... OK
Create profile matrix with method 'bin' and step 1 ... OK
Create profile matrix with method 'bin' and step 1 ... OK
Create profile matrix with method 'bin' and step 1 ... OK
Create profile matrix with method 'bin' and step 1 ... OK
Processing 51403 mz slices ... OK
Create profile matrix with method 'bin' and step 1 ... OK
Create profile matrix with method 'bin' and step 1 ... OK
Create profile matrix with method 'bin' and step 1 ... OK
Create profile matrix with method 'bin' and step 1 ... OK
Create profile matrix with method 'bin' and step 1 ... OK
Processing 51403 mz slices ... OK
Create profile matrix with method 'bin' and step 0.7 ... OK
Create profile matrix with method 'bin' and step 0.7 ... OK
Create profile matrix with method 'bin' and step 0.7 ... OK
Create profile matrix with method 'bin' and step 0.7 ... OK
Create profile matrix with method 'bin' and step 0.7 ... OK
Create profile matrix with method 'bin' and step 0.7 ... OK
Create profile matrix with method 'bin' and step 0.7 ... OK
Create profile matrix with method 'bin' and step 0.7 ... OK
Processing 51403 mz slices ... OK
Create profile matrix with method 'bin' and step 0.7 ... OK
Create profile matrix with method 'bin' and step 0.7 ... OK
Create profile matrix with method 'bin' and step 0.7 ... OK
Create profile matrix with method 'bin' and step 0.7 ... OK
Create profile matrix with method 'bin' and step 0.7 ... OK
Create profile matrix with method 'bin' and step 0.7 ... OK
Create profile matrix with method 'bin' and step 0.7 ... OK
Create profile matrix with method 'bin' and step 0.7 ... OK
Processing 51403 mz slices ... OK
Create profile matrix with method 'bin' and step 0.7 ... OK
Create profile matrix with method 'bin' and step 0.7 ... OK
Create profile matrix with method 'bin' and step 0.7 ... OK
Create profile matrix with method 'bin' and step 0.7 ... OK
Create profile matrix with method 'bin' and step 0.7 ... OK
Create profile matrix with method 'bin' and step 0.7 ... OK
Create profile matrix with method 'bin' and step 0.7 ... OK
Create profile matrix with method 'bin' and step 0.7 ... OK
Processing 51403 mz slices ... OK
Create profile matrix with method 'bin' and step 0.7 ... OK
Create profile matrix with method 'bin' and step 0.7 ... OK
Create profile matrix with method 'bin' and step 0.7 ... OK
Create profile matrix with method 'bin' and step 0.7 ... OK
Create profile matrix with method 'bin' and step 0.7 ... OK
Create profile matrix with method 'bin' and step 0.7 ... OK
Create profile matrix with method 'bin' and step 0.7 ... OK
Create profile matrix with method 'bin' and step 0.7 ... OK
Processing 51403 mz slices ... OK
Create profile matrix with method 'bin' and step 1 ... OK
Create profile matrix with method 'bin' and step 1 ... OK
Create profile matrix with method 'bin' and step 1 ... OK
Create profile matrix with method 'bin' and step 1 ... OK
Create profile matrix with method 'bin' and step 1 ... OK
Processing 51403 mz slices ... OK
Create profile matrix with method 'bin' and step 1 ... OK
Create profile matrix with method 'bin' and step 1 ... OK
Create profile matrix with method 'bin' and step 1 ... OK
Create profile matrix with method 'bin' and step 1 ... OK
Create profile matrix with method 'bin' and step 1 ... OK
Processing 51403 mz slices ... OK
Create profile matrix with method 'bin' and step 1 ... OK
Create profile matrix with method 'bin' and step 1 ... OK
Create profile matrix with method 'bin' and step 1 ... OK
Create profile matrix with method 'bin' and step 1 ... OK
Create profile matrix with method 'bin' and step 1 ... OK
Processing 51403 mz slices ... OK
Create profile matrix with method 'bin' and step 1 ... OK
Create profile matrix with method 'bin' and step 1 ... OK
Create profile matrix with method 'bin' and step 1 ... OK
Create profile matrix with method 'bin' and step 1 ... OK
Create profile matrix with method 'bin' and step 1 ... OK
Processing 51403 mz slices ... OK
Create profile matrix with method 'bin' and step 0.85 ... OK
Create profile matrix with method 'bin' and step 0.85 ... OK
Create profile matrix with method 'bin' and step 0.85 ... OK
Create profile matrix with method 'bin' and step 0.85 ... OK
Create profile matrix with method 'bin' and step 0.85 ... OK
Create profile matrix with method 'bin' and step 0.85 ... OK
Create profile matrix with method 'bin' and step 0.85 ... OK
Create profile matrix with method 'bin' and step 0.85 ... OK
Processing 71963 mz slices ... OK
Create profile matrix with method 'bin' and step 0.85 ... OK
Create profile matrix with method 'bin' and step 0.85 ... OK
Create profile matrix with method 'bin' and step 0.85 ... OK
Create profile matrix with method 'bin' and step 0.85 ... OK
Create profile matrix with method 'bin' and step 0.85 ... OK
Create profile matrix with method 'bin' and step 0.85 ... OK
Create profile matrix with method 'bin' and step 0.85 ... OK
Create profile matrix with method 'bin' and step 0.85 ... OK
Processing 71963 mz slices ... OK
Create profile matrix with method 'bin' and step 0.85 ... OK
Create profile matrix with method 'bin' and step 0.85 ... OK
Create profile matrix with method 'bin' and step 0.85 ... OK
Create profile matrix with method 'bin' and step 0.85 ... OK
Create profile matrix with method 'bin' and step 0.85 ... OK
Create profile matrix with method 'bin' and step 0.85 ... OK
Create profile matrix with method 'bin' and step 0.85 ... OK
Create profile matrix with method 'bin' and step 0.85 ... OK
Processing 71963 mz slices ... OK
Create profile matrix with method 'bin' and step 0.85 ... OK
Create profile matrix with method 'bin' and step 0.85 ... OK
Create profile matrix with method 'bin' and step 0.85 ... OK
Create profile matrix with method 'bin' and step 0.85 ... OK
Create profile matrix with method 'bin' and step 0.85 ... OK
Create profile matrix with method 'bin' and step 0.85 ... OK
Create profile matrix with method 'bin' and step 0.85 ... OK
Create profile matrix with method 'bin' and step 0.85 ... OK
Processing 71963 mz slices ... OK
Create profile matrix with method 'bin' and step 0.85 ... OK
Create profile matrix with method 'bin' and step 0.85 ... OK
Create profile matrix with method 'bin' and step 0.85 ... OK
Create profile matrix with method 'bin' and step 0.85 ... OK
Create profile matrix with method 'bin' and step 0.85 ... OK
Create profile matrix with method 'bin' and step 0.85 ... OK
Create profile matrix with method 'bin' and step 0.85 ... OK
Create profile matrix with method 'bin' and step 0.85 ... OK
Processing 71963 mz slices ... OK
Create profile matrix with method 'bin' and step 0.7 ... OK
Create profile matrix with method 'bin' and step 0.7 ... OK
Create profile matrix with method 'bin' and step 0.7 ... OK
Create profile matrix with method 'bin' and step 0.7 ... OK
Create profile matrix with method 'bin' and step 0.7 ... OK
Create profile matrix with method 'bin' and step 0.7 ... OK
Create profile matrix with method 'bin' and step 0.7 ... OK
Create profile matrix with method 'bin' and step 0.7 ... OK
Processing 71963 mz slices ... OK
Create profile matrix with method 'bin' and step 1 ... OK
Create profile matrix with method 'bin' and step 1 ... OK
Create profile matrix with method 'bin' and step 1 ... OK
Create profile matrix with method 'bin' and step 1 ... OK
Create profile matrix with method 'bin' and step 1 ... OK
Processing 71963 mz slices ... OK
Create profile matrix with method 'bin' and step 0.85 ... OK
Create profile matrix with method 'bin' and step 0.85 ... OK
Create profile matrix with method 'bin' and step 0.85 ... OK
Create profile matrix with method 'bin' and step 0.85 ... OK
Create profile matrix with method 'bin' and step 0.85 ... OK
Create profile matrix with method 'bin' and step 0.85 ... OK
Create profile matrix with method 'bin' and step 0.85 ... OK
Create profile matrix with method 'bin' and step 0.85 ... OK
Processing 71963 mz slices ... OK
Create profile matrix with method 'bin' and step 0.85 ... OK
Create profile matrix with method 'bin' and step 0.85 ... OK
Create profile matrix with method 'bin' and step 0.85 ... OK
Create profile matrix with method 'bin' and step 0.85 ... OK
Create profile matrix with method 'bin' and step 0.85 ... OK
Create profile matrix with method 'bin' and step 0.85 ... OK
Create profile matrix with method 'bin' and step 0.85 ... OK
Create profile matrix with method 'bin' and step 0.85 ... OK
Processing 71963 mz slices ... OK
Create profile matrix with method 'bin' and step 0.85 ... OK
Create profile matrix with method 'bin' and step 0.85 ... OK
Create profile matrix with method 'bin' and step 0.85 ... OK
Create profile matrix with method 'bin' and step 0.85 ... OK
Create profile matrix with method 'bin' and step 0.85 ... OK
Create profile matrix with method 'bin' and step 0.85 ... OK
Create profile matrix with method 'bin' and step 0.85 ... OK
Create profile matrix with method 'bin' and step 0.85 ... OK
Processing 119938 mz slices ... OK
Create profile matrix with method 'bin' and step 0.85 ... OK
Create profile matrix with method 'bin' and step 0.85 ... OK
Create profile matrix with method 'bin' and step 0.85 ... OK
Create profile matrix with method 'bin' and step 0.85 ... OK
Create profile matrix with method 'bin' and step 0.85 ... OK
Create profile matrix with method 'bin' and step 0.85 ... OK
Create profile matrix with method 'bin' and step 0.85 ... OK
Create profile matrix with method 'bin' and step 0.85 ... OK
Processing 51403 mz slices ... OK
Create profile matrix with method 'bin' and step 0.85 ... OK
Create profile matrix with method 'bin' and step 0.85 ... OK
Create profile matrix with method 'bin' and step 0.85 ... OK
Create profile matrix with method 'bin' and step 0.85 ... OK
Create profile matrix with method 'bin' and step 0.85 ... OK
Create profile matrix with method 'bin' and step 0.85 ... OK
Create profile matrix with method 'bin' and step 0.85 ... OK
Create profile matrix with method 'bin' and step 0.85 ... OK
Processing 71963 mz slices ... OK
Create profile matrix with method 'bin' and step 0.97 ... OK
Create profile matrix with method 'bin' and step 0.97 ... OK
Create profile matrix with method 'bin' and step 0.97 ... OK
Create profile matrix with method 'bin' and step 0.97 ... OK
Create profile matrix with method 'bin' and step 0.97 ... OK
Create profile matrix with method 'bin' and step 0.97 ... OK
Create profile matrix with method 'bin' and step 0.97 ... OK
Create profile matrix with method 'bin' and step 0.97 ... OK
Processing 119938 mz slices ... OK
profStep or minfrac greater 1, decreasing to 0.76 and 1



starting new DoE with:

gapInit: c(0.16, 0.64)
gapExtend: c(2.16, 2.64)
profStep: c(0.76, 1)
bw: c(12.4, 31.6)
mzwid: c(0.003, 0.027)
distFunc: cor_opt
plottype: none
response: 1
factorDiag: 2
factorGap: 1
localAlignment: 0
retcorMethod: obiwarp
minfrac: 0.05
minsamp: 1
max: 50
center: 5

Create profile matrix with method 'bin' and step 0.76 ... OK
Create profile matrix with method 'bin' and step 0.76 ... OK
Create profile matrix with method 'bin' and step 0.76 ... OK
Create profile matrix with method 'bin' and step 0.76 ... OK
Create profile matrix with method 'bin' and step 0.76 ... OK
Create profile matrix with method 'bin' and step 0.76 ... OK
Create profile matrix with method 'bin' and step 0.76 ... OK
Create profile matrix with method 'bin' and step 0.76 ... OK
Processing 599682 mz slices ... OK
Create profile matrix with method 'bin' and step 0.76 ... OK
Create profile matrix with method 'bin' and step 0.76 ... OK
Create profile matrix with method 'bin' and step 0.76 ... OK
Create profile matrix with method 'bin' and step 0.76 ... OK
Create profile matrix with method 'bin' and step 0.76 ... OK
Create profile matrix with method 'bin' and step 0.76 ... OK
Create profile matrix with method 'bin' and step 0.76 ... OK
Create profile matrix with method 'bin' and step 0.76 ... OK
Processing 599682 mz slices ... OK
Create profile matrix with method 'bin' and step 0.76 ... OK
Create profile matrix with method 'bin' and step 0.76 ... OK
Create profile matrix with method 'bin' and step 0.76 ... OK
Create profile matrix with method 'bin' and step 0.76 ... OK
Create profile matrix with method 'bin' and step 0.76 ... OK
Create profile matrix with method 'bin' and step 0.76 ... OK
Create profile matrix with method 'bin' and step 0.76 ... OK
Create profile matrix with method 'bin' and step 0.76 ... OK
Processing 599682 mz slices ... OK
Create profile matrix with method 'bin' and step 0.76 ... OK
Create profile matrix with method 'bin' and step 0.76 ... OK
Create profile matrix with method 'bin' and step 0.76 ... OK
Create profile matrix with method 'bin' and step 0.76 ... OK
Create profile matrix with method 'bin' and step 0.76 ... OK
Create profile matrix with method 'bin' and step 0.76 ... OK
Create profile matrix with method 'bin' and step 0.76 ... OK
Create profile matrix with method 'bin' and step 0.76 ... OK
Processing 599682 mz slices ... OK
Create profile matrix with method 'bin' and step 1 ... OK
Create profile matrix with method 'bin' and step 1 ... OK
Create profile matrix with method 'bin' and step 1 ... OK
Create profile matrix with method 'bin' and step 1 ... OK
Create profile matrix with method 'bin' and step 1 ... OK
Processing 599682 mz slices ... OK
Create profile matrix with method 'bin' and step 1 ... OK
Create profile matrix with method 'bin' and step 1 ... OK
Create profile matrix with method 'bin' and step 1 ... OK
Create profile matrix with method 'bin' and step 1 ... OK
Create profile matrix with method 'bin' and step 1 ... OK
Processing 599682 mz slices ... OK
Create profile matrix with method 'bin' and step 1 ... OK
Create profile matrix with method 'bin' and step 1 ... OK
Create profile matrix with method 'bin' and step 1 ... OK
Create profile matrix with method 'bin' and step 1 ... OK
Create profile matrix with method 'bin' and step 1 ... OK
Processing 599682 mz slices ... OK
Create profile matrix with method 'bin' and step 1 ... OK
Create profile matrix with method 'bin' and step 1 ... OK
Create profile matrix with method 'bin' and step 1 ... OK
Create profile matrix with method 'bin' and step 1 ... OK
Create profile matrix with method 'bin' and step 1 ... OK
Processing 599682 mz slices ... OK
Create profile matrix with method 'bin' and step 0.76 ... OK
Create profile matrix with method 'bin' and step 0.76 ... OK
Create profile matrix with method 'bin' and step 0.76 ... OK
Create profile matrix with method 'bin' and step 0.76 ... OK
Create profile matrix with method 'bin' and step 0.76 ... OK
Create profile matrix with method 'bin' and step 0.76 ... OK
Create profile matrix with method 'bin' and step 0.76 ... OK
Create profile matrix with method 'bin' and step 0.76 ... OK
Processing 599682 mz slices ... OK
Create profile matrix with method 'bin' and step 0.76 ... OK
Create profile matrix with method 'bin' and step 0.76 ... OK
Create profile matrix with method 'bin' and step 0.76 ... OK
Create profile matrix with method 'bin' and step 0.76 ... OK
Create profile matrix with method 'bin' and step 0.76 ... OK
Create profile matrix with method 'bin' and step 0.76 ... OK
Create profile matrix with method 'bin' and step 0.76 ... OK
Create profile matrix with method 'bin' and step 0.76 ... OK
Processing 599682 mz slices ... OK
Create profile matrix with method 'bin' and step 0.76 ... OK
Create profile matrix with method 'bin' and step 0.76 ... OK
Create profile matrix with method 'bin' and step 0.76 ... OK
Create profile matrix with method 'bin' and step 0.76 ... OK
Create profile matrix with method 'bin' and step 0.76 ... OK
Create profile matrix with method 'bin' and step 0.76 ... OK
Create profile matrix with method 'bin' and step 0.76 ... OK
Create profile matrix with method 'bin' and step 0.76 ... OK
Processing 599682 mz slices ... OK
Create profile matrix with method 'bin' and step 0.76 ... OK
Create profile matrix with method 'bin' and step 0.76 ... OK
Create profile matrix with method 'bin' and step 0.76 ... OK
Create profile matrix with method 'bin' and step 0.76 ... OK
Create profile matrix with method 'bin' and step 0.76 ... OK
Create profile matrix with method 'bin' and step 0.76 ... OK
Create profile matrix with method 'bin' and step 0.76 ... OK
Create profile matrix with method 'bin' and step 0.76 ... OK
Processing 599682 mz slices ... OK
Create profile matrix with method 'bin' and step 1 ... OK
Create profile matrix with method 'bin' and step 1 ... OK
Create profile matrix with method 'bin' and step 1 ... OK
Create profile matrix with method 'bin' and step 1 ... OK
Create profile matrix with method 'bin' and step 1 ... OK
Processing 599682 mz slices ... OK
Create profile matrix with method 'bin' and step 1 ... OK
Create profile matrix with method 'bin' and step 1 ... OK
Create profile matrix with method 'bin' and step 1 ... OK
Create profile matrix with method 'bin' and step 1 ... OK
Create profile matrix with method 'bin' and step 1 ... OK
Processing 599682 mz slices ... OK
Create profile matrix with method 'bin' and step 1 ... OK
Create profile matrix with method 'bin' and step 1 ... OK
Create profile matrix with method 'bin' and step 1 ... OK
Create profile matrix with method 'bin' and step 1 ... OK
Create profile matrix with method 'bin' and step 1 ... OK
Processing 599682 mz slices ... OK
Create profile matrix with method 'bin' and step 1 ... OK
Create profile matrix with method 'bin' and step 1 ... OK
Create profile matrix with method 'bin' and step 1 ... OK
Create profile matrix with method 'bin' and step 1 ... OK
Create profile matrix with method 'bin' and step 1 ... OK
Processing 599682 mz slices ... OK
Create profile matrix with method 'bin' and step 0.76 ... OK
Create profile matrix with method 'bin' and step 0.76 ... OK
Create profile matrix with method 'bin' and step 0.76 ... OK
Create profile matrix with method 'bin' and step 0.76 ... OK
Create profile matrix with method 'bin' and step 0.76 ... OK
Create profile matrix with method 'bin' and step 0.76 ... OK
Create profile matrix with method 'bin' and step 0.76 ... OK
Create profile matrix with method 'bin' and step 0.76 ... OK
Processing 66633 mz slices ... OK
Create profile matrix with method 'bin' and step 0.76 ... OK
Create profile matrix with method 'bin' and step 0.76 ... OK
Create profile matrix with method 'bin' and step 0.76 ... OK
Create profile matrix with method 'bin' and step 0.76 ... OK
Create profile matrix with method 'bin' and step 0.76 ... OK
Create profile matrix with method 'bin' and step 0.76 ... OK
Create profile matrix with method 'bin' and step 0.76 ... OK
Create profile matrix with method 'bin' and step 0.76 ... OK
Processing 66633 mz slices ... OK
Create profile matrix with method 'bin' and step 0.76 ... OK
Create profile matrix with method 'bin' and step 0.76 ... OK
Create profile matrix with method 'bin' and step 0.76 ... OK
Create profile matrix with method 'bin' and step 0.76 ... OK
Create profile matrix with method 'bin' and step 0.76 ... OK
Create profile matrix with method 'bin' and step 0.76 ... OK
Create profile matrix with method 'bin' and step 0.76 ... OK
Create profile matrix with method 'bin' and step 0.76 ... OK
Processing 66633 mz slices ... OK
Create profile matrix with method 'bin' and step 0.76 ... OK
Create profile matrix with method 'bin' and step 0.76 ... OK
Create profile matrix with method 'bin' and step 0.76 ... OK
Create profile matrix with method 'bin' and step 0.76 ... OK
Create profile matrix with method 'bin' and step 0.76 ... OK
Create profile matrix with method 'bin' and step 0.76 ... OK
Create profile matrix with method 'bin' and step 0.76 ... OK
Create profile matrix with method 'bin' and step 0.76 ... OK
Processing 66633 mz slices ... OK
Create profile matrix with method 'bin' and step 1 ... OK
Create profile matrix with method 'bin' and step 1 ... OK
Create profile matrix with method 'bin' and step 1 ... OK
Create profile matrix with method 'bin' and step 1 ... OK
Create profile matrix with method 'bin' and step 1 ... OK
Processing 66633 mz slices ... OK
Create profile matrix with method 'bin' and step 1 ... OK
Create profile matrix with method 'bin' and step 1 ... OK
Create profile matrix with method 'bin' and step 1 ... OK
Create profile matrix with method 'bin' and step 1 ... OK
Create profile matrix with method 'bin' and step 1 ... OK
Processing 66633 mz slices ... OK
Create profile matrix with method 'bin' and step 1 ... OK
Create profile matrix with method 'bin' and step 1 ... OK
Create profile matrix with method 'bin' and step 1 ... OK
Create profile matrix with method 'bin' and step 1 ... OK
Create profile matrix with method 'bin' and step 1 ... OK
Processing 66633 mz slices ... OK
Create profile matrix with method 'bin' and step 1 ... OK
Create profile matrix with method 'bin' and step 1 ... OK
Create profile matrix with method 'bin' and step 1 ... OK
Create profile matrix with method 'bin' and step 1 ... OK
Create profile matrix with method 'bin' and step 1 ... OK
Processing 66633 mz slices ... OK
Create profile matrix with method 'bin' and step 0.76 ... OK
Create profile matrix with method 'bin' and step 0.76 ... OK
Create profile matrix with method 'bin' and step 0.76 ... OK
Create profile matrix with method 'bin' and step 0.76 ... OK
Create profile matrix with method 'bin' and step 0.76 ... OK
Create profile matrix with method 'bin' and step 0.76 ... OK
Create profile matrix with method 'bin' and step 0.76 ... OK
Create profile matrix with method 'bin' and step 0.76 ... OK
Processing 66633 mz slices ... OK
Create profile matrix with method 'bin' and step 0.76 ... OK
Create profile matrix with method 'bin' and step 0.76 ... OK
Create profile matrix with method 'bin' and step 0.76 ... OK
Create profile matrix with method 'bin' and step 0.76 ... OK
Create profile matrix with method 'bin' and step 0.76 ... OK
Create profile matrix with method 'bin' and step 0.76 ... OK
Create profile matrix with method 'bin' and step 0.76 ... OK
Create profile matrix with method 'bin' and step 0.76 ... OK
Processing 66633 mz slices ... OK
Create profile matrix with method 'bin' and step 0.76 ... OK
Create profile matrix with method 'bin' and step 0.76 ... OK
Create profile matrix with method 'bin' and step 0.76 ... OK
Create profile matrix with method 'bin' and step 0.76 ... OK
Create profile matrix with method 'bin' and step 0.76 ... OK
Create profile matrix with method 'bin' and step 0.76 ... OK
Create profile matrix with method 'bin' and step 0.76 ... OK
Create profile matrix with method 'bin' and step 0.76 ... OK
Processing 66633 mz slices ... OK
Create profile matrix with method 'bin' and step 0.76 ... OK
Create profile matrix with method 'bin' and step 0.76 ... OK
Create profile matrix with method 'bin' and step 0.76 ... OK
Create profile matrix with method 'bin' and step 0.76 ... OK
Create profile matrix with method 'bin' and step 0.76 ... OK
Create profile matrix with method 'bin' and step 0.76 ... OK
Create profile matrix with method 'bin' and step 0.76 ... OK
Create profile matrix with method 'bin' and step 0.76 ... OK
Processing 66633 mz slices ... OK
Create profile matrix with method 'bin' and step 1 ... OK
Create profile matrix with method 'bin' and step 1 ... OK
Create profile matrix with method 'bin' and step 1 ... OK
Create profile matrix with method 'bin' and step 1 ... OK
Create profile matrix with method 'bin' and step 1 ... OK
Processing 66633 mz slices ... OK
Create profile matrix with method 'bin' and step 1 ... OK
Create profile matrix with method 'bin' and step 1 ... OK
Create profile matrix with method 'bin' and step 1 ... OK
Create profile matrix with method 'bin' and step 1 ... OK
Create profile matrix with method 'bin' and step 1 ... OK
Processing 66633 mz slices ... OK
Create profile matrix with method 'bin' and step 1 ... OK
Create profile matrix with method 'bin' and step 1 ... OK
Create profile matrix with method 'bin' and step 1 ... OK
Create profile matrix with method 'bin' and step 1 ... OK
Create profile matrix with method 'bin' and step 1 ... OK
Processing 66633 mz slices ... OK
Create profile matrix with method 'bin' and step 1 ... OK
Create profile matrix with method 'bin' and step 1 ... OK
Create profile matrix with method 'bin' and step 1 ... OK
Create profile matrix with method 'bin' and step 1 ... OK
Create profile matrix with method 'bin' and step 1 ... OK
Processing 66633 mz slices ... OK
Create profile matrix with method 'bin' and step 0.88 ... OK
Create profile matrix with method 'bin' and step 0.88 ... OK
Create profile matrix with method 'bin' and step 0.88 ... OK
Create profile matrix with method 'bin' and step 0.88 ... OK
Create profile matrix with method 'bin' and step 0.88 ... OK
Create profile matrix with method 'bin' and step 0.88 ... OK
Create profile matrix with method 'bin' and step 0.88 ... OK
Create profile matrix with method 'bin' and step 0.88 ... OK
Processing 119938 mz slices ... OK
Create profile matrix with method 'bin' and step 0.88 ... OK
Create profile matrix with method 'bin' and step 0.88 ... OK
Create profile matrix with method 'bin' and step 0.88 ... OK
Create profile matrix with method 'bin' and step 0.88 ... OK
Create profile matrix with method 'bin' and step 0.88 ... OK
Create profile matrix with method 'bin' and step 0.88 ... OK
Create profile matrix with method 'bin' and step 0.88 ... OK
Create profile matrix with method 'bin' and step 0.88 ... OK
Processing 119938 mz slices ... OK
Create profile matrix with method 'bin' and step 0.88 ... OK
Create profile matrix with method 'bin' and step 0.88 ... OK
Create profile matrix with method 'bin' and step 0.88 ... OK
Create profile matrix with method 'bin' and step 0.88 ... OK
Create profile matrix with method 'bin' and step 0.88 ... OK
Create profile matrix with method 'bin' and step 0.88 ... OK
Create profile matrix with method 'bin' and step 0.88 ... OK
Create profile matrix with method 'bin' and step 0.88 ... OK
Processing 119938 mz slices ... OK
Create profile matrix with method 'bin' and step 0.88 ... OK
Create profile matrix with method 'bin' and step 0.88 ... OK
Create profile matrix with method 'bin' and step 0.88 ... OK
Create profile matrix with method 'bin' and step 0.88 ... OK
Create profile matrix with method 'bin' and step 0.88 ... OK
Create profile matrix with method 'bin' and step 0.88 ... OK
Create profile matrix with method 'bin' and step 0.88 ... OK
Create profile matrix with method 'bin' and step 0.88 ... OK
Processing 119938 mz slices ... OK
Create profile matrix with method 'bin' and step 0.88 ... OK
Create profile matrix with method 'bin' and step 0.88 ... OK
Create profile matrix with method 'bin' and step 0.88 ... OK
Create profile matrix with method 'bin' and step 0.88 ... OK
Create profile matrix with method 'bin' and step 0.88 ... OK
Create profile matrix with method 'bin' and step 0.88 ... OK
Create profile matrix with method 'bin' and step 0.88 ... OK
Create profile matrix with method 'bin' and step 0.88 ... OK
Processing 119938 mz slices ... OK
Create profile matrix with method 'bin' and step 0.76 ... OK
Create profile matrix with method 'bin' and step 0.76 ... OK
Create profile matrix with method 'bin' and step 0.76 ... OK
Create profile matrix with method 'bin' and step 0.76 ... OK
Create profile matrix with method 'bin' and step 0.76 ... OK
Create profile matrix with method 'bin' and step 0.76 ... OK
Create profile matrix with method 'bin' and step 0.76 ... OK
Create profile matrix with method 'bin' and step 0.76 ... OK
Processing 119938 mz slices ... OK
Create profile matrix with method 'bin' and step 1 ... OK
Create profile matrix with method 'bin' and step 1 ... OK
Create profile matrix with method 'bin' and step 1 ... OK
Create profile matrix with method 'bin' and step 1 ... OK
Create profile matrix with method 'bin' and step 1 ... OK
Processing 119938 mz slices ... OK
Create profile matrix with method 'bin' and step 0.88 ... OK
Create profile matrix with method 'bin' and step 0.88 ... OK
Create profile matrix with method 'bin' and step 0.88 ... OK
Create profile matrix with method 'bin' and step 0.88 ... OK
Create profile matrix with method 'bin' and step 0.88 ... OK
Create profile matrix with method 'bin' and step 0.88 ... OK
Create profile matrix with method 'bin' and step 0.88 ... OK
Create profile matrix with method 'bin' and step 0.88 ... OK
Processing 119938 mz slices ... OK
Create profile matrix with method 'bin' and step 0.88 ... OK
Create profile matrix with method 'bin' and step 0.88 ... OK
Create profile matrix with method 'bin' and step 0.88 ... OK
Create profile matrix with method 'bin' and step 0.88 ... OK
Create profile matrix with method 'bin' and step 0.88 ... OK
Create profile matrix with method 'bin' and step 0.88 ... OK
Create profile matrix with method 'bin' and step 0.88 ... OK
Create profile matrix with method 'bin' and step 0.88 ... OK
Processing 119938 mz slices ... OK
Create profile matrix with method 'bin' and step 0.88 ... OK
Create profile matrix with method 'bin' and step 0.88 ... OK
Create profile matrix with method 'bin' and step 0.88 ... OK
Create profile matrix with method 'bin' and step 0.88 ... OK
Create profile matrix with method 'bin' and step 0.88 ... OK
Create profile matrix with method 'bin' and step 0.88 ... OK
Create profile matrix with method 'bin' and step 0.88 ... OK
Create profile matrix with method 'bin' and step 0.88 ... OK
Processing 599682 mz slices ... OK
Create profile matrix with method 'bin' and step 0.88 ... OK
Create profile matrix with method 'bin' and step 0.88 ... OK
Create profile matrix with method 'bin' and step 0.88 ... OK
Create profile matrix with method 'bin' and step 0.88 ... OK
Create profile matrix with method 'bin' and step 0.88 ... OK
Create profile matrix with method 'bin' and step 0.88 ... OK
Create profile matrix with method 'bin' and step 0.88 ... OK
Create profile matrix with method 'bin' and step 0.88 ... OK
Processing 66633 mz slices ... OK
Create profile matrix with method 'bin' and step 0.88 ... OK
Create profile matrix with method 'bin' and step 0.88 ... OK
Create profile matrix with method 'bin' and step 0.88 ... OK
Create profile matrix with method 'bin' and step 0.88 ... OK
Create profile matrix with method 'bin' and step 0.88 ... OK
Create profile matrix with method 'bin' and step 0.88 ... OK
Create profile matrix with method 'bin' and step 0.88 ... OK
Create profile matrix with method 'bin' and step 0.88 ... OK
Processing 119938 mz slices ... OK
Create profile matrix with method 'bin' and step 0.76 ... OK
Create profile matrix with method 'bin' and step 0.76 ... OK
Create profile matrix with method 'bin' and step 0.76 ... OK
Create profile matrix with method 'bin' and step 0.76 ... OK
Create profile matrix with method 'bin' and step 0.76 ... OK
Create profile matrix with method 'bin' and step 0.76 ... OK
Create profile matrix with method 'bin' and step 0.76 ... OK
Create profile matrix with method 'bin' and step 0.76 ... OK
Processing 111053 mz slices ... OK



starting new DoE with:

gapInit: c(0.352, 0.928)
gapExtend: c(2.208, 2.592)
profStep: c(0.616, 0.904)
bw: c(0.879999999999999, 23.92)
mzwid: c(0.0066, 0.0258)
distFunc: cor_opt
plottype: none
response: 1
factorDiag: 2
factorGap: 1
localAlignment: 0
retcorMethod: obiwarp
minfrac: 0.05
minsamp: 1
max: 50
center: 5

Create profile matrix with method 'bin' and step 0.616 ... OK
Create profile matrix with method 'bin' and step 0.616 ... OK
Create profile matrix with method 'bin' and step 0.616 ... OK
Create profile matrix with method 'bin' and step 0.616 ... OK
Create profile matrix with method 'bin' and step 0.616 ... OK
Create profile matrix with method 'bin' and step 0.616 ... OK
Create profile matrix with method 'bin' and step 0.616 ... OK
Create profile matrix with method 'bin' and step 0.616 ... OK
Processing 272584 mz slices ... OK
Create profile matrix with method 'bin' and step 0.616 ... OK
Create profile matrix with method 'bin' and step 0.616 ... OK
Create profile matrix with method 'bin' and step 0.616 ... OK
Create profile matrix with method 'bin' and step 0.616 ... OK
Create profile matrix with method 'bin' and step 0.616 ... OK
Create profile matrix with method 'bin' and step 0.616 ... OK
Create profile matrix with method 'bin' and step 0.616 ... OK
Create profile matrix with method 'bin' and step 0.616 ... OK
Processing 272584 mz slices ... OK
Create profile matrix with method 'bin' and step 0.616 ... OK
Create profile matrix with method 'bin' and step 0.616 ... OK
Create profile matrix with method 'bin' and step 0.616 ... OK
Create profile matrix with method 'bin' and step 0.616 ... OK
Create profile matrix with method 'bin' and step 0.616 ... OK
Create profile matrix with method 'bin' and step 0.616 ... OK
Create profile matrix with method 'bin' and step 0.616 ... OK
Create profile matrix with method 'bin' and step 0.616 ... OK
Processing 272584 mz slices ... OK
Create profile matrix with method 'bin' and step 0.616 ... OK
Create profile matrix with method 'bin' and step 0.616 ... OK
Create profile matrix with method 'bin' and step 0.616 ... OK
Create profile matrix with method 'bin' and step 0.616 ... OK
Create profile matrix with method 'bin' and step 0.616 ... OK
Create profile matrix with method 'bin' and step 0.616 ... OK
Create profile matrix with method 'bin' and step 0.616 ... OK
Create profile matrix with method 'bin' and step 0.616 ... OK
Processing 272584 mz slices ... OK
Create profile matrix with method 'bin' and step 0.904 ... OK
Create profile matrix with method 'bin' and step 0.904 ... OK
Create profile matrix with method 'bin' and step 0.904 ... OK
Create profile matrix with method 'bin' and step 0.904 ... OK
Create profile matrix with method 'bin' and step 0.904 ... OK
Create profile matrix with method 'bin' and step 0.904 ... OK
Create profile matrix with method 'bin' and step 0.904 ... OK
Create profile matrix with method 'bin' and step 0.904 ... OK
Processing 272584 mz slices ... OK
Create profile matrix with method 'bin' and step 0.904 ... OK
Create profile matrix with method 'bin' and step 0.904 ... OK
Create profile matrix with method 'bin' and step 0.904 ... OK
Create profile matrix with method 'bin' and step 0.904 ... OK
Create profile matrix with method 'bin' and step 0.904 ... OK
Create profile matrix with method 'bin' and step 0.904 ... OK
Create profile matrix with method 'bin' and step 0.904 ... OK
Create profile matrix with method 'bin' and step 0.904 ... OK
Processing 272584 mz slices ... OK
Create profile matrix with method 'bin' and step 0.904 ... OK
Create profile matrix with method 'bin' and step 0.904 ... OK
Create profile matrix with method 'bin' and step 0.904 ... OK
Create profile matrix with method 'bin' and step 0.904 ... OK
Create profile matrix with method 'bin' and step 0.904 ... OK
Create profile matrix with method 'bin' and step 0.904 ... OK
Create profile matrix with method 'bin' and step 0.904 ... OK
Create profile matrix with method 'bin' and step 0.904 ... OK
Processing 272584 mz slices ... OK
Create profile matrix with method 'bin' and step 0.904 ... OK
Create profile matrix with method 'bin' and step 0.904 ... OK
Create profile matrix with method 'bin' and step 0.904 ... OK
Create profile matrix with method 'bin' and step 0.904 ... OK
Create profile matrix with method 'bin' and step 0.904 ... OK
Create profile matrix with method 'bin' and step 0.904 ... OK
Create profile matrix with method 'bin' and step 0.904 ... OK
Create profile matrix with method 'bin' and step 0.904 ... OK
Processing 272584 mz slices ... OK
Create profile matrix with method 'bin' and step 0.616 ... OK
Create profile matrix with method 'bin' and step 0.616 ... OK
Create profile matrix with method 'bin' and step 0.616 ... OK
Create profile matrix with method 'bin' and step 0.616 ... OK
Create profile matrix with method 'bin' and step 0.616 ... OK
Create profile matrix with method 'bin' and step 0.616 ... OK
Create profile matrix with method 'bin' and step 0.616 ... OK
Create profile matrix with method 'bin' and step 0.616 ... OK
Processing 272584 mz slices ... OK
Create profile matrix with method 'bin' and step 0.616 ... OK
Create profile matrix with method 'bin' and step 0.616 ... OK
Create profile matrix with method 'bin' and step 0.616 ... OK
Create profile matrix with method 'bin' and step 0.616 ... OK
Create profile matrix with method 'bin' and step 0.616 ... OK
Create profile matrix with method 'bin' and step 0.616 ... OK
Create profile matrix with method 'bin' and step 0.616 ... OK
Create profile matrix with method 'bin' and step 0.616 ... OK
Processing 272584 mz slices ... OK
Create profile matrix with method 'bin' and step 0.616 ... OK
Create profile matrix with method 'bin' and step 0.616 ... OK
Create profile matrix with method 'bin' and step 0.616 ... OK
Create profile matrix with method 'bin' and step 0.616 ... OK
Create profile matrix with method 'bin' and step 0.616 ... OK
Create profile matrix with method 'bin' and step 0.616 ... OK
Create profile matrix with method 'bin' and step 0.616 ... OK
Create profile matrix with method 'bin' and step 0.616 ... OK
Processing 272584 mz slices ... OK
Create profile matrix with method 'bin' and step 0.616 ... OK
Create profile matrix with method 'bin' and step 0.616 ... OK
Create profile matrix with method 'bin' and step 0.616 ... OK
Create profile matrix with method 'bin' and step 0.616 ... OK
Create profile matrix with method 'bin' and step 0.616 ... OK
Create profile matrix with method 'bin' and step 0.616 ... OK
Create profile matrix with method 'bin' and step 0.616 ... OK
Create profile matrix with method 'bin' and step 0.616 ... OK
Processing 272584 mz slices ... OK
Create profile matrix with method 'bin' and step 0.904 ... OK
Create profile matrix with method 'bin' and step 0.904 ... OK
Create profile matrix with method 'bin' and step 0.904 ... OK
Create profile matrix with method 'bin' and step 0.904 ... OK
Create profile matrix with method 'bin' and step 0.904 ... OK
Create profile matrix with method 'bin' and step 0.904 ... OK
Create profile matrix with method 'bin' and step 0.904 ... OK
Create profile matrix with method 'bin' and step 0.904 ... OK
Processing 272584 mz slices ... OK
Create profile matrix with method 'bin' and step 0.904 ... OK
Create profile matrix with method 'bin' and step 0.904 ... OK
Create profile matrix with method 'bin' and step 0.904 ... OK
Create profile matrix with method 'bin' and step 0.904 ... OK
Create profile matrix with method 'bin' and step 0.904 ... OK
Create profile matrix with method 'bin' and step 0.904 ... OK
Create profile matrix with method 'bin' and step 0.904 ... OK
Create profile matrix with method 'bin' and step 0.904 ... OK
Processing 272584 mz slices ... OK
Create profile matrix with method 'bin' and step 0.904 ... OK
Create profile matrix with method 'bin' and step 0.904 ... OK
Create profile matrix with method 'bin' and step 0.904 ... OK
Create profile matrix with method 'bin' and step 0.904 ... OK
Create profile matrix with method 'bin' and step 0.904 ... OK
Create profile matrix with method 'bin' and step 0.904 ... OK
Create profile matrix with method 'bin' and step 0.904 ... OK
Create profile matrix with method 'bin' and step 0.904 ... OK
Processing 272584 mz slices ... OK
Create profile matrix with method 'bin' and step 0.904 ... OK
Create profile matrix with method 'bin' and step 0.904 ... OK
Create profile matrix with method 'bin' and step 0.904 ... OK
Create profile matrix with method 'bin' and step 0.904 ... OK
Create profile matrix with method 'bin' and step 0.904 ... OK
Create profile matrix with method 'bin' and step 0.904 ... OK
Create profile matrix with method 'bin' and step 0.904 ... OK
Create profile matrix with method 'bin' and step 0.904 ... OK
Processing 272584 mz slices ... OK
Create profile matrix with method 'bin' and step 0.616 ... OK
Create profile matrix with method 'bin' and step 0.616 ... OK
Create profile matrix with method 'bin' and step 0.616 ... OK
Create profile matrix with method 'bin' and step 0.616 ... OK
Create profile matrix with method 'bin' and step 0.616 ... OK
Create profile matrix with method 'bin' and step 0.616 ... OK
Create profile matrix with method 'bin' and step 0.616 ... OK
Create profile matrix with method 'bin' and step 0.616 ... OK
Processing 69732 mz slices ... OK
Create profile matrix with method 'bin' and step 0.616 ... OK
Create profile matrix with method 'bin' and step 0.616 ... OK
Create profile matrix with method 'bin' and step 0.616 ... OK
Create profile matrix with method 'bin' and step 0.616 ... OK
Create profile matrix with method 'bin' and step 0.616 ... OK
Create profile matrix with method 'bin' and step 0.616 ... OK
Create profile matrix with method 'bin' and step 0.616 ... OK
Create profile matrix with method 'bin' and step 0.616 ... OK
Processing 69732 mz slices ... OK
Create profile matrix with method 'bin' and step 0.616 ... OK
Create profile matrix with method 'bin' and step 0.616 ... OK
Create profile matrix with method 'bin' and step 0.616 ... OK
Create profile matrix with method 'bin' and step 0.616 ... OK
Create profile matrix with method 'bin' and step 0.616 ... OK
Create profile matrix with method 'bin' and step 0.616 ... OK
Create profile matrix with method 'bin' and step 0.616 ... OK
Create profile matrix with method 'bin' and step 0.616 ... OK
Processing 69732 mz slices ... OK
Create profile matrix with method 'bin' and step 0.616 ... OK
Create profile matrix with method 'bin' and step 0.616 ... OK
Create profile matrix with method 'bin' and step 0.616 ... OK
Create profile matrix with method 'bin' and step 0.616 ... OK
Create profile matrix with method 'bin' and step 0.616 ... OK
Create profile matrix with method 'bin' and step 0.616 ... OK
Create profile matrix with method 'bin' and step 0.616 ... OK
Create profile matrix with method 'bin' and step 0.616 ... OK
Processing 69732 mz slices ... OK
Create profile matrix with method 'bin' and step 0.904 ... OK
Create profile matrix with method 'bin' and step 0.904 ... OK
Create profile matrix with method 'bin' and step 0.904 ... OK
Create profile matrix with method 'bin' and step 0.904 ... OK
Create profile matrix with method 'bin' and step 0.904 ... OK
Create profile matrix with method 'bin' and step 0.904 ... OK
Create profile matrix with method 'bin' and step 0.904 ... OK
Create profile matrix with method 'bin' and step 0.904 ... OK
Processing 69732 mz slices ... OK
Create profile matrix with method 'bin' and step 0.904 ... OK
Create profile matrix with method 'bin' and step 0.904 ... OK
Create profile matrix with method 'bin' and step 0.904 ... OK
Create profile matrix with method 'bin' and step 0.904 ... OK
Create profile matrix with method 'bin' and step 0.904 ... OK
Create profile matrix with method 'bin' and step 0.904 ... OK
Create profile matrix with method 'bin' and step 0.904 ... OK
Create profile matrix with method 'bin' and step 0.904 ... OK
Processing 69732 mz slices ... OK
Create profile matrix with method 'bin' and step 0.904 ... OK
Create profile matrix with method 'bin' and step 0.904 ... OK
Create profile matrix with method 'bin' and step 0.904 ... OK
Create profile matrix with method 'bin' and step 0.904 ... OK
Create profile matrix with method 'bin' and step 0.904 ... OK
Create profile matrix with method 'bin' and step 0.904 ... OK
Create profile matrix with method 'bin' and step 0.904 ... OK
Create profile matrix with method 'bin' and step 0.904 ... OK
Processing 69732 mz slices ... OK
Create profile matrix with method 'bin' and step 0.904 ... OK
Create profile matrix with method 'bin' and step 0.904 ... OK
Create profile matrix with method 'bin' and step 0.904 ... OK
Create profile matrix with method 'bin' and step 0.904 ... OK
Create profile matrix with method 'bin' and step 0.904 ... OK
Create profile matrix with method 'bin' and step 0.904 ... OK
Create profile matrix with method 'bin' and step 0.904 ... OK
Create profile matrix with method 'bin' and step 0.904 ... OK
Processing 69732 mz slices ... OK
Create profile matrix with method 'bin' and step 0.616 ... OK
Create profile matrix with method 'bin' and step 0.616 ... OK
Create profile matrix with method 'bin' and step 0.616 ... OK
Create profile matrix with method 'bin' and step 0.616 ... OK
Create profile matrix with method 'bin' and step 0.616 ... OK
Create profile matrix with method 'bin' and step 0.616 ... OK
Create profile matrix with method 'bin' and step 0.616 ... OK
Create profile matrix with method 'bin' and step 0.616 ... OK
Processing 69732 mz slices ... OK
Create profile matrix with method 'bin' and step 0.616 ... OK
Create profile matrix with method 'bin' and step 0.616 ... OK
Create profile matrix with method 'bin' and step 0.616 ... OK
Create profile matrix with method 'bin' and step 0.616 ... OK
Create profile matrix with method 'bin' and step 0.616 ... OK
Create profile matrix with method 'bin' and step 0.616 ... OK
Create profile matrix with method 'bin' and step 0.616 ... OK
Create profile matrix with method 'bin' and step 0.616 ... OK
Processing 69732 mz slices ... OK
Create profile matrix with method 'bin' and step 0.616 ... OK
Create profile matrix with method 'bin' and step 0.616 ... OK
Create profile matrix with method 'bin' and step 0.616 ... OK
Create profile matrix with method 'bin' and step 0.616 ... OK
Create profile matrix with method 'bin' and step 0.616 ... OK
Create profile matrix with method 'bin' and step 0.616 ... OK
Create profile matrix with method 'bin' and step 0.616 ... OK
Create profile matrix with method 'bin' and step 0.616 ... OK
Processing 69732 mz slices ... OK
Create profile matrix with method 'bin' and step 0.616 ... OK
Create profile matrix with method 'bin' and step 0.616 ... OK
Create profile matrix with method 'bin' and step 0.616 ... OK
Create profile matrix with method 'bin' and step 0.616 ... OK
Create profile matrix with method 'bin' and step 0.616 ... OK
Create profile matrix with method 'bin' and step 0.616 ... OK
Create profile matrix with method 'bin' and step 0.616 ... OK
Create profile matrix with method 'bin' and step 0.616 ... OK
Processing 69732 mz slices ... OK
Create profile matrix with method 'bin' and step 0.904 ... OK
Create profile matrix with method 'bin' and step 0.904 ... OK
Create profile matrix with method 'bin' and step 0.904 ... OK
Create profile matrix with method 'bin' and step 0.904 ... OK
Create profile matrix with method 'bin' and step 0.904 ... OK
Create profile matrix with method 'bin' and step 0.904 ... OK
Create profile matrix with method 'bin' and step 0.904 ... OK
Create profile matrix with method 'bin' and step 0.904 ... OK
Processing 69732 mz slices ... OK
Create profile matrix with method 'bin' and step 0.904 ... OK
Create profile matrix with method 'bin' and step 0.904 ... OK
Create profile matrix with method 'bin' and step 0.904 ... OK
Create profile matrix with method 'bin' and step 0.904 ... OK
Create profile matrix with method 'bin' and step 0.904 ... OK
Create profile matrix with method 'bin' and step 0.904 ... OK
Create profile matrix with method 'bin' and step 0.904 ... OK
Create profile matrix with method 'bin' and step 0.904 ... OK
Processing 69732 mz slices ... OK
Create profile matrix with method 'bin' and step 0.904 ... OK
Create profile matrix with method 'bin' and step 0.904 ... OK
Create profile matrix with method 'bin' and step 0.904 ... OK
Create profile matrix with method 'bin' and step 0.904 ... OK
Create profile matrix with method 'bin' and step 0.904 ... OK
Create profile matrix with method 'bin' and step 0.904 ... OK
Create profile matrix with method 'bin' and step 0.904 ... OK
Create profile matrix with method 'bin' and step 0.904 ... OK
Processing 69732 mz slices ... OK
Create profile matrix with method 'bin' and step 0.904 ... OK
Create profile matrix with method 'bin' and step 0.904 ... OK
Create profile matrix with method 'bin' and step 0.904 ... OK
Create profile matrix with method 'bin' and step 0.904 ... OK
Create profile matrix with method 'bin' and step 0.904 ... OK
Create profile matrix with method 'bin' and step 0.904 ... OK
Create profile matrix with method 'bin' and step 0.904 ... OK
Create profile matrix with method 'bin' and step 0.904 ... OK
Processing 69732 mz slices ... OK
Create profile matrix with method 'bin' and step 0.76 ... OK
Create profile matrix with method 'bin' and step 0.76 ... OK
Create profile matrix with method 'bin' and step 0.76 ... OK
Create profile matrix with method 'bin' and step 0.76 ... OK
Create profile matrix with method 'bin' and step 0.76 ... OK
Create profile matrix with method 'bin' and step 0.76 ... OK
Create profile matrix with method 'bin' and step 0.76 ... OK
Create profile matrix with method 'bin' and step 0.76 ... OK
Processing 111053 mz slices ... OK
Create profile matrix with method 'bin' and step 0.76 ... OK
Create profile matrix with method 'bin' and step 0.76 ... OK
Create profile matrix with method 'bin' and step 0.76 ... OK
Create profile matrix with method 'bin' and step 0.76 ... OK
Create profile matrix with method 'bin' and step 0.76 ... OK
Create profile matrix with method 'bin' and step 0.76 ... OK
Create profile matrix with method 'bin' and step 0.76 ... OK
Create profile matrix with method 'bin' and step 0.76 ... OK
Processing 111053 mz slices ... OK
Create profile matrix with method 'bin' and step 0.76 ... OK
Create profile matrix with method 'bin' and step 0.76 ... OK
Create profile matrix with method 'bin' and step 0.76 ... OK
Create profile matrix with method 'bin' and step 0.76 ... OK
Create profile matrix with method 'bin' and step 0.76 ... OK
Create profile matrix with method 'bin' and step 0.76 ... OK
Create profile matrix with method 'bin' and step 0.76 ... OK
Create profile matrix with method 'bin' and step 0.76 ... OK
Processing 111053 mz slices ... OK
Create profile matrix with method 'bin' and step 0.76 ... OK
Create profile matrix with method 'bin' and step 0.76 ... OK
Create profile matrix with method 'bin' and step 0.76 ... OK
Create profile matrix with method 'bin' and step 0.76 ... OK
Create profile matrix with method 'bin' and step 0.76 ... OK
Create profile matrix with method 'bin' and step 0.76 ... OK
Create profile matrix with method 'bin' and step 0.76 ... OK
Create profile matrix with method 'bin' and step 0.76 ... OK
Processing 111053 mz slices ... OK
Create profile matrix with method 'bin' and step 0.76 ... OK
Create profile matrix with method 'bin' and step 0.76 ... OK
Create profile matrix with method 'bin' and step 0.76 ... OK
Create profile matrix with method 'bin' and step 0.76 ... OK
Create profile matrix with method 'bin' and step 0.76 ... OK
Create profile matrix with method 'bin' and step 0.76 ... OK
Create profile matrix with method 'bin' and step 0.76 ... OK
Create profile matrix with method 'bin' and step 0.76 ... OK
Processing 111053 mz slices ... OK
Create profile matrix with method 'bin' and step 0.616 ... OK
Create profile matrix with method 'bin' and step 0.616 ... OK
Create profile matrix with method 'bin' and step 0.616 ... OK
Create profile matrix with method 'bin' and step 0.616 ... OK
Create profile matrix with method 'bin' and step 0.616 ... OK
Create profile matrix with method 'bin' and step 0.616 ... OK
Create profile matrix with method 'bin' and step 0.616 ... OK
Create profile matrix with method 'bin' and step 0.616 ... OK
Processing 111053 mz slices ... OK
Create profile matrix with method 'bin' and step 0.904 ... OK
Create profile matrix with method 'bin' and step 0.904 ... OK
Create profile matrix with method 'bin' and step 0.904 ... OK
Create profile matrix with method 'bin' and step 0.904 ... OK
Create profile matrix with method 'bin' and step 0.904 ... OK
Create profile matrix with method 'bin' and step 0.904 ... OK
Create profile matrix with method 'bin' and step 0.904 ... OK
Create profile matrix with method 'bin' and step 0.904 ... OK
Processing 111053 mz slices ... OK
Create profile matrix with method 'bin' and step 0.76 ... OK
Create profile matrix with method 'bin' and step 0.76 ... OK
Create profile matrix with method 'bin' and step 0.76 ... OK
Create profile matrix with method 'bin' and step 0.76 ... OK
Create profile matrix with method 'bin' and step 0.76 ... OK
Create profile matrix with method 'bin' and step 0.76 ... OK
Create profile matrix with method 'bin' and step 0.76 ... OK
Create profile matrix with method 'bin' and step 0.76 ... OK
Processing 111053 mz slices ... OK
Create profile matrix with method 'bin' and step 0.76 ... OK
Create profile matrix with method 'bin' and step 0.76 ... OK
Create profile matrix with method 'bin' and step 0.76 ... OK
Create profile matrix with method 'bin' and step 0.76 ... OK
Create profile matrix with method 'bin' and step 0.76 ... OK
Create profile matrix with method 'bin' and step 0.76 ... OK
Create profile matrix with method 'bin' and step 0.76 ... OK
Create profile matrix with method 'bin' and step 0.76 ... OK
Processing 111053 mz slices ... OK
Create profile matrix with method 'bin' and step 0.76 ... OK
Create profile matrix with method 'bin' and step 0.76 ... OK
Create profile matrix with method 'bin' and step 0.76 ... OK
Create profile matrix with method 'bin' and step 0.76 ... OK
Create profile matrix with method 'bin' and step 0.76 ... OK
Create profile matrix with method 'bin' and step 0.76 ... OK
Create profile matrix with method 'bin' and step 0.76 ... OK
Create profile matrix with method 'bin' and step 0.76 ... OK
Processing 272584 mz slices ... OK
Create profile matrix with method 'bin' and step 0.76 ... OK
Create profile matrix with method 'bin' and step 0.76 ... OK
Create profile matrix with method 'bin' and step 0.76 ... OK
Create profile matrix with method 'bin' and step 0.76 ... OK
Create profile matrix with method 'bin' and step 0.76 ... OK
Create profile matrix with method 'bin' and step 0.76 ... OK
Create profile matrix with method 'bin' and step 0.76 ... OK
Create profile matrix with method 'bin' and step 0.76 ... OK
Processing 69732 mz slices ... OK
Create profile matrix with method 'bin' and step 0.76 ... OK
Create profile matrix with method 'bin' and step 0.76 ... OK
Create profile matrix with method 'bin' and step 0.76 ... OK
Create profile matrix with method 'bin' and step 0.76 ... OK
Create profile matrix with method 'bin' and step 0.76 ... OK
Create profile matrix with method 'bin' and step 0.76 ... OK
Create profile matrix with method 'bin' and step 0.76 ... OK
Create profile matrix with method 'bin' and step 0.76 ... OK
Processing 111053 mz slices ... OK
Create profile matrix with method 'bin' and step 0.616 ... OK
Create profile matrix with method 'bin' and step 0.616 ... OK
Create profile matrix with method 'bin' and step 0.616 ... OK
Create profile matrix with method 'bin' and step 0.616 ... OK
Create profile matrix with method 'bin' and step 0.616 ... OK
Create profile matrix with method 'bin' and step 0.616 ... OK
Create profile matrix with method 'bin' and step 0.616 ... OK
Create profile matrix with method 'bin' and step 0.616 ... OK
Processing 99286 mz slices ... OK
no increase stopping
library(xcms)
library(Rmpi)

xset <- xcmsSet( 
  method = "centWave",
  peakwidth       = c(10.2, 87.5),
  ppm             = 12.5,
  noise           = 1,
  snthresh        = 10,
  mzdiff          = -0.0032,
  prefilter       = c(3, 1),
  mzCenterFun     = "wMean",
  integrate       = 2,
  fitgauss        = FALSE,
  verbose.columns = TRUE)
xset <- retcor( 
  xset,
  method         = "obiwarp",
  plottype       = "none",
  distFunc       = "cor_opt",
  profStep       = 0.76,
  center         = 5,
  response       = 1,
  gapInit        = 0.64,
  gapExtend      = 2.4,
  factorDiag     = 2,
  factorGap      = 1,
  localAlignment = 0)
xset <- group( 
  xset,
  method  = "density",
  bw      = 12.4,
  mzwid   = 0.0162,
  minfrac = 0.05,
  minsamp = 1,
  max     = 50)

xset <- fillPeaks(xset)
Warning message:
In sink() : no sink to remove
