center sample:  128_M1_pE_205_V4_14376_V4 
Processing: 104_M1_pE_308_V4_6456_V4  035_M1_pE_118_V6_14387_V6  033_M1_pE_119_V2_6525_V2  108_M1_pE_306_V2_6451_V2  
center sample:  128_M1_pE_205_V4_14376_V4 
Processing: 104_M1_pE_308_V4_6456_V4  035_M1_pE_118_V6_14387_V6  033_M1_pE_119_V2_6525_V2  108_M1_pE_306_V2_6451_V2  
center sample:  128_M1_pE_205_V4_14376_V4 
Processing: 104_M1_pE_308_V4_6456_V4  035_M1_pE_118_V6_14387_V6  033_M1_pE_119_V2_6525_V2  108_M1_pE_306_V2_6451_V2  
center sample:  128_M1_pE_205_V4_14376_V4 
Processing: 104_M1_pE_308_V4_6456_V4  035_M1_pE_118_V6_14387_V6  033_M1_pE_119_V2_6525_V2  108_M1_pE_306_V2_6451_V2  
center sample:  128_M1_pE_205_V4_14376_V4 
Processing: 104_M1_pE_308_V4_6456_V4  035_M1_pE_118_V6_14387_V6  033_M1_pE_119_V2_6525_V2  108_M1_pE_306_V2_6451_V2  
center sample:  128_M1_pE_205_V4_14376_V4 
Processing: 104_M1_pE_308_V4_6456_V4  035_M1_pE_118_V6_14387_V6  033_M1_pE_119_V2_6525_V2  108_M1_pE_306_V2_6451_V2  
center sample:  128_M1_pE_205_V4_14376_V4 
Processing: 104_M1_pE_308_V4_6456_V4  035_M1_pE_118_V6_14387_V6  033_M1_pE_119_V2_6525_V2  108_M1_pE_306_V2_6451_V2  
center sample:  128_M1_pE_205_V4_14376_V4 
Processing: 104_M1_pE_308_V4_6456_V4  035_M1_pE_118_V6_14387_V6  033_M1_pE_119_V2_6525_V2  108_M1_pE_306_V2_6451_V2  
center sample:  128_M1_pE_205_V4_14376_V4 
Processing: 104_M1_pE_308_V4_6456_V4  035_M1_pE_118_V6_14387_V6  033_M1_pE_119_V2_6525_V2  108_M1_pE_306_V2_6451_V2  
center sample:  128_M1_pE_205_V4_14376_V4 
Processing: 104_M1_pE_308_V4_6456_V4  035_M1_pE_118_V6_14387_V6  033_M1_pE_119_V2_6525_V2  108_M1_pE_306_V2_6451_V2  
center sample:  128_M1_pE_205_V4_14376_V4 
Processing: 104_M1_pE_308_V4_6456_V4  035_M1_pE_118_V6_14387_V6  033_M1_pE_119_V2_6525_V2  108_M1_pE_306_V2_6451_V2  
center sample:  128_M1_pE_205_V4_14376_V4 
Processing: 104_M1_pE_308_V4_6456_V4  035_M1_pE_118_V6_14387_V6  033_M1_pE_119_V2_6525_V2  108_M1_pE_306_V2_6451_V2  
center sample:  128_M1_pE_205_V4_14376_V4 
Processing: 104_M1_pE_308_V4_6456_V4  035_M1_pE_118_V6_14387_V6  033_M1_pE_119_V2_6525_V2  108_M1_pE_306_V2_6451_V2  
center sample:  128_M1_pE_205_V4_14376_V4 
Processing: 104_M1_pE_308_V4_6456_V4  035_M1_pE_118_V6_14387_V6  033_M1_pE_119_V2_6525_V2  108_M1_pE_306_V2_6451_V2  
center sample:  128_M1_pE_205_V4_14376_V4 
Processing: 104_M1_pE_308_V4_6456_V4  035_M1_pE_118_V6_14387_V6  033_M1_pE_119_V2_6525_V2  108_M1_pE_306_V2_6451_V2  
center sample:  128_M1_pE_205_V4_14376_V4 
Processing: 104_M1_pE_308_V4_6456_V4  035_M1_pE_118_V6_14387_V6  033_M1_pE_119_V2_6525_V2  108_M1_pE_306_V2_6451_V2  
center sample:  128_M1_pE_205_V4_14376_V4 
Processing: 104_M1_pE_308_V4_6456_V4  035_M1_pE_118_V6_14387_V6  033_M1_pE_119_V2_6525_V2  108_M1_pE_306_V2_6451_V2  
center sample:  128_M1_pE_205_V4_14376_V4 
Processing: 104_M1_pE_308_V4_6456_V4  035_M1_pE_118_V6_14387_V6  033_M1_pE_119_V2_6525_V2  108_M1_pE_306_V2_6451_V2  
center sample:  128_M1_pE_205_V4_14376_V4 
Processing: 104_M1_pE_308_V4_6456_V4  035_M1_pE_118_V6_14387_V6  033_M1_pE_119_V2_6525_V2  108_M1_pE_306_V2_6451_V2  
center sample:  128_M1_pE_205_V4_14376_V4 
Processing: 104_M1_pE_308_V4_6456_V4  035_M1_pE_118_V6_14387_V6  033_M1_pE_119_V2_6525_V2  108_M1_pE_306_V2_6451_V2  
center sample:  128_M1_pE_205_V4_14376_V4 
Processing: 104_M1_pE_308_V4_6456_V4  035_M1_pE_118_V6_14387_V6  033_M1_pE_119_V2_6525_V2  108_M1_pE_306_V2_6451_V2  
center sample:  128_M1_pE_205_V4_14376_V4 
Processing: 104_M1_pE_308_V4_6456_V4  035_M1_pE_118_V6_14387_V6  033_M1_pE_119_V2_6525_V2  108_M1_pE_306_V2_6451_V2  
center sample:  128_M1_pE_205_V4_14376_V4 
Processing: 104_M1_pE_308_V4_6456_V4  035_M1_pE_118_V6_14387_V6  033_M1_pE_119_V2_6525_V2  108_M1_pE_306_V2_6451_V2  
center sample:  128_M1_pE_205_V4_14376_V4 
Processing: 104_M1_pE_308_V4_6456_V4  035_M1_pE_118_V6_14387_V6  033_M1_pE_119_V2_6525_V2  108_M1_pE_306_V2_6451_V2  
center sample:  128_M1_pE_205_V4_14376_V4 
Processing: 104_M1_pE_308_V4_6456_V4  035_M1_pE_118_V6_14387_V6  033_M1_pE_119_V2_6525_V2  108_M1_pE_306_V2_6451_V2  
center sample:  128_M1_pE_205_V4_14376_V4 
Processing: 104_M1_pE_308_V4_6456_V4  035_M1_pE_118_V6_14387_V6  033_M1_pE_119_V2_6525_V2  108_M1_pE_306_V2_6451_V2  
center sample:  128_M1_pE_205_V4_14376_V4 
Processing: 104_M1_pE_308_V4_6456_V4  035_M1_pE_118_V6_14387_V6  033_M1_pE_119_V2_6525_V2  108_M1_pE_306_V2_6451_V2  
center sample:  128_M1_pE_205_V4_14376_V4 
Processing: 104_M1_pE_308_V4_6456_V4  035_M1_pE_118_V6_14387_V6  033_M1_pE_119_V2_6525_V2  108_M1_pE_306_V2_6451_V2  
center sample:  128_M1_pE_205_V4_14376_V4 
Processing: 104_M1_pE_308_V4_6456_V4  035_M1_pE_118_V6_14387_V6  033_M1_pE_119_V2_6525_V2  108_M1_pE_306_V2_6451_V2  
center sample:  128_M1_pE_205_V4_14376_V4 
Processing: 104_M1_pE_308_V4_6456_V4  035_M1_pE_118_V6_14387_V6  033_M1_pE_119_V2_6525_V2  108_M1_pE_306_V2_6451_V2  
center sample:  128_M1_pE_205_V4_14376_V4 
Processing: 104_M1_pE_308_V4_6456_V4  035_M1_pE_118_V6_14387_V6  033_M1_pE_119_V2_6525_V2  108_M1_pE_306_V2_6451_V2  
center sample:  128_M1_pE_205_V4_14376_V4 
Processing: 104_M1_pE_308_V4_6456_V4  035_M1_pE_118_V6_14387_V6  033_M1_pE_119_V2_6525_V2  108_M1_pE_306_V2_6451_V2  
center sample:  128_M1_pE_205_V4_14376_V4 
Processing: 104_M1_pE_308_V4_6456_V4  035_M1_pE_118_V6_14387_V6  033_M1_pE_119_V2_6525_V2  108_M1_pE_306_V2_6451_V2  
center sample:  128_M1_pE_205_V4_14376_V4 
Processing: 104_M1_pE_308_V4_6456_V4  035_M1_pE_118_V6_14387_V6  033_M1_pE_119_V2_6525_V2  108_M1_pE_306_V2_6451_V2  
center sample:  128_M1_pE_205_V4_14376_V4 
Processing: 104_M1_pE_308_V4_6456_V4  035_M1_pE_118_V6_14387_V6  033_M1_pE_119_V2_6525_V2  108_M1_pE_306_V2_6451_V2  
center sample:  128_M1_pE_205_V4_14376_V4 
Processing: 104_M1_pE_308_V4_6456_V4  035_M1_pE_118_V6_14387_V6  033_M1_pE_119_V2_6525_V2  108_M1_pE_306_V2_6451_V2  
center sample:  128_M1_pE_205_V4_14376_V4 
Processing: 104_M1_pE_308_V4_6456_V4  035_M1_pE_118_V6_14387_V6  033_M1_pE_119_V2_6525_V2  108_M1_pE_306_V2_6451_V2  
center sample:  128_M1_pE_205_V4_14376_V4 
Processing: 104_M1_pE_308_V4_6456_V4  035_M1_pE_118_V6_14387_V6  033_M1_pE_119_V2_6525_V2  108_M1_pE_306_V2_6451_V2  
center sample:  128_M1_pE_205_V4_14376_V4 
Processing: 104_M1_pE_308_V4_6456_V4  035_M1_pE_118_V6_14387_V6  033_M1_pE_119_V2_6525_V2  108_M1_pE_306_V2_6451_V2  
center sample:  128_M1_pE_205_V4_14376_V4 
Processing: 104_M1_pE_308_V4_6456_V4  035_M1_pE_118_V6_14387_V6  033_M1_pE_119_V2_6525_V2  108_M1_pE_306_V2_6451_V2  
center sample:  128_M1_pE_205_V4_14376_V4 
Processing: 104_M1_pE_308_V4_6456_V4  035_M1_pE_118_V6_14387_V6  033_M1_pE_119_V2_6525_V2  108_M1_pE_306_V2_6451_V2  
center sample:  128_M1_pE_205_V4_14376_V4 
Processing: 104_M1_pE_308_V4_6456_V4  035_M1_pE_118_V6_14387_V6  033_M1_pE_119_V2_6525_V2  108_M1_pE_306_V2_6451_V2  
center sample:  128_M1_pE_205_V4_14376_V4 
Processing: 104_M1_pE_308_V4_6456_V4  035_M1_pE_118_V6_14387_V6  033_M1_pE_119_V2_6525_V2  108_M1_pE_306_V2_6451_V2  
center sample:  128_M1_pE_205_V4_14376_V4 
Processing: 104_M1_pE_308_V4_6456_V4  035_M1_pE_118_V6_14387_V6  033_M1_pE_119_V2_6525_V2  108_M1_pE_306_V2_6451_V2  
center sample:  128_M1_pE_205_V4_14376_V4 
Processing: 104_M1_pE_308_V4_6456_V4  035_M1_pE_118_V6_14387_V6  033_M1_pE_119_V2_6525_V2  108_M1_pE_306_V2_6451_V2  
center sample:  128_M1_pE_205_V4_14376_V4 
Processing: 104_M1_pE_308_V4_6456_V4  035_M1_pE_118_V6_14387_V6  033_M1_pE_119_V2_6525_V2  108_M1_pE_306_V2_6451_V2  
center sample:  128_M1_pE_205_V4_14376_V4 
Processing: 104_M1_pE_308_V4_6456_V4  035_M1_pE_118_V6_14387_V6  033_M1_pE_119_V2_6525_V2  108_M1_pE_306_V2_6451_V2  
center sample:  128_M1_pE_205_V4_14376_V4 
Processing: 104_M1_pE_308_V4_6456_V4  035_M1_pE_118_V6_14387_V6  033_M1_pE_119_V2_6525_V2  108_M1_pE_306_V2_6451_V2  
center sample:  128_M1_pE_205_V4_14376_V4 
Processing: 104_M1_pE_308_V4_6456_V4  035_M1_pE_118_V6_14387_V6  033_M1_pE_119_V2_6525_V2  108_M1_pE_306_V2_6451_V2  
center sample:  128_M1_pE_205_V4_14376_V4 
Processing: 104_M1_pE_308_V4_6456_V4  035_M1_pE_118_V6_14387_V6  033_M1_pE_119_V2_6525_V2  108_M1_pE_306_V2_6451_V2  
center sample:  128_M1_pE_205_V4_14376_V4 
Processing: 104_M1_pE_308_V4_6456_V4  035_M1_pE_118_V6_14387_V6  033_M1_pE_119_V2_6525_V2  108_M1_pE_306_V2_6451_V2  
center sample:  128_M1_pE_205_V4_14376_V4 
Processing: 104_M1_pE_308_V4_6456_V4  035_M1_pE_118_V6_14387_V6  033_M1_pE_119_V2_6525_V2  108_M1_pE_306_V2_6451_V2  
center sample:  128_M1_pE_205_V4_14376_V4 
Processing: 104_M1_pE_308_V4_6456_V4  035_M1_pE_118_V6_14387_V6  033_M1_pE_119_V2_6525_V2  108_M1_pE_306_V2_6451_V2  
center sample:  128_M1_pE_205_V4_14376_V4 
Processing: 104_M1_pE_308_V4_6456_V4  035_M1_pE_118_V6_14387_V6  033_M1_pE_119_V2_6525_V2  108_M1_pE_306_V2_6451_V2  
center sample:  128_M1_pE_205_V4_14376_V4 
Processing: 104_M1_pE_308_V4_6456_V4  035_M1_pE_118_V6_14387_V6  033_M1_pE_119_V2_6525_V2  108_M1_pE_306_V2_6451_V2  
center sample:  128_M1_pE_205_V4_14376_V4 
Processing: 104_M1_pE_308_V4_6456_V4  035_M1_pE_118_V6_14387_V6  033_M1_pE_119_V2_6525_V2  108_M1_pE_306_V2_6451_V2  
center sample:  128_M1_pE_205_V4_14376_V4 
Processing: 104_M1_pE_308_V4_6456_V4  035_M1_pE_118_V6_14387_V6  033_M1_pE_119_V2_6525_V2  108_M1_pE_306_V2_6451_V2  
center sample:  128_M1_pE_205_V4_14376_V4 
Processing: 104_M1_pE_308_V4_6456_V4  035_M1_pE_118_V6_14387_V6  033_M1_pE_119_V2_6525_V2  108_M1_pE_306_V2_6451_V2  
center sample:  128_M1_pE_205_V4_14376_V4 
Processing: 104_M1_pE_308_V4_6456_V4  035_M1_pE_118_V6_14387_V6  033_M1_pE_119_V2_6525_V2  108_M1_pE_306_V2_6451_V2  
center sample:  128_M1_pE_205_V4_14376_V4 
Processing: 104_M1_pE_308_V4_6456_V4  035_M1_pE_118_V6_14387_V6  033_M1_pE_119_V2_6525_V2  108_M1_pE_306_V2_6451_V2  
center sample:  128_M1_pE_205_V4_14376_V4 
Processing: 104_M1_pE_308_V4_6456_V4  035_M1_pE_118_V6_14387_V6  033_M1_pE_119_V2_6525_V2  108_M1_pE_306_V2_6451_V2  
center sample:  128_M1_pE_205_V4_14376_V4 
Processing: 104_M1_pE_308_V4_6456_V4  035_M1_pE_118_V6_14387_V6  033_M1_pE_119_V2_6525_V2  108_M1_pE_306_V2_6451_V2  
center sample:  128_M1_pE_205_V4_14376_V4 
Processing: 104_M1_pE_308_V4_6456_V4  035_M1_pE_118_V6_14387_V6  033_M1_pE_119_V2_6525_V2  108_M1_pE_306_V2_6451_V2  
center sample:  128_M1_pE_205_V4_14376_V4 
Processing: 104_M1_pE_308_V4_6456_V4  035_M1_pE_118_V6_14387_V6  033_M1_pE_119_V2_6525_V2  108_M1_pE_306_V2_6451_V2  
center sample:  128_M1_pE_205_V4_14376_V4 
Processing: 104_M1_pE_308_V4_6456_V4  035_M1_pE_118_V6_14387_V6  033_M1_pE_119_V2_6525_V2  108_M1_pE_306_V2_6451_V2  
center sample:  128_M1_pE_205_V4_14376_V4 
Processing: 104_M1_pE_308_V4_6456_V4  035_M1_pE_118_V6_14387_V6  033_M1_pE_119_V2_6525_V2  108_M1_pE_306_V2_6451_V2  
center sample:  128_M1_pE_205_V4_14376_V4 
Processing: 104_M1_pE_308_V4_6456_V4  035_M1_pE_118_V6_14387_V6  033_M1_pE_119_V2_6525_V2  108_M1_pE_306_V2_6451_V2  
center sample:  128_M1_pE_205_V4_14376_V4 
Processing: 104_M1_pE_308_V4_6456_V4  035_M1_pE_118_V6_14387_V6  033_M1_pE_119_V2_6525_V2  108_M1_pE_306_V2_6451_V2  
center sample:  128_M1_pE_205_V4_14376_V4 
Processing: 104_M1_pE_308_V4_6456_V4  035_M1_pE_118_V6_14387_V6  033_M1_pE_119_V2_6525_V2  108_M1_pE_306_V2_6451_V2  
center sample:  128_M1_pE_205_V4_14376_V4 
Processing: 104_M1_pE_308_V4_6456_V4  035_M1_pE_118_V6_14387_V6  033_M1_pE_119_V2_6525_V2  108_M1_pE_306_V2_6451_V2  
center sample:  128_M1_pE_205_V4_14376_V4 
Processing: 104_M1_pE_308_V4_6456_V4  035_M1_pE_118_V6_14387_V6  033_M1_pE_119_V2_6525_V2  108_M1_pE_306_V2_6451_V2  
center sample:  128_M1_pE_205_V4_14376_V4 
Processing: 104_M1_pE_308_V4_6456_V4  035_M1_pE_118_V6_14387_V6  033_M1_pE_119_V2_6525_V2  108_M1_pE_306_V2_6451_V2  
center sample:  128_M1_pE_205_V4_14376_V4 
Processing: 104_M1_pE_308_V4_6456_V4  035_M1_pE_118_V6_14387_V6  033_M1_pE_119_V2_6525_V2  108_M1_pE_306_V2_6451_V2  
center sample:  128_M1_pE_205_V4_14376_V4 
Processing: 104_M1_pE_308_V4_6456_V4  035_M1_pE_118_V6_14387_V6  033_M1_pE_119_V2_6525_V2  108_M1_pE_306_V2_6451_V2  
center sample:  128_M1_pE_205_V4_14376_V4 
Processing: 104_M1_pE_308_V4_6456_V4  035_M1_pE_118_V6_14387_V6  033_M1_pE_119_V2_6525_V2  108_M1_pE_306_V2_6451_V2  
center sample:  128_M1_pE_205_V4_14376_V4 
Processing: 104_M1_pE_308_V4_6456_V4  035_M1_pE_118_V6_14387_V6  033_M1_pE_119_V2_6525_V2  108_M1_pE_306_V2_6451_V2  
center sample:  128_M1_pE_205_V4_14376_V4 
Processing: 104_M1_pE_308_V4_6456_V4  035_M1_pE_118_V6_14387_V6  033_M1_pE_119_V2_6525_V2  108_M1_pE_306_V2_6451_V2  
center sample:  128_M1_pE_205_V4_14376_V4 
Processing: 104_M1_pE_308_V4_6456_V4  035_M1_pE_118_V6_14387_V6  033_M1_pE_119_V2_6525_V2  108_M1_pE_306_V2_6451_V2  
center sample:  128_M1_pE_205_V4_14376_V4 
Processing: 104_M1_pE_308_V4_6456_V4  035_M1_pE_118_V6_14387_V6  033_M1_pE_119_V2_6525_V2  108_M1_pE_306_V2_6451_V2  
center sample:  128_M1_pE_205_V4_14376_V4 
Processing: 104_M1_pE_308_V4_6456_V4  035_M1_pE_118_V6_14387_V6  033_M1_pE_119_V2_6525_V2  108_M1_pE_306_V2_6451_V2  
center sample:  128_M1_pE_205_V4_14376_V4 
Processing: 104_M1_pE_308_V4_6456_V4  035_M1_pE_118_V6_14387_V6  033_M1_pE_119_V2_6525_V2  108_M1_pE_306_V2_6451_V2  
center sample:  128_M1_pE_205_V4_14376_V4 
Processing: 104_M1_pE_308_V4_6456_V4  035_M1_pE_118_V6_14387_V6  033_M1_pE_119_V2_6525_V2  108_M1_pE_306_V2_6451_V2  
center sample:  128_M1_pE_205_V4_14376_V4 
Processing: 104_M1_pE_308_V4_6456_V4  035_M1_pE_118_V6_14387_V6  033_M1_pE_119_V2_6525_V2  108_M1_pE_306_V2_6451_V2  
center sample:  128_M1_pE_205_V4_14376_V4 
Processing: 104_M1_pE_308_V4_6456_V4  035_M1_pE_118_V6_14387_V6  033_M1_pE_119_V2_6525_V2  108_M1_pE_306_V2_6451_V2  
center sample:  128_M1_pE_205_V4_14376_V4 
Processing: 104_M1_pE_308_V4_6456_V4  035_M1_pE_118_V6_14387_V6  033_M1_pE_119_V2_6525_V2  108_M1_pE_306_V2_6451_V2  
center sample:  128_M1_pE_205_V4_14376_V4 
Processing: 104_M1_pE_308_V4_6456_V4  035_M1_pE_118_V6_14387_V6  033_M1_pE_119_V2_6525_V2  108_M1_pE_306_V2_6451_V2  
center sample:  128_M1_pE_205_V4_14376_V4 
Processing: 104_M1_pE_308_V4_6456_V4  035_M1_pE_118_V6_14387_V6  033_M1_pE_119_V2_6525_V2  108_M1_pE_306_V2_6451_V2  
center sample:  128_M1_pE_205_V4_14376_V4 
Processing: 104_M1_pE_308_V4_6456_V4  035_M1_pE_118_V6_14387_V6  033_M1_pE_119_V2_6525_V2  108_M1_pE_306_V2_6451_V2  
center sample:  128_M1_pE_205_V4_14376_V4 
Processing: 104_M1_pE_308_V4_6456_V4  035_M1_pE_118_V6_14387_V6  033_M1_pE_119_V2_6525_V2  108_M1_pE_306_V2_6451_V2  
center sample:  128_M1_pE_205_V4_14376_V4 
Processing: 104_M1_pE_308_V4_6456_V4  035_M1_pE_118_V6_14387_V6  033_M1_pE_119_V2_6525_V2  108_M1_pE_306_V2_6451_V2  
matographic peaks in 1875 regions of interest ... OK: 40 found.
23
Detecting mass traces at 24.5 ppm ... OK
Detecting chromatographic peaks in 7320 regions of interest ... OK: 91 found.
24
Detecting mass traces at 24.5 ppm ... OK
Detecting chromatographic peaks in 1875 regions of interest ... OK: 76 found.
25
Detecting mass traces at 9.5 ppm ... OK
Detecting chromatographic peaks in 4337 regions of interest ... OK: 49 found.
26
Detecting mass traces at 9.5 ppm ... OK
Detecting chromatographic peaks in 1137 regions of interest ... OK: 33 found.
27
Detecting mass traces at 9.5 ppm ... OK
Detecting chromatographic peaks in 4337 regions of interest ... OK: 68 found.
28
Detecting mass traces at 9.5 ppm ... OK
Detecting chromatographic peaks in 1137 regions of interest ... OK: 59 found.
29
Detecting mass traces at 24.5 ppm ... OK
Detecting chromatographic peaks in 7320 regions of interest ... OK: 67 found.
30
Detecting mass traces at 24.5 ppm ... OK
Detecting chromatographic peaks in 1875 regions of interest ... OK: 39 found.
31
Detecting mass traces at 24.5 ppm ... OK
Detecting chromatographic peaks in 7320 regions of interest ... OK: 90 found.
32
Detecting mass traces at 24.5 ppm ... OK
Detecting chromatographic peaks in 1875 regions of interest ... OK: 75 found.
33
Detecting mass traces at 9.5 ppm ... OK
Detecting chromatographic peaks in 4337 regions of interest ... OK: 49 found.
34
Detecting mass traces at 9.5 ppm ... OK
Detecting chromatographic peaks in 1137 regions of interest ... OK: 33 found.
35
Detecting mass traces at 9.5 ppm ... OK
Detecting chromatographic peaks in 4337 regions of interest ... OK: 68 found.
36
Detecting mass traces at 9.5 ppm ... OK
Detecting chromatographic peaks in 1137 regions of interest ... OK: 59 found.
37
Detecting mass traces at 24.5 ppm ... OK
Detecting chromatographic peaks in 7320 regions of interest ... OK: 68 found.
38
Detecting mass traces at 24.5 ppm ... OK
Detecting chromatographic peaks in 1875 regions of interest ... OK: 40 found.
39
Detecting mass traces at 24.5 ppm ... OK
Detecting chromatographic peaks in 7320 regions of interest ... OK: 91 found.
40
Detecting mass traces at 24.5 ppm ... OK
Detecting chromatographic peaks in 1875 regions of interest ... OK: 76 found.
41
Detecting mass traces at 9.5 ppm ... OK
Detecting chromatographic peaks in 4337 regions of interest ... OK: 49 found.
42
Detecting mass traces at 9.5 ppm ... OK
Detecting chromatographic peaks in 1137 regions of interest ... OK: 33 found.
43
Detecting mass traces at 9.5 ppm ... OK
Detecting chromatographic peaks in 4337 regions of interest ... OK: 68 found.
44
Detecting mass traces at 9.5 ppm ... OK
Detecting chromatographic peaks in 1137 regions of interest ... OK: 59 found.
45
Detecting mass traces at 24.5 ppm ... OK
Detecting chromatographic peaks in 7320 regions of interest ... OK: 67 found.
46
Detecting mass traces at 24.5 ppm ... OK
Detecting chromatographic peaks in 1875 regions of interest ... OK: 39 found.
47
Detecting mass traces at 24.5 ppm ... OK
Detecting chromatographic peaks in 7320 regions of interest ... OK: 90 found.
48
Detecting mass traces at 24.5 ppm ... OK
Detecting chromatographic peaks in 1875 regions of interest ... OK: 75 found.
49
Detecting mass traces at 9.5 ppm ... OK
Detecting chromatographic peaks in 4337 regions of interest ... OK: 49 found.
50
Detecting mass traces at 9.5 ppm ... OK
Detecting chromatographic peaks in 1137 regions of interest ... OK: 33 found.
51
Detecting mass traces at 9.5 ppm ... OK
Detecting chromatographic peaks in 4337 regions of interest ... OK: 68 found.
52
Detecting mass traces at 9.5 ppm ... OK
Detecting chromatographic peaks in 1137 regions of interest ... OK: 59 found.
53
Detecting mass traces at 24.5 ppm ... OK
Detecting chromatographic peaks in 7320 regions of interest ... OK: 68 found.
54
Detecting mass traces at 24.5 ppm ... OK
Detecting chromatographic peaks in 1875 regions of interest ... OK: 40 found.
55
Detecting mass traces at 24.5 ppm ... OK
Detecting chromatographic peaks in 7320 regions of interest ... OK: 91 found.
56
Detecting mass traces at 24.5 ppm ... OK
Detecting chromatographic peaks in 1875 regions of interest ... OK: 76 found.
57
Detecting mass traces at 9.5 ppm ... OK
Detecting chromatographic peaks in 4337 regions of interest ... OK: 49 found.
58
Detecting mass traces at 9.5 ppm ... OK
Detecting chromatographic peaks in 1137 regions of interest ... OK: 33 found.
59
Detecting mass traces at 9.5 ppm ... OK
Detecting chromatographic peaks in 4337 regions of interest ... OK: 68 found.
60
Detecting mass traces at 9.5 ppm ... OK
Detecting chromatographic peaks in 1137 regions of interest ... OK: 59 found.
61
Detecting mass traces at 24.5 ppm ... OK
Detecting chromatographic peaks in 7320 regions of interest ... OK: 67 found.
62
Detecting mass traces at 24.5 ppm ... OK
Detecting chromatographic peaks in 1875 regions of interest ... OK: 39 found.
63
Detecting mass traces at 24.5 ppm ... OK
Detecting chromatographic peaks in 7320 regions of interest ... OK: 90 found.
64
Detecting mass traces at 24.5 ppm ... OK
Detecting chromatographic peaks in 1875 regions of interest ... OK: 75 found.
65
Detecting mass traces at 17 ppm ... OK
Detecting chromatographic peaks in 2244 regions of interest ... OK: 65 found.
66
Detecting mass traces at 17 ppm ... OK
Detecting chromatographic peaks in 6257 regions of interest ... OK: 74 found.
67
Detecting mass traces at 17 ppm ... OK
Detecting chromatographic peaks in 1590 regions of interest ... OK: 65 found.
68
Detecting mass traces at 17 ppm ... OK
Detecting chromatographic peaks in 2244 regions of interest ... OK: 51 found.
69
Detecting mass traces at 17 ppm ... OK
Detecting chromatographic peaks in 2244 regions of interest ... OK: 70 found.
70
Detecting mass traces at 9.5 ppm ... OK
Detecting chromatographic peaks in 1594 regions of interest ... OK: 60 found.
71
Detecting mass traces at 24.5 ppm ... OK
Detecting chromatographic peaks in 2678 regions of interest ... OK: 71 found.
72
Detecting mass traces at 17 ppm ... OK
Detecting chromatographic peaks in 2244 regions of interest ... OK: 68 found.
73
Detecting mass traces at 17 ppm ... OK
Detecting chromatographic peaks in 2244 regions of interest ... OK: 65 found.
74
Detecting mass traces at 17 ppm ... OK
Detecting chromatographic peaks in 2244 regions of interest ... OK: 65 found.
75
Detecting mass traces at 17 ppm ... OK
Detecting chromatographic peaks in 2244 regions of interest ... OK: 65 found.
76
Detecting mass traces at 17 ppm ... OK
Detecting chromatographic peaks in 2244 regions of interest ... OK: 65 found.
77
Detecting mass traces at 17 ppm ... OK
Detecting chromatographic peaks in 2244 regions of interest ... OK: 65 found.
78
Detecting mass traces at 17 ppm ... OK
Detecting chromatographic peaks in 2244 regions of interest ... OK: 65 found.
Detecting mass traces at 16.25 ppm ... OK
Detecting chromatographic peaks in 3107 regions of interest ... OK: 76 found.
no increase, stopping
best parameter settings:
min_peakwidth: 25.6
max_peakwidth: 68
ppm: 16.25
mzdiff: -0.0065
noise: 450.5
value_of_prefilter: 450.5
snthresh: 10
prefilter: 3
mzCenterFun: wMean
integrate: 2
fitgauss: FALSE
verbose.columns: TRUE

There were 50 or more warnings (use warnings() to see the first 50)
Detecting mass traces at 16.25 ppm ... OK
Detecting chromatographic peaks in 3226 regions of interest ... OK: 91 found.
Detecting mass traces at 16.25 ppm ... OK
Detecting chromatographic peaks in 3543 regions of interest ... OK: 87 found.
Detecting mass traces at 16.25 ppm ... OK
Detecting chromatographic peaks in 3693 regions of interest ... OK: 85 found.
Detecting mass traces at 16.25 ppm ... OK
Detecting chromatographic peaks in 3262 regions of interest ... OK: 65 found.
Detecting mass traces at 16.25 ppm ... OK
Detecting chromatographic peaks in 3200 regions of interest ... OK: 95 found.
Warning messages:
1: In .local(object, ...) :
  It looks like this file is in profile mode. centWave can process only centroid mode data !

2: In .local(object, ...) :
  It looks like this file is in profile mode. centWave can process only centroid mode data !

3: In .local(object, ...) :
  It looks like this file is in profile mode. centWave can process only centroid mode data !




starting new DoE with:

distFunc: cor_opt
gapInit: c(0, 0.4)
gapExtend: c(2.1, 2.7)
profStep: c(0.7, 1)
plottype: none
response: 1
factorDiag: 2
factorGap: 1
localAlignment: 0
retcorMethod: obiwarp
bw: c(22, 38)
minfrac: 0.05
mzwid: c(0.015, 0.035)
minsamp: 1
max: 50
center: 5

Create profile matrix with method 'bin' and step 0.7 ... OK
Create profile matrix with method 'bin' and step 0.7 ... OK
Create profile matrix with method 'bin' and step 0.7 ... OK
Create profile matrix with method 'bin' and step 0.7 ... OK
Create profile matrix with method 'bin' and step 0.7 ... OK
Create profile matrix with method 'bin' and step 0.7 ... OK
Create profile matrix with method 'bin' and step 0.7 ... OK
Create profile matrix with method 'bin' and step 0.7 ... OK
Processing 123868 mz slices ... OK
Create profile matrix with method 'bin' and step 0.7 ... OK
Create profile matrix with method 'bin' and step 0.7 ... OK
Create profile matrix with method 'bin' and step 0.7 ... OK
Create profile matrix with method 'bin' and step 0.7 ... OK
Create profile matrix with method 'bin' and step 0.7 ... OK
Create profile matrix with method 'bin' and step 0.7 ... OK
Create profile matrix with method 'bin' and step 0.7 ... OK
Create profile matrix with method 'bin' and step 0.7 ... OK
Processing 123868 mz slices ... OK
Create profile matrix with method 'bin' and step 0.7 ... OK
Create profile matrix with method 'bin' and step 0.7 ... OK
Create profile matrix with method 'bin' and step 0.7 ... OK
Create profile matrix with method 'bin' and step 0.7 ... OK
Create profile matrix with method 'bin' and step 0.7 ... OK
Create profile matrix with method 'bin' and step 0.7 ... OK
Create profile matrix with method 'bin' and step 0.7 ... OK
Create profile matrix with method 'bin' and step 0.7 ... OK
Processing 123868 mz slices ... OK
Create profile matrix with method 'bin' and step 0.7 ... OK
Create profile matrix with method 'bin' and step 0.7 ... OK
Create profile matrix with method 'bin' and step 0.7 ... OK
Create profile matrix with method 'bin' and step 0.7 ... OK
Create profile matrix with method 'bin' and step 0.7 ... OK
Create profile matrix with method 'bin' and step 0.7 ... OK
Create profile matrix with method 'bin' and step 0.7 ... OK
Create profile matrix with method 'bin' and step 0.7 ... OK
Processing 123868 mz slices ... OK
Create profile matrix with method 'bin' and step 1 ... OK
Create profile matrix with method 'bin' and step 1 ... OK
Create profile matrix with method 'bin' and step 1 ... OK
Create profile matrix with method 'bin' and step 1 ... OK
Create profile matrix with method 'bin' and step 1 ... OK
Processing 123868 mz slices ... OK
Create profile matrix with method 'bin' and step 1 ... OK
Create profile matrix with method 'bin' and step 1 ... OK
Create profile matrix with method 'bin' and step 1 ... OK
Create profile matrix with method 'bin' and step 1 ... OK
Create profile matrix with method 'bin' and step 1 ... OK
Processing 123868 mz slices ... OK
Create profile matrix with method 'bin' and step 1 ... OK
Create profile matrix with method 'bin' and step 1 ... OK
Create profile matrix with method 'bin' and step 1 ... OK
Create profile matrix with method 'bin' and step 1 ... OK
Create profile matrix with method 'bin' and step 1 ... OK
Processing 123868 mz slices ... OK
Create profile matrix with method 'bin' and step 1 ... OK
Create profile matrix with method 'bin' and step 1 ... OK
Create profile matrix with method 'bin' and step 1 ... OK
Create profile matrix with method 'bin' and step 1 ... OK
Create profile matrix with method 'bin' and step 1 ... OK
Processing 123868 mz slices ... OK
Create profile matrix with method 'bin' and step 0.7 ... OK
Create profile matrix with method 'bin' and step 0.7 ... OK
Create profile matrix with method 'bin' and step 0.7 ... OK
Create profile matrix with method 'bin' and step 0.7 ... OK
Create profile matrix with method 'bin' and step 0.7 ... OK
Create profile matrix with method 'bin' and step 0.7 ... OK
Create profile matrix with method 'bin' and step 0.7 ... OK
Create profile matrix with method 'bin' and step 0.7 ... OK
Processing 123868 mz slices ... OK
Create profile matrix with method 'bin' and step 0.7 ... OK
Create profile matrix with method 'bin' and step 0.7 ... OK
Create profile matrix with method 'bin' and step 0.7 ... OK
Create profile matrix with method 'bin' and step 0.7 ... OK
Create profile matrix with method 'bin' and step 0.7 ... OK
Create profile matrix with method 'bin' and step 0.7 ... OK
Create profile matrix with method 'bin' and step 0.7 ... OK
Create profile matrix with method 'bin' and step 0.7 ... OK
Processing 123868 mz slices ... OK
Create profile matrix with method 'bin' and step 0.7 ... OK
Create profile matrix with method 'bin' and step 0.7 ... OK
Create profile matrix with method 'bin' and step 0.7 ... OK
Create profile matrix with method 'bin' and step 0.7 ... OK
Create profile matrix with method 'bin' and step 0.7 ... OK
Create profile matrix with method 'bin' and step 0.7 ... OK
Create profile matrix with method 'bin' and step 0.7 ... OK
Create profile matrix with method 'bin' and step 0.7 ... OK
Processing 123868 mz slices ... OK
Create profile matrix with method 'bin' and step 0.7 ... OK
Create profile matrix with method 'bin' and step 0.7 ... OK
Create profile matrix with method 'bin' and step 0.7 ... OK
Create profile matrix with method 'bin' and step 0.7 ... OK
Create profile matrix with method 'bin' and step 0.7 ... OK
Create profile matrix with method 'bin' and step 0.7 ... OK
Create profile matrix with method 'bin' and step 0.7 ... OK
Create profile matrix with method 'bin' and step 0.7 ... OK
Processing 123868 mz slices ... OK
Create profile matrix with method 'bin' and step 1 ... OK
Create profile matrix with method 'bin' and step 1 ... OK
Create profile matrix with method 'bin' and step 1 ... OK
Create profile matrix with method 'bin' and step 1 ... OK
Create profile matrix with method 'bin' and step 1 ... OK
Processing 123868 mz slices ... OK
Create profile matrix with method 'bin' and step 1 ... OK
Create profile matrix with method 'bin' and step 1 ... OK
Create profile matrix with method 'bin' and step 1 ... OK
Create profile matrix with method 'bin' and step 1 ... OK
Create profile matrix with method 'bin' and step 1 ... OK
Processing 123868 mz slices ... OK
Create profile matrix with method 'bin' and step 1 ... OK
Create profile matrix with method 'bin' and step 1 ... OK
Create profile matrix with method 'bin' and step 1 ... OK
Create profile matrix with method 'bin' and step 1 ... OK
Create profile matrix with method 'bin' and step 1 ... OK
Processing 123868 mz slices ... OK
Create profile matrix with method 'bin' and step 1 ... OK
Create profile matrix with method 'bin' and step 1 ... OK
Create profile matrix with method 'bin' and step 1 ... OK
Create profile matrix with method 'bin' and step 1 ... OK
Create profile matrix with method 'bin' and step 1 ... OK
Processing 123868 mz slices ... OK
Create profile matrix with method 'bin' and step 0.7 ... OK
Create profile matrix with method 'bin' and step 0.7 ... OK
Create profile matrix with method 'bin' and step 0.7 ... OK
Create profile matrix with method 'bin' and step 0.7 ... OK
Create profile matrix with method 'bin' and step 0.7 ... OK
Create profile matrix with method 'bin' and step 0.7 ... OK
Create profile matrix with method 'bin' and step 0.7 ... OK
Create profile matrix with method 'bin' and step 0.7 ... OK
Processing 53087 mz slices ... OK
Create profile matrix with method 'bin' and step 0.7 ... OK
Create profile matrix with method 'bin' and step 0.7 ... OK
Create profile matrix with method 'bin' and step 0.7 ... OK
Create profile matrix with method 'bin' and step 0.7 ... OK
Create profile matrix with method 'bin' and step 0.7 ... OK
Create profile matrix with method 'bin' and step 0.7 ... OK
Create profile matrix with method 'bin' and step 0.7 ... OK
Create profile matrix with method 'bin' and step 0.7 ... OK
Processing 53087 mz slices ... OK
Create profile matrix with method 'bin' and step 0.7 ... OK
Create profile matrix with method 'bin' and step 0.7 ... OK
Create profile matrix with method 'bin' and step 0.7 ... OK
Create profile matrix with method 'bin' and step 0.7 ... OK
Create profile matrix with method 'bin' and step 0.7 ... OK
Create profile matrix with method 'bin' and step 0.7 ... OK
Create profile matrix with method 'bin' and step 0.7 ... OK
Create profile matrix with method 'bin' and step 0.7 ... OK
Processing 53087 mz slices ... OK
Create profile matrix with method 'bin' and step 0.7 ... OK
Create profile matrix with method 'bin' and step 0.7 ... OK
Create profile matrix with method 'bin' and step 0.7 ... OK
Create profile matrix with method 'bin' and step 0.7 ... OK
Create profile matrix with method 'bin' and step 0.7 ... OK
Create profile matrix with method 'bin' and step 0.7 ... OK
Create profile matrix with method 'bin' and step 0.7 ... OK
Create profile matrix with method 'bin' and step 0.7 ... OK
Processing 53087 mz slices ... OK
Create profile matrix with method 'bin' and step 1 ... OK
Create profile matrix with method 'bin' and step 1 ... OK
Create profile matrix with method 'bin' and step 1 ... OK
Create profile matrix with method 'bin' and step 1 ... OK
Create profile matrix with method 'bin' and step 1 ... OK
Processing 53087 mz slices ... OK
Create profile matrix with method 'bin' and step 1 ... OK
Create profile matrix with method 'bin' and step 1 ... OK
Create profile matrix with method 'bin' and step 1 ... OK
Create profile matrix with method 'bin' and step 1 ... OK
Create profile matrix with method 'bin' and step 1 ... OK
Processing 53087 mz slices ... OK
Create profile matrix with method 'bin' and step 1 ... OK
Create profile matrix with method 'bin' and step 1 ... OK
Create profile matrix with method 'bin' and step 1 ... OK
Create profile matrix with method 'bin' and step 1 ... OK
Create profile matrix with method 'bin' and step 1 ... OK
Processing 53087 mz slices ... OK
Create profile matrix with method 'bin' and step 1 ... OK
Create profile matrix with method 'bin' and step 1 ... OK
Create profile matrix with method 'bin' and step 1 ... OK
Create profile matrix with method 'bin' and step 1 ... OK
Create profile matrix with method 'bin' and step 1 ... OK
Processing 53087 mz slices ... OK
Create profile matrix with method 'bin' and step 0.7 ... OK
Create profile matrix with method 'bin' and step 0.7 ... OK
Create profile matrix with method 'bin' and step 0.7 ... OK
Create profile matrix with method 'bin' and step 0.7 ... OK
Create profile matrix with method 'bin' and step 0.7 ... OK
Create profile matrix with method 'bin' and step 0.7 ... OK
Create profile matrix with method 'bin' and step 0.7 ... OK
Create profile matrix with method 'bin' and step 0.7 ... OK
Processing 53087 mz slices ... OK
Create profile matrix with method 'bin' and step 0.7 ... OK
Create profile matrix with method 'bin' and step 0.7 ... OK
Create profile matrix with method 'bin' and step 0.7 ... OK
Create profile matrix with method 'bin' and step 0.7 ... OK
Create profile matrix with method 'bin' and step 0.7 ... OK
Create profile matrix with method 'bin' and step 0.7 ... OK
Create profile matrix with method 'bin' and step 0.7 ... OK
Create profile matrix with method 'bin' and step 0.7 ... OK
Processing 53087 mz slices ... OK
Create profile matrix with method 'bin' and step 0.7 ... OK
Create profile matrix with method 'bin' and step 0.7 ... OK
Create profile matrix with method 'bin' and step 0.7 ... OK
Create profile matrix with method 'bin' and step 0.7 ... OK
Create profile matrix with method 'bin' and step 0.7 ... OK
Create profile matrix with method 'bin' and step 0.7 ... OK
Create profile matrix with method 'bin' and step 0.7 ... OK
Create profile matrix with method 'bin' and step 0.7 ... OK
Processing 53087 mz slices ... OK
Create profile matrix with method 'bin' and step 0.7 ... OK
Create profile matrix with method 'bin' and step 0.7 ... OK
Create profile matrix with method 'bin' and step 0.7 ... OK
Create profile matrix with method 'bin' and step 0.7 ... OK
Create profile matrix with method 'bin' and step 0.7 ... OK
Create profile matrix with method 'bin' and step 0.7 ... OK
Create profile matrix with method 'bin' and step 0.7 ... OK
Create profile matrix with method 'bin' and step 0.7 ... OK
Processing 53087 mz slices ... OK
Create profile matrix with method 'bin' and step 1 ... OK
Create profile matrix with method 'bin' and step 1 ... OK
Create profile matrix with method 'bin' and step 1 ... OK
Create profile matrix with method 'bin' and step 1 ... OK
Create profile matrix with method 'bin' and step 1 ... OK
Processing 53087 mz slices ... OK
Create profile matrix with method 'bin' and step 1 ... OK
Create profile matrix with method 'bin' and step 1 ... OK
Create profile matrix with method 'bin' and step 1 ... OK
Create profile matrix with method 'bin' and step 1 ... OK
Create profile matrix with method 'bin' and step 1 ... OK
Processing 53087 mz slices ... OK
Create profile matrix with method 'bin' and step 1 ... OK
Create profile matrix with method 'bin' and step 1 ... OK
Create profile matrix with method 'bin' and step 1 ... OK
Create profile matrix with method 'bin' and step 1 ... OK
Create profile matrix with method 'bin' and step 1 ... OK
Processing 53087 mz slices ... OK
Create profile matrix with method 'bin' and step 1 ... OK
Create profile matrix with method 'bin' and step 1 ... OK
Create profile matrix with method 'bin' and step 1 ... OK
Create profile matrix with method 'bin' and step 1 ... OK
Create profile matrix with method 'bin' and step 1 ... OK
Processing 53087 mz slices ... OK
Create profile matrix with method 'bin' and step 0.85 ... OK
Create profile matrix with method 'bin' and step 0.85 ... OK
Create profile matrix with method 'bin' and step 0.85 ... OK
Create profile matrix with method 'bin' and step 0.85 ... OK
Create profile matrix with method 'bin' and step 0.85 ... OK
Create profile matrix with method 'bin' and step 0.85 ... OK
Create profile matrix with method 'bin' and step 0.85 ... OK
Create profile matrix with method 'bin' and step 0.85 ... OK
Processing 74322 mz slices ... OK
Create profile matrix with method 'bin' and step 0.85 ... OK
Create profile matrix with method 'bin' and step 0.85 ... OK
Create profile matrix with method 'bin' and step 0.85 ... OK
Create profile matrix with method 'bin' and step 0.85 ... OK
Create profile matrix with method 'bin' and step 0.85 ... OK
Create profile matrix with method 'bin' and step 0.85 ... OK
Create profile matrix with method 'bin' and step 0.85 ... OK
Create profile matrix with method 'bin' and step 0.85 ... OK
Processing 74322 mz slices ... OK
Create profile matrix with method 'bin' and step 0.85 ... OK
Create profile matrix with method 'bin' and step 0.85 ... OK
Create profile matrix with method 'bin' and step 0.85 ... OK
Create profile matrix with method 'bin' and step 0.85 ... OK
Create profile matrix with method 'bin' and step 0.85 ... OK
Create profile matrix with method 'bin' and step 0.85 ... OK
Create profile matrix with method 'bin' and step 0.85 ... OK
Create profile matrix with method 'bin' and step 0.85 ... OK
Processing 74322 mz slices ... OK
Create profile matrix with method 'bin' and step 0.85 ... OK
Create profile matrix with method 'bin' and step 0.85 ... OK
Create profile matrix with method 'bin' and step 0.85 ... OK
Create profile matrix with method 'bin' and step 0.85 ... OK
Create profile matrix with method 'bin' and step 0.85 ... OK
Create profile matrix with method 'bin' and step 0.85 ... OK
Create profile matrix with method 'bin' and step 0.85 ... OK
Create profile matrix with method 'bin' and step 0.85 ... OK
Processing 74322 mz slices ... OK
Create profile matrix with method 'bin' and step 0.85 ... OK
Create profile matrix with method 'bin' and step 0.85 ... OK
Create profile matrix with method 'bin' and step 0.85 ... OK
Create profile matrix with method 'bin' and step 0.85 ... OK
Create profile matrix with method 'bin' and step 0.85 ... OK
Create profile matrix with method 'bin' and step 0.85 ... OK
Create profile matrix with method 'bin' and step 0.85 ... OK
Create profile matrix with method 'bin' and step 0.85 ... OK
Processing 74322 mz slices ... OK
Create profile matrix with method 'bin' and step 0.7 ... OK
Create profile matrix with method 'bin' and step 0.7 ... OK
Create profile matrix with method 'bin' and step 0.7 ... OK
Create profile matrix with method 'bin' and step 0.7 ... OK
Create profile matrix with method 'bin' and step 0.7 ... OK
Create profile matrix with method 'bin' and step 0.7 ... OK
Create profile matrix with method 'bin' and step 0.7 ... OK
Create profile matrix with method 'bin' and step 0.7 ... OK
Processing 74322 mz slices ... OK
Create profile matrix with method 'bin' and step 1 ... OK
Create profile matrix with method 'bin' and step 1 ... OK
Create profile matrix with method 'bin' and step 1 ... OK
Create profile matrix with method 'bin' and step 1 ... OK
Create profile matrix with method 'bin' and step 1 ... OK
Processing 74322 mz slices ... OK
Create profile matrix with method 'bin' and step 0.85 ... OK
Create profile matrix with method 'bin' and step 0.85 ... OK
Create profile matrix with method 'bin' and step 0.85 ... OK
Create profile matrix with method 'bin' and step 0.85 ... OK
Create profile matrix with method 'bin' and step 0.85 ... OK
Create profile matrix with method 'bin' and step 0.85 ... OK
Create profile matrix with method 'bin' and step 0.85 ... OK
Create profile matrix with method 'bin' and step 0.85 ... OK
Processing 74322 mz slices ... OK
Create profile matrix with method 'bin' and step 0.85 ... OK
Create profile matrix with method 'bin' and step 0.85 ... OK
Create profile matrix with method 'bin' and step 0.85 ... OK
Create profile matrix with method 'bin' and step 0.85 ... OK
Create profile matrix with method 'bin' and step 0.85 ... OK
Create profile matrix with method 'bin' and step 0.85 ... OK
Create profile matrix with method 'bin' and step 0.85 ... OK
Create profile matrix with method 'bin' and step 0.85 ... OK
Processing 74322 mz slices ... OK
Create profile matrix with method 'bin' and step 0.85 ... OK
Create profile matrix with method 'bin' and step 0.85 ... OK
Create profile matrix with method 'bin' and step 0.85 ... OK
Create profile matrix with method 'bin' and step 0.85 ... OK
Create profile matrix with method 'bin' and step 0.85 ... OK
Create profile matrix with method 'bin' and step 0.85 ... OK
Create profile matrix with method 'bin' and step 0.85 ... OK
Create profile matrix with method 'bin' and step 0.85 ... OK
Processing 123868 mz slices ... OK
Create profile matrix with method 'bin' and step 0.85 ... OK
Create profile matrix with method 'bin' and step 0.85 ... OK
Create profile matrix with method 'bin' and step 0.85 ... OK
Create profile matrix with method 'bin' and step 0.85 ... OK
Create profile matrix with method 'bin' and step 0.85 ... OK
Create profile matrix with method 'bin' and step 0.85 ... OK
Create profile matrix with method 'bin' and step 0.85 ... OK
Create profile matrix with method 'bin' and step 0.85 ... OK
Processing 53087 mz slices ... OK
Create profile matrix with method 'bin' and step 0.85 ... OK
Create profile matrix with method 'bin' and step 0.85 ... OK
Create profile matrix with method 'bin' and step 0.85 ... OK
Create profile matrix with method 'bin' and step 0.85 ... OK
Create profile matrix with method 'bin' and step 0.85 ... OK
Create profile matrix with method 'bin' and step 0.85 ... OK
Create profile matrix with method 'bin' and step 0.85 ... OK
Create profile matrix with method 'bin' and step 0.85 ... OK
Processing 74322 mz slices ... OK
Create profile matrix with method 'bin' and step 0.7 ... OK
Create profile matrix with method 'bin' and step 0.7 ... OK
Create profile matrix with method 'bin' and step 0.7 ... OK
Create profile matrix with method 'bin' and step 0.7 ... OK
Create profile matrix with method 'bin' and step 0.7 ... OK
Create profile matrix with method 'bin' and step 0.7 ... OK
Create profile matrix with method 'bin' and step 0.7 ... OK
Create profile matrix with method 'bin' and step 0.7 ... OK
Processing 53087 mz slices ... OK



starting new DoE with:

gapInit: c(0, 0.4)
gapExtend: c(2.13, 2.61)
profStep: c(0.52, 0.88)
bw: c(18, 34)
mzwid: c(0.023, 0.047)
distFunc: cor_opt
plottype: none
response: 1
factorDiag: 2
factorGap: 1
localAlignment: 0
retcorMethod: obiwarp
minfrac: 0.05
minsamp: 1
max: 50
center: 5

Create profile matrix with method 'bin' and step 0.52 ... OK
Create profile matrix with method 'bin' and step 0.52 ... OK
Create profile matrix with method 'bin' and step 0.52 ... OK
Create profile matrix with method 'bin' and step 0.52 ... OK
Create profile matrix with method 'bin' and step 0.52 ... OK
Create profile matrix with method 'bin' and step 0.52 ... OK
Create profile matrix with method 'bin' and step 0.52 ... OK
Create profile matrix with method 'bin' and step 0.52 ... OK
Processing 80784 mz slices ... OK
Create profile matrix with method 'bin' and step 0.52 ... OK
Create profile matrix with method 'bin' and step 0.52 ... OK
Create profile matrix with method 'bin' and step 0.52 ... OK
Create profile matrix with method 'bin' and step 0.52 ... OK
Create profile matrix with method 'bin' and step 0.52 ... OK
Create profile matrix with method 'bin' and step 0.52 ... OK
Create profile matrix with method 'bin' and step 0.52 ... OK
Create profile matrix with method 'bin' and step 0.52 ... OK
Processing 80784 mz slices ... OK
Create profile matrix with method 'bin' and step 0.52 ... OK
Create profile matrix with method 'bin' and step 0.52 ... OK
Create profile matrix with method 'bin' and step 0.52 ... OK
Create profile matrix with method 'bin' and step 0.52 ... OK
Create profile matrix with method 'bin' and step 0.52 ... OK
Create profile matrix with method 'bin' and step 0.52 ... OK
Create profile matrix with method 'bin' and step 0.52 ... OK
Create profile matrix with method 'bin' and step 0.52 ... OK
Processing 80784 mz slices ... OK
Create profile matrix with method 'bin' and step 0.52 ... OK
Create profile matrix with method 'bin' and step 0.52 ... OK
Create profile matrix with method 'bin' and step 0.52 ... OK
Create profile matrix with method 'bin' and step 0.52 ... OK
Create profile matrix with method 'bin' and step 0.52 ... OK
Create profile matrix with method 'bin' and step 0.52 ... OK
Create profile matrix with method 'bin' and step 0.52 ... OK
Create profile matrix with method 'bin' and step 0.52 ... OK
Processing 80784 mz slices ... OK
Create profile matrix with method 'bin' and step 0.88 ... OK
Create profile matrix with method 'bin' and step 0.88 ... OK
Create profile matrix with method 'bin' and step 0.88 ... OK
Create profile matrix with method 'bin' and step 0.88 ... OK
Create profile matrix with method 'bin' and step 0.88 ... OK
Create profile matrix with method 'bin' and step 0.88 ... OK
Create profile matrix with method 'bin' and step 0.88 ... OK
Create profile matrix with method 'bin' and step 0.88 ... OK
Processing 80784 mz slices ... OK
Create profile matrix with method 'bin' and step 0.88 ... OK
Create profile matrix with method 'bin' and step 0.88 ... OK
Create profile matrix with method 'bin' and step 0.88 ... OK
Create profile matrix with method 'bin' and step 0.88 ... OK
Create profile matrix with method 'bin' and step 0.88 ... OK
Create profile matrix with method 'bin' and step 0.88 ... OK
Create profile matrix with method 'bin' and step 0.88 ... OK
Create profile matrix with method 'bin' and step 0.88 ... OK
Processing 80784 mz slices ... OK
Create profile matrix with method 'bin' and step 0.88 ... OK
Create profile matrix with method 'bin' and step 0.88 ... OK
Create profile matrix with method 'bin' and step 0.88 ... OK
Create profile matrix with method 'bin' and step 0.88 ... OK
Create profile matrix with method 'bin' and step 0.88 ... OK
Create profile matrix with method 'bin' and step 0.88 ... OK
Create profile matrix with method 'bin' and step 0.88 ... OK
Create profile matrix with method 'bin' and step 0.88 ... OK
Processing 80784 mz slices ... OK
Create profile matrix with method 'bin' and step 0.88 ... OK
Create profile matrix with method 'bin' and step 0.88 ... OK
Create profile matrix with method 'bin' and step 0.88 ... OK
Create profile matrix with method 'bin' and step 0.88 ... OK
Create profile matrix with method 'bin' and step 0.88 ... OK
Create profile matrix with method 'bin' and step 0.88 ... OK
Create profile matrix with method 'bin' and step 0.88 ... OK
Create profile matrix with method 'bin' and step 0.88 ... OK
Processing 80784 mz slices ... OK
Create profile matrix with method 'bin' and step 0.52 ... OK
Create profile matrix with method 'bin' and step 0.52 ... OK
Create profile matrix with method 'bin' and step 0.52 ... OK
Create profile matrix with method 'bin' and step 0.52 ... OK
Create profile matrix with method 'bin' and step 0.52 ... OK
Create profile matrix with method 'bin' and step 0.52 ... OK
Create profile matrix with method 'bin' and step 0.52 ... OK
Create profile matrix with method 'bin' and step 0.52 ... OK
Processing 80784 mz slices ... OK
Create profile matrix with method 'bin' and step 0.52 ... OK
Create profile matrix with method 'bin' and step 0.52 ... OK
Create profile matrix with method 'bin' and step 0.52 ... OK
Create profile matrix with method 'bin' and step 0.52 ... OK
Create profile matrix with method 'bin' and step 0.52 ... OK
Create profile matrix with method 'bin' and step 0.52 ... OK
Create profile matrix with method 'bin' and step 0.52 ... OK
Create profile matrix with method 'bin' and step 0.52 ... OK
Processing 80784 mz slices ... OK
Create profile matrix with method 'bin' and step 0.52 ... OK
Create profile matrix with method 'bin' and step 0.52 ... OK
Create profile matrix with method 'bin' and step 0.52 ... OK
Create profile matrix with method 'bin' and step 0.52 ... OK
Create profile matrix with method 'bin' and step 0.52 ... OK
Create profile matrix with method 'bin' and step 0.52 ... OK
Create profile matrix with method 'bin' and step 0.52 ... OK
Create profile matrix with method 'bin' and step 0.52 ... OK
Processing 80784 mz slices ... OK
Create profile matrix with method 'bin' and step 0.52 ... OK
Create profile matrix with method 'bin' and step 0.52 ... OK
Create profile matrix with method 'bin' and step 0.52 ... OK
Create profile matrix with method 'bin' and step 0.52 ... OK
Create profile matrix with method 'bin' and step 0.52 ... OK
Create profile matrix with method 'bin' and step 0.52 ... OK
Create profile matrix with method 'bin' and step 0.52 ... OK
Create profile matrix with method 'bin' and step 0.52 ... OK
Processing 80784 mz slices ... OK
Create profile matrix with method 'bin' and step 0.88 ... OK
Create profile matrix with method 'bin' and step 0.88 ... OK
Create profile matrix with method 'bin' and step 0.88 ... OK
Create profile matrix with method 'bin' and step 0.88 ... OK
Create profile matrix with method 'bin' and step 0.88 ... OK
Create profile matrix with method 'bin' and step 0.88 ... OK
Create profile matrix with method 'bin' and step 0.88 ... OK
Create profile matrix with method 'bin' and step 0.88 ... OK
Processing 80784 mz slices ... OK
Create profile matrix with method 'bin' and step 0.88 ... OK
Create profile matrix with method 'bin' and step 0.88 ... OK
Create profile matrix with method 'bin' and step 0.88 ... OK
Create profile matrix with method 'bin' and step 0.88 ... OK
Create profile matrix with method 'bin' and step 0.88 ... OK
Create profile matrix with method 'bin' and step 0.88 ... OK
Create profile matrix with method 'bin' and step 0.88 ... OK
Create profile matrix with method 'bin' and step 0.88 ... OK
Processing 80784 mz slices ... OK
Create profile matrix with method 'bin' and step 0.88 ... OK
Create profile matrix with method 'bin' and step 0.88 ... OK
Create profile matrix with method 'bin' and step 0.88 ... OK
Create profile matrix with method 'bin' and step 0.88 ... OK
Create profile matrix with method 'bin' and step 0.88 ... OK
Create profile matrix with method 'bin' and step 0.88 ... OK
Create profile matrix with method 'bin' and step 0.88 ... OK
Create profile matrix with method 'bin' and step 0.88 ... OK
Processing 80784 mz slices ... OK
Create profile matrix with method 'bin' and step 0.88 ... OK
Create profile matrix with method 'bin' and step 0.88 ... OK
Create profile matrix with method 'bin' and step 0.88 ... OK
Create profile matrix with method 'bin' and step 0.88 ... OK
Create profile matrix with method 'bin' and step 0.88 ... OK
Create profile matrix with method 'bin' and step 0.88 ... OK
Create profile matrix with method 'bin' and step 0.88 ... OK
Create profile matrix with method 'bin' and step 0.88 ... OK
Processing 80784 mz slices ... OK
Create profile matrix with method 'bin' and step 0.52 ... OK
Create profile matrix with method 'bin' and step 0.52 ... OK
Create profile matrix with method 'bin' and step 0.52 ... OK
Create profile matrix with method 'bin' and step 0.52 ... OK
Create profile matrix with method 'bin' and step 0.52 ... OK
Create profile matrix with method 'bin' and step 0.52 ... OK
Create profile matrix with method 'bin' and step 0.52 ... OK
Create profile matrix with method 'bin' and step 0.52 ... OK
Processing 39533 mz slices ... OK
Create profile matrix with method 'bin' and step 0.52 ... OK
Create profile matrix with method 'bin' and step 0.52 ... OK
Create profile matrix with method 'bin' and step 0.52 ... OK
Create profile matrix with method 'bin' and step 0.52 ... OK
Create profile matrix with method 'bin' and step 0.52 ... OK
Create profile matrix with method 'bin' and step 0.52 ... OK
Create profile matrix with method 'bin' and step 0.52 ... OK
Create profile matrix with method 'bin' and step 0.52 ... OK
Processing 39533 mz slices ... OK
Create profile matrix with method 'bin' and step 0.52 ... OK
Create profile matrix with method 'bin' and step 0.52 ... OK
Create profile matrix with method 'bin' and step 0.52 ... OK
Create profile matrix with method 'bin' and step 0.52 ... OK
Create profile matrix with method 'bin' and step 0.52 ... OK
Create profile matrix with method 'bin' and step 0.52 ... OK
Create profile matrix with method 'bin' and step 0.52 ... OK
Create profile matrix with method 'bin' and step 0.52 ... OK
Processing 39533 mz slices ... OK
Create profile matrix with method 'bin' and step 0.52 ... OK
Create profile matrix with method 'bin' and step 0.52 ... OK
Create profile matrix with method 'bin' and step 0.52 ... OK
Create profile matrix with method 'bin' and step 0.52 ... OK
Create profile matrix with method 'bin' and step 0.52 ... OK
Create profile matrix with method 'bin' and step 0.52 ... OK
Create profile matrix with method 'bin' and step 0.52 ... OK
Create profile matrix with method 'bin' and step 0.52 ... OK
Processing 39533 mz slices ... OK
Create profile matrix with method 'bin' and step 0.88 ... OK
Create profile matrix with method 'bin' and step 0.88 ... OK
Create profile matrix with method 'bin' and step 0.88 ... OK
Create profile matrix with method 'bin' and step 0.88 ... OK
Create profile matrix with method 'bin' and step 0.88 ... OK
Create profile matrix with method 'bin' and step 0.88 ... OK
Create profile matrix with method 'bin' and step 0.88 ... OK
Create profile matrix with method 'bin' and step 0.88 ... OK
Processing 39533 mz slices ... OK
Create profile matrix with method 'bin' and step 0.88 ... OK
Create profile matrix with method 'bin' and step 0.88 ... OK
Create profile matrix with method 'bin' and step 0.88 ... OK
Create profile matrix with method 'bin' and step 0.88 ... OK
Create profile matrix with method 'bin' and step 0.88 ... OK
Create profile matrix with method 'bin' and step 0.88 ... OK
Create profile matrix with method 'bin' and step 0.88 ... OK
Create profile matrix with method 'bin' and step 0.88 ... OK
Processing 39533 mz slices ... OK
Create profile matrix with method 'bin' and step 0.88 ... OK
Create profile matrix with method 'bin' and step 0.88 ... OK
Create profile matrix with method 'bin' and step 0.88 ... OK
Create profile matrix with method 'bin' and step 0.88 ... OK
Create profile matrix with method 'bin' and step 0.88 ... OK
Create profile matrix with method 'bin' and step 0.88 ... OK
Create profile matrix with method 'bin' and step 0.88 ... OK
Create profile matrix with method 'bin' and step 0.88 ... OK
Processing 39533 mz slices ... OK
Create profile matrix with method 'bin' and step 0.88 ... OK
Create profile matrix with method 'bin' and step 0.88 ... OK
Create profile matrix with method 'bin' and step 0.88 ... OK
Create profile matrix with method 'bin' and step 0.88 ... OK
Create profile matrix with method 'bin' and step 0.88 ... OK
Create profile matrix with method 'bin' and step 0.88 ... OK
Create profile matrix with method 'bin' and step 0.88 ... OK
Create profile matrix with method 'bin' and step 0.88 ... OK
Processing 39533 mz slices ... OK
Create profile matrix with method 'bin' and step 0.52 ... OK
Create profile matrix with method 'bin' and step 0.52 ... OK
Create profile matrix with method 'bin' and step 0.52 ... OK
Create profile matrix with method 'bin' and step 0.52 ... OK
Create profile matrix with method 'bin' and step 0.52 ... OK
Create profile matrix with method 'bin' and step 0.52 ... OK
Create profile matrix with method 'bin' and step 0.52 ... OK
Create profile matrix with method 'bin' and step 0.52 ... OK
Processing 39533 mz slices ... OK
Create profile matrix with method 'bin' and step 0.52 ... OK
Create profile matrix with method 'bin' and step 0.52 ... OK
Create profile matrix with method 'bin' and step 0.52 ... OK
Create profile matrix with method 'bin' and step 0.52 ... OK
Create profile matrix with method 'bin' and step 0.52 ... OK
Create profile matrix with method 'bin' and step 0.52 ... OK
Create profile matrix with method 'bin' and step 0.52 ... OK
Create profile matrix with method 'bin' and step 0.52 ... OK
Processing 39533 mz slices ... OK
Create profile matrix with method 'bin' and step 0.52 ... OK
Create profile matrix with method 'bin' and step 0.52 ... OK
Create profile matrix with method 'bin' and step 0.52 ... OK
Create profile matrix with method 'bin' and step 0.52 ... OK
Create profile matrix with method 'bin' and step 0.52 ... OK
Create profile matrix with method 'bin' and step 0.52 ... OK
Create profile matrix with method 'bin' and step 0.52 ... OK
Create profile matrix with method 'bin' and step 0.52 ... OK
Processing 39533 mz slices ... OK
Create profile matrix with method 'bin' and step 0.52 ... OK
Create profile matrix with method 'bin' and step 0.52 ... OK
Create profile matrix with method 'bin' and step 0.52 ... OK
Create profile matrix with method 'bin' and step 0.52 ... OK
Create profile matrix with method 'bin' and step 0.52 ... OK
Create profile matrix with method 'bin' and step 0.52 ... OK
Create profile matrix with method 'bin' and step 0.52 ... OK
Create profile matrix with method 'bin' and step 0.52 ... OK
Processing 39533 mz slices ... OK
Create profile matrix with method 'bin' and step 0.88 ... OK
Create profile matrix with method 'bin' and step 0.88 ... OK
Create profile matrix with method 'bin' and step 0.88 ... OK
Create profile matrix with method 'bin' and step 0.88 ... OK
Create profile matrix with method 'bin' and step 0.88 ... OK
Create profile matrix with method 'bin' and step 0.88 ... OK
Create profile matrix with method 'bin' and step 0.88 ... OK
Create profile matrix with method 'bin' and step 0.88 ... OK
Processing 39533 mz slices ... OK
Create profile matrix with method 'bin' and step 0.88 ... OK
Create profile matrix with method 'bin' and step 0.88 ... OK
Create profile matrix with method 'bin' and step 0.88 ... OK
Create profile matrix with method 'bin' and step 0.88 ... OK
Create profile matrix with method 'bin' and step 0.88 ... OK
Create profile matrix with method 'bin' and step 0.88 ... OK
Create profile matrix with method 'bin' and step 0.88 ... OK
Create profile matrix with method 'bin' and step 0.88 ... OK
Processing 39533 mz slices ... OK
Create profile matrix with method 'bin' and step 0.88 ... OK
Create profile matrix with method 'bin' and step 0.88 ... OK
Create profile matrix with method 'bin' and step 0.88 ... OK
Create profile matrix with method 'bin' and step 0.88 ... OK
Create profile matrix with method 'bin' and step 0.88 ... OK
Create profile matrix with method 'bin' and step 0.88 ... OK
Create profile matrix with method 'bin' and step 0.88 ... OK
Create profile matrix with method 'bin' and step 0.88 ... OK
Processing 39533 mz slices ... OK
Create profile matrix with method 'bin' and step 0.88 ... OK
Create profile matrix with method 'bin' and step 0.88 ... OK
Create profile matrix with method 'bin' and step 0.88 ... OK
Create profile matrix with method 'bin' and step 0.88 ... OK
Create profile matrix with method 'bin' and step 0.88 ... OK
Create profile matrix with method 'bin' and step 0.88 ... OK
Create profile matrix with method 'bin' and step 0.88 ... OK
Create profile matrix with method 'bin' and step 0.88 ... OK
Processing 39533 mz slices ... OK
Create profile matrix with method 'bin' and step 0.7 ... OK
Create profile matrix with method 'bin' and step 0.7 ... OK
Create profile matrix with method 'bin' and step 0.7 ... OK
Create profile matrix with method 'bin' and step 0.7 ... OK
Create profile matrix with method 'bin' and step 0.7 ... OK
Create profile matrix with method 'bin' and step 0.7 ... OK
Create profile matrix with method 'bin' and step 0.7 ... OK
Create profile matrix with method 'bin' and step 0.7 ... OK
Processing 53087 mz slices ... OK
Create profile matrix with method 'bin' and step 0.7 ... OK
Create profile matrix with method 'bin' and step 0.7 ... OK
Create profile matrix with method 'bin' and step 0.7 ... OK
Create profile matrix with method 'bin' and step 0.7 ... OK
Create profile matrix with method 'bin' and step 0.7 ... OK
Create profile matrix with method 'bin' and step 0.7 ... OK
Create profile matrix with method 'bin' and step 0.7 ... OK
Create profile matrix with method 'bin' and step 0.7 ... OK
Processing 53087 mz slices ... OK
Create profile matrix with method 'bin' and step 0.7 ... OK
Create profile matrix with method 'bin' and step 0.7 ... OK
Create profile matrix with method 'bin' and step 0.7 ... OK
Create profile matrix with method 'bin' and step 0.7 ... OK
Create profile matrix with method 'bin' and step 0.7 ... OK
Create profile matrix with method 'bin' and step 0.7 ... OK
Create profile matrix with method 'bin' and step 0.7 ... OK
Create profile matrix with method 'bin' and step 0.7 ... OK
Processing 53087 mz slices ... OK
Create profile matrix with method 'bin' and step 0.7 ... OK
Create profile matrix with method 'bin' and step 0.7 ... OK
Create profile matrix with method 'bin' and step 0.7 ... OK
Create profile matrix with method 'bin' and step 0.7 ... OK
Create profile matrix with method 'bin' and step 0.7 ... OK
Create profile matrix with method 'bin' and step 0.7 ... OK
Create profile matrix with method 'bin' and step 0.7 ... OK
Create profile matrix with method 'bin' and step 0.7 ... OK
Processing 53087 mz slices ... OK
Create profile matrix with method 'bin' and step 0.7 ... OK
Create profile matrix with method 'bin' and step 0.7 ... OK
Create profile matrix with method 'bin' and step 0.7 ... OK
Create profile matrix with method 'bin' and step 0.7 ... OK
Create profile matrix with method 'bin' and step 0.7 ... OK
Create profile matrix with method 'bin' and step 0.7 ... OK
Create profile matrix with method 'bin' and step 0.7 ... OK
Create profile matrix with method 'bin' and step 0.7 ... OK
Processing 53087 mz slices ... OK
Create profile matrix with method 'bin' and step 0.52 ... OK
Create profile matrix with method 'bin' and step 0.52 ... OK
Create profile matrix with method 'bin' and step 0.52 ... OK
Create profile matrix with method 'bin' and step 0.52 ... OK
Create profile matrix with method 'bin' and step 0.52 ... OK
Create profile matrix with method 'bin' and step 0.52 ... OK
Create profile matrix with method 'bin' and step 0.52 ... OK
Create profile matrix with method 'bin' and step 0.52 ... OK
Processing 53087 mz slices ... OK
Create profile matrix with method 'bin' and step 0.88 ... OK
Create profile matrix with method 'bin' and step 0.88 ... OK
Create profile matrix with method 'bin' and step 0.88 ... OK
Create profile matrix with method 'bin' and step 0.88 ... OK
Create profile matrix with method 'bin' and step 0.88 ... OK
Create profile matrix with method 'bin' and step 0.88 ... OK
Create profile matrix with method 'bin' and step 0.88 ... OK
Create profile matrix with method 'bin' and step 0.88 ... OK
Processing 53087 mz slices ... OK
Create profile matrix with method 'bin' and step 0.7 ... OK
Create profile matrix with method 'bin' and step 0.7 ... OK
Create profile matrix with method 'bin' and step 0.7 ... OK
Create profile matrix with method 'bin' and step 0.7 ... OK
Create profile matrix with method 'bin' and step 0.7 ... OK
Create profile matrix with method 'bin' and step 0.7 ... OK
Create profile matrix with method 'bin' and step 0.7 ... OK
Create profile matrix with method 'bin' and step 0.7 ... OK
Processing 53087 mz slices ... OK
Create profile matrix with method 'bin' and step 0.7 ... OK
Create profile matrix with method 'bin' and step 0.7 ... OK
Create profile matrix with method 'bin' and step 0.7 ... OK
Create profile matrix with method 'bin' and step 0.7 ... OK
Create profile matrix with method 'bin' and step 0.7 ... OK
Create profile matrix with method 'bin' and step 0.7 ... OK
Create profile matrix with method 'bin' and step 0.7 ... OK
Create profile matrix with method 'bin' and step 0.7 ... OK
Processing 53087 mz slices ... OK
Create profile matrix with method 'bin' and step 0.7 ... OK
Create profile matrix with method 'bin' and step 0.7 ... OK
Create profile matrix with method 'bin' and step 0.7 ... OK
Create profile matrix with method 'bin' and step 0.7 ... OK
Create profile matrix with method 'bin' and step 0.7 ... OK
Create profile matrix with method 'bin' and step 0.7 ... OK
Create profile matrix with method 'bin' and step 0.7 ... OK
Create profile matrix with method 'bin' and step 0.7 ... OK
Processing 80784 mz slices ... OK
Create profile matrix with method 'bin' and step 0.7 ... OK
Create profile matrix with method 'bin' and step 0.7 ... OK
Create profile matrix with method 'bin' and step 0.7 ... OK
Create profile matrix with method 'bin' and step 0.7 ... OK
Create profile matrix with method 'bin' and step 0.7 ... OK
Create profile matrix with method 'bin' and step 0.7 ... OK
Create profile matrix with method 'bin' and step 0.7 ... OK
Create profile matrix with method 'bin' and step 0.7 ... OK
Processing 39533 mz slices ... OK
Create profile matrix with method 'bin' and step 0.7 ... OK
Create profile matrix with method 'bin' and step 0.7 ... OK
Create profile matrix with method 'bin' and step 0.7 ... OK
Create profile matrix with method 'bin' and step 0.7 ... OK
Create profile matrix with method 'bin' and step 0.7 ... OK
Create profile matrix with method 'bin' and step 0.7 ... OK
Create profile matrix with method 'bin' and step 0.7 ... OK
Create profile matrix with method 'bin' and step 0.7 ... OK
Processing 53087 mz slices ... OK
Create profile matrix with method 'bin' and step 0.7 ... OK
Create profile matrix with method 'bin' and step 0.7 ... OK
Create profile matrix with method 'bin' and step 0.7 ... OK
Create profile matrix with method 'bin' and step 0.7 ... OK
Create profile matrix with method 'bin' and step 0.7 ... OK
Create profile matrix with method 'bin' and step 0.7 ... OK
Create profile matrix with method 'bin' and step 0.7 ... OK
Create profile matrix with method 'bin' and step 0.7 ... OK
Processing 45319 mz slices ... OK
no increase stopping
library(xcms)
library(Rmpi)

xset <- xcmsSet( 
  method = "centWave",
  peakwidth       = c(25.6, 68),
  ppm             = 16.25,
  noise           = 450.5,
  snthresh        = 10,
  mzdiff          = -0.0065,
  prefilter       = c(3, 450.5),
  mzCenterFun     = "wMean",
  integrate       = 2,
  fitgauss        = FALSE,
  verbose.columns = TRUE)
xset <- retcor( 
  xset,
  method         = "obiwarp",
  plottype       = "none",
  distFunc       = "cor_opt",
  profStep       = 0.7,
  center         = 5,
  response       = 1,
  gapInit        = 0,
  gapExtend      = 2.37,
  factorDiag     = 2,
  factorGap      = 1,
  localAlignment = 0)
xset <- group( 
  xset,
  method  = "density",
  bw      = 26,
  mzwid   = 0.035,
  minfrac = 0.05,
  minsamp = 1,
  max     = 50)

xset <- fillPeaks(xset)
Warning message:
In sink() : no sink to remove
