center sample:  183_M1_pE_314_V6_14288_V6 
Processing: 023_M1_pE_125_V4_14368_V4  172_M1_pE_321_V4_6479_V4  141_M1_pE_322_V4_6481_V4  162_M1_pE_317_V6_14294_V6  
center sample:  183_M1_pE_314_V6_14288_V6 
Processing: 023_M1_pE_125_V4_14368_V4  172_M1_pE_321_V4_6479_V4  141_M1_pE_322_V4_6481_V4  162_M1_pE_317_V6_14294_V6  
center sample:  183_M1_pE_314_V6_14288_V6 
Processing: 023_M1_pE_125_V4_14368_V4  172_M1_pE_321_V4_6479_V4  141_M1_pE_322_V4_6481_V4  162_M1_pE_317_V6_14294_V6  
center sample:  183_M1_pE_314_V6_14288_V6 
Processing: 023_M1_pE_125_V4_14368_V4  172_M1_pE_321_V4_6479_V4  141_M1_pE_322_V4_6481_V4  162_M1_pE_317_V6_14294_V6  
center sample:  183_M1_pE_314_V6_14288_V6 
Processing: 023_M1_pE_125_V4_14368_V4  172_M1_pE_321_V4_6479_V4  141_M1_pE_322_V4_6481_V4  162_M1_pE_317_V6_14294_V6  
center sample:  183_M1_pE_314_V6_14288_V6 
Processing: 023_M1_pE_125_V4_14368_V4  172_M1_pE_321_V4_6479_V4  141_M1_pE_322_V4_6481_V4  162_M1_pE_317_V6_14294_V6  
center sample:  183_M1_pE_314_V6_14288_V6 
Processing: 023_M1_pE_125_V4_14368_V4  172_M1_pE_321_V4_6479_V4  141_M1_pE_322_V4_6481_V4  162_M1_pE_317_V6_14294_V6  
center sample:  183_M1_pE_314_V6_14288_V6 
Processing: 023_M1_pE_125_V4_14368_V4  172_M1_pE_321_V4_6479_V4  141_M1_pE_322_V4_6481_V4  162_M1_pE_317_V6_14294_V6  
center sample:  183_M1_pE_314_V6_14288_V6 
Processing: 023_M1_pE_125_V4_14368_V4  172_M1_pE_321_V4_6479_V4  141_M1_pE_322_V4_6481_V4  162_M1_pE_317_V6_14294_V6  
center sample:  183_M1_pE_314_V6_14288_V6 
Processing: 023_M1_pE_125_V4_14368_V4  172_M1_pE_321_V4_6479_V4  141_M1_pE_322_V4_6481_V4  162_M1_pE_317_V6_14294_V6  
center sample:  183_M1_pE_314_V6_14288_V6 
Processing: 023_M1_pE_125_V4_14368_V4  172_M1_pE_321_V4_6479_V4  141_M1_pE_322_V4_6481_V4  162_M1_pE_317_V6_14294_V6  
center sample:  183_M1_pE_314_V6_14288_V6 
Processing: 023_M1_pE_125_V4_14368_V4  172_M1_pE_321_V4_6479_V4  141_M1_pE_322_V4_6481_V4  162_M1_pE_317_V6_14294_V6  
center sample:  183_M1_pE_314_V6_14288_V6 
Processing: 023_M1_pE_125_V4_14368_V4  172_M1_pE_321_V4_6479_V4  141_M1_pE_322_V4_6481_V4  162_M1_pE_317_V6_14294_V6  
center sample:  183_M1_pE_314_V6_14288_V6 
Processing: 023_M1_pE_125_V4_14368_V4  172_M1_pE_321_V4_6479_V4  141_M1_pE_322_V4_6481_V4  162_M1_pE_317_V6_14294_V6  
center sample:  183_M1_pE_314_V6_14288_V6 
Processing: 023_M1_pE_125_V4_14368_V4  172_M1_pE_321_V4_6479_V4  141_M1_pE_322_V4_6481_V4  162_M1_pE_317_V6_14294_V6  
center sample:  183_M1_pE_314_V6_14288_V6 
Processing: 023_M1_pE_125_V4_14368_V4  172_M1_pE_321_V4_6479_V4  141_M1_pE_322_V4_6481_V4  162_M1_pE_317_V6_14294_V6  
center sample:  183_M1_pE_314_V6_14288_V6 
Processing: 023_M1_pE_125_V4_14368_V4  172_M1_pE_321_V4_6479_V4  141_M1_pE_322_V4_6481_V4  162_M1_pE_317_V6_14294_V6  
center sample:  183_M1_pE_314_V6_14288_V6 
Processing: 023_M1_pE_125_V4_14368_V4  172_M1_pE_321_V4_6479_V4  141_M1_pE_322_V4_6481_V4  162_M1_pE_317_V6_14294_V6  
center sample:  183_M1_pE_314_V6_14288_V6 
Processing: 023_M1_pE_125_V4_14368_V4  172_M1_pE_321_V4_6479_V4  141_M1_pE_322_V4_6481_V4  162_M1_pE_317_V6_14294_V6  
center sample:  183_M1_pE_314_V6_14288_V6 
Processing: 023_M1_pE_125_V4_14368_V4  172_M1_pE_321_V4_6479_V4  141_M1_pE_322_V4_6481_V4  162_M1_pE_317_V6_14294_V6  
center sample:  183_M1_pE_314_V6_14288_V6 
Processing: 023_M1_pE_125_V4_14368_V4  172_M1_pE_321_V4_6479_V4  141_M1_pE_322_V4_6481_V4  162_M1_pE_317_V6_14294_V6  
center sample:  183_M1_pE_314_V6_14288_V6 
Processing: 023_M1_pE_125_V4_14368_V4  172_M1_pE_321_V4_6479_V4  141_M1_pE_322_V4_6481_V4  162_M1_pE_317_V6_14294_V6  
center sample:  183_M1_pE_314_V6_14288_V6 
Processing: 023_M1_pE_125_V4_14368_V4  172_M1_pE_321_V4_6479_V4  141_M1_pE_322_V4_6481_V4  162_M1_pE_317_V6_14294_V6  
center sample:  183_M1_pE_314_V6_14288_V6 
Processing: 023_M1_pE_125_V4_14368_V4  172_M1_pE_321_V4_6479_V4  141_M1_pE_322_V4_6481_V4  162_M1_pE_317_V6_14294_V6  
center sample:  183_M1_pE_314_V6_14288_V6 
Processing: 023_M1_pE_125_V4_14368_V4  172_M1_pE_321_V4_6479_V4  141_M1_pE_322_V4_6481_V4  162_M1_pE_317_V6_14294_V6  
center sample:  183_M1_pE_314_V6_14288_V6 
Processing: 023_M1_pE_125_V4_14368_V4  172_M1_pE_321_V4_6479_V4  141_M1_pE_322_V4_6481_V4  162_M1_pE_317_V6_14294_V6  
center sample:  183_M1_pE_314_V6_14288_V6 
Processing: 023_M1_pE_125_V4_14368_V4  172_M1_pE_321_V4_6479_V4  141_M1_pE_322_V4_6481_V4  162_M1_pE_317_V6_14294_V6  
center sample:  183_M1_pE_314_V6_14288_V6 
Processing: 023_M1_pE_125_V4_14368_V4  172_M1_pE_321_V4_6479_V4  141_M1_pE_322_V4_6481_V4  162_M1_pE_317_V6_14294_V6  
center sample:  183_M1_pE_314_V6_14288_V6 
Processing: 023_M1_pE_125_V4_14368_V4  172_M1_pE_321_V4_6479_V4  141_M1_pE_322_V4_6481_V4  162_M1_pE_317_V6_14294_V6  
center sample:  183_M1_pE_314_V6_14288_V6 
Processing: 023_M1_pE_125_V4_14368_V4  172_M1_pE_321_V4_6479_V4  141_M1_pE_322_V4_6481_V4  162_M1_pE_317_V6_14294_V6  
center sample:  183_M1_pE_314_V6_14288_V6 
Processing: 023_M1_pE_125_V4_14368_V4  172_M1_pE_321_V4_6479_V4  141_M1_pE_322_V4_6481_V4  162_M1_pE_317_V6_14294_V6  
center sample:  183_M1_pE_314_V6_14288_V6 
Processing: 023_M1_pE_125_V4_14368_V4  172_M1_pE_321_V4_6479_V4  141_M1_pE_322_V4_6481_V4  162_M1_pE_317_V6_14294_V6  
center sample:  183_M1_pE_314_V6_14288_V6 
Processing: 023_M1_pE_125_V4_14368_V4  172_M1_pE_321_V4_6479_V4  141_M1_pE_322_V4_6481_V4  162_M1_pE_317_V6_14294_V6  
center sample:  183_M1_pE_314_V6_14288_V6 
Processing: 023_M1_pE_125_V4_14368_V4  172_M1_pE_321_V4_6479_V4  141_M1_pE_322_V4_6481_V4  162_M1_pE_317_V6_14294_V6  
center sample:  183_M1_pE_314_V6_14288_V6 
Processing: 023_M1_pE_125_V4_14368_V4  172_M1_pE_321_V4_6479_V4  141_M1_pE_322_V4_6481_V4  162_M1_pE_317_V6_14294_V6  
center sample:  183_M1_pE_314_V6_14288_V6 
Processing: 023_M1_pE_125_V4_14368_V4  172_M1_pE_321_V4_6479_V4  141_M1_pE_322_V4_6481_V4  162_M1_pE_317_V6_14294_V6  
center sample:  183_M1_pE_314_V6_14288_V6 
Processing: 023_M1_pE_125_V4_14368_V4  172_M1_pE_321_V4_6479_V4  141_M1_pE_322_V4_6481_V4  162_M1_pE_317_V6_14294_V6  
center sample:  183_M1_pE_314_V6_14288_V6 
Processing: 023_M1_pE_125_V4_14368_V4  172_M1_pE_321_V4_6479_V4  141_M1_pE_322_V4_6481_V4  162_M1_pE_317_V6_14294_V6  
center sample:  183_M1_pE_314_V6_14288_V6 
Processing: 023_M1_pE_125_V4_14368_V4  172_M1_pE_321_V4_6479_V4  141_M1_pE_322_V4_6481_V4  162_M1_pE_317_V6_14294_V6  
center sample:  183_M1_pE_314_V6_14288_V6 
Processing: 023_M1_pE_125_V4_14368_V4  172_M1_pE_321_V4_6479_V4  141_M1_pE_322_V4_6481_V4  162_M1_pE_317_V6_14294_V6  
center sample:  183_M1_pE_314_V6_14288_V6 
Processing: 023_M1_pE_125_V4_14368_V4  172_M1_pE_321_V4_6479_V4  141_M1_pE_322_V4_6481_V4  162_M1_pE_317_V6_14294_V6  
center sample:  183_M1_pE_314_V6_14288_V6 
Processing: 023_M1_pE_125_V4_14368_V4  172_M1_pE_321_V4_6479_V4  141_M1_pE_322_V4_6481_V4  162_M1_pE_317_V6_14294_V6  
center sample:  183_M1_pE_314_V6_14288_V6 
Processing: 023_M1_pE_125_V4_14368_V4  172_M1_pE_321_V4_6479_V4  141_M1_pE_322_V4_6481_V4  162_M1_pE_317_V6_14294_V6  
center sample:  183_M1_pE_314_V6_14288_V6 
Processing: 023_M1_pE_125_V4_14368_V4  172_M1_pE_321_V4_6479_V4  141_M1_pE_322_V4_6481_V4  162_M1_pE_317_V6_14294_V6  
center sample:  183_M1_pE_314_V6_14288_V6 
Processing: 023_M1_pE_125_V4_14368_V4  172_M1_pE_321_V4_6479_V4  141_M1_pE_322_V4_6481_V4  162_M1_pE_317_V6_14294_V6  
center sample:  183_M1_pE_314_V6_14288_V6 
Processing: 023_M1_pE_125_V4_14368_V4  172_M1_pE_321_V4_6479_V4  141_M1_pE_322_V4_6481_V4  162_M1_pE_317_V6_14294_V6  
center sample:  183_M1_pE_314_V6_14288_V6 
Processing: 023_M1_pE_125_V4_14368_V4  172_M1_pE_321_V4_6479_V4  141_M1_pE_322_V4_6481_V4  162_M1_pE_317_V6_14294_V6  
center sample:  183_M1_pE_314_V6_14288_V6 
Processing: 023_M1_pE_125_V4_14368_V4  172_M1_pE_321_V4_6479_V4  141_M1_pE_322_V4_6481_V4  162_M1_pE_317_V6_14294_V6  
center sample:  183_M1_pE_314_V6_14288_V6 
Processing: 023_M1_pE_125_V4_14368_V4  172_M1_pE_321_V4_6479_V4  141_M1_pE_322_V4_6481_V4  162_M1_pE_317_V6_14294_V6  
center sample:  183_M1_pE_314_V6_14288_V6 
Processing: 023_M1_pE_125_V4_14368_V4  172_M1_pE_321_V4_6479_V4  141_M1_pE_322_V4_6481_V4  162_M1_pE_317_V6_14294_V6  
center sample:  183_M1_pE_314_V6_14288_V6 
Processing: 023_M1_pE_125_V4_14368_V4  172_M1_pE_321_V4_6479_V4  141_M1_pE_322_V4_6481_V4  162_M1_pE_317_V6_14294_V6  
center sample:  183_M1_pE_314_V6_14288_V6 
Processing: 023_M1_pE_125_V4_14368_V4  172_M1_pE_321_V4_6479_V4  141_M1_pE_322_V4_6481_V4  162_M1_pE_317_V6_14294_V6  
center sample:  183_M1_pE_314_V6_14288_V6 
Processing: 023_M1_pE_125_V4_14368_V4  172_M1_pE_321_V4_6479_V4  141_M1_pE_322_V4_6481_V4  162_M1_pE_317_V6_14294_V6  
center sample:  183_M1_pE_314_V6_14288_V6 
Processing: 023_M1_pE_125_V4_14368_V4  172_M1_pE_321_V4_6479_V4  141_M1_pE_322_V4_6481_V4  162_M1_pE_317_V6_14294_V6  
center sample:  183_M1_pE_314_V6_14288_V6 
Processing: 023_M1_pE_125_V4_14368_V4  172_M1_pE_321_V4_6479_V4  141_M1_pE_322_V4_6481_V4  162_M1_pE_317_V6_14294_V6  
center sample:  183_M1_pE_314_V6_14288_V6 
Processing: 023_M1_pE_125_V4_14368_V4  172_M1_pE_321_V4_6479_V4  141_M1_pE_322_V4_6481_V4  162_M1_pE_317_V6_14294_V6  
center sample:  183_M1_pE_314_V6_14288_V6 
Processing: 023_M1_pE_125_V4_14368_V4  172_M1_pE_321_V4_6479_V4  141_M1_pE_322_V4_6481_V4  162_M1_pE_317_V6_14294_V6  
center sample:  183_M1_pE_314_V6_14288_V6 
Processing: 023_M1_pE_125_V4_14368_V4  172_M1_pE_321_V4_6479_V4  141_M1_pE_322_V4_6481_V4  162_M1_pE_317_V6_14294_V6  
center sample:  183_M1_pE_314_V6_14288_V6 
Processing: 023_M1_pE_125_V4_14368_V4  172_M1_pE_321_V4_6479_V4  141_M1_pE_322_V4_6481_V4  162_M1_pE_317_V6_14294_V6  
center sample:  183_M1_pE_314_V6_14288_V6 
Processing: 023_M1_pE_125_V4_14368_V4  172_M1_pE_321_V4_6479_V4  141_M1_pE_322_V4_6481_V4  162_M1_pE_317_V6_14294_V6  
center sample:  183_M1_pE_314_V6_14288_V6 
Processing: 023_M1_pE_125_V4_14368_V4  172_M1_pE_321_V4_6479_V4  141_M1_pE_322_V4_6481_V4  162_M1_pE_317_V6_14294_V6  
center sample:  183_M1_pE_314_V6_14288_V6 
Processing: 023_M1_pE_125_V4_14368_V4  172_M1_pE_321_V4_6479_V4  141_M1_pE_322_V4_6481_V4  162_M1_pE_317_V6_14294_V6  
center sample:  183_M1_pE_314_V6_14288_V6 
Processing: 023_M1_pE_125_V4_14368_V4  172_M1_pE_321_V4_6479_V4  141_M1_pE_322_V4_6481_V4  162_M1_pE_317_V6_14294_V6  
center sample:  183_M1_pE_314_V6_14288_V6 
Processing: 023_M1_pE_125_V4_14368_V4  172_M1_pE_321_V4_6479_V4  141_M1_pE_322_V4_6481_V4  162_M1_pE_317_V6_14294_V6  
center sample:  183_M1_pE_314_V6_14288_V6 
Processing: 023_M1_pE_125_V4_14368_V4  172_M1_pE_321_V4_6479_V4  141_M1_pE_322_V4_6481_V4  162_M1_pE_317_V6_14294_V6  
center sample:  183_M1_pE_314_V6_14288_V6 
Processing: 023_M1_pE_125_V4_14368_V4  172_M1_pE_321_V4_6479_V4  141_M1_pE_322_V4_6481_V4  162_M1_pE_317_V6_14294_V6  
center sample:  183_M1_pE_314_V6_14288_V6 
Processing: 023_M1_pE_125_V4_14368_V4  172_M1_pE_321_V4_6479_V4  141_M1_pE_322_V4_6481_V4  162_M1_pE_317_V6_14294_V6  
center sample:  183_M1_pE_314_V6_14288_V6 
Processing: 023_M1_pE_125_V4_14368_V4  172_M1_pE_321_V4_6479_V4  141_M1_pE_322_V4_6481_V4  162_M1_pE_317_V6_14294_V6  
center sample:  183_M1_pE_314_V6_14288_V6 
Processing: 023_M1_pE_125_V4_14368_V4  172_M1_pE_321_V4_6479_V4  141_M1_pE_322_V4_6481_V4  162_M1_pE_317_V6_14294_V6  
center sample:  183_M1_pE_314_V6_14288_V6 
Processing: 023_M1_pE_125_V4_14368_V4  172_M1_pE_321_V4_6479_V4  141_M1_pE_322_V4_6481_V4  162_M1_pE_317_V6_14294_V6  
center sample:  183_M1_pE_314_V6_14288_V6 
Processing: 023_M1_pE_125_V4_14368_V4  172_M1_pE_321_V4_6479_V4  141_M1_pE_322_V4_6481_V4  162_M1_pE_317_V6_14294_V6  
center sample:  183_M1_pE_314_V6_14288_V6 
Processing: 023_M1_pE_125_V4_14368_V4  172_M1_pE_321_V4_6479_V4  141_M1_pE_322_V4_6481_V4  162_M1_pE_317_V6_14294_V6  
center sample:  183_M1_pE_314_V6_14288_V6 
Processing: 023_M1_pE_125_V4_14368_V4  172_M1_pE_321_V4_6479_V4  141_M1_pE_322_V4_6481_V4  162_M1_pE_317_V6_14294_V6  
center sample:  183_M1_pE_314_V6_14288_V6 
Processing: 023_M1_pE_125_V4_14368_V4  172_M1_pE_321_V4_6479_V4  141_M1_pE_322_V4_6481_V4  162_M1_pE_317_V6_14294_V6  
center sample:  183_M1_pE_314_V6_14288_V6 
Processing: 023_M1_pE_125_V4_14368_V4  172_M1_pE_321_V4_6479_V4  141_M1_pE_322_V4_6481_V4  162_M1_pE_317_V6_14294_V6  
center sample:  183_M1_pE_314_V6_14288_V6 
Processing: 023_M1_pE_125_V4_14368_V4  172_M1_pE_321_V4_6479_V4  141_M1_pE_322_V4_6481_V4  162_M1_pE_317_V6_14294_V6  
center sample:  183_M1_pE_314_V6_14288_V6 
Processing: 023_M1_pE_125_V4_14368_V4  172_M1_pE_321_V4_6479_V4  141_M1_pE_322_V4_6481_V4  162_M1_pE_317_V6_14294_V6  
center sample:  183_M1_pE_314_V6_14288_V6 
Processing: 023_M1_pE_125_V4_14368_V4  172_M1_pE_321_V4_6479_V4  141_M1_pE_322_V4_6481_V4  162_M1_pE_317_V6_14294_V6  
center sample:  183_M1_pE_314_V6_14288_V6 
Processing: 023_M1_pE_125_V4_14368_V4  172_M1_pE_321_V4_6479_V4  141_M1_pE_322_V4_6481_V4  162_M1_pE_317_V6_14294_V6  
center sample:  183_M1_pE_314_V6_14288_V6 
Processing: 023_M1_pE_125_V4_14368_V4  172_M1_pE_321_V4_6479_V4  141_M1_pE_322_V4_6481_V4  162_M1_pE_317_V6_14294_V6  
center sample:  183_M1_pE_314_V6_14288_V6 
Processing: 023_M1_pE_125_V4_14368_V4  172_M1_pE_321_V4_6479_V4  141_M1_pE_322_V4_6481_V4  162_M1_pE_317_V6_14294_V6  
center sample:  183_M1_pE_314_V6_14288_V6 
Processing: 023_M1_pE_125_V4_14368_V4  172_M1_pE_321_V4_6479_V4  141_M1_pE_322_V4_6481_V4  162_M1_pE_317_V6_14294_V6  
center sample:  183_M1_pE_314_V6_14288_V6 
Processing: 023_M1_pE_125_V4_14368_V4  172_M1_pE_321_V4_6479_V4  141_M1_pE_322_V4_6481_V4  162_M1_pE_317_V6_14294_V6  
center sample:  183_M1_pE_314_V6_14288_V6 
Processing: 023_M1_pE_125_V4_14368_V4  172_M1_pE_321_V4_6479_V4  141_M1_pE_322_V4_6481_V4  162_M1_pE_317_V6_14294_V6  
center sample:  183_M1_pE_314_V6_14288_V6 
Processing: 023_M1_pE_125_V4_14368_V4  172_M1_pE_321_V4_6479_V4  141_M1_pE_322_V4_6481_V4  162_M1_pE_317_V6_14294_V6  
center sample:  183_M1_pE_314_V6_14288_V6 
Processing: 023_M1_pE_125_V4_14368_V4  172_M1_pE_321_V4_6479_V4  141_M1_pE_322_V4_6481_V4  162_M1_pE_317_V6_14294_V6  
center sample:  183_M1_pE_314_V6_14288_V6 
Processing: 023_M1_pE_125_V4_14368_V4  172_M1_pE_321_V4_6479_V4  141_M1_pE_322_V4_6481_V4  162_M1_pE_317_V6_14294_V6  
center sample:  183_M1_pE_314_V6_14288_V6 
Processing: 023_M1_pE_125_V4_14368_V4  172_M1_pE_321_V4_6479_V4  141_M1_pE_322_V4_6481_V4  162_M1_pE_317_V6_14294_V6  
center sample:  183_M1_pE_314_V6_14288_V6 
Processing: 023_M1_pE_125_V4_14368_V4  172_M1_pE_321_V4_6479_V4  141_M1_pE_322_V4_6481_V4  162_M1_pE_317_V6_14294_V6  
center sample:  183_M1_pE_314_V6_14288_V6 
Processing: 023_M1_pE_125_V4_14368_V4  172_M1_pE_321_V4_6479_V4  141_M1_pE_322_V4_6481_V4  162_M1_pE_317_V6_14294_V6  
ix with method 'bin' and step 0.7 ... OK
Create profile matrix with method 'bin' and step 0.7 ... OK
Processing 121195 mz slices ... OK
Create profile matrix with method 'bin' and step 0.7 ... OK
Create profile matrix with method 'bin' and step 0.7 ... OK
Create profile matrix with method 'bin' and step 0.7 ... OK
Create profile matrix with method 'bin' and step 0.7 ... OK
Create profile matrix with method 'bin' and step 0.7 ... OK
Processing 121195 mz slices ... OK
Create profile matrix with method 'bin' and step 0.7 ... OK
Create profile matrix with method 'bin' and step 0.7 ... OK
Create profile matrix with method 'bin' and step 0.7 ... OK
Create profile matrix with method 'bin' and step 0.7 ... OK
Create profile matrix with method 'bin' and step 0.7 ... OK
Processing 121195 mz slices ... OK
Create profile matrix with method 'bin' and step 1 ... OK
Create profile matrix with method 'bin' and step 1 ... OK
Create profile matrix with method 'bin' and step 1 ... OK
Create profile matrix with method 'bin' and step 1 ... OK
Create profile matrix with method 'bin' and step 1 ... OK
Processing 121195 mz slices ... OK
Create profile matrix with method 'bin' and step 1 ... OK
Create profile matrix with method 'bin' and step 1 ... OK
Create profile matrix with method 'bin' and step 1 ... OK
Create profile matrix with method 'bin' and step 1 ... OK
Create profile matrix with method 'bin' and step 1 ... OK
Processing 121195 mz slices ... OK
Create profile matrix with method 'bin' and step 1 ... OK
Create profile matrix with method 'bin' and step 1 ... OK
Create profile matrix with method 'bin' and step 1 ... OK
Create profile matrix with method 'bin' and step 1 ... OK
Create profile matrix with method 'bin' and step 1 ... OK
Processing 121195 mz slices ... OK
Create profile matrix with method 'bin' and step 1 ... OK
Create profile matrix with method 'bin' and step 1 ... OK
Create profile matrix with method 'bin' and step 1 ... OK
Create profile matrix with method 'bin' and step 1 ... OK
Create profile matrix with method 'bin' and step 1 ... OK
Processing 121195 mz slices ... OK
Create profile matrix with method 'bin' and step 0.7 ... OK
Create profile matrix with method 'bin' and step 0.7 ... OK
Create profile matrix with method 'bin' and step 0.7 ... OK
Create profile matrix with method 'bin' and step 0.7 ... OK
Create profile matrix with method 'bin' and step 0.7 ... OK
Processing 121195 mz slices ... OK
Create profile matrix with method 'bin' and step 0.7 ... OK
Create profile matrix with method 'bin' and step 0.7 ... OK
Create profile matrix with method 'bin' and step 0.7 ... OK
Create profile matrix with method 'bin' and step 0.7 ... OK
Create profile matrix with method 'bin' and step 0.7 ... OK
Processing 121195 mz slices ... OK
Create profile matrix with method 'bin' and step 0.7 ... OK
Create profile matrix with method 'bin' and step 0.7 ... OK
Create profile matrix with method 'bin' and step 0.7 ... OK
Create profile matrix with method 'bin' and step 0.7 ... OK
Create profile matrix with method 'bin' and step 0.7 ... OK
Processing 121195 mz slices ... OK
Create profile matrix with method 'bin' and step 0.7 ... OK
Create profile matrix with method 'bin' and step 0.7 ... OK
Create profile matrix with method 'bin' and step 0.7 ... OK
Create profile matrix with method 'bin' and step 0.7 ... OK
Create profile matrix with method 'bin' and step 0.7 ... OK
Processing 121195 mz slices ... OK
Create profile matrix with method 'bin' and step 1 ... OK
Create profile matrix with method 'bin' and step 1 ... OK
Create profile matrix with method 'bin' and step 1 ... OK
Create profile matrix with method 'bin' and step 1 ... OK
Create profile matrix with method 'bin' and step 1 ... OK
Processing 121195 mz slices ... OK
Create profile matrix with method 'bin' and step 1 ... OK
Create profile matrix with method 'bin' and step 1 ... OK
Create profile matrix with method 'bin' and step 1 ... OK
Create profile matrix with method 'bin' and step 1 ... OK
Create profile matrix with method 'bin' and step 1 ... OK
Processing 121195 mz slices ... OK
Create profile matrix with method 'bin' and step 1 ... OK
Create profile matrix with method 'bin' and step 1 ... OK
Create profile matrix with method 'bin' and step 1 ... OK
Create profile matrix with method 'bin' and step 1 ... OK
Create profile matrix with method 'bin' and step 1 ... OK
Processing 121195 mz slices ... OK
Create profile matrix with method 'bin' and step 1 ... OK
Create profile matrix with method 'bin' and step 1 ... OK
Create profile matrix with method 'bin' and step 1 ... OK
Create profile matrix with method 'bin' and step 1 ... OK
Create profile matrix with method 'bin' and step 1 ... OK
Processing 121195 mz slices ... OK
Create profile matrix with method 'bin' and step 0.7 ... OK
Create profile matrix with method 'bin' and step 0.7 ... OK
Create profile matrix with method 'bin' and step 0.7 ... OK
Create profile matrix with method 'bin' and step 0.7 ... OK
Create profile matrix with method 'bin' and step 0.7 ... OK
Processing 51942 mz slices ... OK
Create profile matrix with method 'bin' and step 0.7 ... OK
Create profile matrix with method 'bin' and step 0.7 ... OK
Create profile matrix with method 'bin' and step 0.7 ... OK
Create profile matrix with method 'bin' and step 0.7 ... OK
Create profile matrix with method 'bin' and step 0.7 ... OK
Processing 51942 mz slices ... OK
Create profile matrix with method 'bin' and step 0.7 ... OK
Create profile matrix with method 'bin' and step 0.7 ... OK
Create profile matrix with method 'bin' and step 0.7 ... OK
Create profile matrix with method 'bin' and step 0.7 ... OK
Create profile matrix with method 'bin' and step 0.7 ... OK
Processing 51942 mz slices ... OK
Create profile matrix with method 'bin' and step 0.7 ... OK
Create profile matrix with method 'bin' and step 0.7 ... OK
Create profile matrix with method 'bin' and step 0.7 ... OK
Create profile matrix with method 'bin' and step 0.7 ... OK
Create profile matrix with method 'bin' and step 0.7 ... OK
Processing 51942 mz slices ... OK
Create profile matrix with method 'bin' and step 1 ... OK
Create profile matrix with method 'bin' and step 1 ... OK
Create profile matrix with method 'bin' and step 1 ... OK
Create profile matrix with method 'bin' and step 1 ... OK
Create profile matrix with method 'bin' and step 1 ... OK
Processing 51942 mz slices ... OK
Create profile matrix with method 'bin' and step 1 ... OK
Create profile matrix with method 'bin' and step 1 ... OK
Create profile matrix with method 'bin' and step 1 ... OK
Create profile matrix with method 'bin' and step 1 ... OK
Create profile matrix with method 'bin' and step 1 ... OK
Processing 51942 mz slices ... OK
Create profile matrix with method 'bin' and step 1 ... OK
Create profile matrix with method 'bin' and step 1 ... OK
Create profile matrix with method 'bin' and step 1 ... OK
Create profile matrix with method 'bin' and step 1 ... OK
Create profile matrix with method 'bin' and step 1 ... OK
Processing 51942 mz slices ... OK
Create profile matrix with method 'bin' and step 1 ... OK
Create profile matrix with method 'bin' and step 1 ... OK
Create profile matrix with method 'bin' and step 1 ... OK
Create profile matrix with method 'bin' and step 1 ... OK
Create profile matrix with method 'bin' and step 1 ... OK
Processing 51942 mz slices ... OK
Create profile matrix with method 'bin' and step 0.7 ... OK
Create profile matrix with method 'bin' and step 0.7 ... OK
Create profile matrix with method 'bin' and step 0.7 ... OK
Create profile matrix with method 'bin' and step 0.7 ... OK
Create profile matrix with method 'bin' and step 0.7 ... OK
Processing 51942 mz slices ... OK
Create profile matrix with method 'bin' and step 0.7 ... OK
Create profile matrix with method 'bin' and step 0.7 ... OK
Create profile matrix with method 'bin' and step 0.7 ... OK
Create profile matrix with method 'bin' and step 0.7 ... OK
Create profile matrix with method 'bin' and step 0.7 ... OK
Processing 51942 mz slices ... OK
Create profile matrix with method 'bin' and step 0.7 ... OK
Create profile matrix with method 'bin' and step 0.7 ... OK
Create profile matrix with method 'bin' and step 0.7 ... OK
Create profile matrix with method 'bin' and step 0.7 ... OK
Create profile matrix with method 'bin' and step 0.7 ... OK
Processing 51942 mz slices ... OK
Create profile matrix with method 'bin' and step 0.7 ... OK
Create profile matrix with method 'bin' and step 0.7 ... OK
Create profile matrix with method 'bin' and step 0.7 ... OK
Create profile matrix with method 'bin' and step 0.7 ... OK
Create profile matrix with method 'bin' and step 0.7 ... OK
Processing 51942 mz slices ... OK
Create profile matrix with method 'bin' and step 1 ... OK
Create profile matrix with method 'bin' and step 1 ... OK
Create profile matrix with method 'bin' and step 1 ... OK
Create profile matrix with method 'bin' and step 1 ... OK
Create profile matrix with method 'bin' and step 1 ... OK
Processing 51942 mz slices ... OK
Create profile matrix with method 'bin' and step 1 ... OK
Create profile matrix with method 'bin' and step 1 ... OK
Create profile matrix with method 'bin' and step 1 ... OK
Create profile matrix with method 'bin' and step 1 ... OK
Create profile matrix with method 'bin' and step 1 ... OK
Processing 51942 mz slices ... OK
Create profile matrix with method 'bin' and step 1 ... OK
Create profile matrix with method 'bin' and step 1 ... OK
Create profile matrix with method 'bin' and step 1 ... OK
Create profile matrix with method 'bin' and step 1 ... OK
Create profile matrix with method 'bin' and step 1 ... OK
Processing 51942 mz slices ... OK
Create profile matrix with method 'bin' and step 1 ... OK
Create profile matrix with method 'bin' and step 1 ... OK
Create profile matrix with method 'bin' and step 1 ... OK
Create profile matrix with method 'bin' and step 1 ... OK
Create profile matrix with method 'bin' and step 1 ... OK
Processing 51942 mz slices ... OK
Create profile matrix with method 'bin' and step 0.85 ... OK
Create profile matrix with method 'bin' and step 0.85 ... OK
Create profile matrix with method 'bin' and step 0.85 ... OK
Create profile matrix with method 'bin' and step 0.85 ... OK
Create profile matrix with method 'bin' and step 0.85 ... OK
Create profile matrix with method 'bin' and step 0.85 ... OK
Create profile matrix with method 'bin' and step 0.85 ... OK
Create profile matrix with method 'bin' and step 0.85 ... OK
Processing 72718 mz slices ... OK
Create profile matrix with method 'bin' and step 0.85 ... OK
Create profile matrix with method 'bin' and step 0.85 ... OK
Create profile matrix with method 'bin' and step 0.85 ... OK
Create profile matrix with method 'bin' and step 0.85 ... OK
Create profile matrix with method 'bin' and step 0.85 ... OK
Create profile matrix with method 'bin' and step 0.85 ... OK
Create profile matrix with method 'bin' and step 0.85 ... OK
Create profile matrix with method 'bin' and step 0.85 ... OK
Processing 72718 mz slices ... OK
Create profile matrix with method 'bin' and step 0.85 ... OK
Create profile matrix with method 'bin' and step 0.85 ... OK
Create profile matrix with method 'bin' and step 0.85 ... OK
Create profile matrix with method 'bin' and step 0.85 ... OK
Create profile matrix with method 'bin' and step 0.85 ... OK
Create profile matrix with method 'bin' and step 0.85 ... OK
Create profile matrix with method 'bin' and step 0.85 ... OK
Create profile matrix with method 'bin' and step 0.85 ... OK
Processing 72718 mz slices ... OK
Create profile matrix with method 'bin' and step 0.85 ... OK
Create profile matrix with method 'bin' and step 0.85 ... OK
Create profile matrix with method 'bin' and step 0.85 ... OK
Create profile matrix with method 'bin' and step 0.85 ... OK
Create profile matrix with method 'bin' and step 0.85 ... OK
Create profile matrix with method 'bin' and step 0.85 ... OK
Create profile matrix with method 'bin' and step 0.85 ... OK
Create profile matrix with method 'bin' and step 0.85 ... OK
Processing 72718 mz slices ... OK
Create profile matrix with method 'bin' and step 0.85 ... OK
Create profile matrix with method 'bin' and step 0.85 ... OK
Create profile matrix with method 'bin' and step 0.85 ... OK
Create profile matrix with method 'bin' and step 0.85 ... OK
Create profile matrix with method 'bin' and step 0.85 ... OK
Create profile matrix with method 'bin' and step 0.85 ... OK
Create profile matrix with method 'bin' and step 0.85 ... OK
Create profile matrix with method 'bin' and step 0.85 ... OK
Processing 72718 mz slices ... OK
Create profile matrix with method 'bin' and step 0.7 ... OK
Create profile matrix with method 'bin' and step 0.7 ... OK
Create profile matrix with method 'bin' and step 0.7 ... OK
Create profile matrix with method 'bin' and step 0.7 ... OK
Create profile matrix with method 'bin' and step 0.7 ... OK
Processing 72718 mz slices ... OK
Create profile matrix with method 'bin' and step 1 ... OK
Create profile matrix with method 'bin' and step 1 ... OK
Create profile matrix with method 'bin' and step 1 ... OK
Create profile matrix with method 'bin' and step 1 ... OK
Create profile matrix with method 'bin' and step 1 ... OK
Processing 72718 mz slices ... OK
Create profile matrix with method 'bin' and step 0.85 ... OK
Create profile matrix with method 'bin' and step 0.85 ... OK
Create profile matrix with method 'bin' and step 0.85 ... OK
Create profile matrix with method 'bin' and step 0.85 ... OK
Create profile matrix with method 'bin' and step 0.85 ... OK
Create profile matrix with method 'bin' and step 0.85 ... OK
Create profile matrix with method 'bin' and step 0.85 ... OK
Create profile matrix with method 'bin' and step 0.85 ... OK
Processing 72718 mz slices ... OK
Create profile matrix with method 'bin' and step 0.85 ... OK
Create profile matrix with method 'bin' and step 0.85 ... OK
Create profile matrix with method 'bin' and step 0.85 ... OK
Create profile matrix with method 'bin' and step 0.85 ... OK
Create profile matrix with method 'bin' and step 0.85 ... OK
Create profile matrix with method 'bin' and step 0.85 ... OK
Create profile matrix with method 'bin' and step 0.85 ... OK
Create profile matrix with method 'bin' and step 0.85 ... OK
Processing 72718 mz slices ... OK
Create profile matrix with method 'bin' and step 0.85 ... OK
Create profile matrix with method 'bin' and step 0.85 ... OK
Create profile matrix with method 'bin' and step 0.85 ... OK
Create profile matrix with method 'bin' and step 0.85 ... OK
Create profile matrix with method 'bin' and step 0.85 ... OK
Create profile matrix with method 'bin' and step 0.85 ... OK
Create profile matrix with method 'bin' and step 0.85 ... OK
Create profile matrix with method 'bin' and step 0.85 ... OK
Processing 121195 mz slices ... OK
Create profile matrix with method 'bin' and step 0.85 ... OK
Create profile matrix with method 'bin' and step 0.85 ... OK
Create profile matrix with method 'bin' and step 0.85 ... OK
Create profile matrix with method 'bin' and step 0.85 ... OK
Create profile matrix with method 'bin' and step 0.85 ... OK
Create profile matrix with method 'bin' and step 0.85 ... OK
Create profile matrix with method 'bin' and step 0.85 ... OK
Create profile matrix with method 'bin' and step 0.85 ... OK
Processing 51942 mz slices ... OK
Create profile matrix with method 'bin' and step 0.85 ... OK
Create profile matrix with method 'bin' and step 0.85 ... OK
Create profile matrix with method 'bin' and step 0.85 ... OK
Create profile matrix with method 'bin' and step 0.85 ... OK
Create profile matrix with method 'bin' and step 0.85 ... OK
Create profile matrix with method 'bin' and step 0.85 ... OK
Create profile matrix with method 'bin' and step 0.85 ... OK
Create profile matrix with method 'bin' and step 0.85 ... OK
Processing 72718 mz slices ... OK
Create profile matrix with method 'bin' and step 1 ... OK
Create profile matrix with method 'bin' and step 1 ... OK
Create profile matrix with method 'bin' and step 1 ... OK
Create profile matrix with method 'bin' and step 1 ... OK
Create profile matrix with method 'bin' and step 1 ... OK
Processing 75748 mz slices ... OK
profStep or minfrac greater 1, decreasing to 0.71 and 1



starting new DoE with:

gapInit: c(0, 0.4)
gapExtend: c(1.74, 2.46)
profStep: c(0.71, 1)
bw: c(28.4, 47.6)
mzwid: c(0.016, 0.032)
distFunc: cor_opt
plottype: none
response: 1
factorDiag: 2
factorGap: 1
localAlignment: 0
retcorMethod: obiwarp
minfrac: 0.05
minsamp: 1
max: 50
center: 3

Create profile matrix with method 'bin' and step 0.71 ... OK
Create profile matrix with method 'bin' and step 0.71 ... OK
Create profile matrix with method 'bin' and step 0.71 ... OK
Create profile matrix with method 'bin' and step 0.71 ... OK
Create profile matrix with method 'bin' and step 0.71 ... OK
Create profile matrix with method 'bin' and step 0.71 ... OK
Create profile matrix with method 'bin' and step 0.71 ... OK
Create profile matrix with method 'bin' and step 0.71 ... OK
Processing 113621 mz slices ... OK
Create profile matrix with method 'bin' and step 0.71 ... OK
Create profile matrix with method 'bin' and step 0.71 ... OK
Create profile matrix with method 'bin' and step 0.71 ... OK
Create profile matrix with method 'bin' and step 0.71 ... OK
Create profile matrix with method 'bin' and step 0.71 ... OK
Create profile matrix with method 'bin' and step 0.71 ... OK
Create profile matrix with method 'bin' and step 0.71 ... OK
Create profile matrix with method 'bin' and step 0.71 ... OK
Processing 113621 mz slices ... OK
Create profile matrix with method 'bin' and step 0.71 ... OK
Create profile matrix with method 'bin' and step 0.71 ... OK
Create profile matrix with method 'bin' and step 0.71 ... OK
Create profile matrix with method 'bin' and step 0.71 ... OK
Create profile matrix with method 'bin' and step 0.71 ... OK
Create profile matrix with method 'bin' and step 0.71 ... OK
Create profile matrix with method 'bin' and step 0.71 ... OK
Create profile matrix with method 'bin' and step 0.71 ... OK
Processing 113621 mz slices ... OK
Create profile matrix with method 'bin' and step 0.71 ... OK
Create profile matrix with method 'bin' and step 0.71 ... OK
Create profile matrix with method 'bin' and step 0.71 ... OK
Create profile matrix with method 'bin' and step 0.71 ... OK
Create profile matrix with method 'bin' and step 0.71 ... OK
Create profile matrix with method 'bin' and step 0.71 ... OK
Create profile matrix with method 'bin' and step 0.71 ... OK
Create profile matrix with method 'bin' and step 0.71 ... OK
Processing 113621 mz slices ... OK
Create profile matrix with method 'bin' and step 1 ... OK
Create profile matrix with method 'bin' and step 1 ... OK
Create profile matrix with method 'bin' and step 1 ... OK
Create profile matrix with method 'bin' and step 1 ... OK
Create profile matrix with method 'bin' and step 1 ... OK
Processing 113621 mz slices ... OK
Create profile matrix with method 'bin' and step 1 ... OK
Create profile matrix with method 'bin' and step 1 ... OK
Create profile matrix with method 'bin' and step 1 ... OK
Create profile matrix with method 'bin' and step 1 ... OK
Create profile matrix with method 'bin' and step 1 ... OK
Processing 113621 mz slices ... OK
Create profile matrix with method 'bin' and step 1 ... OK
Create profile matrix with method 'bin' and step 1 ... OK
Create profile matrix with method 'bin' and step 1 ... OK
Create profile matrix with method 'bin' and step 1 ... OK
Create profile matrix with method 'bin' and step 1 ... OK
Processing 113621 mz slices ... OK
Create profile matrix with method 'bin' and step 1 ... OK
Create profile matrix with method 'bin' and step 1 ... OK
Create profile matrix with method 'bin' and step 1 ... OK
Create profile matrix with method 'bin' and step 1 ... OK
Create profile matrix with method 'bin' and step 1 ... OK
Processing 113621 mz slices ... OK
Create profile matrix with method 'bin' and step 0.71 ... OK
Create profile matrix with method 'bin' and step 0.71 ... OK
Create profile matrix with method 'bin' and step 0.71 ... OK
Create profile matrix with method 'bin' and step 0.71 ... OK
Create profile matrix with method 'bin' and step 0.71 ... OK
Create profile matrix with method 'bin' and step 0.71 ... OK
Create profile matrix with method 'bin' and step 0.71 ... OK
Create profile matrix with method 'bin' and step 0.71 ... OK
Processing 113621 mz slices ... OK
Create profile matrix with method 'bin' and step 0.71 ... OK
Create profile matrix with method 'bin' and step 0.71 ... OK
Create profile matrix with method 'bin' and step 0.71 ... OK
Create profile matrix with method 'bin' and step 0.71 ... OK
Create profile matrix with method 'bin' and step 0.71 ... OK
Create profile matrix with method 'bin' and step 0.71 ... OK
Create profile matrix with method 'bin' and step 0.71 ... OK
Create profile matrix with method 'bin' and step 0.71 ... OK
Processing 113621 mz slices ... OK
Create profile matrix with method 'bin' and step 0.71 ... OK
Create profile matrix with method 'bin' and step 0.71 ... OK
Create profile matrix with method 'bin' and step 0.71 ... OK
Create profile matrix with method 'bin' and step 0.71 ... OK
Create profile matrix with method 'bin' and step 0.71 ... OK
Create profile matrix with method 'bin' and step 0.71 ... OK
Create profile matrix with method 'bin' and step 0.71 ... OK
Create profile matrix with method 'bin' and step 0.71 ... OK
Processing 113621 mz slices ... OK
Create profile matrix with method 'bin' and step 0.71 ... OK
Create profile matrix with method 'bin' and step 0.71 ... OK
Create profile matrix with method 'bin' and step 0.71 ... OK
Create profile matrix with method 'bin' and step 0.71 ... OK
Create profile matrix with method 'bin' and step 0.71 ... OK
Create profile matrix with method 'bin' and step 0.71 ... OK
Create profile matrix with method 'bin' and step 0.71 ... OK
Create profile matrix with method 'bin' and step 0.71 ... OK
Processing 113621 mz slices ... OK
Create profile matrix with method 'bin' and step 1 ... OK
Create profile matrix with method 'bin' and step 1 ... OK
Create profile matrix with method 'bin' and step 1 ... OK
Create profile matrix with method 'bin' and step 1 ... OK
Create profile matrix with method 'bin' and step 1 ... OK
Processing 113621 mz slices ... OK
Create profile matrix with method 'bin' and step 1 ... OK
Create profile matrix with method 'bin' and step 1 ... OK
Create profile matrix with method 'bin' and step 1 ... OK
Create profile matrix with method 'bin' and step 1 ... OK
Create profile matrix with method 'bin' and step 1 ... OK
Processing 113621 mz slices ... OK
Create profile matrix with method 'bin' and step 1 ... OK
Create profile matrix with method 'bin' and step 1 ... OK
Create profile matrix with method 'bin' and step 1 ... OK
Create profile matrix with method 'bin' and step 1 ... OK
Create profile matrix with method 'bin' and step 1 ... OK
Processing 113621 mz slices ... OK
Create profile matrix with method 'bin' and step 1 ... OK
Create profile matrix with method 'bin' and step 1 ... OK
Create profile matrix with method 'bin' and step 1 ... OK
Create profile matrix with method 'bin' and step 1 ... OK
Create profile matrix with method 'bin' and step 1 ... OK
Processing 113621 mz slices ... OK
Create profile matrix with method 'bin' and step 0.71 ... OK
Create profile matrix with method 'bin' and step 0.71 ... OK
Create profile matrix with method 'bin' and step 0.71 ... OK
Create profile matrix with method 'bin' and step 0.71 ... OK
Create profile matrix with method 'bin' and step 0.71 ... OK
Create profile matrix with method 'bin' and step 0.71 ... OK
Create profile matrix with method 'bin' and step 0.71 ... OK
Create profile matrix with method 'bin' and step 0.71 ... OK
Processing 56811 mz slices ... OK
Create profile matrix with method 'bin' and step 0.71 ... OK
Create profile matrix with method 'bin' and step 0.71 ... OK
Create profile matrix with method 'bin' and step 0.71 ... OK
Create profile matrix with method 'bin' and step 0.71 ... OK
Create profile matrix with method 'bin' and step 0.71 ... OK
Create profile matrix with method 'bin' and step 0.71 ... OK
Create profile matrix with method 'bin' and step 0.71 ... OK
Create profile matrix with method 'bin' and step 0.71 ... OK
Processing 56811 mz slices ... OK
Create profile matrix with method 'bin' and step 0.71 ... OK
Create profile matrix with method 'bin' and step 0.71 ... OK
Create profile matrix with method 'bin' and step 0.71 ... OK
Create profile matrix with method 'bin' and step 0.71 ... OK
Create profile matrix with method 'bin' and step 0.71 ... OK
Create profile matrix with method 'bin' and step 0.71 ... OK
Create profile matrix with method 'bin' and step 0.71 ... OK
Create profile matrix with method 'bin' and step 0.71 ... OK
Processing 56811 mz slices ... OK
Create profile matrix with method 'bin' and step 0.71 ... OK
Create profile matrix with method 'bin' and step 0.71 ... OK
Create profile matrix with method 'bin' and step 0.71 ... OK
Create profile matrix with method 'bin' and step 0.71 ... OK
Create profile matrix with method 'bin' and step 0.71 ... OK
Create profile matrix with method 'bin' and step 0.71 ... OK
Create profile matrix with method 'bin' and step 0.71 ... OK
Create profile matrix with method 'bin' and step 0.71 ... OK
Processing 56811 mz slices ... OK
Create profile matrix with method 'bin' and step 1 ... OK
Create profile matrix with method 'bin' and step 1 ... OK
Create profile matrix with method 'bin' and step 1 ... OK
Create profile matrix with method 'bin' and step 1 ... OK
Create profile matrix with method 'bin' and step 1 ... OK
Processing 56811 mz slices ... OK
Create profile matrix with method 'bin' and step 1 ... OK
Create profile matrix with method 'bin' and step 1 ... OK
Create profile matrix with method 'bin' and step 1 ... OK
Create profile matrix with method 'bin' and step 1 ... OK
Create profile matrix with method 'bin' and step 1 ... OK
Processing 56811 mz slices ... OK
Create profile matrix with method 'bin' and step 1 ... OK
Create profile matrix with method 'bin' and step 1 ... OK
Create profile matrix with method 'bin' and step 1 ... OK
Create profile matrix with method 'bin' and step 1 ... OK
Create profile matrix with method 'bin' and step 1 ... OK
Processing 56811 mz slices ... OK
Create profile matrix with method 'bin' and step 1 ... OK
Create profile matrix with method 'bin' and step 1 ... OK
Create profile matrix with method 'bin' and step 1 ... OK
Create profile matrix with method 'bin' and step 1 ... OK
Create profile matrix with method 'bin' and step 1 ... OK
Processing 56811 mz slices ... OK
Create profile matrix with method 'bin' and step 0.71 ... OK
Create profile matrix with method 'bin' and step 0.71 ... OK
Create profile matrix with method 'bin' and step 0.71 ... OK
Create profile matrix with method 'bin' and step 0.71 ... OK
Create profile matrix with method 'bin' and step 0.71 ... OK
Create profile matrix with method 'bin' and step 0.71 ... OK
Create profile matrix with method 'bin' and step 0.71 ... OK
Create profile matrix with method 'bin' and step 0.71 ... OK
Processing 56811 mz slices ... OK
Create profile matrix with method 'bin' and step 0.71 ... OK
Create profile matrix with method 'bin' and step 0.71 ... OK
Create profile matrix with method 'bin' and step 0.71 ... OK
Create profile matrix with method 'bin' and step 0.71 ... OK
Create profile matrix with method 'bin' and step 0.71 ... OK
Create profile matrix with method 'bin' and step 0.71 ... OK
Create profile matrix with method 'bin' and step 0.71 ... OK
Create profile matrix with method 'bin' and step 0.71 ... OK
Processing 56811 mz slices ... OK
Create profile matrix with method 'bin' and step 0.71 ... OK
Create profile matrix with method 'bin' and step 0.71 ... OK
Create profile matrix with method 'bin' and step 0.71 ... OK
Create profile matrix with method 'bin' and step 0.71 ... OK
Create profile matrix with method 'bin' and step 0.71 ... OK
Create profile matrix with method 'bin' and step 0.71 ... OK
Create profile matrix with method 'bin' and step 0.71 ... OK
Create profile matrix with method 'bin' and step 0.71 ... OK
Processing 56811 mz slices ... OK
Create profile matrix with method 'bin' and step 0.71 ... OK
Create profile matrix with method 'bin' and step 0.71 ... OK
Create profile matrix with method 'bin' and step 0.71 ... OK
Create profile matrix with method 'bin' and step 0.71 ... OK
Create profile matrix with method 'bin' and step 0.71 ... OK
Create profile matrix with method 'bin' and step 0.71 ... OK
Create profile matrix with method 'bin' and step 0.71 ... OK
Create profile matrix with method 'bin' and step 0.71 ... OK
Processing 56811 mz slices ... OK
Create profile matrix with method 'bin' and step 1 ... OK
Create profile matrix with method 'bin' and step 1 ... OK
Create profile matrix with method 'bin' and step 1 ... OK
Create profile matrix with method 'bin' and step 1 ... OK
Create profile matrix with method 'bin' and step 1 ... OK
Processing 56811 mz slices ... OK
Create profile matrix with method 'bin' and step 1 ... OK
Create profile matrix with method 'bin' and step 1 ... OK
Create profile matrix with method 'bin' and step 1 ... OK
Create profile matrix with method 'bin' and step 1 ... OK
Create profile matrix with method 'bin' and step 1 ... OK
Processing 56811 mz slices ... OK
Create profile matrix with method 'bin' and step 1 ... OK
Create profile matrix with method 'bin' and step 1 ... OK
Create profile matrix with method 'bin' and step 1 ... OK
Create profile matrix with method 'bin' and step 1 ... OK
Create profile matrix with method 'bin' and step 1 ... OK
Processing 56811 mz slices ... OK
Create profile matrix with method 'bin' and step 1 ... OK
Create profile matrix with method 'bin' and step 1 ... OK
Create profile matrix with method 'bin' and step 1 ... OK
Create profile matrix with method 'bin' and step 1 ... OK
Create profile matrix with method 'bin' and step 1 ... OK
Processing 56811 mz slices ... OK
Create profile matrix with method 'bin' and step 0.855 ... OK
Create profile matrix with method 'bin' and step 0.855 ... OK
Create profile matrix with method 'bin' and step 0.855 ... OK
Create profile matrix with method 'bin' and step 0.855 ... OK
Create profile matrix with method 'bin' and step 0.855 ... OK
Create profile matrix with method 'bin' and step 0.855 ... OK
Create profile matrix with method 'bin' and step 0.855 ... OK
Create profile matrix with method 'bin' and step 0.855 ... OK
Processing 75748 mz slices ... OK
Create profile matrix with method 'bin' and step 0.855 ... OK
Create profile matrix with method 'bin' and step 0.855 ... OK
Create profile matrix with method 'bin' and step 0.855 ... OK
Create profile matrix with method 'bin' and step 0.855 ... OK
Create profile matrix with method 'bin' and step 0.855 ... OK
Create profile matrix with method 'bin' and step 0.855 ... OK
Create profile matrix with method 'bin' and step 0.855 ... OK
Create profile matrix with method 'bin' and step 0.855 ... OK
Processing 75748 mz slices ... OK
Create profile matrix with method 'bin' and step 0.855 ... OK
Create profile matrix with method 'bin' and step 0.855 ... OK
Create profile matrix with method 'bin' and step 0.855 ... OK
Create profile matrix with method 'bin' and step 0.855 ... OK
Create profile matrix with method 'bin' and step 0.855 ... OK
Create profile matrix with method 'bin' and step 0.855 ... OK
Create profile matrix with method 'bin' and step 0.855 ... OK
Create profile matrix with method 'bin' and step 0.855 ... OK
Processing 75748 mz slices ... OK
Create profile matrix with method 'bin' and step 0.855 ... OK
Create profile matrix with method 'bin' and step 0.855 ... OK
Create profile matrix with method 'bin' and step 0.855 ... OK
Create profile matrix with method 'bin' and step 0.855 ... OK
Create profile matrix with method 'bin' and step 0.855 ... OK
Create profile matrix with method 'bin' and step 0.855 ... OK
Create profile matrix with method 'bin' and step 0.855 ... OK
Create profile matrix with method 'bin' and step 0.855 ... OK
Processing 75748 mz slices ... OK
Create profile matrix with method 'bin' and step 0.855 ... OK
Create profile matrix with method 'bin' and step 0.855 ... OK
Create profile matrix with method 'bin' and step 0.855 ... OK
Create profile matrix with method 'bin' and step 0.855 ... OK
Create profile matrix with method 'bin' and step 0.855 ... OK
Create profile matrix with method 'bin' and step 0.855 ... OK
Create profile matrix with method 'bin' and step 0.855 ... OK
Create profile matrix with method 'bin' and step 0.855 ... OK
Processing 75748 mz slices ... OK
Create profile matrix with method 'bin' and step 0.71 ... OK
Create profile matrix with method 'bin' and step 0.71 ... OK
Create profile matrix with method 'bin' and step 0.71 ... OK
Create profile matrix with method 'bin' and step 0.71 ... OK
Create profile matrix with method 'bin' and step 0.71 ... OK
Create profile matrix with method 'bin' and step 0.71 ... OK
Create profile matrix with method 'bin' and step 0.71 ... OK
Create profile matrix with method 'bin' and step 0.71 ... OK
Processing 75748 mz slices ... OK
Create profile matrix with method 'bin' and step 1 ... OK
Create profile matrix with method 'bin' and step 1 ... OK
Create profile matrix with method 'bin' and step 1 ... OK
Create profile matrix with method 'bin' and step 1 ... OK
Create profile matrix with method 'bin' and step 1 ... OK
Processing 75748 mz slices ... OK
Create profile matrix with method 'bin' and step 0.855 ... OK
Create profile matrix with method 'bin' and step 0.855 ... OK
Create profile matrix with method 'bin' and step 0.855 ... OK
Create profile matrix with method 'bin' and step 0.855 ... OK
Create profile matrix with method 'bin' and step 0.855 ... OK
Create profile matrix with method 'bin' and step 0.855 ... OK
Create profile matrix with method 'bin' and step 0.855 ... OK
Create profile matrix with method 'bin' and step 0.855 ... OK
Processing 75748 mz slices ... OK
Create profile matrix with method 'bin' and step 0.855 ... OK
Create profile matrix with method 'bin' and step 0.855 ... OK
Create profile matrix with method 'bin' and step 0.855 ... OK
Create profile matrix with method 'bin' and step 0.855 ... OK
Create profile matrix with method 'bin' and step 0.855 ... OK
Create profile matrix with method 'bin' and step 0.855 ... OK
Create profile matrix with method 'bin' and step 0.855 ... OK
Create profile matrix with method 'bin' and step 0.855 ... OK
Processing 75748 mz slices ... OK
Create profile matrix with method 'bin' and step 0.855 ... OK
Create profile matrix with method 'bin' and step 0.855 ... OK
Create profile matrix with method 'bin' and step 0.855 ... OK
Create profile matrix with method 'bin' and step 0.855 ... OK
Create profile matrix with method 'bin' and step 0.855 ... OK
Create profile matrix with method 'bin' and step 0.855 ... OK
Create profile matrix with method 'bin' and step 0.855 ... OK
Create profile matrix with method 'bin' and step 0.855 ... OK
Processing 113621 mz slices ... OK
Create profile matrix with method 'bin' and step 0.855 ... OK
Create profile matrix with method 'bin' and step 0.855 ... OK
Create profile matrix with method 'bin' and step 0.855 ... OK
Create profile matrix with method 'bin' and step 0.855 ... OK
Create profile matrix with method 'bin' and step 0.855 ... OK
Create profile matrix with method 'bin' and step 0.855 ... OK
Create profile matrix with method 'bin' and step 0.855 ... OK
Create profile matrix with method 'bin' and step 0.855 ... OK
Processing 56811 mz slices ... OK
Create profile matrix with method 'bin' and step 0.855 ... OK
Create profile matrix with method 'bin' and step 0.855 ... OK
Create profile matrix with method 'bin' and step 0.855 ... OK
Create profile matrix with method 'bin' and step 0.855 ... OK
Create profile matrix with method 'bin' and step 0.855 ... OK
Create profile matrix with method 'bin' and step 0.855 ... OK
Create profile matrix with method 'bin' and step 0.855 ... OK
Create profile matrix with method 'bin' and step 0.855 ... OK
Processing 75748 mz slices ... OK
Create profile matrix with method 'bin' and step 0.71 ... OK
Create profile matrix with method 'bin' and step 0.71 ... OK
Create profile matrix with method 'bin' and step 0.71 ... OK
Create profile matrix with method 'bin' and step 0.71 ... OK
Create profile matrix with method 'bin' and step 0.71 ... OK
Create profile matrix with method 'bin' and step 0.71 ... OK
Create profile matrix with method 'bin' and step 0.71 ... OK
Create profile matrix with method 'bin' and step 0.71 ... OK
Processing 56811 mz slices ... OK
no increase stopping
library(xcms)
library(Rmpi)

xset <- xcmsSet( 
  method = "centWave",
  peakwidth       = c(25.76, 87.5),
  ppm             = 11.75,
  noise           = 500,
  snthresh        = 10,
  mzdiff          = 0.01,
  prefilter       = c(3, 500),
  mzCenterFun     = "wMean",
  integrate       = 2,
  fitgauss        = FALSE,
  verbose.columns = TRUE)
xset <- retcor( 
  xset,
  method         = "obiwarp",
  plottype       = "none",
  distFunc       = "cor_opt",
  profStep       = 1,
  center         = 3,
  response       = 1,
  gapInit        = 0,
  gapExtend      = 2.1,
  factorDiag     = 2,
  factorGap      = 1,
  localAlignment = 0)
xset <- group( 
  xset,
  method  = "density",
  bw      = 38,
  mzwid   = 0.024,
  minfrac = 0.05,
  minsamp = 1,
  max     = 50)

xset <- fillPeaks(xset)
Warning message:
In sink() : no sink to remove
