center sample:  202_M1_pE_329_V2_6491_V2 
Processing: 212_M1_pE_334_V4_14330_V4  211_M1_pE_327_V6_14318_V6  048_M1_pE_113_V2_6514_V2  045_M1_pE_115_V4_6519_V4  
center sample:  202_M1_pE_329_V2_6491_V2 
Processing: 212_M1_pE_334_V4_14330_V4  211_M1_pE_327_V6_14318_V6  048_M1_pE_113_V2_6514_V2  045_M1_pE_115_V4_6519_V4  
center sample:  202_M1_pE_329_V2_6491_V2 
Processing: 212_M1_pE_334_V4_14330_V4  211_M1_pE_327_V6_14318_V6  048_M1_pE_113_V2_6514_V2  045_M1_pE_115_V4_6519_V4  
center sample:  202_M1_pE_329_V2_6491_V2 
Processing: 212_M1_pE_334_V4_14330_V4  211_M1_pE_327_V6_14318_V6  048_M1_pE_113_V2_6514_V2  045_M1_pE_115_V4_6519_V4  
center sample:  202_M1_pE_329_V2_6491_V2 
Processing: 212_M1_pE_334_V4_14330_V4  211_M1_pE_327_V6_14318_V6  048_M1_pE_113_V2_6514_V2  045_M1_pE_115_V4_6519_V4  
center sample:  202_M1_pE_329_V2_6491_V2 
Processing: 212_M1_pE_334_V4_14330_V4  211_M1_pE_327_V6_14318_V6  048_M1_pE_113_V2_6514_V2  045_M1_pE_115_V4_6519_V4  
center sample:  202_M1_pE_329_V2_6491_V2 
Processing: 212_M1_pE_334_V4_14330_V4  211_M1_pE_327_V6_14318_V6  048_M1_pE_113_V2_6514_V2  045_M1_pE_115_V4_6519_V4  
center sample:  202_M1_pE_329_V2_6491_V2 
Processing: 212_M1_pE_334_V4_14330_V4  211_M1_pE_327_V6_14318_V6  048_M1_pE_113_V2_6514_V2  045_M1_pE_115_V4_6519_V4  
center sample:  202_M1_pE_329_V2_6491_V2 
Processing: 212_M1_pE_334_V4_14330_V4  211_M1_pE_327_V6_14318_V6  048_M1_pE_113_V2_6514_V2  045_M1_pE_115_V4_6519_V4  
center sample:  202_M1_pE_329_V2_6491_V2 
Processing: 212_M1_pE_334_V4_14330_V4  211_M1_pE_327_V6_14318_V6  048_M1_pE_113_V2_6514_V2  045_M1_pE_115_V4_6519_V4  
center sample:  202_M1_pE_329_V2_6491_V2 
Processing: 212_M1_pE_334_V4_14330_V4  211_M1_pE_327_V6_14318_V6  048_M1_pE_113_V2_6514_V2  045_M1_pE_115_V4_6519_V4  
center sample:  202_M1_pE_329_V2_6491_V2 
Processing: 212_M1_pE_334_V4_14330_V4  211_M1_pE_327_V6_14318_V6  048_M1_pE_113_V2_6514_V2  045_M1_pE_115_V4_6519_V4  
center sample:  202_M1_pE_329_V2_6491_V2 
Processing: 212_M1_pE_334_V4_14330_V4  211_M1_pE_327_V6_14318_V6  048_M1_pE_113_V2_6514_V2  045_M1_pE_115_V4_6519_V4  
center sample:  202_M1_pE_329_V2_6491_V2 
Processing: 212_M1_pE_334_V4_14330_V4  211_M1_pE_327_V6_14318_V6  048_M1_pE_113_V2_6514_V2  045_M1_pE_115_V4_6519_V4  
center sample:  202_M1_pE_329_V2_6491_V2 
Processing: 212_M1_pE_334_V4_14330_V4  211_M1_pE_327_V6_14318_V6  048_M1_pE_113_V2_6514_V2  045_M1_pE_115_V4_6519_V4  
center sample:  202_M1_pE_329_V2_6491_V2 
Processing: 212_M1_pE_334_V4_14330_V4  211_M1_pE_327_V6_14318_V6  048_M1_pE_113_V2_6514_V2  045_M1_pE_115_V4_6519_V4  
center sample:  202_M1_pE_329_V2_6491_V2 
Processing: 212_M1_pE_334_V4_14330_V4  211_M1_pE_327_V6_14318_V6  048_M1_pE_113_V2_6514_V2  045_M1_pE_115_V4_6519_V4  
center sample:  202_M1_pE_329_V2_6491_V2 
Processing: 212_M1_pE_334_V4_14330_V4  211_M1_pE_327_V6_14318_V6  048_M1_pE_113_V2_6514_V2  045_M1_pE_115_V4_6519_V4  
center sample:  202_M1_pE_329_V2_6491_V2 
Processing: 212_M1_pE_334_V4_14330_V4  211_M1_pE_327_V6_14318_V6  048_M1_pE_113_V2_6514_V2  045_M1_pE_115_V4_6519_V4  
center sample:  202_M1_pE_329_V2_6491_V2 
Processing: 212_M1_pE_334_V4_14330_V4  211_M1_pE_327_V6_14318_V6  048_M1_pE_113_V2_6514_V2  045_M1_pE_115_V4_6519_V4  
center sample:  202_M1_pE_329_V2_6491_V2 
Processing: 212_M1_pE_334_V4_14330_V4  211_M1_pE_327_V6_14318_V6  048_M1_pE_113_V2_6514_V2  045_M1_pE_115_V4_6519_V4  
center sample:  202_M1_pE_329_V2_6491_V2 
Processing: 212_M1_pE_334_V4_14330_V4  211_M1_pE_327_V6_14318_V6  048_M1_pE_113_V2_6514_V2  045_M1_pE_115_V4_6519_V4  
center sample:  202_M1_pE_329_V2_6491_V2 
Processing: 212_M1_pE_334_V4_14330_V4  211_M1_pE_327_V6_14318_V6  048_M1_pE_113_V2_6514_V2  045_M1_pE_115_V4_6519_V4  
center sample:  202_M1_pE_329_V2_6491_V2 
Processing: 212_M1_pE_334_V4_14330_V4  211_M1_pE_327_V6_14318_V6  048_M1_pE_113_V2_6514_V2  045_M1_pE_115_V4_6519_V4  
center sample:  202_M1_pE_329_V2_6491_V2 
Processing: 212_M1_pE_334_V4_14330_V4  211_M1_pE_327_V6_14318_V6  048_M1_pE_113_V2_6514_V2  045_M1_pE_115_V4_6519_V4  
center sample:  202_M1_pE_329_V2_6491_V2 
Processing: 212_M1_pE_334_V4_14330_V4  211_M1_pE_327_V6_14318_V6  048_M1_pE_113_V2_6514_V2  045_M1_pE_115_V4_6519_V4  
center sample:  202_M1_pE_329_V2_6491_V2 
Processing: 212_M1_pE_334_V4_14330_V4  211_M1_pE_327_V6_14318_V6  048_M1_pE_113_V2_6514_V2  045_M1_pE_115_V4_6519_V4  
center sample:  202_M1_pE_329_V2_6491_V2 
Processing: 212_M1_pE_334_V4_14330_V4  211_M1_pE_327_V6_14318_V6  048_M1_pE_113_V2_6514_V2  045_M1_pE_115_V4_6519_V4  
center sample:  202_M1_pE_329_V2_6491_V2 
Processing: 212_M1_pE_334_V4_14330_V4  211_M1_pE_327_V6_14318_V6  048_M1_pE_113_V2_6514_V2  045_M1_pE_115_V4_6519_V4  
center sample:  202_M1_pE_329_V2_6491_V2 
Processing: 212_M1_pE_334_V4_14330_V4  211_M1_pE_327_V6_14318_V6  048_M1_pE_113_V2_6514_V2  045_M1_pE_115_V4_6519_V4  
center sample:  202_M1_pE_329_V2_6491_V2 
Processing: 212_M1_pE_334_V4_14330_V4  211_M1_pE_327_V6_14318_V6  048_M1_pE_113_V2_6514_V2  045_M1_pE_115_V4_6519_V4  
center sample:  202_M1_pE_329_V2_6491_V2 
Processing: 212_M1_pE_334_V4_14330_V4  211_M1_pE_327_V6_14318_V6  048_M1_pE_113_V2_6514_V2  045_M1_pE_115_V4_6519_V4  
center sample:  202_M1_pE_329_V2_6491_V2 
Processing: 212_M1_pE_334_V4_14330_V4  211_M1_pE_327_V6_14318_V6  048_M1_pE_113_V2_6514_V2  045_M1_pE_115_V4_6519_V4  
center sample:  202_M1_pE_329_V2_6491_V2 
Processing: 212_M1_pE_334_V4_14330_V4  211_M1_pE_327_V6_14318_V6  048_M1_pE_113_V2_6514_V2  045_M1_pE_115_V4_6519_V4  
center sample:  202_M1_pE_329_V2_6491_V2 
Processing: 212_M1_pE_334_V4_14330_V4  211_M1_pE_327_V6_14318_V6  048_M1_pE_113_V2_6514_V2  045_M1_pE_115_V4_6519_V4  
center sample:  202_M1_pE_329_V2_6491_V2 
Processing: 212_M1_pE_334_V4_14330_V4  211_M1_pE_327_V6_14318_V6  048_M1_pE_113_V2_6514_V2  045_M1_pE_115_V4_6519_V4  
center sample:  202_M1_pE_329_V2_6491_V2 
Processing: 212_M1_pE_334_V4_14330_V4  211_M1_pE_327_V6_14318_V6  048_M1_pE_113_V2_6514_V2  045_M1_pE_115_V4_6519_V4  
center sample:  202_M1_pE_329_V2_6491_V2 
Processing: 212_M1_pE_334_V4_14330_V4  211_M1_pE_327_V6_14318_V6  048_M1_pE_113_V2_6514_V2  045_M1_pE_115_V4_6519_V4  
center sample:  202_M1_pE_329_V2_6491_V2 
Processing: 212_M1_pE_334_V4_14330_V4  211_M1_pE_327_V6_14318_V6  048_M1_pE_113_V2_6514_V2  045_M1_pE_115_V4_6519_V4  
center sample:  202_M1_pE_329_V2_6491_V2 
Processing: 212_M1_pE_334_V4_14330_V4  211_M1_pE_327_V6_14318_V6  048_M1_pE_113_V2_6514_V2  045_M1_pE_115_V4_6519_V4  
center sample:  202_M1_pE_329_V2_6491_V2 
Processing: 212_M1_pE_334_V4_14330_V4  211_M1_pE_327_V6_14318_V6  048_M1_pE_113_V2_6514_V2  045_M1_pE_115_V4_6519_V4  
center sample:  202_M1_pE_329_V2_6491_V2 
Processing: 212_M1_pE_334_V4_14330_V4  211_M1_pE_327_V6_14318_V6  048_M1_pE_113_V2_6514_V2  045_M1_pE_115_V4_6519_V4  
center sample:  202_M1_pE_329_V2_6491_V2 
Processing: 212_M1_pE_334_V4_14330_V4  211_M1_pE_327_V6_14318_V6  048_M1_pE_113_V2_6514_V2  045_M1_pE_115_V4_6519_V4  
center sample:  202_M1_pE_329_V2_6491_V2 
Processing: 212_M1_pE_334_V4_14330_V4  211_M1_pE_327_V6_14318_V6  048_M1_pE_113_V2_6514_V2  045_M1_pE_115_V4_6519_V4  
center sample:  202_M1_pE_329_V2_6491_V2 
Processing: 212_M1_pE_334_V4_14330_V4  211_M1_pE_327_V6_14318_V6  048_M1_pE_113_V2_6514_V2  045_M1_pE_115_V4_6519_V4  
center sample:  202_M1_pE_329_V2_6491_V2 
Processing: 212_M1_pE_334_V4_14330_V4  211_M1_pE_327_V6_14318_V6  048_M1_pE_113_V2_6514_V2  045_M1_pE_115_V4_6519_V4  
center sample:  202_M1_pE_329_V2_6491_V2 
Processing: 212_M1_pE_334_V4_14330_V4  211_M1_pE_327_V6_14318_V6  048_M1_pE_113_V2_6514_V2  045_M1_pE_115_V4_6519_V4  
center sample:  202_M1_pE_329_V2_6491_V2 
Processing: 212_M1_pE_334_V4_14330_V4  211_M1_pE_327_V6_14318_V6  048_M1_pE_113_V2_6514_V2  045_M1_pE_115_V4_6519_V4  
center sample:  202_M1_pE_329_V2_6491_V2 
Processing: 212_M1_pE_334_V4_14330_V4  211_M1_pE_327_V6_14318_V6  048_M1_pE_113_V2_6514_V2  045_M1_pE_115_V4_6519_V4  
center sample:  202_M1_pE_329_V2_6491_V2 
Processing: 212_M1_pE_334_V4_14330_V4  211_M1_pE_327_V6_14318_V6  048_M1_pE_113_V2_6514_V2  045_M1_pE_115_V4_6519_V4  
center sample:  202_M1_pE_329_V2_6491_V2 
Processing: 212_M1_pE_334_V4_14330_V4  211_M1_pE_327_V6_14318_V6  048_M1_pE_113_V2_6514_V2  045_M1_pE_115_V4_6519_V4  
center sample:  202_M1_pE_329_V2_6491_V2 
Processing: 212_M1_pE_334_V4_14330_V4  211_M1_pE_327_V6_14318_V6  048_M1_pE_113_V2_6514_V2  045_M1_pE_115_V4_6519_V4  
center sample:  202_M1_pE_329_V2_6491_V2 
Processing: 212_M1_pE_334_V4_14330_V4  211_M1_pE_327_V6_14318_V6  048_M1_pE_113_V2_6514_V2  045_M1_pE_115_V4_6519_V4  
center sample:  202_M1_pE_329_V2_6491_V2 
Processing: 212_M1_pE_334_V4_14330_V4  211_M1_pE_327_V6_14318_V6  048_M1_pE_113_V2_6514_V2  045_M1_pE_115_V4_6519_V4  
center sample:  202_M1_pE_329_V2_6491_V2 
Processing: 212_M1_pE_334_V4_14330_V4  211_M1_pE_327_V6_14318_V6  048_M1_pE_113_V2_6514_V2  045_M1_pE_115_V4_6519_V4  
center sample:  202_M1_pE_329_V2_6491_V2 
Processing: 212_M1_pE_334_V4_14330_V4  211_M1_pE_327_V6_14318_V6  048_M1_pE_113_V2_6514_V2  045_M1_pE_115_V4_6519_V4  
center sample:  202_M1_pE_329_V2_6491_V2 
Processing: 212_M1_pE_334_V4_14330_V4  211_M1_pE_327_V6_14318_V6  048_M1_pE_113_V2_6514_V2  045_M1_pE_115_V4_6519_V4  
center sample:  202_M1_pE_329_V2_6491_V2 
Processing: 212_M1_pE_334_V4_14330_V4  211_M1_pE_327_V6_14318_V6  048_M1_pE_113_V2_6514_V2  045_M1_pE_115_V4_6519_V4  
center sample:  202_M1_pE_329_V2_6491_V2 
Processing: 212_M1_pE_334_V4_14330_V4  211_M1_pE_327_V6_14318_V6  048_M1_pE_113_V2_6514_V2  045_M1_pE_115_V4_6519_V4  
center sample:  202_M1_pE_329_V2_6491_V2 
Processing: 212_M1_pE_334_V4_14330_V4  211_M1_pE_327_V6_14318_V6  048_M1_pE_113_V2_6514_V2  045_M1_pE_115_V4_6519_V4  
center sample:  202_M1_pE_329_V2_6491_V2 
Processing: 212_M1_pE_334_V4_14330_V4  211_M1_pE_327_V6_14318_V6  048_M1_pE_113_V2_6514_V2  045_M1_pE_115_V4_6519_V4  
center sample:  202_M1_pE_329_V2_6491_V2 
Processing: 212_M1_pE_334_V4_14330_V4  211_M1_pE_327_V6_14318_V6  048_M1_pE_113_V2_6514_V2  045_M1_pE_115_V4_6519_V4  
center sample:  202_M1_pE_329_V2_6491_V2 
Processing: 212_M1_pE_334_V4_14330_V4  211_M1_pE_327_V6_14318_V6  048_M1_pE_113_V2_6514_V2  045_M1_pE_115_V4_6519_V4  
center sample:  202_M1_pE_329_V2_6491_V2 
Processing: 212_M1_pE_334_V4_14330_V4  211_M1_pE_327_V6_14318_V6  048_M1_pE_113_V2_6514_V2  045_M1_pE_115_V4_6519_V4  
center sample:  202_M1_pE_329_V2_6491_V2 
Processing: 212_M1_pE_334_V4_14330_V4  211_M1_pE_327_V6_14318_V6  048_M1_pE_113_V2_6514_V2  045_M1_pE_115_V4_6519_V4  
center sample:  202_M1_pE_329_V2_6491_V2 
Processing: 212_M1_pE_334_V4_14330_V4  211_M1_pE_327_V6_14318_V6  048_M1_pE_113_V2_6514_V2  045_M1_pE_115_V4_6519_V4  
center sample:  202_M1_pE_329_V2_6491_V2 
Processing: 212_M1_pE_334_V4_14330_V4  211_M1_pE_327_V6_14318_V6  048_M1_pE_113_V2_6514_V2  045_M1_pE_115_V4_6519_V4  
center sample:  202_M1_pE_329_V2_6491_V2 
Processing: 212_M1_pE_334_V4_14330_V4  211_M1_pE_327_V6_14318_V6  048_M1_pE_113_V2_6514_V2  045_M1_pE_115_V4_6519_V4  
center sample:  202_M1_pE_329_V2_6491_V2 
Processing: 212_M1_pE_334_V4_14330_V4  211_M1_pE_327_V6_14318_V6  048_M1_pE_113_V2_6514_V2  045_M1_pE_115_V4_6519_V4  
center sample:  202_M1_pE_329_V2_6491_V2 
Processing: 212_M1_pE_334_V4_14330_V4  211_M1_pE_327_V6_14318_V6  048_M1_pE_113_V2_6514_V2  045_M1_pE_115_V4_6519_V4  
center sample:  202_M1_pE_329_V2_6491_V2 
Processing: 212_M1_pE_334_V4_14330_V4  211_M1_pE_327_V6_14318_V6  048_M1_pE_113_V2_6514_V2  045_M1_pE_115_V4_6519_V4  
center sample:  202_M1_pE_329_V2_6491_V2 
Processing: 212_M1_pE_334_V4_14330_V4  211_M1_pE_327_V6_14318_V6  048_M1_pE_113_V2_6514_V2  045_M1_pE_115_V4_6519_V4  
center sample:  202_M1_pE_329_V2_6491_V2 
Processing: 212_M1_pE_334_V4_14330_V4  211_M1_pE_327_V6_14318_V6  048_M1_pE_113_V2_6514_V2  045_M1_pE_115_V4_6519_V4  
center sample:  202_M1_pE_329_V2_6491_V2 
Processing: 212_M1_pE_334_V4_14330_V4  211_M1_pE_327_V6_14318_V6  048_M1_pE_113_V2_6514_V2  045_M1_pE_115_V4_6519_V4  
center sample:  202_M1_pE_329_V2_6491_V2 
Processing: 212_M1_pE_334_V4_14330_V4  211_M1_pE_327_V6_14318_V6  048_M1_pE_113_V2_6514_V2  045_M1_pE_115_V4_6519_V4  
center sample:  202_M1_pE_329_V2_6491_V2 
Processing: 212_M1_pE_334_V4_14330_V4  211_M1_pE_327_V6_14318_V6  048_M1_pE_113_V2_6514_V2  045_M1_pE_115_V4_6519_V4  
center sample:  202_M1_pE_329_V2_6491_V2 
Processing: 212_M1_pE_334_V4_14330_V4  211_M1_pE_327_V6_14318_V6  048_M1_pE_113_V2_6514_V2  045_M1_pE_115_V4_6519_V4  
center sample:  202_M1_pE_329_V2_6491_V2 
Processing: 212_M1_pE_334_V4_14330_V4  211_M1_pE_327_V6_14318_V6  048_M1_pE_113_V2_6514_V2  045_M1_pE_115_V4_6519_V4  
center sample:  202_M1_pE_329_V2_6491_V2 
Processing: 212_M1_pE_334_V4_14330_V4  211_M1_pE_327_V6_14318_V6  048_M1_pE_113_V2_6514_V2  045_M1_pE_115_V4_6519_V4  
center sample:  202_M1_pE_329_V2_6491_V2 
Processing: 212_M1_pE_334_V4_14330_V4  211_M1_pE_327_V6_14318_V6  048_M1_pE_113_V2_6514_V2  045_M1_pE_115_V4_6519_V4  
center sample:  202_M1_pE_329_V2_6491_V2 
Processing: 212_M1_pE_334_V4_14330_V4  211_M1_pE_327_V6_14318_V6  048_M1_pE_113_V2_6514_V2  045_M1_pE_115_V4_6519_V4  
center sample:  202_M1_pE_329_V2_6491_V2 
Processing: 212_M1_pE_334_V4_14330_V4  211_M1_pE_327_V6_14318_V6  048_M1_pE_113_V2_6514_V2  045_M1_pE_115_V4_6519_V4  
center sample:  202_M1_pE_329_V2_6491_V2 
Processing: 212_M1_pE_334_V4_14330_V4  211_M1_pE_327_V6_14318_V6  048_M1_pE_113_V2_6514_V2  045_M1_pE_115_V4_6519_V4  
center sample:  202_M1_pE_329_V2_6491_V2 
Processing: 212_M1_pE_334_V4_14330_V4  211_M1_pE_327_V6_14318_V6  048_M1_pE_113_V2_6514_V2  045_M1_pE_115_V4_6519_V4  
center sample:  202_M1_pE_329_V2_6491_V2 
Processing: 212_M1_pE_334_V4_14330_V4  211_M1_pE_327_V6_14318_V6  048_M1_pE_113_V2_6514_V2  045_M1_pE_115_V4_6519_V4  
center sample:  202_M1_pE_329_V2_6491_V2 
Processing: 212_M1_pE_334_V4_14330_V4  211_M1_pE_327_V6_14318_V6  048_M1_pE_113_V2_6514_V2  045_M1_pE_115_V4_6519_V4  
center sample:  202_M1_pE_329_V2_6491_V2 
Processing: 212_M1_pE_334_V4_14330_V4  211_M1_pE_327_V6_14318_V6  048_M1_pE_113_V2_6514_V2  045_M1_pE_115_V4_6519_V4  
center sample:  202_M1_pE_329_V2_6491_V2 
Processing: 212_M1_pE_334_V4_14330_V4  211_M1_pE_327_V6_14318_V6  048_M1_pE_113_V2_6514_V2  045_M1_pE_115_V4_6519_V4  
center sample:  202_M1_pE_329_V2_6491_V2 
Processing: 212_M1_pE_334_V4_14330_V4  211_M1_pE_327_V6_14318_V6  048_M1_pE_113_V2_6514_V2  045_M1_pE_115_V4_6519_V4  
center sample:  202_M1_pE_329_V2_6491_V2 
Processing: 212_M1_pE_334_V4_14330_V4  211_M1_pE_327_V6_14318_V6  048_M1_pE_113_V2_6514_V2  045_M1_pE_115_V4_6519_V4  
g chromatographic peaks in 8104 regions of interest ... OK: 72 found.
23
Detecting mass traces at 24.5 ppm ... OK
Detecting chromatographic peaks in 10199 regions of interest ... OK: 56 found.
24
Detecting mass traces at 24.5 ppm ... OK
Detecting chromatographic peaks in 8104 regions of interest ... OK: 95 found.
25
Detecting mass traces at 9.5 ppm ... OK
Detecting chromatographic peaks in 5991 regions of interest ... OK: 27 found.
26
Detecting mass traces at 9.5 ppm ... OK
Detecting chromatographic peaks in 5031 regions of interest ... OK: 51 found.
27
Detecting mass traces at 9.5 ppm ... OK
Detecting chromatographic peaks in 5991 regions of interest ... OK: 25 found.
28
Detecting mass traces at 9.5 ppm ... OK
Detecting chromatographic peaks in 5031 regions of interest ... OK: 68 found.
29
Detecting mass traces at 24.5 ppm ... OK
Detecting chromatographic peaks in 10199 regions of interest ... OK: 59 found.
30
Detecting mass traces at 24.5 ppm ... OK
Detecting chromatographic peaks in 8104 regions of interest ... OK: 72 found.
31
Detecting mass traces at 24.5 ppm ... OK
Detecting chromatographic peaks in 10199 regions of interest ... OK: 56 found.
32
Detecting mass traces at 24.5 ppm ... OK
Detecting chromatographic peaks in 8104 regions of interest ... OK: 95 found.
33
Detecting mass traces at 9.5 ppm ... OK
Detecting chromatographic peaks in 5991 regions of interest ... OK: 27 found.
34
Detecting mass traces at 9.5 ppm ... OK
Detecting chromatographic peaks in 5031 regions of interest ... OK: 51 found.
35
Detecting mass traces at 9.5 ppm ... OK
Detecting chromatographic peaks in 5991 regions of interest ... OK: 25 found.
36
Detecting mass traces at 9.5 ppm ... OK
Detecting chromatographic peaks in 5031 regions of interest ... OK: 68 found.
37
Detecting mass traces at 24.5 ppm ... OK
Detecting chromatographic peaks in 10199 regions of interest ... OK: 59 found.
38
Detecting mass traces at 24.5 ppm ... OK
Detecting chromatographic peaks in 8104 regions of interest ... OK: 72 found.
39
Detecting mass traces at 24.5 ppm ... OK
Detecting chromatographic peaks in 10199 regions of interest ... OK: 56 found.
40
Detecting mass traces at 24.5 ppm ... OK
Detecting chromatographic peaks in 8104 regions of interest ... OK: 95 found.
41
Detecting mass traces at 9.5 ppm ... OK
Detecting chromatographic peaks in 5991 regions of interest ... OK: 27 found.
42
Detecting mass traces at 9.5 ppm ... OK
Detecting chromatographic peaks in 5031 regions of interest ... OK: 51 found.
43
Detecting mass traces at 9.5 ppm ... OK
Detecting chromatographic peaks in 5991 regions of interest ... OK: 25 found.
44
Detecting mass traces at 9.5 ppm ... OK
Detecting chromatographic peaks in 5031 regions of interest ... OK: 68 found.
45
Detecting mass traces at 24.5 ppm ... OK
Detecting chromatographic peaks in 10199 regions of interest ... OK: 59 found.
46
Detecting mass traces at 24.5 ppm ... OK
Detecting chromatographic peaks in 8104 regions of interest ... OK: 72 found.
47
Detecting mass traces at 24.5 ppm ... OK
Detecting chromatographic peaks in 10199 regions of interest ... OK: 56 found.
48
Detecting mass traces at 24.5 ppm ... OK
Detecting chromatographic peaks in 8104 regions of interest ... OK: 95 found.
49
Detecting mass traces at 9.5 ppm ... OK
Detecting chromatographic peaks in 5991 regions of interest ... OK: 27 found.
50
Detecting mass traces at 9.5 ppm ... OK
Detecting chromatographic peaks in 5031 regions of interest ... OK: 51 found.
51
Detecting mass traces at 9.5 ppm ... OK
Detecting chromatographic peaks in 5991 regions of interest ... OK: 25 found.
52
Detecting mass traces at 9.5 ppm ... OK
Detecting chromatographic peaks in 5031 regions of interest ... OK: 68 found.
53
Detecting mass traces at 24.5 ppm ... OK
Detecting chromatographic peaks in 10199 regions of interest ... OK: 59 found.
54
Detecting mass traces at 24.5 ppm ... OK
Detecting chromatographic peaks in 8104 regions of interest ... OK: 72 found.
55
Detecting mass traces at 24.5 ppm ... OK
Detecting chromatographic peaks in 10199 regions of interest ... OK: 56 found.
56
Detecting mass traces at 24.5 ppm ... OK
Detecting chromatographic peaks in 8104 regions of interest ... OK: 95 found.
57
Detecting mass traces at 9.5 ppm ... OK
Detecting chromatographic peaks in 5991 regions of interest ... OK: 27 found.
58
Detecting mass traces at 9.5 ppm ... OK
Detecting chromatographic peaks in 5031 regions of interest ... OK: 51 found.
59
Detecting mass traces at 9.5 ppm ... OK
Detecting chromatographic peaks in 5991 regions of interest ... OK: 25 found.
60
Detecting mass traces at 9.5 ppm ... OK
Detecting chromatographic peaks in 5031 regions of interest ... OK: 68 found.
61
Detecting mass traces at 24.5 ppm ... OK
Detecting chromatographic peaks in 10199 regions of interest ... OK: 59 found.
62
Detecting mass traces at 24.5 ppm ... OK
Detecting chromatographic peaks in 8104 regions of interest ... OK: 72 found.
63
Detecting mass traces at 24.5 ppm ... OK
Detecting chromatographic peaks in 10199 regions of interest ... OK: 56 found.
64
Detecting mass traces at 24.5 ppm ... OK
Detecting chromatographic peaks in 8104 regions of interest ... OK: 95 found.
65
Detecting mass traces at 17 ppm ... OK
Detecting chromatographic peaks in 8460 regions of interest ... OK: 77 found.
66
Detecting mass traces at 17 ppm ... OK
Detecting chromatographic peaks in 8460 regions of interest ... OK: 48 found.
67
Detecting mass traces at 17 ppm ... OK
Detecting chromatographic peaks in 6873 regions of interest ... OK: 79 found.
68
Detecting mass traces at 17 ppm ... OK
Detecting chromatographic peaks in 8460 regions of interest ... OK: 69 found.
69
Detecting mass traces at 17 ppm ... OK
Detecting chromatographic peaks in 8460 regions of interest ... OK: 80 found.
70
Detecting mass traces at 9.5 ppm ... OK
Detecting chromatographic peaks in 5991 regions of interest ... OK: 51 found.
71
Detecting mass traces at 24.5 ppm ... OK
Detecting chromatographic peaks in 10199 regions of interest ... OK: 82 found.
72
Detecting mass traces at 17 ppm ... OK
Detecting chromatographic peaks in 8460 regions of interest ... OK: 77 found.
73
Detecting mass traces at 17 ppm ... OK
Detecting chromatographic peaks in 8460 regions of interest ... OK: 77 found.
74
Detecting mass traces at 17 ppm ... OK
Detecting chromatographic peaks in 8460 regions of interest ... OK: 77 found.
75
Detecting mass traces at 17 ppm ... OK
Detecting chromatographic peaks in 8460 regions of interest ... OK: 77 found.
76
Detecting mass traces at 17 ppm ... OK
Detecting chromatographic peaks in 8460 regions of interest ... OK: 77 found.
77
Detecting mass traces at 17 ppm ... OK
Detecting chromatographic peaks in 8460 regions of interest ... OK: 77 found.
78
Detecting mass traces at 17 ppm ... OK
Detecting chromatographic peaks in 8460 regions of interest ... OK: 77 found.
Detecting mass traces at 9.5 ppm ... OK
Detecting chromatographic peaks in 5991 regions of interest ... OK: 51 found.



starting new DoE with:
min_peakwidth: c(5.6, 18.4)
max_peakwidth: c(53, 77)
ppm: c(2, 17)
mzdiff: c(0.01, 0.021)
noise: c(500, 995)
value_of_prefilter: c(5, 500)
snthresh: 10
prefilter: 3
mzCenterFun: wMean
integrate: 2
fitgauss: FALSE
verbose.columns: TRUE

1
Detecting mass traces at 2 ppm ... OK
Detecting chromatographic peaks in 1336 regions of interest ... OK: 4 found.
2
Detecting mass traces at 2 ppm ... OK
Detecting chromatographic peaks in 1336 regions of interest ... OK: 22 found.
3
Detecting mass traces at 2 ppm ... OK
Detecting chromatographic peaks in 1336 regions of interest ... OK: 5 found.
4
Detecting mass traces at 2 ppm ... OK
Detecting chromatographic peaks in 1336 regions of interest ... OK: 31 found.
5
Detecting mass traces at 17 ppm ... OK
Detecting chromatographic peaks in 8460 regions of interest ... OK: 47 found.
6
Detecting mass traces at 17 ppm ... OK
Detecting chromatographic peaks in 8460 regions of interest ... OK: 87 found.
7
Detecting mass traces at 17 ppm ... OK
Detecting chromatographic peaks in 8460 regions of interest ... OK: 53 found.
8
Detecting mass traces at 17 ppm ... OK
Detecting chromatographic peaks in 8460 regions of interest ... OK: 104 found.
9
Detecting mass traces at 2 ppm ... OK
Detecting chromatographic peaks in 1336 regions of interest ... OK: 4 found.
10
Detecting mass traces at 2 ppm ... OK
Detecting chromatographic peaks in 1336 regions of interest ... OK: 22 found.
11
Detecting mass traces at 2 ppm ... OK
Detecting chromatographic peaks in 1336 regions of interest ... OK: 5 found.
12
Detecting mass traces at 2 ppm ... OK
Detecting chromatographic peaks in 1336 regions of interest ... OK: 31 found.
13
Detecting mass traces at 17 ppm ... OK
Detecting chromatographic peaks in 8460 regions of interest ... OK: 47 found.
14
Detecting mass traces at 17 ppm ... OK
Detecting chromatographic peaks in 8460 regions of interest ... OK: 87 found.
15
Detecting mass traces at 17 ppm ... OK
Detecting chromatographic peaks in 8460 regions of interest ... OK: 53 found.
16
Detecting mass traces at 17 ppm ... OK
Detecting chromatographic peaks in 8460 regions of interest ... OK: 104 found.
17
Detecting mass traces at 2 ppm ... OK
Detecting chromatographic peaks in 1336 regions of interest ... OK: 4 found.
18
Detecting mass traces at 2 ppm ... OK
Detecting chromatographic peaks in 1336 regions of interest ... OK: 22 found.
19
Detecting mass traces at 2 ppm ... OK
Detecting chromatographic peaks in 1336 regions of interest ... OK: 5 found.
20
Detecting mass traces at 2 ppm ... OK
Detecting chromatographic peaks in 1336 regions of interest ... OK: 31 found.
21
Detecting mass traces at 17 ppm ... OK
Detecting chromatographic peaks in 8459 regions of interest ... OK: 47 found.
22
Detecting mass traces at 17 ppm ... OK
Detecting chromatographic peaks in 8459 regions of interest ... OK: 87 found.
23
Detecting mass traces at 17 ppm ... OK
Detecting chromatographic peaks in 8459 regions of interest ... OK: 53 found.
24
Detecting mass traces at 17 ppm ... OK
Detecting chromatographic peaks in 8459 regions of interest ... OK: 104 found.
25
Detecting mass traces at 2 ppm ... OK
Detecting chromatographic peaks in 1336 regions of interest ... OK: 4 found.
26
Detecting mass traces at 2 ppm ... OK
Detecting chromatographic peaks in 1336 regions of interest ... OK: 22 found.
27
Detecting mass traces at 2 ppm ... OK
Detecting chromatographic peaks in 1336 regions of interest ... OK: 5 found.
28
Detecting mass traces at 2 ppm ... OK
Detecting chromatographic peaks in 1336 regions of interest ... OK: 31 found.
29
Detecting mass traces at 17 ppm ... OK
Detecting chromatographic peaks in 8459 regions of interest ... OK: 47 found.
30
Detecting mass traces at 17 ppm ... OK
Detecting chromatographic peaks in 8459 regions of interest ... OK: 87 found.
31
Detecting mass traces at 17 ppm ... OK
Detecting chromatographic peaks in 8459 regions of interest ... OK: 53 found.
32
Detecting mass traces at 17 ppm ... OK
Detecting chromatographic peaks in 8459 regions of interest ... OK: 104 found.
33
Detecting mass traces at 2 ppm ... OK
Detecting chromatographic peaks in 1336 regions of interest ... OK: 4 found.
34
Detecting mass traces at 2 ppm ... OK
Detecting chromatographic peaks in 1336 regions of interest ... OK: 22 found.
35
Detecting mass traces at 2 ppm ... OK
Detecting chromatographic peaks in 1336 regions of interest ... OK: 5 found.
36
Detecting mass traces at 2 ppm ... OK
Detecting chromatographic peaks in 1336 regions of interest ... OK: 31 found.
37
Detecting mass traces at 17 ppm ... OK
Detecting chromatographic peaks in 8460 regions of interest ... OK: 47 found.
38
Detecting mass traces at 17 ppm ... OK
Detecting chromatographic peaks in 8460 regions of interest ... OK: 87 found.
39
Detecting mass traces at 17 ppm ... OK
Detecting chromatographic peaks in 8460 regions of interest ... OK: 53 found.
40
Detecting mass traces at 17 ppm ... OK
Detecting chromatographic peaks in 8460 regions of interest ... OK: 104 found.
41
Detecting mass traces at 2 ppm ... OK
Detecting chromatographic peaks in 1336 regions of interest ... OK: 4 found.
42
Detecting mass traces at 2 ppm ... OK
Detecting chromatographic peaks in 1336 regions of interest ... OK: 22 found.
43
Detecting mass traces at 2 ppm ... OK
Detecting chromatographic peaks in 1336 regions of interest ... OK: 5 found.
44
Detecting mass traces at 2 ppm ... OK
Detecting chromatographic peaks in 1336 regions of interest ... OK: 31 found.
45
Detecting mass traces at 17 ppm ... OK
Detecting chromatographic peaks in 8460 regions of interest ... OK: 47 found.
46
Detecting mass traces at 17 ppm ... OK
Detecting chromatographic peaks in 8460 regions of interest ... OK: 87 found.
47
Detecting mass traces at 17 ppm ... OK
Detecting chromatographic peaks in 8460 regions of interest ... OK: 53 found.
48
Detecting mass traces at 17 ppm ... OK
Detecting chromatographic peaks in 8460 regions of interest ... OK: 104 found.
49
Detecting mass traces at 2 ppm ... OK
Detecting chromatographic peaks in 1336 regions of interest ... OK: 4 found.
50
Detecting mass traces at 2 ppm ... OK
Detecting chromatographic peaks in 1336 regions of interest ... OK: 22 found.
51
Detecting mass traces at 2 ppm ... OK
Detecting chromatographic peaks in 1336 regions of interest ... OK: 5 found.
52
Detecting mass traces at 2 ppm ... OK
Detecting chromatographic peaks in 1336 regions of interest ... OK: 31 found.
53
Detecting mass traces at 17 ppm ... OK
Detecting chromatographic peaks in 8459 regions of interest ... OK: 47 found.
54
Detecting mass traces at 17 ppm ... OK
Detecting chromatographic peaks in 8459 regions of interest ... OK: 87 found.
55
Detecting mass traces at 17 ppm ... OK
Detecting chromatographic peaks in 8459 regions of interest ... OK: 53 found.
56
Detecting mass traces at 17 ppm ... OK
Detecting chromatographic peaks in 8459 regions of interest ... OK: 104 found.
57
Detecting mass traces at 2 ppm ... OK
Detecting chromatographic peaks in 1336 regions of interest ... OK: 4 found.
58
Detecting mass traces at 2 ppm ... OK
Detecting chromatographic peaks in 1336 regions of interest ... OK: 22 found.
59
Detecting mass traces at 2 ppm ... OK
Detecting chromatographic peaks in 1336 regions of interest ... OK: 5 found.
60
Detecting mass traces at 2 ppm ... OK
Detecting chromatographic peaks in 1336 regions of interest ... OK: 31 found.
61
Detecting mass traces at 17 ppm ... OK
Detecting chromatographic peaks in 8459 regions of interest ... OK: 47 found.
62
Detecting mass traces at 17 ppm ... OK
Detecting chromatographic peaks in 8459 regions of interest ... OK: 87 found.
63
Detecting mass traces at 17 ppm ... OK
Detecting chromatographic peaks in 8459 regions of interest ... OK: 53 found.
64
Detecting mass traces at 17 ppm ... OK
Detecting chromatographic peaks in 8459 regions of interest ... OK: 104 found.
65
Detecting mass traces at 9.5 ppm ... OK
Detecting chromatographic peaks in 5991 regions of interest ... OK: 51 found.
66
Detecting mass traces at 9.5 ppm ... OK
Detecting chromatographic peaks in 5991 regions of interest ... OK: 26 found.
67
Detecting mass traces at 9.5 ppm ... OK
Detecting chromatographic peaks in 5991 regions of interest ... OK: 74 found.
68
Detecting mass traces at 9.5 ppm ... OK
Detecting chromatographic peaks in 5991 regions of interest ... OK: 50 found.
69
Detecting mass traces at 9.5 ppm ... OK
Detecting chromatographic peaks in 5991 regions of interest ... OK: 55 found.
70
Detecting mass traces at 2 ppm ... OK
Detecting chromatographic peaks in 1336 regions of interest ... OK: 18 found.
71
Detecting mass traces at 17 ppm ... OK
Detecting chromatographic peaks in 8460 regions of interest ... OK: 77 found.
72
Detecting mass traces at 9.5 ppm ... OK
Detecting chromatographic peaks in 5991 regions of interest ... OK: 51 found.
73
Detecting mass traces at 9.5 ppm ... OK
Detecting chromatographic peaks in 5991 regions of interest ... OK: 51 found.
74
Detecting mass traces at 9.5 ppm ... OK
Detecting chromatographic peaks in 5991 regions of interest ... OK: 51 found.
75
Detecting mass traces at 9.5 ppm ... OK
Detecting chromatographic peaks in 5990 regions of interest ... OK: 51 found.
76
Detecting mass traces at 9.5 ppm ... OK
Detecting chromatographic peaks in 5991 regions of interest ... OK: 51 found.
77
Detecting mass traces at 9.5 ppm ... OK
Detecting chromatographic peaks in 5991 regions of interest ... OK: 51 found.
78
Detecting mass traces at 9.5 ppm ... OK
Detecting chromatographic peaks in 5991 regions of interest ... OK: 51 found.
Detecting mass traces at 10.25 ppm ... OK
Detecting chromatographic peaks in 6199 regions of interest ... OK: 52 found.
no increase, stopping
best parameter settings:
min_peakwidth: 12.64
max_peakwidth: 53
ppm: 10.25
mzdiff: 0.021
noise: 995
value_of_prefilter: 5
snthresh: 10
prefilter: 3
mzCenterFun: wMean
integrate: 2
fitgauss: FALSE
verbose.columns: TRUE

There were 50 or more warnings (use warnings() to see the first 50)
Detecting mass traces at 10.25 ppm ... OK
Detecting chromatographic peaks in 5116 regions of interest ... OK: 61 found.
Detecting mass traces at 10.25 ppm ... OK
Detecting chromatographic peaks in 5101 regions of interest ... OK: 36 found.
Detecting mass traces at 10.25 ppm ... OK
Detecting chromatographic peaks in 5135 regions of interest ... OK: 65 found.
Detecting mass traces at 10.25 ppm ... OK
Detecting chromatographic peaks in 5989 regions of interest ... OK: 40 found.
Detecting mass traces at 10.25 ppm ... OK
Detecting chromatographic peaks in 6047 regions of interest ... OK: 48 found.
Warning messages:
1: In .local(object, ...) :
  It looks like this file is in profile mode. centWave can process only centroid mode data !

2: In .local(object, ...) :
  It looks like this file is in profile mode. centWave can process only centroid mode data !

3: In .local(object, ...) :
  It looks like this file is in profile mode. centWave can process only centroid mode data !




starting new DoE with:

distFunc: cor_opt
gapInit: c(0, 0.4)
gapExtend: c(2.1, 2.7)
profStep: c(0.7, 1)
plottype: none
response: 1
factorDiag: 2
factorGap: 1
localAlignment: 0
retcorMethod: obiwarp
bw: c(22, 38)
minfrac: 0.05
mzwid: c(0.015, 0.035)
minsamp: 1
max: 50
center: 3

Create profile matrix with method 'bin' and step 0.7 ... OK
Create profile matrix with method 'bin' and step 0.7 ... OK
Create profile matrix with method 'bin' and step 0.7 ... OK
Create profile matrix with method 'bin' and step 0.7 ... OK
Create profile matrix with method 'bin' and step 0.7 ... OK
Create profile matrix with method 'bin' and step 0.7 ... OK
Create profile matrix with method 'bin' and step 0.7 ... OK
Create profile matrix with method 'bin' and step 0.7 ... OK
Processing 112933 mz slices ... OK
Create profile matrix with method 'bin' and step 0.7 ... OK
Create profile matrix with method 'bin' and step 0.7 ... OK
Create profile matrix with method 'bin' and step 0.7 ... OK
Create profile matrix with method 'bin' and step 0.7 ... OK
Create profile matrix with method 'bin' and step 0.7 ... OK
Create profile matrix with method 'bin' and step 0.7 ... OK
Create profile matrix with method 'bin' and step 0.7 ... OK
Create profile matrix with method 'bin' and step 0.7 ... OK
Processing 112933 mz slices ... OK
Create profile matrix with method 'bin' and step 0.7 ... OK
Create profile matrix with method 'bin' and step 0.7 ... OK
Create profile matrix with method 'bin' and step 0.7 ... OK
Create profile matrix with method 'bin' and step 0.7 ... OK
Create profile matrix with method 'bin' and step 0.7 ... OK
Create profile matrix with method 'bin' and step 0.7 ... OK
Create profile matrix with method 'bin' and step 0.7 ... OK
Create profile matrix with method 'bin' and step 0.7 ... OK
Processing 112933 mz slices ... OK
Create profile matrix with method 'bin' and step 0.7 ... OK
Create profile matrix with method 'bin' and step 0.7 ... OK
Create profile matrix with method 'bin' and step 0.7 ... OK
Create profile matrix with method 'bin' and step 0.7 ... OK
Create profile matrix with method 'bin' and step 0.7 ... OK
Create profile matrix with method 'bin' and step 0.7 ... OK
Create profile matrix with method 'bin' and step 0.7 ... OK
Create profile matrix with method 'bin' and step 0.7 ... OK
Processing 112933 mz slices ... OK
Create profile matrix with method 'bin' and step 1 ... OK
Create profile matrix with method 'bin' and step 1 ... OK
Create profile matrix with method 'bin' and step 1 ... OK
Create profile matrix with method 'bin' and step 1 ... OK
Create profile matrix with method 'bin' and step 1 ... OK
Create profile matrix with method 'bin' and step 1 ... OK
Create profile matrix with method 'bin' and step 1 ... OK
Create profile matrix with method 'bin' and step 1 ... OK
Processing 112933 mz slices ... OK
Create profile matrix with method 'bin' and step 1 ... OK
Create profile matrix with method 'bin' and step 1 ... OK
Create profile matrix with method 'bin' and step 1 ... OK
Create profile matrix with method 'bin' and step 1 ... OK
Create profile matrix with method 'bin' and step 1 ... OK
Create profile matrix with method 'bin' and step 1 ... OK
Create profile matrix with method 'bin' and step 1 ... OK
Create profile matrix with method 'bin' and step 1 ... OK
Processing 112933 mz slices ... OK
Create profile matrix with method 'bin' and step 1 ... OK
Create profile matrix with method 'bin' and step 1 ... OK
Create profile matrix with method 'bin' and step 1 ... OK
Create profile matrix with method 'bin' and step 1 ... OK
Create profile matrix with method 'bin' and step 1 ... OK
Create profile matrix with method 'bin' and step 1 ... OK
Create profile matrix with method 'bin' and step 1 ... OK
Create profile matrix with method 'bin' and step 1 ... OK
Processing 112933 mz slices ... OK
Create profile matrix with method 'bin' and step 1 ... OK
Create profile matrix with method 'bin' and step 1 ... OK
Create profile matrix with method 'bin' and step 1 ... OK
Create profile matrix with method 'bin' and step 1 ... OK
Create profile matrix with method 'bin' and step 1 ... OK
Create profile matrix with method 'bin' and step 1 ... OK
Create profile matrix with method 'bin' and step 1 ... OK
Create profile matrix with method 'bin' and step 1 ... OK
Processing 112933 mz slices ... OK
Create profile matrix with method 'bin' and step 0.7 ... OK
Create profile matrix with method 'bin' and step 0.7 ... OK
Create profile matrix with method 'bin' and step 0.7 ... OK
Create profile matrix with method 'bin' and step 0.7 ... OK
Create profile matrix with method 'bin' and step 0.7 ... OK
Create profile matrix with method 'bin' and step 0.7 ... OK
Create profile matrix with method 'bin' and step 0.7 ... OK
Create profile matrix with method 'bin' and step 0.7 ... OK
Processing 112933 mz slices ... OK
Create profile matrix with method 'bin' and step 0.7 ... OK
Create profile matrix with method 'bin' and step 0.7 ... OK
Create profile matrix with method 'bin' and step 0.7 ... OK
Create profile matrix with method 'bin' and step 0.7 ... OK
Create profile matrix with method 'bin' and step 0.7 ... OK
Create profile matrix with method 'bin' and step 0.7 ... OK
Create profile matrix with method 'bin' and step 0.7 ... OK
Create profile matrix with method 'bin' and step 0.7 ... OK
Processing 112933 mz slices ... OK
Create profile matrix with method 'bin' and step 0.7 ... OK
Create profile matrix with method 'bin' and step 0.7 ... OK
Create profile matrix with method 'bin' and step 0.7 ... OK
Create profile matrix with method 'bin' and step 0.7 ... OK
Create profile matrix with method 'bin' and step 0.7 ... OK
Create profile matrix with method 'bin' and step 0.7 ... OK
Create profile matrix with method 'bin' and step 0.7 ... OK
Create profile matrix with method 'bin' and step 0.7 ... OK
Processing 112933 mz slices ... OK
Create profile matrix with method 'bin' and step 0.7 ... OK
Create profile matrix with method 'bin' and step 0.7 ... OK
Create profile matrix with method 'bin' and step 0.7 ... OK
Create profile matrix with method 'bin' and step 0.7 ... OK
Create profile matrix with method 'bin' and step 0.7 ... OK
Create profile matrix with method 'bin' and step 0.7 ... OK
Create profile matrix with method 'bin' and step 0.7 ... OK
Create profile matrix with method 'bin' and step 0.7 ... OK
Processing 112933 mz slices ... OK
Create profile matrix with method 'bin' and step 1 ... OK
Create profile matrix with method 'bin' and step 1 ... OK
Create profile matrix with method 'bin' and step 1 ... OK
Create profile matrix with method 'bin' and step 1 ... OK
Create profile matrix with method 'bin' and step 1 ... OK
Create profile matrix with method 'bin' and step 1 ... OK
Create profile matrix with method 'bin' and step 1 ... OK
Create profile matrix with method 'bin' and step 1 ... OK
Processing 112933 mz slices ... OK
Create profile matrix with method 'bin' and step 1 ... OK
Create profile matrix with method 'bin' and step 1 ... OK
Create profile matrix with method 'bin' and step 1 ... OK
Create profile matrix with method 'bin' and step 1 ... OK
Create profile matrix with method 'bin' and step 1 ... OK
Create profile matrix with method 'bin' and step 1 ... OK
Create profile matrix with method 'bin' and step 1 ... OK
Create profile matrix with method 'bin' and step 1 ... OK
Processing 112933 mz slices ... OK
Create profile matrix with method 'bin' and step 1 ... OK
Create profile matrix with method 'bin' and step 1 ... OK
Create profile matrix with method 'bin' and step 1 ... OK
Create profile matrix with method 'bin' and step 1 ... OK
Create profile matrix with method 'bin' and step 1 ... OK
Create profile matrix with method 'bin' and step 1 ... OK
Create profile matrix with method 'bin' and step 1 ... OK
Create profile matrix with method 'bin' and step 1 ... OK
Processing 112933 mz slices ... OK
Create profile matrix with method 'bin' and step 1 ... OK
Create profile matrix with method 'bin' and step 1 ... OK
Create profile matrix with method 'bin' and step 1 ... OK
Create profile matrix with method 'bin' and step 1 ... OK
Create profile matrix with method 'bin' and step 1 ... OK
Create profile matrix with method 'bin' and step 1 ... OK
Create profile matrix with method 'bin' and step 1 ... OK
Create profile matrix with method 'bin' and step 1 ... OK
Processing 112933 mz slices ... OK
Create profile matrix with method 'bin' and step 0.7 ... OK
Create profile matrix with method 'bin' and step 0.7 ... OK
Create profile matrix with method 'bin' and step 0.7 ... OK
Create profile matrix with method 'bin' and step 0.7 ... OK
Create profile matrix with method 'bin' and step 0.7 ... OK
Create profile matrix with method 'bin' and step 0.7 ... OK
Create profile matrix with method 'bin' and step 0.7 ... OK
Create profile matrix with method 'bin' and step 0.7 ... OK
Processing 48401 mz slices ... OK
Create profile matrix with method 'bin' and step 0.7 ... OK
Create profile matrix with method 'bin' and step 0.7 ... OK
Create profile matrix with method 'bin' and step 0.7 ... OK
Create profile matrix with method 'bin' and step 0.7 ... OK
Create profile matrix with method 'bin' and step 0.7 ... OK
Create profile matrix with method 'bin' and step 0.7 ... OK
Create profile matrix with method 'bin' and step 0.7 ... OK
Create profile matrix with method 'bin' and step 0.7 ... OK
Processing 48401 mz slices ... OK
Create profile matrix with method 'bin' and step 0.7 ... OK
Create profile matrix with method 'bin' and step 0.7 ... OK
Create profile matrix with method 'bin' and step 0.7 ... OK
Create profile matrix with method 'bin' and step 0.7 ... OK
Create profile matrix with method 'bin' and step 0.7 ... OK
Create profile matrix with method 'bin' and step 0.7 ... OK
Create profile matrix with method 'bin' and step 0.7 ... OK
Create profile matrix with method 'bin' and step 0.7 ... OK
Processing 48401 mz slices ... OK
Create profile matrix with method 'bin' and step 0.7 ... OK
Create profile matrix with method 'bin' and step 0.7 ... OK
Create profile matrix with method 'bin' and step 0.7 ... OK
Create profile matrix with method 'bin' and step 0.7 ... OK
Create profile matrix with method 'bin' and step 0.7 ... OK
Create profile matrix with method 'bin' and step 0.7 ... OK
Create profile matrix with method 'bin' and step 0.7 ... OK
Create profile matrix with method 'bin' and step 0.7 ... OK
Processing 48401 mz slices ... OK
Create profile matrix with method 'bin' and step 1 ... OK
Create profile matrix with method 'bin' and step 1 ... OK
Create profile matrix with method 'bin' and step 1 ... OK
Create profile matrix with method 'bin' and step 1 ... OK
Create profile matrix with method 'bin' and step 1 ... OK
Create profile matrix with method 'bin' and step 1 ... OK
Create profile matrix with method 'bin' and step 1 ... OK
Create profile matrix with method 'bin' and step 1 ... OK
Processing 48401 mz slices ... OK
Create profile matrix with method 'bin' and step 1 ... OK
Create profile matrix with method 'bin' and step 1 ... OK
Create profile matrix with method 'bin' and step 1 ... OK
Create profile matrix with method 'bin' and step 1 ... OK
Create profile matrix with method 'bin' and step 1 ... OK
Create profile matrix with method 'bin' and step 1 ... OK
Create profile matrix with method 'bin' and step 1 ... OK
Create profile matrix with method 'bin' and step 1 ... OK
Processing 48401 mz slices ... OK
Create profile matrix with method 'bin' and step 1 ... OK
Create profile matrix with method 'bin' and step 1 ... OK
Create profile matrix with method 'bin' and step 1 ... OK
Create profile matrix with method 'bin' and step 1 ... OK
Create profile matrix with method 'bin' and step 1 ... OK
Create profile matrix with method 'bin' and step 1 ... OK
Create profile matrix with method 'bin' and step 1 ... OK
Create profile matrix with method 'bin' and step 1 ... OK
Processing 48401 mz slices ... OK
Create profile matrix with method 'bin' and step 1 ... OK
Create profile matrix with method 'bin' and step 1 ... OK
Create profile matrix with method 'bin' and step 1 ... OK
Create profile matrix with method 'bin' and step 1 ... OK
Create profile matrix with method 'bin' and step 1 ... OK
Create profile matrix with method 'bin' and step 1 ... OK
Create profile matrix with method 'bin' and step 1 ... OK
Create profile matrix with method 'bin' and step 1 ... OK
Processing 48401 mz slices ... OK
Create profile matrix with method 'bin' and step 0.7 ... OK
Create profile matrix with method 'bin' and step 0.7 ... OK
Create profile matrix with method 'bin' and step 0.7 ... OK
Create profile matrix with method 'bin' and step 0.7 ... OK
Create profile matrix with method 'bin' and step 0.7 ... OK
Create profile matrix with method 'bin' and step 0.7 ... OK
Create profile matrix with method 'bin' and step 0.7 ... OK
Create profile matrix with method 'bin' and step 0.7 ... OK
Processing 48401 mz slices ... OK
Create profile matrix with method 'bin' and step 0.7 ... OK
Create profile matrix with method 'bin' and step 0.7 ... OK
Create profile matrix with method 'bin' and step 0.7 ... OK
Create profile matrix with method 'bin' and step 0.7 ... OK
Create profile matrix with method 'bin' and step 0.7 ... OK
Create profile matrix with method 'bin' and step 0.7 ... OK
Create profile matrix with method 'bin' and step 0.7 ... OK
Create profile matrix with method 'bin' and step 0.7 ... OK
Processing 48401 mz slices ... OK
Create profile matrix with method 'bin' and step 0.7 ... OK
Create profile matrix with method 'bin' and step 0.7 ... OK
Create profile matrix with method 'bin' and step 0.7 ... OK
Create profile matrix with method 'bin' and step 0.7 ... OK
Create profile matrix with method 'bin' and step 0.7 ... OK
Create profile matrix with method 'bin' and step 0.7 ... OK
Create profile matrix with method 'bin' and step 0.7 ... OK
Create profile matrix with method 'bin' and step 0.7 ... OK
Processing 48401 mz slices ... OK
Create profile matrix with method 'bin' and step 0.7 ... OK
Create profile matrix with method 'bin' and step 0.7 ... OK
Create profile matrix with method 'bin' and step 0.7 ... OK
Create profile matrix with method 'bin' and step 0.7 ... OK
Create profile matrix with method 'bin' and step 0.7 ... OK
Create profile matrix with method 'bin' and step 0.7 ... OK
Create profile matrix with method 'bin' and step 0.7 ... OK
Create profile matrix with method 'bin' and step 0.7 ... OK
Processing 48401 mz slices ... OK
Create profile matrix with method 'bin' and step 1 ... OK
Create profile matrix with method 'bin' and step 1 ... OK
Create profile matrix with method 'bin' and step 1 ... OK
Create profile matrix with method 'bin' and step 1 ... OK
Create profile matrix with method 'bin' and step 1 ... OK
Create profile matrix with method 'bin' and step 1 ... OK
Create profile matrix with method 'bin' and step 1 ... OK
Create profile matrix with method 'bin' and step 1 ... OK
Processing 48401 mz slices ... OK
Create profile matrix with method 'bin' and step 1 ... OK
Create profile matrix with method 'bin' and step 1 ... OK
Create profile matrix with method 'bin' and step 1 ... OK
Create profile matrix with method 'bin' and step 1 ... OK
Create profile matrix with method 'bin' and step 1 ... OK
Create profile matrix with method 'bin' and step 1 ... OK
Create profile matrix with method 'bin' and step 1 ... OK
Create profile matrix with method 'bin' and step 1 ... OK
Processing 48401 mz slices ... OK
Create profile matrix with method 'bin' and step 1 ... OK
Create profile matrix with method 'bin' and step 1 ... OK
Create profile matrix with method 'bin' and step 1 ... OK
Create profile matrix with method 'bin' and step 1 ... OK
Create profile matrix with method 'bin' and step 1 ... OK
Create profile matrix with method 'bin' and step 1 ... OK
Create profile matrix with method 'bin' and step 1 ... OK
Create profile matrix with method 'bin' and step 1 ... OK
Processing 48401 mz slices ... OK
Create profile matrix with method 'bin' and step 1 ... OK
Create profile matrix with method 'bin' and step 1 ... OK
Create profile matrix with method 'bin' and step 1 ... OK
Create profile matrix with method 'bin' and step 1 ... OK
Create profile matrix with method 'bin' and step 1 ... OK
Create profile matrix with method 'bin' and step 1 ... OK
Create profile matrix with method 'bin' and step 1 ... OK
Create profile matrix with method 'bin' and step 1 ... OK
Processing 48401 mz slices ... OK
Create profile matrix with method 'bin' and step 0.85 ... OK
Create profile matrix with method 'bin' and step 0.85 ... OK
Create profile matrix with method 'bin' and step 0.85 ... OK
Create profile matrix with method 'bin' and step 0.85 ... OK
Create profile matrix with method 'bin' and step 0.85 ... OK
Create profile matrix with method 'bin' and step 0.85 ... OK
Create profile matrix with method 'bin' and step 0.85 ... OK
Create profile matrix with method 'bin' and step 0.85 ... OK
Processing 67760 mz slices ... OK
Create profile matrix with method 'bin' and step 0.85 ... OK
Create profile matrix with method 'bin' and step 0.85 ... OK
Create profile matrix with method 'bin' and step 0.85 ... OK
Create profile matrix with method 'bin' and step 0.85 ... OK
Create profile matrix with method 'bin' and step 0.85 ... OK
Create profile matrix with method 'bin' and step 0.85 ... OK
Create profile matrix with method 'bin' and step 0.85 ... OK
Create profile matrix with method 'bin' and step 0.85 ... OK
Processing 67760 mz slices ... OK
Create profile matrix with method 'bin' and step 0.85 ... OK
Create profile matrix with method 'bin' and step 0.85 ... OK
Create profile matrix with method 'bin' and step 0.85 ... OK
Create profile matrix with method 'bin' and step 0.85 ... OK
Create profile matrix with method 'bin' and step 0.85 ... OK
Create profile matrix with method 'bin' and step 0.85 ... OK
Create profile matrix with method 'bin' and step 0.85 ... OK
Create profile matrix with method 'bin' and step 0.85 ... OK
Processing 67760 mz slices ... OK
Create profile matrix with method 'bin' and step 0.85 ... OK
Create profile matrix with method 'bin' and step 0.85 ... OK
Create profile matrix with method 'bin' and step 0.85 ... OK
Create profile matrix with method 'bin' and step 0.85 ... OK
Create profile matrix with method 'bin' and step 0.85 ... OK
Create profile matrix with method 'bin' and step 0.85 ... OK
Create profile matrix with method 'bin' and step 0.85 ... OK
Create profile matrix with method 'bin' and step 0.85 ... OK
Processing 67760 mz slices ... OK
Create profile matrix with method 'bin' and step 0.85 ... OK
Create profile matrix with method 'bin' and step 0.85 ... OK
Create profile matrix with method 'bin' and step 0.85 ... OK
Create profile matrix with method 'bin' and step 0.85 ... OK
Create profile matrix with method 'bin' and step 0.85 ... OK
Create profile matrix with method 'bin' and step 0.85 ... OK
Create profile matrix with method 'bin' and step 0.85 ... OK
Create profile matrix with method 'bin' and step 0.85 ... OK
Processing 67760 mz slices ... OK
Create profile matrix with method 'bin' and step 0.7 ... OK
Create profile matrix with method 'bin' and step 0.7 ... OK
Create profile matrix with method 'bin' and step 0.7 ... OK
Create profile matrix with method 'bin' and step 0.7 ... OK
Create profile matrix with method 'bin' and step 0.7 ... OK
Create profile matrix with method 'bin' and step 0.7 ... OK
Create profile matrix with method 'bin' and step 0.7 ... OK
Create profile matrix with method 'bin' and step 0.7 ... OK
Processing 67760 mz slices ... OK
Create profile matrix with method 'bin' and step 1 ... OK
Create profile matrix with method 'bin' and step 1 ... OK
Create profile matrix with method 'bin' and step 1 ... OK
Create profile matrix with method 'bin' and step 1 ... OK
Create profile matrix with method 'bin' and step 1 ... OK
Create profile matrix with method 'bin' and step 1 ... OK
Create profile matrix with method 'bin' and step 1 ... OK
Create profile matrix with method 'bin' and step 1 ... OK
Processing 67760 mz slices ... OK
Create profile matrix with method 'bin' and step 0.85 ... OK
Create profile matrix with method 'bin' and step 0.85 ... OK
Create profile matrix with method 'bin' and step 0.85 ... OK
Create profile matrix with method 'bin' and step 0.85 ... OK
Create profile matrix with method 'bin' and step 0.85 ... OK
Create profile matrix with method 'bin' and step 0.85 ... OK
Create profile matrix with method 'bin' and step 0.85 ... OK
Create profile matrix with method 'bin' and step 0.85 ... OK
Processing 67760 mz slices ... OK
Create profile matrix with method 'bin' and step 0.85 ... OK
Create profile matrix with method 'bin' and step 0.85 ... OK
Create profile matrix with method 'bin' and step 0.85 ... OK
Create profile matrix with method 'bin' and step 0.85 ... OK
Create profile matrix with method 'bin' and step 0.85 ... OK
Create profile matrix with method 'bin' and step 0.85 ... OK
Create profile matrix with method 'bin' and step 0.85 ... OK
Create profile matrix with method 'bin' and step 0.85 ... OK
Processing 67760 mz slices ... OK
Create profile matrix with method 'bin' and step 0.85 ... OK
Create profile matrix with method 'bin' and step 0.85 ... OK
Create profile matrix with method 'bin' and step 0.85 ... OK
Create profile matrix with method 'bin' and step 0.85 ... OK
Create profile matrix with method 'bin' and step 0.85 ... OK
Create profile matrix with method 'bin' and step 0.85 ... OK
Create profile matrix with method 'bin' and step 0.85 ... OK
Create profile matrix with method 'bin' and step 0.85 ... OK
Processing 112933 mz slices ... OK
Create profile matrix with method 'bin' and step 0.85 ... OK
Create profile matrix with method 'bin' and step 0.85 ... OK
Create profile matrix with method 'bin' and step 0.85 ... OK
Create profile matrix with method 'bin' and step 0.85 ... OK
Create profile matrix with method 'bin' and step 0.85 ... OK
Create profile matrix with method 'bin' and step 0.85 ... OK
Create profile matrix with method 'bin' and step 0.85 ... OK
Create profile matrix with method 'bin' and step 0.85 ... OK
Processing 48401 mz slices ... OK
Create profile matrix with method 'bin' and step 0.85 ... OK
Create profile matrix with method 'bin' and step 0.85 ... OK
Create profile matrix with method 'bin' and step 0.85 ... OK
Create profile matrix with method 'bin' and step 0.85 ... OK
Create profile matrix with method 'bin' and step 0.85 ... OK
Create profile matrix with method 'bin' and step 0.85 ... OK
Create profile matrix with method 'bin' and step 0.85 ... OK
Create profile matrix with method 'bin' and step 0.85 ... OK
Processing 67760 mz slices ... OK
Create profile matrix with method 'bin' and step 1 ... OK
Create profile matrix with method 'bin' and step 1 ... OK
Create profile matrix with method 'bin' and step 1 ... OK
Create profile matrix with method 'bin' and step 1 ... OK
Create profile matrix with method 'bin' and step 1 ... OK
Create profile matrix with method 'bin' and step 1 ... OK
Create profile matrix with method 'bin' and step 1 ... OK
Create profile matrix with method 'bin' and step 1 ... OK
Processing 48401 mz slices ... OK
profStep or minfrac greater 1, decreasing to 0.71 and 1



starting new DoE with:

gapInit: c(0, 0.4)
gapExtend: c(1.98, 2.58)
profStep: c(0.71, 1)
bw: c(28.4, 47.6)
mzwid: c(0.023, 0.047)
distFunc: cor_opt
plottype: none
response: 1
factorDiag: 2
factorGap: 1
localAlignment: 0
retcorMethod: obiwarp
minfrac: 0.05
minsamp: 1
max: 50
center: 3

Create profile matrix with method 'bin' and step 0.71 ... OK
Create profile matrix with method 'bin' and step 0.71 ... OK
Create profile matrix with method 'bin' and step 0.71 ... OK
Create profile matrix with method 'bin' and step 0.71 ... OK
Create profile matrix with method 'bin' and step 0.71 ... OK
Create profile matrix with method 'bin' and step 0.71 ... OK
Create profile matrix with method 'bin' and step 0.71 ... OK
Create profile matrix with method 'bin' and step 0.71 ... OK
Processing 73652 mz slices ... OK
Create profile matrix with method 'bin' and step 0.71 ... OK
Create profile matrix with method 'bin' and step 0.71 ... OK
Create profile matrix with method 'bin' and step 0.71 ... OK
Create profile matrix with method 'bin' and step 0.71 ... OK
Create profile matrix with method 'bin' and step 0.71 ... OK
Create profile matrix with method 'bin' and step 0.71 ... OK
Create profile matrix with method 'bin' and step 0.71 ... OK
Create profile matrix with method 'bin' and step 0.71 ... OK
Processing 73652 mz slices ... OK
Create profile matrix with method 'bin' and step 0.71 ... OK
Create profile matrix with method 'bin' and step 0.71 ... OK
Create profile matrix with method 'bin' and step 0.71 ... OK
Create profile matrix with method 'bin' and step 0.71 ... OK
Create profile matrix with method 'bin' and step 0.71 ... OK
Create profile matrix with method 'bin' and step 0.71 ... OK
Create profile matrix with method 'bin' and step 0.71 ... OK
Create profile matrix with method 'bin' and step 0.71 ... OK
Processing 73652 mz slices ... OK
Create profile matrix with method 'bin' and step 0.71 ... OK
Create profile matrix with method 'bin' and step 0.71 ... OK
Create profile matrix with method 'bin' and step 0.71 ... OK
Create profile matrix with method 'bin' and step 0.71 ... OK
Create profile matrix with method 'bin' and step 0.71 ... OK
Create profile matrix with method 'bin' and step 0.71 ... OK
Create profile matrix with method 'bin' and step 0.71 ... OK
Create profile matrix with method 'bin' and step 0.71 ... OK
Processing 73652 mz slices ... OK
Create profile matrix with method 'bin' and step 1 ... OK
Create profile matrix with method 'bin' and step 1 ... OK
Create profile matrix with method 'bin' and step 1 ... OK
Create profile matrix with method 'bin' and step 1 ... OK
Create profile matrix with method 'bin' and step 1 ... OK
Create profile matrix with method 'bin' and step 1 ... OK
Create profile matrix with method 'bin' and step 1 ... OK
Create profile matrix with method 'bin' and step 1 ... OK
Processing 73652 mz slices ... OK
Create profile matrix with method 'bin' and step 1 ... OK
Create profile matrix with method 'bin' and step 1 ... OK
Create profile matrix with method 'bin' and step 1 ... OK
Create profile matrix with method 'bin' and step 1 ... OK
Create profile matrix with method 'bin' and step 1 ... OK
Create profile matrix with method 'bin' and step 1 ... OK
Create profile matrix with method 'bin' and step 1 ... OK
Create profile matrix with method 'bin' and step 1 ... OK
Processing 73652 mz slices ... OK
Create profile matrix with method 'bin' and step 1 ... OK
Create profile matrix with method 'bin' and step 1 ... OK
Create profile matrix with method 'bin' and step 1 ... OK
Create profile matrix with method 'bin' and step 1 ... OK
Create profile matrix with method 'bin' and step 1 ... OK
Create profile matrix with method 'bin' and step 1 ... OK
Create profile matrix with method 'bin' and step 1 ... OK
Create profile matrix with method 'bin' and step 1 ... OK
Processing 73652 mz slices ... OK
Create profile matrix with method 'bin' and step 1 ... OK
Create profile matrix with method 'bin' and step 1 ... OK
Create profile matrix with method 'bin' and step 1 ... OK
Create profile matrix with method 'bin' and step 1 ... OK
Create profile matrix with method 'bin' and step 1 ... OK
Create profile matrix with method 'bin' and step 1 ... OK
Create profile matrix with method 'bin' and step 1 ... OK
Create profile matrix with method 'bin' and step 1 ... OK
Processing 73652 mz slices ... OK
Create profile matrix with method 'bin' and step 0.71 ... OK
Create profile matrix with method 'bin' and step 0.71 ... OK
Create profile matrix with method 'bin' and step 0.71 ... OK
Create profile matrix with method 'bin' and step 0.71 ... OK
Create profile matrix with method 'bin' and step 0.71 ... OK
Create profile matrix with method 'bin' and step 0.71 ... OK
Create profile matrix with method 'bin' and step 0.71 ... OK
Create profile matrix with method 'bin' and step 0.71 ... OK
Processing 73652 mz slices ... OK
Create profile matrix with method 'bin' and step 0.71 ... OK
Create profile matrix with method 'bin' and step 0.71 ... OK
Create profile matrix with method 'bin' and step 0.71 ... OK
Create profile matrix with method 'bin' and step 0.71 ... OK
Create profile matrix with method 'bin' and step 0.71 ... OK
Create profile matrix with method 'bin' and step 0.71 ... OK
Create profile matrix with method 'bin' and step 0.71 ... OK
Create profile matrix with method 'bin' and step 0.71 ... OK
Processing 73652 mz slices ... OK
Create profile matrix with method 'bin' and step 0.71 ... OK
Create profile matrix with method 'bin' and step 0.71 ... OK
Create profile matrix with method 'bin' and step 0.71 ... OK
Create profile matrix with method 'bin' and step 0.71 ... OK
Create profile matrix with method 'bin' and step 0.71 ... OK
Create profile matrix with method 'bin' and step 0.71 ... OK
Create profile matrix with method 'bin' and step 0.71 ... OK
Create profile matrix with method 'bin' and step 0.71 ... OK
Processing 73652 mz slices ... OK
Create profile matrix with method 'bin' and step 0.71 ... OK
Create profile matrix with method 'bin' and step 0.71 ... OK
Create profile matrix with method 'bin' and step 0.71 ... OK
Create profile matrix with method 'bin' and step 0.71 ... OK
Create profile matrix with method 'bin' and step 0.71 ... OK
Create profile matrix with method 'bin' and step 0.71 ... OK
Create profile matrix with method 'bin' and step 0.71 ... OK
Create profile matrix with method 'bin' and step 0.71 ... OK
Processing 73652 mz slices ... OK
Create profile matrix with method 'bin' and step 1 ... OK
Create profile matrix with method 'bin' and step 1 ... OK
Create profile matrix with method 'bin' and step 1 ... OK
Create profile matrix with method 'bin' and step 1 ... OK
Create profile matrix with method 'bin' and step 1 ... OK
Create profile matrix with method 'bin' and step 1 ... OK
Create profile matrix with method 'bin' and step 1 ... OK
Create profile matrix with method 'bin' and step 1 ... OK
Processing 73652 mz slices ... OK
Create profile matrix with method 'bin' and step 1 ... OK
Create profile matrix with method 'bin' and step 1 ... OK
Create profile matrix with method 'bin' and step 1 ... OK
Create profile matrix with method 'bin' and step 1 ... OK
Create profile matrix with method 'bin' and step 1 ... OK
Create profile matrix with method 'bin' and step 1 ... OK
Create profile matrix with method 'bin' and step 1 ... OK
Create profile matrix with method 'bin' and step 1 ... OK
Processing 73652 mz slices ... OK
Create profile matrix with method 'bin' and step 1 ... OK
Create profile matrix with method 'bin' and step 1 ... OK
Create profile matrix with method 'bin' and step 1 ... OK
Create profile matrix with method 'bin' and step 1 ... OK
Create profile matrix with method 'bin' and step 1 ... OK
Create profile matrix with method 'bin' and step 1 ... OK
Create profile matrix with method 'bin' and step 1 ... OK
Create profile matrix with method 'bin' and step 1 ... OK
Processing 73652 mz slices ... OK
Create profile matrix with method 'bin' and step 1 ... OK
Create profile matrix with method 'bin' and step 1 ... OK
Create profile matrix with method 'bin' and step 1 ... OK
Create profile matrix with method 'bin' and step 1 ... OK
Create profile matrix with method 'bin' and step 1 ... OK
Create profile matrix with method 'bin' and step 1 ... OK
Create profile matrix with method 'bin' and step 1 ... OK
Create profile matrix with method 'bin' and step 1 ... OK
Processing 73652 mz slices ... OK
Create profile matrix with method 'bin' and step 0.71 ... OK
Create profile matrix with method 'bin' and step 0.71 ... OK
Create profile matrix with method 'bin' and step 0.71 ... OK
Create profile matrix with method 'bin' and step 0.71 ... OK
Create profile matrix with method 'bin' and step 0.71 ... OK
Create profile matrix with method 'bin' and step 0.71 ... OK
Create profile matrix with method 'bin' and step 0.71 ... OK
Create profile matrix with method 'bin' and step 0.71 ... OK
Processing 36043 mz slices ... OK
Create profile matrix with method 'bin' and step 0.71 ... OK
Create profile matrix with method 'bin' and step 0.71 ... OK
Create profile matrix with method 'bin' and step 0.71 ... OK
Create profile matrix with method 'bin' and step 0.71 ... OK
Create profile matrix with method 'bin' and step 0.71 ... OK
Create profile matrix with method 'bin' and step 0.71 ... OK
Create profile matrix with method 'bin' and step 0.71 ... OK
Create profile matrix with method 'bin' and step 0.71 ... OK
Processing 36043 mz slices ... OK
Create profile matrix with method 'bin' and step 0.71 ... OK
Create profile matrix with method 'bin' and step 0.71 ... OK
Create profile matrix with method 'bin' and step 0.71 ... OK
Create profile matrix with method 'bin' and step 0.71 ... OK
Create profile matrix with method 'bin' and step 0.71 ... OK
Create profile matrix with method 'bin' and step 0.71 ... OK
Create profile matrix with method 'bin' and step 0.71 ... OK
Create profile matrix with method 'bin' and step 0.71 ... OK
Processing 36043 mz slices ... OK
Create profile matrix with method 'bin' and step 0.71 ... OK
Create profile matrix with method 'bin' and step 0.71 ... OK
Create profile matrix with method 'bin' and step 0.71 ... OK
Create profile matrix with method 'bin' and step 0.71 ... OK
Create profile matrix with method 'bin' and step 0.71 ... OK
Create profile matrix with method 'bin' and step 0.71 ... OK
Create profile matrix with method 'bin' and step 0.71 ... OK
Create profile matrix with method 'bin' and step 0.71 ... OK
Processing 36043 mz slices ... OK
Create profile matrix with method 'bin' and step 1 ... OK
Create profile matrix with method 'bin' and step 1 ... OK
Create profile matrix with method 'bin' and step 1 ... OK
Create profile matrix with method 'bin' and step 1 ... OK
Create profile matrix with method 'bin' and step 1 ... OK
Create profile matrix with method 'bin' and step 1 ... OK
Create profile matrix with method 'bin' and step 1 ... OK
Create profile matrix with method 'bin' and step 1 ... OK
Processing 36043 mz slices ... OK
Create profile matrix with method 'bin' and step 1 ... OK
Create profile matrix with method 'bin' and step 1 ... OK
Create profile matrix with method 'bin' and step 1 ... OK
Create profile matrix with method 'bin' and step 1 ... OK
Create profile matrix with method 'bin' and step 1 ... OK
Create profile matrix with method 'bin' and step 1 ... OK
Create profile matrix with method 'bin' and step 1 ... OK
Create profile matrix with method 'bin' and step 1 ... OK
Processing 36043 mz slices ... OK
Create profile matrix with method 'bin' and step 1 ... OK
Create profile matrix with method 'bin' and step 1 ... OK
Create profile matrix with method 'bin' and step 1 ... OK
Create profile matrix with method 'bin' and step 1 ... OK
Create profile matrix with method 'bin' and step 1 ... OK
Create profile matrix with method 'bin' and step 1 ... OK
Create profile matrix with method 'bin' and step 1 ... OK
Create profile matrix with method 'bin' and step 1 ... OK
Processing 36043 mz slices ... OK
Create profile matrix with method 'bin' and step 1 ... OK
Create profile matrix with method 'bin' and step 1 ... OK
Create profile matrix with method 'bin' and step 1 ... OK
Create profile matrix with method 'bin' and step 1 ... OK
Create profile matrix with method 'bin' and step 1 ... OK
Create profile matrix with method 'bin' and step 1 ... OK
Create profile matrix with method 'bin' and step 1 ... OK
Create profile matrix with method 'bin' and step 1 ... OK
Processing 36043 mz slices ... OK
Create profile matrix with method 'bin' and step 0.71 ... OK
Create profile matrix with method 'bin' and step 0.71 ... OK
Create profile matrix with method 'bin' and step 0.71 ... OK
Create profile matrix with method 'bin' and step 0.71 ... OK
Create profile matrix with method 'bin' and step 0.71 ... OK
Create profile matrix with method 'bin' and step 0.71 ... OK
Create profile matrix with method 'bin' and step 0.71 ... OK
Create profile matrix with method 'bin' and step 0.71 ... OK
Processing 36043 mz slices ... OK
Create profile matrix with method 'bin' and step 0.71 ... OK
Create profile matrix with method 'bin' and step 0.71 ... OK
Create profile matrix with method 'bin' and step 0.71 ... OK
Create profile matrix with method 'bin' and step 0.71 ... OK
Create profile matrix with method 'bin' and step 0.71 ... OK
Create profile matrix with method 'bin' and step 0.71 ... OK
Create profile matrix with method 'bin' and step 0.71 ... OK
Create profile matrix with method 'bin' and step 0.71 ... OK
Processing 36043 mz slices ... OK
Create profile matrix with method 'bin' and step 0.71 ... OK
Create profile matrix with method 'bin' and step 0.71 ... OK
Create profile matrix with method 'bin' and step 0.71 ... OK
Create profile matrix with method 'bin' and step 0.71 ... OK
Create profile matrix with method 'bin' and step 0.71 ... OK
Create profile matrix with method 'bin' and step 0.71 ... OK
Create profile matrix with method 'bin' and step 0.71 ... OK
Create profile matrix with method 'bin' and step 0.71 ... OK
Processing 36043 mz slices ... OK
Create profile matrix with method 'bin' and step 0.71 ... OK
Create profile matrix with method 'bin' and step 0.71 ... OK
Create profile matrix with method 'bin' and step 0.71 ... OK
Create profile matrix with method 'bin' and step 0.71 ... OK
Create profile matrix with method 'bin' and step 0.71 ... OK
Create profile matrix with method 'bin' and step 0.71 ... OK
Create profile matrix with method 'bin' and step 0.71 ... OK
Create profile matrix with method 'bin' and step 0.71 ... OK
Processing 36043 mz slices ... OK
Create profile matrix with method 'bin' and step 1 ... OK
Create profile matrix with method 'bin' and step 1 ... OK
Create profile matrix with method 'bin' and step 1 ... OK
Create profile matrix with method 'bin' and step 1 ... OK
Create profile matrix with method 'bin' and step 1 ... OK
Create profile matrix with method 'bin' and step 1 ... OK
Create profile matrix with method 'bin' and step 1 ... OK
Create profile matrix with method 'bin' and step 1 ... OK
Processing 36043 mz slices ... OK
Create profile matrix with method 'bin' and step 1 ... OK
Create profile matrix with method 'bin' and step 1 ... OK
Create profile matrix with method 'bin' and step 1 ... OK
Create profile matrix with method 'bin' and step 1 ... OK
Create profile matrix with method 'bin' and step 1 ... OK
Create profile matrix with method 'bin' and step 1 ... OK
Create profile matrix with method 'bin' and step 1 ... OK
Create profile matrix with method 'bin' and step 1 ... OK
Processing 36043 mz slices ... OK
Create profile matrix with method 'bin' and step 1 ... OK
Create profile matrix with method 'bin' and step 1 ... OK
Create profile matrix with method 'bin' and step 1 ... OK
Create profile matrix with method 'bin' and step 1 ... OK
Create profile matrix with method 'bin' and step 1 ... OK
Create profile matrix with method 'bin' and step 1 ... OK
Create profile matrix with method 'bin' and step 1 ... OK
Create profile matrix with method 'bin' and step 1 ... OK
Processing 36043 mz slices ... OK
Create profile matrix with method 'bin' and step 1 ... OK
Create profile matrix with method 'bin' and step 1 ... OK
Create profile matrix with method 'bin' and step 1 ... OK
Create profile matrix with method 'bin' and step 1 ... OK
Create profile matrix with method 'bin' and step 1 ... OK
Create profile matrix with method 'bin' and step 1 ... OK
Create profile matrix with method 'bin' and step 1 ... OK
Create profile matrix with method 'bin' and step 1 ... OK
Processing 36043 mz slices ... OK
Create profile matrix with method 'bin' and step 0.855 ... OK
Create profile matrix with method 'bin' and step 0.855 ... OK
Create profile matrix with method 'bin' and step 0.855 ... OK
Create profile matrix with method 'bin' and step 0.855 ... OK
Create profile matrix with method 'bin' and step 0.855 ... OK
Create profile matrix with method 'bin' and step 0.855 ... OK
Create profile matrix with method 'bin' and step 0.855 ... OK
Create profile matrix with method 'bin' and step 0.855 ... OK
Processing 48401 mz slices ... OK
Create profile matrix with method 'bin' and step 0.855 ... OK
Create profile matrix with method 'bin' and step 0.855 ... OK
Create profile matrix with method 'bin' and step 0.855 ... OK
Create profile matrix with method 'bin' and step 0.855 ... OK
Create profile matrix with method 'bin' and step 0.855 ... OK
Create profile matrix with method 'bin' and step 0.855 ... OK
Create profile matrix with method 'bin' and step 0.855 ... OK
Create profile matrix with method 'bin' and step 0.855 ... OK
Processing 48401 mz slices ... OK
Create profile matrix with method 'bin' and step 0.855 ... OK
Create profile matrix with method 'bin' and step 0.855 ... OK
Create profile matrix with method 'bin' and step 0.855 ... OK
Create profile matrix with method 'bin' and step 0.855 ... OK
Create profile matrix with method 'bin' and step 0.855 ... OK
Create profile matrix with method 'bin' and step 0.855 ... OK
Create profile matrix with method 'bin' and step 0.855 ... OK
Create profile matrix with method 'bin' and step 0.855 ... OK
Processing 48401 mz slices ... OK
Create profile matrix with method 'bin' and step 0.855 ... OK
Create profile matrix with method 'bin' and step 0.855 ... OK
Create profile matrix with method 'bin' and step 0.855 ... OK
Create profile matrix with method 'bin' and step 0.855 ... OK
Create profile matrix with method 'bin' and step 0.855 ... OK
Create profile matrix with method 'bin' and step 0.855 ... OK
Create profile matrix with method 'bin' and step 0.855 ... OK
Create profile matrix with method 'bin' and step 0.855 ... OK
Processing 48401 mz slices ... OK
Create profile matrix with method 'bin' and step 0.855 ... OK
Create profile matrix with method 'bin' and step 0.855 ... OK
Create profile matrix with method 'bin' and step 0.855 ... OK
Create profile matrix with method 'bin' and step 0.855 ... OK
Create profile matrix with method 'bin' and step 0.855 ... OK
Create profile matrix with method 'bin' and step 0.855 ... OK
Create profile matrix with method 'bin' and step 0.855 ... OK
Create profile matrix with method 'bin' and step 0.855 ... OK
Processing 48401 mz slices ... OK
Create profile matrix with method 'bin' and step 0.71 ... OK
Create profile matrix with method 'bin' and step 0.71 ... OK
Create profile matrix with method 'bin' and step 0.71 ... OK
Create profile matrix with method 'bin' and step 0.71 ... OK
Create profile matrix with method 'bin' and step 0.71 ... OK
Create profile matrix with method 'bin' and step 0.71 ... OK
Create profile matrix with method 'bin' and step 0.71 ... OK
Create profile matrix with method 'bin' and step 0.71 ... OK
Processing 48401 mz slices ... OK
Create profile matrix with method 'bin' and step 1 ... OK
Create profile matrix with method 'bin' and step 1 ... OK
Create profile matrix with method 'bin' and step 1 ... OK
Create profile matrix with method 'bin' and step 1 ... OK
Create profile matrix with method 'bin' and step 1 ... OK
Create profile matrix with method 'bin' and step 1 ... OK
Create profile matrix with method 'bin' and step 1 ... OK
Create profile matrix with method 'bin' and step 1 ... OK
Processing 48401 mz slices ... OK
Create profile matrix with method 'bin' and step 0.855 ... OK
Create profile matrix with method 'bin' and step 0.855 ... OK
Create profile matrix with method 'bin' and step 0.855 ... OK
Create profile matrix with method 'bin' and step 0.855 ... OK
Create profile matrix with method 'bin' and step 0.855 ... OK
Create profile matrix with method 'bin' and step 0.855 ... OK
Create profile matrix with method 'bin' and step 0.855 ... OK
Create profile matrix with method 'bin' and step 0.855 ... OK
Processing 48401 mz slices ... OK
Create profile matrix with method 'bin' and step 0.855 ... OK
Create profile matrix with method 'bin' and step 0.855 ... OK
Create profile matrix with method 'bin' and step 0.855 ... OK
Create profile matrix with method 'bin' and step 0.855 ... OK
Create profile matrix with method 'bin' and step 0.855 ... OK
Create profile matrix with method 'bin' and step 0.855 ... OK
Create profile matrix with method 'bin' and step 0.855 ... OK
Create profile matrix with method 'bin' and step 0.855 ... OK
Processing 48401 mz slices ... OK
Create profile matrix with method 'bin' and step 0.855 ... OK
Create profile matrix with method 'bin' and step 0.855 ... OK
Create profile matrix with method 'bin' and step 0.855 ... OK
Create profile matrix with method 'bin' and step 0.855 ... OK
Create profile matrix with method 'bin' and step 0.855 ... OK
Create profile matrix with method 'bin' and step 0.855 ... OK
Create profile matrix with method 'bin' and step 0.855 ... OK
Create profile matrix with method 'bin' and step 0.855 ... OK
Processing 73652 mz slices ... OK
Create profile matrix with method 'bin' and step 0.855 ... OK
Create profile matrix with method 'bin' and step 0.855 ... OK
Create profile matrix with method 'bin' and step 0.855 ... OK
Create profile matrix with method 'bin' and step 0.855 ... OK
Create profile matrix with method 'bin' and step 0.855 ... OK
Create profile matrix with method 'bin' and step 0.855 ... OK
Create profile matrix with method 'bin' and step 0.855 ... OK
Create profile matrix with method 'bin' and step 0.855 ... OK
Processing 36043 mz slices ... OK
Create profile matrix with method 'bin' and step 0.855 ... OK
Create profile matrix with method 'bin' and step 0.855 ... OK
Create profile matrix with method 'bin' and step 0.855 ... OK
Create profile matrix with method 'bin' and step 0.855 ... OK
Create profile matrix with method 'bin' and step 0.855 ... OK
Create profile matrix with method 'bin' and step 0.855 ... OK
Create profile matrix with method 'bin' and step 0.855 ... OK
Create profile matrix with method 'bin' and step 0.855 ... OK
Processing 48401 mz slices ... OK
Create profile matrix with method 'bin' and step 0.971 ... OK
Create profile matrix with method 'bin' and step 0.971 ... OK
Create profile matrix with method 'bin' and step 0.971 ... OK
Create profile matrix with method 'bin' and step 0.971 ... OK
Create profile matrix with method 'bin' and step 0.971 ... OK
Create profile matrix with method 'bin' and step 0.971 ... OK
Create profile matrix with method 'bin' and step 0.971 ... OK
Create profile matrix with method 'bin' and step 0.971 ... OK
Processing 40143 mz slices ... OK
no increase stopping
library(xcms)
library(Rmpi)

xset <- xcmsSet( 
  method = "centWave",
  peakwidth       = c(12.64, 53),
  ppm             = 10.25,
  noise           = 995,
  snthresh        = 10,
  mzdiff          = 0.021,
  prefilter       = c(3, 5),
  mzCenterFun     = "wMean",
  integrate       = 2,
  fitgauss        = FALSE,
  verbose.columns = TRUE)
xset <- retcor( 
  xset,
  method         = "obiwarp",
  plottype       = "none",
  distFunc       = "cor_opt",
  profStep       = 1,
  center         = 3,
  response       = 1,
  gapInit        = 0.08,
  gapExtend      = 2.28,
  factorDiag     = 2,
  factorGap      = 1,
  localAlignment = 0)
xset <- group( 
  xset,
  method  = "density",
  bw      = 38,
  mzwid   = 0.035,
  minfrac = 0.05,
  minsamp = 1,
  max     = 50)

xset <- fillPeaks(xset)
Warning message:
In sink() : no sink to remove
