center sample:  186_M1_pE_316_V6_14291_V6 
Processing: 210_M1_pE_327_V4_6489_V4  173_M1_pE_310_V4_6460_V4  059_M1_pE_125_V2_14353_V2  128_M1_pE_205_V4_14376_V4  
center sample:  186_M1_pE_316_V6_14291_V6 
Processing: 210_M1_pE_327_V4_6489_V4  173_M1_pE_310_V4_6460_V4  059_M1_pE_125_V2_14353_V2  128_M1_pE_205_V4_14376_V4  
center sample:  186_M1_pE_316_V6_14291_V6 
Processing: 210_M1_pE_327_V4_6489_V4  173_M1_pE_310_V4_6460_V4  059_M1_pE_125_V2_14353_V2  128_M1_pE_205_V4_14376_V4  
center sample:  186_M1_pE_316_V6_14291_V6 
Processing: 210_M1_pE_327_V4_6489_V4  173_M1_pE_310_V4_6460_V4  059_M1_pE_125_V2_14353_V2  128_M1_pE_205_V4_14376_V4  
center sample:  186_M1_pE_316_V6_14291_V6 
Processing: 210_M1_pE_327_V4_6489_V4  173_M1_pE_310_V4_6460_V4  059_M1_pE_125_V2_14353_V2  128_M1_pE_205_V4_14376_V4  
center sample:  186_M1_pE_316_V6_14291_V6 
Processing: 210_M1_pE_327_V4_6489_V4  173_M1_pE_310_V4_6460_V4  059_M1_pE_125_V2_14353_V2  128_M1_pE_205_V4_14376_V4  
center sample:  186_M1_pE_316_V6_14291_V6 
Processing: 210_M1_pE_327_V4_6489_V4  173_M1_pE_310_V4_6460_V4  059_M1_pE_125_V2_14353_V2  128_M1_pE_205_V4_14376_V4  
center sample:  186_M1_pE_316_V6_14291_V6 
Processing: 210_M1_pE_327_V4_6489_V4  173_M1_pE_310_V4_6460_V4  059_M1_pE_125_V2_14353_V2  128_M1_pE_205_V4_14376_V4  
center sample:  186_M1_pE_316_V6_14291_V6 
Processing: 210_M1_pE_327_V4_6489_V4  173_M1_pE_310_V4_6460_V4  059_M1_pE_125_V2_14353_V2  128_M1_pE_205_V4_14376_V4  
center sample:  186_M1_pE_316_V6_14291_V6 
Processing: 210_M1_pE_327_V4_6489_V4  173_M1_pE_310_V4_6460_V4  059_M1_pE_125_V2_14353_V2  128_M1_pE_205_V4_14376_V4  
center sample:  186_M1_pE_316_V6_14291_V6 
Processing: 210_M1_pE_327_V4_6489_V4  173_M1_pE_310_V4_6460_V4  059_M1_pE_125_V2_14353_V2  128_M1_pE_205_V4_14376_V4  
center sample:  186_M1_pE_316_V6_14291_V6 
Processing: 210_M1_pE_327_V4_6489_V4  173_M1_pE_310_V4_6460_V4  059_M1_pE_125_V2_14353_V2  128_M1_pE_205_V4_14376_V4  
center sample:  186_M1_pE_316_V6_14291_V6 
Processing: 210_M1_pE_327_V4_6489_V4  173_M1_pE_310_V4_6460_V4  059_M1_pE_125_V2_14353_V2  128_M1_pE_205_V4_14376_V4  
center sample:  186_M1_pE_316_V6_14291_V6 
Processing: 210_M1_pE_327_V4_6489_V4  173_M1_pE_310_V4_6460_V4  059_M1_pE_125_V2_14353_V2  128_M1_pE_205_V4_14376_V4  
center sample:  186_M1_pE_316_V6_14291_V6 
Processing: 210_M1_pE_327_V4_6489_V4  173_M1_pE_310_V4_6460_V4  059_M1_pE_125_V2_14353_V2  128_M1_pE_205_V4_14376_V4  
center sample:  186_M1_pE_316_V6_14291_V6 
Processing: 210_M1_pE_327_V4_6489_V4  173_M1_pE_310_V4_6460_V4  059_M1_pE_125_V2_14353_V2  128_M1_pE_205_V4_14376_V4  
center sample:  186_M1_pE_316_V6_14291_V6 
Processing: 210_M1_pE_327_V4_6489_V4  173_M1_pE_310_V4_6460_V4  059_M1_pE_125_V2_14353_V2  128_M1_pE_205_V4_14376_V4  
center sample:  186_M1_pE_316_V6_14291_V6 
Processing: 210_M1_pE_327_V4_6489_V4  173_M1_pE_310_V4_6460_V4  059_M1_pE_125_V2_14353_V2  128_M1_pE_205_V4_14376_V4  
center sample:  186_M1_pE_316_V6_14291_V6 
Processing: 210_M1_pE_327_V4_6489_V4  173_M1_pE_310_V4_6460_V4  059_M1_pE_125_V2_14353_V2  128_M1_pE_205_V4_14376_V4  
center sample:  186_M1_pE_316_V6_14291_V6 
Processing: 210_M1_pE_327_V4_6489_V4  173_M1_pE_310_V4_6460_V4  059_M1_pE_125_V2_14353_V2  128_M1_pE_205_V4_14376_V4  
center sample:  186_M1_pE_316_V6_14291_V6 
Processing: 210_M1_pE_327_V4_6489_V4  173_M1_pE_310_V4_6460_V4  059_M1_pE_125_V2_14353_V2  128_M1_pE_205_V4_14376_V4  
center sample:  186_M1_pE_316_V6_14291_V6 
Processing: 210_M1_pE_327_V4_6489_V4  173_M1_pE_310_V4_6460_V4  059_M1_pE_125_V2_14353_V2  128_M1_pE_205_V4_14376_V4  
center sample:  186_M1_pE_316_V6_14291_V6 
Processing: 210_M1_pE_327_V4_6489_V4  173_M1_pE_310_V4_6460_V4  059_M1_pE_125_V2_14353_V2  128_M1_pE_205_V4_14376_V4  
center sample:  186_M1_pE_316_V6_14291_V6 
Processing: 210_M1_pE_327_V4_6489_V4  173_M1_pE_310_V4_6460_V4  059_M1_pE_125_V2_14353_V2  128_M1_pE_205_V4_14376_V4  
center sample:  186_M1_pE_316_V6_14291_V6 
Processing: 210_M1_pE_327_V4_6489_V4  173_M1_pE_310_V4_6460_V4  059_M1_pE_125_V2_14353_V2  128_M1_pE_205_V4_14376_V4  
center sample:  186_M1_pE_316_V6_14291_V6 
Processing: 210_M1_pE_327_V4_6489_V4  173_M1_pE_310_V4_6460_V4  059_M1_pE_125_V2_14353_V2  128_M1_pE_205_V4_14376_V4  
center sample:  186_M1_pE_316_V6_14291_V6 
Processing: 210_M1_pE_327_V4_6489_V4  173_M1_pE_310_V4_6460_V4  059_M1_pE_125_V2_14353_V2  128_M1_pE_205_V4_14376_V4  
center sample:  186_M1_pE_316_V6_14291_V6 
Processing: 210_M1_pE_327_V4_6489_V4  173_M1_pE_310_V4_6460_V4  059_M1_pE_125_V2_14353_V2  128_M1_pE_205_V4_14376_V4  
center sample:  186_M1_pE_316_V6_14291_V6 
Processing: 210_M1_pE_327_V4_6489_V4  173_M1_pE_310_V4_6460_V4  059_M1_pE_125_V2_14353_V2  128_M1_pE_205_V4_14376_V4  
center sample:  186_M1_pE_316_V6_14291_V6 
Processing: 210_M1_pE_327_V4_6489_V4  173_M1_pE_310_V4_6460_V4  059_M1_pE_125_V2_14353_V2  128_M1_pE_205_V4_14376_V4  
center sample:  186_M1_pE_316_V6_14291_V6 
Processing: 210_M1_pE_327_V4_6489_V4  173_M1_pE_310_V4_6460_V4  059_M1_pE_125_V2_14353_V2  128_M1_pE_205_V4_14376_V4  
center sample:  186_M1_pE_316_V6_14291_V6 
Processing: 210_M1_pE_327_V4_6489_V4  173_M1_pE_310_V4_6460_V4  059_M1_pE_125_V2_14353_V2  128_M1_pE_205_V4_14376_V4  
center sample:  186_M1_pE_316_V6_14291_V6 
Processing: 210_M1_pE_327_V4_6489_V4  173_M1_pE_310_V4_6460_V4  059_M1_pE_125_V2_14353_V2  128_M1_pE_205_V4_14376_V4  
center sample:  186_M1_pE_316_V6_14291_V6 
Processing: 210_M1_pE_327_V4_6489_V4  173_M1_pE_310_V4_6460_V4  059_M1_pE_125_V2_14353_V2  128_M1_pE_205_V4_14376_V4  
center sample:  186_M1_pE_316_V6_14291_V6 
Processing: 210_M1_pE_327_V4_6489_V4  173_M1_pE_310_V4_6460_V4  059_M1_pE_125_V2_14353_V2  128_M1_pE_205_V4_14376_V4  
center sample:  186_M1_pE_316_V6_14291_V6 
Processing: 210_M1_pE_327_V4_6489_V4  173_M1_pE_310_V4_6460_V4  059_M1_pE_125_V2_14353_V2  128_M1_pE_205_V4_14376_V4  
center sample:  186_M1_pE_316_V6_14291_V6 
Processing: 210_M1_pE_327_V4_6489_V4  173_M1_pE_310_V4_6460_V4  059_M1_pE_125_V2_14353_V2  128_M1_pE_205_V4_14376_V4  
center sample:  186_M1_pE_316_V6_14291_V6 
Processing: 210_M1_pE_327_V4_6489_V4  173_M1_pE_310_V4_6460_V4  059_M1_pE_125_V2_14353_V2  128_M1_pE_205_V4_14376_V4  
center sample:  186_M1_pE_316_V6_14291_V6 
Processing: 210_M1_pE_327_V4_6489_V4  173_M1_pE_310_V4_6460_V4  059_M1_pE_125_V2_14353_V2  128_M1_pE_205_V4_14376_V4  
center sample:  186_M1_pE_316_V6_14291_V6 
Processing: 210_M1_pE_327_V4_6489_V4  173_M1_pE_310_V4_6460_V4  059_M1_pE_125_V2_14353_V2  128_M1_pE_205_V4_14376_V4  
center sample:  186_M1_pE_316_V6_14291_V6 
Processing: 210_M1_pE_327_V4_6489_V4  173_M1_pE_310_V4_6460_V4  059_M1_pE_125_V2_14353_V2  128_M1_pE_205_V4_14376_V4  
center sample:  186_M1_pE_316_V6_14291_V6 
Processing: 210_M1_pE_327_V4_6489_V4  173_M1_pE_310_V4_6460_V4  059_M1_pE_125_V2_14353_V2  128_M1_pE_205_V4_14376_V4  
center sample:  186_M1_pE_316_V6_14291_V6 
Processing: 210_M1_pE_327_V4_6489_V4  173_M1_pE_310_V4_6460_V4  059_M1_pE_125_V2_14353_V2  128_M1_pE_205_V4_14376_V4  
center sample:  186_M1_pE_316_V6_14291_V6 
Processing: 210_M1_pE_327_V4_6489_V4  173_M1_pE_310_V4_6460_V4  059_M1_pE_125_V2_14353_V2  128_M1_pE_205_V4_14376_V4  
center sample:  186_M1_pE_316_V6_14291_V6 
Processing: 210_M1_pE_327_V4_6489_V4  173_M1_pE_310_V4_6460_V4  059_M1_pE_125_V2_14353_V2  128_M1_pE_205_V4_14376_V4  
center sample:  186_M1_pE_316_V6_14291_V6 
Processing: 210_M1_pE_327_V4_6489_V4  173_M1_pE_310_V4_6460_V4  059_M1_pE_125_V2_14353_V2  128_M1_pE_205_V4_14376_V4  
center sample:  186_M1_pE_316_V6_14291_V6 
Processing: 210_M1_pE_327_V4_6489_V4  173_M1_pE_310_V4_6460_V4  059_M1_pE_125_V2_14353_V2  128_M1_pE_205_V4_14376_V4  
center sample:  186_M1_pE_316_V6_14291_V6 
Processing: 210_M1_pE_327_V4_6489_V4  173_M1_pE_310_V4_6460_V4  059_M1_pE_125_V2_14353_V2  128_M1_pE_205_V4_14376_V4  
center sample:  186_M1_pE_316_V6_14291_V6 
Processing: 210_M1_pE_327_V4_6489_V4  173_M1_pE_310_V4_6460_V4  059_M1_pE_125_V2_14353_V2  128_M1_pE_205_V4_14376_V4  
center sample:  186_M1_pE_316_V6_14291_V6 
Processing: 210_M1_pE_327_V4_6489_V4  173_M1_pE_310_V4_6460_V4  059_M1_pE_125_V2_14353_V2  128_M1_pE_205_V4_14376_V4  
center sample:  186_M1_pE_316_V6_14291_V6 
Processing: 210_M1_pE_327_V4_6489_V4  173_M1_pE_310_V4_6460_V4  059_M1_pE_125_V2_14353_V2  128_M1_pE_205_V4_14376_V4  
center sample:  186_M1_pE_316_V6_14291_V6 
Processing: 210_M1_pE_327_V4_6489_V4  173_M1_pE_310_V4_6460_V4  059_M1_pE_125_V2_14353_V2  128_M1_pE_205_V4_14376_V4  
center sample:  186_M1_pE_316_V6_14291_V6 
Processing: 210_M1_pE_327_V4_6489_V4  173_M1_pE_310_V4_6460_V4  059_M1_pE_125_V2_14353_V2  128_M1_pE_205_V4_14376_V4  
center sample:  186_M1_pE_316_V6_14291_V6 
Processing: 210_M1_pE_327_V4_6489_V4  173_M1_pE_310_V4_6460_V4  059_M1_pE_125_V2_14353_V2  128_M1_pE_205_V4_14376_V4  
center sample:  186_M1_pE_316_V6_14291_V6 
Processing: 210_M1_pE_327_V4_6489_V4  173_M1_pE_310_V4_6460_V4  059_M1_pE_125_V2_14353_V2  128_M1_pE_205_V4_14376_V4  
center sample:  186_M1_pE_316_V6_14291_V6 
Processing: 210_M1_pE_327_V4_6489_V4  173_M1_pE_310_V4_6460_V4  059_M1_pE_125_V2_14353_V2  128_M1_pE_205_V4_14376_V4  
center sample:  186_M1_pE_316_V6_14291_V6 
Processing: 210_M1_pE_327_V4_6489_V4  173_M1_pE_310_V4_6460_V4  059_M1_pE_125_V2_14353_V2  128_M1_pE_205_V4_14376_V4  
center sample:  186_M1_pE_316_V6_14291_V6 
Processing: 210_M1_pE_327_V4_6489_V4  173_M1_pE_310_V4_6460_V4  059_M1_pE_125_V2_14353_V2  128_M1_pE_205_V4_14376_V4  
center sample:  186_M1_pE_316_V6_14291_V6 
Processing: 210_M1_pE_327_V4_6489_V4  173_M1_pE_310_V4_6460_V4  059_M1_pE_125_V2_14353_V2  128_M1_pE_205_V4_14376_V4  
center sample:  186_M1_pE_316_V6_14291_V6 
Processing: 210_M1_pE_327_V4_6489_V4  173_M1_pE_310_V4_6460_V4  059_M1_pE_125_V2_14353_V2  128_M1_pE_205_V4_14376_V4  
center sample:  186_M1_pE_316_V6_14291_V6 
Processing: 210_M1_pE_327_V4_6489_V4  173_M1_pE_310_V4_6460_V4  059_M1_pE_125_V2_14353_V2  128_M1_pE_205_V4_14376_V4  
center sample:  186_M1_pE_316_V6_14291_V6 
Processing: 210_M1_pE_327_V4_6489_V4  173_M1_pE_310_V4_6460_V4  059_M1_pE_125_V2_14353_V2  128_M1_pE_205_V4_14376_V4  
center sample:  186_M1_pE_316_V6_14291_V6 
Processing: 210_M1_pE_327_V4_6489_V4  173_M1_pE_310_V4_6460_V4  059_M1_pE_125_V2_14353_V2  128_M1_pE_205_V4_14376_V4  
center sample:  186_M1_pE_316_V6_14291_V6 
Processing: 210_M1_pE_327_V4_6489_V4  173_M1_pE_310_V4_6460_V4  059_M1_pE_125_V2_14353_V2  128_M1_pE_205_V4_14376_V4  
center sample:  186_M1_pE_316_V6_14291_V6 
Processing: 210_M1_pE_327_V4_6489_V4  173_M1_pE_310_V4_6460_V4  059_M1_pE_125_V2_14353_V2  128_M1_pE_205_V4_14376_V4  
center sample:  186_M1_pE_316_V6_14291_V6 
Processing: 210_M1_pE_327_V4_6489_V4  173_M1_pE_310_V4_6460_V4  059_M1_pE_125_V2_14353_V2  128_M1_pE_205_V4_14376_V4  
center sample:  186_M1_pE_316_V6_14291_V6 
Processing: 210_M1_pE_327_V4_6489_V4  173_M1_pE_310_V4_6460_V4  059_M1_pE_125_V2_14353_V2  128_M1_pE_205_V4_14376_V4  
center sample:  186_M1_pE_316_V6_14291_V6 
Processing: 210_M1_pE_327_V4_6489_V4  173_M1_pE_310_V4_6460_V4  059_M1_pE_125_V2_14353_V2  128_M1_pE_205_V4_14376_V4  
center sample:  186_M1_pE_316_V6_14291_V6 
Processing: 210_M1_pE_327_V4_6489_V4  173_M1_pE_310_V4_6460_V4  059_M1_pE_125_V2_14353_V2  128_M1_pE_205_V4_14376_V4  
center sample:  186_M1_pE_316_V6_14291_V6 
Processing: 210_M1_pE_327_V4_6489_V4  173_M1_pE_310_V4_6460_V4  059_M1_pE_125_V2_14353_V2  128_M1_pE_205_V4_14376_V4  
center sample:  186_M1_pE_316_V6_14291_V6 
Processing: 210_M1_pE_327_V4_6489_V4  173_M1_pE_310_V4_6460_V4  059_M1_pE_125_V2_14353_V2  128_M1_pE_205_V4_14376_V4  
center sample:  186_M1_pE_316_V6_14291_V6 
Processing: 210_M1_pE_327_V4_6489_V4  173_M1_pE_310_V4_6460_V4  059_M1_pE_125_V2_14353_V2  128_M1_pE_205_V4_14376_V4  
center sample:  186_M1_pE_316_V6_14291_V6 
Processing: 210_M1_pE_327_V4_6489_V4  173_M1_pE_310_V4_6460_V4  059_M1_pE_125_V2_14353_V2  128_M1_pE_205_V4_14376_V4  
center sample:  186_M1_pE_316_V6_14291_V6 
Processing: 210_M1_pE_327_V4_6489_V4  173_M1_pE_310_V4_6460_V4  059_M1_pE_125_V2_14353_V2  128_M1_pE_205_V4_14376_V4  
center sample:  186_M1_pE_316_V6_14291_V6 
Processing: 210_M1_pE_327_V4_6489_V4  173_M1_pE_310_V4_6460_V4  059_M1_pE_125_V2_14353_V2  128_M1_pE_205_V4_14376_V4  
center sample:  186_M1_pE_316_V6_14291_V6 
Processing: 210_M1_pE_327_V4_6489_V4  173_M1_pE_310_V4_6460_V4  059_M1_pE_125_V2_14353_V2  128_M1_pE_205_V4_14376_V4  
center sample:  186_M1_pE_316_V6_14291_V6 
Processing: 210_M1_pE_327_V4_6489_V4  173_M1_pE_310_V4_6460_V4  059_M1_pE_125_V2_14353_V2  128_M1_pE_205_V4_14376_V4  
center sample:  186_M1_pE_316_V6_14291_V6 
Processing: 210_M1_pE_327_V4_6489_V4  173_M1_pE_310_V4_6460_V4  059_M1_pE_125_V2_14353_V2  128_M1_pE_205_V4_14376_V4  
center sample:  186_M1_pE_316_V6_14291_V6 
Processing: 210_M1_pE_327_V4_6489_V4  173_M1_pE_310_V4_6460_V4  059_M1_pE_125_V2_14353_V2  128_M1_pE_205_V4_14376_V4  
center sample:  186_M1_pE_316_V6_14291_V6 
Processing: 210_M1_pE_327_V4_6489_V4  173_M1_pE_310_V4_6460_V4  059_M1_pE_125_V2_14353_V2  128_M1_pE_205_V4_14376_V4  
center sample:  186_M1_pE_316_V6_14291_V6 
Processing: 210_M1_pE_327_V4_6489_V4  173_M1_pE_310_V4_6460_V4  059_M1_pE_125_V2_14353_V2  128_M1_pE_205_V4_14376_V4  
center sample:  186_M1_pE_316_V6_14291_V6 
Processing: 210_M1_pE_327_V4_6489_V4  173_M1_pE_310_V4_6460_V4  059_M1_pE_125_V2_14353_V2  128_M1_pE_205_V4_14376_V4  
center sample:  186_M1_pE_316_V6_14291_V6 
Processing: 210_M1_pE_327_V4_6489_V4  173_M1_pE_310_V4_6460_V4  059_M1_pE_125_V2_14353_V2  128_M1_pE_205_V4_14376_V4  
center sample:  186_M1_pE_316_V6_14291_V6 
Processing: 210_M1_pE_327_V4_6489_V4  173_M1_pE_310_V4_6460_V4  059_M1_pE_125_V2_14353_V2  128_M1_pE_205_V4_14376_V4  
center sample:  186_M1_pE_316_V6_14291_V6 
Processing: 210_M1_pE_327_V4_6489_V4  173_M1_pE_310_V4_6460_V4  059_M1_pE_125_V2_14353_V2  128_M1_pE_205_V4_14376_V4  
center sample:  186_M1_pE_316_V6_14291_V6 
Processing: 210_M1_pE_327_V4_6489_V4  173_M1_pE_310_V4_6460_V4  059_M1_pE_125_V2_14353_V2  128_M1_pE_205_V4_14376_V4  
center sample:  186_M1_pE_316_V6_14291_V6 
Processing: 210_M1_pE_327_V4_6489_V4  173_M1_pE_310_V4_6460_V4  059_M1_pE_125_V2_14353_V2  128_M1_pE_205_V4_14376_V4  
center sample:  186_M1_pE_316_V6_14291_V6 
Processing: 210_M1_pE_327_V4_6489_V4  173_M1_pE_310_V4_6460_V4  059_M1_pE_125_V2_14353_V2  128_M1_pE_205_V4_14376_V4  
center sample:  186_M1_pE_316_V6_14291_V6 
Processing: 210_M1_pE_327_V4_6489_V4  173_M1_pE_310_V4_6460_V4  059_M1_pE_125_V2_14353_V2  128_M1_pE_205_V4_14376_V4  
center sample:  186_M1_pE_316_V6_14291_V6 
Processing: 210_M1_pE_327_V4_6489_V4  173_M1_pE_310_V4_6460_V4  059_M1_pE_125_V2_14353_V2  128_M1_pE_205_V4_14376_V4  
in' and step 0.7 ... OK
Create profile matrix with method 'bin' and step 0.7 ... OK
Create profile matrix with method 'bin' and step 0.7 ... OK
Create profile matrix with method 'bin' and step 0.7 ... OK
Create profile matrix with method 'bin' and step 0.7 ... OK
Create profile matrix with method 'bin' and step 0.7 ... OK
Processing 122931 mz slices ... OK
Create profile matrix with method 'bin' and step 0.7 ... OK
Create profile matrix with method 'bin' and step 0.7 ... OK
Create profile matrix with method 'bin' and step 0.7 ... OK
Create profile matrix with method 'bin' and step 0.7 ... OK
Create profile matrix with method 'bin' and step 0.7 ... OK
Create profile matrix with method 'bin' and step 0.7 ... OK
Create profile matrix with method 'bin' and step 0.7 ... OK
Create profile matrix with method 'bin' and step 0.7 ... OK
Processing 122931 mz slices ... OK
Create profile matrix with method 'bin' and step 0.7 ... OK
Create profile matrix with method 'bin' and step 0.7 ... OK
Create profile matrix with method 'bin' and step 0.7 ... OK
Create profile matrix with method 'bin' and step 0.7 ... OK
Create profile matrix with method 'bin' and step 0.7 ... OK
Create profile matrix with method 'bin' and step 0.7 ... OK
Create profile matrix with method 'bin' and step 0.7 ... OK
Create profile matrix with method 'bin' and step 0.7 ... OK
Processing 122931 mz slices ... OK
Create profile matrix with method 'bin' and step 1 ... OK
Create profile matrix with method 'bin' and step 1 ... OK
Create profile matrix with method 'bin' and step 1 ... OK
Create profile matrix with method 'bin' and step 1 ... OK
Create profile matrix with method 'bin' and step 1 ... OK
Processing 122931 mz slices ... OK
Create profile matrix with method 'bin' and step 1 ... OK
Create profile matrix with method 'bin' and step 1 ... OK
Create profile matrix with method 'bin' and step 1 ... OK
Create profile matrix with method 'bin' and step 1 ... OK
Create profile matrix with method 'bin' and step 1 ... OK
Processing 122931 mz slices ... OK
Create profile matrix with method 'bin' and step 1 ... OK
Create profile matrix with method 'bin' and step 1 ... OK
Create profile matrix with method 'bin' and step 1 ... OK
Create profile matrix with method 'bin' and step 1 ... OK
Create profile matrix with method 'bin' and step 1 ... OK
Processing 122931 mz slices ... OK
Create profile matrix with method 'bin' and step 1 ... OK
Create profile matrix with method 'bin' and step 1 ... OK
Create profile matrix with method 'bin' and step 1 ... OK
Create profile matrix with method 'bin' and step 1 ... OK
Create profile matrix with method 'bin' and step 1 ... OK
Processing 122931 mz slices ... OK
Create profile matrix with method 'bin' and step 0.7 ... OK
Create profile matrix with method 'bin' and step 0.7 ... OK
Create profile matrix with method 'bin' and step 0.7 ... OK
Create profile matrix with method 'bin' and step 0.7 ... OK
Create profile matrix with method 'bin' and step 0.7 ... OK
Create profile matrix with method 'bin' and step 0.7 ... OK
Create profile matrix with method 'bin' and step 0.7 ... OK
Create profile matrix with method 'bin' and step 0.7 ... OK
Processing 122931 mz slices ... OK
Create profile matrix with method 'bin' and step 0.7 ... OK
Create profile matrix with method 'bin' and step 0.7 ... OK
Create profile matrix with method 'bin' and step 0.7 ... OK
Create profile matrix with method 'bin' and step 0.7 ... OK
Create profile matrix with method 'bin' and step 0.7 ... OK
Create profile matrix with method 'bin' and step 0.7 ... OK
Create profile matrix with method 'bin' and step 0.7 ... OK
Create profile matrix with method 'bin' and step 0.7 ... OK
Processing 122931 mz slices ... OK
Create profile matrix with method 'bin' and step 0.7 ... OK
Create profile matrix with method 'bin' and step 0.7 ... OK
Create profile matrix with method 'bin' and step 0.7 ... OK
Create profile matrix with method 'bin' and step 0.7 ... OK
Create profile matrix with method 'bin' and step 0.7 ... OK
Create profile matrix with method 'bin' and step 0.7 ... OK
Create profile matrix with method 'bin' and step 0.7 ... OK
Create profile matrix with method 'bin' and step 0.7 ... OK
Processing 122931 mz slices ... OK
Create profile matrix with method 'bin' and step 0.7 ... OK
Create profile matrix with method 'bin' and step 0.7 ... OK
Create profile matrix with method 'bin' and step 0.7 ... OK
Create profile matrix with method 'bin' and step 0.7 ... OK
Create profile matrix with method 'bin' and step 0.7 ... OK
Create profile matrix with method 'bin' and step 0.7 ... OK
Create profile matrix with method 'bin' and step 0.7 ... OK
Create profile matrix with method 'bin' and step 0.7 ... OK
Processing 122931 mz slices ... OK
Create profile matrix with method 'bin' and step 1 ... OK
Create profile matrix with method 'bin' and step 1 ... OK
Create profile matrix with method 'bin' and step 1 ... OK
Create profile matrix with method 'bin' and step 1 ... OK
Create profile matrix with method 'bin' and step 1 ... OK
Processing 122931 mz slices ... OK
Create profile matrix with method 'bin' and step 1 ... OK
Create profile matrix with method 'bin' and step 1 ... OK
Create profile matrix with method 'bin' and step 1 ... OK
Create profile matrix with method 'bin' and step 1 ... OK
Create profile matrix with method 'bin' and step 1 ... OK
Processing 122931 mz slices ... OK
Create profile matrix with method 'bin' and step 1 ... OK
Create profile matrix with method 'bin' and step 1 ... OK
Create profile matrix with method 'bin' and step 1 ... OK
Create profile matrix with method 'bin' and step 1 ... OK
Create profile matrix with method 'bin' and step 1 ... OK
Processing 122931 mz slices ... OK
Create profile matrix with method 'bin' and step 1 ... OK
Create profile matrix with method 'bin' and step 1 ... OK
Create profile matrix with method 'bin' and step 1 ... OK
Create profile matrix with method 'bin' and step 1 ... OK
Create profile matrix with method 'bin' and step 1 ... OK
Processing 122931 mz slices ... OK
Create profile matrix with method 'bin' and step 0.7 ... OK
Create profile matrix with method 'bin' and step 0.7 ... OK
Create profile matrix with method 'bin' and step 0.7 ... OK
Create profile matrix with method 'bin' and step 0.7 ... OK
Create profile matrix with method 'bin' and step 0.7 ... OK
Create profile matrix with method 'bin' and step 0.7 ... OK
Create profile matrix with method 'bin' and step 0.7 ... OK
Create profile matrix with method 'bin' and step 0.7 ... OK
Processing 52686 mz slices ... OK
Create profile matrix with method 'bin' and step 0.7 ... OK
Create profile matrix with method 'bin' and step 0.7 ... OK
Create profile matrix with method 'bin' and step 0.7 ... OK
Create profile matrix with method 'bin' and step 0.7 ... OK
Create profile matrix with method 'bin' and step 0.7 ... OK
Create profile matrix with method 'bin' and step 0.7 ... OK
Create profile matrix with method 'bin' and step 0.7 ... OK
Create profile matrix with method 'bin' and step 0.7 ... OK
Processing 52686 mz slices ... OK
Create profile matrix with method 'bin' and step 0.7 ... OK
Create profile matrix with method 'bin' and step 0.7 ... OK
Create profile matrix with method 'bin' and step 0.7 ... OK
Create profile matrix with method 'bin' and step 0.7 ... OK
Create profile matrix with method 'bin' and step 0.7 ... OK
Create profile matrix with method 'bin' and step 0.7 ... OK
Create profile matrix with method 'bin' and step 0.7 ... OK
Create profile matrix with method 'bin' and step 0.7 ... OK
Processing 52686 mz slices ... OK
Create profile matrix with method 'bin' and step 0.7 ... OK
Create profile matrix with method 'bin' and step 0.7 ... OK
Create profile matrix with method 'bin' and step 0.7 ... OK
Create profile matrix with method 'bin' and step 0.7 ... OK
Create profile matrix with method 'bin' and step 0.7 ... OK
Create profile matrix with method 'bin' and step 0.7 ... OK
Create profile matrix with method 'bin' and step 0.7 ... OK
Create profile matrix with method 'bin' and step 0.7 ... OK
Processing 52686 mz slices ... OK
Create profile matrix with method 'bin' and step 1 ... OK
Create profile matrix with method 'bin' and step 1 ... OK
Create profile matrix with method 'bin' and step 1 ... OK
Create profile matrix with method 'bin' and step 1 ... OK
Create profile matrix with method 'bin' and step 1 ... OK
Processing 52686 mz slices ... OK
Create profile matrix with method 'bin' and step 1 ... OK
Create profile matrix with method 'bin' and step 1 ... OK
Create profile matrix with method 'bin' and step 1 ... OK
Create profile matrix with method 'bin' and step 1 ... OK
Create profile matrix with method 'bin' and step 1 ... OK
Processing 52686 mz slices ... OK
Create profile matrix with method 'bin' and step 1 ... OK
Create profile matrix with method 'bin' and step 1 ... OK
Create profile matrix with method 'bin' and step 1 ... OK
Create profile matrix with method 'bin' and step 1 ... OK
Create profile matrix with method 'bin' and step 1 ... OK
Processing 52686 mz slices ... OK
Create profile matrix with method 'bin' and step 1 ... OK
Create profile matrix with method 'bin' and step 1 ... OK
Create profile matrix with method 'bin' and step 1 ... OK
Create profile matrix with method 'bin' and step 1 ... OK
Create profile matrix with method 'bin' and step 1 ... OK
Processing 52686 mz slices ... OK
Create profile matrix with method 'bin' and step 0.7 ... OK
Create profile matrix with method 'bin' and step 0.7 ... OK
Create profile matrix with method 'bin' and step 0.7 ... OK
Create profile matrix with method 'bin' and step 0.7 ... OK
Create profile matrix with method 'bin' and step 0.7 ... OK
Create profile matrix with method 'bin' and step 0.7 ... OK
Create profile matrix with method 'bin' and step 0.7 ... OK
Create profile matrix with method 'bin' and step 0.7 ... OK
Processing 52686 mz slices ... OK
Create profile matrix with method 'bin' and step 0.7 ... OK
Create profile matrix with method 'bin' and step 0.7 ... OK
Create profile matrix with method 'bin' and step 0.7 ... OK
Create profile matrix with method 'bin' and step 0.7 ... OK
Create profile matrix with method 'bin' and step 0.7 ... OK
Create profile matrix with method 'bin' and step 0.7 ... OK
Create profile matrix with method 'bin' and step 0.7 ... OK
Create profile matrix with method 'bin' and step 0.7 ... OK
Processing 52686 mz slices ... OK
Create profile matrix with method 'bin' and step 0.7 ... OK
Create profile matrix with method 'bin' and step 0.7 ... OK
Create profile matrix with method 'bin' and step 0.7 ... OK
Create profile matrix with method 'bin' and step 0.7 ... OK
Create profile matrix with method 'bin' and step 0.7 ... OK
Create profile matrix with method 'bin' and step 0.7 ... OK
Create profile matrix with method 'bin' and step 0.7 ... OK
Create profile matrix with method 'bin' and step 0.7 ... OK
Processing 52686 mz slices ... OK
Create profile matrix with method 'bin' and step 0.7 ... OK
Create profile matrix with method 'bin' and step 0.7 ... OK
Create profile matrix with method 'bin' and step 0.7 ... OK
Create profile matrix with method 'bin' and step 0.7 ... OK
Create profile matrix with method 'bin' and step 0.7 ... OK
Create profile matrix with method 'bin' and step 0.7 ... OK
Create profile matrix with method 'bin' and step 0.7 ... OK
Create profile matrix with method 'bin' and step 0.7 ... OK
Processing 52686 mz slices ... OK
Create profile matrix with method 'bin' and step 1 ... OK
Create profile matrix with method 'bin' and step 1 ... OK
Create profile matrix with method 'bin' and step 1 ... OK
Create profile matrix with method 'bin' and step 1 ... OK
Create profile matrix with method 'bin' and step 1 ... OK
Processing 52686 mz slices ... OK
Create profile matrix with method 'bin' and step 1 ... OK
Create profile matrix with method 'bin' and step 1 ... OK
Create profile matrix with method 'bin' and step 1 ... OK
Create profile matrix with method 'bin' and step 1 ... OK
Create profile matrix with method 'bin' and step 1 ... OK
Processing 52686 mz slices ... OK
Create profile matrix with method 'bin' and step 1 ... OK
Create profile matrix with method 'bin' and step 1 ... OK
Create profile matrix with method 'bin' and step 1 ... OK
Create profile matrix with method 'bin' and step 1 ... OK
Create profile matrix with method 'bin' and step 1 ... OK
Processing 52686 mz slices ... OK
Create profile matrix with method 'bin' and step 1 ... OK
Create profile matrix with method 'bin' and step 1 ... OK
Create profile matrix with method 'bin' and step 1 ... OK
Create profile matrix with method 'bin' and step 1 ... OK
Create profile matrix with method 'bin' and step 1 ... OK
Processing 52686 mz slices ... OK
Create profile matrix with method 'bin' and step 0.85 ... OK
Create profile matrix with method 'bin' and step 0.85 ... OK
Create profile matrix with method 'bin' and step 0.85 ... OK
Create profile matrix with method 'bin' and step 0.85 ... OK
Create profile matrix with method 'bin' and step 0.85 ... OK
Create profile matrix with method 'bin' and step 0.85 ... OK
Create profile matrix with method 'bin' and step 0.85 ... OK
Create profile matrix with method 'bin' and step 0.85 ... OK
Processing 73759 mz slices ... OK
Create profile matrix with method 'bin' and step 0.85 ... OK
Create profile matrix with method 'bin' and step 0.85 ... OK
Create profile matrix with method 'bin' and step 0.85 ... OK
Create profile matrix with method 'bin' and step 0.85 ... OK
Create profile matrix with method 'bin' and step 0.85 ... OK
Create profile matrix with method 'bin' and step 0.85 ... OK
Create profile matrix with method 'bin' and step 0.85 ... OK
Create profile matrix with method 'bin' and step 0.85 ... OK
Processing 73759 mz slices ... OK
Create profile matrix with method 'bin' and step 0.85 ... OK
Create profile matrix with method 'bin' and step 0.85 ... OK
Create profile matrix with method 'bin' and step 0.85 ... OK
Create profile matrix with method 'bin' and step 0.85 ... OK
Create profile matrix with method 'bin' and step 0.85 ... OK
Create profile matrix with method 'bin' and step 0.85 ... OK
Create profile matrix with method 'bin' and step 0.85 ... OK
Create profile matrix with method 'bin' and step 0.85 ... OK
Processing 73759 mz slices ... OK
Create profile matrix with method 'bin' and step 0.85 ... OK
Create profile matrix with method 'bin' and step 0.85 ... OK
Create profile matrix with method 'bin' and step 0.85 ... OK
Create profile matrix with method 'bin' and step 0.85 ... OK
Create profile matrix with method 'bin' and step 0.85 ... OK
Create profile matrix with method 'bin' and step 0.85 ... OK
Create profile matrix with method 'bin' and step 0.85 ... OK
Create profile matrix with method 'bin' and step 0.85 ... OK
Processing 73759 mz slices ... OK
Create profile matrix with method 'bin' and step 0.85 ... OK
Create profile matrix with method 'bin' and step 0.85 ... OK
Create profile matrix with method 'bin' and step 0.85 ... OK
Create profile matrix with method 'bin' and step 0.85 ... OK
Create profile matrix with method 'bin' and step 0.85 ... OK
Create profile matrix with method 'bin' and step 0.85 ... OK
Create profile matrix with method 'bin' and step 0.85 ... OK
Create profile matrix with method 'bin' and step 0.85 ... OK
Processing 73759 mz slices ... OK
Create profile matrix with method 'bin' and step 0.7 ... OK
Create profile matrix with method 'bin' and step 0.7 ... OK
Create profile matrix with method 'bin' and step 0.7 ... OK
Create profile matrix with method 'bin' and step 0.7 ... OK
Create profile matrix with method 'bin' and step 0.7 ... OK
Create profile matrix with method 'bin' and step 0.7 ... OK
Create profile matrix with method 'bin' and step 0.7 ... OK
Create profile matrix with method 'bin' and step 0.7 ... OK
Processing 73759 mz slices ... OK
Create profile matrix with method 'bin' and step 1 ... OK
Create profile matrix with method 'bin' and step 1 ... OK
Create profile matrix with method 'bin' and step 1 ... OK
Create profile matrix with method 'bin' and step 1 ... OK
Create profile matrix with method 'bin' and step 1 ... OK
Processing 73759 mz slices ... OK
Create profile matrix with method 'bin' and step 0.85 ... OK
Create profile matrix with method 'bin' and step 0.85 ... OK
Create profile matrix with method 'bin' and step 0.85 ... OK
Create profile matrix with method 'bin' and step 0.85 ... OK
Create profile matrix with method 'bin' and step 0.85 ... OK
Create profile matrix with method 'bin' and step 0.85 ... OK
Create profile matrix with method 'bin' and step 0.85 ... OK
Create profile matrix with method 'bin' and step 0.85 ... OK
Processing 73759 mz slices ... OK
Create profile matrix with method 'bin' and step 0.85 ... OK
Create profile matrix with method 'bin' and step 0.85 ... OK
Create profile matrix with method 'bin' and step 0.85 ... OK
Create profile matrix with method 'bin' and step 0.85 ... OK
Create profile matrix with method 'bin' and step 0.85 ... OK
Create profile matrix with method 'bin' and step 0.85 ... OK
Create profile matrix with method 'bin' and step 0.85 ... OK
Create profile matrix with method 'bin' and step 0.85 ... OK
Processing 73759 mz slices ... OK
Create profile matrix with method 'bin' and step 0.85 ... OK
Create profile matrix with method 'bin' and step 0.85 ... OK
Create profile matrix with method 'bin' and step 0.85 ... OK
Create profile matrix with method 'bin' and step 0.85 ... OK
Create profile matrix with method 'bin' and step 0.85 ... OK
Create profile matrix with method 'bin' and step 0.85 ... OK
Create profile matrix with method 'bin' and step 0.85 ... OK
Create profile matrix with method 'bin' and step 0.85 ... OK
Processing 122931 mz slices ... OK
Create profile matrix with method 'bin' and step 0.85 ... OK
Create profile matrix with method 'bin' and step 0.85 ... OK
Create profile matrix with method 'bin' and step 0.85 ... OK
Create profile matrix with method 'bin' and step 0.85 ... OK
Create profile matrix with method 'bin' and step 0.85 ... OK
Create profile matrix with method 'bin' and step 0.85 ... OK
Create profile matrix with method 'bin' and step 0.85 ... OK
Create profile matrix with method 'bin' and step 0.85 ... OK
Processing 52686 mz slices ... OK
Create profile matrix with method 'bin' and step 0.85 ... OK
Create profile matrix with method 'bin' and step 0.85 ... OK
Create profile matrix with method 'bin' and step 0.85 ... OK
Create profile matrix with method 'bin' and step 0.85 ... OK
Create profile matrix with method 'bin' and step 0.85 ... OK
Create profile matrix with method 'bin' and step 0.85 ... OK
Create profile matrix with method 'bin' and step 0.85 ... OK
Create profile matrix with method 'bin' and step 0.85 ... OK
Processing 73759 mz slices ... OK
Create profile matrix with method 'bin' and step 0.85 ... OK
Create profile matrix with method 'bin' and step 0.85 ... OK
Create profile matrix with method 'bin' and step 0.85 ... OK
Create profile matrix with method 'bin' and step 0.85 ... OK
Create profile matrix with method 'bin' and step 0.85 ... OK
Create profile matrix with method 'bin' and step 0.85 ... OK
Create profile matrix with method 'bin' and step 0.85 ... OK
Create profile matrix with method 'bin' and step 0.85 ... OK
Processing 73759 mz slices ... OK



starting new DoE with:

gapInit: c(0.08, 0.4)
gapExtend: c(1.74, 2.46)
profStep: c(0.73, 0.97)
bw: c(25.2, 41.2)
mzwid: c(0.017, 0.033)
distFunc: cor_opt
plottype: none
response: 1
factorDiag: 2
factorGap: 1
localAlignment: 0
retcorMethod: obiwarp
minfrac: 0.05
minsamp: 1
max: 50
center: 5

Create profile matrix with method 'bin' and step 0.73 ... OK
Create profile matrix with method 'bin' and step 0.73 ... OK
Create profile matrix with method 'bin' and step 0.73 ... OK
Create profile matrix with method 'bin' and step 0.73 ... OK
Create profile matrix with method 'bin' and step 0.73 ... OK
Create profile matrix with method 'bin' and step 0.73 ... OK
Create profile matrix with method 'bin' and step 0.73 ... OK
Create profile matrix with method 'bin' and step 0.73 ... OK
Processing 108469 mz slices ... OK
Create profile matrix with method 'bin' and step 0.73 ... OK
Create profile matrix with method 'bin' and step 0.73 ... OK
Create profile matrix with method 'bin' and step 0.73 ... OK
Create profile matrix with method 'bin' and step 0.73 ... OK
Create profile matrix with method 'bin' and step 0.73 ... OK
Create profile matrix with method 'bin' and step 0.73 ... OK
Create profile matrix with method 'bin' and step 0.73 ... OK
Create profile matrix with method 'bin' and step 0.73 ... OK
Processing 108469 mz slices ... OK
Create profile matrix with method 'bin' and step 0.73 ... OK
Create profile matrix with method 'bin' and step 0.73 ... OK
Create profile matrix with method 'bin' and step 0.73 ... OK
Create profile matrix with method 'bin' and step 0.73 ... OK
Create profile matrix with method 'bin' and step 0.73 ... OK
Create profile matrix with method 'bin' and step 0.73 ... OK
Create profile matrix with method 'bin' and step 0.73 ... OK
Create profile matrix with method 'bin' and step 0.73 ... OK
Processing 108469 mz slices ... OK
Create profile matrix with method 'bin' and step 0.73 ... OK
Create profile matrix with method 'bin' and step 0.73 ... OK
Create profile matrix with method 'bin' and step 0.73 ... OK
Create profile matrix with method 'bin' and step 0.73 ... OK
Create profile matrix with method 'bin' and step 0.73 ... OK
Create profile matrix with method 'bin' and step 0.73 ... OK
Create profile matrix with method 'bin' and step 0.73 ... OK
Create profile matrix with method 'bin' and step 0.73 ... OK
Processing 108469 mz slices ... OK
Create profile matrix with method 'bin' and step 0.97 ... OK
Create profile matrix with method 'bin' and step 0.97 ... OK
Create profile matrix with method 'bin' and step 0.97 ... OK
Create profile matrix with method 'bin' and step 0.97 ... OK
Create profile matrix with method 'bin' and step 0.97 ... OK
Create profile matrix with method 'bin' and step 0.97 ... OK
Create profile matrix with method 'bin' and step 0.97 ... OK
Create profile matrix with method 'bin' and step 0.97 ... OK
Processing 108469 mz slices ... OK
Create profile matrix with method 'bin' and step 0.97 ... OK
Create profile matrix with method 'bin' and step 0.97 ... OK
Create profile matrix with method 'bin' and step 0.97 ... OK
Create profile matrix with method 'bin' and step 0.97 ... OK
Create profile matrix with method 'bin' and step 0.97 ... OK
Create profile matrix with method 'bin' and step 0.97 ... OK
Create profile matrix with method 'bin' and step 0.97 ... OK
Create profile matrix with method 'bin' and step 0.97 ... OK
Processing 108469 mz slices ... OK
Create profile matrix with method 'bin' and step 0.97 ... OK
Create profile matrix with method 'bin' and step 0.97 ... OK
Create profile matrix with method 'bin' and step 0.97 ... OK
Create profile matrix with method 'bin' and step 0.97 ... OK
Create profile matrix with method 'bin' and step 0.97 ... OK
Create profile matrix with method 'bin' and step 0.97 ... OK
Create profile matrix with method 'bin' and step 0.97 ... OK
Create profile matrix with method 'bin' and step 0.97 ... OK
Processing 108469 mz slices ... OK
Create profile matrix with method 'bin' and step 0.97 ... OK
Create profile matrix with method 'bin' and step 0.97 ... OK
Create profile matrix with method 'bin' and step 0.97 ... OK
Create profile matrix with method 'bin' and step 0.97 ... OK
Create profile matrix with method 'bin' and step 0.97 ... OK
Create profile matrix with method 'bin' and step 0.97 ... OK
Create profile matrix with method 'bin' and step 0.97 ... OK
Create profile matrix with method 'bin' and step 0.97 ... OK
Processing 108469 mz slices ... OK
Create profile matrix with method 'bin' and step 0.73 ... OK
Create profile matrix with method 'bin' and step 0.73 ... OK
Create profile matrix with method 'bin' and step 0.73 ... OK
Create profile matrix with method 'bin' and step 0.73 ... OK
Create profile matrix with method 'bin' and step 0.73 ... OK
Create profile matrix with method 'bin' and step 0.73 ... OK
Create profile matrix with method 'bin' and step 0.73 ... OK
Create profile matrix with method 'bin' and step 0.73 ... OK
Processing 108469 mz slices ... OK
Create profile matrix with method 'bin' and step 0.73 ... OK
Create profile matrix with method 'bin' and step 0.73 ... OK
Create profile matrix with method 'bin' and step 0.73 ... OK
Create profile matrix with method 'bin' and step 0.73 ... OK
Create profile matrix with method 'bin' and step 0.73 ... OK
Create profile matrix with method 'bin' and step 0.73 ... OK
Create profile matrix with method 'bin' and step 0.73 ... OK
Create profile matrix with method 'bin' and step 0.73 ... OK
Processing 108469 mz slices ... OK
Create profile matrix with method 'bin' and step 0.73 ... OK
Create profile matrix with method 'bin' and step 0.73 ... OK
Create profile matrix with method 'bin' and step 0.73 ... OK
Create profile matrix with method 'bin' and step 0.73 ... OK
Create profile matrix with method 'bin' and step 0.73 ... OK
Create profile matrix with method 'bin' and step 0.73 ... OK
Create profile matrix with method 'bin' and step 0.73 ... OK
Create profile matrix with method 'bin' and step 0.73 ... OK
Processing 108469 mz slices ... OK
Create profile matrix with method 'bin' and step 0.73 ... OK
Create profile matrix with method 'bin' and step 0.73 ... OK
Create profile matrix with method 'bin' and step 0.73 ... OK
Create profile matrix with method 'bin' and step 0.73 ... OK
Create profile matrix with method 'bin' and step 0.73 ... OK
Create profile matrix with method 'bin' and step 0.73 ... OK
Create profile matrix with method 'bin' and step 0.73 ... OK
Create profile matrix with method 'bin' and step 0.73 ... OK
Processing 108469 mz slices ... OK
Create profile matrix with method 'bin' and step 0.97 ... OK
Create profile matrix with method 'bin' and step 0.97 ... OK
Create profile matrix with method 'bin' and step 0.97 ... OK
Create profile matrix with method 'bin' and step 0.97 ... OK
Create profile matrix with method 'bin' and step 0.97 ... OK
Create profile matrix with method 'bin' and step 0.97 ... OK
Create profile matrix with method 'bin' and step 0.97 ... OK
Create profile matrix with method 'bin' and step 0.97 ... OK
Processing 108469 mz slices ... OK
Create profile matrix with method 'bin' and step 0.97 ... OK
Create profile matrix with method 'bin' and step 0.97 ... OK
Create profile matrix with method 'bin' and step 0.97 ... OK
Create profile matrix with method 'bin' and step 0.97 ... OK
Create profile matrix with method 'bin' and step 0.97 ... OK
Create profile matrix with method 'bin' and step 0.97 ... OK
Create profile matrix with method 'bin' and step 0.97 ... OK
Create profile matrix with method 'bin' and step 0.97 ... OK
Processing 108469 mz slices ... OK
Create profile matrix with method 'bin' and step 0.97 ... OK
Create profile matrix with method 'bin' and step 0.97 ... OK
Create profile matrix with method 'bin' and step 0.97 ... OK
Create profile matrix with method 'bin' and step 0.97 ... OK
Create profile matrix with method 'bin' and step 0.97 ... OK
Create profile matrix with method 'bin' and step 0.97 ... OK
Create profile matrix with method 'bin' and step 0.97 ... OK
Create profile matrix with method 'bin' and step 0.97 ... OK
Processing 108469 mz slices ... OK
Create profile matrix with method 'bin' and step 0.97 ... OK
Create profile matrix with method 'bin' and step 0.97 ... OK
Create profile matrix with method 'bin' and step 0.97 ... OK
Create profile matrix with method 'bin' and step 0.97 ... OK
Create profile matrix with method 'bin' and step 0.97 ... OK
Create profile matrix with method 'bin' and step 0.97 ... OK
Create profile matrix with method 'bin' and step 0.97 ... OK
Create profile matrix with method 'bin' and step 0.97 ... OK
Processing 108469 mz slices ... OK
Create profile matrix with method 'bin' and step 0.73 ... OK
Create profile matrix with method 'bin' and step 0.73 ... OK
Create profile matrix with method 'bin' and step 0.73 ... OK
Create profile matrix with method 'bin' and step 0.73 ... OK
Create profile matrix with method 'bin' and step 0.73 ... OK
Create profile matrix with method 'bin' and step 0.73 ... OK
Create profile matrix with method 'bin' and step 0.73 ... OK
Create profile matrix with method 'bin' and step 0.73 ... OK
Processing 55879 mz slices ... OK
Create profile matrix with method 'bin' and step 0.73 ... OK
Create profile matrix with method 'bin' and step 0.73 ... OK
Create profile matrix with method 'bin' and step 0.73 ... OK
Create profile matrix with method 'bin' and step 0.73 ... OK
Create profile matrix with method 'bin' and step 0.73 ... OK
Create profile matrix with method 'bin' and step 0.73 ... OK
Create profile matrix with method 'bin' and step 0.73 ... OK
Create profile matrix with method 'bin' and step 0.73 ... OK
Processing 55879 mz slices ... OK
Create profile matrix with method 'bin' and step 0.73 ... OK
Create profile matrix with method 'bin' and step 0.73 ... OK
Create profile matrix with method 'bin' and step 0.73 ... OK
Create profile matrix with method 'bin' and step 0.73 ... OK
Create profile matrix with method 'bin' and step 0.73 ... OK
Create profile matrix with method 'bin' and step 0.73 ... OK
Create profile matrix with method 'bin' and step 0.73 ... OK
Create profile matrix with method 'bin' and step 0.73 ... OK
Processing 55879 mz slices ... OK
Create profile matrix with method 'bin' and step 0.73 ... OK
Create profile matrix with method 'bin' and step 0.73 ... OK
Create profile matrix with method 'bin' and step 0.73 ... OK
Create profile matrix with method 'bin' and step 0.73 ... OK
Create profile matrix with method 'bin' and step 0.73 ... OK
Create profile matrix with method 'bin' and step 0.73 ... OK
Create profile matrix with method 'bin' and step 0.73 ... OK
Create profile matrix with method 'bin' and step 0.73 ... OK
Processing 55879 mz slices ... OK
Create profile matrix with method 'bin' and step 0.97 ... OK
Create profile matrix with method 'bin' and step 0.97 ... OK
Create profile matrix with method 'bin' and step 0.97 ... OK
Create profile matrix with method 'bin' and step 0.97 ... OK
Create profile matrix with method 'bin' and step 0.97 ... OK
Create profile matrix with method 'bin' and step 0.97 ... OK
Create profile matrix with method 'bin' and step 0.97 ... OK
Create profile matrix with method 'bin' and step 0.97 ... OK
Processing 55879 mz slices ... OK
Create profile matrix with method 'bin' and step 0.97 ... OK
Create profile matrix with method 'bin' and step 0.97 ... OK
Create profile matrix with method 'bin' and step 0.97 ... OK
Create profile matrix with method 'bin' and step 0.97 ... OK
Create profile matrix with method 'bin' and step 0.97 ... OK
Create profile matrix with method 'bin' and step 0.97 ... OK
Create profile matrix with method 'bin' and step 0.97 ... OK
Create profile matrix with method 'bin' and step 0.97 ... OK
Processing 55879 mz slices ... OK
Create profile matrix with method 'bin' and step 0.97 ... OK
Create profile matrix with method 'bin' and step 0.97 ... OK
Create profile matrix with method 'bin' and step 0.97 ... OK
Create profile matrix with method 'bin' and step 0.97 ... OK
Create profile matrix with method 'bin' and step 0.97 ... OK
Create profile matrix with method 'bin' and step 0.97 ... OK
Create profile matrix with method 'bin' and step 0.97 ... OK
Create profile matrix with method 'bin' and step 0.97 ... OK
Processing 55879 mz slices ... OK
Create profile matrix with method 'bin' and step 0.97 ... OK
Create profile matrix with method 'bin' and step 0.97 ... OK
Create profile matrix with method 'bin' and step 0.97 ... OK
Create profile matrix with method 'bin' and step 0.97 ... OK
Create profile matrix with method 'bin' and step 0.97 ... OK
Create profile matrix with method 'bin' and step 0.97 ... OK
Create profile matrix with method 'bin' and step 0.97 ... OK
Create profile matrix with method 'bin' and step 0.97 ... OK
Processing 55879 mz slices ... OK
Create profile matrix with method 'bin' and step 0.73 ... OK
Create profile matrix with method 'bin' and step 0.73 ... OK
Create profile matrix with method 'bin' and step 0.73 ... OK
Create profile matrix with method 'bin' and step 0.73 ... OK
Create profile matrix with method 'bin' and step 0.73 ... OK
Create profile matrix with method 'bin' and step 0.73 ... OK
Create profile matrix with method 'bin' and step 0.73 ... OK
Create profile matrix with method 'bin' and step 0.73 ... OK
Processing 55879 mz slices ... OK
Create profile matrix with method 'bin' and step 0.73 ... OK
Create profile matrix with method 'bin' and step 0.73 ... OK
Create profile matrix with method 'bin' and step 0.73 ... OK
Create profile matrix with method 'bin' and step 0.73 ... OK
Create profile matrix with method 'bin' and step 0.73 ... OK
Create profile matrix with method 'bin' and step 0.73 ... OK
Create profile matrix with method 'bin' and step 0.73 ... OK
Create profile matrix with method 'bin' and step 0.73 ... OK
Processing 55879 mz slices ... OK
Create profile matrix with method 'bin' and step 0.73 ... OK
Create profile matrix with method 'bin' and step 0.73 ... OK
Create profile matrix with method 'bin' and step 0.73 ... OK
Create profile matrix with method 'bin' and step 0.73 ... OK
Create profile matrix with method 'bin' and step 0.73 ... OK
Create profile matrix with method 'bin' and step 0.73 ... OK
Create profile matrix with method 'bin' and step 0.73 ... OK
Create profile matrix with method 'bin' and step 0.73 ... OK
Processing 55879 mz slices ... OK
Create profile matrix with method 'bin' and step 0.73 ... OK
Create profile matrix with method 'bin' and step 0.73 ... OK
Create profile matrix with method 'bin' and step 0.73 ... OK
Create profile matrix with method 'bin' and step 0.73 ... OK
Create profile matrix with method 'bin' and step 0.73 ... OK
Create profile matrix with method 'bin' and step 0.73 ... OK
Create profile matrix with method 'bin' and step 0.73 ... OK
Create profile matrix with method 'bin' and step 0.73 ... OK
Processing 55879 mz slices ... OK
Create profile matrix with method 'bin' and step 0.97 ... OK
Create profile matrix with method 'bin' and step 0.97 ... OK
Create profile matrix with method 'bin' and step 0.97 ... OK
Create profile matrix with method 'bin' and step 0.97 ... OK
Create profile matrix with method 'bin' and step 0.97 ... OK
Create profile matrix with method 'bin' and step 0.97 ... OK
Create profile matrix with method 'bin' and step 0.97 ... OK
Create profile matrix with method 'bin' and step 0.97 ... OK
Processing 55879 mz slices ... OK
Create profile matrix with method 'bin' and step 0.97 ... OK
Create profile matrix with method 'bin' and step 0.97 ... OK
Create profile matrix with method 'bin' and step 0.97 ... OK
Create profile matrix with method 'bin' and step 0.97 ... OK
Create profile matrix with method 'bin' and step 0.97 ... OK
Create profile matrix with method 'bin' and step 0.97 ... OK
Create profile matrix with method 'bin' and step 0.97 ... OK
Create profile matrix with method 'bin' and step 0.97 ... OK
Processing 55879 mz slices ... OK
Create profile matrix with method 'bin' and step 0.97 ... OK
Create profile matrix with method 'bin' and step 0.97 ... OK
Create profile matrix with method 'bin' and step 0.97 ... OK
Create profile matrix with method 'bin' and step 0.97 ... OK
Create profile matrix with method 'bin' and step 0.97 ... OK
Create profile matrix with method 'bin' and step 0.97 ... OK
Create profile matrix with method 'bin' and step 0.97 ... OK
Create profile matrix with method 'bin' and step 0.97 ... OK
Processing 55879 mz slices ... OK
Create profile matrix with method 'bin' and step 0.97 ... OK
Create profile matrix with method 'bin' and step 0.97 ... OK
Create profile matrix with method 'bin' and step 0.97 ... OK
Create profile matrix with method 'bin' and step 0.97 ... OK
Create profile matrix with method 'bin' and step 0.97 ... OK
Create profile matrix with method 'bin' and step 0.97 ... OK
Create profile matrix with method 'bin' and step 0.97 ... OK
Create profile matrix with method 'bin' and step 0.97 ... OK
Processing 55879 mz slices ... OK
Create profile matrix with method 'bin' and step 0.85 ... OK
Create profile matrix with method 'bin' and step 0.85 ... OK
Create profile matrix with method 'bin' and step 0.85 ... OK
Create profile matrix with method 'bin' and step 0.85 ... OK
Create profile matrix with method 'bin' and step 0.85 ... OK
Create profile matrix with method 'bin' and step 0.85 ... OK
Create profile matrix with method 'bin' and step 0.85 ... OK
Create profile matrix with method 'bin' and step 0.85 ... OK
Processing 73759 mz slices ... OK
Create profile matrix with method 'bin' and step 0.85 ... OK
Create profile matrix with method 'bin' and step 0.85 ... OK
Create profile matrix with method 'bin' and step 0.85 ... OK
Create profile matrix with method 'bin' and step 0.85 ... OK
Create profile matrix with method 'bin' and step 0.85 ... OK
Create profile matrix with method 'bin' and step 0.85 ... OK
Create profile matrix with method 'bin' and step 0.85 ... OK
Create profile matrix with method 'bin' and step 0.85 ... OK
Processing 73759 mz slices ... OK
Create profile matrix with method 'bin' and step 0.85 ... OK
Create profile matrix with method 'bin' and step 0.85 ... OK
Create profile matrix with method 'bin' and step 0.85 ... OK
Create profile matrix with method 'bin' and step 0.85 ... OK
Create profile matrix with method 'bin' and step 0.85 ... OK
Create profile matrix with method 'bin' and step 0.85 ... OK
Create profile matrix with method 'bin' and step 0.85 ... OK
Create profile matrix with method 'bin' and step 0.85 ... OK
Processing 73759 mz slices ... OK
Create profile matrix with method 'bin' and step 0.85 ... OK
Create profile matrix with method 'bin' and step 0.85 ... OK
Create profile matrix with method 'bin' and step 0.85 ... OK
Create profile matrix with method 'bin' and step 0.85 ... OK
Create profile matrix with method 'bin' and step 0.85 ... OK
Create profile matrix with method 'bin' and step 0.85 ... OK
Create profile matrix with method 'bin' and step 0.85 ... OK
Create profile matrix with method 'bin' and step 0.85 ... OK
Processing 73759 mz slices ... OK
Create profile matrix with method 'bin' and step 0.85 ... OK
Create profile matrix with method 'bin' and step 0.85 ... OK
Create profile matrix with method 'bin' and step 0.85 ... OK
Create profile matrix with method 'bin' and step 0.85 ... OK
Create profile matrix with method 'bin' and step 0.85 ... OK
Create profile matrix with method 'bin' and step 0.85 ... OK
Create profile matrix with method 'bin' and step 0.85 ... OK
Create profile matrix with method 'bin' and step 0.85 ... OK
Processing 73759 mz slices ... OK
Create profile matrix with method 'bin' and step 0.73 ... OK
Create profile matrix with method 'bin' and step 0.73 ... OK
Create profile matrix with method 'bin' and step 0.73 ... OK
Create profile matrix with method 'bin' and step 0.73 ... OK
Create profile matrix with method 'bin' and step 0.73 ... OK
Create profile matrix with method 'bin' and step 0.73 ... OK
Create profile matrix with method 'bin' and step 0.73 ... OK
Create profile matrix with method 'bin' and step 0.73 ... OK
Processing 73759 mz slices ... OK
Create profile matrix with method 'bin' and step 0.97 ... OK
Create profile matrix with method 'bin' and step 0.97 ... OK
Create profile matrix with method 'bin' and step 0.97 ... OK
Create profile matrix with method 'bin' and step 0.97 ... OK
Create profile matrix with method 'bin' and step 0.97 ... OK
Create profile matrix with method 'bin' and step 0.97 ... OK
Create profile matrix with method 'bin' and step 0.97 ... OK
Create profile matrix with method 'bin' and step 0.97 ... OK
Processing 73759 mz slices ... OK
Create profile matrix with method 'bin' and step 0.85 ... OK
Create profile matrix with method 'bin' and step 0.85 ... OK
Create profile matrix with method 'bin' and step 0.85 ... OK
Create profile matrix with method 'bin' and step 0.85 ... OK
Create profile matrix with method 'bin' and step 0.85 ... OK
Create profile matrix with method 'bin' and step 0.85 ... OK
Create profile matrix with method 'bin' and step 0.85 ... OK
Create profile matrix with method 'bin' and step 0.85 ... OK
Processing 73759 mz slices ... OK
Create profile matrix with method 'bin' and step 0.85 ... OK
Create profile matrix with method 'bin' and step 0.85 ... OK
Create profile matrix with method 'bin' and step 0.85 ... OK
Create profile matrix with method 'bin' and step 0.85 ... OK
Create profile matrix with method 'bin' and step 0.85 ... OK
Create profile matrix with method 'bin' and step 0.85 ... OK
Create profile matrix with method 'bin' and step 0.85 ... OK
Create profile matrix with method 'bin' and step 0.85 ... OK
Processing 73759 mz slices ... OK
Create profile matrix with method 'bin' and step 0.85 ... OK
Create profile matrix with method 'bin' and step 0.85 ... OK
Create profile matrix with method 'bin' and step 0.85 ... OK
Create profile matrix with method 'bin' and step 0.85 ... OK
Create profile matrix with method 'bin' and step 0.85 ... OK
Create profile matrix with method 'bin' and step 0.85 ... OK
Create profile matrix with method 'bin' and step 0.85 ... OK
Create profile matrix with method 'bin' and step 0.85 ... OK
Processing 108469 mz slices ... OK
Create profile matrix with method 'bin' and step 0.85 ... OK
Create profile matrix with method 'bin' and step 0.85 ... OK
Create profile matrix with method 'bin' and step 0.85 ... OK
Create profile matrix with method 'bin' and step 0.85 ... OK
Create profile matrix with method 'bin' and step 0.85 ... OK
Create profile matrix with method 'bin' and step 0.85 ... OK
Create profile matrix with method 'bin' and step 0.85 ... OK
Create profile matrix with method 'bin' and step 0.85 ... OK
Processing 55879 mz slices ... OK
Create profile matrix with method 'bin' and step 0.85 ... OK
Create profile matrix with method 'bin' and step 0.85 ... OK
Create profile matrix with method 'bin' and step 0.85 ... OK
Create profile matrix with method 'bin' and step 0.85 ... OK
Create profile matrix with method 'bin' and step 0.85 ... OK
Create profile matrix with method 'bin' and step 0.85 ... OK
Create profile matrix with method 'bin' and step 0.85 ... OK
Create profile matrix with method 'bin' and step 0.85 ... OK
Processing 73759 mz slices ... OK
Create profile matrix with method 'bin' and step 0.97 ... OK
Create profile matrix with method 'bin' and step 0.97 ... OK
Create profile matrix with method 'bin' and step 0.97 ... OK
Create profile matrix with method 'bin' and step 0.97 ... OK
Create profile matrix with method 'bin' and step 0.97 ... OK
Create profile matrix with method 'bin' and step 0.97 ... OK
Create profile matrix with method 'bin' and step 0.97 ... OK
Create profile matrix with method 'bin' and step 0.97 ... OK
Processing 73759 mz slices ... OK
no increase stopping
library(xcms)
library(Rmpi)

xset <- xcmsSet( 
  method = "centWave",
  peakwidth       = c(16.8, 69.8),
  ppm             = 12.5,
  noise           = 500,
  snthresh        = 10,
  mzdiff          = 0.0045,
  prefilter       = c(3, 500),
  mzCenterFun     = "wMean",
  integrate       = 2,
  fitgauss        = FALSE,
  verbose.columns = TRUE)
xset <- retcor( 
  xset,
  method         = "obiwarp",
  plottype       = "none",
  distFunc       = "cor_opt",
  profStep       = 0.85,
  center         = 5,
  response       = 1,
  gapInit        = 0.24,
  gapExtend      = 2.1,
  factorDiag     = 2,
  factorGap      = 1,
  localAlignment = 0)
xset <- group( 
  xset,
  method  = "density",
  bw      = 33.2,
  mzwid   = 0.025,
  minfrac = 0.05,
  minsamp = 1,
  max     = 50)

xset <- fillPeaks(xset)
Warning message:
In sink() : no sink to remove
