Loading required package: xcms
Loading required package: Biobase
Loading required package: BiocGenerics
Loading required package: parallel

Attaching package: ‘BiocGenerics’

The following objects are masked from ‘package:parallel’:

    clusterApply, clusterApplyLB, clusterCall, clusterEvalQ,
    clusterExport, clusterMap, parApply, parCapply, parLapply,
    parLapplyLB, parRapply, parSapply, parSapplyLB

The following objects are masked from ‘package:stats’:

    IQR, mad, sd, var, xtabs

The following objects are masked from ‘package:base’:

    anyDuplicated, append, as.data.frame, basename, cbind, colMeans,
    colnames, colSums, dirname, do.call, duplicated, eval, evalq,
    Filter, Find, get, grep, grepl, intersect, is.unsorted, lapply,
    lengths, Map, mapply, match, mget, order, paste, pmax, pmax.int,
    pmin, pmin.int, Position, rank, rbind, Reduce, rowMeans, rownames,
    rowSums, sapply, setdiff, sort, table, tapply, union, unique,
    unsplit, which, which.max, which.min

Welcome to Bioconductor

    Vignettes contain introductory material; view with
    'browseVignettes()'. To cite Bioconductor, see
    'citation("Biobase")', and for packages 'citation("pkgname")'.

Loading required package: BiocParallel
Loading required package: MSnbase
Loading required package: mzR
Loading required package: Rcpp
Loading required package: ProtGenerics

This is MSnbase version 2.6.3 
  Visit https://lgatto.github.io/MSnbase/ to get started.


Attaching package: ‘MSnbase’

The following object is masked from ‘package:stats’:

    smooth

The following object is masked from ‘package:base’:

    trimws


This is xcms version 3.2.0 


Attaching package: ‘xcms’

The following object is masked from ‘package:stats’:

    sigma

Loading required package: rsm
Loading required package: CAMERA



starting new DoE with:
min_peakwidth: c(12, 28)
max_peakwidth: c(35, 65)
ppm: c(17, 32)
mzdiff: c(-0.001, 0.01)
snthresh: 10
noise: c(5, 500)
prefilter: 3
value_of_prefilter: c(5, 500)
mzCenterFun: wMean
integrate: 2
fitgauss: FALSE
verbose.columns: TRUE

1
Detecting mass traces at 17 ppm ... OK
Detecting chromatographic peaks in 8661 regions of interest ... OK: 49 found.
2
Detecting mass traces at 17 ppm ... OK
Detecting chromatographic peaks in 2612 regions of interest ... OK: 39 found.
3
Detecting mass traces at 17 ppm ... OK
Detecting chromatographic peaks in 8661 regions of interest ... OK: 63 found.
4
Detecting mass traces at 17 ppm ... OK
Detecting chromatographic peaks in 2612 regions of interest ... OK: 55 found.
5
Detecting mass traces at 32 ppm ... OK
Detecting chromatographic peaks in 12031 regions of interest ... OK: 59 found.
6
Detecting mass traces at 32 ppm ... OK
Detecting chromatographic peaks in 3595 regions of interest ... OK: 43 found.
7
Detecting mass traces at 32 ppm ... OK
Detecting chromatographic peaks in 12031 regions of interest ... OK: 74 found.
8
Detecting mass traces at 32 ppm ... OK
Detecting chromatographic peaks in 3595 regions of interest ... OK: 59 found.
9
Detecting mass traces at 17 ppm ... OK
Detecting chromatographic peaks in 8661 regions of interest ... OK: 49 found.
10
Detecting mass traces at 17 ppm ... OK
Detecting chromatographic peaks in 2612 regions of interest ... OK: 39 found.
11
Detecting mass traces at 17 ppm ... OK
Detecting chromatographic peaks in 8661 regions of interest ... OK: 61 found.
12
Detecting mass traces at 17 ppm ... OK
Detecting chromatographic peaks in 2612 regions of interest ... OK: 55 found.
13
Detecting mass traces at 32 ppm ... OK
Detecting chromatographic peaks in 12031 regions of interest ... OK: 59 found.
14
Detecting mass traces at 32 ppm ... OK
Detecting chromatographic peaks in 3595 regions of interest ... OK: 43 found.
15
Detecting mass traces at 32 ppm ... OK
Detecting chromatographic peaks in 12031 regions of interest ... OK: 72 found.
16
Detecting mass traces at 32 ppm ... OK
Detecting chromatographic peaks in 3595 regions of interest ... OK: 59 found.
17
Detecting mass traces at 17 ppm ... OK
Detecting chromatographic peaks in 8661 regions of interest ... OK: 49 found.
18
Detecting mass traces at 17 ppm ... OK
Detecting chromatographic peaks in 2612 regions of interest ... OK: 39 found.
19
Detecting mass traces at 17 ppm ... OK
Detecting chromatographic peaks in 8661 regions of interest ... OK: 63 found.
20
Detecting mass traces at 17 ppm ... OK
Detecting chromatographic peaks in 2612 regions of interest ... OK: 55 found.
21
Detecting mass traces at 32 ppm ... OK
Detecting chromatographic peaks in 12031 regions of interest ... OK: 59 found.
22
Detecting mass traces at 32 ppm ... OK
Detecting chromatographic peaks in 3595 regions of interest ... OK: 43 found.
23
Detecting mass traces at 32 ppm ... OK
Detecting chromatographic peaks in 12031 regions of interest ... OK: 74 found.
24
Detecting mass traces at 32 ppm ... OK
Detecting chromatographic peaks in 3595 regions of interest ... OK: 59 found.
25
Detecting mass traces at 17 ppm ... OK
Detecting chromatographic peaks in 8661 regions of interest ... OK: 49 found.
26
Detecting mass traces at 17 ppm ... OK
Detecting chromatographic peaks in 2612 regions of interest ... OK: 39 found.
27
Detecting mass traces at 17 ppm ... OK
Detecting chromatographic peaks in 8661 regions of interest ... OK: 61 found.
28
Detecting mass traces at 17 ppm ... OK
Detecting chromatographic peaks in 2612 regions of interest ... OK: 55 found.
29
Detecting mass traces at 32 ppm ... OK
Detecting chromatographic peaks in 12031 regions of interest ... OK: 59 found.
30
Detecting mass traces at 32 ppm ... OK
Detecting chromatographic peaks in 3595 regions of interest ... OK: 43 found.
31
Detecting mass traces at 32 ppm ... OK
Detecting chromatographic peaks in 12031 regions of interest ... OK: 72 found.
32
Detecting mass traces at 32 ppm ... OK
Detecting chromatographic peaks in 3595 regions of interest ... OK: 59 found.
33
Detecting mass traces at 17 ppm ... OK
Detecting chromatographic peaks in 8661 regions of interest ... OK: 49 found.
34
Detecting mass traces at 17 ppm ... OK
Detecting chromatographic peaks in 2612 regions of interest ... OK: 39 found.
35
Detecting mass traces at 17 ppm ... OK
Detecting chromatographic peaks in 8661 regions of interest ... OK: 63 found.
36
Detecting mass traces at 17 ppm ... OK
Detecting chromatographic peaks in 2612 regions of interest ... OK: 55 found.
37
Detecting mass traces at 32 ppm ... OK
Detecting chromatographic peaks in 12031 regions of interest ... OK: 59 found.
38
Detecting mass traces at 32 ppm ... OK
Detecting chromatographic peaks in 3595 regions of interest ... OK: 43 found.
39
Detecting mass traces at 32 ppm ... OK
Detecting chromatographic peaks in 12031 regions of interest ... OK: 74 found.
40
Detecting mass traces at 32 ppm ... OK
Detecting chromatographic peaks in 3595 regions of interest ... OK: 59 found.
41
Detecting mass traces at 17 ppm ... OK
Detecting chromatographic peaks in 8661 regions of interest ... OK: 49 found.
42
Detecting mass traces at 17 ppm ... OK
Detecting chromatographic peaks in 2612 regions of interest ... OK: 39 found.
43
Detecting mass traces at 17 ppm ... OK
Detecting chromatographic peaks in 8661 regions of interest ... OK: 61 found.
44
Detecting mass traces at 17 ppm ... OK
Detecting chromatographic peaks in 2612 regions of interest ... OK: 55 found.
45
Detecting mass traces at 32 ppm ... OK
Detecting chromatographic peaks in 12031 regions of interest ... OK: 59 found.
46
Detecting mass traces at 32 ppm ... OK
Detecting chromatographic peaks in 3595 regions of interest ... OK: 43 found.
47
Detecting mass traces at 32 ppm ... OK
Detecting chromatographic peaks in 12031 regions of interest ... OK: 72 found.
48
Detecting mass traces at 32 ppm ... OK
Detecting chromatographic peaks in 3595 regions of interest ... OK: 59 found.
49
Detecting mass traces at 17 ppm ... OK
Detecting chromatographic peaks in 8661 regions of interest ... OK: 49 found.
50
Detecting mass traces at 17 ppm ... OK
Detecting chromatographic peaks in 2612 regions of interest ... OK: 39 found.
51
Detecting mass traces at 17 ppm ... OK
Detecting chromatographic peaks in 8661 regions of interest ... OK: 63 found.
52
Detecting mass traces at 17 ppm ... OK
Detecting chromatographic peaks in 2612 regions of interest ... OK: 55 found.
53
Detecting mass traces at 32 ppm ... OK
Detecting chromatographic peaks in 12031 regions of interest ... OK: 59 found.
54
Detecting mass traces at 32 ppm ... OK
Detecting chromatographic peaks in 3595 regions of interest ... OK: 43 found.
55
Detecting mass traces at 32 ppm ... OK
Detecting chromatographic peaks in 12031 regions of interest ... OK: 74 found.
56
Detecting mass traces at 32 ppm ... OK
Detecting chromatographic peaks in 3595 regions of interest ... OK: 59 found.
57
Detecting mass traces at 17 ppm ... OK
Detecting chromatographic peaks in 8661 regions of interest ... OK: 49 found.
58
Detecting mass traces at 17 ppm ... OK
Detecting chromatographic peaks in 2612 regions of interest ... OK: 39 found.
59
Detecting mass traces at 17 ppm ... OK
Detecting chromatographic peaks in 8661 regions of interest ... OK: 61 found.
60
Detecting mass traces at 17 ppm ... OK
Detecting chromatographic peaks in 2612 regions of interest ... OK: 55 found.
61
Detecting mass traces at 32 ppm ... OK
Detecting chromatographic peaks in 12031 regions of interest ... OK: 59 found.
62
Detecting mass traces at 32 ppm ... OK
Detecting chromatographic peaks in 3595 regions of interest ... OK: 43 found.
63
Detecting mass traces at 32 ppm ... OK
Detecting chromatographic peaks in 12031 regions of interest ... OK: 72 found.
64
Detecting mass traces at 32 ppm ... OK
Detecting chromatographic peaks in 3595 regions of interest ... OK: 59 found.
65
Detecting mass traces at 24.5 ppm ... OK
Detecting chromatographic peaks in 8365 regions of interest ... OK: 71 found.
66
Detecting mass traces at 24.5 ppm ... OK
Detecting chromatographic peaks in 10540 regions of interest ... OK: 61 found.
67
Detecting mass traces at 24.5 ppm ... OK
Detecting chromatographic peaks in 3170 regions of interest ... OK: 49 found.
68
Detecting mass traces at 24.5 ppm ... OK
Detecting chromatographic peaks in 8365 regions of interest ... OK: 57 found.
69
Detecting mass traces at 24.5 ppm ... OK
Detecting chromatographic peaks in 8365 regions of interest ... OK: 81 found.
70
Detecting mass traces at 17 ppm ... OK
Detecting chromatographic peaks in 7017 regions of interest ... OK: 63 found.
71
Detecting mass traces at 32 ppm ... OK
Detecting chromatographic peaks in 9320 regions of interest ... OK: 73 found.
72
Detecting mass traces at 24.5 ppm ... OK
Detecting chromatographic peaks in 8365 regions of interest ... OK: 72 found.
73
Detecting mass traces at 24.5 ppm ... OK
Detecting chromatographic peaks in 8365 regions of interest ... OK: 71 found.
74
Detecting mass traces at 24.5 ppm ... OK
Detecting chromatographic peaks in 8365 regions of interest ... OK: 71 found.
75
Detecting mass traces at 24.5 ppm ... OK
Detecting chromatographic peaks in 8365 regions of interest ... OK: 71 found.
76
Detecting mass traces at 24.5 ppm ... OK
Detecting chromatographic peaks in 8365 regions of interest ... OK: 71 found.
77
Detecting mass traces at 24.5 ppm ... OK
Detecting chromatographic peaks in 8365 regions of interest ... OK: 71 found.
78
Detecting mass traces at 24.5 ppm ... OK
Detecting chromatographic peaks in 8365 regions of interest ... OK: 71 found.
Detecting mass traces at 32 ppm ... OK
Detecting chromatographic peaks in 3595 regions of interest ... OK: 59 found.
Error in resultIncreased(history) : 
  No isotopes have been detected, peak picking not optimizable by IPO!
Calls: optimizeXcmsSet -> resultIncreased
In addition: There were 50 or more warnings (use warnings() to see the first 50)
Execution halted
