center sample:  Volunteer4_RBC_24h_NEG 
Processing: Volunteer1_RBC_1h_NEG  Volunteer2_RBC_24h_NEG  Volunteer4_RBC_0h_NEG  Volunteer3_RBC_0h_NEG  
center sample:  Volunteer4_RBC_24h_NEG 
Processing: Volunteer1_RBC_1h_NEG  Volunteer2_RBC_24h_NEG  Volunteer4_RBC_0h_NEG  Volunteer3_RBC_0h_NEG  
center sample:  Volunteer4_RBC_24h_NEG 
Processing: Volunteer1_RBC_1h_NEG  Volunteer2_RBC_24h_NEG  Volunteer4_RBC_0h_NEG  Volunteer3_RBC_0h_NEG  
center sample:  Volunteer4_RBC_24h_NEG 
Processing: Volunteer1_RBC_1h_NEG  Volunteer2_RBC_24h_NEG  Volunteer4_RBC_0h_NEG  Volunteer3_RBC_0h_NEG  
center sample:  Volunteer4_RBC_24h_NEG 
Processing: Volunteer1_RBC_1h_NEG  Volunteer2_RBC_24h_NEG  Volunteer4_RBC_0h_NEG  Volunteer3_RBC_0h_NEG  
center sample:  Volunteer4_RBC_24h_NEG 
Processing: Volunteer1_RBC_1h_NEG  Volunteer2_RBC_24h_NEG  Volunteer4_RBC_0h_NEG  Volunteer3_RBC_0h_NEG  
center sample:  Volunteer4_RBC_24h_NEG 
Processing: Volunteer1_RBC_1h_NEG  Volunteer2_RBC_24h_NEG  Volunteer4_RBC_0h_NEG  Volunteer3_RBC_0h_NEG  
center sample:  Volunteer4_RBC_24h_NEG 
Processing: Volunteer1_RBC_1h_NEG  Volunteer2_RBC_24h_NEG  Volunteer4_RBC_0h_NEG  Volunteer3_RBC_0h_NEG  
center sample:  Volunteer4_RBC_24h_NEG 
Processing: Volunteer1_RBC_1h_NEG  Volunteer2_RBC_24h_NEG  Volunteer4_RBC_0h_NEG  Volunteer3_RBC_0h_NEG  
center sample:  Volunteer4_RBC_24h_NEG 
Processing: Volunteer1_RBC_1h_NEG  Volunteer2_RBC_24h_NEG  Volunteer4_RBC_0h_NEG  Volunteer3_RBC_0h_NEG  
center sample:  Volunteer4_RBC_24h_NEG 
Processing: Volunteer1_RBC_1h_NEG  Volunteer2_RBC_24h_NEG  Volunteer4_RBC_0h_NEG  Volunteer3_RBC_0h_NEG  
center sample:  Volunteer4_RBC_24h_NEG 
Processing: Volunteer1_RBC_1h_NEG  Volunteer2_RBC_24h_NEG  Volunteer4_RBC_0h_NEG  Volunteer3_RBC_0h_NEG  
center sample:  Volunteer4_RBC_24h_NEG 
Processing: Volunteer1_RBC_1h_NEG  Volunteer2_RBC_24h_NEG  Volunteer4_RBC_0h_NEG  Volunteer3_RBC_0h_NEG  
center sample:  Volunteer4_RBC_24h_NEG 
Processing: Volunteer1_RBC_1h_NEG  Volunteer2_RBC_24h_NEG  Volunteer4_RBC_0h_NEG  Volunteer3_RBC_0h_NEG  
center sample:  Volunteer4_RBC_24h_NEG 
Processing: Volunteer1_RBC_1h_NEG  Volunteer2_RBC_24h_NEG  Volunteer4_RBC_0h_NEG  Volunteer3_RBC_0h_NEG  
center sample:  Volunteer4_RBC_24h_NEG 
Processing: Volunteer1_RBC_1h_NEG  Volunteer2_RBC_24h_NEG  Volunteer4_RBC_0h_NEG  Volunteer3_RBC_0h_NEG  
center sample:  Volunteer4_RBC_24h_NEG 
Processing: Volunteer1_RBC_1h_NEG  Volunteer2_RBC_24h_NEG  Volunteer4_RBC_0h_NEG  Volunteer3_RBC_0h_NEG  
center sample:  Volunteer4_RBC_24h_NEG 
Processing: Volunteer1_RBC_1h_NEG  Volunteer2_RBC_24h_NEG  Volunteer4_RBC_0h_NEG  Volunteer3_RBC_0h_NEG  
center sample:  Volunteer4_RBC_24h_NEG 
Processing: Volunteer1_RBC_1h_NEG  Volunteer2_RBC_24h_NEG  Volunteer4_RBC_0h_NEG  Volunteer3_RBC_0h_NEG  
center sample:  Volunteer4_RBC_24h_NEG 
Processing: Volunteer1_RBC_1h_NEG  Volunteer2_RBC_24h_NEG  Volunteer4_RBC_0h_NEG  Volunteer3_RBC_0h_NEG  
center sample:  Volunteer4_RBC_24h_NEG 
Processing: Volunteer1_RBC_1h_NEG  Volunteer2_RBC_24h_NEG  Volunteer4_RBC_0h_NEG  Volunteer3_RBC_0h_NEG  
center sample:  Volunteer4_RBC_24h_NEG 
Processing: Volunteer1_RBC_1h_NEG  Volunteer2_RBC_24h_NEG  Volunteer4_RBC_0h_NEG  Volunteer3_RBC_0h_NEG  
center sample:  Volunteer4_RBC_24h_NEG 
Processing: Volunteer1_RBC_1h_NEG  Volunteer2_RBC_24h_NEG  Volunteer4_RBC_0h_NEG  Volunteer3_RBC_0h_NEG  
center sample:  Volunteer4_RBC_24h_NEG 
Processing: Volunteer1_RBC_1h_NEG  Volunteer2_RBC_24h_NEG  Volunteer4_RBC_0h_NEG  Volunteer3_RBC_0h_NEG  
center sample:  Volunteer4_RBC_24h_NEG 
Processing: Volunteer1_RBC_1h_NEG  Volunteer2_RBC_24h_NEG  Volunteer4_RBC_0h_NEG  Volunteer3_RBC_0h_NEG  
center sample:  Volunteer4_RBC_24h_NEG 
Processing: Volunteer1_RBC_1h_NEG  Volunteer2_RBC_24h_NEG  Volunteer4_RBC_0h_NEG  Volunteer3_RBC_0h_NEG  
center sample:  Volunteer4_RBC_24h_NEG 
Processing: Volunteer1_RBC_1h_NEG  Volunteer2_RBC_24h_NEG  Volunteer4_RBC_0h_NEG  Volunteer3_RBC_0h_NEG  
center sample:  Volunteer4_RBC_24h_NEG 
Processing: Volunteer1_RBC_1h_NEG  Volunteer2_RBC_24h_NEG  Volunteer4_RBC_0h_NEG  Volunteer3_RBC_0h_NEG  
center sample:  Volunteer4_RBC_24h_NEG 
Processing: Volunteer1_RBC_1h_NEG  Volunteer2_RBC_24h_NEG  Volunteer4_RBC_0h_NEG  Volunteer3_RBC_0h_NEG  
center sample:  Volunteer4_RBC_24h_NEG 
Processing: Volunteer1_RBC_1h_NEG  Volunteer2_RBC_24h_NEG  Volunteer4_RBC_0h_NEG  Volunteer3_RBC_0h_NEG  
center sample:  Volunteer4_RBC_24h_NEG 
Processing: Volunteer1_RBC_1h_NEG  Volunteer2_RBC_24h_NEG  Volunteer4_RBC_0h_NEG  Volunteer3_RBC_0h_NEG  
center sample:  Volunteer4_RBC_24h_NEG 
Processing: Volunteer1_RBC_1h_NEG  Volunteer2_RBC_24h_NEG  Volunteer4_RBC_0h_NEG  Volunteer3_RBC_0h_NEG  
center sample:  Volunteer4_RBC_24h_NEG 
Processing: Volunteer1_RBC_1h_NEG  Volunteer2_RBC_24h_NEG  Volunteer4_RBC_0h_NEG  Volunteer3_RBC_0h_NEG  
center sample:  Volunteer4_RBC_24h_NEG 
Processing: Volunteer1_RBC_1h_NEG  Volunteer2_RBC_24h_NEG  Volunteer4_RBC_0h_NEG  Volunteer3_RBC_0h_NEG  
center sample:  Volunteer4_RBC_24h_NEG 
Processing: Volunteer1_RBC_1h_NEG  Volunteer2_RBC_24h_NEG  Volunteer4_RBC_0h_NEG  Volunteer3_RBC_0h_NEG  
center sample:  Volunteer4_RBC_24h_NEG 
Processing: Volunteer1_RBC_1h_NEG  Volunteer2_RBC_24h_NEG  Volunteer4_RBC_0h_NEG  Volunteer3_RBC_0h_NEG  
center sample:  Volunteer4_RBC_24h_NEG 
Processing: Volunteer1_RBC_1h_NEG  Volunteer2_RBC_24h_NEG  Volunteer4_RBC_0h_NEG  Volunteer3_RBC_0h_NEG  
center sample:  Volunteer4_RBC_24h_NEG 
Processing: Volunteer1_RBC_1h_NEG  Volunteer2_RBC_24h_NEG  Volunteer4_RBC_0h_NEG  Volunteer3_RBC_0h_NEG  
center sample:  Volunteer4_RBC_24h_NEG 
Processing: Volunteer1_RBC_1h_NEG  Volunteer2_RBC_24h_NEG  Volunteer4_RBC_0h_NEG  Volunteer3_RBC_0h_NEG  
center sample:  Volunteer4_RBC_24h_NEG 
Processing: Volunteer1_RBC_1h_NEG  Volunteer2_RBC_24h_NEG  Volunteer4_RBC_0h_NEG  Volunteer3_RBC_0h_NEG  
center sample:  Volunteer4_RBC_24h_NEG 
Processing: Volunteer1_RBC_1h_NEG  Volunteer2_RBC_24h_NEG  Volunteer4_RBC_0h_NEG  Volunteer3_RBC_0h_NEG  
center sample:  Volunteer4_RBC_24h_NEG 
Processing: Volunteer1_RBC_1h_NEG  Volunteer2_RBC_24h_NEG  Volunteer4_RBC_0h_NEG  Volunteer3_RBC_0h_NEG  
center sample:  Volunteer4_RBC_24h_NEG 
Processing: Volunteer1_RBC_1h_NEG  Volunteer2_RBC_24h_NEG  Volunteer4_RBC_0h_NEG  Volunteer3_RBC_0h_NEG  
center sample:  Volunteer4_RBC_24h_NEG 
Processing: Volunteer1_RBC_1h_NEG  Volunteer2_RBC_24h_NEG  Volunteer4_RBC_0h_NEG  Volunteer3_RBC_0h_NEG  
center sample:  Volunteer4_RBC_24h_NEG 
Processing: Volunteer1_RBC_1h_NEG  Volunteer2_RBC_24h_NEG  Volunteer4_RBC_0h_NEG  Volunteer3_RBC_0h_NEG  
center sample:  Volunteer4_RBC_24h_NEG 
Processing: Volunteer1_RBC_1h_NEG  Volunteer2_RBC_24h_NEG  Volunteer4_RBC_0h_NEG  Volunteer3_RBC_0h_NEG  
center sample:  Volunteer4_RBC_24h_NEG 
Processing: Volunteer1_RBC_1h_NEG  Volunteer2_RBC_24h_NEG  Volunteer4_RBC_0h_NEG  Volunteer3_RBC_0h_NEG  
center sample:  Volunteer4_RBC_24h_NEG 
Processing: Volunteer1_RBC_1h_NEG  Volunteer2_RBC_24h_NEG  Volunteer4_RBC_0h_NEG  Volunteer3_RBC_0h_NEG  
center sample:  Volunteer4_RBC_24h_NEG 
Processing: Volunteer1_RBC_1h_NEG  Volunteer2_RBC_24h_NEG  Volunteer4_RBC_0h_NEG  Volunteer3_RBC_0h_NEG  
center sample:  Volunteer4_RBC_24h_NEG 
Processing: Volunteer1_RBC_1h_NEG  Volunteer2_RBC_24h_NEG  Volunteer4_RBC_0h_NEG  Volunteer3_RBC_0h_NEG  
center sample:  Volunteer4_RBC_24h_NEG 
Processing: Volunteer1_RBC_1h_NEG  Volunteer2_RBC_24h_NEG  Volunteer4_RBC_0h_NEG  Volunteer3_RBC_0h_NEG  
center sample:  Volunteer4_RBC_24h_NEG 
Processing: Volunteer1_RBC_1h_NEG  Volunteer2_RBC_24h_NEG  Volunteer4_RBC_0h_NEG  Volunteer3_RBC_0h_NEG  
center sample:  Volunteer4_RBC_24h_NEG 
Processing: Volunteer1_RBC_1h_NEG  Volunteer2_RBC_24h_NEG  Volunteer4_RBC_0h_NEG  Volunteer3_RBC_0h_NEG  
center sample:  Volunteer4_RBC_24h_NEG 
Processing: Volunteer1_RBC_1h_NEG  Volunteer2_RBC_24h_NEG  Volunteer4_RBC_0h_NEG  Volunteer3_RBC_0h_NEG  
center sample:  Volunteer4_RBC_24h_NEG 
Processing: Volunteer1_RBC_1h_NEG  Volunteer2_RBC_24h_NEG  Volunteer4_RBC_0h_NEG  Volunteer3_RBC_0h_NEG  
center sample:  Volunteer4_RBC_24h_NEG 
Processing: Volunteer1_RBC_1h_NEG  Volunteer2_RBC_24h_NEG  Volunteer4_RBC_0h_NEG  Volunteer3_RBC_0h_NEG  
center sample:  Volunteer4_RBC_24h_NEG 
Processing: Volunteer1_RBC_1h_NEG  Volunteer2_RBC_24h_NEG  Volunteer4_RBC_0h_NEG  Volunteer3_RBC_0h_NEG  
center sample:  Volunteer4_RBC_24h_NEG 
Processing: Volunteer1_RBC_1h_NEG  Volunteer2_RBC_24h_NEG  Volunteer4_RBC_0h_NEG  Volunteer3_RBC_0h_NEG  
center sample:  Volunteer4_RBC_24h_NEG 
Processing: Volunteer1_RBC_1h_NEG  Volunteer2_RBC_24h_NEG  Volunteer4_RBC_0h_NEG  Volunteer3_RBC_0h_NEG  
center sample:  Volunteer4_RBC_24h_NEG 
Processing: Volunteer1_RBC_1h_NEG  Volunteer2_RBC_24h_NEG  Volunteer4_RBC_0h_NEG  Volunteer3_RBC_0h_NEG  
center sample:  Volunteer4_RBC_24h_NEG 
Processing: Volunteer1_RBC_1h_NEG  Volunteer2_RBC_24h_NEG  Volunteer4_RBC_0h_NEG  Volunteer3_RBC_0h_NEG  
center sample:  Volunteer4_RBC_24h_NEG 
Processing: Volunteer1_RBC_1h_NEG  Volunteer2_RBC_24h_NEG  Volunteer4_RBC_0h_NEG  Volunteer3_RBC_0h_NEG  
center sample:  Volunteer4_RBC_24h_NEG 
Processing: Volunteer1_RBC_1h_NEG  Volunteer2_RBC_24h_NEG  Volunteer4_RBC_0h_NEG  Volunteer3_RBC_0h_NEG  
center sample:  Volunteer4_RBC_24h_NEG 
Processing: Volunteer1_RBC_1h_NEG  Volunteer2_RBC_24h_NEG  Volunteer4_RBC_0h_NEG  Volunteer3_RBC_0h_NEG  
center sample:  Volunteer4_RBC_24h_NEG 
Processing: Volunteer1_RBC_1h_NEG  Volunteer2_RBC_24h_NEG  Volunteer4_RBC_0h_NEG  Volunteer3_RBC_0h_NEG  
center sample:  Volunteer4_RBC_24h_NEG 
Processing: Volunteer1_RBC_1h_NEG  Volunteer2_RBC_24h_NEG  Volunteer4_RBC_0h_NEG  Volunteer3_RBC_0h_NEG  
center sample:  Volunteer4_RBC_24h_NEG 
Processing: Volunteer1_RBC_1h_NEG  Volunteer2_RBC_24h_NEG  Volunteer4_RBC_0h_NEG  Volunteer3_RBC_0h_NEG  
center sample:  Volunteer4_RBC_24h_NEG 
Processing: Volunteer1_RBC_1h_NEG  Volunteer2_RBC_24h_NEG  Volunteer4_RBC_0h_NEG  Volunteer3_RBC_0h_NEG  
center sample:  Volunteer4_RBC_24h_NEG 
Processing: Volunteer1_RBC_1h_NEG  Volunteer2_RBC_24h_NEG  Volunteer4_RBC_0h_NEG  Volunteer3_RBC_0h_NEG  
hromatographic peaks in 19828 regions of interest ... OK: 8974 found.
8
Detecting mass traces at 20 ppm ... OK
Detecting chromatographic peaks in 19828 regions of interest ... OK: 8868 found.
9
Detecting mass traces at 5 ppm ... OK
Detecting chromatographic peaks in 15401 regions of interest ... OK: 6381 found.
10
Detecting mass traces at 5 ppm ... OK
Detecting chromatographic peaks in 15401 regions of interest ... OK: 4944 found.
11
Detecting mass traces at 5 ppm ... OK
Detecting chromatographic peaks in 15401 regions of interest ... OK: 6413 found.
12
Detecting mass traces at 5 ppm ... OK
Detecting chromatographic peaks in 15401 regions of interest ... OK: 6286 found.
13
Detecting mass traces at 20 ppm ... OK
Detecting chromatographic peaks in 19828 regions of interest ... OK: 7857 found.
14
Detecting mass traces at 20 ppm ... OK
Detecting chromatographic peaks in 19828 regions of interest ... OK: 6343 found.
15
Detecting mass traces at 20 ppm ... OK
Detecting chromatographic peaks in 19828 regions of interest ... OK: 7894 found.
16
Detecting mass traces at 20 ppm ... OK
Detecting chromatographic peaks in 19828 regions of interest ... OK: 7736 found.
17
Detecting mass traces at 12.5 ppm ... OK
Detecting chromatographic peaks in 19390 regions of interest ... OK: 8015 found.
18
Detecting mass traces at 12.5 ppm ... OK
Detecting chromatographic peaks in 19390 regions of interest ... OK: 8187 found.
19
Detecting mass traces at 12.5 ppm ... OK
Detecting chromatographic peaks in 19390 regions of interest ... OK: 8022 found.
20
Detecting mass traces at 12.5 ppm ... OK
Detecting chromatographic peaks in 19390 regions of interest ... OK: 7927 found.
21
Detecting mass traces at 12.5 ppm ... OK
Detecting chromatographic peaks in 19390 regions of interest ... OK: 8080 found.
22
Detecting mass traces at 5 ppm ... OK
Detecting chromatographic peaks in 15401 regions of interest ... OK: 6539 found.
23
Detecting mass traces at 20 ppm ... OK
Detecting chromatographic peaks in 19828 regions of interest ... OK: 8176 found.
24
Detecting mass traces at 12.5 ppm ... OK
Detecting chromatographic peaks in 19390 regions of interest ... OK: 8710 found.
25
Detecting mass traces at 12.5 ppm ... OK
Detecting chromatographic peaks in 19390 regions of interest ... OK: 7613 found.
26
Detecting mass traces at 12.5 ppm ... OK
Detecting chromatographic peaks in 19390 regions of interest ... OK: 8015 found.
Detecting mass traces at 13.25 ppm ... OK
Detecting chromatographic peaks in 19487 regions of interest ... OK: 8033 found.



starting new DoE with:
min_peakwidth: c(33.6, 49.6)
max_peakwidth: c(80, 110)
ppm: c(7.25, 19.25)
mzdiff: c(0.002278, 0.00791)
snthresh: 10
noise: 500
prefilter: 3
value_of_prefilter: 500
mzCenterFun: wMean
integrate: 2
fitgauss: FALSE
verbose.columns: TRUE

1
Detecting mass traces at 7.25 ppm ... OK
Detecting chromatographic peaks in 17243 regions of interest ... OK: 7722 found.
2
Detecting mass traces at 7.25 ppm ... OK
Detecting chromatographic peaks in 10266 regions of interest ... OK: 4641 found.
3
Detecting mass traces at 7.25 ppm ... OK
Detecting chromatographic peaks in 17243 regions of interest ... OK: 7842 found.
4
Detecting mass traces at 7.25 ppm ... OK
Detecting chromatographic peaks in 10266 regions of interest ... OK: 4699 found.
5
Detecting mass traces at 19.25 ppm ... OK
Detecting chromatographic peaks in 19830 regions of interest ... OK: 8514 found.
6
Detecting mass traces at 19.25 ppm ... OK
Detecting chromatographic peaks in 12912 regions of interest ... OK: 5455 found.
7
Detecting mass traces at 19.25 ppm ... OK
Detecting chromatographic peaks in 19830 regions of interest ... OK: 8600 found.
8
Detecting mass traces at 19.25 ppm ... OK
Detecting chromatographic peaks in 12912 regions of interest ... OK: 5519 found.
9
Detecting mass traces at 7.25 ppm ... OK
Detecting chromatographic peaks in 17243 regions of interest ... OK: 7133 found.
10
Detecting mass traces at 7.25 ppm ... OK
Detecting chromatographic peaks in 10266 regions of interest ... OK: 4376 found.
11
Detecting mass traces at 7.25 ppm ... OK
Detecting chromatographic peaks in 17243 regions of interest ... OK: 7211 found.
12
Detecting mass traces at 7.25 ppm ... OK
Detecting chromatographic peaks in 10266 regions of interest ... OK: 4420 found.
13
Detecting mass traces at 19.25 ppm ... OK
Detecting chromatographic peaks in 19830 regions of interest ... OK: 7740 found.
14
Detecting mass traces at 19.25 ppm ... OK
Detecting chromatographic peaks in 12912 regions of interest ... OK: 5011 found.
15
Detecting mass traces at 19.25 ppm ... OK
Detecting chromatographic peaks in 19830 regions of interest ... OK: 7800 found.
16
Detecting mass traces at 19.25 ppm ... OK
Detecting chromatographic peaks in 12912 regions of interest ... OK: 5062 found.
17
Detecting mass traces at 13.25 ppm ... OK
Detecting chromatographic peaks in 19487 regions of interest ... OK: 8033 found.
18
Detecting mass traces at 13.25 ppm ... OK
Detecting chromatographic peaks in 19487 regions of interest ... OK: 8079 found.
19
Detecting mass traces at 13.25 ppm ... OK
Detecting chromatographic peaks in 12279 regions of interest ... OK: 5047 found.
20
Detecting mass traces at 13.25 ppm ... OK
Detecting chromatographic peaks in 19487 regions of interest ... OK: 8011 found.
21
Detecting mass traces at 13.25 ppm ... OK
Detecting chromatographic peaks in 19487 regions of interest ... OK: 8066 found.
22
Detecting mass traces at 7.25 ppm ... OK
Detecting chromatographic peaks in 17243 regions of interest ... OK: 7412 found.
23
Detecting mass traces at 19.25 ppm ... OK
Detecting chromatographic peaks in 19830 regions of interest ... OK: 8045 found.
24
Detecting mass traces at 13.25 ppm ... OK
Detecting chromatographic peaks in 19487 regions of interest ... OK: 8517 found.
25
Detecting mass traces at 13.25 ppm ... OK
Detecting chromatographic peaks in 19487 regions of interest ... OK: 7670 found.
26
Detecting mass traces at 13.25 ppm ... OK
Detecting chromatographic peaks in 19487 regions of interest ... OK: 8033 found.
Detecting mass traces at 12.05 ppm ... OK
Detecting chromatographic peaks in 19175 regions of interest ... OK: 7591 found.
no increase, stopping
best parameter settings:
min_peakwidth: 39.2
max_peakwidth: 80
ppm: 12.05
mzdiff: 0.00791
snthresh: 10
noise: 500
prefilter: 3
value_of_prefilter: 500
mzCenterFun: wMean
integrate: 2
fitgauss: FALSE
verbose.columns: TRUE

There were 50 or more warnings (use warnings() to see the first 50)
Detecting mass traces at 12.05 ppm ... OK
Detecting chromatographic peaks in 19865 regions of interest ... OK: 7474 found.
Detecting mass traces at 12.05 ppm ... OK
Detecting chromatographic peaks in 19554 regions of interest ... OK: 7354 found.
Detecting mass traces at 12.05 ppm ... OK
Detecting chromatographic peaks in 19805 regions of interest ... OK: 7458 found.
Detecting mass traces at 12.05 ppm ... OK
Detecting chromatographic peaks in 19657 regions of interest ... OK: 7220 found.
Detecting mass traces at 12.05 ppm ... OK
Detecting chromatographic peaks in 19450 regions of interest ... OK: 7211 found.
Warning messages:
1: In .local(object, ...) :
  It looks like this file is in profile mode. centWave can process only centroid mode data !

2: In .local(object, ...) :
  It looks like this file is in profile mode. centWave can process only centroid mode data !

3: In .local(object, ...) :
  It looks like this file is in profile mode. centWave can process only centroid mode data !

4: In .local(object, ...) :
  It looks like this file is in profile mode. centWave can process only centroid mode data !

5: In .local(object, ...) :
  It looks like this file is in profile mode. centWave can process only centroid mode data !




starting new DoE with:

distFunc: cor_opt
gapInit: c(0, 0.4)
gapExtend: c(2.1, 2.7)
profStep: c(0.7, 1)
plottype: none
response: 1
factorDiag: 2
factorGap: 1
localAlignment: 0
retcorMethod: obiwarp
bw: c(22, 38)
minfrac: 0.05
mzwid: c(0.015, 0.035)
minsamp: 1
max: 50
center: 1

Create profile matrix with method 'bin' and step 0.7 ... OK
Create profile matrix with method 'bin' and step 0.7 ... OK
Create profile matrix with method 'bin' and step 0.7 ... OK
Create profile matrix with method 'bin' and step 0.7 ... OK
Create profile matrix with method 'bin' and step 0.7 ... OK
Create profile matrix with method 'bin' and step 0.7 ... OK
Create profile matrix with method 'bin' and step 0.7 ... OK
Create profile matrix with method 'bin' and step 0.7 ... OK
Processing 119950 mz slices ... OK
Create profile matrix with method 'bin' and step 0.7 ... OK
Create profile matrix with method 'bin' and step 0.7 ... OK
Create profile matrix with method 'bin' and step 0.7 ... OK
Create profile matrix with method 'bin' and step 0.7 ... OK
Create profile matrix with method 'bin' and step 0.7 ... OK
Create profile matrix with method 'bin' and step 0.7 ... OK
Create profile matrix with method 'bin' and step 0.7 ... OK
Create profile matrix with method 'bin' and step 0.7 ... OK
Processing 119950 mz slices ... OK
Create profile matrix with method 'bin' and step 0.7 ... OK
Create profile matrix with method 'bin' and step 0.7 ... OK
Create profile matrix with method 'bin' and step 0.7 ... OK
Create profile matrix with method 'bin' and step 0.7 ... OK
Create profile matrix with method 'bin' and step 0.7 ... OK
Create profile matrix with method 'bin' and step 0.7 ... OK
Create profile matrix with method 'bin' and step 0.7 ... OK
Create profile matrix with method 'bin' and step 0.7 ... OK
Processing 119950 mz slices ... OK
Create profile matrix with method 'bin' and step 0.7 ... OK
Create profile matrix with method 'bin' and step 0.7 ... OK
Create profile matrix with method 'bin' and step 0.7 ... OK
Create profile matrix with method 'bin' and step 0.7 ... OK
Create profile matrix with method 'bin' and step 0.7 ... OK
Create profile matrix with method 'bin' and step 0.7 ... OK
Create profile matrix with method 'bin' and step 0.7 ... OK
Create profile matrix with method 'bin' and step 0.7 ... OK
Processing 119950 mz slices ... OK
Create profile matrix with method 'bin' and step 1 ... OK
Create profile matrix with method 'bin' and step 1 ... OK
Create profile matrix with method 'bin' and step 1 ... OK
Create profile matrix with method 'bin' and step 1 ... OK
Create profile matrix with method 'bin' and step 1 ... OK
Processing 119950 mz slices ... OK
Create profile matrix with method 'bin' and step 1 ... OK
Create profile matrix with method 'bin' and step 1 ... OK
Create profile matrix with method 'bin' and step 1 ... OK
Create profile matrix with method 'bin' and step 1 ... OK
Create profile matrix with method 'bin' and step 1 ... OK
Processing 119950 mz slices ... OK
Create profile matrix with method 'bin' and step 1 ... OK
Create profile matrix with method 'bin' and step 1 ... OK
Create profile matrix with method 'bin' and step 1 ... OK
Create profile matrix with method 'bin' and step 1 ... OK
Create profile matrix with method 'bin' and step 1 ... OK
Processing 119950 mz slices ... OK
Create profile matrix with method 'bin' and step 1 ... OK
Create profile matrix with method 'bin' and step 1 ... OK
Create profile matrix with method 'bin' and step 1 ... OK
Create profile matrix with method 'bin' and step 1 ... OK
Create profile matrix with method 'bin' and step 1 ... OK
Processing 119950 mz slices ... OK
Create profile matrix with method 'bin' and step 0.7 ... OK
Create profile matrix with method 'bin' and step 0.7 ... OK
Create profile matrix with method 'bin' and step 0.7 ... OK
Create profile matrix with method 'bin' and step 0.7 ... OK
Create profile matrix with method 'bin' and step 0.7 ... OK
Create profile matrix with method 'bin' and step 0.7 ... OK
Create profile matrix with method 'bin' and step 0.7 ... OK
Create profile matrix with method 'bin' and step 0.7 ... OK
Processing 119950 mz slices ... OK
Create profile matrix with method 'bin' and step 0.7 ... OK
Create profile matrix with method 'bin' and step 0.7 ... OK
Create profile matrix with method 'bin' and step 0.7 ... OK
Create profile matrix with method 'bin' and step 0.7 ... OK
Create profile matrix with method 'bin' and step 0.7 ... OK
Create profile matrix with method 'bin' and step 0.7 ... OK
Create profile matrix with method 'bin' and step 0.7 ... OK
Create profile matrix with method 'bin' and step 0.7 ... OK
Processing 119950 mz slices ... OK
Create profile matrix with method 'bin' and step 0.7 ... OK
Create profile matrix with method 'bin' and step 0.7 ... OK
Create profile matrix with method 'bin' and step 0.7 ... OK
Create profile matrix with method 'bin' and step 0.7 ... OK
Create profile matrix with method 'bin' and step 0.7 ... OK
Create profile matrix with method 'bin' and step 0.7 ... OK
Create profile matrix with method 'bin' and step 0.7 ... OK
Create profile matrix with method 'bin' and step 0.7 ... OK
Processing 119950 mz slices ... OK
Create profile matrix with method 'bin' and step 0.7 ... OK
Create profile matrix with method 'bin' and step 0.7 ... OK
Create profile matrix with method 'bin' and step 0.7 ... OK
Create profile matrix with method 'bin' and step 0.7 ... OK
Create profile matrix with method 'bin' and step 0.7 ... OK
Create profile matrix with method 'bin' and step 0.7 ... OK
Create profile matrix with method 'bin' and step 0.7 ... OK
Create profile matrix with method 'bin' and step 0.7 ... OK
Processing 119950 mz slices ... OK
Create profile matrix with method 'bin' and step 1 ... OK
Create profile matrix with method 'bin' and step 1 ... OK
Create profile matrix with method 'bin' and step 1 ... OK
Create profile matrix with method 'bin' and step 1 ... OK
Create profile matrix with method 'bin' and step 1 ... OK
Processing 119950 mz slices ... OK
Create profile matrix with method 'bin' and step 1 ... OK
Create profile matrix with method 'bin' and step 1 ... OK
Create profile matrix with method 'bin' and step 1 ... OK
Create profile matrix with method 'bin' and step 1 ... OK
Create profile matrix with method 'bin' and step 1 ... OK
Processing 119950 mz slices ... OK
Create profile matrix with method 'bin' and step 1 ... OK
Create profile matrix with method 'bin' and step 1 ... OK
Create profile matrix with method 'bin' and step 1 ... OK
Create profile matrix with method 'bin' and step 1 ... OK
Create profile matrix with method 'bin' and step 1 ... OK
Processing 119950 mz slices ... OK
Create profile matrix with method 'bin' and step 1 ... OK
Create profile matrix with method 'bin' and step 1 ... OK
Create profile matrix with method 'bin' and step 1 ... OK
Create profile matrix with method 'bin' and step 1 ... OK
Create profile matrix with method 'bin' and step 1 ... OK
Processing 119950 mz slices ... OK
Create profile matrix with method 'bin' and step 0.7 ... OK
Create profile matrix with method 'bin' and step 0.7 ... OK
Create profile matrix with method 'bin' and step 0.7 ... OK
Create profile matrix with method 'bin' and step 0.7 ... OK
Create profile matrix with method 'bin' and step 0.7 ... OK
Create profile matrix with method 'bin' and step 0.7 ... OK
Create profile matrix with method 'bin' and step 0.7 ... OK
Create profile matrix with method 'bin' and step 0.7 ... OK
Processing 51408 mz slices ... OK
Create profile matrix with method 'bin' and step 0.7 ... OK
Create profile matrix with method 'bin' and step 0.7 ... OK
Create profile matrix with method 'bin' and step 0.7 ... OK
Create profile matrix with method 'bin' and step 0.7 ... OK
Create profile matrix with method 'bin' and step 0.7 ... OK
Create profile matrix with method 'bin' and step 0.7 ... OK
Create profile matrix with method 'bin' and step 0.7 ... OK
Create profile matrix with method 'bin' and step 0.7 ... OK
Processing 51408 mz slices ... OK
Create profile matrix with method 'bin' and step 0.7 ... OK
Create profile matrix with method 'bin' and step 0.7 ... OK
Create profile matrix with method 'bin' and step 0.7 ... OK
Create profile matrix with method 'bin' and step 0.7 ... OK
Create profile matrix with method 'bin' and step 0.7 ... OK
Create profile matrix with method 'bin' and step 0.7 ... OK
Create profile matrix with method 'bin' and step 0.7 ... OK
Create profile matrix with method 'bin' and step 0.7 ... OK
Processing 51408 mz slices ... OK
Create profile matrix with method 'bin' and step 0.7 ... OK
Create profile matrix with method 'bin' and step 0.7 ... OK
Create profile matrix with method 'bin' and step 0.7 ... OK
Create profile matrix with method 'bin' and step 0.7 ... OK
Create profile matrix with method 'bin' and step 0.7 ... OK
Create profile matrix with method 'bin' and step 0.7 ... OK
Create profile matrix with method 'bin' and step 0.7 ... OK
Create profile matrix with method 'bin' and step 0.7 ... OK
Processing 51408 mz slices ... OK
Create profile matrix with method 'bin' and step 1 ... OK
Create profile matrix with method 'bin' and step 1 ... OK
Create profile matrix with method 'bin' and step 1 ... OK
Create profile matrix with method 'bin' and step 1 ... OK
Create profile matrix with method 'bin' and step 1 ... OK
Processing 51408 mz slices ... OK
Create profile matrix with method 'bin' and step 1 ... OK
Create profile matrix with method 'bin' and step 1 ... OK
Create profile matrix with method 'bin' and step 1 ... OK
Create profile matrix with method 'bin' and step 1 ... OK
Create profile matrix with method 'bin' and step 1 ... OK
Processing 51408 mz slices ... OK
Create profile matrix with method 'bin' and step 1 ... OK
Create profile matrix with method 'bin' and step 1 ... OK
Create profile matrix with method 'bin' and step 1 ... OK
Create profile matrix with method 'bin' and step 1 ... OK
Create profile matrix with method 'bin' and step 1 ... OK
Processing 51408 mz slices ... OK
Create profile matrix with method 'bin' and step 1 ... OK
Create profile matrix with method 'bin' and step 1 ... OK
Create profile matrix with method 'bin' and step 1 ... OK
Create profile matrix with method 'bin' and step 1 ... OK
Create profile matrix with method 'bin' and step 1 ... OK
Processing 51408 mz slices ... OK
Create profile matrix with method 'bin' and step 0.7 ... OK
Create profile matrix with method 'bin' and step 0.7 ... OK
Create profile matrix with method 'bin' and step 0.7 ... OK
Create profile matrix with method 'bin' and step 0.7 ... OK
Create profile matrix with method 'bin' and step 0.7 ... OK
Create profile matrix with method 'bin' and step 0.7 ... OK
Create profile matrix with method 'bin' and step 0.7 ... OK
Create profile matrix with method 'bin' and step 0.7 ... OK
Processing 51408 mz slices ... OK
Create profile matrix with method 'bin' and step 0.7 ... OK
Create profile matrix with method 'bin' and step 0.7 ... OK
Create profile matrix with method 'bin' and step 0.7 ... OK
Create profile matrix with method 'bin' and step 0.7 ... OK
Create profile matrix with method 'bin' and step 0.7 ... OK
Create profile matrix with method 'bin' and step 0.7 ... OK
Create profile matrix with method 'bin' and step 0.7 ... OK
Create profile matrix with method 'bin' and step 0.7 ... OK
Processing 51408 mz slices ... OK
Create profile matrix with method 'bin' and step 0.7 ... OK
Create profile matrix with method 'bin' and step 0.7 ... OK
Create profile matrix with method 'bin' and step 0.7 ... OK
Create profile matrix with method 'bin' and step 0.7 ... OK
Create profile matrix with method 'bin' and step 0.7 ... OK
Create profile matrix with method 'bin' and step 0.7 ... OK
Create profile matrix with method 'bin' and step 0.7 ... OK
Create profile matrix with method 'bin' and step 0.7 ... OK
Processing 51408 mz slices ... OK
Create profile matrix with method 'bin' and step 0.7 ... OK
Create profile matrix with method 'bin' and step 0.7 ... OK
Create profile matrix with method 'bin' and step 0.7 ... OK
Create profile matrix with method 'bin' and step 0.7 ... OK
Create profile matrix with method 'bin' and step 0.7 ... OK
Create profile matrix with method 'bin' and step 0.7 ... OK
Create profile matrix with method 'bin' and step 0.7 ... OK
Create profile matrix with method 'bin' and step 0.7 ... OK
Processing 51408 mz slices ... OK
Create profile matrix with method 'bin' and step 1 ... OK
Create profile matrix with method 'bin' and step 1 ... OK
Create profile matrix with method 'bin' and step 1 ... OK
Create profile matrix with method 'bin' and step 1 ... OK
Create profile matrix with method 'bin' and step 1 ... OK
Processing 51408 mz slices ... OK
Create profile matrix with method 'bin' and step 1 ... OK
Create profile matrix with method 'bin' and step 1 ... OK
Create profile matrix with method 'bin' and step 1 ... OK
Create profile matrix with method 'bin' and step 1 ... OK
Create profile matrix with method 'bin' and step 1 ... OK
Processing 51408 mz slices ... OK
Create profile matrix with method 'bin' and step 1 ... OK
Create profile matrix with method 'bin' and step 1 ... OK
Create profile matrix with method 'bin' and step 1 ... OK
Create profile matrix with method 'bin' and step 1 ... OK
Create profile matrix with method 'bin' and step 1 ... OK
Processing 51408 mz slices ... OK
Create profile matrix with method 'bin' and step 1 ... OK
Create profile matrix with method 'bin' and step 1 ... OK
Create profile matrix with method 'bin' and step 1 ... OK
Create profile matrix with method 'bin' and step 1 ... OK
Create profile matrix with method 'bin' and step 1 ... OK
Processing 51408 mz slices ... OK
Create profile matrix with method 'bin' and step 0.85 ... OK
Create profile matrix with method 'bin' and step 0.85 ... OK
Create profile matrix with method 'bin' and step 0.85 ... OK
Create profile matrix with method 'bin' and step 0.85 ... OK
Create profile matrix with method 'bin' and step 0.85 ... OK
Create profile matrix with method 'bin' and step 0.85 ... OK
Create profile matrix with method 'bin' and step 0.85 ... OK
Create profile matrix with method 'bin' and step 0.85 ... OK
Processing 71971 mz slices ... OK
Create profile matrix with method 'bin' and step 0.85 ... OK
Create profile matrix with method 'bin' and step 0.85 ... OK
Create profile matrix with method 'bin' and step 0.85 ... OK
Create profile matrix with method 'bin' and step 0.85 ... OK
Create profile matrix with method 'bin' and step 0.85 ... OK
Create profile matrix with method 'bin' and step 0.85 ... OK
Create profile matrix with method 'bin' and step 0.85 ... OK
Create profile matrix with method 'bin' and step 0.85 ... OK
Processing 71971 mz slices ... OK
Create profile matrix with method 'bin' and step 0.85 ... OK
Create profile matrix with method 'bin' and step 0.85 ... OK
Create profile matrix with method 'bin' and step 0.85 ... OK
Create profile matrix with method 'bin' and step 0.85 ... OK
Create profile matrix with method 'bin' and step 0.85 ... OK
Create profile matrix with method 'bin' and step 0.85 ... OK
Create profile matrix with method 'bin' and step 0.85 ... OK
Create profile matrix with method 'bin' and step 0.85 ... OK
Processing 71971 mz slices ... OK
Create profile matrix with method 'bin' and step 0.85 ... OK
Create profile matrix with method 'bin' and step 0.85 ... OK
Create profile matrix with method 'bin' and step 0.85 ... OK
Create profile matrix with method 'bin' and step 0.85 ... OK
Create profile matrix with method 'bin' and step 0.85 ... OK
Create profile matrix with method 'bin' and step 0.85 ... OK
Create profile matrix with method 'bin' and step 0.85 ... OK
Create profile matrix with method 'bin' and step 0.85 ... OK
Processing 71971 mz slices ... OK
Create profile matrix with method 'bin' and step 0.85 ... OK
Create profile matrix with method 'bin' and step 0.85 ... OK
Create profile matrix with method 'bin' and step 0.85 ... OK
Create profile matrix with method 'bin' and step 0.85 ... OK
Create profile matrix with method 'bin' and step 0.85 ... OK
Create profile matrix with method 'bin' and step 0.85 ... OK
Create profile matrix with method 'bin' and step 0.85 ... OK
Create profile matrix with method 'bin' and step 0.85 ... OK
Processing 71971 mz slices ... OK
Create profile matrix with method 'bin' and step 0.7 ... OK
Create profile matrix with method 'bin' and step 0.7 ... OK
Create profile matrix with method 'bin' and step 0.7 ... OK
Create profile matrix with method 'bin' and step 0.7 ... OK
Create profile matrix with method 'bin' and step 0.7 ... OK
Create profile matrix with method 'bin' and step 0.7 ... OK
Create profile matrix with method 'bin' and step 0.7 ... OK
Create profile matrix with method 'bin' and step 0.7 ... OK
Processing 71971 mz slices ... OK
Create profile matrix with method 'bin' and step 1 ... OK
Create profile matrix with method 'bin' and step 1 ... OK
Create profile matrix with method 'bin' and step 1 ... OK
Create profile matrix with method 'bin' and step 1 ... OK
Create profile matrix with method 'bin' and step 1 ... OK
Processing 71971 mz slices ... OK
Create profile matrix with method 'bin' and step 0.85 ... OK
Create profile matrix with method 'bin' and step 0.85 ... OK
Create profile matrix with method 'bin' and step 0.85 ... OK
Create profile matrix with method 'bin' and step 0.85 ... OK
Create profile matrix with method 'bin' and step 0.85 ... OK
Create profile matrix with method 'bin' and step 0.85 ... OK
Create profile matrix with method 'bin' and step 0.85 ... OK
Create profile matrix with method 'bin' and step 0.85 ... OK
Processing 71971 mz slices ... OK
Create profile matrix with method 'bin' and step 0.85 ... OK
Create profile matrix with method 'bin' and step 0.85 ... OK
Create profile matrix with method 'bin' and step 0.85 ... OK
Create profile matrix with method 'bin' and step 0.85 ... OK
Create profile matrix with method 'bin' and step 0.85 ... OK
Create profile matrix with method 'bin' and step 0.85 ... OK
Create profile matrix with method 'bin' and step 0.85 ... OK
Create profile matrix with method 'bin' and step 0.85 ... OK
Processing 71971 mz slices ... OK
Create profile matrix with method 'bin' and step 0.85 ... OK
Create profile matrix with method 'bin' and step 0.85 ... OK
Create profile matrix with method 'bin' and step 0.85 ... OK
Create profile matrix with method 'bin' and step 0.85 ... OK
Create profile matrix with method 'bin' and step 0.85 ... OK
Create profile matrix with method 'bin' and step 0.85 ... OK
Create profile matrix with method 'bin' and step 0.85 ... OK
Create profile matrix with method 'bin' and step 0.85 ... OK
Processing 119950 mz slices ... OK
Create profile matrix with method 'bin' and step 0.85 ... OK
Create profile matrix with method 'bin' and step 0.85 ... OK
Create profile matrix with method 'bin' and step 0.85 ... OK
Create profile matrix with method 'bin' and step 0.85 ... OK
Create profile matrix with method 'bin' and step 0.85 ... OK
Create profile matrix with method 'bin' and step 0.85 ... OK
Create profile matrix with method 'bin' and step 0.85 ... OK
Create profile matrix with method 'bin' and step 0.85 ... OK
Processing 51408 mz slices ... OK
Create profile matrix with method 'bin' and step 0.85 ... OK
Create profile matrix with method 'bin' and step 0.85 ... OK
Create profile matrix with method 'bin' and step 0.85 ... OK
Create profile matrix with method 'bin' and step 0.85 ... OK
Create profile matrix with method 'bin' and step 0.85 ... OK
Create profile matrix with method 'bin' and step 0.85 ... OK
Create profile matrix with method 'bin' and step 0.85 ... OK
Create profile matrix with method 'bin' and step 0.85 ... OK
Processing 71971 mz slices ... OK
Create profile matrix with method 'bin' and step 0.85 ... OK
Create profile matrix with method 'bin' and step 0.85 ... OK
Create profile matrix with method 'bin' and step 0.85 ... OK
Create profile matrix with method 'bin' and step 0.85 ... OK
Create profile matrix with method 'bin' and step 0.85 ... OK
Create profile matrix with method 'bin' and step 0.85 ... OK
Create profile matrix with method 'bin' and step 0.85 ... OK
Create profile matrix with method 'bin' and step 0.85 ... OK
Processing 119950 mz slices ... OK



starting new DoE with:

gapInit: c(0.16, 0.64)
gapExtend: c(2.16, 2.64)
profStep: c(0.73, 0.97)
bw: c(12.4, 31.6)
mzwid: c(0.003, 0.027)
distFunc: cor_opt
plottype: none
response: 1
factorDiag: 2
factorGap: 1
localAlignment: 0
retcorMethod: obiwarp
minfrac: 0.05
minsamp: 1
max: 50
center: 1

Create profile matrix with method 'bin' and step 0.73 ... OK
Create profile matrix with method 'bin' and step 0.73 ... OK
Create profile matrix with method 'bin' and step 0.73 ... OK
Create profile matrix with method 'bin' and step 0.73 ... OK
Create profile matrix with method 'bin' and step 0.73 ... OK
Create profile matrix with method 'bin' and step 0.73 ... OK
Create profile matrix with method 'bin' and step 0.73 ... OK
Create profile matrix with method 'bin' and step 0.73 ... OK
Processing 599745 mz slices ... OK
Create profile matrix with method 'bin' and step 0.73 ... OK
Create profile matrix with method 'bin' and step 0.73 ... OK
Create profile matrix with method 'bin' and step 0.73 ... OK
Create profile matrix with method 'bin' and step 0.73 ... OK
Create profile matrix with method 'bin' and step 0.73 ... OK
Create profile matrix with method 'bin' and step 0.73 ... OK
Create profile matrix with method 'bin' and step 0.73 ... OK
Create profile matrix with method 'bin' and step 0.73 ... OK
Processing 599745 mz slices ... OK
Create profile matrix with method 'bin' and step 0.73 ... OK
Create profile matrix with method 'bin' and step 0.73 ... OK
Create profile matrix with method 'bin' and step 0.73 ... OK
Create profile matrix with method 'bin' and step 0.73 ... OK
Create profile matrix with method 'bin' and step 0.73 ... OK
Create profile matrix with method 'bin' and step 0.73 ... OK
Create profile matrix with method 'bin' and step 0.73 ... OK
Create profile matrix with method 'bin' and step 0.73 ... OK
Processing 599745 mz slices ... OK
Create profile matrix with method 'bin' and step 0.73 ... OK
Create profile matrix with method 'bin' and step 0.73 ... OK
Create profile matrix with method 'bin' and step 0.73 ... OK
Create profile matrix with method 'bin' and step 0.73 ... OK
Create profile matrix with method 'bin' and step 0.73 ... OK
Create profile matrix with method 'bin' and step 0.73 ... OK
Create profile matrix with method 'bin' and step 0.73 ... OK
Create profile matrix with method 'bin' and step 0.73 ... OK
Processing 599745 mz slices ... OK
Create profile matrix with method 'bin' and step 0.97 ... OK
Create profile matrix with method 'bin' and step 0.97 ... OK
Create profile matrix with method 'bin' and step 0.97 ... OK
Create profile matrix with method 'bin' and step 0.97 ... OK
Create profile matrix with method 'bin' and step 0.97 ... OK
Create profile matrix with method 'bin' and step 0.97 ... OK
Create profile matrix with method 'bin' and step 0.97 ... OK
Create profile matrix with method 'bin' and step 0.97 ... OK
Processing 599745 mz slices ... OK
Create profile matrix with method 'bin' and step 0.97 ... OK
Create profile matrix with method 'bin' and step 0.97 ... OK
Create profile matrix with method 'bin' and step 0.97 ... OK
Create profile matrix with method 'bin' and step 0.97 ... OK
Create profile matrix with method 'bin' and step 0.97 ... OK
Create profile matrix with method 'bin' and step 0.97 ... OK
Create profile matrix with method 'bin' and step 0.97 ... OK
Create profile matrix with method 'bin' and step 0.97 ... OK
Processing 599745 mz slices ... OK
Create profile matrix with method 'bin' and step 0.97 ... OK
Create profile matrix with method 'bin' and step 0.97 ... OK
Create profile matrix with method 'bin' and step 0.97 ... OK
Create profile matrix with method 'bin' and step 0.97 ... OK
Create profile matrix with method 'bin' and step 0.97 ... OK
Create profile matrix with method 'bin' and step 0.97 ... OK
Create profile matrix with method 'bin' and step 0.97 ... OK
Create profile matrix with method 'bin' and step 0.97 ... OK
Processing 599745 mz slices ... OK
Create profile matrix with method 'bin' and step 0.97 ... OK
Create profile matrix with method 'bin' and step 0.97 ... OK
Create profile matrix with method 'bin' and step 0.97 ... OK
Create profile matrix with method 'bin' and step 0.97 ... OK
Create profile matrix with method 'bin' and step 0.97 ... OK
Create profile matrix with method 'bin' and step 0.97 ... OK
Create profile matrix with method 'bin' and step 0.97 ... OK
Create profile matrix with method 'bin' and step 0.97 ... OK
Processing 599745 mz slices ... OK
Create profile matrix with method 'bin' and step 0.73 ... OK
Create profile matrix with method 'bin' and step 0.73 ... OK
Create profile matrix with method 'bin' and step 0.73 ... OK
Create profile matrix with method 'bin' and step 0.73 ... OK
Create profile matrix with method 'bin' and step 0.73 ... OK
Create profile matrix with method 'bin' and step 0.73 ... OK
Create profile matrix with method 'bin' and step 0.73 ... OK
Create profile matrix with method 'bin' and step 0.73 ... OK
Processing 599745 mz slices ... OK
Create profile matrix with method 'bin' and step 0.73 ... OK
Create profile matrix with method 'bin' and step 0.73 ... OK
Create profile matrix with method 'bin' and step 0.73 ... OK
Create profile matrix with method 'bin' and step 0.73 ... OK
Create profile matrix with method 'bin' and step 0.73 ... OK
Create profile matrix with method 'bin' and step 0.73 ... OK
Create profile matrix with method 'bin' and step 0.73 ... OK
Create profile matrix with method 'bin' and step 0.73 ... OK
Processing 599745 mz slices ... OK
Create profile matrix with method 'bin' and step 0.73 ... OK
Create profile matrix with method 'bin' and step 0.73 ... OK
Create profile matrix with method 'bin' and step 0.73 ... OK
Create profile matrix with method 'bin' and step 0.73 ... OK
Create profile matrix with method 'bin' and step 0.73 ... OK
Create profile matrix with method 'bin' and step 0.73 ... OK
Create profile matrix with method 'bin' and step 0.73 ... OK
Create profile matrix with method 'bin' and step 0.73 ... OK
Processing 599745 mz slices ... OK
Create profile matrix with method 'bin' and step 0.73 ... OK
Create profile matrix with method 'bin' and step 0.73 ... OK
Create profile matrix with method 'bin' and step 0.73 ... OK
Create profile matrix with method 'bin' and step 0.73 ... OK
Create profile matrix with method 'bin' and step 0.73 ... OK
Create profile matrix with method 'bin' and step 0.73 ... OK
Create profile matrix with method 'bin' and step 0.73 ... OK
Create profile matrix with method 'bin' and step 0.73 ... OK
Processing 599745 mz slices ... OK
Create profile matrix with method 'bin' and step 0.97 ... OK
Create profile matrix with method 'bin' and step 0.97 ... OK
Create profile matrix with method 'bin' and step 0.97 ... OK
Create profile matrix with method 'bin' and step 0.97 ... OK
Create profile matrix with method 'bin' and step 0.97 ... OK
Create profile matrix with method 'bin' and step 0.97 ... OK
Create profile matrix with method 'bin' and step 0.97 ... OK
Create profile matrix with method 'bin' and step 0.97 ... OK
Processing 599745 mz slices ... OK
Create profile matrix with method 'bin' and step 0.97 ... OK
Create profile matrix with method 'bin' and step 0.97 ... OK
Create profile matrix with method 'bin' and step 0.97 ... OK
Create profile matrix with method 'bin' and step 0.97 ... OK
Create profile matrix with method 'bin' and step 0.97 ... OK
Create profile matrix with method 'bin' and step 0.97 ... OK
Create profile matrix with method 'bin' and step 0.97 ... OK
Create profile matrix with method 'bin' and step 0.97 ... OK
Processing 599745 mz slices ... OK
Create profile matrix with method 'bin' and step 0.97 ... OK
Create profile matrix with method 'bin' and step 0.97 ... OK
Create profile matrix with method 'bin' and step 0.97 ... OK
Create profile matrix with method 'bin' and step 0.97 ... OK
Create profile matrix with method 'bin' and step 0.97 ... OK
Create profile matrix with method 'bin' and step 0.97 ... OK
Create profile matrix with method 'bin' and step 0.97 ... OK
Create profile matrix with method 'bin' and step 0.97 ... OK
Processing 599745 mz slices ... OK
Create profile matrix with method 'bin' and step 0.97 ... OK
Create profile matrix with method 'bin' and step 0.97 ... OK
Create profile matrix with method 'bin' and step 0.97 ... OK
Create profile matrix with method 'bin' and step 0.97 ... OK
Create profile matrix with method 'bin' and step 0.97 ... OK
Create profile matrix with method 'bin' and step 0.97 ... OK
Create profile matrix with method 'bin' and step 0.97 ... OK
Create profile matrix with method 'bin' and step 0.97 ... OK
Processing 599745 mz slices ... OK
Create profile matrix with method 'bin' and step 0.73 ... OK
Create profile matrix with method 'bin' and step 0.73 ... OK
Create profile matrix with method 'bin' and step 0.73 ... OK
Create profile matrix with method 'bin' and step 0.73 ... OK
Create profile matrix with method 'bin' and step 0.73 ... OK
Create profile matrix with method 'bin' and step 0.73 ... OK
Create profile matrix with method 'bin' and step 0.73 ... OK
Create profile matrix with method 'bin' and step 0.73 ... OK
Processing 66640 mz slices ... OK
Create profile matrix with method 'bin' and step 0.73 ... OK
Create profile matrix with method 'bin' and step 0.73 ... OK
Create profile matrix with method 'bin' and step 0.73 ... OK
Create profile matrix with method 'bin' and step 0.73 ... OK
Create profile matrix with method 'bin' and step 0.73 ... OK
Create profile matrix with method 'bin' and step 0.73 ... OK
Create profile matrix with method 'bin' and step 0.73 ... OK
Create profile matrix with method 'bin' and step 0.73 ... OK
Processing 66640 mz slices ... OK
Create profile matrix with method 'bin' and step 0.73 ... OK
Create profile matrix with method 'bin' and step 0.73 ... OK
Create profile matrix with method 'bin' and step 0.73 ... OK
Create profile matrix with method 'bin' and step 0.73 ... OK
Create profile matrix with method 'bin' and step 0.73 ... OK
Create profile matrix with method 'bin' and step 0.73 ... OK
Create profile matrix with method 'bin' and step 0.73 ... OK
Create profile matrix with method 'bin' and step 0.73 ... OK
Processing 66640 mz slices ... OK
Create profile matrix with method 'bin' and step 0.73 ... OK
Create profile matrix with method 'bin' and step 0.73 ... OK
Create profile matrix with method 'bin' and step 0.73 ... OK
Create profile matrix with method 'bin' and step 0.73 ... OK
Create profile matrix with method 'bin' and step 0.73 ... OK
Create profile matrix with method 'bin' and step 0.73 ... OK
Create profile matrix with method 'bin' and step 0.73 ... OK
Create profile matrix with method 'bin' and step 0.73 ... OK
Processing 66640 mz slices ... OK
Create profile matrix with method 'bin' and step 0.97 ... OK
Create profile matrix with method 'bin' and step 0.97 ... OK
Create profile matrix with method 'bin' and step 0.97 ... OK
Create profile matrix with method 'bin' and step 0.97 ... OK
Create profile matrix with method 'bin' and step 0.97 ... OK
Create profile matrix with method 'bin' and step 0.97 ... OK
Create profile matrix with method 'bin' and step 0.97 ... OK
Create profile matrix with method 'bin' and step 0.97 ... OK
Processing 66640 mz slices ... OK
Create profile matrix with method 'bin' and step 0.97 ... OK
Create profile matrix with method 'bin' and step 0.97 ... OK
Create profile matrix with method 'bin' and step 0.97 ... OK
Create profile matrix with method 'bin' and step 0.97 ... OK
Create profile matrix with method 'bin' and step 0.97 ... OK
Create profile matrix with method 'bin' and step 0.97 ... OK
Create profile matrix with method 'bin' and step 0.97 ... OK
Create profile matrix with method 'bin' and step 0.97 ... OK
Processing 66640 mz slices ... OK
Create profile matrix with method 'bin' and step 0.97 ... OK
Create profile matrix with method 'bin' and step 0.97 ... OK
Create profile matrix with method 'bin' and step 0.97 ... OK
Create profile matrix with method 'bin' and step 0.97 ... OK
Create profile matrix with method 'bin' and step 0.97 ... OK
Create profile matrix with method 'bin' and step 0.97 ... OK
Create profile matrix with method 'bin' and step 0.97 ... OK
Create profile matrix with method 'bin' and step 0.97 ... OK
Processing 66640 mz slices ... OK
Create profile matrix with method 'bin' and step 0.97 ... OK
Create profile matrix with method 'bin' and step 0.97 ... OK
Create profile matrix with method 'bin' and step 0.97 ... OK
Create profile matrix with method 'bin' and step 0.97 ... OK
Create profile matrix with method 'bin' and step 0.97 ... OK
Create profile matrix with method 'bin' and step 0.97 ... OK
Create profile matrix with method 'bin' and step 0.97 ... OK
Create profile matrix with method 'bin' and step 0.97 ... OK
Processing 66640 mz slices ... 