center sample:  Volunteer2_RBC_24h_NEG 
Processing: Volunteer1_RBC_1h_NEG  Volunteer2_RBC_1h_NEG  Volunteer1_RBC_4h_NEG  Volunteer3_RBC_4h_NEG  
center sample:  Volunteer2_RBC_24h_NEG 
Processing: Volunteer1_RBC_1h_NEG  Volunteer2_RBC_1h_NEG  Volunteer1_RBC_4h_NEG  Volunteer3_RBC_4h_NEG  
center sample:  Volunteer2_RBC_24h_NEG 
Processing: Volunteer1_RBC_1h_NEG  Volunteer2_RBC_1h_NEG  Volunteer1_RBC_4h_NEG  Volunteer3_RBC_4h_NEG  
center sample:  Volunteer2_RBC_24h_NEG 
Processing: Volunteer1_RBC_1h_NEG  Volunteer2_RBC_1h_NEG  Volunteer1_RBC_4h_NEG  Volunteer3_RBC_4h_NEG  
center sample:  Volunteer2_RBC_24h_NEG 
Processing: Volunteer1_RBC_1h_NEG  Volunteer2_RBC_1h_NEG  Volunteer1_RBC_4h_NEG  Volunteer3_RBC_4h_NEG  
center sample:  Volunteer2_RBC_24h_NEG 
Processing: Volunteer1_RBC_1h_NEG  Volunteer2_RBC_1h_NEG  Volunteer1_RBC_4h_NEG  Volunteer3_RBC_4h_NEG  
center sample:  Volunteer2_RBC_24h_NEG 
Processing: Volunteer1_RBC_1h_NEG  Volunteer2_RBC_1h_NEG  Volunteer1_RBC_4h_NEG  Volunteer3_RBC_4h_NEG  
center sample:  Volunteer2_RBC_24h_NEG 
Processing: Volunteer1_RBC_1h_NEG  Volunteer2_RBC_1h_NEG  Volunteer1_RBC_4h_NEG  Volunteer3_RBC_4h_NEG  
center sample:  Volunteer2_RBC_24h_NEG 
Processing: Volunteer1_RBC_1h_NEG  Volunteer2_RBC_1h_NEG  Volunteer1_RBC_4h_NEG  Volunteer3_RBC_4h_NEG  
center sample:  Volunteer2_RBC_24h_NEG 
Processing: Volunteer1_RBC_1h_NEG  Volunteer2_RBC_1h_NEG  Volunteer1_RBC_4h_NEG  Volunteer3_RBC_4h_NEG  
center sample:  Volunteer2_RBC_24h_NEG 
Processing: Volunteer1_RBC_1h_NEG  Volunteer2_RBC_1h_NEG  Volunteer1_RBC_4h_NEG  Volunteer3_RBC_4h_NEG  
center sample:  Volunteer2_RBC_24h_NEG 
Processing: Volunteer1_RBC_1h_NEG  Volunteer2_RBC_1h_NEG  Volunteer1_RBC_4h_NEG  Volunteer3_RBC_4h_NEG  
center sample:  Volunteer2_RBC_24h_NEG 
Processing: Volunteer1_RBC_1h_NEG  Volunteer2_RBC_1h_NEG  Volunteer1_RBC_4h_NEG  Volunteer3_RBC_4h_NEG  
center sample:  Volunteer2_RBC_24h_NEG 
Processing: Volunteer1_RBC_1h_NEG  Volunteer2_RBC_1h_NEG  Volunteer1_RBC_4h_NEG  Volunteer3_RBC_4h_NEG  
center sample:  Volunteer2_RBC_24h_NEG 
Processing: Volunteer1_RBC_1h_NEG  Volunteer2_RBC_1h_NEG  Volunteer1_RBC_4h_NEG  Volunteer3_RBC_4h_NEG  
center sample:  Volunteer2_RBC_24h_NEG 
Processing: Volunteer1_RBC_1h_NEG  Volunteer2_RBC_1h_NEG  Volunteer1_RBC_4h_NEG  Volunteer3_RBC_4h_NEG  
center sample:  Volunteer2_RBC_24h_NEG 
Processing: Volunteer1_RBC_1h_NEG  Volunteer2_RBC_1h_NEG  Volunteer1_RBC_4h_NEG  Volunteer3_RBC_4h_NEG  
center sample:  Volunteer2_RBC_24h_NEG 
Processing: Volunteer1_RBC_1h_NEG  Volunteer2_RBC_1h_NEG  Volunteer1_RBC_4h_NEG  Volunteer3_RBC_4h_NEG  
center sample:  Volunteer2_RBC_24h_NEG 
Processing: Volunteer1_RBC_1h_NEG  Volunteer2_RBC_1h_NEG  Volunteer1_RBC_4h_NEG  Volunteer3_RBC_4h_NEG  
center sample:  Volunteer2_RBC_24h_NEG 
Processing: Volunteer1_RBC_1h_NEG  Volunteer2_RBC_1h_NEG  Volunteer1_RBC_4h_NEG  Volunteer3_RBC_4h_NEG  
center sample:  Volunteer2_RBC_24h_NEG 
Processing: Volunteer1_RBC_1h_NEG  Volunteer2_RBC_1h_NEG  Volunteer1_RBC_4h_NEG  Volunteer3_RBC_4h_NEG  
center sample:  Volunteer2_RBC_24h_NEG 
Processing: Volunteer1_RBC_1h_NEG  Volunteer2_RBC_1h_NEG  Volunteer1_RBC_4h_NEG  Volunteer3_RBC_4h_NEG  
center sample:  Volunteer2_RBC_24h_NEG 
Processing: Volunteer1_RBC_1h_NEG  Volunteer2_RBC_1h_NEG  Volunteer1_RBC_4h_NEG  Volunteer3_RBC_4h_NEG  
center sample:  Volunteer2_RBC_24h_NEG 
Processing: Volunteer1_RBC_1h_NEG  Volunteer2_RBC_1h_NEG  Volunteer1_RBC_4h_NEG  Volunteer3_RBC_4h_NEG  
center sample:  Volunteer2_RBC_24h_NEG 
Processing: Volunteer1_RBC_1h_NEG  Volunteer2_RBC_1h_NEG  Volunteer1_RBC_4h_NEG  Volunteer3_RBC_4h_NEG  
center sample:  Volunteer2_RBC_24h_NEG 
Processing: Volunteer1_RBC_1h_NEG  Volunteer2_RBC_1h_NEG  Volunteer1_RBC_4h_NEG  Volunteer3_RBC_4h_NEG  
center sample:  Volunteer2_RBC_24h_NEG 
Processing: Volunteer1_RBC_1h_NEG  Volunteer2_RBC_1h_NEG  Volunteer1_RBC_4h_NEG  Volunteer3_RBC_4h_NEG  
center sample:  Volunteer2_RBC_24h_NEG 
Processing: Volunteer1_RBC_1h_NEG  Volunteer2_RBC_1h_NEG  Volunteer1_RBC_4h_NEG  Volunteer3_RBC_4h_NEG  
center sample:  Volunteer2_RBC_24h_NEG 
Processing: Volunteer1_RBC_1h_NEG  Volunteer2_RBC_1h_NEG  Volunteer1_RBC_4h_NEG  Volunteer3_RBC_4h_NEG  
center sample:  Volunteer2_RBC_24h_NEG 
Processing: Volunteer1_RBC_1h_NEG  Volunteer2_RBC_1h_NEG  Volunteer1_RBC_4h_NEG  Volunteer3_RBC_4h_NEG  
center sample:  Volunteer2_RBC_24h_NEG 
Processing: Volunteer1_RBC_1h_NEG  Volunteer2_RBC_1h_NEG  Volunteer1_RBC_4h_NEG  Volunteer3_RBC_4h_NEG  
center sample:  Volunteer2_RBC_24h_NEG 
Processing: Volunteer1_RBC_1h_NEG  Volunteer2_RBC_1h_NEG  Volunteer1_RBC_4h_NEG  Volunteer3_RBC_4h_NEG  
center sample:  Volunteer2_RBC_24h_NEG 
Processing: Volunteer1_RBC_1h_NEG  Volunteer2_RBC_1h_NEG  Volunteer1_RBC_4h_NEG  Volunteer3_RBC_4h_NEG  
center sample:  Volunteer2_RBC_24h_NEG 
Processing: Volunteer1_RBC_1h_NEG  Volunteer2_RBC_1h_NEG  Volunteer1_RBC_4h_NEG  Volunteer3_RBC_4h_NEG  
center sample:  Volunteer2_RBC_24h_NEG 
Processing: Volunteer1_RBC_1h_NEG  Volunteer2_RBC_1h_NEG  Volunteer1_RBC_4h_NEG  Volunteer3_RBC_4h_NEG  
center sample:  Volunteer2_RBC_24h_NEG 
Processing: Volunteer1_RBC_1h_NEG  Volunteer2_RBC_1h_NEG  Volunteer1_RBC_4h_NEG  Volunteer3_RBC_4h_NEG  
center sample:  Volunteer2_RBC_24h_NEG 
Processing: Volunteer1_RBC_1h_NEG  Volunteer2_RBC_1h_NEG  Volunteer1_RBC_4h_NEG  Volunteer3_RBC_4h_NEG  
center sample:  Volunteer2_RBC_24h_NEG 
Processing: Volunteer1_RBC_1h_NEG  Volunteer2_RBC_1h_NEG  Volunteer1_RBC_4h_NEG  Volunteer3_RBC_4h_NEG  
center sample:  Volunteer2_RBC_24h_NEG 
Processing: Volunteer1_RBC_1h_NEG  Volunteer2_RBC_1h_NEG  Volunteer1_RBC_4h_NEG  Volunteer3_RBC_4h_NEG  
center sample:  Volunteer2_RBC_24h_NEG 
Processing: Volunteer1_RBC_1h_NEG  Volunteer2_RBC_1h_NEG  Volunteer1_RBC_4h_NEG  Volunteer3_RBC_4h_NEG  
center sample:  Volunteer2_RBC_24h_NEG 
Processing: Volunteer1_RBC_1h_NEG  Volunteer2_RBC_1h_NEG  Volunteer1_RBC_4h_NEG  Volunteer3_RBC_4h_NEG  
center sample:  Volunteer2_RBC_24h_NEG 
Processing: Volunteer1_RBC_1h_NEG  Volunteer2_RBC_1h_NEG  Volunteer1_RBC_4h_NEG  Volunteer3_RBC_4h_NEG  
center sample:  Volunteer2_RBC_24h_NEG 
Processing: Volunteer1_RBC_1h_NEG  Volunteer2_RBC_1h_NEG  Volunteer1_RBC_4h_NEG  Volunteer3_RBC_4h_NEG  
center sample:  Volunteer2_RBC_24h_NEG 
Processing: Volunteer1_RBC_1h_NEG  Volunteer2_RBC_1h_NEG  Volunteer1_RBC_4h_NEG  Volunteer3_RBC_4h_NEG  
center sample:  Volunteer2_RBC_24h_NEG 
Processing: Volunteer1_RBC_1h_NEG  Volunteer2_RBC_1h_NEG  Volunteer1_RBC_4h_NEG  Volunteer3_RBC_4h_NEG  
center sample:  Volunteer2_RBC_24h_NEG 
Processing: Volunteer1_RBC_1h_NEG  Volunteer2_RBC_1h_NEG  Volunteer1_RBC_4h_NEG  Volunteer3_RBC_4h_NEG  
center sample:  Volunteer2_RBC_24h_NEG 
Processing: Volunteer1_RBC_1h_NEG  Volunteer2_RBC_1h_NEG  Volunteer1_RBC_4h_NEG  Volunteer3_RBC_4h_NEG  
center sample:  Volunteer2_RBC_24h_NEG 
Processing: Volunteer1_RBC_1h_NEG  Volunteer2_RBC_1h_NEG  Volunteer1_RBC_4h_NEG  Volunteer3_RBC_4h_NEG  
center sample:  Volunteer2_RBC_24h_NEG 
Processing: Volunteer1_RBC_1h_NEG  Volunteer2_RBC_1h_NEG  Volunteer1_RBC_4h_NEG  Volunteer3_RBC_4h_NEG  
center sample:  Volunteer2_RBC_24h_NEG 
Processing: Volunteer1_RBC_1h_NEG  Volunteer2_RBC_1h_NEG  Volunteer1_RBC_4h_NEG  Volunteer3_RBC_4h_NEG  
center sample:  Volunteer2_RBC_24h_NEG 
Processing: Volunteer1_RBC_1h_NEG  Volunteer2_RBC_1h_NEG  Volunteer1_RBC_4h_NEG  Volunteer3_RBC_4h_NEG  
center sample:  Volunteer2_RBC_24h_NEG 
Processing: Volunteer1_RBC_1h_NEG  Volunteer2_RBC_1h_NEG  Volunteer1_RBC_4h_NEG  Volunteer3_RBC_4h_NEG  
center sample:  Volunteer2_RBC_24h_NEG 
Processing: Volunteer1_RBC_1h_NEG  Volunteer2_RBC_1h_NEG  Volunteer1_RBC_4h_NEG  Volunteer3_RBC_4h_NEG  
center sample:  Volunteer2_RBC_24h_NEG 
Processing: Volunteer1_RBC_1h_NEG  Volunteer2_RBC_1h_NEG  Volunteer1_RBC_4h_NEG  Volunteer3_RBC_4h_NEG  
center sample:  Volunteer2_RBC_24h_NEG 
Processing: Volunteer1_RBC_1h_NEG  Volunteer2_RBC_1h_NEG  Volunteer1_RBC_4h_NEG  Volunteer3_RBC_4h_NEG  
center sample:  Volunteer2_RBC_24h_NEG 
Processing: Volunteer1_RBC_1h_NEG  Volunteer2_RBC_1h_NEG  Volunteer1_RBC_4h_NEG  Volunteer3_RBC_4h_NEG  
center sample:  Volunteer2_RBC_24h_NEG 
Processing: Volunteer1_RBC_1h_NEG  Volunteer2_RBC_1h_NEG  Volunteer1_RBC_4h_NEG  Volunteer3_RBC_4h_NEG  
center sample:  Volunteer2_RBC_24h_NEG 
Processing: Volunteer1_RBC_1h_NEG  Volunteer2_RBC_1h_NEG  Volunteer1_RBC_4h_NEG  Volunteer3_RBC_4h_NEG  
center sample:  Volunteer2_RBC_24h_NEG 
Processing: Volunteer1_RBC_1h_NEG  Volunteer2_RBC_1h_NEG  Volunteer1_RBC_4h_NEG  Volunteer3_RBC_4h_NEG  
center sample:  Volunteer2_RBC_24h_NEG 
Processing: Volunteer1_RBC_1h_NEG  Volunteer2_RBC_1h_NEG  Volunteer1_RBC_4h_NEG  Volunteer3_RBC_4h_NEG  
center sample:  Volunteer2_RBC_24h_NEG 
Processing: Volunteer1_RBC_1h_NEG  Volunteer2_RBC_1h_NEG  Volunteer1_RBC_4h_NEG  Volunteer3_RBC_4h_NEG  
center sample:  Volunteer2_RBC_24h_NEG 
Processing: Volunteer1_RBC_1h_NEG  Volunteer2_RBC_1h_NEG  Volunteer1_RBC_4h_NEG  Volunteer3_RBC_4h_NEG  
center sample:  Volunteer2_RBC_24h_NEG 
Processing: Volunteer1_RBC_1h_NEG  Volunteer2_RBC_1h_NEG  Volunteer1_RBC_4h_NEG  Volunteer3_RBC_4h_NEG  
center sample:  Volunteer2_RBC_24h_NEG 
Processing: Volunteer1_RBC_1h_NEG  Volunteer2_RBC_1h_NEG  Volunteer1_RBC_4h_NEG  Volunteer3_RBC_4h_NEG  
center sample:  Volunteer2_RBC_24h_NEG 
Processing: Volunteer1_RBC_1h_NEG  Volunteer2_RBC_1h_NEG  Volunteer1_RBC_4h_NEG  Volunteer3_RBC_4h_NEG  
center sample:  Volunteer2_RBC_24h_NEG 
Processing: Volunteer1_RBC_1h_NEG  Volunteer2_RBC_1h_NEG  Volunteer1_RBC_4h_NEG  Volunteer3_RBC_4h_NEG  
center sample:  Volunteer2_RBC_24h_NEG 
Processing: Volunteer1_RBC_1h_NEG  Volunteer2_RBC_1h_NEG  Volunteer1_RBC_4h_NEG  Volunteer3_RBC_4h_NEG  
center sample:  Volunteer2_RBC_24h_NEG 
Processing: Volunteer1_RBC_1h_NEG  Volunteer2_RBC_1h_NEG  Volunteer1_RBC_4h_NEG  Volunteer3_RBC_4h_NEG  
center sample:  Volunteer2_RBC_24h_NEG 
Processing: Volunteer1_RBC_1h_NEG  Volunteer2_RBC_1h_NEG  Volunteer1_RBC_4h_NEG  Volunteer3_RBC_4h_NEG  
center sample:  Volunteer2_RBC_24h_NEG 
Processing: Volunteer1_RBC_1h_NEG  Volunteer2_RBC_1h_NEG  Volunteer1_RBC_4h_NEG  Volunteer3_RBC_4h_NEG  
center sample:  Volunteer2_RBC_24h_NEG 
Processing: Volunteer1_RBC_1h_NEG  Volunteer2_RBC_1h_NEG  Volunteer1_RBC_4h_NEG  Volunteer3_RBC_4h_NEG  
center sample:  Volunteer2_RBC_24h_NEG 
Processing: . OK: 6320 found.
10
Detecting mass traces at 6.5 ppm ... OK
Detecting chromatographic peaks in 16923 regions of interest ... OK: 5099 found.
11
Detecting mass traces at 6.5 ppm ... OK
Detecting chromatographic peaks in 16923 regions of interest ... OK: 6315 found.
12
Detecting mass traces at 6.5 ppm ... OK
Detecting chromatographic peaks in 16923 regions of interest ... OK: 6461 found.
13
Detecting mass traces at 21.5 ppm ... OK
Detecting chromatographic peaks in 20152 regions of interest ... OK: 7217 found.
14
Detecting mass traces at 21.5 ppm ... OK
Detecting chromatographic peaks in 20152 regions of interest ... OK: 6115 found.
15
Detecting mass traces at 21.5 ppm ... OK
Detecting chromatographic peaks in 20152 regions of interest ... OK: 7174 found.
16
Detecting mass traces at 21.5 ppm ... OK
Detecting chromatographic peaks in 20152 regions of interest ... OK: 7354 found.
17
Detecting mass traces at 14 ppm ... OK
Detecting chromatographic peaks in 19924 regions of interest ... OK: 7779 found.
18
Detecting mass traces at 14 ppm ... OK
Detecting chromatographic peaks in 19924 regions of interest ... OK: 7545 found.
19
Detecting mass traces at 14 ppm ... OK
Detecting chromatographic peaks in 19924 regions of interest ... OK: 7761 found.
20
Detecting mass traces at 14 ppm ... OK
Detecting chromatographic peaks in 19924 regions of interest ... OK: 7717 found.
21
Detecting mass traces at 14 ppm ... OK
Detecting chromatographic peaks in 19924 regions of interest ... OK: 7783 found.
22
Detecting mass traces at 6.5 ppm ... OK
Detecting chromatographic peaks in 16923 regions of interest ... OK: 6784 found.
23
Detecting mass traces at 21.5 ppm ... OK
Detecting chromatographic peaks in 20152 regions of interest ... OK: 7866 found.
24
Detecting mass traces at 14 ppm ... OK
Detecting chromatographic peaks in 19924 regions of interest ... OK: 8544 found.
25
Detecting mass traces at 14 ppm ... OK
Detecting chromatographic peaks in 19924 regions of interest ... OK: 7264 found.
26
Detecting mass traces at 14 ppm ... OK
Detecting chromatographic peaks in 19924 regions of interest ... OK: 7779 found.
Detecting mass traces at 12.5 ppm ... OK
Detecting chromatographic peaks in 19728 regions of interest ... OK: 7572 found.



starting new DoE with:
min_peakwidth: c(28.8, 44.8)
max_peakwidth: c(80, 110)
ppm: c(6.5, 18.5)
mzdiff: c(0.002168, 0.0078)
snthresh: 10
noise: 500
prefilter: 3
value_of_prefilter: 500
mzCenterFun: wMean
integrate: 2
fitgauss: FALSE
verbose.columns: TRUE

1
Detecting mass traces at 6.5 ppm ... OK
Detecting chromatographic peaks in 16923 regions of interest ... OK: 7116 found.
2
Detecting mass traces at 6.5 ppm ... OK
Detecting chromatographic peaks in 12525 regions of interest ... OK: 5269 found.
3
Detecting mass traces at 6.5 ppm ... OK
Detecting chromatographic peaks in 16923 regions of interest ... OK: 7116 found.
4
Detecting mass traces at 6.5 ppm ... OK
Detecting chromatographic peaks in 12525 regions of interest ... OK: 5332 found.
5
Detecting mass traces at 18.5 ppm ... OK
Detecting chromatographic peaks in 20242 regions of interest ... OK: 8328 found.
6
Detecting mass traces at 18.5 ppm ... OK
Detecting chromatographic peaks in 15872 regions of interest ... OK: 6552 found.
7
Detecting mass traces at 18.5 ppm ... OK
Detecting chromatographic peaks in 20242 regions of interest ... OK: 8311 found.
8
Detecting mass traces at 18.5 ppm ... OK
Detecting chromatographic peaks in 15872 regions of interest ... OK: 6610 found.
9
Detecting mass traces at 6.5 ppm ... OK
Detecting chromatographic peaks in 16923 regions of interest ... OK: 6523 found.
10
Detecting mass traces at 6.5 ppm ... OK
Detecting chromatographic peaks in 12525 regions of interest ... OK: 4888 found.
11
Detecting mass traces at 6.5 ppm ... OK
Detecting chromatographic peaks in 16923 regions of interest ... OK: 6495 found.
12
Detecting mass traces at 6.5 ppm ... OK
Detecting chromatographic peaks in 12525 regions of interest ... OK: 4938 found.
13
Detecting mass traces at 18.5 ppm ... OK
Detecting chromatographic peaks in 20242 regions of interest ... OK: 7447 found.
14
Detecting mass traces at 18.5 ppm ... OK
Detecting chromatographic peaks in 15872 regions of interest ... OK: 5855 found.
15
Detecting mass traces at 18.5 ppm ... OK
Detecting chromatographic peaks in 20242 regions of interest ... OK: 7410 found.
16
Detecting mass traces at 18.5 ppm ... OK
Detecting chromatographic peaks in 15872 regions of interest ... OK: 5881 found.
17
Detecting mass traces at 12.5 ppm ... OK
Detecting chromatographic peaks in 19728 regions of interest ... OK: 7572 found.
18
Detecting mass traces at 12.5 ppm ... OK
Detecting chromatographic peaks in 19728 regions of interest ... OK: 7650 found.
19
Detecting mass traces at 12.5 ppm ... OK
Detecting chromatographic peaks in 15151 regions of interest ... OK: 5934 found.
20
Detecting mass traces at 12.5 ppm ... OK
Detecting chromatographic peaks in 19728 regions of interest ... OK: 7562 found.
21
Detecting mass traces at 12.5 ppm ... OK
Detecting chromatographic peaks in 19728 regions of interest ... OK: 7576 found.
22
Detecting mass traces at 6.5 ppm ... OK
Detecting chromatographic peaks in 16923 regions of interest ... OK: 6748 found.
23
Detecting mass traces at 18.5 ppm ... OK
Detecting chromatographic peaks in 20242 regions of interest ... OK: 7708 found.
24
Detecting mass traces at 12.5 ppm ... OK
Detecting chromatographic peaks in 19728 regions of interest ... OK: 8136 found.
25
Detecting mass traces at 12.5 ppm ... OK
Detecting chromatographic peaks in 19728 regions of interest ... OK: 7169 found.
26
Detecting mass traces at 12.5 ppm ... OK
Detecting chromatographic peaks in 19728 regions of interest ... OK: 7572 found.
Detecting mass traces at 11.3 ppm ... OK
Detecting chromatographic peaks in 19364 regions of interest ... OK: 7115 found.
no increase, stopping
best parameter settings:
min_peakwidth: 30.4
max_peakwidth: 80
ppm: 14
mzdiff: 0.00428
snthresh: 10
noise: 500
prefilter: 3
value_of_prefilter: 500
mzCenterFun: wMean
integrate: 2
fitgauss: FALSE
verbose.columns: TRUE

There were 50 or more warnings (use warnings() to see the first 50)
Detecting mass traces at 14 ppm ... OK
Detecting chromatographic peaks in 19841 regions of interest ... OK: 8035 found.
Detecting mass traces at 14 ppm ... OK
Detecting chromatographic peaks in 19924 regions of interest ... OK: 7779 found.
Detecting mass traces at 14 ppm ... OK
Detecting chromatographic peaks in 19504 regions of interest ... OK: 7639 found.
Detecting mass traces at 14 ppm ... OK
Detecting chromatographic peaks in 20116 regions of interest ... OK: 8130 found.
Detecting mass traces at 14 ppm ... OK
Detecting chromatographic peaks in 19961 regions of interest ... OK: 7812 found.
Warning messages:
1: In .local(object, ...) :
  It looks like this file is in profile mode. centWave can process only centroid mode data !

2: In .local(object, ...) :
  It looks like this file is in profile mode. centWave can process only centroid mode data !

3: In .local(object, ...) :
  It looks like this file is in profile mode. centWave can process only centroid mode data !

4: In .local(object, ...) :
  It looks like this file is in profile mode. centWave can process only centroid mode data !

5: In .local(object, ...) :
  It looks like this file is in profile mode. centWave can process only centroid mode data !




starting new DoE with:

distFunc: cor_opt
gapInit: c(0, 0.4)
gapExtend: c(2.1, 2.7)
profStep: c(0.7, 1)
plottype: none
response: 1
factorDiag: 2
factorGap: 1
localAlignment: 0
retcorMethod: obiwarp
bw: c(22, 38)
minfrac: 0.05
mzwid: c(0.015, 0.035)
minsamp: 1
max: 50
center: 4

Create profile matrix with method 'bin' and step 0.7 ... OK
Create profile matrix with method 'bin' and step 0.7 ... OK
Create profile matrix with method 'bin' and step 0.7 ... OK
Create profile matrix with method 'bin' and step 0.7 ... OK
Create profile matrix with method 'bin' and step 0.7 ... OK
Create profile matrix with method 'bin' and step 0.7 ... OK
Create profile matrix with method 'bin' and step 0.7 ... OK
Create profile matrix with method 'bin' and step 0.7 ... OK
Processing 119950 mz slices ... OK
Create profile matrix with method 'bin' and step 0.7 ... OK
Create profile matrix with method 'bin' and step 0.7 ... OK
Create profile matrix with method 'bin' and step 0.7 ... OK
Create profile matrix with method 'bin' and step 0.7 ... OK
Create profile matrix with method 'bin' and step 0.7 ... OK
Create profile matrix with method 'bin' and step 0.7 ... OK
Create profile matrix with method 'bin' and step 0.7 ... OK
Create profile matrix with method 'bin' and step 0.7 ... OK
Processing 119950 mz slices ... OK
Create profile matrix with method 'bin' and step 0.7 ... OK
Create profile matrix with method 'bin' and step 0.7 ... OK
Create profile matrix with method 'bin' and step 0.7 ... OK
Create profile matrix with method 'bin' and step 0.7 ... OK
Create profile matrix with method 'bin' and step 0.7 ... OK
Create profile matrix with method 'bin' and step 0.7 ... OK
Create profile matrix with method 'bin' and step 0.7 ... OK
Create profile matrix with method 'bin' and step 0.7 ... OK
Processing 119950 mz slices ... OK
Create profile matrix with method 'bin' and step 0.7 ... OK
Create profile matrix with method 'bin' and step 0.7 ... OK
Create profile matrix with method 'bin' and step 0.7 ... OK
Create profile matrix with method 'bin' and step 0.7 ... OK
Create profile matrix with method 'bin' and step 0.7 ... OK
Create profile matrix with method 'bin' and step 0.7 ... OK
Create profile matrix with method 'bin' and step 0.7 ... OK
Create profile matrix with method 'bin' and step 0.7 ... OK
Processing 119950 mz slices ... OK
Create profile matrix with method 'bin' and step 1 ... OK
Create profile matrix with method 'bin' and step 1 ... OK
Create profile matrix with method 'bin' and step 1 ... OK
Create profile matrix with method 'bin' and step 1 ... OK
Create profile matrix with method 'bin' and step 1 ... OK
Processing 119950 mz slices ... OK
Create profile matrix with method 'bin' and step 1 ... OK
Create profile matrix with method 'bin' and step 1 ... OK
Create profile matrix with method 'bin' and step 1 ... OK
Create profile matrix with method 'bin' and step 1 ... OK
Create profile matrix with method 'bin' and step 1 ... OK
Processing 119950 mz slices ... OK
Create profile matrix with method 'bin' and step 1 ... OK
Create profile matrix with method 'bin' and step 1 ... OK
Create profile matrix with method 'bin' and step 1 ... OK
Create profile matrix with method 'bin' and step 1 ... OK
Create profile matrix with method 'bin' and step 1 ... OK
Processing 119950 mz slices ... OK
Create profile matrix with method 'bin' and step 1 ... OK
Create profile matrix with method 'bin' and step 1 ... OK
Create profile matrix with method 'bin' and step 1 ... OK
Create profile matrix with method 'bin' and step 1 ... OK
Create profile matrix with method 'bin' and step 1 ... OK
Processing 119950 mz slices ... OK
Create profile matrix with method 'bin' and step 0.7 ... OK
Create profile matrix with method 'bin' and step 0.7 ... OK
Create profile matrix with method 'bin' and step 0.7 ... OK
Create profile matrix with method 'bin' and step 0.7 ... OK
Create profile matrix with method 'bin' and step 0.7 ... OK
Create profile matrix with method 'bin' and step 0.7 ... OK
Create profile matrix with method 'bin' and step 0.7 ... OK
Create profile matrix with method 'bin' and step 0.7 ... OK
Processing 119950 mz slices ... OK
Create profile matrix with method 'bin' and step 0.7 ... OK
Create profile matrix with method 'bin' and step 0.7 ... OK
Create profile matrix with method 'bin' and step 0.7 ... OK
Create profile matrix with method 'bin' and step 0.7 ... OK
Create profile matrix with method 'bin' and step 0.7 ... OK
Create profile matrix with method 'bin' and step 0.7 ... OK
Create profile matrix with method 'bin' and step 0.7 ... OK
Create profile matrix with method 'bin' and step 0.7 ... OK
Processing 119950 mz slices ... OK
Create profile matrix with method 'bin' and step 0.7 ... OK
Create profile matrix with method 'bin' and step 0.7 ... OK
Create profile matrix with method 'bin' and step 0.7 ... OK
Create profile matrix with method 'bin' and step 0.7 ... OK
Create profile matrix with method 'bin' and step 0.7 ... OK
Create profile matrix with method 'bin' and step 0.7 ... OK
Create profile matrix with method 'bin' and step 0.7 ... OK
Create profile matrix with method 'bin' and step 0.7 ... OK
Processing 119950 mz slices ... OK
Create profile matrix with method 'bin' and step 0.7 ... OK
Create profile matrix with method 'bin' and step 0.7 ... OK
Create profile matrix with method 'bin' and step 0.7 ... OK
Create profile matrix with method 'bin' and step 0.7 ... OK
Create profile matrix with method 'bin' and step 0.7 ... OK
Create profile matrix with method 'bin' and step 0.7 ... OK
Create profile matrix with method 'bin' and step 0.7 ... OK
Create profile matrix with method 'bin' and step 0.7 ... OK
Processing 119950 mz slices ... OK
Create profile matrix with method 'bin' and step 1 ... OK
Create profile matrix with method 'bin' and step 1 ... OK
Create profile matrix with method 'bin' and step 1 ... OK
Create profile matrix with method 'bin' and step 1 ... OK
Create profile matrix with method 'bin' and step 1 ... OK
Processing 119950 mz slices ... OK
Create profile matrix with method 'bin' and step 1 ... OK
Create profile matrix with method 'bin' and step 1 ... OK
Create profile matrix with method 'bin' and step 1 ... OK
Create profile matrix with method 'bin' and step 1 ... OK
Create profile matrix with method 'bin' and step 1 ... OK
Processing 119950 mz slices ... OK
Create profile matrix with method 'bin' and step 1 ... OK
Create profile matrix with method 'bin' and step 1 ... OK
Create profile matrix with method 'bin' and step 1 ... OK
Create profile matrix with method 'bin' and step 1 ... OK
Create profile matrix with method 'bin' and step 1 ... OK
Processing 119950 mz slices ... OK
Create profile matrix with method 'bin' and step 1 ... OK
Create profile matrix with method 'bin' and step 1 ... OK
Create profile matrix with method 'bin' and step 1 ... OK
Create profile matrix with method 'bin' and step 1 ... OK
Create profile matrix with method 'bin' and step 1 ... OK
Processing 119950 mz slices ... OK
Create profile matrix with method 'bin' and step 0.7 ... OK
Create profile matrix with method 'bin' and step 0.7 ... OK
Create profile matrix with method 'bin' and step 0.7 ... OK
Create profile matrix with method 'bin' and step 0.7 ... OK
Create profile matrix with method 'bin' and step 0.7 ... OK
Create profile matrix with method 'bin' and step 0.7 ... OK
Create profile matrix with method 'bin' and step 0.7 ... OK
Create profile matrix with method 'bin' and step 0.7 ... OK
Processing 51408 mz slices ... OK
Create profile matrix with method 'bin' and step 0.7 ... OK
Create profile matrix with method 'bin' and step 0.7 ... OK
Create profile matrix with method 'bin' and step 0.7 ... OK
Create profile matrix with method 'bin' and step 0.7 ... OK
Create profile matrix with method 'bin' and step 0.7 ... OK
Create profile matrix with method 'bin' and step 0.7 ... OK
Create profile matrix with method 'bin' and step 0.7 ... OK
Create profile matrix with method 'bin' and step 0.7 ... OK
Processing 51408 mz slices ... OK
Create profile matrix with method 'bin' and step 0.7 ... OK
Create profile matrix with method 'bin' and step 0.7 ... OK
Create profile matrix with method 'bin' and step 0.7 ... OK
Create profile matrix with method 'bin' and step 0.7 ... OK
Create profile matrix with method 'bin' and step 0.7 ... OK
Create profile matrix with method 'bin' and step 0.7 ... OK
Create profile matrix with method 'bin' and step 0.7 ... OK
Create profile matrix with method 'bin' and step 0.7 ... OK
Processing 51408 mz slices ... OK
Create profile matrix with method 'bin' and step 0.7 ... OK
Create profile matrix with method 'bin' and step 0.7 ... OK
Create profile matrix with method 'bin' and step 0.7 ... OK
Create profile matrix with method 'bin' and step 0.7 ... OK
Create profile matrix with method 'bin' and step 0.7 ... OK
Create profile matrix with method 'bin' and step 0.7 ... OK
Create profile matrix with method 'bin' and step 0.7 ... OK
Create profile matrix with method 'bin' and step 0.7 ... OK
Processing 51408 mz slices ... OK
Create profile matrix with method 'bin' and step 1 ... OK
Create profile matrix with method 'bin' and step 1 ... OK
Create profile matrix with method 'bin' and step 1 ... OK
Create profile matrix with method 'bin' and step 1 ... OK
Create profile matrix with method 'bin' and step 1 ... OK
Processing 51408 mz slices ... OK
Create profile matrix with method 'bin' and step 1 ... OK
Create profile matrix with method 'bin' and step 1 ... OK
Create profile matrix with method 'bin' and step 1 ... OK
Create profile matrix with method 'bin' and step 1 ... OK
Create profile matrix with method 'bin' and step 1 ... OK
Processing 51408 mz slices ... OK
Create profile matrix with method 'bin' and step 1 ... OK
Create profile matrix with method 'bin' and step 1 ... OK
Create profile matrix with method 'bin' and step 1 ... OK
Create profile matrix with method 'bin' and step 1 ... OK
Create profile matrix with method 'bin' and step 1 ... OK
Processing 51408 mz slices ... OK
Create profile matrix with method 'bin' and step 1 ... OK
Create profile matrix with method 'bin' and step 1 ... OK
Create profile matrix with method 'bin' and step 1 ... OK
Create profile matrix with method 'bin' and step 1 ... OK
Create profile matrix with method 'bin' and step 1 ... OK
Processing 51408 mz slices ... OK
Create profile matrix with method 'bin' and step 0.7 ... OK
Create profile matrix with method 'bin' and step 0.7 ... OK
Create profile matrix with method 'bin' and step 0.7 ... OK
Create profile matrix with method 'bin' and step 0.7 ... OK
Create profile matrix with method 'bin' and step 0.7 ... OK
Create profile matrix with method 'bin' and step 0.7 ... OK
Create profile matrix with method 'bin' and step 0.7 ... OK
Create profile matrix with method 'bin' and step 0.7 ... OK
Processing 51408 mz slices ... OK
Create profile matrix with method 'bin' and step 0.7 ... OK
Create profile matrix with method 'bin' and step 0.7 ... OK
Create profile matrix with method 'bin' and step 0.7 ... OK
Create profile matrix with method 'bin' and step 0.7 ... OK
Create profile matrix with method 'bin' and step 0.7 ... OK
Create profile matrix with method 'bin' and step 0.7 ... OK
Create profile matrix with method 'bin' and step 0.7 ... OK
Create profile matrix with method 'bin' and step 0.7 ... OK
Processing 51408 mz slices ... OK
Create profile matrix with method 'bin' and step 0.7 ... OK
Create profile matrix with method 'bin' and step 0.7 ... OK
Create profile matrix with method 'bin' and step 0.7 ... OK
Create profile matrix with method 'bin' and step 0.7 ... OK
Create profile matrix with method 'bin' and step 0.7 ... OK
Create profile matrix with method 'bin' and step 0.7 ... OK
Create profile matrix with method 'bin' and step 0.7 ... OK
Create profile matrix with method 'bin' and step 0.7 ... OK
Processing 51408 mz slices ... OK
Create profile matrix with method 'bin' and step 0.7 ... OK
Create profile matrix with method 'bin' and step 0.7 ... OK
Create profile matrix with method 'bin' and step 0.7 ... OK
Create profile matrix with method 'bin' and step 0.7 ... OK
Create profile matrix with method 'bin' and step 0.7 ... OK
Create profile matrix with method 'bin' and step 0.7 ... OK
Create profile matrix with method 'bin' and step 0.7 ... OK
Create profile matrix with method 'bin' and step 0.7 ... OK
Processing 51408 mz slices ... OK
Create profile matrix with method 'bin' and step 1 ... OK
Create profile matrix with method 'bin' and step 1 ... OK
Create profile matrix with method 'bin' and step 1 ... OK
Create profile matrix with method 'bin' and step 1 ... OK
Create profile matrix with method 'bin' and step 1 ... OK
Processing 51408 mz slices ... OK
Create profile matrix with method 'bin' and step 1 ... OK
Create profile matrix with method 'bin' and step 1 ... OK
Create profile matrix with method 'bin' and step 1 ... OK
Create profile matrix with method 'bin' and step 1 ... OK
Create profile matrix with method 'bin' and step 1 ... OK
Processing 51408 mz slices ... OK
Create profile matrix with method 'bin' and step 1 ... OK
Create profile matrix with method 'bin' and step 1 ... OK
Create profile matrix with method 'bin' and step 1 ... OK
Create profile matrix with method 'bin' and step 1 ... OK
Create profile matrix with method 'bin' and step 1 ... OK
Processing 51408 mz slices ... OK
Create profile matrix with method 'bin' and step 1 ... OK
Create profile matrix with method 'bin' and step 1 ... OK
Create profile matrix with method 'bin' and step 1 ... OK
Create profile matrix with method 'bin' and step 1 ... OK
Create profile matrix with method 'bin' and step 1 ... OK
Processing 51408 mz slices ... OK
Create profile matrix with method 'bin' and step 0.85 ... OK
Create profile matrix with method 'bin' and step 0.85 ... OK
Create profile matrix with method 'bin' and step 0.85 ... OK
Create profile matrix with method 'bin' and step 0.85 ... OK
Create profile matrix with method 'bin' and step 0.85 ... OK
Create profile matrix with method 'bin' and step 0.85 ... OK
Create profile matrix with method 'bin' and step 0.85 ... OK
Create profile matrix with method 'bin' and step 0.85 ... OK
Processing 71971 mz slices ... OK
Create profile matrix with method 'bin' and step 0.85 ... OK
Create profile matrix with method 'bin' and step 0.85 ... OK
Create profile matrix with method 'bin' and step 0.85 ... OK
Create profile matrix with method 'bin' and step 0.85 ... OK
Create profile matrix with method 'bin' and step 0.85 ... OK
Create profile matrix with method 'bin' and step 0.85 ... OK
Create profile matrix with method 'bin' and step 0.85 ... OK
Create profile matrix with method 'bin' and step 0.85 ... OK
Processing 71971 mz slices ... OK
Create profile matrix with method 'bin' and step 0.85 ... OK
Create profile matrix with method 'bin' and step 0.85 ... OK
Create profile matrix with method 'bin' and step 0.85 ... OK
Create profile matrix with method 'bin' and step 0.85 ... OK
Create profile matrix with method 'bin' and step 0.85 ... OK
Create profile matrix with method 'bin' and step 0.85 ... OK
Create profile matrix with method 'bin' and step 0.85 ... OK
Create profile matrix with method 'bin' and step 0.85 ... OK
Processing 71971 mz slices ... OK
Create profile matrix with method 'bin' and step 0.85 ... OK
Create profile matrix with method 'bin' and step 0.85 ... OK
Create profile matrix with method 'bin' and step 0.85 ... OK
Create profile matrix with method 'bin' and step 0.85 ... OK
Create profile matrix with method 'bin' and step 0.85 ... OK
Create profile matrix with method 'bin' and step 0.85 ... OK
Create profile matrix with method 'bin' and step 0.85 ... OK
Create profile matrix with method 'bin' and step 0.85 ... OK
Processing 71971 mz slices ... OK
Create profile matrix with method 'bin' and step 0.85 ... OK
Create profile matrix with method 'bin' and step 0.85 ... OK
Create profile matrix with method 'bin' and step 0.85 ... OK
Create profile matrix with method 'bin' and step 0.85 ... OK
Create profile matrix with method 'bin' and step 0.85 ... OK
Create profile matrix with method 'bin' and step 0.85 ... OK
Create profile matrix with method 'bin' and step 0.85 ... OK
Create profile matrix with method 'bin' and step 0.85 ... OK
Processing 71971 mz slices ... OK
Create profile matrix with method 'bin' and step 0.7 ... OK
Create profile matrix with method 'bin' and step 0.7 ... OK
Create profile matrix with method 'bin' and step 0.7 ... OK
Create profile matrix with method 'bin' and step 0.7 ... OK
Create profile matrix with method 'bin' and step 0.7 ... OK
Create profile matrix with method 'bin' and step 0.7 ... OK
Create profile matrix with method 'bin' and step 0.7 ... OK
Create profile matrix with method 'bin' and step 0.7 ... OK
Processing 71971 mz slices ... OK
Create profile matrix with method 'bin' and step 1 ... OK
Create profile matrix with method 'bin' and step 1 ... OK
Create profile matrix with method 'bin' and step 1 ... OK
Create profile matrix with method 'bin' and step 1 ... OK
Create profile matrix with method 'bin' and step 1 ... OK
Processing 71971 mz slices ... OK
Create profile matrix with method 'bin' and step 0.85 ... OK
Create profile matrix with method 'bin' and step 0.85 ... OK
Create profile matrix with method 'bin' and step 0.85 ... OK
Create profile matrix with method 'bin' and step 0.85 ... OK
Create profile matrix with method 'bin' and step 0.85 ... OK
Create profile matrix with method 'bin' and step 0.85 ... OK
Create profile matrix with method 'bin' and step 0.85 ... OK
Create profile matrix with method 'bin' and step 0.85 ... OK
Processing 71971 mz slices ... OK
Create profile matrix with method 'bin' and step 0.85 ... OK
Create profile matrix with method 'bin' and step 0.85 ... OK
Create profile matrix with method 'bin' and step 0.85 ... OK
Create profile matrix with method 'bin' and step 0.85 ... OK
Create profile matrix with method 'bin' and step 0.85 ... OK
Create profile matrix with method 'bin' and step 0.85 ... OK
Create profile matrix with method 'bin' and step 0.85 ... OK
Create profile matrix with method 'bin' and step 0.85 ... OK
Processing 71971 mz slices ... OK
Create profile matrix with method 'bin' and step 0.85 ... OK
Create profile matrix with method 'bin' and step 0.85 ... OK
Create profile matrix with method 'bin' and step 0.85 ... OK
Create profile matrix with method 'bin' and step 0.85 ... OK
Create profile matrix with method 'bin' and step 0.85 ... OK
Create profile matrix with method 'bin' and step 0.85 ... OK
Create profile matrix with method 'bin' and step 0.85 ... OK
Create profile matrix with method 'bin' and step 0.85 ... OK
Processing 119950 mz slices ... OK
Create profile matrix with method 'bin' and step 0.85 ... OK
Create profile matrix with method 'bin' and step 0.85 ... OK
Create profile matrix with method 'bin' and step 0.85 ... OK
Create profile matrix with method 'bin' and step 0.85 ... OK
Create profile matrix with method 'bin' and step 0.85 ... OK
Create profile matrix with method 'bin' and step 0.85 ... OK
Create profile matrix with method 'bin' and step 0.85 ... OK
Create profile matrix with method 'bin' and step 0.85 ... OK
Processing 51408 mz slices ... OK
Create profile matrix with method 'bin' and step 0.85 ... OK
Create profile matrix with method 'bin' and step 0.85 ... OK
Create profile matrix with method 'bin' and step 0.85 ... OK
Create profile matrix with method 'bin' and step 0.85 ... OK
Create profile matrix with method 'bin' and step 0.85 ... OK
Create profile matrix with method 'bin' and step 0.85 ... OK
Create profile matrix with method 'bin' and step 0.85 ... OK
Create profile matrix with method 'bin' and step 0.85 ... OK
Processing 71971 mz slices ... OK
Create profile matrix with method 'bin' and step 0.835 ... OK
Create profile matrix with method 'bin' and step 0.835 ... OK
Create profile matrix with method 'bin' and step 0.835 ... OK
Create profile matrix with method 'bin' and step 0.835 ... OK
Create profile matrix with method 'bin' and step 0.835 ... OK
Create profile matrix with method 'bin' and step 0.835 ... OK
Create profile matrix with method 'bin' and step 0.835 ... OK
Create profile matrix with method 'bin' and step 0.835 ... OK
Processing 119950 mz slices ... OK



starting new DoE with:

gapInit: c(0.16, 0.64)
gapExtend: c(2.16, 2.64)
profStep: c(0.715, 0.955)
bw: c(12.4, 31.6)
mzwid: c(0.003, 0.027)
distFunc: cor_opt
plottype: none
response: 1
factorDiag: 2
factorGap: 1
localAlignment: 0
retcorMethod: obiwarp
minfrac: 0.05
minsamp: 1
max: 50
center: 4

Create profile matrix with method 'bin' and step 0.715 ... OK
Create profile matrix with method 'bin' and step 0.715 ... OK
Create profile matrix with method 'bin' and step 0.715 ... OK
Create profile matrix with method 'bin' and step 0.715 ... OK
Create profile matrix with method 'bin' and step 0.715 ... OK
Create profile matrix with method 'bin' and step 0.715 ... OK
Create profile matrix with method 'bin' and step 0.715 ... OK
Create profile matrix with method 'bin' and step 0.715 ... OK
Processing 599745 mz slices ... OK
Create profile matrix with method 'bin' and step 0.715 ... OK
Create profile matrix with method 'bin' and step 0.715 ... OK
Create profile matrix with method 'bin' and step 0.715 ... OK
Create profile matrix with method 'bin' and step 0.715 ... OK
Create profile matrix with method 'bin' and step 0.715 ... OK
Create profile matrix with method 'bin' and step 0.715 ... OK
Create profile matrix with method 'bin' and step 0.715 ... OK
Create profile matrix with method 'bin' and step 0.715 ... OK
Processing 599745 mz slices ... OK
Create profile matrix with method 'bin' and step 0.715 ... OK
Create profile matrix with method 'bin' and step 0.715 ... OK
Create profile matrix with method 'bin' and step 0.715 ... OK
Create profile matrix with method 'bin' and step 0.715 ... OK
Create profile matrix with method 'bin' and step 0.715 ... OK
Create profile matrix with method 'bin' and step 0.715 ... OK
Create profile matrix with method 'bin' and step 0.715 ... OK
Create profile matrix with method 'bin' and step 0.715 ... OK
Processing 599745 mz slices ... OK
Create profile matrix with method 'bin' and step 0.715 ... OK
Create profile matrix with method 'bin' and step 0.715 ... OK
Create profile matrix with method 'bin' and step 0.715 ... OK
Create profile matrix with method 'bin' and step 0.715 ... OK
Create profile matrix with method 'bin' and step 0.715 ... OK
Create profile matrix with method 'bin' and step 0.715 ... OK
Create profile matrix with method 'bin' and step 0.715 ... OK
Create profile matrix with method 'bin' and step 0.715 ... OK
Processing 599745 mz slices ... OK
Create profile matrix with method 'bin' and step 0.955 ... OK
Create profile matrix with method 'bin' and step 0.955 ... OK
Create profile matrix with method 'bin' and step 0.955 ... OK
Create profile matrix with method 'bin' and step 0.955 ... OK
Create profile matrix with method 'bin' and step 0.955 ... OK
Create profile matrix with method 'bin' and step 0.955 ... OK
Create profile matrix with method 'bin' and step 0.955 ... OK
Create profile matrix with method 'bin' and step 0.955 ... OK
Processing 599745 mz slices ... OK
Create profile matrix with method 'bin' and step 0.955 ... OK
Create profile matrix with method 'bin' and step 0.955 ... OK
Create profile matrix with method 'bin' and step 0.955 ... OK
Create profile matrix with method 'bin' and step 0.955 ... OK
Create profile matrix with method 'bin' and step 0.955 ... OK
Create profile matrix with method 'bin' and step 0.955 ... OK
Create profile matrix with method 'bin' and step 0.955 ... OK
Create profile matrix with method 'bin' and step 0.955 ... OK
Processing 599745 mz slices ... OK
Create profile matrix with method 'bin' and step 0.955 ... OK
Create profile matrix with method 'bin' and step 0.955 ... OK
Create profile matrix with method 'bin' and step 0.955 ... OK
Create profile matrix with method 'bin' and step 0.955 ... OK
Create profile matrix with method 'bin' and step 0.955 ... OK
Create profile matrix with method 'bin' and step 0.955 ... OK
Create profile matrix with method 'bin' and step 0.955 ... OK
Create profile matrix with method 'bin' and step 0.955 ... OK
Processing 599745 mz slices ... OK
Create profile matrix with method 'bin' and step 0.955 ... OK
Create profile matrix with method 'bin' and step 0.955 ... OK
Create profile matrix with method 'bin' and step 0.955 ... OK
Create profile matrix with method 'bin' and step 0.955 ... OK
Create profile matrix with method 'bin' and step 0.955 ... OK
Create profile matrix with method 'bin' and step 0.955 ... OK
Create profile matrix with method 'bin' and step 0.955 ... OK
Create profile matrix with method 'bin' and step 0.955 ... OK
Processing 599745 mz slices ... OK
Create profile matrix with method 'bin' and step 0.715 ... OK
Create profile matrix with method 'bin' and step 0.715 ... OK
Create profile matrix with method 'bin' and step 0.715 ... OK
Create profile matrix with method 'bin' and step 0.715 ... OK
Create profile matrix with method 'bin' and step 0.715 ... OK
Create profile matrix with method 'bin' and step 0.715 ... OK
Create profile matrix with method 'bin' and step 0.715 ... OK
Create profile matrix with method 'bin' and step 0.715 ... OK
Processing 599745 mz slices ... OK
Create profile matrix with method 'bin' and step 0.715 ... OK
Create profile matrix with method 'bin' and step 0.715 ... OK
Create profile matrix with method 'bin' and step 0.715 ... OK
Create profile matrix with method 'bin' and step 0.715 ... OK
Create profile matrix with method 'bin' and step 0.715 ... OK
Create profile matrix with method 'bin' and step 0.715 ... OK
Create profile matrix with method 'bin' and step 0.715 ... OK
Create profile matrix with method 'bin' and step 0.715 ... OK
Processing 599745 mz slices ... OK
Create profile matrix with method 'bin' and step 0.715 ... OK
Create profile matrix with method 'bin' and step 0.715 ... OK
Create profile matrix with method 'bin' and step 0.715 ... OK
Create profile matrix with method 'bin' and step 0.715 ... OK
Create profile matrix with method 'bin' and step 0.715 ... OK
Create profile matrix with method 'bin' and step 0.715 ... OK
Create profile matrix with method 'bin' and step 0.715 ... OK
Create profile matrix with method 'bin' and step 0.715 ... OK
Processing 599745 mz slices ... OK
Create profile matrix with method 'bin' and step 0.715 ... OK
Create profile matrix with method 'bin' and step 0.715 ... OK
Create profile matrix with method 'bin' and step 0.715 ... OK
Create profile matrix with method 'bin' and step 0.715 ... OK
Create profile matrix with method 'bin' and step 0.715 ... OK
Create profile matrix with method 'bin' and step 0.715 ... OK
Create profile matrix with method 'bin' and step 0.715 ... OK
Create profile matrix with method 'bin' and step 0.715 ... OK
Processing 599745 mz slices ... OK
Create profile matrix with method 'bin' and step 0.955 ... OK
Create profile matrix with method 'bin' and step 0.955 ... OK
Create profile matrix with method 'bin' and step 0.955 ... OK
Create profile matrix with method 'bin' and step 0.955 ... OK
Create profile matrix with method 'bin' and step 0.955 ... OK
Create profile matrix with method 'bin' and step 0.955 ... OK
Create profile matrix with method 'bin' and step 0.955 ... OK
Create profile matrix with method 'bin' and step 0.955 ... OK
Processing 599745 mz slices ... OK
Create profile matrix with method 'bin' and step 0.955 ... OK
Create profile matrix with method 'bin' and step 0.955 ... OK
Create profile matrix with method 'bin' and step 0.955 ... OK
Create profile matrix with method 'bin' and step 0.955 ... OK
Create profile matrix with method 'bin' and step 0.955 ... OK
Create profile matrix with method 'bin' and step 0.955 ... OK
Create profile matrix with method 'bin' and step 0.955 ... OK
Create profile matrix with method 'bin' and step 0.955 ... OK
Processing 599745 mz slices ... OK
Create profile matrix with method 'bin' and step 0.955 ... OK
Create profile matrix with method 'bin' and step 0.955 ... OK
Create profile matrix with method 'bin' and step 0.955 ... OK
Create profile matrix with method 'bin' and step 0.955 ... OK
Create profile matrix with method 'bin' and step 0.955 ... OK
Create profile matrix with method 'bin' and step 0.955 ... OK
Create profile matrix with method 'bin' and step 0.955 ... OK
Create profile matrix with method 'bin' and step 0.955 ... OK
Processing 599745 mz slices ... OK
Create profile matrix with method 'bin' and step 0.955 ... OK
Create profile matrix with method 'bin' and step 0.955 ... OK
Create profile matrix with method 'bin' and step 0.955 ... OK
Create profile matrix with method 'bin' and step 0.955 ... OK
Create profile matrix with method 'bin' and step 0.955 ... OK
Create profile matrix with method 'bin' and step 0.955 ... OK
Create profile matrix with method 'bin' and step 0.955 ... OK
Create profile matrix with method 'bin' and step 0.955 ... OK
Processing 599745 mz slices ... OK
Create profile matrix with method 'bin' and step 0.715 ... OK
Create profile matrix with method 'bin' and step 0.715 ... OK
Create profile matrix with method 'bin' and step 0.715 ... OK
Create profile matrix with method 'bin' and step 0.715 ... OK
Create profile matrix with method 'bin' and step 0.715 ... OK
Create profile matrix with method 'bin' and step 0.715 ... OK
Create profile matrix with method 'bin' and step 0.715 ... OK
Create profile matrix with method 'bin' and step 0.715 ... OK
Processing 66640 mz slices ... OK
Create profile matrix with method 'bin' and step 0.715 ... OK
Create profile matrix with method 'bin' and step 0.715 ... OK
Create profile matrix with method 'bin' and step 0.715 ... OK
Create profile matrix with method 'bin' and step 0.715 ... OK
Create profile matrix with method 'bin' and step 0.715 ... OK
Create profile matrix with method 'bin' and step 0.715 ... OK
Create profile matrix with method 'bin' and step 0.715 ... OK
Create profile matrix with method 'bin' and step 0.715 ... OK
Processing 66640 mz slices ... OK
Create profile matrix with method 'bin' and step 0.715 ... OK
Create profile matrix with method 'bin' and step 0.715 ... OK
Create profile matrix with method 'bin' and step 0.715 ... OK
Create profile matrix with method 'bin' and step 0.715 ... OK
Create profile matrix with method 'bin' and step 0.715 ... OK
Create profile matrix with method 'bin' and step 0.715 ... OK
Create profile matrix with method 'bin' and step 0.715 ... OK
Create profile matrix with method 'bin' and step 0.715 ... OK
Processing 66640 mz slices ... OK
Create profile matrix with method 'bin' and step 0.715 ... OK
Create profile matrix with method 'bin' and step 0.715 ... OK
Create profile matrix with method 'bin' and step 0.715 ... OK
Create profile matrix with method 'bin' and step 0.715 ... OK
Create profile matrix with method 'bin' and step 0.715 ... OK
Create profile matrix with method 'bin' and step 0.715 ... OK
Create profile matrix with method 'bin' and step 0.715 ... OK
Create profile matrix with method 'bin' and step 0.715 ... OK
Processing 66640 mz slices ... OK
Create profile matrix with method 'bin' and step 0.955 ... OK
Create profile matrix with method 'bin' and step 0.955 ... OK
Create profile matrix with method 'bin' and step 0.955 ... OK
Create profile matrix with method 'bin' and step 0.955 ... OK
Create profile matrix with method 'bin' and step 0.955 ... OK
Create profile matrix with method 'bin' and step 0.955 ... OK
Create profile matrix with method 'bin' and step 0.955 ... OK
Create profile matrix with method 'bin' and step 0.955 ... OK
Processing 66640 mz slices ... OK
Create profile matrix with method 'bin' and step 0.955 ... OK
Create profile matrix with method 'bin' and step 0.955 ... OK
Create profile matrix with method 'bin' and step 0.955 ... OK
Create profile matrix with method 'bin' and step 0.955 ... OK
Create profile matrix with method 'bin' and step 0.955 ... OK
Create profile matrix with method 'bin' and step 0.955 ... OK
Create profile matrix with method 'bin' and step 0.955 ... OK
Create profile matrix with method 'bin' and step 0.955 ... OK
Processing 66640 mz slices ... OK
Create profile matrix with method 'bin' and step 0.955 ... OK
Create profile matrix with method 'bin' and step 0.955 ... OK
Create profile matrix with method 'bin' and step 0.955 ... OK
Create profile matrix with method 'bin' and step 0.955 ... OK
Create profile matrix with method 'bin' and step 0.955 ... OK
Create profile matrix with method 'bin' and step 0.955 ... OK
Create profile matrix with method 'bin' and step 0.955 ... OK
Create profile matrix with method 'bin' and step 0.955 ... OK
Processing 66640 mz slices ... OK
Create profile matrix with method 'bin' and step 0.955 ... OK
Create profile matrix with method 'bin' and step 0.955 ... OK
Create profile matrix with method 'bin' and step 0.955 ... OK
Create profile matrix with method 'bin' and step 0.955 ... OK
Create profile matrix with method 'bin' and step 0.955 ... OK
Create profile matrix with method 'bin' and step 0.955 ... OK
Create profile matrix with method 'bin' and step 0.955 ... OK
Create profile matrix with method 'bin' and step 0.955 ... OK
Processing 66640 mz slices ... OK
Create profile matrix with method 'bin' and step 0.715 ... OK
Create profile matrix with method 'bin' and step 0.715 ... OK
Create profile matrix with method 'bin' and step 0.715 ... OK
Create profile matrix with method 'bin' and step 0.715 ... OK
Create profile matrix with method 'bin' and step 0.715 ... OK
Create profile matrix with method 'bin' and step 0.715 ... OK
Create profile matrix with method 'bin' and step 0.715 ... OK
Create profile matrix with method 'bin' and step 0.715 ... OK
Processing 66640 mz slices ... OK
Create profile matrix with method 'bin' and step 0.715 ... OK
Create profile matrix with method 'bin' and step 0.715 ... OK
Create profile matrix with method 'bin' and step 0.715 ... OK
Create profile matrix with method 'bin' and step 0.715 ... OK
Create profile matrix with method 'bin' and step 0.715 ... OK
Create profile matrix with method 'bin' and step 0.715 ... OK
Create profile matrix with method 'bin' and step 0.715 ... OK
Create profile matrix with method 'bin' and step 0.715 ... OK
Processing 66640 mz slices ... OK
