center sample:  Volunteer2_blood_4h_NEG 
Processing: Volunteer1_blood_24h_NEG  Volunteer1_blood_1h_NEG  Volunteer3_blood_24h_NEG  Volunteer2_blood_1h_NEG  
center sample:  Volunteer2_blood_4h_NEG 
Processing: Volunteer1_blood_24h_NEG  Volunteer1_blood_1h_NEG  Volunteer3_blood_24h_NEG  Volunteer2_blood_1h_NEG  
center sample:  Volunteer2_blood_4h_NEG 
Processing: Volunteer1_blood_24h_NEG  Volunteer1_blood_1h_NEG  Volunteer3_blood_24h_NEG  Volunteer2_blood_1h_NEG  
center sample:  Volunteer2_blood_4h_NEG 
Processing: Volunteer1_blood_24h_NEG  Volunteer1_blood_1h_NEG  Volunteer3_blood_24h_NEG  Volunteer2_blood_1h_NEG  
center sample:  Volunteer2_blood_4h_NEG 
Processing: Volunteer1_blood_24h_NEG  Volunteer1_blood_1h_NEG  Volunteer3_blood_24h_NEG  Volunteer2_blood_1h_NEG  
center sample:  Volunteer2_blood_4h_NEG 
Processing: Volunteer1_blood_24h_NEG  Volunteer1_blood_1h_NEG  Volunteer3_blood_24h_NEG  Volunteer2_blood_1h_NEG  
center sample:  Volunteer2_blood_4h_NEG 
Processing: Volunteer1_blood_24h_NEG  Volunteer1_blood_1h_NEG  Volunteer3_blood_24h_NEG  Volunteer2_blood_1h_NEG  
center sample:  Volunteer2_blood_4h_NEG 
Processing: Volunteer1_blood_24h_NEG  Volunteer1_blood_1h_NEG  Volunteer3_blood_24h_NEG  Volunteer2_blood_1h_NEG  
center sample:  Volunteer2_blood_4h_NEG 
Processing: Volunteer1_blood_24h_NEG  Volunteer1_blood_1h_NEG  Volunteer3_blood_24h_NEG  Volunteer2_blood_1h_NEG  
center sample:  Volunteer2_blood_4h_NEG 
Processing: Volunteer1_blood_24h_NEG  Volunteer1_blood_1h_NEG  Volunteer3_blood_24h_NEG  Volunteer2_blood_1h_NEG  
center sample:  Volunteer2_blood_4h_NEG 
Processing: Volunteer1_blood_24h_NEG  Volunteer1_blood_1h_NEG  Volunteer3_blood_24h_NEG  Volunteer2_blood_1h_NEG  
center sample:  Volunteer2_blood_4h_NEG 
Processing: Volunteer1_blood_24h_NEG  Volunteer1_blood_1h_NEG  Volunteer3_blood_24h_NEG  Volunteer2_blood_1h_NEG  
center sample:  Volunteer2_blood_4h_NEG 
Processing: Volunteer1_blood_24h_NEG  Volunteer1_blood_1h_NEG  Volunteer3_blood_24h_NEG  Volunteer2_blood_1h_NEG  
center sample:  Volunteer2_blood_4h_NEG 
Processing: Volunteer1_blood_24h_NEG  Volunteer1_blood_1h_NEG  Volunteer3_blood_24h_NEG  Volunteer2_blood_1h_NEG  
center sample:  Volunteer2_blood_4h_NEG 
Processing: Volunteer1_blood_24h_NEG  Volunteer1_blood_1h_NEG  Volunteer3_blood_24h_NEG  Volunteer2_blood_1h_NEG  
center sample:  Volunteer2_blood_4h_NEG 
Processing: Volunteer1_blood_24h_NEG  Volunteer1_blood_1h_NEG  Volunteer3_blood_24h_NEG  Volunteer2_blood_1h_NEG  
center sample:  Volunteer2_blood_4h_NEG 
Processing: Volunteer1_blood_24h_NEG  Volunteer1_blood_1h_NEG  Volunteer3_blood_24h_NEG  Volunteer2_blood_1h_NEG  
center sample:  Volunteer2_blood_4h_NEG 
Processing: Volunteer1_blood_24h_NEG  Volunteer1_blood_1h_NEG  Volunteer3_blood_24h_NEG  Volunteer2_blood_1h_NEG  
center sample:  Volunteer2_blood_4h_NEG 
Processing: Volunteer1_blood_24h_NEG  Volunteer1_blood_1h_NEG  Volunteer3_blood_24h_NEG  Volunteer2_blood_1h_NEG  
center sample:  Volunteer2_blood_4h_NEG 
Processing: Volunteer1_blood_24h_NEG  Volunteer1_blood_1h_NEG  Volunteer3_blood_24h_NEG  Volunteer2_blood_1h_NEG  
center sample:  Volunteer2_blood_4h_NEG 
Processing: Volunteer1_blood_24h_NEG  Volunteer1_blood_1h_NEG  Volunteer3_blood_24h_NEG  Volunteer2_blood_1h_NEG  
center sample:  Volunteer2_blood_4h_NEG 
Processing: Volunteer1_blood_24h_NEG  Volunteer1_blood_1h_NEG  Volunteer3_blood_24h_NEG  Volunteer2_blood_1h_NEG  
center sample:  Volunteer2_blood_4h_NEG 
Processing: Volunteer1_blood_24h_NEG  Volunteer1_blood_1h_NEG  Volunteer3_blood_24h_NEG  Volunteer2_blood_1h_NEG  
center sample:  Volunteer2_blood_4h_NEG 
Processing: Volunteer1_blood_24h_NEG  Volunteer1_blood_1h_NEG  Volunteer3_blood_24h_NEG  Volunteer2_blood_1h_NEG  
center sample:  Volunteer2_blood_4h_NEG 
Processing: Volunteer1_blood_24h_NEG  Volunteer1_blood_1h_NEG  Volunteer3_blood_24h_NEG  Volunteer2_blood_1h_NEG  
center sample:  Volunteer2_blood_4h_NEG 
Processing: Volunteer1_blood_24h_NEG  Volunteer1_blood_1h_NEG  Volunteer3_blood_24h_NEG  Volunteer2_blood_1h_NEG  
center sample:  Volunteer2_blood_4h_NEG 
Processing: Volunteer1_blood_24h_NEG  Volunteer1_blood_1h_NEG  Volunteer3_blood_24h_NEG  Volunteer2_blood_1h_NEG  
center sample:  Volunteer2_blood_4h_NEG 
Processing: Volunteer1_blood_24h_NEG  Volunteer1_blood_1h_NEG  Volunteer3_blood_24h_NEG  Volunteer2_blood_1h_NEG  
center sample:  Volunteer2_blood_4h_NEG 
Processing: Volunteer1_blood_24h_NEG  Volunteer1_blood_1h_NEG  Volunteer3_blood_24h_NEG  Volunteer2_blood_1h_NEG  
center sample:  Volunteer2_blood_4h_NEG 
Processing: Volunteer1_blood_24h_NEG  Volunteer1_blood_1h_NEG  Volunteer3_blood_24h_NEG  Volunteer2_blood_1h_NEG  
center sample:  Volunteer2_blood_4h_NEG 
Processing: Volunteer1_blood_24h_NEG  Volunteer1_blood_1h_NEG  Volunteer3_blood_24h_NEG  Volunteer2_blood_1h_NEG  
center sample:  Volunteer2_blood_4h_NEG 
Processing: Volunteer1_blood_24h_NEG  Volunteer1_blood_1h_NEG  Volunteer3_blood_24h_NEG  Volunteer2_blood_1h_NEG  
center sample:  Volunteer2_blood_4h_NEG 
Processing: Volunteer1_blood_24h_NEG  Volunteer1_blood_1h_NEG  Volunteer3_blood_24h_NEG  Volunteer2_blood_1h_NEG  
center sample:  Volunteer2_blood_4h_NEG 
Processing: Volunteer1_blood_24h_NEG  Volunteer1_blood_1h_NEG  Volunteer3_blood_24h_NEG  Volunteer2_blood_1h_NEG  
center sample:  Volunteer2_blood_4h_NEG 
Processing: Volunteer1_blood_24h_NEG  Volunteer1_blood_1h_NEG  Volunteer3_blood_24h_NEG  Volunteer2_blood_1h_NEG  
center sample:  Volunteer2_blood_4h_NEG 
Processing: Volunteer1_blood_24h_NEG  Volunteer1_blood_1h_NEG  Volunteer3_blood_24h_NEG  Volunteer2_blood_1h_NEG  
center sample:  Volunteer2_blood_4h_NEG 
Processing: Volunteer1_blood_24h_NEG  Volunteer1_blood_1h_NEG  Volunteer3_blood_24h_NEG  Volunteer2_blood_1h_NEG  
center sample:  Volunteer2_blood_4h_NEG 
Processing: Volunteer1_blood_24h_NEG  Volunteer1_blood_1h_NEG  Volunteer3_blood_24h_NEG  Volunteer2_blood_1h_NEG  
center sample:  Volunteer2_blood_4h_NEG 
Processing: Volunteer1_blood_24h_NEG  Volunteer1_blood_1h_NEG  Volunteer3_blood_24h_NEG  Volunteer2_blood_1h_NEG  
center sample:  Volunteer2_blood_4h_NEG 
Processing: Volunteer1_blood_24h_NEG  Volunteer1_blood_1h_NEG  Volunteer3_blood_24h_NEG  Volunteer2_blood_1h_NEG  
center sample:  Volunteer2_blood_4h_NEG 
Processing: Volunteer1_blood_24h_NEG  Volunteer1_blood_1h_NEG  Volunteer3_blood_24h_NEG  Volunteer2_blood_1h_NEG  
center sample:  Volunteer2_blood_4h_NEG 
Processing: Volunteer1_blood_24h_NEG  Volunteer1_blood_1h_NEG  Volunteer3_blood_24h_NEG  Volunteer2_blood_1h_NEG  
center sample:  Volunteer2_blood_4h_NEG 
Processing: Volunteer1_blood_24h_NEG  Volunteer1_blood_1h_NEG  Volunteer3_blood_24h_NEG  Volunteer2_blood_1h_NEG  
center sample:  Volunteer2_blood_4h_NEG 
Processing: Volunteer1_blood_24h_NEG  Volunteer1_blood_1h_NEG  Volunteer3_blood_24h_NEG  Volunteer2_blood_1h_NEG  
center sample:  Volunteer2_blood_4h_NEG 
Processing: Volunteer1_blood_24h_NEG  Volunteer1_blood_1h_NEG  Volunteer3_blood_24h_NEG  Volunteer2_blood_1h_NEG  
center sample:  Volunteer2_blood_4h_NEG 
Processing: Volunteer1_blood_24h_NEG  Volunteer1_blood_1h_NEG  Volunteer3_blood_24h_NEG  Volunteer2_blood_1h_NEG  
center sample:  Volunteer2_blood_4h_NEG 
Processing: Volunteer1_blood_24h_NEG  Volunteer1_blood_1h_NEG  Volunteer3_blood_24h_NEG  Volunteer2_blood_1h_NEG  
center sample:  Volunteer2_blood_4h_NEG 
Processing: Volunteer1_blood_24h_NEG  Volunteer1_blood_1h_NEG  Volunteer3_blood_24h_NEG  Volunteer2_blood_1h_NEG  
center sample:  Volunteer2_blood_4h_NEG 
Processing: Volunteer1_blood_24h_NEG  Volunteer1_blood_1h_NEG  Volunteer3_blood_24h_NEG  Volunteer2_blood_1h_NEG  
center sample:  Volunteer2_blood_4h_NEG 
Processing: Volunteer1_blood_24h_NEG  Volunteer1_blood_1h_NEG  Volunteer3_blood_24h_NEG  Volunteer2_blood_1h_NEG  
center sample:  Volunteer2_blood_4h_NEG 
Processing: Volunteer1_blood_24h_NEG  Volunteer1_blood_1h_NEG  Volunteer3_blood_24h_NEG  Volunteer2_blood_1h_NEG  
center sample:  Volunteer2_blood_4h_NEG 
Processing: Volunteer1_blood_24h_NEG  Volunteer1_blood_1h_NEG  Volunteer3_blood_24h_NEG  Volunteer2_blood_1h_NEG  
center sample:  Volunteer2_blood_4h_NEG 
Processing: Volunteer1_blood_24h_NEG  Volunteer1_blood_1h_NEG  Volunteer3_blood_24h_NEG  Volunteer2_blood_1h_NEG  
center sample:  Volunteer2_blood_4h_NEG 
Processing: Volunteer1_blood_24h_NEG  Volunteer1_blood_1h_NEG  Volunteer3_blood_24h_NEG  Volunteer2_blood_1h_NEG  
center sample:  Volunteer2_blood_4h_NEG 
Processing: Volunteer1_blood_24h_NEG  Volunteer1_blood_1h_NEG  Volunteer3_blood_24h_NEG  Volunteer2_blood_1h_NEG  
center sample:  Volunteer2_blood_4h_NEG 
Processing: Volunteer1_blood_24h_NEG  Volunteer1_blood_1h_NEG  Volunteer3_blood_24h_NEG  Volunteer2_blood_1h_NEG  
center sample:  Volunteer2_blood_4h_NEG 
Processing: Volunteer1_blood_24h_NEG  Volunteer1_blood_1h_NEG  Volunteer3_blood_24h_NEG  Volunteer2_blood_1h_NEG  
center sample:  Volunteer2_blood_4h_NEG 
Processing: Volunteer1_blood_24h_NEG  Volunteer1_blood_1h_NEG  Volunteer3_blood_24h_NEG  Volunteer2_blood_1h_NEG  
center sample:  Volunteer2_blood_4h_NEG 
Processing: Volunteer1_blood_24h_NEG  Volunteer1_blood_1h_NEG  Volunteer3_blood_24h_NEG  Volunteer2_blood_1h_NEG  
center sample:  Volunteer2_blood_4h_NEG 
Processing: Volunteer1_blood_24h_NEG  Volunteer1_blood_1h_NEG  Volunteer3_blood_24h_NEG  Volunteer2_blood_1h_NEG  
center sample:  Volunteer2_blood_4h_NEG 
Processing: Volunteer1_blood_24h_NEG  Volunteer1_blood_1h_NEG  Volunteer3_blood_24h_NEG  Volunteer2_blood_1h_NEG  
center sample:  Volunteer2_blood_4h_NEG 
Processing: Volunteer1_blood_24h_NEG  Volunteer1_blood_1h_NEG  Volunteer3_blood_24h_NEG  Volunteer2_blood_1h_NEG  
center sample:  Volunteer2_blood_4h_NEG 
Processing: Volunteer1_blood_24h_NEG  Volunteer1_blood_1h_NEG  Volunteer3_blood_24h_NEG  Volunteer2_blood_1h_NEG  
center sample:  Volunteer2_blood_4h_NEG 
Processing: Volunteer1_blood_24h_NEG  Volunteer1_blood_1h_NEG  Volunteer3_blood_24h_NEG  Volunteer2_blood_1h_NEG  
center sample:  Volunteer2_blood_4h_NEG 
Processing: Volunteer1_blood_24h_NEG  Volunteer1_blood_1h_NEG  Volunteer3_blood_24h_NEG  Volunteer2_blood_1h_NEG  
center sample:  Volunteer2_blood_4h_NEG 
Processing: Volunteer1_blood_24h_NEG  Volunteer1_blood_1h_NEG  Volunteer3_blood_24h_NEG  Volunteer2_blood_1h_NEG  
center sample:  Volunteer2_blood_4h_NEG 
Processing: Volunteer1_blood_24h_NEG  Volunteer1_blood_1h_NEG  Volunteer3_blood_24h_NEG  Volunteer2_blood_1h_NEG  
center sample:  Volunteer2_blood_4h_NEG 
Processing: Volunteer1_blood_24h_NEG  Volunteer1_blood_1h_NEG  Volunteer3_blood_24h_NEG  Volunteer2_blood_1h_NEG  
center sample:  Volunteer2_blood_4h_NEG 
Processing: Volunteer1_blood_24h_NEG  Volunteer1_blood_1h_NEG  Volunteer3_blood_24h_NEG  Volunteer2_blood_1h_NEG  
center sample:  Volunteer2_blood_4h_NEG 
Processing: Volunteer1_blood_24h_NEG  Volunteer1_blood_1h_NEG  Volunteer3_blood_24h_NEG  Volunteer2_blood_1h_NEG  
center sample:  Volunteer2_blood_4h_NEG 
Processing: Volunteer1_blood_24h_NEG  Volunteer1_blood_1h_NEG  Volunteer3_blood_24h_NEG  Volunteer2_blood_1h_NEG  
center sample:  Volunteer2_blood_4h_NEG 
Processing: Volunteer1_blood_24h_NEG  Volunteer1_blood_1h_NEG  Volunteer3_blood_24h_NEG  Volunteer2_blood_1h_NEG  
center sample:  Volunteer2_blood_4h_NEG 
Processing: Volunteer1_blood_24h_NEG  Volunteer1_blood_1h_NEG  Volunteer3_blood_24h_NEG  Volunteer2_blood_1h_NEG  
center sample:  Volunteer2_blood_4h_NEG 
Processing: Volunteer1_blood_24h_NEG  Volunteer1_blood_1h_NEG  Volunteer3_blood_24h_NEG  Volunteer2_blood_1h_NEG  
center sample:  Volunteer2_blood_4h_NEG 
Processing: Volunteer1_blood_24h_NEG  Volunteer1_blood_1h_NEG  Volunteer3_blood_24h_NEG  Volunteer2_blood_1h_NEG  
center sample:  Volunteer2_blood_4h_NEG 
Processing: Volunteer1_blood_24h_NEG  Volunteer1_blood_1h_NEG  Volunteer3_blood_24h_NEG  Volunteer2_blood_1h_NEG  
center sample:  Volunteer2_blood_4h_NEG 
Processing: Volunteer1_blood_24h_NEG  Volunteer1_blood_1h_NEG  Volunteer3_blood_24h_NEG  Volunteer2_blood_1h_NEG  
center sample:  Volunteer2_blood_4h_NEG 
Processing: Volunteer1_blood_24h_NEG  Volunteer1_blood_1h_NEG  Volunteer3_blood_24h_NEG  Volunteer2_blood_1h_NEG  
center sample:  Volunteer2_blood_4h_NEG 
Processing: Volunteer1_blood_24h_NEG  Volunteer1_blood_1h_NEG  Volunteer3_blood_24h_NEG  Volunteer2_blood_1h_NEG  
center sample:  Volunteer2_blood_4h_NEG 
Processing: Volunteer1_blood_24h_NEG  Volunteer1_blood_1h_NEG  Volunteer3_blood_24h_NEG  Volunteer2_blood_1h_NEG  
center sample:  Volunteer2_blood_4h_NEG 
Processing: Volunteer1_blood_24h_NEG  Volunteer1_blood_1h_NEG  Volunteer3_blood_24h_NEG  Volunteer2_blood_1h_NEG  
center sample:  Volunteer2_blood_4h_NEG 
Processing: Volunteer1_blood_24h_NEG  Volunteer1_blood_1h_NEG  Volunteer3_blood_24h_NEG  Volunteer2_blood_1h_NEG  
center sample:  Volunteer2_blood_4h_NEG 
Processing: Volunteer1_blood_24h_NEG  Volunteer1_blood_1h_NEG  Volunteer3_blood_24h_NEG  Volunteer2_blood_1h_NEG  
center sample:  Volunteer2_blood_4h_NEG 
Processing: Volunteer1_blood_24h_NEG  Volunteer1_blood_1h_NEG  Volunteer3_blood_24h_NEG  Volunteer2_blood_1h_NEG  
center sample:  Volunteer2_blood_4h_NEG 
Processing: Volunteer1_blood_24h_NEG  Volunteer1_blood_1h_NEG  Volunteer3_blood_24h_NEG  Volunteer2_blood_1h_NEG  
center sample:  Volunteer2_blood_4h_NEG 
Processing: Volunteer1_blood_24h_NEG  Volunteer1_blood_1h_NEG  Volunteer3_blood_24h_NEG  Volunteer2_blood_1h_NEG  
center sample:  Volunteer2_blood_4h_NEG 
Processing: Volunteer1_blood_24h_NEG  Volunteer1_blood_1h_NEG  Volunteer3_blood_24h_NEG  Volunteer2_blood_1h_NEG  
center sample:  Volunteer2_blood_4h_NEG 
Processing: est ... OK: 6563 found.
7
Detecting mass traces at 20 ppm ... OK
Detecting chromatographic peaks in 20124 regions of interest ... OK: 8318 found.
8
Detecting mass traces at 20 ppm ... OK
Detecting chromatographic peaks in 15934 regions of interest ... OK: 6617 found.
9
Detecting mass traces at 8 ppm ... OK
Detecting chromatographic peaks in 17921 regions of interest ... OK: 6773 found.
10
Detecting mass traces at 8 ppm ... OK
Detecting chromatographic peaks in 13669 regions of interest ... OK: 5331 found.
11
Detecting mass traces at 8 ppm ... OK
Detecting chromatographic peaks in 17921 regions of interest ... OK: 6833 found.
12
Detecting mass traces at 8 ppm ... OK
Detecting chromatographic peaks in 13669 regions of interest ... OK: 5360 found.
13
Detecting mass traces at 20 ppm ... OK
Detecting chromatographic peaks in 20124 regions of interest ... OK: 7396 found.
14
Detecting mass traces at 20 ppm ... OK
Detecting chromatographic peaks in 15934 regions of interest ... OK: 5907 found.
15
Detecting mass traces at 20 ppm ... OK
Detecting chromatographic peaks in 20124 regions of interest ... OK: 7431 found.
16
Detecting mass traces at 20 ppm ... OK
Detecting chromatographic peaks in 15934 regions of interest ... OK: 5945 found.
17
Detecting mass traces at 14 ppm ... OK
Detecting chromatographic peaks in 19809 regions of interest ... OK: 7584 found.
18
Detecting mass traces at 14 ppm ... OK
Detecting chromatographic peaks in 19809 regions of interest ... OK: 7661 found.
19
Detecting mass traces at 14 ppm ... OK
Detecting chromatographic peaks in 15484 regions of interest ... OK: 6066 found.
20
Detecting mass traces at 14 ppm ... OK
Detecting chromatographic peaks in 19809 regions of interest ... OK: 7556 found.
21
Detecting mass traces at 14 ppm ... OK
Detecting chromatographic peaks in 19809 regions of interest ... OK: 7637 found.
22
Detecting mass traces at 8 ppm ... OK
Detecting chromatographic peaks in 17921 regions of interest ... OK: 7032 found.
23
Detecting mass traces at 20 ppm ... OK
Detecting chromatographic peaks in 20124 regions of interest ... OK: 7695 found.
24
Detecting mass traces at 14 ppm ... OK
Detecting chromatographic peaks in 19809 regions of interest ... OK: 8139 found.
25
Detecting mass traces at 14 ppm ... OK
Detecting chromatographic peaks in 19809 regions of interest ... OK: 7207 found.
26
Detecting mass traces at 14 ppm ... OK
Detecting chromatographic peaks in 19809 regions of interest ... OK: 7584 found.
Detecting mass traces at 13.4 ppm ... OK
Detecting chromatographic peaks in 19726 regions of interest ... OK: 7235 found.
no increase, stopping
best parameter settings:
min_peakwidth: 35.2
max_peakwidth: 95
ppm: 14
mzdiff: 0.00494
snthresh: 10
noise: 500
prefilter: 3
value_of_prefilter: 500
mzCenterFun: wMean
integrate: 2
fitgauss: FALSE
verbose.columns: TRUE

There were 50 or more warnings (use warnings() to see the first 50)
Detecting mass traces at 14 ppm ... OK
Detecting chromatographic peaks in 19011 regions of interest ... OK: 7734 found.
Detecting mass traces at 14 ppm ... OK
Detecting chromatographic peaks in 19220 regions of interest ... OK: 7791 found.
Detecting mass traces at 14 ppm ... OK
Detecting chromatographic peaks in 19809 regions of interest ... OK: 7584 found.
Detecting mass traces at 14 ppm ... OK
Detecting chromatographic peaks in 19457 regions of interest ... OK: 7868 found.
Detecting mass traces at 14 ppm ... OK
Detecting chromatographic peaks in 19537 regions of interest ... OK: 7704 found.
Warning messages:
1: In .local(object, ...) :
  It looks like this file is in profile mode. centWave can process only centroid mode data !

2: In .local(object, ...) :
  It looks like this file is in profile mode. centWave can process only centroid mode data !

3: In .local(object, ...) :
  It looks like this file is in profile mode. centWave can process only centroid mode data !

4: In .local(object, ...) :
  It looks like this file is in profile mode. centWave can process only centroid mode data !

5: In .local(object, ...) :
  It looks like this file is in profile mode. centWave can process only centroid mode data !




starting new DoE with:

distFunc: cor_opt
gapInit: c(0, 0.4)
gapExtend: c(2.1, 2.7)
profStep: c(0.7, 1)
plottype: none
response: 1
factorDiag: 2
factorGap: 1
localAlignment: 0
retcorMethod: obiwarp
bw: c(22, 38)
minfrac: 0.05
mzwid: c(0.015, 0.035)
minsamp: 1
max: 50
center: 4

Create profile matrix with method 'bin' and step 0.7 ... OK
Create profile matrix with method 'bin' and step 0.7 ... OK
Create profile matrix with method 'bin' and step 0.7 ... OK
Create profile matrix with method 'bin' and step 0.7 ... OK
Create profile matrix with method 'bin' and step 0.7 ... OK
Create profile matrix with method 'bin' and step 0.7 ... OK
Create profile matrix with method 'bin' and step 0.7 ... OK
Create profile matrix with method 'bin' and step 0.7 ... OK
Processing 119767 mz slices ... OK
Create profile matrix with method 'bin' and step 0.7 ... OK
Create profile matrix with method 'bin' and step 0.7 ... OK
Create profile matrix with method 'bin' and step 0.7 ... OK
Create profile matrix with method 'bin' and step 0.7 ... OK
Create profile matrix with method 'bin' and step 0.7 ... OK
Create profile matrix with method 'bin' and step 0.7 ... OK
Create profile matrix with method 'bin' and step 0.7 ... OK
Create profile matrix with method 'bin' and step 0.7 ... OK
Processing 119767 mz slices ... OK
Create profile matrix with method 'bin' and step 0.7 ... OK
Create profile matrix with method 'bin' and step 0.7 ... OK
Create profile matrix with method 'bin' and step 0.7 ... OK
Create profile matrix with method 'bin' and step 0.7 ... OK
Create profile matrix with method 'bin' and step 0.7 ... OK
Create profile matrix with method 'bin' and step 0.7 ... OK
Create profile matrix with method 'bin' and step 0.7 ... OK
Create profile matrix with method 'bin' and step 0.7 ... OK
Processing 119767 mz slices ... OK
Create profile matrix with method 'bin' and step 0.7 ... OK
Create profile matrix with method 'bin' and step 0.7 ... OK
Create profile matrix with method 'bin' and step 0.7 ... OK
Create profile matrix with method 'bin' and step 0.7 ... OK
Create profile matrix with method 'bin' and step 0.7 ... OK
Create profile matrix with method 'bin' and step 0.7 ... OK
Create profile matrix with method 'bin' and step 0.7 ... OK
Create profile matrix with method 'bin' and step 0.7 ... OK
Processing 119767 mz slices ... OK
Create profile matrix with method 'bin' and step 1 ... OK
Create profile matrix with method 'bin' and step 1 ... OK
Create profile matrix with method 'bin' and step 1 ... OK
Create profile matrix with method 'bin' and step 1 ... OK
Create profile matrix with method 'bin' and step 1 ... OK
Processing 119767 mz slices ... OK
Create profile matrix with method 'bin' and step 1 ... OK
Create profile matrix with method 'bin' and step 1 ... OK
Create profile matrix with method 'bin' and step 1 ... OK
Create profile matrix with method 'bin' and step 1 ... OK
Create profile matrix with method 'bin' and step 1 ... OK
Processing 119767 mz slices ... OK
Create profile matrix with method 'bin' and step 1 ... OK
Create profile matrix with method 'bin' and step 1 ... OK
Create profile matrix with method 'bin' and step 1 ... OK
Create profile matrix with method 'bin' and step 1 ... OK
Create profile matrix with method 'bin' and step 1 ... OK
Processing 119767 mz slices ... OK
Create profile matrix with method 'bin' and step 1 ... OK
Create profile matrix with method 'bin' and step 1 ... OK
Create profile matrix with method 'bin' and step 1 ... OK
Create profile matrix with method 'bin' and step 1 ... OK
Create profile matrix with method 'bin' and step 1 ... OK
Processing 119767 mz slices ... OK
Create profile matrix with method 'bin' and step 0.7 ... OK
Create profile matrix with method 'bin' and step 0.7 ... OK
Create profile matrix with method 'bin' and step 0.7 ... OK
Create profile matrix with method 'bin' and step 0.7 ... OK
Create profile matrix with method 'bin' and step 0.7 ... OK
Create profile matrix with method 'bin' and step 0.7 ... OK
Create profile matrix with method 'bin' and step 0.7 ... OK
Create profile matrix with method 'bin' and step 0.7 ... OK
Processing 119767 mz slices ... OK
Create profile matrix with method 'bin' and step 0.7 ... OK
Create profile matrix with method 'bin' and step 0.7 ... OK
Create profile matrix with method 'bin' and step 0.7 ... OK
Create profile matrix with method 'bin' and step 0.7 ... OK
Create profile matrix with method 'bin' and step 0.7 ... OK
Create profile matrix with method 'bin' and step 0.7 ... OK
Create profile matrix with method 'bin' and step 0.7 ... OK
Create profile matrix with method 'bin' and step 0.7 ... OK
Processing 119767 mz slices ... OK
Create profile matrix with method 'bin' and step 0.7 ... OK
Create profile matrix with method 'bin' and step 0.7 ... OK
Create profile matrix with method 'bin' and step 0.7 ... OK
Create profile matrix with method 'bin' and step 0.7 ... OK
Create profile matrix with method 'bin' and step 0.7 ... OK
Create profile matrix with method 'bin' and step 0.7 ... OK
Create profile matrix with method 'bin' and step 0.7 ... OK
Create profile matrix with method 'bin' and step 0.7 ... OK
Processing 119767 mz slices ... OK
Create profile matrix with method 'bin' and step 0.7 ... OK
Create profile matrix with method 'bin' and step 0.7 ... OK
Create profile matrix with method 'bin' and step 0.7 ... OK
Create profile matrix with method 'bin' and step 0.7 ... OK
Create profile matrix with method 'bin' and step 0.7 ... OK
Create profile matrix with method 'bin' and step 0.7 ... OK
Create profile matrix with method 'bin' and step 0.7 ... OK
Create profile matrix with method 'bin' and step 0.7 ... OK
Processing 119767 mz slices ... OK
Create profile matrix with method 'bin' and step 1 ... OK
Create profile matrix with method 'bin' and step 1 ... OK
Create profile matrix with method 'bin' and step 1 ... OK
Create profile matrix with method 'bin' and step 1 ... OK
Create profile matrix with method 'bin' and step 1 ... OK
Processing 119767 mz slices ... OK
Create profile matrix with method 'bin' and step 1 ... OK
Create profile matrix with method 'bin' and step 1 ... OK
Create profile matrix with method 'bin' and step 1 ... OK
Create profile matrix with method 'bin' and step 1 ... OK
Create profile matrix with method 'bin' and step 1 ... OK
Processing 119767 mz slices ... OK
Create profile matrix with method 'bin' and step 1 ... OK
Create profile matrix with method 'bin' and step 1 ... OK
Create profile matrix with method 'bin' and step 1 ... OK
Create profile matrix with method 'bin' and step 1 ... OK
Create profile matrix with method 'bin' and step 1 ... OK
Processing 119767 mz slices ... OK
Create profile matrix with method 'bin' and step 1 ... OK
Create profile matrix with method 'bin' and step 1 ... OK
Create profile matrix with method 'bin' and step 1 ... OK
Create profile matrix with method 'bin' and step 1 ... OK
Create profile matrix with method 'bin' and step 1 ... OK
Processing 119767 mz slices ... OK
Create profile matrix with method 'bin' and step 0.7 ... OK
Create profile matrix with method 'bin' and step 0.7 ... OK
Create profile matrix with method 'bin' and step 0.7 ... OK
Create profile matrix with method 'bin' and step 0.7 ... OK
Create profile matrix with method 'bin' and step 0.7 ... OK
Create profile matrix with method 'bin' and step 0.7 ... OK
Create profile matrix with method 'bin' and step 0.7 ... OK
Create profile matrix with method 'bin' and step 0.7 ... OK
Processing 51330 mz slices ... OK
Create profile matrix with method 'bin' and step 0.7 ... OK
Create profile matrix with method 'bin' and step 0.7 ... OK
Create profile matrix with method 'bin' and step 0.7 ... OK
Create profile matrix with method 'bin' and step 0.7 ... OK
Create profile matrix with method 'bin' and step 0.7 ... OK
Create profile matrix with method 'bin' and step 0.7 ... OK
Create profile matrix with method 'bin' and step 0.7 ... OK
Create profile matrix with method 'bin' and step 0.7 ... OK
Processing 51330 mz slices ... OK
Create profile matrix with method 'bin' and step 0.7 ... OK
Create profile matrix with method 'bin' and step 0.7 ... OK
Create profile matrix with method 'bin' and step 0.7 ... OK
Create profile matrix with method 'bin' and step 0.7 ... OK
Create profile matrix with method 'bin' and step 0.7 ... OK
Create profile matrix with method 'bin' and step 0.7 ... OK
Create profile matrix with method 'bin' and step 0.7 ... OK
Create profile matrix with method 'bin' and step 0.7 ... OK
Processing 51330 mz slices ... OK
Create profile matrix with method 'bin' and step 0.7 ... OK
Create profile matrix with method 'bin' and step 0.7 ... OK
Create profile matrix with method 'bin' and step 0.7 ... OK
Create profile matrix with method 'bin' and step 0.7 ... OK
Create profile matrix with method 'bin' and step 0.7 ... OK
Create profile matrix with method 'bin' and step 0.7 ... OK
Create profile matrix with method 'bin' and step 0.7 ... OK
Create profile matrix with method 'bin' and step 0.7 ... OK
Processing 51330 mz slices ... OK
Create profile matrix with method 'bin' and step 1 ... OK
Create profile matrix with method 'bin' and step 1 ... OK
Create profile matrix with method 'bin' and step 1 ... OK
Create profile matrix with method 'bin' and step 1 ... OK
Create profile matrix with method 'bin' and step 1 ... OK
Processing 51330 mz slices ... OK
Create profile matrix with method 'bin' and step 1 ... OK
Create profile matrix with method 'bin' and step 1 ... OK
Create profile matrix with method 'bin' and step 1 ... OK
Create profile matrix with method 'bin' and step 1 ... OK
Create profile matrix with method 'bin' and step 1 ... OK
Processing 51330 mz slices ... OK
Create profile matrix with method 'bin' and step 1 ... OK
Create profile matrix with method 'bin' and step 1 ... OK
Create profile matrix with method 'bin' and step 1 ... OK
Create profile matrix with method 'bin' and step 1 ... OK
Create profile matrix with method 'bin' and step 1 ... OK
Processing 51330 mz slices ... OK
Create profile matrix with method 'bin' and step 1 ... OK
Create profile matrix with method 'bin' and step 1 ... OK
Create profile matrix with method 'bin' and step 1 ... OK
Create profile matrix with method 'bin' and step 1 ... OK
Create profile matrix with method 'bin' and step 1 ... OK
Processing 51330 mz slices ... OK
Create profile matrix with method 'bin' and step 0.7 ... OK
Create profile matrix with method 'bin' and step 0.7 ... OK
Create profile matrix with method 'bin' and step 0.7 ... OK
Create profile matrix with method 'bin' and step 0.7 ... OK
Create profile matrix with method 'bin' and step 0.7 ... OK
Create profile matrix with method 'bin' and step 0.7 ... OK
Create profile matrix with method 'bin' and step 0.7 ... OK
Create profile matrix with method 'bin' and step 0.7 ... OK
Processing 51330 mz slices ... OK
Create profile matrix with method 'bin' and step 0.7 ... OK
Create profile matrix with method 'bin' and step 0.7 ... OK
Create profile matrix with method 'bin' and step 0.7 ... OK
Create profile matrix with method 'bin' and step 0.7 ... OK
Create profile matrix with method 'bin' and step 0.7 ... OK
Create profile matrix with method 'bin' and step 0.7 ... OK
Create profile matrix with method 'bin' and step 0.7 ... OK
Create profile matrix with method 'bin' and step 0.7 ... OK
Processing 51330 mz slices ... OK
Create profile matrix with method 'bin' and step 0.7 ... OK
Create profile matrix with method 'bin' and step 0.7 ... OK
Create profile matrix with method 'bin' and step 0.7 ... OK
Create profile matrix with method 'bin' and step 0.7 ... OK
Create profile matrix with method 'bin' and step 0.7 ... OK
Create profile matrix with method 'bin' and step 0.7 ... OK
Create profile matrix with method 'bin' and step 0.7 ... OK
Create profile matrix with method 'bin' and step 0.7 ... OK
Processing 51330 mz slices ... OK
Create profile matrix with method 'bin' and step 0.7 ... OK
Create profile matrix with method 'bin' and step 0.7 ... OK
Create profile matrix with method 'bin' and step 0.7 ... OK
Create profile matrix with method 'bin' and step 0.7 ... OK
Create profile matrix with method 'bin' and step 0.7 ... OK
Create profile matrix with method 'bin' and step 0.7 ... OK
Create profile matrix with method 'bin' and step 0.7 ... OK
Create profile matrix with method 'bin' and step 0.7 ... OK
Processing 51330 mz slices ... OK
Create profile matrix with method 'bin' and step 1 ... OK
Create profile matrix with method 'bin' and step 1 ... OK
Create profile matrix with method 'bin' and step 1 ... OK
Create profile matrix with method 'bin' and step 1 ... OK
Create profile matrix with method 'bin' and step 1 ... OK
Processing 51330 mz slices ... OK
Create profile matrix with method 'bin' and step 1 ... OK
Create profile matrix with method 'bin' and step 1 ... OK
Create profile matrix with method 'bin' and step 1 ... OK
Create profile matrix with method 'bin' and step 1 ... OK
Create profile matrix with method 'bin' and step 1 ... OK
Processing 51330 mz slices ... OK
Create profile matrix with method 'bin' and step 1 ... OK
Create profile matrix with method 'bin' and step 1 ... OK
Create profile matrix with method 'bin' and step 1 ... OK
Create profile matrix with method 'bin' and step 1 ... OK
Create profile matrix with method 'bin' and step 1 ... OK
Processing 51330 mz slices ... OK
Create profile matrix with method 'bin' and step 1 ... OK
Create profile matrix with method 'bin' and step 1 ... OK
Create profile matrix with method 'bin' and step 1 ... OK
Create profile matrix with method 'bin' and step 1 ... OK
Create profile matrix with method 'bin' and step 1 ... OK
Processing 51330 mz slices ... OK
Create profile matrix with method 'bin' and step 0.85 ... OK
Create profile matrix with method 'bin' and step 0.85 ... OK
Create profile matrix with method 'bin' and step 0.85 ... OK
Create profile matrix with method 'bin' and step 0.85 ... OK
Create profile matrix with method 'bin' and step 0.85 ... OK
Create profile matrix with method 'bin' and step 0.85 ... OK
Create profile matrix with method 'bin' and step 0.85 ... OK
Create profile matrix with method 'bin' and step 0.85 ... OK
Processing 71861 mz slices ... OK
Create profile matrix with method 'bin' and step 0.85 ... OK
Create profile matrix with method 'bin' and step 0.85 ... OK
Create profile matrix with method 'bin' and step 0.85 ... OK
Create profile matrix with method 'bin' and step 0.85 ... OK
Create profile matrix with method 'bin' and step 0.85 ... OK
Create profile matrix with method 'bin' and step 0.85 ... OK
Create profile matrix with method 'bin' and step 0.85 ... OK
Create profile matrix with method 'bin' and step 0.85 ... OK
Processing 71861 mz slices ... OK
Create profile matrix with method 'bin' and step 0.85 ... OK
Create profile matrix with method 'bin' and step 0.85 ... OK
Create profile matrix with method 'bin' and step 0.85 ... OK
Create profile matrix with method 'bin' and step 0.85 ... OK
Create profile matrix with method 'bin' and step 0.85 ... OK
Create profile matrix with method 'bin' and step 0.85 ... OK
Create profile matrix with method 'bin' and step 0.85 ... OK
Create profile matrix with method 'bin' and step 0.85 ... OK
Processing 71861 mz slices ... OK
Create profile matrix with method 'bin' and step 0.85 ... OK
Create profile matrix with method 'bin' and step 0.85 ... OK
Create profile matrix with method 'bin' and step 0.85 ... OK
Create profile matrix with method 'bin' and step 0.85 ... OK
Create profile matrix with method 'bin' and step 0.85 ... OK
Create profile matrix with method 'bin' and step 0.85 ... OK
Create profile matrix with method 'bin' and step 0.85 ... OK
Create profile matrix with method 'bin' and step 0.85 ... OK
Processing 71861 mz slices ... OK
Create profile matrix with method 'bin' and step 0.85 ... OK
Create profile matrix with method 'bin' and step 0.85 ... OK
Create profile matrix with method 'bin' and step 0.85 ... OK
Create profile matrix with method 'bin' and step 0.85 ... OK
Create profile matrix with method 'bin' and step 0.85 ... OK
Create profile matrix with method 'bin' and step 0.85 ... OK
Create profile matrix with method 'bin' and step 0.85 ... OK
Create profile matrix with method 'bin' and step 0.85 ... OK
Processing 71861 mz slices ... OK
Create profile matrix with method 'bin' and step 0.7 ... OK
Create profile matrix with method 'bin' and step 0.7 ... OK
Create profile matrix with method 'bin' and step 0.7 ... OK
Create profile matrix with method 'bin' and step 0.7 ... OK
Create profile matrix with method 'bin' and step 0.7 ... OK
Create profile matrix with method 'bin' and step 0.7 ... OK
Create profile matrix with method 'bin' and step 0.7 ... OK
Create profile matrix with method 'bin' and step 0.7 ... OK
Processing 71861 mz slices ... OK
Create profile matrix with method 'bin' and step 1 ... OK
Create profile matrix with method 'bin' and step 1 ... OK
Create profile matrix with method 'bin' and step 1 ... OK
Create profile matrix with method 'bin' and step 1 ... OK
Create profile matrix with method 'bin' and step 1 ... OK
Processing 71861 mz slices ... OK
Create profile matrix with method 'bin' and step 0.85 ... OK
Create profile matrix with method 'bin' and step 0.85 ... OK
Create profile matrix with method 'bin' and step 0.85 ... OK
Create profile matrix with method 'bin' and step 0.85 ... OK
Create profile matrix with method 'bin' and step 0.85 ... OK
Create profile matrix with method 'bin' and step 0.85 ... OK
Create profile matrix with method 'bin' and step 0.85 ... OK
Create profile matrix with method 'bin' and step 0.85 ... OK
Processing 71861 mz slices ... OK
Create profile matrix with method 'bin' and step 0.85 ... OK
Create profile matrix with method 'bin' and step 0.85 ... OK
Create profile matrix with method 'bin' and step 0.85 ... OK
Create profile matrix with method 'bin' and step 0.85 ... OK
Create profile matrix with method 'bin' and step 0.85 ... OK
Create profile matrix with method 'bin' and step 0.85 ... OK
Create profile matrix with method 'bin' and step 0.85 ... OK
Create profile matrix with method 'bin' and step 0.85 ... OK
Processing 71861 mz slices ... OK
Create profile matrix with method 'bin' and step 0.85 ... OK
Create profile matrix with method 'bin' and step 0.85 ... OK
Create profile matrix with method 'bin' and step 0.85 ... OK
Create profile matrix with method 'bin' and step 0.85 ... OK
Create profile matrix with method 'bin' and step 0.85 ... OK
Create profile matrix with method 'bin' and step 0.85 ... OK
Create profile matrix with method 'bin' and step 0.85 ... OK
Create profile matrix with method 'bin' and step 0.85 ... OK
Processing 119767 mz slices ... OK
Create profile matrix with method 'bin' and step 0.85 ... OK
Create profile matrix with method 'bin' and step 0.85 ... OK
Create profile matrix with method 'bin' and step 0.85 ... OK
Create profile matrix with method 'bin' and step 0.85 ... OK
Create profile matrix with method 'bin' and step 0.85 ... OK
Create profile matrix with method 'bin' and step 0.85 ... OK
Create profile matrix with method 'bin' and step 0.85 ... OK
Create profile matrix with method 'bin' and step 0.85 ... OK
Processing 51330 mz slices ... OK
Create profile matrix with method 'bin' and step 0.85 ... OK
Create profile matrix with method 'bin' and step 0.85 ... OK
Create profile matrix with method 'bin' and step 0.85 ... OK
Create profile matrix with method 'bin' and step 0.85 ... OK
Create profile matrix with method 'bin' and step 0.85 ... OK
Create profile matrix with method 'bin' and step 0.85 ... OK
Create profile matrix with method 'bin' and step 0.85 ... OK
Create profile matrix with method 'bin' and step 0.85 ... OK
Processing 71861 mz slices ... OK
Create profile matrix with method 'bin' and step 0.82 ... OK
Create profile matrix with method 'bin' and step 0.82 ... OK
Create profile matrix with method 'bin' and step 0.82 ... OK
Create profile matrix with method 'bin' and step 0.82 ... OK
Create profile matrix with method 'bin' and step 0.82 ... OK
Create profile matrix with method 'bin' and step 0.82 ... OK
Create profile matrix with method 'bin' and step 0.82 ... OK
Create profile matrix with method 'bin' and step 0.82 ... OK
Processing 119767 mz slices ... OK



starting new DoE with:

gapInit: c(0.16, 0.64)
gapExtend: c(2.16, 2.64)
profStep: c(0.7, 0.94)
bw: c(12.4, 31.6)
mzwid: c(0.003, 0.027)
distFunc: cor_opt
plottype: none
response: 1
factorDiag: 2
factorGap: 1
localAlignment: 0
retcorMethod: obiwarp
minfrac: 0.05
minsamp: 1
max: 50
center: 4

Create profile matrix with method 'bin' and step 0.7 ... OK
Create profile matrix with method 'bin' and step 0.7 ... OK
Create profile matrix with method 'bin' and step 0.7 ... OK
Create profile matrix with method 'bin' and step 0.7 ... OK
Create profile matrix with method 'bin' and step 0.7 ... OK
Create profile matrix with method 'bin' and step 0.7 ... OK
Create profile matrix with method 'bin' and step 0.7 ... OK
Create profile matrix with method 'bin' and step 0.7 ... OK
Processing 598829 mz slices ... OK
Create profile matrix with method 'bin' and step 0.7 ... OK
Create profile matrix with method 'bin' and step 0.7 ... OK
Create profile matrix with method 'bin' and step 0.7 ... OK
Create profile matrix with method 'bin' and step 0.7 ... OK
Create profile matrix with method 'bin' and step 0.7 ... OK
Create profile matrix with method 'bin' and step 0.7 ... OK
Create profile matrix with method 'bin' and step 0.7 ... OK
Create profile matrix with method 'bin' and step 0.7 ... OK
Processing 598829 mz slices ... OK
Create profile matrix with method 'bin' and step 0.7 ... OK
Create profile matrix with method 'bin' and step 0.7 ... OK
Create profile matrix with method 'bin' and step 0.7 ... OK
Create profile matrix with method 'bin' and step 0.7 ... OK
Create profile matrix with method 'bin' and step 0.7 ... OK
Create profile matrix with method 'bin' and step 0.7 ... OK
Create profile matrix with method 'bin' and step 0.7 ... OK
Create profile matrix with method 'bin' and step 0.7 ... OK
Processing 598829 mz slices ... OK
Create profile matrix with method 'bin' and step 0.7 ... OK
Create profile matrix with method 'bin' and step 0.7 ... OK
Create profile matrix with method 'bin' and step 0.7 ... OK
Create profile matrix with method 'bin' and step 0.7 ... OK
Create profile matrix with method 'bin' and step 0.7 ... OK
Create profile matrix with method 'bin' and step 0.7 ... OK
Create profile matrix with method 'bin' and step 0.7 ... OK
Create profile matrix with method 'bin' and step 0.7 ... OK
Processing 598829 mz slices ... OK
Create profile matrix with method 'bin' and step 0.94 ... OK
Create profile matrix with method 'bin' and step 0.94 ... OK
Create profile matrix with method 'bin' and step 0.94 ... OK
Create profile matrix with method 'bin' and step 0.94 ... OK
Create profile matrix with method 'bin' and step 0.94 ... OK
Create profile matrix with method 'bin' and step 0.94 ... OK
Create profile matrix with method 'bin' and step 0.94 ... OK
Create profile matrix with method 'bin' and step 0.94 ... OK
Processing 598829 mz slices ... OK
Create profile matrix with method 'bin' and step 0.94 ... OK
Create profile matrix with method 'bin' and step 0.94 ... OK
Create profile matrix with method 'bin' and step 0.94 ... OK
Create profile matrix with method 'bin' and step 0.94 ... OK
Create profile matrix with method 'bin' and step 0.94 ... OK
Create profile matrix with method 'bin' and step 0.94 ... OK
Create profile matrix with method 'bin' and step 0.94 ... OK
Create profile matrix with method 'bin' and step 0.94 ... OK
Processing 598829 mz slices ... OK
Create profile matrix with method 'bin' and step 0.94 ... OK
Create profile matrix with method 'bin' and step 0.94 ... OK
Create profile matrix with method 'bin' and step 0.94 ... OK
Create profile matrix with method 'bin' and step 0.94 ... OK
Create profile matrix with method 'bin' and step 0.94 ... OK
Create profile matrix with method 'bin' and step 0.94 ... OK
Create profile matrix with method 'bin' and step 0.94 ... OK
Create profile matrix with method 'bin' and step 0.94 ... OK
Processing 598829 mz slices ... OK
Create profile matrix with method 'bin' and step 0.94 ... OK
Create profile matrix with method 'bin' and step 0.94 ... OK
Create profile matrix with method 'bin' and step 0.94 ... OK
Create profile matrix with method 'bin' and step 0.94 ... OK
Create profile matrix with method 'bin' and step 0.94 ... OK
Create profile matrix with method 'bin' and step 0.94 ... OK
Create profile matrix with method 'bin' and step 0.94 ... OK
Create profile matrix with method 'bin' and step 0.94 ... OK
Processing 598829 mz slices ... OK
Create profile matrix with method 'bin' and step 0.7 ... OK
Create profile matrix with method 'bin' and step 0.7 ... OK
Create profile matrix with method 'bin' and step 0.7 ... OK
Create profile matrix with method 'bin' and step 0.7 ... OK
Create profile matrix with method 'bin' and step 0.7 ... OK
Create profile matrix with method 'bin' and step 0.7 ... OK
Create profile matrix with method 'bin' and step 0.7 ... OK
Create profile matrix with method 'bin' and step 0.7 ... OK
Processing 598829 mz slices ... OK
Create profile matrix with method 'bin' and step 0.7 ... OK
Create profile matrix with method 'bin' and step 0.7 ... OK
Create profile matrix with method 'bin' and step 0.7 ... OK
Create profile matrix with method 'bin' and step 0.7 ... OK
Create profile matrix with method 'bin' and step 0.7 ... OK
Create profile matrix with method 'bin' and step 0.7 ... OK
Create profile matrix with method 'bin' and step 0.7 ... OK
Create profile matrix with method 'bin' and step 0.7 ... OK
Processing 598829 mz slices ... OK
Create profile matrix with method 'bin' and step 0.7 ... OK
Create profile matrix with method 'bin' and step 0.7 ... OK
Create profile matrix with method 'bin' and step 0.7 ... OK
Create profile matrix with method 'bin' and step 0.7 ... OK
Create profile matrix with method 'bin' and step 0.7 ... OK
Create profile matrix with method 'bin' and step 0.7 ... OK
Create profile matrix with method 'bin' and step 0.7 ... OK
Create profile matrix with method 'bin' and step 0.7 ... OK
Processing 598829 mz slices ... OK
Create profile matrix with method 'bin' and step 0.7 ... OK
Create profile matrix with method 'bin' and step 0.7 ... OK
Create profile matrix with method 'bin' and step 0.7 ... OK
Create profile matrix with method 'bin' and step 0.7 ... OK
Create profile matrix with method 'bin' and step 0.7 ... OK
Create profile matrix with method 'bin' and step 0.7 ... OK
Create profile matrix with method 'bin' and step 0.7 ... OK
Create profile matrix with method 'bin' and step 0.7 ... OK
Processing 598829 mz slices ... OK
Create profile matrix with method 'bin' and step 0.94 ... OK
Create profile matrix with method 'bin' and step 0.94 ... OK
Create profile matrix with method 'bin' and step 0.94 ... OK
Create profile matrix with method 'bin' and step 0.94 ... OK
Create profile matrix with method 'bin' and step 0.94 ... OK
Create profile matrix with method 'bin' and step 0.94 ... OK
Create profile matrix with method 'bin' and step 0.94 ... OK
Create profile matrix with method 'bin' and step 0.94 ... OK
Processing 598829 mz slices ... OK
Create profile matrix with method 'bin' and step 0.94 ... OK
Create profile matrix with method 'bin' and step 0.94 ... OK
Create profile matrix with method 'bin' and step 0.94 ... OK
Create profile matrix with method 'bin' and step 0.94 ... OK
Create profile matrix with method 'bin' and step 0.94 ... OK
Create profile matrix with method 'bin' and step 0.94 ... OK
Create profile matrix with method 'bin' and step 0.94 ... OK
Create profile matrix with method 'bin' and step 0.94 ... OK
Processing 598829 mz slices ... OK
Create profile matrix with method 'bin' and step 0.94 ... OK
Create profile matrix with method 'bin' and step 0.94 ... OK
Create profile matrix with method 'bin' and step 0.94 ... OK
Create profile matrix with method 'bin' and step 0.94 ... OK
Create profile matrix with method 'bin' and step 0.94 ... OK
Create profile matrix with method 'bin' and step 0.94 ... OK
Create profile matrix with method 'bin' and step 0.94 ... OK
Create profile matrix with method 'bin' and step 0.94 ... OK
Processing 598829 mz slices ... OK
Create profile matrix with method 'bin' and step 0.94 ... OK
Create profile matrix with method 'bin' and step 0.94 ... OK
Create profile matrix with method 'bin' and step 0.94 ... OK
Create profile matrix with method 'bin' and step 0.94 ... OK
Create profile matrix with method 'bin' and step 0.94 ... OK
Create profile matrix with method 'bin' and step 0.94 ... OK
Create profile matrix with method 'bin' and step 0.94 ... OK
Create profile matrix with method 'bin' and step 0.94 ... OK
Processing 598829 mz slices ... OK
Create profile matrix with method 'bin' and step 0.7 ... OK
Create profile matrix with method 'bin' and step 0.7 ... OK
Create profile matrix with method 'bin' and step 0.7 ... OK
Create profile matrix with method 'bin' and step 0.7 ... OK
Create profile matrix with method 'bin' and step 0.7 ... OK
Create profile matrix with method 'bin' and step 0.7 ... OK
Create profile matrix with method 'bin' and step 0.7 ... OK
Create profile matrix with method 'bin' and step 0.7 ... OK
Processing 66538 mz slices ... OK
Create profile matrix with method 'bin' and step 0.7 ... OK
Create profile matrix with method 'bin' and step 0.7 ... OK
Create profile matrix with method 'bin' and step 0.7 ... OK
Create profile matrix with method 'bin' and step 0.7 ... OK
Create profile matrix with method 'bin' and step 0.7 ... OK
Create profile matrix with method 'bin' and step 0.7 ... OK
Create profile matrix with method 'bin' and step 0.7 ... OK
Create profile matrix with method 'bin' and step 0.7 ... OK
Processing 66538 mz slices ... OK
Create profile matrix with method 'bin' and step 0.7 ... OK
Create profile matrix with method 'bin' and step 0.7 ... OK
Create profile matrix with method 'bin' and step 0.7 ... OK
Create profile matrix with method 'bin' and step 0.7 ... OK
Create profile matrix with method 'bin' and step 0.7 ... OK
Create profile matrix with method 'bin' and step 0.7 ... OK
Create profile matrix with method 'bin' and step 0.7 ... OK
Create profile matrix with method 'bin' and step 0.7 ... OK
Processing 66538 mz slices ... OK
Create profile matrix with method 'bin' and step 0.7 ... OK
Create profile matrix with method 'bin' and step 0.7 ... OK
Create profile matrix with method 'bin' and step 0.7 ... OK
Create profile matrix with method 'bin' and step 0.7 ... OK
Create profile matrix with method 'bin' and step 0.7 ... OK
Create profile matrix with method 'bin' and step 0.7 ... OK
Create profile matrix with method 'bin' and step 0.7 ... OK
Create profile matrix with method 'bin' and step 0.7 ... OK
Processing 66538 mz slices ... OK
Create profile matrix with method 'bin' and step 0.94 ... OK
Create profile matrix with method 'bin' and step 0.94 ... OK
Create profile matrix with method 'bin' and step 0.94 ... OK
Create profile matrix with method 'bin' and step 0.94 ... OK
Create profile matrix with method 'bin' and step 0.94 ... OK
Create profile matrix with method 'bin' and step 0.94 ... OK
Create profile matrix with method 'bin' and step 0.94 ... OK
Create profile matrix with method 'bin' and step 0.94 ... OK
Processing 66538 mz slices ... OK
Create profile matrix with method 'bin' and step 0.94 ... OK
Create profile matrix with method 'bin' and step 0.94 ... OK
Create profile matrix with method 'bin' and step 0.94 ... OK
Create profile matrix with method 'bin' and step 0.94 ... OK
Create profile matrix with method 'bin' and step 0.94 ... OK
Create profile matrix with method 'bin' and step 0.94 ... OK
Create profile matrix with method 'bin' and step 0.94 ... OK
Create profile matrix with method 'bin' and step 0.94 ... OK
Processing 66538 mz slices ... OK
Create profile matrix with method 'bin' and step 0.94 ... OK
Create profile matrix with method 'bin' and step 0.94 ... OK
Create profile matrix with method 'bin' and step 0.94 ... OK
Create profile matrix with method 'bin' and step 0.94 ... OK
Create profile matrix with method 'bin' and step 0.94 ... OK
Create profile matrix with method 'bin' and step 0.94 ... OK
Create profile matrix with method 'bin' and step 0.94 ... OK
Create profile matrix with method 'bin' and step 0.94 ... OK
Processing 66538 mz slices ... OK
Create profile matrix with method 'bin' and step 0.94 ... OK
Create profile matrix with method 'bin' and step 0.94 ... OK
Create profile matrix with method 'bin' and step 0.94 ... OK
Create profile matrix with method 'bin' and step 0.94 ... OK
Create profile matrix with method 'bin' and step 0.94 ... OK
Create profile matrix with method 'bin' and step 0.94 ... OK
Create profile matrix with method 'bin' and step 0.94 ... OK
Create profile matrix with method 'bin' and step 0.94 ... OK
Processing 66538 mz slices ... OK
Create profile matrix with method 'bin' and step 0.7 ... OK
Create profile matrix with method 'bin' and step 0.7 ... OK
Create profile matrix with method 'bin' and step 0.7 ... OK
Create profile matrix with method 'bin' and step 0.7 ... OK
Create profile matrix with method 'bin' and step 0.7 ... OK
Create profile matrix with method 'bin' and step 0.7 ... OK
Create profile matrix with method 'bin' and step 0.7 ... OK
Create profile matrix with method 'bin' and step 0.7 ... OK
Processing 66538 mz slices ... OK
Create profile matrix with method 'bin' and step 0.7 ... OK
Create profile matrix with method 'bin' and step 0.7 ... OK
Create profile matrix with method 'bin' and step 0.7 ... OK
Create profile matrix with method 'bin' and step 0.7 ... OK
Create profile matrix with method 'bin' and step 0.7 ... OK
Create profile matrix with method 'bin' and step 0.7 ... OK
Create profile matrix with method 'bin' and step 0.7 ... OK
Create profile matrix with method 'bin' and step 0.7 ... OK
Processing 66538 mz slices ... OK
Create profile matrix with method 'bin' and step 0.7 ... OK
Create profile matrix with method 'bin' and step 0.7 ... OK
Create profile matrix with method 'bin' and step 0.7 ... OK
Create profile matrix with method 'bin' and step 0.7 ... OK
Create profile matrix with method 'bin' and step 0.7 ... OK
Create profile matrix with method 'bin' and step 0.7 ... OK
Create profile matrix with method 'bin' and step 0.7 ... OK
Create profile matrix with method 'bin' and step 0.7 ... OK
Processing 66538 mz slices ... OK
Create profile matrix with method 'bin' and step 0.7 ... OK
Create profile matrix with method 'bin' and step 0.7 ... OK
Create profile matrix with method 'bin' and step 0.7 ... OK
Create profile matrix with method 'bin' and step 0.7 ... OK
Create profile matrix with method 'bin' and step 0.7 ... OK
Create profile matrix with method 'bin' and step 0.7 ... OK
Create profile matrix with method 'bin' and step 0.7 ... OK
Create profile matrix with method 'bin' and step 0.7 ... OK
Processing 66538 mz slices ... OK
Create profile matrix with method 'bin' and step 0.94 ... OK
Create profile matrix with method 'bin' and step 0.94 ... OK
Create profile matrix with method 'bin' and step 0.94 ... OK
Create profile matrix with method 'bin' and step 0.94 ... OK
Create profile matrix with method 'bin' and step 0.94 ... OK
Create profile matrix with method 'bin' and step 0.94 ... OK
Create profile matrix with method 'bin' and step 0.94 ... OK
Create profile matrix with method 'bin' and step 0.94 ... OK
Processing 66538 mz slices ... OK
Create profile matrix with method 'bin' and step 0.94 ... OK
Create profile matrix with method 'bin' and step 0.94 ... OK
Create profile matrix with method 'bin' and step 0.94 ... OK
Create profile matrix with method 'bin' and step 0.94 ... OK
Create profile matrix with method 'bin' and step 0.94 ... OK
Create profile matrix with method 'bin' and step 0.94 ... OK
Create profile matrix with method 'bin' and step 0.94 ... OK
Create profile matrix with method 'bin' and step 0.94 ... OK
Processing 66538 mz slices ... OK
Create profile matrix with method 'bin' and step 0.94 ... OK
Create profile matrix with method 'bin' and step 0.94 ... OK
Create profile matrix with method 'bin' and step 0.94 ... OK
Create profile matrix with method 'bin' and step 0.94 ... OK
Create profile matrix with method 'bin' and step 0.94 ... OK
Create profile matrix with method 'bin' and step 0.94 ... OK
Create profile matrix with method 'bin' and step 0.94 ... OK
Create profile matrix with method 'bin' and step 0.94 ... OK
Processing 66538 mz slices ... OK
Create profile matrix with method 'bin' and step 0.94 ... OK
Create profile matrix with method 'bin' and step 0.94 ... OK
Create profile matrix with method 'bin' and step 0.94 ... OK
Create profile matrix with method 'bin' and step 0.94 ... OK
Create profile matrix with method 'bin' and step 0.94 ... OK
Create profile matrix with method 'bin' and step 0.94 ... OK
Create profile matrix with method 'bin' and step 0.94 ... OK
Create profile matrix with method 'bin' and step 0.94 ... OK
Processing 66538 mz slices ... OK
Create profile matrix with method 'bin' and step 0.82 ... OK
Create profile matrix with method 'bin' and step 0.82 ... OK
Create profile matrix with method 'bin' and step 0.82 ... OK
Create profile matrix with method 'bin' and step 0.82 ... OK
Create profile matrix with method 'bin' and step 0.82 ... OK
Create profile matrix with method 'bin' and step 0.82 ... OK
Create profile matrix with method 'bin' and step 0.82 ... OK
Create profile matrix with method 'bin' and step 0.82 ... OK
Processing 119767 mz slices ... OK
Create profile matrix with method 'bin' and step 0.82 ... OK
Create profile matrix with method 'bin' and step 0.82 ... OK
Create profile matrix with method 'bin' and step 0.82 ... OK
Create profile matrix with method 'bin' and step 0.82 ... OK
Create profile matrix with method 'bin' and step 0.82 ... OK
Create profile matrix with method 'bin' and step 0.82 ... OK
Create profile matrix with method 'bin' and step 0.82 ... OK
Create profile matrix with method 'bin' and step 0.82 ... OK
Processing 119767 mz slices ... OK
Create profile matrix with method 'bin' and step 0.82 ... OK
Create profile matrix with method 'bin' and step 0.82 ... OK
Create profile matrix with method 'bin' and step 0.82 ... OK
Create profile matrix with method 'bin' and step 0.82 ... OK
Create profile matrix with method 'bin' and step 0.82 ... OK
Create profile matrix with method 'bin' and step 0.82 ... OK
Create profile matrix with method 'bin' and step 0.82 ... OK
Create profile matrix with method 'bin' and step 0.82 ... OK
Processing 119767 mz slices ... OK
Create profile matrix with method 'bin' and step 0.82 ... OK
Create profile matrix with method 'bin' and step 0.82 ... OK
Create profile matrix with method 'bin' and step 0.82 ... OK
Create profile matrix with method 'bin' and step 0.82 ... OK
Create profile matrix with method 'bin' and step 0.82 ... OK
Create profile matrix with method 'bin' and step 0.82 ... OK
Create profile matrix with method 'bin' and step 0.82 ... OK
Create profile matrix with method 'bin' and step 0.82 ... OK
Processing 119767 mz slices ... OK
Create profile matrix with method 'bin' and step 0.82 ... OK
Create profile matrix with method 'bin' and step 0.82 ... OK
Create profile matrix with method 'bin' and step 0.82 ... OK
Create profile matrix with method 'bin' and step 0.82 ... OK
Create profile matrix with method 'bin' and step 0.82 ... OK
Create profile matrix with method 'bin' and step 0.82 ... OK
Create profile matrix with method 'bin' and step 0.82 ... OK
Create profile matrix with method 'bin' and step 0.82 ... OK
Processing 119767 mz slices ... OK
Create profile matrix with method 'bin' and step 0.7 ... OK
Create profile matrix with method 'bin' and step 0.7 ... OK
Create profile matrix with method 'bin' and step 0.7 ... OK
Create profile matrix with method 'bin' and step 0.7 ... OK
Create profile matrix with method 'bin' and step 0.7 ... OK
Create profile matrix with method 'bin' and step 0.7 ... OK
Create profile matrix with method 'bin' and step 0.7 ... OK
Create profile matrix with method 'bin' and step 0.7 ... OK
Processing 119767 mz slices ... OK
Create profile matrix with method 'bin' and step 0.94 ... OK
Create profile matrix with method 'bin' and step 0.94 ... OK
Create profile matrix with method 'bin' and step 0.94 ... OK
Create profile matrix with method 'bin' and step 0.94 ... OK
Create profile matrix with method 'bin' and step 0.94 ... OK
Create profile matrix with method 'bin' and step 0.94 ... OK
Create profile matrix with method 'bin' and step 0.94 ... OK
Create profile matrix with method 'bin' and step 0.94 ... OK
Processing 119767 mz slices ... OK
Create profile matrix with method 'bin' and step 0.82 ... OK
Create profile matrix with method 'bin' and step 0.82 ... OK
Create profile matrix with method 'bin' and step 0.82 ... OK
Create profile matrix with method 'bin' and step 0.82 ... OK
Create profile matrix with method 'bin' and step 0.82 ... OK
Create profile matrix with method 'bin' and step 0.82 ... OK
Create profile matrix with method 'bin' and step 0.82 ... OK
Create profile matrix with method 'bin' and step 0.82 ... OK
Processing 119767 mz slices ... OK
Create profile matrix with method 'bin' and step 0.82 ... OK
Create profile matrix with method 'bin' and step 0.82 ... OK
Create profile matrix with method 'bin' and step 0.82 ... OK
Create profile matrix with method 'bin' and step 0.82 ... OK
Create profile matrix with method 'bin' and step 0.82 ... OK
Create profile matrix with method 'bin' and step 0.82 ... OK
Create profile matrix with method 'bin' and step 0.82 ... OK
Create profile matrix with method 'bin' and step 0.82 ... OK
Processing 119767 mz slices ... OK
Create profile matrix with method 'bin' and step 0.82 ... OK
Create profile matrix with method 'bin' and step 0.82 ... OK
Create profile matrix with method 'bin' and step 0.82 ... OK
Create profile matrix with method 'bin' and step 0.82 ... OK
Create profile matrix with method 'bin' and step 0.82 ... OK
Create profile matrix with method 'bin' and step 0.82 ... OK
Create profile matrix with method 'bin' and step 0.82 ... OK
Create profile matrix with method 'bin' and step 0.82 ... OK
Processing 598829 mz slices ... OK
