xsAnnotate contains no pseudospectra. Regroup all peaks into one!
Generating peak matrix!
Run isotope peak annotation
 % finished: 100  
Found isotopes: 7 
xsAnnotate contains no pseudospectra. Regroup all peaks into one!
Generating peak matrix!
Run isotope peak annotation
 % finished: 100  
Found isotopes: 3 
xsAnnotate contains no pseudospectra. Regroup all peaks into one!
Generating peak matrix!
Run isotope peak annotation
 % finished: 100  
Found isotopes: 10 
xsAnnotate contains no pseudospectra. Regroup all peaks into one!
Generating peak matrix!
Run isotope peak annotation
 % finished: 100  
Found isotopes: 6 
xsAnnotate contains no pseudospectra. Regroup all peaks into one!
Generating peak matrix!
Run isotope peak annotation
 % finished: 100  
Found isotopes: 7 
xsAnnotate contains no pseudospectra. Regroup all peaks into one!
Generating peak matrix!
Run isotope peak annotation
 % finished: 100  
Found isotopes: 5 
xsAnnotate contains no pseudospectra. Regroup all peaks into one!
Generating peak matrix!
Run isotope peak annotation
 % finished: 100  
Found isotopes: 10 
xsAnnotate contains no pseudospectra. Regroup all peaks into one!
Generating peak matrix!
Run isotope peak annotation
 % finished: 100  
Found isotopes: 6 
xsAnnotate contains no pseudospectra. Regroup all peaks into one!
Generating peak matrix!
Run isotope peak annotation
 % finished: 100  
Found isotopes: 7 
xsAnnotate contains no pseudospectra. Regroup all peaks into one!
Generating peak matrix!
Run isotope peak annotation
 % finished: 100  
Found isotopes: 3 
xsAnnotate contains no pseudospectra. Regroup all peaks into one!
Generating peak matrix!
Run isotope peak annotation
 % finished: 100  
Found isotopes: 10 
xsAnnotate contains no pseudospectra. Regroup all peaks into one!
Generating peak matrix!
Run isotope peak annotation
 % finished: 100  
Found isotopes: 6 
xsAnnotate contains no pseudospectra. Regroup all peaks into one!
Generating peak matrix!
Run isotope peak annotation
 % finished: 100  
Found isotopes: 7 
xsAnnotate contains no pseudospectra. Regroup all peaks into one!
Generating peak matrix!
Run isotope peak annotation
 % finished: 100  
Found isotopes: 5 
xsAnnotate contains no pseudospectra. Regroup all peaks into one!
Generating peak matrix!
Run isotope peak annotation
 % finished: 100  
Found isotopes: 10 
xsAnnotate contains no pseudospectra. Regroup all peaks into one!
Generating peak matrix!
Run isotope peak annotation
 % finished: 100  
Found isotopes: 6 
xsAnnotate contains no pseudospectra. Regroup all peaks into one!
Generating peak matrix!
Run isotope peak annotation
 % finished: 100  
Found isotopes: 8 
xsAnnotate contains no pseudospectra. Regroup all peaks into one!
Generating peak matrix!
Run isotope peak annotation
 % finished: 100  
Found isotopes: 8 
xsAnnotate contains no pseudospectra. Regroup all peaks into one!
Generating peak matrix!
Run isotope peak annotation
 % finished: 100  
Found isotopes: 6 
xsAnnotate contains no pseudospectra. Regroup all peaks into one!
Generating peak matrix!
Run isotope peak annotation
 % finished: 100  
Found isotopes: 6 
xsAnnotate contains no pseudospectra. Regroup all peaks into one!
Generating peak matrix!
Run isotope peak annotation
 % finished: 100  
Found isotopes: 8 
xsAnnotate contains no pseudospectra. Regroup all peaks into one!
Generating peak matrix!
Run isotope peak annotation
 % finished: 100  
Found isotopes: 6 
xsAnnotate contains no pseudospectra. Regroup all peaks into one!
Generating peak matrix!
Run isotope peak annotation
 % finished: 100  
Found isotopes: 8 
xsAnnotate contains no pseudospectra. Regroup all peaks into one!
Generating peak matrix!
Run isotope peak annotation
 % finished: 100  
Found isotopes: 8 
xsAnnotate contains no pseudospectra. Regroup all peaks into one!
Generating peak matrix!
Run isotope peak annotation
 % finished: 100  
Found isotopes: 8 
xsAnnotate contains no pseudospectra. Regroup all peaks into one!
Generating peak matrix!
Run isotope peak annotation
 % finished: 100  
Found isotopes: 8 
xsAnnotate contains no pseudospectra. Regroup all peaks into one!
Generating peak matrix!
Run isotope peak annotation
 % finished: 100  
Found isotopes: 10 
xsAnnotate contains no pseudospectra. Regroup all peaks into one!
Generating peak matrix!
Run isotope peak annotation
 % finished: 100  
Found isotopes: 9 
xsAnnotate contains no pseudospectra. Regroup all peaks into one!
Generating peak matrix!
Run isotope peak annotation
 % finished: 100  
Found isotopes: 6 
xsAnnotate contains no pseudospectra. Regroup all peaks into one!
Generating peak matrix!
Run isotope peak annotation
 % finished: 100  
Found isotopes: 12 
xsAnnotate contains no pseudospectra. Regroup all peaks into one!
Generating peak matrix!
Run isotope peak annotation
 % finished: 100  
Found isotopes: 8 
xsAnnotate contains no pseudospectra. Regroup all peaks into one!
Generating peak matrix!
Run isotope peak annotation
 % finished: 100  
Found isotopes: 9 
xsAnnotate contains no pseudospectra. Regroup all peaks into one!
Generating peak matrix!
Run isotope peak annotation
 % finished: 100  
Found isotopes: 8 
xsAnnotate contains no pseudospectra. Regroup all peaks into one!
Generating peak matrix!
Run isotope peak annotation
 % finished: 100  
Found isotopes: 11 
xsAnnotate contains no pseudospectra. Regroup all peaks into one!
Generating peak matrix!
Run isotope peak annotation
 % finished: 100  
Found isotopes: 8 
xsAnnotate contains no pseudospectra. Regroup all peaks into one!
Generating peak matrix!
Run isotope peak annotation
 % finished: 100  
Found isotopes: 9 
xsAnnotate contains no pseudospectra. Regroup all peaks into one!
Generating peak matrix!
Run isotope peak annotation
 % finished: 100  
Found isotopes: 6 
xsAnnotate contains no pseudospectra. Regroup all peaks into one!
Generating peak matrix!
Run isotope peak annotation
 % finished: 100  
Found isotopes: 12 
xsAnnotate contains no pseudospectra. Regroup all peaks into one!
Generating peak matrix!
Run isotope peak annotation
 % finished: 100  
Found isotopes: 8 
xsAnnotate contains no pseudospectra. Regroup all peaks into one!
Generating peak matrix!
Run isotope peak annotation
 % finished: 100  
Found isotopes: 9 
xsAnnotate contains no pseudospectra. Regroup all peaks into one!
Generating peak matrix!
Run isotope peak annotation
 % finished: 100  
Found isotopes: 8 
xsAnnotate contains no pseudospectra. Regroup all peaks into one!
Generating peak matrix!
Run isotope peak annotation
 % finished: 100  
Found isotopes: 11 
xsAnnotate contains no pseudospectra. Regroup all peaks into one!
Generating peak matrix!
Run isotope peak annotation
 % finished: 100  
Found isotopes: 8 
xsAnnotate contains no pseudospectra. Regroup all peaks into one!
Generating peak matrix!
Run isotope peak annotation
 % finished: 100  
Found isotopes: 10 
xsAnnotate contains no pseudospectra. Regroup all peaks into one!
Generating peak matrix!
Run isotope peak annotation
 % finished: 100  
Found isotopes: 9 
xsAnnotate contains no pseudospectra. Regroup all peaks into one!
Generating peak matrix!
Run isotope peak annotation
 % finished: 100  
Found isotopes: 8 
xsAnnotate contains no pseudospectra. Regroup all peaks into one!
Generating peak matrix!
Run isotope peak annotation
 % finished: 100  
Found isotopes: 8 
xsAnnotate contains no pseudospectra. Regroup all peaks into one!
Generating peak matrix!
Run isotope peak annotation
 % finished: 100  
Found isotopes: 10 
xsAnnotate contains no pseudospectra. Regroup all peaks into one!
Generating peak matrix!
Run isotope peak annotation
 % finished: 100  
Found isotopes: 10 
xsAnnotate contains no pseudospectra. Regroup all peaks into one!
Generating peak matrix!
Run isotope peak annotation
 % finished: 100  
Found isotopes: 10 
xsAnnotate contains no pseudospectra. Regroup all peaks into one!
Generating peak matrix!
Run isotope peak annotation
 % finished: 100  
Found isotopes: 10 
xsAnnotate contains no pseudospectra. Regroup all peaks into one!
Generating peak matrix!
Run isotope peak annotation
 % finished: 100  
Found isotopes: 10 
xsAnnotate contains no pseudospectra. Regroup all peaks into one!
Generating peak matrix!
Run isotope peak annotation
 % finished: 100  
Found isotopes: 10 
xsAnnotate contains no pseudospectra. Regroup all peaks into one!
Generating peak matrix!
Run isotope peak annotation
 % finished: 100  
Found isotopes: 10 
xsAnnotate contains no pseudospectra. Regroup all peaks into one!
Generating peak matrix!
Run isotope peak annotation
 % finished: 100  
Found isotopes: 12 
xsAnnotate contains no pseudospectra. Regroup all peaks into one!
Generating peak matrix!
Run isotope peak annotation
 % finished: 100  
Found isotopes: 8 
xsAnnotate contains no pseudospectra. Regroup all peaks into one!
Generating peak matrix!
Run isotope peak annotation
 % finished: 100  
Found isotopes: 13 
xsAnnotate contains no pseudospectra. Regroup all peaks into one!
Generating peak matrix!
Run isotope peak annotation
 % finished: 100  
Found isotopes: 8 
xsAnnotate contains no pseudospectra. Regroup all peaks into one!
Generating peak matrix!
Run isotope peak annotation
 % finished: 100  
Found isotopes: 12 
xsAnnotate contains no pseudospectra. Regroup all peaks into one!
Generating peak matrix!
Run isotope peak annotation
 % finished: 100  
Found isotopes: 8 
xsAnnotate contains no pseudospectra. Regroup all peaks into one!
Generating peak matrix!
Run isotope peak annotation
 % finished: 100  
Found isotopes: 13 
xsAnnotate contains no pseudospectra. Regroup all peaks into one!
Generating peak matrix!
Run isotope peak annotation
 % finished: 100  
Found isotopes: 8 
xsAnnotate contains no pseudospectra. Regroup all peaks into one!
Generating peak matrix!
Run isotope peak annotation
 % finished: 100  
Found isotopes: 12 
xsAnnotate contains no pseudospectra. Regroup all peaks into one!
Generating peak matrix!
Run isotope peak annotation
 % finished: 100  
Found isotopes: 8 
xsAnnotate contains no pseudospectra. Regroup all peaks into one!
Generating peak matrix!
Run isotope peak annotation
 % finished: 100  
Found isotopes: 13 
xsAnnotate contains no pseudospectra. Regroup all peaks into one!
Generating peak matrix!
Run isotope peak annotation
 % finished: 100  
Found isotopes: 8 
xsAnnotate contains no pseudospectra. Regroup all peaks into one!
Generating peak matrix!
Run isotope peak annotation
 % finished: 100  
Found isotopes: 12 
xsAnnotate contains no pseudospectra. Regroup all peaks into one!
Generating peak matrix!
Run isotope peak annotation
 % finished: 100  
Found isotopes: 8 
xsAnnotate contains no pseudospectra. Regroup all peaks into one!
Generating peak matrix!
Run isotope peak annotation
 % finished: 100  
Found isotopes: 13 
xsAnnotate contains no pseudospectra. Regroup all peaks into one!
Generating peak matrix!
Run isotope peak annotation
 % finished: 100  
Found isotopes: 8 
xsAnnotate contains no pseudospectra. Regroup all peaks into one!
Generating peak matrix!
Run isotope peak annotation
 % finished: 100  
Found isotopes: 10 
xsAnnotate contains no pseudospectra. Regroup all peaks into one!
Generating peak matrix!
Run isotope peak annotation
 % finished: 100  
Found isotopes: 12 
xsAnnotate contains no pseudospectra. Regroup all peaks into one!
Generating peak matrix!
Run isotope peak annotation
 % finished: 100  
Found isotopes: 8 
xsAnnotate contains no pseudospectra. Regroup all peaks into one!
Generating peak matrix!
Run isotope peak annotation
 % finished: 100  
Found isotopes: 10 
xsAnnotate contains no pseudospectra. Regroup all peaks into one!
Generating peak matrix!
Run isotope peak annotation
 % finished: 100  
Found isotopes: 10 
xsAnnotate contains no pseudospectra. Regroup all peaks into one!
Generating peak matrix!
Run isotope peak annotation
 % finished: 100  
Found isotopes: 10 
xsAnnotate contains no pseudospectra. Regroup all peaks into one!
Generating peak matrix!
Run isotope peak annotation
 % finished: 100  
Found isotopes: 10 
xsAnnotate contains no pseudospectra. Regroup all peaks into one!
Generating peak matrix!
Run isotope peak annotation
 % finished: 100  
Found isotopes: 10 
xsAnnotate contains no pseudospectra. Regroup all peaks into one!
Generating peak matrix!
Run isotope peak annotation
 % finished: 100  
Found isotopes: 10 
xsAnnotate contains no pseudospectra. Regroup all peaks into one!
Generating peak matrix!
Run isotope peak annotation
 % finished: 100  
Found isotopes: 10 
xsAnnotate contains no pseudospectra. Regroup all peaks into one!
Generating peak matrix!
Run isotope peak annotation
 % finished: 100  
Found isotopes: 10 
center sample:  Exp1R_CRR_17_POS 
Processing: Exp1R_CRR_10_POS  Exp1F_CRR_6_POS  Exp1F_HCC_1_POS  Exp1R_CRR_23_POS  
center sample:  Exp1R_CRR_17_POS 
Processing: Exp1R_CRR_10_POS  Exp1F_CRR_6_POS  Exp1F_HCC_1_POS  Exp1R_CRR_23_POS  
center sample:  Exp1R_CRR_17_POS 
Processing: Exp1R_CRR_10_POS  Exp1F_CRR_6_POS  Exp1F_HCC_1_POS  Exp1R_CRR_23_POS  
center sample:  Exp1R_CRR_17_POS 
Processing: Exp1R_CRR_10_POS  Exp1F_CRR_6_POS  Exp1F_HCC_1_POS  Exp1R_CRR_23_POS  
center sample:  Exp1R_CRR_17_POS 
Processing: Exp1R_CRR_10_POS  Exp1F_CRR_6_POS  Exp1F_HCC_1_POS  Exp1R_CRR_23_POS  
center sample:  Exp1R_CRR_17_POS 
Processing: Exp1R_CRR_10_POS  Exp1F_CRR_6_POS  Exp1F_HCC_1_POS  Exp1R_CRR_23_POS  
center sample:  Exp1R_CRR_17_POS 
Processing: Exp1R_CRR_10_POS  Exp1F_CRR_6_POS  Exp1F_HCC_1_POS  Exp1R_CRR_23_POS  
center sample:  Exp1R_CRR_17_POS 
Processing: Exp1R_CRR_10_POS  Exp1F_CRR_6_POS  Exp1F_HCC_1_POS  Exp1R_CRR_23_POS  
center sample:  Exp1R_CRR_17_POS 
Processing: Exp1R_CRR_10_POS  Exp1F_CRR_6_POS  Exp1F_HCC_1_POS  Exp1R_CRR_23_POS  
center sample:  Exp1R_CRR_17_POS 
Processing: Exp1R_CRR_10_POS  Exp1F_CRR_6_POS  Exp1F_HCC_1_POS  Exp1R_CRR_23_POS  
center sample:  Exp1R_CRR_17_POS 
Processing: Exp1R_CRR_10_POS  Exp1F_CRR_6_POS  Exp1F_HCC_1_POS  Exp1R_CRR_23_POS  
center sample:  Exp1R_CRR_17_POS 
Processing: Exp1R_CRR_10_POS  Exp1F_CRR_6_POS  Exp1F_HCC_1_POS  Exp1R_CRR_23_POS  
center sample:  Exp1R_CRR_17_POS 
Processing: Exp1R_CRR_10_POS  Exp1F_CRR_6_POS  Exp1F_HCC_1_POS  Exp1R_CRR_23_POS  
center sample:  Exp1R_CRR_17_POS 
Processing: Exp1R_CRR_10_POS  Exp1F_CRR_6_POS  Exp1F_HCC_1_POS  Exp1R_CRR_23_POS  
center sample:  Exp1R_CRR_17_POS 
Processing: Exp1R_CRR_10_POS  Exp1F_CRR_6_POS  Exp1F_HCC_1_POS  Exp1R_CRR_23_POS  
center sample:  Exp1R_CRR_17_POS 
Processing: Exp1R_CRR_10_POS  Exp1F_CRR_6_POS  Exp1F_HCC_1_POS  Exp1R_CRR_23_POS  
center sample:  Exp1R_CRR_17_POS 
Processing: Exp1R_CRR_10_POS  Exp1F_CRR_6_POS  Exp1F_HCC_1_POS  Exp1R_CRR_23_POS  
center sample:  Exp1R_CRR_17_POS 
Processing: Exp1R_CRR_10_POS  Exp1F_CRR_6_POS  Exp1F_HCC_1_POS  Exp1R_CRR_23_POS  
center sample:  Exp1R_CRR_17_POS 
Processing: Exp1R_CRR_10_POS  Exp1F_CRR_6_POS  Exp1F_HCC_1_POS  Exp1R_CRR_23_POS  
center sample:  Exp1R_CRR_17_POS 
Processing: Exp1R_CRR_10_POS  Exp1F_CRR_6_POS  Exp1F_HCC_1_POS  Exp1R_CRR_23_POS  
center sample:  Exp1R_CRR_17_POS 
Processing: Exp1R_CRR_10_POS  Exp1F_CRR_6_POS  Exp1F_HCC_1_POS  Exp1R_CRR_23_POS  
center sample:  Exp1R_CRR_17_POS 
Processing: Exp1R_CRR_10_POS  Exp1F_CRR_6_POS  Exp1F_HCC_1_POS  Exp1R_CRR_23_POS  
center sample:  Exp1R_CRR_17_POS 
Processing: Exp1R_CRR_10_POS  Exp1F_CRR_6_POS  Exp1F_HCC_1_POS  Exp1R_CRR_23_POS  
center sample:  Exp1R_CRR_17_POS 
Processing: Exp1R_CRR_10_POS  Exp1F_CRR_6_POS  Exp1F_HCC_1_POS  Exp1R_CRR_23_POS  
center sample:  Exp1R_CRR_17_POS 
Processing: Exp1R_CRR_10_POS  Exp1F_CRR_6_POS  Exp1F_HCC_1_POS  Exp1R_CRR_23_POS  
center sample:  Exp1R_CRR_17_POS 
Processing: Exp1R_CRR_10_POS  Exp1F_CRR_6_POS  Exp1F_HCC_1_POS  Exp1R_CRR_23_POS  
center sample:  Exp1R_CRR_17_POS 
Processing: Exp1R_CRR_10_POS  Exp1F_CRR_6_POS  Exp1F_HCC_1_POS  Exp1R_CRR_23_POS  
center sample:  Exp1R_CRR_17_POS 
Processing: Exp1R_CRR_10_POS  Exp1F_CRR_6_POS  Exp1F_HCC_1_POS  Exp1R_CRR_23_POS  
center sample:  Exp1R_CRR_17_POS 
Processing: Exp1R_CRR_10_POS  Exp1F_CRR_6_POS  Exp1F_HCC_1_POS  Exp1R_CRR_23_POS  
center sample:  Exp1R_CRR_17_POS 
Processing: Exp1R_CRR_10_POS  Exp1F_CRR_6_POS  Exp1F_HCC_1_POS  Exp1R_CRR_23_POS  
center sample:  Exp1R_CRR_17_POS 
Processing: Exp1R_CRR_10_POS  Exp1F_CRR_6_POS  Exp1F_HCC_1_POS  Exp1R_CRR_23_POS  
center sample:  Exp1R_CRR_17_POS 
Processing: Exp1R_CRR_10_POS  Exp1F_CRR_6_POS  Exp1F_HCC_1_POS  Exp1R_CRR_23_POS  
center sample:  Exp1R_CRR_17_POS 
Processing: Exp1R_CRR_10_POS  Exp1F_CRR_6_POS  Exp1F_HCC_1_POS  Exp1R_CRR_23_POS  
center sample:  Exp1R_CRR_17_POS 
Processing: Exp1R_CRR_10_POS  Exp1F_CRR_6_POS  Exp1F_HCC_1_POS  Exp1R_CRR_23_POS  
center sample:  Exp1R_CRR_17_POS 
Processing: Exp1R_CRR_10_POS  Exp1F_CRR_6_POS  Exp1F_HCC_1_POS  Exp1R_CRR_23_POS  
center sample:  Exp1R_CRR_17_POS 
Processing: Exp1R_CRR_10_POS  Exp1F_CRR_6_POS  Exp1F_HCC_1_POS  Exp1R_CRR_23_POS  
center sample:  Exp1R_CRR_17_POS 
Processing: Exp1R_CRR_10_POS  Exp1F_CRR_6_POS  Exp1F_HCC_1_POS  Exp1R_CRR_23_POS  
center sample:  Exp1R_CRR_17_POS 
Processing: Exp1R_CRR_10_POS  Exp1F_CRR_6_POS  Exp1F_HCC_1_POS  Exp1R_CRR_23_POS  
center sample:  Exp1R_CRR_17_POS 
Processing: Exp1R_CRR_10_POS  Exp1F_CRR_6_POS  Exp1F_HCC_1_POS  Exp1R_CRR_23_POS  
center sample:  Exp1R_CRR_17_POS 
Processing: Exp1R_CRR_10_POS  Exp1F_CRR_6_POS  Exp1F_HCC_1_POS  Exp1R_CRR_23_POS  
center sample:  Exp1R_CRR_17_POS 
Processing: Exp1R_CRR_10_POS  Exp1F_CRR_6_POS  Exp1F_HCC_1_POS  Exp1R_CRR_23_POS  
center sample:  Exp1R_CRR_17_POS 
Processing: Exp1R_CRR_10_POS  Exp1F_CRR_6_POS  Exp1F_HCC_1_POS  Exp1R_CRR_23_POS  
center sample:  Exp1R_CRR_17_POS 
Processing: Exp1R_CRR_10_POS  Exp1F_CRR_6_POS  Exp1F_HCC_1_POS  Exp1R_CRR_23_POS  
center sample:  Exp1R_CRR_17_POS 
Processing: Exp1R_CRR_10_POS  Exp1F_CRR_6_POS  Exp1F_HCC_1_POS  Exp1R_CRR_23_POS  
center sample:  Exp1R_CRR_17_POS 
Processing: Exp1R_CRR_10_POS  Exp1F_CRR_6_POS  Exp1F_HCC_1_POS  Exp1R_CRR_23_POS  
center sample:  Exp1R_CRR_17_POS 
Processing: Exp1R_CRR_10_POS  Exp1F_CRR_6_POS  Exp1F_HCC_1_POS  Exp1R_CRR_23_POS  
center sample:  Exp1R_CRR_17_POS 
Processing: Exp1R_CRR_10_POS  Exp1F_CRR_6_POS  Exp1F_HCC_1_POS  Exp1R_CRR_23_POS  
center sample:  Exp1R_CRR_17_POS 
Processing: Exp1R_CRR_10_POS  Exp1F_CRR_6_POS  Exp1F_HCC_1_POS  Exp1R_CRR_23_POS  
center sample:  Exp1R_CRR_17_POS 
Processing: Exp1R_CRR_10_POS  Exp1F_CRR_6_POS  Exp1F_HCC_1_POS  Exp1R_CRR_23_POS  
center sample:  Exp1R_CRR_17_POS 
Processing: Exp1R_CRR_10_POS  Exp1F_CRR_6_POS  Exp1F_HCC_1_POS  Exp1R_CRR_23_POS  
center sample:  Exp1R_CRR_17_POS 
Processing: Exp1R_CRR_10_POS  Exp1F_CRR_6_POS  Exp1F_HCC_1_POS  Exp1R_CRR_23_POS  
center sample:  Exp1R_CRR_17_POS 
Processing: Exp1R_CRR_10_POS  Exp1F_CRR_6_POS  Exp1F_HCC_1_POS  Exp1R_CRR_23_POS  
center sample:  Exp1R_CRR_17_POS 
Processing: Exp1R_CRR_10_POS  Exp1F_CRR_6_POS  Exp1F_HCC_1_POS  Exp1R_CRR_23_POS  
center sample:  Exp1R_CRR_17_POS 
Processing: Exp1R_CRR_10_POS  Exp1F_CRR_6_POS  Exp1F_HCC_1_POS  Exp1R_CRR_23_POS  
center sample:  Exp1R_CRR_17_POS 
Processing: Exp1R_CRR_10_POS  Exp1F_CRR_6_POS  Exp1F_HCC_1_POS  Exp1R_CRR_23_POS  
center sample:  Exp1R_CRR_17_POS 
Processing: Exp1R_CRR_10_POS  Exp1F_CRR_6_POS  Exp1F_HCC_1_POS  Exp1R_CRR_23_POS  
center sample:  Exp1R_CRR_17_POS 
Processing: Exp1R_CRR_10_POS  Exp1F_CRR_6_POS  Exp1F_HCC_1_POS  Exp1R_CRR_23_POS  
center sample:  Exp1R_CRR_17_POS 
Processing: Exp1R_CRR_10_POS  Exp1F_CRR_6_POS  Exp1F_HCC_1_POS  Exp1R_CRR_23_POS  
center sample:  Exp1R_CRR_17_POS 
Processing: Exp1R_CRR_10_POS  Exp1F_CRR_6_POS  Exp1F_HCC_1_POS  Exp1R_CRR_23_POS  
center sample:  Exp1R_CRR_17_POS 
Processing: Exp1R_CRR_10_POS  Exp1F_CRR_6_POS  Exp1F_HCC_1_POS  Exp1R_CRR_23_POS  
center sample:  Exp1R_CRR_17_POS 
Processing: Exp1R_CRR_10_POS  Exp1F_CRR_6_POS  Exp1F_HCC_1_POS  Exp1R_CRR_23_POS  
center sample:  Exp1R_CRR_17_POS 
Processing: Exp1R_CRR_10_POS  Exp1F_CRR_6_POS  Exp1F_HCC_1_POS  Exp1R_CRR_23_POS  
center sample:  Exp1R_CRR_17_POS 
Processing: Exp1R_CRR_10_POS  Exp1F_CRR_6_POS  Exp1F_HCC_1_POS  Exp1R_CRR_23_POS  
center sample:  Exp1R_CRR_17_POS 
Processing: Exp1R_CRR_10_POS  Exp1F_CRR_6_POS  Exp1F_HCC_1_POS  Exp1R_CRR_23_POS  
center sample:  Exp1R_CRR_17_POS 
Processing: Exp1R_CRR_10_POS  Exp1F_CRR_6_POS  Exp1F_HCC_1_POS  Exp1R_CRR_23_POS  
center sample:  Exp1R_CRR_17_POS 
Processing: Exp1R_CRR_10_POS  Exp1F_CRR_6_POS  Exp1F_HCC_1_POS  Exp1R_CRR_23_POS  
center sample:  Exp1R_CRR_17_POS 
Processing: Exp1R_CRR_10_POS  Exp1F_CRR_6_POS  Exp1F_HCC_1_POS  Exp1R_CRR_23_POS  
center sample:  Exp1R_CRR_17_POS 
Processing: Exp1R_CRR_10_POS  Exp1F_CRR_6_POS  Exp1F_HCC_1_POS  Exp1R_CRR_23_POS  
center sample:  Exp1R_CRR_17_POS 
Processing: Exp1R_CRR_10_POS  Exp1F_CRR_6_POS  Exp1F_HCC_1_POS  Exp1R_CRR_23_POS  
center sample:  Exp1R_CRR_17_POS 
Processing: Exp1R_CRR_10_POS  Exp1F_CRR_6_POS  Exp1F_HCC_1_POS  Exp1R_CRR_23_POS  
center sample:  Exp1R_CRR_17_POS 
Processing: Exp1R_CRR_10_POS  Exp1F_CRR_6_POS  Exp1F_HCC_1_POS  Exp1R_CRR_23_POS  
center sample:  Exp1R_CRR_17_POS 
Processing: Exp1R_CRR_10_POS  Exp1F_CRR_6_POS  Exp1F_HCC_1_POS  Exp1R_CRR_23_POS  
center sample:  Exp1R_CRR_17_POS 
Processing: Exp1R_CRR_10_POS  Exp1F_CRR_6_POS  Exp1F_HCC_1_POS  Exp1R_CRR_23_POS  
center sample:  Exp1R_CRR_17_POS 
Processing: Exp1R_CRR_10_POS  Exp1F_CRR_6_POS  Exp1F_HCC_1_POS  Exp1R_CRR_23_POS  
center sample:  Exp1R_CRR_17_POS 
Processing: Exp1R_CRR_10_POS  Exp1F_CRR_6_POS  Exp1F_HCC_1_POS  Exp1R_CRR_23_POS  
center sample:  Exp1R_CRR_17_POS 
Processing: Exp1R_CRR_10_POS  Exp1F_CRR_6_POS  Exp1F_HCC_1_POS  Exp1R_CRR_23_POS  
center sample:  Exp1R_CRR_17_POS 
Processing: Exp1R_CRR_10_POS  Exp1F_CRR_6_POS  Exp1F_HCC_1_POS  Exp1R_CRR_23_POS  
center sample:  Exp1R_CRR_17_POS 
Processing: Exp1R_CRR_10_POS  Exp1F_CRR_6_POS  Exp1F_HCC_1_POS  Exp1R_CRR_23_POS  
center sample:  Exp1R_CRR_17_POS 
Processing: Exp1R_CRR_10_POS  Exp1F_CRR_6_POS  Exp1F_HCC_1_POS  Exp1R_CRR_23_POS  
center sample:  Exp1R_CRR_17_POS 
Processing: Exp1R_CRR_10_POS  Exp1F_CRR_6_POS  Exp1F_HCC_1_POS  Exp1R_CRR_23_POS  
center sample:  Exp1R_CRR_17_POS 
Processing: Exp1R_CRR_10_POS  Exp1F_CRR_6_POS  Exp1F_HCC_1_POS  Exp1R_CRR_23_POS  
center sample:  Exp1R_CRR_17_POS 
Processing: Exp1R_CRR_10_POS  Exp1F_CRR_6_POS  Exp1F_HCC_1_POS  Exp1R_CRR_23_POS  
center sample:  Exp1R_CRR_17_POS 
Processing: Exp1R_CRR_10_POS  Exp1F_CRR_6_POS  Exp1F_HCC_1_POS  Exp1R_CRR_23_POS  
center sample:  Exp1R_CRR_17_POS 
Processing: Exp1R_CRR_10_POS  Exp1F_CRR_6_POS  Exp1F_HCC_1_POS  Exp1R_CRR_23_POS  
center sample:  Exp1R_CRR_17_POS 
Processing: Exp1R_CRR_10_POS  Exp1F_CRR_6_POS  Exp1F_HCC_1_POS  Exp1R_CRR_23_POS  
center sample:  Exp1R_CRR_17_POS 
Processing: Exp1R_CRR_10_POS  Exp1F_CRR_6_POS  Exp1F_HCC_1_POS  Exp1R_CRR_23_POS  
center sample:  Exp1R_CRR_17_POS 
Processing: Exp1R_CRR_10_POS  Exp1F_CRR_6_POS  Exp1F_HCC_1_POS  Exp1R_CRR_23_POS  
center sample:  Exp1R_CRR_17_POS 
Processing: Exp1R_CRR_10_POS  Exp1F_CRR_6_POS  Exp1F_HCC_1_POS  Exp1R_CRR_23_POS  
center sample:  Exp1R_CRR_17_POS 
Processing: Exp1R_CRR_10_POS  Exp1F_CRR_6_POS  Exp1F_HCC_1_POS  Exp1R_CRR_23_POS  
center sample:  Exp1R_CRR_17_POS 
Processing: Exp1R_CRR_10_POS  Exp1F_CRR_6_POS  Exp1F_HCC_1_POS  Exp1R_CRR_23_POS  
center sample:  Exp1R_CRR_17_POS 
Processing: Exp1R_CRR_10_POS  Exp1F_CRR_6_POS  Exp1F_HCC_1_POS  Exp1R_CRR_23_POS  
center sample:  Exp1R_CRR_17_POS 
Processing: Exp1R_CRR_10_POS  Exp1F_CRR_6_POS  Exp1F_HCC_1_POS  Exp1R_CRR_23_POS  
center sample:  Exp1R_CRR_17_POS 
Processing: Exp1R_CRR_10_POS  Exp1F_CRR_6_POS  Exp1F_HCC_1_POS  Exp1R_CRR_23_POS  
center sample:  Exp1R_CRR_17_POS 
Processing: Exp1R_CRR_10_POS  Exp1F_CRR_6_POS  Exp1F_HCC_1_POS  Exp1R_CRR_23_POS  
center sample:  Exp1R_CRR_17_POS 
Processing: Exp1R_CRR_10_POS  Exp1F_CRR_6_POS  Exp1F_HCC_1_POS  Exp1R_CRR_23_POS  
center sample:  Exp1R_CRR_17_POS 
Processing: Exp1R_CRR_10_POS  Exp1F_CRR_6_POS  Exp1F_HCC_1_POS  Exp1R_CRR_23_POS  
center sample:  Exp1R_CRR_17_POS 
Processing: Exp1R_CRR_10_POS  Exp1F_CRR_6_POS  Exp1F_HCC_1_POS  Exp1R_CRR_23_POS  
center sample:  Exp1R_CRR_17_POS 
Processing: Exp1R_CRR_10_POS  Exp1F_CRR_6_POS  Exp1F_HCC_1_POS  Exp1R_CRR_23_POS  
center sample:  Exp1R_CRR_17_POS 
Processing: Exp1R_CRR_10_POS  Exp1F_CRR_6_POS  Exp1F_HCC_1_POS  Exp1R_CRR_23_POS  
center sample:  Exp1R_CRR_17_POS 
Processing: Exp1R_CRR_10_POS  Exp1F_CRR_6_POS  Exp1F_HCC_1_POS  Exp1R_CRR_23_POS  
center sample:  Exp1R_CRR_17_POS 
Processing: Exp1R_CRR_10_POS  Exp1F_CRR_6_POS  Exp1F_HCC_1_POS  Exp1R_CRR_23_POS  
center sample:  Exp1R_CRR_17_POS 
Processing: Exp1R_CRR_10_POS  Exp1F_CRR_6_POS  Exp1F_HCC_1_POS  Exp1R_CRR_23_POS  
center sample:  Exp1R_CRR_17_POS 
Processing: Exp1R_CRR_10_POS  Exp1F_CRR_6_POS  Exp1F_HCC_1_POS  Exp1R_CRR_23_POS  
center sample:  Exp1R_CRR_17_POS 
Processing: Exp1R_CRR_10_POS  Exp1F_CRR_6_POS  Exp1F_HCC_1_POS  Exp1R_CRR_23_POS  
center sample:  Exp1R_CRR_17_POS 
Processing: Exp1R_CRR_10_POS  Exp1F_CRR_6_POS  Exp1F_HCC_1_POS  Exp1R_CRR_23_POS  
center sample:  Exp1R_CRR_17_POS 
Processing: Exp1R_CRR_10_POS  Exp1F_CRR_6_POS  Exp1F_HCC_1_POS  Exp1R_CRR_23_POS  
center sample:  Exp1R_CRR_17_POS 
Processing: Exp1R_CRR_10_POS  Exp1F_CRR_6_POS  Exp1F_HCC_1_POS  Exp1R_CRR_23_POS  
center sample:  Exp1R_CRR_17_POS 
Processing: Exp1R_CRR_10_POS  Exp1F_CRR_6_POS  Exp1F_HCC_1_POS  Exp1R_CRR_23_POS  
center sample:  Exp1R_CRR_17_POS 
Processing: Exp1R_CRR_10_POS  Exp1F_CRR_6_POS  Exp1F_HCC_1_POS  Exp1R_CRR_23_POS  
center sample:  Exp1R_CRR_17_POS 
Processing: Exp1R_CRR_10_POS  Exp1F_CRR_6_POS  Exp1F_HCC_1_POS  Exp1R_CRR_23_POS  
center sample:  Exp1R_CRR_17_POS 
Processing: Exp1R_CRR_10_POS  Exp1F_CRR_6_POS  Exp1F_HCC_1_POS  Exp1R_CRR_23_POS  
center sample:  Exp1R_CRR_17_POS 
Processing: Exp1R_CRR_10_POS  Exp1F_CRR_6_POS  Exp1F_HCC_1_POS  Exp1R_CRR_23_POS  
center sample:  Exp1R_CRR_17_POS 
Processing: Exp1R_CRR_10_POS  Exp1F_CRR_6_POS  Exp1F_HCC_1_POS  Exp1R_CRR_23_POS  
center sample:  Exp1R_CRR_17_POS 
Processing: Exp1R_CRR_10_POS  Exp1F_CRR_6_POS  Exp1F_HCC_1_POS  Exp1R_CRR_23_POS  
center sample:  Exp1R_CRR_17_POS 
Processing: Exp1R_CRR_10_POS  Exp1F_CRR_6_POS  Exp1F_HCC_1_POS  Exp1R_CRR_23_POS  
center sample:  Exp1R_CRR_17_POS 
Processing: Exp1R_CRR_10_POS  Exp1F_CRR_6_POS  Exp1F_HCC_1_POS  Exp1R_CRR_23_POS  
center sample:  Exp1R_CRR_17_POS 
Processing: Exp1R_CRR_10_POS  Exp1F_CRR_6_POS  Exp1F_HCC_1_POS  Exp1R_CRR_23_POS  
center sample:  Exp1R_CRR_17_POS 
Processing: Exp1R_CRR_10_POS  Exp1F_CRR_6_POS  Exp1F_HCC_1_POS  Exp1R_CRR_23_POS  
center sample:  Exp1R_CRR_17_POS 
Processing: Exp1R_CRR_10_POS  Exp1F_CRR_6_POS  Exp1F_HCC_1_POS  Exp1R_CRR_23_POS  
center sample:  Exp1R_CRR_17_POS 
Processing: Exp1R_CRR_10_POS  Exp1F_CRR_6_POS  Exp1F_HCC_1_POS  Exp1R_CRR_23_POS  
center sample:  Exp1R_CRR_17_POS 
Processing: Exp1R_CRR_10_POS  Exp1F_CRR_6_POS  Exp1F_HCC_1_POS  Exp1R_CRR_23_POS  
center sample:  Exp1R_CRR_17_POS 
Processing: Exp1R_CRR_10_POS  Exp1F_CRR_6_POS  Exp1F_HCC_1_POS  Exp1R_CRR_23_POS  
center sample:  Exp1R_CRR_17_POS 
Processing: Exp1R_CRR_10_POS  Exp1F_CRR_6_POS  Exp1F_HCC_1_POS  Exp1R_CRR_23_POS  
center sample:  Exp1R_CRR_17_POS 
Processing: Exp1R_CRR_10_POS  Exp1F_CRR_6_POS  Exp1F_HCC_1_POS  Exp1R_CRR_23_POS  
center sample:  Exp1R_CRR_17_POS 
Processing: Exp1R_CRR_10_POS  Exp1F_CRR_6_POS  Exp1F_HCC_1_POS  Exp1R_CRR_23_POS  
center sample:  Exp1R_CRR_17_POS 
Processing: Exp1R_CRR_10_POS  Exp1F_CRR_6_POS  Exp1F_HCC_1_POS  Exp1R_CRR_23_POS  
center sample:  Exp1R_CRR_17_POS 
Processing: Exp1R_CRR_10_POS  Exp1F_CRR_6_POS  Exp1F_HCC_1_POS  Exp1R_CRR_23_POS  
center sample:  Exp1R_CRR_17_POS 
Processing: Exp1R_CRR_10_POS  Exp1F_CRR_6_POS  Exp1F_HCC_1_POS  Exp1R_CRR_23_POS  
center sample:  Exp1R_CRR_17_POS 
Processing: Exp1R_CRR_10_POS  Exp1F_CRR_6_POS  Exp1F_HCC_1_POS  Exp1R_CRR_23_POS  
center sample:  Exp1R_CRR_17_POS 
Processing: Exp1R_CRR_10_POS  Exp1F_CRR_6_POS  Exp1F_HCC_1_POS  Exp1R_CRR_23_POS  
center sample:  Exp1R_CRR_17_POS 
Processing: Exp1R_CRR_10_POS  Exp1F_CRR_6_POS  Exp1F_HCC_1_POS  Exp1R_CRR_23_POS  
center sample:  Exp1R_CRR_17_POS 
Processing: Exp1R_CRR_10_POS  Exp1F_CRR_6_POS  Exp1F_HCC_1_POS  Exp1R_CRR_23_POS  
center sample:  Exp1R_CRR_17_POS 
Processing: Exp1R_CRR_10_POS  Exp1F_CRR_6_POS  Exp1F_HCC_1_POS  Exp1R_CRR_23_POS  
center sample:  Exp1R_CRR_17_POS 
Processing: Exp1R_CRR_10_POS  Exp1F_CRR_6_POS  Exp1F_HCC_1_POS  Exp1R_CRR_23_POS  
center sample:  Exp1R_CRR_17_POS 
Processing: Exp1R_CRR_10_POS  Exp1F_CRR_6_POS  Exp1F_HCC_1_POS  Exp1R_CRR_23_POS  
e matrix with method 'bin' and step 0.85 ... OK
Create profile matrix with method 'bin' and step 0.85 ... OK
Create profile matrix with method 'bin' and step 0.85 ... OK
Create profile matrix with method 'bin' and step 0.85 ... OK
Create profile matrix with method 'bin' and step 0.85 ... OK
Create profile matrix with method 'bin' and step 0.85 ... OK
Create profile matrix with method 'bin' and step 0.85 ... OK
Create profile matrix with method 'bin' and step 0.85 ... OK
Processing 58212 mz slices ... OK
Create profile matrix with method 'bin' and step 0.85 ... OK
Create profile matrix with method 'bin' and step 0.85 ... OK
Create profile matrix with method 'bin' and step 0.85 ... OK
Create profile matrix with method 'bin' and step 0.85 ... OK
Create profile matrix with method 'bin' and step 0.85 ... OK
Create profile matrix with method 'bin' and step 0.85 ... OK
Create profile matrix with method 'bin' and step 0.85 ... OK
Create profile matrix with method 'bin' and step 0.85 ... OK
Processing 58212 mz slices ... OK
Create profile matrix with method 'bin' and step 0.85 ... OK
Create profile matrix with method 'bin' and step 0.85 ... OK
Create profile matrix with method 'bin' and step 0.85 ... OK
Create profile matrix with method 'bin' and step 0.85 ... OK
Create profile matrix with method 'bin' and step 0.85 ... OK
Create profile matrix with method 'bin' and step 0.85 ... OK
Create profile matrix with method 'bin' and step 0.85 ... OK
Create profile matrix with method 'bin' and step 0.85 ... OK
Processing 58212 mz slices ... OK
Create profile matrix with method 'bin' and step 0.7 ... OK
Create profile matrix with method 'bin' and step 0.7 ... OK
Create profile matrix with method 'bin' and step 0.7 ... OK
Create profile matrix with method 'bin' and step 0.7 ... OK
Create profile matrix with method 'bin' and step 0.7 ... OK
Create profile matrix with method 'bin' and step 0.7 ... OK
Create profile matrix with method 'bin' and step 0.7 ... OK
Create profile matrix with method 'bin' and step 0.7 ... OK
Processing 58212 mz slices ... OK
Create profile matrix with method 'bin' and step 1 ... OK
Create profile matrix with method 'bin' and step 1 ... OK
Create profile matrix with method 'bin' and step 1 ... OK
Create profile matrix with method 'bin' and step 1 ... OK
Create profile matrix with method 'bin' and step 1 ... OK
Processing 58212 mz slices ... OK
Create profile matrix with method 'bin' and step 0.85 ... OK
Create profile matrix with method 'bin' and step 0.85 ... OK
Create profile matrix with method 'bin' and step 0.85 ... OK
Create profile matrix with method 'bin' and step 0.85 ... OK
Create profile matrix with method 'bin' and step 0.85 ... OK
Create profile matrix with method 'bin' and step 0.85 ... OK
Create profile matrix with method 'bin' and step 0.85 ... OK
Create profile matrix with method 'bin' and step 0.85 ... OK
Processing 58212 mz slices ... OK
Create profile matrix with method 'bin' and step 0.85 ... OK
Create profile matrix with method 'bin' and step 0.85 ... OK
Create profile matrix with method 'bin' and step 0.85 ... OK
Create profile matrix with method 'bin' and step 0.85 ... OK
Create profile matrix with method 'bin' and step 0.85 ... OK
Create profile matrix with method 'bin' and step 0.85 ... OK
Create profile matrix with method 'bin' and step 0.85 ... OK
Create profile matrix with method 'bin' and step 0.85 ... OK
Processing 58212 mz slices ... OK
Create profile matrix with method 'bin' and step 0.85 ... OK
Create profile matrix with method 'bin' and step 0.85 ... OK
Create profile matrix with method 'bin' and step 0.85 ... OK
Create profile matrix with method 'bin' and step 0.85 ... OK
Create profile matrix with method 'bin' and step 0.85 ... OK
Create profile matrix with method 'bin' and step 0.85 ... OK
Create profile matrix with method 'bin' and step 0.85 ... OK
Create profile matrix with method 'bin' and step 0.85 ... OK
Processing 97018 mz slices ... OK
Create profile matrix with method 'bin' and step 0.85 ... OK
Create profile matrix with method 'bin' and step 0.85 ... OK
Create profile matrix with method 'bin' and step 0.85 ... OK
Create profile matrix with method 'bin' and step 0.85 ... OK
Create profile matrix with method 'bin' and step 0.85 ... OK
Create profile matrix with method 'bin' and step 0.85 ... OK
Create profile matrix with method 'bin' and step 0.85 ... OK
Create profile matrix with method 'bin' and step 0.85 ... OK
Processing 41580 mz slices ... OK
Create profile matrix with method 'bin' and step 0.85 ... OK
Create profile matrix with method 'bin' and step 0.85 ... OK
Create profile matrix with method 'bin' and step 0.85 ... OK
Create profile matrix with method 'bin' and step 0.85 ... OK
Create profile matrix with method 'bin' and step 0.85 ... OK
Create profile matrix with method 'bin' and step 0.85 ... OK
Create profile matrix with method 'bin' and step 0.85 ... OK
Create profile matrix with method 'bin' and step 0.85 ... OK
Processing 58212 mz slices ... OK
Create profile matrix with method 'bin' and step 0.805 ... OK
Create profile matrix with method 'bin' and step 0.805 ... OK
Create profile matrix with method 'bin' and step 0.805 ... OK
Create profile matrix with method 'bin' and step 0.805 ... OK
Create profile matrix with method 'bin' and step 0.805 ... OK
Create profile matrix with method 'bin' and step 0.805 ... OK
Create profile matrix with method 'bin' and step 0.805 ... OK
Create profile matrix with method 'bin' and step 0.805 ... OK
Processing 41580 mz slices ... OK



starting new DoE with:

gapInit: c(0.16, 0.64)
gapExtend: c(1.74, 2.46)
profStep: c(0.655, 0.955)
bw: c(24.4, 37.2)
mzwid: c(0.023, 0.047)
distFunc: cor_opt
plottype: none
response: 1
factorDiag: 2
factorGap: 1
localAlignment: 0
retcorMethod: obiwarp
minfrac: 0.05
minsamp: 1
max: 50
center: 1

Create profile matrix with method 'bin' and step 0.655 ... OK
Create profile matrix with method 'bin' and step 0.655 ... OK
Create profile matrix with method 'bin' and step 0.655 ... OK
Create profile matrix with method 'bin' and step 0.655 ... OK
Create profile matrix with method 'bin' and step 0.655 ... OK
Create profile matrix with method 'bin' and step 0.655 ... OK
Create profile matrix with method 'bin' and step 0.655 ... OK
Create profile matrix with method 'bin' and step 0.655 ... OK
Processing 63273 mz slices ... OK
Create profile matrix with method 'bin' and step 0.655 ... OK
Create profile matrix with method 'bin' and step 0.655 ... OK
Create profile matrix with method 'bin' and step 0.655 ... OK
Create profile matrix with method 'bin' and step 0.655 ... OK
Create profile matrix with method 'bin' and step 0.655 ... OK
Create profile matrix with method 'bin' and step 0.655 ... OK
Create profile matrix with method 'bin' and step 0.655 ... OK
Create profile matrix with method 'bin' and step 0.655 ... OK
Processing 63273 mz slices ... OK
Create profile matrix with method 'bin' and step 0.655 ... OK
Create profile matrix with method 'bin' and step 0.655 ... OK
Create profile matrix with method 'bin' and step 0.655 ... OK
Create profile matrix with method 'bin' and step 0.655 ... OK
Create profile matrix with method 'bin' and step 0.655 ... OK
Create profile matrix with method 'bin' and step 0.655 ... OK
Create profile matrix with method 'bin' and step 0.655 ... OK
Create profile matrix with method 'bin' and step 0.655 ... OK
Processing 63273 mz slices ... OK
Create profile matrix with method 'bin' and step 0.655 ... OK
Create profile matrix with method 'bin' and step 0.655 ... OK
Create profile matrix with method 'bin' and step 0.655 ... OK
Create profile matrix with method 'bin' and step 0.655 ... OK
Create profile matrix with method 'bin' and step 0.655 ... OK
Create profile matrix with method 'bin' and step 0.655 ... OK
Create profile matrix with method 'bin' and step 0.655 ... OK
Create profile matrix with method 'bin' and step 0.655 ... OK
Processing 63273 mz slices ... OK
Create profile matrix with method 'bin' and step 0.955 ... OK
Create profile matrix with method 'bin' and step 0.955 ... OK
Create profile matrix with method 'bin' and step 0.955 ... OK
Create profile matrix with method 'bin' and step 0.955 ... OK
Create profile matrix with method 'bin' and step 0.955 ... OK
Create profile matrix with method 'bin' and step 0.955 ... OK
Create profile matrix with method 'bin' and step 0.955 ... OK
Create profile matrix with method 'bin' and step 0.955 ... OK
Processing 63273 mz slices ... OK
Create profile matrix with method 'bin' and step 0.955 ... OK
Create profile matrix with method 'bin' and step 0.955 ... OK
Create profile matrix with method 'bin' and step 0.955 ... OK
Create profile matrix with method 'bin' and step 0.955 ... OK
Create profile matrix with method 'bin' and step 0.955 ... OK
Create profile matrix with method 'bin' and step 0.955 ... OK
Create profile matrix with method 'bin' and step 0.955 ... OK
Create profile matrix with method 'bin' and step 0.955 ... OK
Processing 63273 mz slices ... OK
Create profile matrix with method 'bin' and step 0.955 ... OK
Create profile matrix with method 'bin' and step 0.955 ... OK
Create profile matrix with method 'bin' and step 0.955 ... OK
Create profile matrix with method 'bin' and step 0.955 ... OK
Create profile matrix with method 'bin' and step 0.955 ... OK
Create profile matrix with method 'bin' and step 0.955 ... OK
Create profile matrix with method 'bin' and step 0.955 ... OK
Create profile matrix with method 'bin' and step 0.955 ... OK
Processing 63273 mz slices ... OK
Create profile matrix with method 'bin' and step 0.955 ... OK
Create profile matrix with method 'bin' and step 0.955 ... OK
Create profile matrix with method 'bin' and step 0.955 ... OK
Create profile matrix with method 'bin' and step 0.955 ... OK
Create profile matrix with method 'bin' and step 0.955 ... OK
Create profile matrix with method 'bin' and step 0.955 ... OK
Create profile matrix with method 'bin' and step 0.955 ... OK
Create profile matrix with method 'bin' and step 0.955 ... OK
Processing 63273 mz slices ... OK
Create profile matrix with method 'bin' and step 0.655 ... OK
Create profile matrix with method 'bin' and step 0.655 ... OK
Create profile matrix with method 'bin' and step 0.655 ... OK
Create profile matrix with method 'bin' and step 0.655 ... OK
Create profile matrix with method 'bin' and step 0.655 ... OK
Create profile matrix with method 'bin' and step 0.655 ... OK
Create profile matrix with method 'bin' and step 0.655 ... OK
Create profile matrix with method 'bin' and step 0.655 ... OK
Processing 63273 mz slices ... OK
Create profile matrix with method 'bin' and step 0.655 ... OK
Create profile matrix with method 'bin' and step 0.655 ... OK
Create profile matrix with method 'bin' and step 0.655 ... OK
Create profile matrix with method 'bin' and step 0.655 ... OK
Create profile matrix with method 'bin' and step 0.655 ... OK
Create profile matrix with method 'bin' and step 0.655 ... OK
Create profile matrix with method 'bin' and step 0.655 ... OK
Create profile matrix with method 'bin' and step 0.655 ... OK
Processing 63273 mz slices ... OK
Create profile matrix with method 'bin' and step 0.655 ... OK
Create profile matrix with method 'bin' and step 0.655 ... OK
Create profile matrix with method 'bin' and step 0.655 ... OK
Create profile matrix with method 'bin' and step 0.655 ... OK
Create profile matrix with method 'bin' and step 0.655 ... OK
Create profile matrix with method 'bin' and step 0.655 ... OK
Create profile matrix with method 'bin' and step 0.655 ... OK
Create profile matrix with method 'bin' and step 0.655 ... OK
Processing 63273 mz slices ... OK
Create profile matrix with method 'bin' and step 0.655 ... OK
Create profile matrix with method 'bin' and step 0.655 ... OK
Create profile matrix with method 'bin' and step 0.655 ... OK
Create profile matrix with method 'bin' and step 0.655 ... OK
Create profile matrix with method 'bin' and step 0.655 ... OK
Create profile matrix with method 'bin' and step 0.655 ... OK
Create profile matrix with method 'bin' and step 0.655 ... OK
Create profile matrix with method 'bin' and step 0.655 ... OK
Processing 63273 mz slices ... OK
Create profile matrix with method 'bin' and step 0.955 ... OK
Create profile matrix with method 'bin' and step 0.955 ... OK
Create profile matrix with method 'bin' and step 0.955 ... OK
Create profile matrix with method 'bin' and step 0.955 ... OK
Create profile matrix with method 'bin' and step 0.955 ... OK
Create profile matrix with method 'bin' and step 0.955 ... OK
Create profile matrix with method 'bin' and step 0.955 ... OK
Create profile matrix with method 'bin' and step 0.955 ... OK
Processing 63273 mz slices ... OK
Create profile matrix with method 'bin' and step 0.955 ... OK
Create profile matrix with method 'bin' and step 0.955 ... OK
Create profile matrix with method 'bin' and step 0.955 ... OK
Create profile matrix with method 'bin' and step 0.955 ... OK
Create profile matrix with method 'bin' and step 0.955 ... OK
Create profile matrix with method 'bin' and step 0.955 ... OK
Create profile matrix with method 'bin' and step 0.955 ... OK
Create profile matrix with method 'bin' and step 0.955 ... OK
Processing 63273 mz slices ... OK
Create profile matrix with method 'bin' and step 0.955 ... OK
Create profile matrix with method 'bin' and step 0.955 ... OK
Create profile matrix with method 'bin' and step 0.955 ... OK
Create profile matrix with method 'bin' and step 0.955 ... OK
Create profile matrix with method 'bin' and step 0.955 ... OK
Create profile matrix with method 'bin' and step 0.955 ... OK
Create profile matrix with method 'bin' and step 0.955 ... OK
Create profile matrix with method 'bin' and step 0.955 ... OK
Processing 63273 mz slices ... OK
Create profile matrix with method 'bin' and step 0.955 ... OK
Create profile matrix with method 'bin' and step 0.955 ... OK
Create profile matrix with method 'bin' and step 0.955 ... OK
Create profile matrix with method 'bin' and step 0.955 ... OK
Create profile matrix with method 'bin' and step 0.955 ... OK
Create profile matrix with method 'bin' and step 0.955 ... OK
Create profile matrix with method 'bin' and step 0.955 ... OK
Create profile matrix with method 'bin' and step 0.955 ... OK
Processing 63273 mz slices ... OK
Create profile matrix with method 'bin' and step 0.655 ... OK
Create profile matrix with method 'bin' and step 0.655 ... OK
Create profile matrix with method 'bin' and step 0.655 ... OK
Create profile matrix with method 'bin' and step 0.655 ... OK
Create profile matrix with method 'bin' and step 0.655 ... OK
Create profile matrix with method 'bin' and step 0.655 ... OK
Create profile matrix with method 'bin' and step 0.655 ... OK
Create profile matrix with method 'bin' and step 0.655 ... OK
Processing 30964 mz slices ... OK
Create profile matrix with method 'bin' and step 0.655 ... OK
Create profile matrix with method 'bin' and step 0.655 ... OK
Create profile matrix with method 'bin' and step 0.655 ... OK
Create profile matrix with method 'bin' and step 0.655 ... OK
Create profile matrix with method 'bin' and step 0.655 ... OK
Create profile matrix with method 'bin' and step 0.655 ... OK
Create profile matrix with method 'bin' and step 0.655 ... OK
Create profile matrix with method 'bin' and step 0.655 ... OK
Processing 30964 mz slices ... OK
Create profile matrix with method 'bin' and step 0.655 ... OK
Create profile matrix with method 'bin' and step 0.655 ... OK
Create profile matrix with method 'bin' and step 0.655 ... OK
Create profile matrix with method 'bin' and step 0.655 ... OK
Create profile matrix with method 'bin' and step 0.655 ... OK
Create profile matrix with method 'bin' and step 0.655 ... OK
Create profile matrix with method 'bin' and step 0.655 ... OK
Create profile matrix with method 'bin' and step 0.655 ... OK
Processing 30964 mz slices ... OK
Create profile matrix with method 'bin' and step 0.655 ... OK
Create profile matrix with method 'bin' and step 0.655 ... OK
Create profile matrix with method 'bin' and step 0.655 ... OK
Create profile matrix with method 'bin' and step 0.655 ... OK
Create profile matrix with method 'bin' and step 0.655 ... OK
Create profile matrix with method 'bin' and step 0.655 ... OK
Create profile matrix with method 'bin' and step 0.655 ... OK
Create profile matrix with method 'bin' and step 0.655 ... OK
Processing 30964 mz slices ... OK
Create profile matrix with method 'bin' and step 0.955 ... OK
Create profile matrix with method 'bin' and step 0.955 ... OK
Create profile matrix with method 'bin' and step 0.955 ... OK
Create profile matrix with method 'bin' and step 0.955 ... OK
Create profile matrix with method 'bin' and step 0.955 ... OK
Create profile matrix with method 'bin' and step 0.955 ... OK
Create profile matrix with method 'bin' and step 0.955 ... OK
Create profile matrix with method 'bin' and step 0.955 ... OK
Processing 30964 mz slices ... OK
Create profile matrix with method 'bin' and step 0.955 ... OK
Create profile matrix with method 'bin' and step 0.955 ... OK
Create profile matrix with method 'bin' and step 0.955 ... OK
Create profile matrix with method 'bin' and step 0.955 ... OK
Create profile matrix with method 'bin' and step 0.955 ... OK
Create profile matrix with method 'bin' and step 0.955 ... OK
Create profile matrix with method 'bin' and step 0.955 ... OK
Create profile matrix with method 'bin' and step 0.955 ... OK
Processing 30964 mz slices ... OK
Create profile matrix with method 'bin' and step 0.955 ... OK
Create profile matrix with method 'bin' and step 0.955 ... OK
Create profile matrix with method 'bin' and step 0.955 ... OK
Create profile matrix with method 'bin' and step 0.955 ... OK
Create profile matrix with method 'bin' and step 0.955 ... OK
Create profile matrix with method 'bin' and step 0.955 ... OK
Create profile matrix with method 'bin' and step 0.955 ... OK
Create profile matrix with method 'bin' and step 0.955 ... OK
Processing 30964 mz slices ... OK
Create profile matrix with method 'bin' and step 0.955 ... OK
Create profile matrix with method 'bin' and step 0.955 ... OK
Create profile matrix with method 'bin' and step 0.955 ... OK
Create profile matrix with method 'bin' and step 0.955 ... OK
Create profile matrix with method 'bin' and step 0.955 ... OK
Create profile matrix with method 'bin' and step 0.955 ... OK
Create profile matrix with method 'bin' and step 0.955 ... OK
Create profile matrix with method 'bin' and step 0.955 ... OK
Processing 30964 mz slices ... OK
Create profile matrix with method 'bin' and step 0.655 ... OK
Create profile matrix with method 'bin' and step 0.655 ... OK
Create profile matrix with method 'bin' and step 0.655 ... OK
Create profile matrix with method 'bin' and step 0.655 ... OK
Create profile matrix with method 'bin' and step 0.655 ... OK
Create profile matrix with method 'bin' and step 0.655 ... OK
Create profile matrix with method 'bin' and step 0.655 ... OK
Create profile matrix with method 'bin' and step 0.655 ... OK
Processing 30964 mz slices ... OK
Create profile matrix with method 'bin' and step 0.655 ... OK
Create profile matrix with method 'bin' and step 0.655 ... OK
Create profile matrix with method 'bin' and step 0.655 ... OK
Create profile matrix with method 'bin' and step 0.655 ... OK
Create profile matrix with method 'bin' and step 0.655 ... OK
Create profile matrix with method 'bin' and step 0.655 ... OK
Create profile matrix with method 'bin' and step 0.655 ... OK
Create profile matrix with method 'bin' and step 0.655 ... OK
Processing 30964 mz slices ... OK
Create profile matrix with method 'bin' and step 0.655 ... OK
Create profile matrix with method 'bin' and step 0.655 ... OK
Create profile matrix with method 'bin' and step 0.655 ... OK
Create profile matrix with method 'bin' and step 0.655 ... OK
Create profile matrix with method 'bin' and step 0.655 ... OK
Create profile matrix with method 'bin' and step 0.655 ... OK
Create profile matrix with method 'bin' and step 0.655 ... OK
Create profile matrix with method 'bin' and step 0.655 ... OK
Processing 30964 mz slices ... OK
Create profile matrix with method 'bin' and step 0.655 ... OK
Create profile matrix with method 'bin' and step 0.655 ... OK
Create profile matrix with method 'bin' and step 0.655 ... OK
Create profile matrix with method 'bin' and step 0.655 ... OK
Create profile matrix with method 'bin' and step 0.655 ... OK
Create profile matrix with method 'bin' and step 0.655 ... OK
Create profile matrix with method 'bin' and step 0.655 ... OK
Create profile matrix with method 'bin' and step 0.655 ... OK
Processing 30964 mz slices ... OK
Create profile matrix with method 'bin' and step 0.955 ... OK
Create profile matrix with method 'bin' and step 0.955 ... OK
Create profile matrix with method 'bin' and step 0.955 ... OK
Create profile matrix with method 'bin' and step 0.955 ... OK
Create profile matrix with method 'bin' and step 0.955 ... OK
Create profile matrix with method 'bin' and step 0.955 ... OK
Create profile matrix with method 'bin' and step 0.955 ... OK
Create profile matrix with method 'bin' and step 0.955 ... OK
Processing 30964 mz slices ... OK
Create profile matrix with method 'bin' and step 0.955 ... OK
Create profile matrix with method 'bin' and step 0.955 ... OK
Create profile matrix with method 'bin' and step 0.955 ... OK
Create profile matrix with method 'bin' and step 0.955 ... OK
Create profile matrix with method 'bin' and step 0.955 ... OK
Create profile matrix with method 'bin' and step 0.955 ... OK
Create profile matrix with method 'bin' and step 0.955 ... OK
Create profile matrix with method 'bin' and step 0.955 ... OK
Processing 30964 mz slices ... OK
Create profile matrix with method 'bin' and step 0.955 ... OK
Create profile matrix with method 'bin' and step 0.955 ... OK
Create profile matrix with method 'bin' and step 0.955 ... OK
Create profile matrix with method 'bin' and step 0.955 ... OK
Create profile matrix with method 'bin' and step 0.955 ... OK
Create profile matrix with method 'bin' and step 0.955 ... OK
Create profile matrix with method 'bin' and step 0.955 ... OK
Create profile matrix with method 'bin' and step 0.955 ... OK
Processing 30964 mz slices ... OK
Create profile matrix with method 'bin' and step 0.955 ... OK
Create profile matrix with method 'bin' and step 0.955 ... OK
Create profile matrix with method 'bin' and step 0.955 ... OK
Create profile matrix with method 'bin' and step 0.955 ... OK
Create profile matrix with method 'bin' and step 0.955 ... OK
Create profile matrix with method 'bin' and step 0.955 ... OK
Create profile matrix with method 'bin' and step 0.955 ... OK
Create profile matrix with method 'bin' and step 0.955 ... OK
Processing 30964 mz slices ... OK
Create profile matrix with method 'bin' and step 0.805 ... OK
Create profile matrix with method 'bin' and step 0.805 ... OK
Create profile matrix with method 'bin' and step 0.805 ... OK
Create profile matrix with method 'bin' and step 0.805 ... OK
Create profile matrix with method 'bin' and step 0.805 ... OK
Create profile matrix with method 'bin' and step 0.805 ... OK
Create profile matrix with method 'bin' and step 0.805 ... OK
Create profile matrix with method 'bin' and step 0.805 ... OK
Processing 41580 mz slices ... OK
Create profile matrix with method 'bin' and step 0.805 ... OK
Create profile matrix with method 'bin' and step 0.805 ... OK
Create profile matrix with method 'bin' and step 0.805 ... OK
Create profile matrix with method 'bin' and step 0.805 ... OK
Create profile matrix with method 'bin' and step 0.805 ... OK
Create profile matrix with method 'bin' and step 0.805 ... OK
Create profile matrix with method 'bin' and step 0.805 ... OK
Create profile matrix with method 'bin' and step 0.805 ... OK
Processing 41580 mz slices ... OK
Create profile matrix with method 'bin' and step 0.805 ... OK
Create profile matrix with method 'bin' and step 0.805 ... OK
Create profile matrix with method 'bin' and step 0.805 ... OK
Create profile matrix with method 'bin' and step 0.805 ... OK
Create profile matrix with method 'bin' and step 0.805 ... OK
Create profile matrix with method 'bin' and step 0.805 ... OK
Create profile matrix with method 'bin' and step 0.805 ... OK
Create profile matrix with method 'bin' and step 0.805 ... OK
Processing 41580 mz slices ... OK
Create profile matrix with method 'bin' and step 0.805 ... OK
Create profile matrix with method 'bin' and step 0.805 ... OK
Create profile matrix with method 'bin' and step 0.805 ... OK
Create profile matrix with method 'bin' and step 0.805 ... OK
Create profile matrix with method 'bin' and step 0.805 ... OK
Create profile matrix with method 'bin' and step 0.805 ... OK
Create profile matrix with method 'bin' and step 0.805 ... OK
Create profile matrix with method 'bin' and step 0.805 ... OK
Processing 41580 mz slices ... OK
Create profile matrix with method 'bin' and step 0.805 ... OK
Create profile matrix with method 'bin' and step 0.805 ... OK
Create profile matrix with method 'bin' and step 0.805 ... OK
Create profile matrix with method 'bin' and step 0.805 ... OK
Create profile matrix with method 'bin' and step 0.805 ... OK
Create profile matrix with method 'bin' and step 0.805 ... OK
Create profile matrix with method 'bin' and step 0.805 ... OK
Create profile matrix with method 'bin' and step 0.805 ... OK
Processing 41580 mz slices ... OK
Create profile matrix with method 'bin' and step 0.655 ... OK
Create profile matrix with method 'bin' and step 0.655 ... OK
Create profile matrix with method 'bin' and step 0.655 ... OK
Create profile matrix with method 'bin' and step 0.655 ... OK
Create profile matrix with method 'bin' and step 0.655 ... OK
Create profile matrix with method 'bin' and step 0.655 ... OK
Create profile matrix with method 'bin' and step 0.655 ... OK
Create profile matrix with method 'bin' and step 0.655 ... OK
Processing 41580 mz slices ... OK
Create profile matrix with method 'bin' and step 0.955 ... OK
Create profile matrix with method 'bin' and step 0.955 ... OK
Create profile matrix with method 'bin' and step 0.955 ... OK
Create profile matrix with method 'bin' and step 0.955 ... OK
Create profile matrix with method 'bin' and step 0.955 ... OK
Create profile matrix with method 'bin' and step 0.955 ... OK
Create profile matrix with method 'bin' and step 0.955 ... OK
Create profile matrix with method 'bin' and step 0.955 ... OK
Processing 41580 mz slices ... OK
Create profile matrix with method 'bin' and step 0.805 ... OK
Create profile matrix with method 'bin' and step 0.805 ... OK
Create profile matrix with method 'bin' and step 0.805 ... OK
Create profile matrix with method 'bin' and step 0.805 ... OK
Create profile matrix with method 'bin' and step 0.805 ... OK
Create profile matrix with method 'bin' and step 0.805 ... OK
Create profile matrix with method 'bin' and step 0.805 ... OK
Create profile matrix with method 'bin' and step 0.805 ... OK
Processing 41580 mz slices ... OK
Create profile matrix with method 'bin' and step 0.805 ... OK
Create profile matrix with method 'bin' and step 0.805 ... OK
Create profile matrix with method 'bin' and step 0.805 ... OK
Create profile matrix with method 'bin' and step 0.805 ... OK
Create profile matrix with method 'bin' and step 0.805 ... OK
Create profile matrix with method 'bin' and step 0.805 ... OK
Create profile matrix with method 'bin' and step 0.805 ... OK
Create profile matrix with method 'bin' and step 0.805 ... OK
Processing 41580 mz slices ... OK
Create profile matrix with method 'bin' and step 0.805 ... OK
Create profile matrix with method 'bin' and step 0.805 ... OK
Create profile matrix with method 'bin' and step 0.805 ... OK
Create profile matrix with method 'bin' and step 0.805 ... OK
Create profile matrix with method 'bin' and step 0.805 ... OK
Create profile matrix with method 'bin' and step 0.805 ... OK
Create profile matrix with method 'bin' and step 0.805 ... OK
Create profile matrix with method 'bin' and step 0.805 ... OK
Processing 63273 mz slices ... OK
Create profile matrix with method 'bin' and step 0.805 ... OK
Create profile matrix with method 'bin' and step 0.805 ... OK
Create profile matrix with method 'bin' and step 0.805 ... OK
Create profile matrix with method 'bin' and step 0.805 ... OK
Create profile matrix with method 'bin' and step 0.805 ... OK
Create profile matrix with method 'bin' and step 0.805 ... OK
Create profile matrix with method 'bin' and step 0.805 ... OK
Create profile matrix with method 'bin' and step 0.805 ... OK
Processing 30964 mz slices ... OK
Create profile matrix with method 'bin' and step 0.805 ... OK
Create profile matrix with method 'bin' and step 0.805 ... OK
Create profile matrix with method 'bin' and step 0.805 ... OK
Create profile matrix with method 'bin' and step 0.805 ... OK
Create profile matrix with method 'bin' and step 0.805 ... OK
Create profile matrix with method 'bin' and step 0.805 ... OK
Create profile matrix with method 'bin' and step 0.805 ... OK
Create profile matrix with method 'bin' and step 0.805 ... OK
Processing 41580 mz slices ... OK
Create profile matrix with method 'bin' and step 0.955 ... OK
Create profile matrix with method 'bin' and step 0.955 ... OK
Create profile matrix with method 'bin' and step 0.955 ... OK
Create profile matrix with method 'bin' and step 0.955 ... OK
Create profile matrix with method 'bin' and step 0.955 ... OK
Create profile matrix with method 'bin' and step 0.955 ... OK
Create profile matrix with method 'bin' and step 0.955 ... OK
Create profile matrix with method 'bin' and step 0.955 ... OK
Processing 30964 mz slices ... OK
profStep or minfrac greater 1, decreasing to 0.71 and 1



starting new DoE with:

gapInit: c(0.376, 0.856)
gapExtend: c(1.812, 2.388)
profStep: c(0.71, 1)
bw: c(25.68, 35.92)
mzwid: c(0.0326, 0.0614)
distFunc: cor_opt
plottype: none
response: 1
factorDiag: 2
factorGap: 1
localAlignment: 0
retcorMethod: obiwarp
minfrac: 0.05
minsamp: 1
max: 50
center: 1

Create profile matrix with method 'bin' and step 0.71 ... OK
Create profile matrix with method 'bin' and step 0.71 ... OK
Create profile matrix with method 'bin' and step 0.71 ... OK
Create profile matrix with method 'bin' and step 0.71 ... OK
Create profile matrix with method 'bin' and step 0.71 ... OK
Create profile matrix with method 'bin' and step 0.71 ... OK
Create profile matrix with method 'bin' and step 0.71 ... OK
Create profile matrix with method 'bin' and step 0.71 ... OK
Processing 44641 mz slices ... OK
Create profile matrix with method 'bin' and step 0.71 ... OK
Create profile matrix with method 'bin' and step 0.71 ... OK
Create profile matrix with method 'bin' and step 0.71 ... OK
Create profile matrix with method 'bin' and step 0.71 ... OK
Create profile matrix with method 'bin' and step 0.71 ... OK
Create profile matrix with method 'bin' and step 0.71 ... OK
Create profile matrix with method 'bin' and step 0.71 ... OK
Create profile matrix with method 'bin' and step 0.71 ... OK
Processing 44641 mz slices ... OK
Create profile matrix with method 'bin' and step 0.71 ... OK
Create profile matrix with method 'bin' and step 0.71 ... OK
Create profile matrix with method 'bin' and step 0.71 ... OK
Create profile matrix with method 'bin' and step 0.71 ... OK
Create profile matrix with method 'bin' and step 0.71 ... OK
Create profile matrix with method 'bin' and step 0.71 ... OK
Create profile matrix with method 'bin' and step 0.71 ... OK
Create profile matrix with method 'bin' and step 0.71 ... OK
Processing 44641 mz slices ... OK
Create profile matrix with method 'bin' and step 0.71 ... OK
Create profile matrix with method 'bin' and step 0.71 ... OK
Create profile matrix with method 'bin' and step 0.71 ... OK
Create profile matrix with method 'bin' and step 0.71 ... OK
Create profile matrix with method 'bin' and step 0.71 ... OK
Create profile matrix with method 'bin' and step 0.71 ... OK
Create profile matrix with method 'bin' and step 0.71 ... OK
Create profile matrix with method 'bin' and step 0.71 ... OK
Processing 44641 mz slices ... OK
Create profile matrix with method 'bin' and step 1 ... OK
Create profile matrix with method 'bin' and step 1 ... OK
Create profile matrix with method 'bin' and step 1 ... OK
Create profile matrix with method 'bin' and step 1 ... OK
Create profile matrix with method 'bin' and step 1 ... OK
Processing 44641 mz slices ... OK
Create profile matrix with method 'bin' and step 1 ... OK
Create profile matrix with method 'bin' and step 1 ... OK
Create profile matrix with method 'bin' and step 1 ... OK
Create profile matrix with method 'bin' and step 1 ... OK
Create profile matrix with method 'bin' and step 1 ... OK
Processing 44641 mz slices ... OK
Create profile matrix with method 'bin' and step 1 ... OK
Create profile matrix with method 'bin' and step 1 ... OK
Create profile matrix with method 'bin' and step 1 ... OK
Create profile matrix with method 'bin' and step 1 ... OK
Create profile matrix with method 'bin' and step 1 ... OK
Processing 44641 mz slices ... OK
Create profile matrix with method 'bin' and step 1 ... OK
Create profile matrix with method 'bin' and step 1 ... OK
Create profile matrix with method 'bin' and step 1 ... OK
Create profile matrix with method 'bin' and step 1 ... OK
Create profile matrix with method 'bin' and step 1 ... OK
Processing 44641 mz slices ... OK
Create profile matrix with method 'bin' and step 0.71 ... OK
Create profile matrix with method 'bin' and step 0.71 ... OK
Create profile matrix with method 'bin' and step 0.71 ... OK
Create profile matrix with method 'bin' and step 0.71 ... OK
Create profile matrix with method 'bin' and step 0.71 ... OK
Create profile matrix with method 'bin' and step 0.71 ... OK
Create profile matrix with method 'bin' and step 0.71 ... OK
Create profile matrix with method 'bin' and step 0.71 ... OK
Processing 44641 mz slices ... OK
Create profile matrix with method 'bin' and step 0.71 ... OK
Create profile matrix with method 'bin' and step 0.71 ... OK
Create profile matrix with method 'bin' and step 0.71 ... OK
Create profile matrix with method 'bin' and step 0.71 ... OK
Create profile matrix with method 'bin' and step 0.71 ... OK
Create profile matrix with method 'bin' and step 0.71 ... OK
Create profile matrix with method 'bin' and step 0.71 ... OK
Create profile matrix with method 'bin' and step 0.71 ... OK
Processing 44641 mz slices ... OK
Create profile matrix with method 'bin' and step 0.71 ... OK
Create profile matrix with method 'bin' and step 0.71 ... OK
Create profile matrix with method 'bin' and step 0.71 ... OK
Create profile matrix with method 'bin' and step 0.71 ... OK
Create profile matrix with method 'bin' and step 0.71 ... OK
Create profile matrix with method 'bin' and step 0.71 ... OK
Create profile matrix with method 'bin' and step 0.71 ... OK
Create profile matrix with method 'bin' and step 0.71 ... OK
Processing 44641 mz slices ... OK
Create profile matrix with method 'bin' and step 0.71 ... OK
Create profile matrix with method 'bin' and step 0.71 ... OK
Create profile matrix with method 'bin' and step 0.71 ... OK
Create profile matrix with method 'bin' and step 0.71 ... OK
Create profile matrix with method 'bin' and step 0.71 ... OK
Create profile matrix with method 'bin' and step 0.71 ... OK
Create profile matrix with method 'bin' and step 0.71 ... OK
Create profile matrix with method 'bin' and step 0.71 ... OK
Processing 44641 mz slices ... OK
Create profile matrix with method 'bin' and step 1 ... OK
Create profile matrix with method 'bin' and step 1 ... OK
Create profile matrix with method 'bin' and step 1 ... OK
Create profile matrix with method 'bin' and step 1 ... OK
Create profile matrix with method 'bin' and step 1 ... OK
Processing 44641 mz slices ... OK
Create profile matrix with method 'bin' and step 1 ... OK
Create profile matrix with method 'bin' and step 1 ... OK
Create profile matrix with method 'bin' and step 1 ... OK
Create profile matrix with method 'bin' and step 1 ... OK
Create profile matrix with method 'bin' and step 1 ... OK
Processing 44641 mz slices ... OK
Create profile matrix with method 'bin' and step 1 ... OK
Create profile matrix with method 'bin' and step 1 ... OK
Create profile matrix with method 'bin' and step 1 ... OK
Create profile matrix with method 'bin' and step 1 ... OK
Create profile matrix with method 'bin' and step 1 ... OK
Processing 44641 mz slices ... OK
Create profile matrix with method 'bin' and step 1 ... OK
Create profile matrix with method 'bin' and step 1 ... OK
Create profile matrix with method 'bin' and step 1 ... OK
Create profile matrix with method 'bin' and step 1 ... OK
Create profile matrix with method 'bin' and step 1 ... OK
Processing 44641 mz slices ... OK
Create profile matrix with method 'bin' and step 0.71 ... OK
Create profile matrix with method 'bin' and step 0.71 ... OK
Create profile matrix with method 'bin' and step 0.71 ... OK
Create profile matrix with method 'bin' and step 0.71 ... OK
Create profile matrix with method 'bin' and step 0.71 ... OK
Create profile matrix with method 'bin' and step 0.71 ... OK
Create profile matrix with method 'bin' and step 0.71 ... OK
Create profile matrix with method 'bin' and step 0.71 ... OK
Processing 23703 mz slices ... OK
Create profile matrix with method 'bin' and step 0.71 ... OK
Create profile matrix with method 'bin' and step 0.71 ... OK
Create profile matrix with method 'bin' and step 0.71 ... OK
Create profile matrix with method 'bin' and step 0.71 ... OK
Create profile matrix with method 'bin' and step 0.71 ... OK
Create profile matrix with method 'bin' and step 0.71 ... OK
Create profile matrix with method 'bin' and step 0.71 ... OK
Create profile matrix with method 'bin' and step 0.71 ... OK
Processing 23703 mz slices ... OK
Create profile matrix with method 'bin' and step 0.71 ... OK
Create profile matrix with method 'bin' and step 0.71 ... OK
Create profile matrix with method 'bin' and step 0.71 ... OK
Create profile matrix with method 'bin' and step 0.71 ... OK
Create profile matrix with method 'bin' and step 0.71 ... OK
Create profile matrix with method 'bin' and step 0.71 ... OK
Create profile matrix with method 'bin' and step 0.71 ... OK
Create profile matrix with method 'bin' and step 0.71 ... OK
Processing 23703 mz slices ... OK
Create profile matrix with method 'bin' and step 0.71 ... OK
Create profile matrix with method 'bin' and step 0.71 ... OK
Create profile matrix with method 'bin' and step 0.71 ... OK
Create profile matrix with method 'bin' and step 0.71 ... OK
Create profile matrix with method 'bin' and step 0.71 ... OK
Create profile matrix with method 'bin' and step 0.71 ... OK
Create profile matrix with method 'bin' and step 0.71 ... OK
Create profile matrix with method 'bin' and step 0.71 ... OK
Processing 23703 mz slices ... OK
Create profile matrix with method 'bin' and step 1 ... OK
Create profile matrix with method 'bin' and step 1 ... OK
Create profile matrix with method 'bin' and step 1 ... OK
Create profile matrix with method 'bin' and step 1 ... OK
Create profile matrix with method 'bin' and step 1 ... OK
Processing 23703 mz slices ... OK
Create profile matrix with method 'bin' and step 1 ... OK
Create profile matrix with method 'bin' and step 1 ... OK
Create profile matrix with method 'bin' and step 1 ... OK
Create profile matrix with method 'bin' and step 1 ... OK
Create profile matrix with method 'bin' and step 1 ... OK
Processing 23703 mz slices ... OK
Create profile matrix with method 'bin' and step 1 ... OK
Create profile matrix with method 'bin' and step 1 ... OK
Create profile matrix with method 'bin' and step 1 ... OK
Create profile matrix with method 'bin' and step 1 ... OK
Create profile matrix with method 'bin' and step 1 ... OK
Processing 23703 mz slices ... OK
Create profile matrix with method 'bin' and step 1 ... OK
Create profile matrix with method 'bin' and step 1 ... OK
Create profile matrix with method 'bin' and step 1 ... OK
Create profile matrix with method 'bin' and step 1 ... OK
Create profile matrix with method 'bin' and step 1 ... OK
Processing 23703 mz slices ... OK
Create profile matrix with method 'bin' and step 0.71 ... OK
Create profile matrix with method 'bin' and step 0.71 ... OK
Create profile matrix with method 'bin' and step 0.71 ... OK
Create profile matrix with method 'bin' and step 0.71 ... OK
Create profile matrix with method 'bin' and step 0.71 ... OK
Create profile matrix with method 'bin' and step 0.71 ... OK
Create profile matrix with method 'bin' and step 0.71 ... OK
Create profile matrix with method 'bin' and step 0.71 ... OK
Processing 23703 mz slices ... OK
Create profile matrix with method 'bin' and step 0.71 ... OK
Create profile matrix with method 'bin' and step 0.71 ... OK
Create profile matrix with method 'bin' and step 0.71 ... OK
Create profile matrix with method 'bin' and step 0.71 ... OK
Create profile matrix with method 'bin' and step 0.71 ... OK
Create profile matrix with method 'bin' and step 0.71 ... OK
Create profile matrix with method 'bin' and step 0.71 ... OK
Create profile matrix with method 'bin' and step 0.71 ... OK
Processing 23703 mz slices ... OK
Create profile matrix with method 'bin' and step 0.71 ... OK
Create profile matrix with method 'bin' and step 0.71 ... OK
Create profile matrix with method 'bin' and step 0.71 ... OK
Create profile matrix with method 'bin' and step 0.71 ... OK
Create profile matrix with method 'bin' and step 0.71 ... OK
Create profile matrix with method 'bin' and step 0.71 ... OK
Create profile matrix with method 'bin' and step 0.71 ... OK
Create profile matrix with method 'bin' and step 0.71 ... OK
Processing 23703 mz slices ... OK
Create profile matrix with method 'bin' and step 0.71 ... OK
Create profile matrix with method 'bin' and step 0.71 ... OK
Create profile matrix with method 'bin' and step 0.71 ... OK
Create profile matrix with method 'bin' and step 0.71 ... OK
Create profile matrix with method 'bin' and step 0.71 ... OK
Create profile matrix with method 'bin' and step 0.71 ... OK
Create profile matrix with method 'bin' and step 0.71 ... OK
Create profile matrix with method 'bin' and step 0.71 ... OK
Processing 23703 mz slices ... OK
Create profile matrix with method 'bin' and step 1 ... OK
Create profile matrix with method 'bin' and step 1 ... OK
Create profile matrix with method 'bin' and step 1 ... OK
Create profile matrix with method 'bin' and step 1 ... OK
Create profile matrix with method 'bin' and step 1 ... OK
Processing 23703 mz slices ... OK
Create profile matrix with method 'bin' and step 1 ... OK
Create profile matrix with method 'bin' and step 1 ... OK
Create profile matrix with method 'bin' and step 1 ... OK
Create profile matrix with method 'bin' and step 1 ... OK
Create profile matrix with method 'bin' and step 1 ... OK
Processing 23703 mz slices ... OK
Create profile matrix with method 'bin' and step 1 ... OK
Create profile matrix with method 'bin' and step 1 ... OK
Create profile matrix with method 'bin' and step 1 ... OK
Create profile matrix with method 'bin' and step 1 ... OK
Create profile matrix with method 'bin' and step 1 ... OK
Processing 23703 mz slices ... OK
Create profile matrix with method 'bin' and step 1 ... OK
Create profile matrix with method 'bin' and step 1 ... OK
Create profile matrix with method 'bin' and step 1 ... OK
Create profile matrix with method 'bin' and step 1 ... OK
Create profile matrix with method 'bin' and step 1 ... OK
Processing 23703 mz slices ... OK
Create profile matrix with method 'bin' and step 0.855 ... OK
Create profile matrix with method 'bin' and step 0.855 ... OK
Create profile matrix with method 'bin' and step 0.855 ... OK
Create profile matrix with method 'bin' and step 0.855 ... OK
Create profile matrix with method 'bin' and step 0.855 ... OK
Create profile matrix with method 'bin' and step 0.855 ... OK
Create profile matrix with method 'bin' and step 0.855 ... OK
Create profile matrix with method 'bin' and step 0.855 ... OK
Processing 30964 mz slices ... OK
Create profile matrix with method 'bin' and step 0.855 ... OK
Create profile matrix with method 'bin' and step 0.855 ... OK
Create profile matrix with method 'bin' and step 0.855 ... OK
Create profile matrix with method 'bin' and step 0.855 ... OK
Create profile matrix with method 'bin' and step 0.855 ... OK
Create profile matrix with method 'bin' and step 0.855 ... OK
Create profile matrix with method 'bin' and step 0.855 ... OK
Create profile matrix with method 'bin' and step 0.855 ... OK
Processing 30964 mz slices ... OK
Create profile matrix with method 'bin' and step 0.855 ... OK
Create profile matrix with method 'bin' and step 0.855 ... OK
Create profile matrix with method 'bin' and step 0.855 ... OK
Create profile matrix with method 'bin' and step 0.855 ... OK
Create profile matrix with method 'bin' and step 0.855 ... OK
Create profile matrix with method 'bin' and step 0.855 ... OK
Create profile matrix with method 'bin' and step 0.855 ... OK
Create profile matrix with method 'bin' and step 0.855 ... OK
Processing 30964 mz slices ... OK
Create profile matrix with method 'bin' and step 0.855 ... OK
Create profile matrix with method 'bin' and step 0.855 ... OK
Create profile matrix with method 'bin' and step 0.855 ... OK
Create profile matrix with method 'bin' and step 0.855 ... OK
Create profile matrix with method 'bin' and step 0.855 ... OK
Create profile matrix with method 'bin' and step 0.855 ... OK
Create profile matrix with method 'bin' and step 0.855 ... OK
Create profile matrix with method 'bin' and step 0.855 ... OK
Processing 30964 mz slices ... OK
Create profile matrix with method 'bin' and step 0.855 ... OK
Create profile matrix with method 'bin' and step 0.855 ... OK
Create profile matrix with method 'bin' and step 0.855 ... OK
Create profile matrix with method 'bin' and step 0.855 ... OK
Create profile matrix with method 'bin' and step 0.855 ... OK
Create profile matrix with method 'bin' and step 0.855 ... OK
Create profile matrix with method 'bin' and step 0.855 ... OK
Create profile matrix with method 'bin' and step 0.855 ... OK
Processing 30964 mz slices ... OK
Create profile matrix with method 'bin' and step 0.71 ... OK
Create profile matrix with method 'bin' and step 0.71 ... OK
Create profile matrix with method 'bin' and step 0.71 ... OK
Create profile matrix with method 'bin' and step 0.71 ... OK
Create profile matrix with method 'bin' and step 0.71 ... OK
Create profile matrix with method 'bin' and step 0.71 ... OK
Create profile matrix with method 'bin' and step 0.71 ... OK
Create profile matrix with method 'bin' and step 0.71 ... OK
Processing 30964 mz slices ... OK
Create profile matrix with method 'bin' and step 1 ... OK
Create profile matrix with method 'bin' and step 1 ... OK
Create profile matrix with method 'bin' and step 1 ... OK
Create profile matrix with method 'bin' and step 1 ... OK
Create profile matrix with method 'bin' and step 1 ... OK
Processing 30964 mz slices ... OK
Create profile matrix with method 'bin' and step 0.855 ... OK
Create profile matrix with method 'bin' and step 0.855 ... OK
Create profile matrix with method 'bin' and step 0.855 ... OK
Create profile matrix with method 'bin' and step 0.855 ... OK
Create profile matrix with method 'bin' and step 0.855 ... OK
Create profile matrix with method 'bin' and step 0.855 ... OK
Create profile matrix with method 'bin' and step 0.855 ... OK
Create profile matrix with method 'bin' and step 0.855 ... OK
Processing 30964 mz slices ... OK
Create profile matrix with method 'bin' and step 0.855 ... OK
Create profile matrix with method 'bin' and step 0.855 ... OK
Create profile matrix with method 'bin' and step 0.855 ... OK
Create profile matrix with method 'bin' and step 0.855 ... OK
Create profile matrix with method 'bin' and step 0.855 ... OK
Create profile matrix with method 'bin' and step 0.855 ... OK
Create profile matrix with method 'bin' and step 0.855 ... OK
Create profile matrix with method 'bin' and step 0.855 ... OK
Processing 30964 mz slices ... OK
Create profile matrix with method 'bin' and step 0.855 ... OK
Create profile matrix with method 'bin' and step 0.855 ... OK
Create profile matrix with method 'bin' and step 0.855 ... OK
Create profile matrix with method 'bin' and step 0.855 ... OK
Create profile matrix with method 'bin' and step 0.855 ... OK
Create profile matrix with method 'bin' and step 0.855 ... OK
Create profile matrix with method 'bin' and step 0.855 ... OK
Create profile matrix with method 'bin' and step 0.855 ... OK
Processing 44641 mz slices ... OK
Create profile matrix with method 'bin' and step 0.855 ... OK
Create profile matrix with method 'bin' and step 0.855 ... OK
Create profile matrix with method 'bin' and step 0.855 ... OK
Create profile matrix with method 'bin' and step 0.855 ... OK
Create profile matrix with method 'bin' and step 0.855 ... OK
Create profile matrix with method 'bin' and step 0.855 ... OK
Create profile matrix with method 'bin' and step 0.855 ... OK
Create profile matrix with method 'bin' and step 0.855 ... OK
Processing 23703 mz slices ... OK
Create profile matrix with method 'bin' and step 0.855 ... OK
Create profile matrix with method 'bin' and step 0.855 ... OK
Create profile matrix with method 'bin' and step 0.855 ... OK
Create profile matrix with method 'bin' and step 0.855 ... OK
Create profile matrix with method 'bin' and step 0.855 ... OK
Create profile matrix with method 'bin' and step 0.855 ... OK
Create profile matrix with method 'bin' and step 0.855 ... OK
Create profile matrix with method 'bin' and step 0.855 ... OK
Processing 30964 mz slices ... OK
Create profile matrix with method 'bin' and step 0.913 ... OK
Create profile matrix with method 'bin' and step 0.913 ... OK
Create profile matrix with method 'bin' and step 0.913 ... OK
Create profile matrix with method 'bin' and step 0.913 ... OK
Create profile matrix with method 'bin' and step 0.913 ... OK
Create profile matrix with method 'bin' and step 0.913 ... OK
Create profile matrix with method 'bin' and step 0.913 ... OK
Create profile matrix with method 'bin' and step 0.913 ... OK
Processing 30964 mz slices ... OK
no increase stopping
library(xcms)
library(Rmpi)

xset <- xcmsSet( 
  method = "centWave",
  peakwidth       = c(14.88, 80),
  ppm             = 41.75,
  noise           = 500,
  snthresh        = 10,
  mzdiff          = 0.0045,
  prefilter       = c(3, 500),
  mzCenterFun     = "wMean",
  integrate       = 2,
  fitgauss        = FALSE,
  verbose.columns = TRUE)
xset <- retcor( 
  xset,
  method         = "obiwarp",
  plottype       = "none",
  distFunc       = "cor_opt",
  profStep       = 0.955,
  center         = 1,
  response       = 1,
  gapInit        = 0.616,
  gapExtend      = 2.1,
  factorDiag     = 2,
  factorGap      = 1,
  localAlignment = 0)
xset <- group( 
  xset,
  method  = "density",
  bw      = 30.8,
  mzwid   = 0.047,
  minfrac = 0.05,
  minsamp = 1,
  max     = 50)

xset <- fillPeaks(xset)
Warning message:
In sink() : no sink to remove
