xsAnnotate contains no pseudospectra. Regroup all peaks into one!
Generating peak matrix!
Run isotope peak annotation
 % finished: 100  
Found isotopes: 13 
xsAnnotate contains no pseudospectra. Regroup all peaks into one!
Generating peak matrix!
Run isotope peak annotation
 % finished: 100  
Found isotopes: 7 
xsAnnotate contains no pseudospectra. Regroup all peaks into one!
Generating peak matrix!
Run isotope peak annotation
 % finished: 100  
Found isotopes: 13 
xsAnnotate contains no pseudospectra. Regroup all peaks into one!
Generating peak matrix!
Run isotope peak annotation
 % finished: 100  
Found isotopes: 7 
xsAnnotate contains no pseudospectra. Regroup all peaks into one!
Generating peak matrix!
Run isotope peak annotation
 % finished: 100  
Found isotopes: 13 
xsAnnotate contains no pseudospectra. Regroup all peaks into one!
Generating peak matrix!
Run isotope peak annotation
 % finished: 100  
Found isotopes: 7 
xsAnnotate contains no pseudospectra. Regroup all peaks into one!
Generating peak matrix!
Run isotope peak annotation
 % finished: 100  
Found isotopes: 14 
xsAnnotate contains no pseudospectra. Regroup all peaks into one!
Generating peak matrix!
Run isotope peak annotation
 % finished: 100  
Found isotopes: 7 
xsAnnotate contains no pseudospectra. Regroup all peaks into one!
Generating peak matrix!
Run isotope peak annotation
 % finished: 100  
Found isotopes: 13 
xsAnnotate contains no pseudospectra. Regroup all peaks into one!
Generating peak matrix!
Run isotope peak annotation
 % finished: 100  
Found isotopes: 7 
xsAnnotate contains no pseudospectra. Regroup all peaks into one!
Generating peak matrix!
Run isotope peak annotation
 % finished: 100  
Found isotopes: 14 
xsAnnotate contains no pseudospectra. Regroup all peaks into one!
Generating peak matrix!
Run isotope peak annotation
 % finished: 100  
Found isotopes: 7 
xsAnnotate contains no pseudospectra. Regroup all peaks into one!
Generating peak matrix!
Run isotope peak annotation
 % finished: 100  
Found isotopes: 13 
xsAnnotate contains no pseudospectra. Regroup all peaks into one!
Generating peak matrix!
Run isotope peak annotation
 % finished: 100  
Found isotopes: 7 
xsAnnotate contains no pseudospectra. Regroup all peaks into one!
Generating peak matrix!
Run isotope peak annotation
 % finished: 100  
Found isotopes: 14 
xsAnnotate contains no pseudospectra. Regroup all peaks into one!
Generating peak matrix!
Run isotope peak annotation
 % finished: 100  
Found isotopes: 7 
xsAnnotate contains no pseudospectra. Regroup all peaks into one!
Generating peak matrix!
Run isotope peak annotation
 % finished: 100  
Found isotopes: 9 
xsAnnotate contains no pseudospectra. Regroup all peaks into one!
Generating peak matrix!
Run isotope peak annotation
 % finished: 100  
Found isotopes: 13 
xsAnnotate contains no pseudospectra. Regroup all peaks into one!
Generating peak matrix!
Run isotope peak annotation
 % finished: 100  
Found isotopes: 7 
xsAnnotate contains no pseudospectra. Regroup all peaks into one!
Generating peak matrix!
Run isotope peak annotation
 % finished: 100  
Found isotopes: 9 
xsAnnotate contains no pseudospectra. Regroup all peaks into one!
Generating peak matrix!
Run isotope peak annotation
 % finished: 100  
Found isotopes: 9 
xsAnnotate contains no pseudospectra. Regroup all peaks into one!
Generating peak matrix!
Run isotope peak annotation
 % finished: 100  
Found isotopes: 8 
xsAnnotate contains no pseudospectra. Regroup all peaks into one!
Generating peak matrix!
Run isotope peak annotation
 % finished: 100  
Found isotopes: 9 
xsAnnotate contains no pseudospectra. Regroup all peaks into one!
Generating peak matrix!
Run isotope peak annotation
 % finished: 100  
Found isotopes: 9 
xsAnnotate contains no pseudospectra. Regroup all peaks into one!
Generating peak matrix!
Run isotope peak annotation
 % finished: 100  
Found isotopes: 9 
xsAnnotate contains no pseudospectra. Regroup all peaks into one!
Generating peak matrix!
Run isotope peak annotation
 % finished: 100  
Found isotopes: 9 
xsAnnotate contains no pseudospectra. Regroup all peaks into one!
Generating peak matrix!
Run isotope peak annotation
 % finished: 100  
Found isotopes: 7 
xsAnnotate contains no pseudospectra. Regroup all peaks into one!
Generating peak matrix!
Run isotope peak annotation
 % finished: 100  
Found isotopes: 8 
xsAnnotate contains no pseudospectra. Regroup all peaks into one!
Generating peak matrix!
Run isotope peak annotation
 % finished: 100  
Found isotopes: 0 
xsAnnotate contains no pseudospectra. Regroup all peaks into one!
Generating peak matrix!
Run isotope peak annotation
 % finished: 100  
Found isotopes: 8 
xsAnnotate contains no pseudospectra. Regroup all peaks into one!
Generating peak matrix!
Run isotope peak annotation
 % finished: 100  
Found isotopes: 7 
xsAnnotate contains no pseudospectra. Regroup all peaks into one!
Generating peak matrix!
Run isotope peak annotation
 % finished: 100  
Found isotopes: 9 
xsAnnotate contains no pseudospectra. Regroup all peaks into one!
Generating peak matrix!
Run isotope peak annotation
 % finished: 100  
Found isotopes: 0 
xsAnnotate contains no pseudospectra. Regroup all peaks into one!
Generating peak matrix!
Run isotope peak annotation
 % finished: 100  
Found isotopes: 10 
xsAnnotate contains no pseudospectra. Regroup all peaks into one!
Generating peak matrix!
Run isotope peak annotation
 % finished: 100  
Found isotopes: 7 
xsAnnotate contains no pseudospectra. Regroup all peaks into one!
Generating peak matrix!
Run isotope peak annotation
 % finished: 100  
Found isotopes: 8 
xsAnnotate contains no pseudospectra. Regroup all peaks into one!
Generating peak matrix!
Run isotope peak annotation
 % finished: 100  
Found isotopes: 0 
xsAnnotate contains no pseudospectra. Regroup all peaks into one!
Generating peak matrix!
Run isotope peak annotation
 % finished: 100  
Found isotopes: 8 
xsAnnotate contains no pseudospectra. Regroup all peaks into one!
Generating peak matrix!
Run isotope peak annotation
 % finished: 100  
Found isotopes: 7 
xsAnnotate contains no pseudospectra. Regroup all peaks into one!
Generating peak matrix!
Run isotope peak annotation
 % finished: 100  
Found isotopes: 9 
xsAnnotate contains no pseudospectra. Regroup all peaks into one!
Generating peak matrix!
Run isotope peak annotation
 % finished: 100  
Found isotopes: 0 
xsAnnotate contains no pseudospectra. Regroup all peaks into one!
Generating peak matrix!
Run isotope peak annotation
 % finished: 100  
Found isotopes: 10 
xsAnnotate contains no pseudospectra. Regroup all peaks into one!
Generating peak matrix!
Run isotope peak annotation
 % finished: 100  
Found isotopes: 7 
xsAnnotate contains no pseudospectra. Regroup all peaks into one!
Generating peak matrix!
Run isotope peak annotation
 % finished: 100  
Found isotopes: 7 
xsAnnotate contains no pseudospectra. Regroup all peaks into one!
Generating peak matrix!
Run isotope peak annotation
 % finished: 100  
Found isotopes: 9 
xsAnnotate contains no pseudospectra. Regroup all peaks into one!
Generating peak matrix!
Run isotope peak annotation
 % finished: 100  
Found isotopes: 7 
xsAnnotate contains no pseudospectra. Regroup all peaks into one!
Generating peak matrix!
Run isotope peak annotation
 % finished: 100  
Found isotopes: 7 
xsAnnotate contains no pseudospectra. Regroup all peaks into one!
Generating peak matrix!
Run isotope peak annotation
 % finished: 100  
Found isotopes: 7 
xsAnnotate contains no pseudospectra. Regroup all peaks into one!
Generating peak matrix!
Run isotope peak annotation
 % finished: 100  
Found isotopes: 7 
xsAnnotate contains no pseudospectra. Regroup all peaks into one!
Generating peak matrix!
Run isotope peak annotation
 % finished: 100  
Found isotopes: 7 
xsAnnotate contains no pseudospectra. Regroup all peaks into one!
Generating peak matrix!
Run isotope peak annotation
 % finished: 100  
Found isotopes: 7 
xsAnnotate contains no pseudospectra. Regroup all peaks into one!
Generating peak matrix!
Run isotope peak annotation
 % finished: 100  
Found isotopes: 7 
xsAnnotate contains no pseudospectra. Regroup all peaks into one!
Generating peak matrix!
Run isotope peak annotation
 % finished: 100  
Found isotopes: 7 
xsAnnotate contains no pseudospectra. Regroup all peaks into one!
Generating peak matrix!
Run isotope peak annotation
 % finished: 100  
Found isotopes: 7 
center sample:  Exp1R_CRR_22_POS 
Processing: Exp1F_CRR_12_POS  Exp1F_CRR_16_POS  Exp1F_HCC_3_POS  Exp1F_HCC_10_POS  
center sample:  Exp1R_CRR_22_POS 
Processing: Exp1F_CRR_12_POS  Exp1F_CRR_16_POS  Exp1F_HCC_3_POS  Exp1F_HCC_10_POS  
center sample:  Exp1R_CRR_22_POS 
Processing: Exp1F_CRR_12_POS  Exp1F_CRR_16_POS  Exp1F_HCC_3_POS  Exp1F_HCC_10_POS  
center sample:  Exp1R_CRR_22_POS 
Processing: Exp1F_CRR_12_POS  Exp1F_CRR_16_POS  Exp1F_HCC_3_POS  Exp1F_HCC_10_POS  
center sample:  Exp1R_CRR_22_POS 
Processing: Exp1F_CRR_12_POS  Exp1F_CRR_16_POS  Exp1F_HCC_3_POS  Exp1F_HCC_10_POS  
center sample:  Exp1R_CRR_22_POS 
Processing: Exp1F_CRR_12_POS  Exp1F_CRR_16_POS  Exp1F_HCC_3_POS  Exp1F_HCC_10_POS  
center sample:  Exp1R_CRR_22_POS 
Processing: Exp1F_CRR_12_POS  Exp1F_CRR_16_POS  Exp1F_HCC_3_POS  Exp1F_HCC_10_POS  
center sample:  Exp1R_CRR_22_POS 
Processing: Exp1F_CRR_12_POS  Exp1F_CRR_16_POS  Exp1F_HCC_3_POS  Exp1F_HCC_10_POS  
center sample:  Exp1R_CRR_22_POS 
Processing: Exp1F_CRR_12_POS  Exp1F_CRR_16_POS  Exp1F_HCC_3_POS  Exp1F_HCC_10_POS  
center sample:  Exp1R_CRR_22_POS 
Processing: Exp1F_CRR_12_POS  Exp1F_CRR_16_POS  Exp1F_HCC_3_POS  Exp1F_HCC_10_POS  
center sample:  Exp1R_CRR_22_POS 
Processing: Exp1F_CRR_12_POS  Exp1F_CRR_16_POS  Exp1F_HCC_3_POS  Exp1F_HCC_10_POS  
center sample:  Exp1R_CRR_22_POS 
Processing: Exp1F_CRR_12_POS  Exp1F_CRR_16_POS  Exp1F_HCC_3_POS  Exp1F_HCC_10_POS  
center sample:  Exp1R_CRR_22_POS 
Processing: Exp1F_CRR_12_POS  Exp1F_CRR_16_POS  Exp1F_HCC_3_POS  Exp1F_HCC_10_POS  
center sample:  Exp1R_CRR_22_POS 
Processing: Exp1F_CRR_12_POS  Exp1F_CRR_16_POS  Exp1F_HCC_3_POS  Exp1F_HCC_10_POS  
center sample:  Exp1R_CRR_22_POS 
Processing: Exp1F_CRR_12_POS  Exp1F_CRR_16_POS  Exp1F_HCC_3_POS  Exp1F_HCC_10_POS  
center sample:  Exp1R_CRR_22_POS 
Processing: Exp1F_CRR_12_POS  Exp1F_CRR_16_POS  Exp1F_HCC_3_POS  Exp1F_HCC_10_POS  
center sample:  Exp1R_CRR_22_POS 
Processing: Exp1F_CRR_12_POS  Exp1F_CRR_16_POS  Exp1F_HCC_3_POS  Exp1F_HCC_10_POS  
center sample:  Exp1R_CRR_22_POS 
Processing: Exp1F_CRR_12_POS  Exp1F_CRR_16_POS  Exp1F_HCC_3_POS  Exp1F_HCC_10_POS  
center sample:  Exp1R_CRR_22_POS 
Processing: Exp1F_CRR_12_POS  Exp1F_CRR_16_POS  Exp1F_HCC_3_POS  Exp1F_HCC_10_POS  
center sample:  Exp1R_CRR_22_POS 
Processing: Exp1F_CRR_12_POS  Exp1F_CRR_16_POS  Exp1F_HCC_3_POS  Exp1F_HCC_10_POS  
center sample:  Exp1R_CRR_22_POS 
Processing: Exp1F_CRR_12_POS  Exp1F_CRR_16_POS  Exp1F_HCC_3_POS  Exp1F_HCC_10_POS  
center sample:  Exp1R_CRR_22_POS 
Processing: Exp1F_CRR_12_POS  Exp1F_CRR_16_POS  Exp1F_HCC_3_POS  Exp1F_HCC_10_POS  
center sample:  Exp1R_CRR_22_POS 
Processing: Exp1F_CRR_12_POS  Exp1F_CRR_16_POS  Exp1F_HCC_3_POS  Exp1F_HCC_10_POS  
center sample:  Exp1R_CRR_22_POS 
Processing: Exp1F_CRR_12_POS  Exp1F_CRR_16_POS  Exp1F_HCC_3_POS  Exp1F_HCC_10_POS  
center sample:  Exp1R_CRR_22_POS 
Processing: Exp1F_CRR_12_POS  Exp1F_CRR_16_POS  Exp1F_HCC_3_POS  Exp1F_HCC_10_POS  
center sample:  Exp1R_CRR_22_POS 
Processing: Exp1F_CRR_12_POS  Exp1F_CRR_16_POS  Exp1F_HCC_3_POS  Exp1F_HCC_10_POS  
center sample:  Exp1R_CRR_22_POS 
Processing: Exp1F_CRR_12_POS  Exp1F_CRR_16_POS  Exp1F_HCC_3_POS  Exp1F_HCC_10_POS  
center sample:  Exp1R_CRR_22_POS 
Processing: Exp1F_CRR_12_POS  Exp1F_CRR_16_POS  Exp1F_HCC_3_POS  Exp1F_HCC_10_POS  
center sample:  Exp1R_CRR_22_POS 
Processing: Exp1F_CRR_12_POS  Exp1F_CRR_16_POS  Exp1F_HCC_3_POS  Exp1F_HCC_10_POS  
center sample:  Exp1R_CRR_22_POS 
Processing: Exp1F_CRR_12_POS  Exp1F_CRR_16_POS  Exp1F_HCC_3_POS  Exp1F_HCC_10_POS  
center sample:  Exp1R_CRR_22_POS 
Processing: Exp1F_CRR_12_POS  Exp1F_CRR_16_POS  Exp1F_HCC_3_POS  Exp1F_HCC_10_POS  
center sample:  Exp1R_CRR_22_POS 
Processing: Exp1F_CRR_12_POS  Exp1F_CRR_16_POS  Exp1F_HCC_3_POS  Exp1F_HCC_10_POS  
center sample:  Exp1R_CRR_22_POS 
Processing: Exp1F_CRR_12_POS  Exp1F_CRR_16_POS  Exp1F_HCC_3_POS  Exp1F_HCC_10_POS  
center sample:  Exp1R_CRR_22_POS 
Processing: Exp1F_CRR_12_POS  Exp1F_CRR_16_POS  Exp1F_HCC_3_POS  Exp1F_HCC_10_POS  
center sample:  Exp1R_CRR_22_POS 
Processing: Exp1F_CRR_12_POS  Exp1F_CRR_16_POS  Exp1F_HCC_3_POS  Exp1F_HCC_10_POS  
center sample:  Exp1R_CRR_22_POS 
Processing: Exp1F_CRR_12_POS  Exp1F_CRR_16_POS  Exp1F_HCC_3_POS  Exp1F_HCC_10_POS  
center sample:  Exp1R_CRR_22_POS 
Processing: Exp1F_CRR_12_POS  Exp1F_CRR_16_POS  Exp1F_HCC_3_POS  Exp1F_HCC_10_POS  
center sample:  Exp1R_CRR_22_POS 
Processing: Exp1F_CRR_12_POS  Exp1F_CRR_16_POS  Exp1F_HCC_3_POS  Exp1F_HCC_10_POS  
center sample:  Exp1R_CRR_22_POS 
Processing: Exp1F_CRR_12_POS  Exp1F_CRR_16_POS  Exp1F_HCC_3_POS  Exp1F_HCC_10_POS  
center sample:  Exp1R_CRR_22_POS 
Processing: Exp1F_CRR_12_POS  Exp1F_CRR_16_POS  Exp1F_HCC_3_POS  Exp1F_HCC_10_POS  
center sample:  Exp1R_CRR_22_POS 
Processing: Exp1F_CRR_12_POS  Exp1F_CRR_16_POS  Exp1F_HCC_3_POS  Exp1F_HCC_10_POS  
center sample:  Exp1R_CRR_22_POS 
Processing: Exp1F_CRR_12_POS  Exp1F_CRR_16_POS  Exp1F_HCC_3_POS  Exp1F_HCC_10_POS  
center sample:  Exp1R_CRR_22_POS 
Processing: Exp1F_CRR_12_POS  Exp1F_CRR_16_POS  Exp1F_HCC_3_POS  Exp1F_HCC_10_POS  
center sample:  Exp1R_CRR_22_POS 
Processing: Exp1F_CRR_12_POS  Exp1F_CRR_16_POS  Exp1F_HCC_3_POS  Exp1F_HCC_10_POS  
center sample:  Exp1R_CRR_22_POS 
Processing: Exp1F_CRR_12_POS  Exp1F_CRR_16_POS  Exp1F_HCC_3_POS  Exp1F_HCC_10_POS  
center sample:  Exp1R_CRR_22_POS 
Processing: Exp1F_CRR_12_POS  Exp1F_CRR_16_POS  Exp1F_HCC_3_POS  Exp1F_HCC_10_POS  
center sample:  Exp1R_CRR_22_POS 
Processing: Exp1F_CRR_12_POS  Exp1F_CRR_16_POS  Exp1F_HCC_3_POS  Exp1F_HCC_10_POS  
center sample:  Exp1R_CRR_22_POS 
Processing: Exp1F_CRR_12_POS  Exp1F_CRR_16_POS  Exp1F_HCC_3_POS  Exp1F_HCC_10_POS  
center sample:  Exp1R_CRR_22_POS 
Processing: Exp1F_CRR_12_POS  Exp1F_CRR_16_POS  Exp1F_HCC_3_POS  Exp1F_HCC_10_POS  
center sample:  Exp1R_CRR_22_POS 
Processing: Exp1F_CRR_12_POS  Exp1F_CRR_16_POS  Exp1F_HCC_3_POS  Exp1F_HCC_10_POS  
center sample:  Exp1R_CRR_22_POS 
Processing: Exp1F_CRR_12_POS  Exp1F_CRR_16_POS  Exp1F_HCC_3_POS  Exp1F_HCC_10_POS  
center sample:  Exp1R_CRR_22_POS 
Processing: Exp1F_CRR_12_POS  Exp1F_CRR_16_POS  Exp1F_HCC_3_POS  Exp1F_HCC_10_POS  
center sample:  Exp1R_CRR_22_POS 
Processing: Exp1F_CRR_12_POS  Exp1F_CRR_16_POS  Exp1F_HCC_3_POS  Exp1F_HCC_10_POS  
center sample:  Exp1R_CRR_22_POS 
Processing: Exp1F_CRR_12_POS  Exp1F_CRR_16_POS  Exp1F_HCC_3_POS  Exp1F_HCC_10_POS  
center sample:  Exp1R_CRR_22_POS 
Processing: Exp1F_CRR_12_POS  Exp1F_CRR_16_POS  Exp1F_HCC_3_POS  Exp1F_HCC_10_POS  
center sample:  Exp1R_CRR_22_POS 
Processing: Exp1F_CRR_12_POS  Exp1F_CRR_16_POS  Exp1F_HCC_3_POS  Exp1F_HCC_10_POS  
center sample:  Exp1R_CRR_22_POS 
Processing: Exp1F_CRR_12_POS  Exp1F_CRR_16_POS  Exp1F_HCC_3_POS  Exp1F_HCC_10_POS  
center sample:  Exp1R_CRR_22_POS 
Processing: Exp1F_CRR_12_POS  Exp1F_CRR_16_POS  Exp1F_HCC_3_POS  Exp1F_HCC_10_POS  
center sample:  Exp1R_CRR_22_POS 
Processing: Exp1F_CRR_12_POS  Exp1F_CRR_16_POS  Exp1F_HCC_3_POS  Exp1F_HCC_10_POS  
center sample:  Exp1R_CRR_22_POS 
Processing: Exp1F_CRR_12_POS  Exp1F_CRR_16_POS  Exp1F_HCC_3_POS  Exp1F_HCC_10_POS  
center sample:  Exp1R_CRR_22_POS 
Processing: Exp1F_CRR_12_POS  Exp1F_CRR_16_POS  Exp1F_HCC_3_POS  Exp1F_HCC_10_POS  
center sample:  Exp1R_CRR_22_POS 
Processing: Exp1F_CRR_12_POS  Exp1F_CRR_16_POS  Exp1F_HCC_3_POS  Exp1F_HCC_10_POS  
center sample:  Exp1R_CRR_22_POS 
Processing: Exp1F_CRR_12_POS  Exp1F_CRR_16_POS  Exp1F_HCC_3_POS  Exp1F_HCC_10_POS  
center sample:  Exp1R_CRR_22_POS 
Processing: Exp1F_CRR_12_POS  Exp1F_CRR_16_POS  Exp1F_HCC_3_POS  Exp1F_HCC_10_POS  
center sample:  Exp1R_CRR_22_POS 
Processing: Exp1F_CRR_12_POS  Exp1F_CRR_16_POS  Exp1F_HCC_3_POS  Exp1F_HCC_10_POS  
center sample:  Exp1R_CRR_22_POS 
Processing: Exp1F_CRR_12_POS  Exp1F_CRR_16_POS  Exp1F_HCC_3_POS  Exp1F_HCC_10_POS  
center sample:  Exp1R_CRR_22_POS 
Processing: Exp1F_CRR_12_POS  Exp1F_CRR_16_POS  Exp1F_HCC_3_POS  Exp1F_HCC_10_POS  
center sample:  Exp1R_CRR_22_POS 
Processing: Exp1F_CRR_12_POS  Exp1F_CRR_16_POS  Exp1F_HCC_3_POS  Exp1F_HCC_10_POS  
center sample:  Exp1R_CRR_22_POS 
Processing: Exp1F_CRR_12_POS  Exp1F_CRR_16_POS  Exp1F_HCC_3_POS  Exp1F_HCC_10_POS  
center sample:  Exp1R_CRR_22_POS 
Processing: Exp1F_CRR_12_POS  Exp1F_CRR_16_POS  Exp1F_HCC_3_POS  Exp1F_HCC_10_POS  
center sample:  Exp1R_CRR_22_POS 
Processing: Exp1F_CRR_12_POS  Exp1F_CRR_16_POS  Exp1F_HCC_3_POS  Exp1F_HCC_10_POS  
center sample:  Exp1R_CRR_22_POS 
Processing: Exp1F_CRR_12_POS  Exp1F_CRR_16_POS  Exp1F_HCC_3_POS  Exp1F_HCC_10_POS  
center sample:  Exp1R_CRR_22_POS 
Processing: Exp1F_CRR_12_POS  Exp1F_CRR_16_POS  Exp1F_HCC_3_POS  Exp1F_HCC_10_POS  
center sample:  Exp1R_CRR_22_POS 
Processing: Exp1F_CRR_12_POS  Exp1F_CRR_16_POS  Exp1F_HCC_3_POS  Exp1F_HCC_10_POS  
center sample:  Exp1R_CRR_22_POS 
Processing: Exp1F_CRR_12_POS  Exp1F_CRR_16_POS  Exp1F_HCC_3_POS  Exp1F_HCC_10_POS  
center sample:  Exp1R_CRR_22_POS 
Processing: Exp1F_CRR_12_POS  Exp1F_CRR_16_POS  Exp1F_HCC_3_POS  Exp1F_HCC_10_POS  
center sample:  Exp1R_CRR_22_POS 
Processing: Exp1F_CRR_12_POS  Exp1F_CRR_16_POS  Exp1F_HCC_3_POS  Exp1F_HCC_10_POS  
center sample:  Exp1R_CRR_22_POS 
Processing: Exp1F_CRR_12_POS  Exp1F_CRR_16_POS  Exp1F_HCC_3_POS  Exp1F_HCC_10_POS  
center sample:  Exp1R_CRR_22_POS 
Processing: Exp1F_CRR_12_POS  Exp1F_CRR_16_POS  Exp1F_HCC_3_POS  Exp1F_HCC_10_POS  
center sample:  Exp1R_CRR_22_POS 
Processing: Exp1F_CRR_12_POS  Exp1F_CRR_16_POS  Exp1F_HCC_3_POS  Exp1F_HCC_10_POS  
center sample:  Exp1R_CRR_22_POS 
Processing: Exp1F_CRR_12_POS  Exp1F_CRR_16_POS  Exp1F_HCC_3_POS  Exp1F_HCC_10_POS  
center sample:  Exp1R_CRR_22_POS 
Processing: Exp1F_CRR_12_POS  Exp1F_CRR_16_POS  Exp1F_HCC_3_POS  Exp1F_HCC_10_POS  
center sample:  Exp1R_CRR_22_POS 
Processing: Exp1F_CRR_12_POS  Exp1F_CRR_16_POS  Exp1F_HCC_3_POS  Exp1F_HCC_10_POS  
center sample:  Exp1R_CRR_22_POS 
Processing: Exp1F_CRR_12_POS  Exp1F_CRR_16_POS  Exp1F_HCC_3_POS  Exp1F_HCC_10_POS  
center sample:  Exp1R_CRR_22_POS 
Processing: Exp1F_CRR_12_POS  Exp1F_CRR_16_POS  Exp1F_HCC_3_POS  Exp1F_HCC_10_POS  
center sample:  Exp1R_CRR_22_POS 
Processing: Exp1F_CRR_12_POS  Exp1F_CRR_16_POS  Exp1F_HCC_3_POS  Exp1F_HCC_10_POS  
center sample:  Exp1R_CRR_22_POS 
Processing: Exp1F_CRR_12_POS  Exp1F_CRR_16_POS  Exp1F_HCC_3_POS  Exp1F_HCC_10_POS  
center sample:  Exp1R_CRR_22_POS 
Processing: Exp1F_CRR_12_POS  Exp1F_CRR_16_POS  Exp1F_HCC_3_POS  Exp1F_HCC_10_POS  
center sample:  Exp1R_CRR_22_POS 
Processing: Exp1F_CRR_12_POS  Exp1F_CRR_16_POS  Exp1F_HCC_3_POS  Exp1F_HCC_10_POS  
center sample:  Exp1R_CRR_22_POS 
Processing: Exp1F_CRR_12_POS  Exp1F_CRR_16_POS  Exp1F_HCC_3_POS  Exp1F_HCC_10_POS  
K
Create profile matrix with method 'bin' and step 1 ... OK
Create profile matrix with method 'bin' and step 1 ... OK
Processing 41577 mz slices ... OK
Create profile matrix with method 'bin' and step 1 ... OK
Create profile matrix with method 'bin' and step 1 ... OK
Create profile matrix with method 'bin' and step 1 ... OK
Create profile matrix with method 'bin' and step 1 ... OK
Create profile matrix with method 'bin' and step 1 ... OK
Processing 41577 mz slices ... OK
Create profile matrix with method 'bin' and step 1 ... OK
Create profile matrix with method 'bin' and step 1 ... OK
Create profile matrix with method 'bin' and step 1 ... OK
Create profile matrix with method 'bin' and step 1 ... OK
Create profile matrix with method 'bin' and step 1 ... OK
Processing 41577 mz slices ... OK
Create profile matrix with method 'bin' and step 1 ... OK
Create profile matrix with method 'bin' and step 1 ... OK
Create profile matrix with method 'bin' and step 1 ... OK
Create profile matrix with method 'bin' and step 1 ... OK
Create profile matrix with method 'bin' and step 1 ... OK
Processing 41577 mz slices ... OK
Create profile matrix with method 'bin' and step 0.7 ... OK
Create profile matrix with method 'bin' and step 0.7 ... OK
Create profile matrix with method 'bin' and step 0.7 ... OK
Create profile matrix with method 'bin' and step 0.7 ... OK
Create profile matrix with method 'bin' and step 0.7 ... OK
Create profile matrix with method 'bin' and step 0.7 ... OK
Create profile matrix with method 'bin' and step 0.7 ... OK
Create profile matrix with method 'bin' and step 0.7 ... OK
Processing 41577 mz slices ... OK
Create profile matrix with method 'bin' and step 0.7 ... OK
Create profile matrix with method 'bin' and step 0.7 ... OK
Create profile matrix with method 'bin' and step 0.7 ... OK
Create profile matrix with method 'bin' and step 0.7 ... OK
Create profile matrix with method 'bin' and step 0.7 ... OK
Create profile matrix with method 'bin' and step 0.7 ... OK
Create profile matrix with method 'bin' and step 0.7 ... OK
Create profile matrix with method 'bin' and step 0.7 ... OK
Processing 41577 mz slices ... OK
Create profile matrix with method 'bin' and step 0.7 ... OK
Create profile matrix with method 'bin' and step 0.7 ... OK
Create profile matrix with method 'bin' and step 0.7 ... OK
Create profile matrix with method 'bin' and step 0.7 ... OK
Create profile matrix with method 'bin' and step 0.7 ... OK
Create profile matrix with method 'bin' and step 0.7 ... OK
Create profile matrix with method 'bin' and step 0.7 ... OK
Create profile matrix with method 'bin' and step 0.7 ... OK
Processing 41577 mz slices ... OK
Create profile matrix with method 'bin' and step 0.7 ... OK
Create profile matrix with method 'bin' and step 0.7 ... OK
Create profile matrix with method 'bin' and step 0.7 ... OK
Create profile matrix with method 'bin' and step 0.7 ... OK
Create profile matrix with method 'bin' and step 0.7 ... OK
Create profile matrix with method 'bin' and step 0.7 ... OK
Create profile matrix with method 'bin' and step 0.7 ... OK
Create profile matrix with method 'bin' and step 0.7 ... OK
Processing 41577 mz slices ... OK
Create profile matrix with method 'bin' and step 1 ... OK
Create profile matrix with method 'bin' and step 1 ... OK
Create profile matrix with method 'bin' and step 1 ... OK
Create profile matrix with method 'bin' and step 1 ... OK
Create profile matrix with method 'bin' and step 1 ... OK
Processing 41577 mz slices ... OK
Create profile matrix with method 'bin' and step 1 ... OK
Create profile matrix with method 'bin' and step 1 ... OK
Create profile matrix with method 'bin' and step 1 ... OK
Create profile matrix with method 'bin' and step 1 ... OK
Create profile matrix with method 'bin' and step 1 ... OK
Processing 41577 mz slices ... OK
Create profile matrix with method 'bin' and step 1 ... OK
Create profile matrix with method 'bin' and step 1 ... OK
Create profile matrix with method 'bin' and step 1 ... OK
Create profile matrix with method 'bin' and step 1 ... OK
Create profile matrix with method 'bin' and step 1 ... OK
Processing 41577 mz slices ... OK
Create profile matrix with method 'bin' and step 1 ... OK
Create profile matrix with method 'bin' and step 1 ... OK
Create profile matrix with method 'bin' and step 1 ... OK
Create profile matrix with method 'bin' and step 1 ... OK
Create profile matrix with method 'bin' and step 1 ... OK
Processing 41577 mz slices ... OK
Create profile matrix with method 'bin' and step 0.85 ... OK
Create profile matrix with method 'bin' and step 0.85 ... OK
Create profile matrix with method 'bin' and step 0.85 ... OK
Create profile matrix with method 'bin' and step 0.85 ... OK
Create profile matrix with method 'bin' and step 0.85 ... OK
Create profile matrix with method 'bin' and step 0.85 ... OK
Create profile matrix with method 'bin' and step 0.85 ... OK
Create profile matrix with method 'bin' and step 0.85 ... OK
Processing 58207 mz slices ... OK
Create profile matrix with method 'bin' and step 0.85 ... OK
Create profile matrix with method 'bin' and step 0.85 ... OK
Create profile matrix with method 'bin' and step 0.85 ... OK
Create profile matrix with method 'bin' and step 0.85 ... OK
Create profile matrix with method 'bin' and step 0.85 ... OK
Create profile matrix with method 'bin' and step 0.85 ... OK
Create profile matrix with method 'bin' and step 0.85 ... OK
Create profile matrix with method 'bin' and step 0.85 ... OK
Processing 58207 mz slices ... OK
Create profile matrix with method 'bin' and step 0.85 ... OK
Create profile matrix with method 'bin' and step 0.85 ... OK
Create profile matrix with method 'bin' and step 0.85 ... OK
Create profile matrix with method 'bin' and step 0.85 ... OK
Create profile matrix with method 'bin' and step 0.85 ... OK
Create profile matrix with method 'bin' and step 0.85 ... OK
Create profile matrix with method 'bin' and step 0.85 ... OK
Create profile matrix with method 'bin' and step 0.85 ... OK
Processing 58207 mz slices ... OK
Create profile matrix with method 'bin' and step 0.85 ... OK
Create profile matrix with method 'bin' and step 0.85 ... OK
Create profile matrix with method 'bin' and step 0.85 ... OK
Create profile matrix with method 'bin' and step 0.85 ... OK
Create profile matrix with method 'bin' and step 0.85 ... OK
Create profile matrix with method 'bin' and step 0.85 ... OK
Create profile matrix with method 'bin' and step 0.85 ... OK
Create profile matrix with method 'bin' and step 0.85 ... OK
Processing 58207 mz slices ... OK
Create profile matrix with method 'bin' and step 0.85 ... OK
Create profile matrix with method 'bin' and step 0.85 ... OK
Create profile matrix with method 'bin' and step 0.85 ... OK
Create profile matrix with method 'bin' and step 0.85 ... OK
Create profile matrix with method 'bin' and step 0.85 ... OK
Create profile matrix with method 'bin' and step 0.85 ... OK
Create profile matrix with method 'bin' and step 0.85 ... OK
Create profile matrix with method 'bin' and step 0.85 ... OK
Processing 58207 mz slices ... OK
Create profile matrix with method 'bin' and step 0.7 ... OK
Create profile matrix with method 'bin' and step 0.7 ... OK
Create profile matrix with method 'bin' and step 0.7 ... OK
Create profile matrix with method 'bin' and step 0.7 ... OK
Create profile matrix with method 'bin' and step 0.7 ... OK
Create profile matrix with method 'bin' and step 0.7 ... OK
Create profile matrix with method 'bin' and step 0.7 ... OK
Create profile matrix with method 'bin' and step 0.7 ... OK
Processing 58207 mz slices ... OK
Create profile matrix with method 'bin' and step 1 ... OK
Create profile matrix with method 'bin' and step 1 ... OK
Create profile matrix with method 'bin' and step 1 ... OK
Create profile matrix with method 'bin' and step 1 ... OK
Create profile matrix with method 'bin' and step 1 ... OK
Processing 58207 mz slices ... OK
Create profile matrix with method 'bin' and step 0.85 ... OK
Create profile matrix with method 'bin' and step 0.85 ... OK
Create profile matrix with method 'bin' and step 0.85 ... OK
Create profile matrix with method 'bin' and step 0.85 ... OK
Create profile matrix with method 'bin' and step 0.85 ... OK
Create profile matrix with method 'bin' and step 0.85 ... OK
Create profile matrix with method 'bin' and step 0.85 ... OK
Create profile matrix with method 'bin' and step 0.85 ... OK
Processing 58207 mz slices ... OK
Create profile matrix with method 'bin' and step 0.85 ... OK
Create profile matrix with method 'bin' and step 0.85 ... OK
Create profile matrix with method 'bin' and step 0.85 ... OK
Create profile matrix with method 'bin' and step 0.85 ... OK
Create profile matrix with method 'bin' and step 0.85 ... OK
Create profile matrix with method 'bin' and step 0.85 ... OK
Create profile matrix with method 'bin' and step 0.85 ... OK
Create profile matrix with method 'bin' and step 0.85 ... OK
Processing 58207 mz slices ... OK
Create profile matrix with method 'bin' and step 0.85 ... OK
Create profile matrix with method 'bin' and step 0.85 ... OK
Create profile matrix with method 'bin' and step 0.85 ... OK
Create profile matrix with method 'bin' and step 0.85 ... OK
Create profile matrix with method 'bin' and step 0.85 ... OK
Create profile matrix with method 'bin' and step 0.85 ... OK
Create profile matrix with method 'bin' and step 0.85 ... OK
Create profile matrix with method 'bin' and step 0.85 ... OK
Processing 97011 mz slices ... OK
Create profile matrix with method 'bin' and step 0.85 ... OK
Create profile matrix with method 'bin' and step 0.85 ... OK
Create profile matrix with method 'bin' and step 0.85 ... OK
Create profile matrix with method 'bin' and step 0.85 ... OK
Create profile matrix with method 'bin' and step 0.85 ... OK
Create profile matrix with method 'bin' and step 0.85 ... OK
Create profile matrix with method 'bin' and step 0.85 ... OK
Create profile matrix with method 'bin' and step 0.85 ... OK
Processing 41577 mz slices ... OK
Create profile matrix with method 'bin' and step 0.85 ... OK
Create profile matrix with method 'bin' and step 0.85 ... OK
Create profile matrix with method 'bin' and step 0.85 ... OK
Create profile matrix with method 'bin' and step 0.85 ... OK
Create profile matrix with method 'bin' and step 0.85 ... OK
Create profile matrix with method 'bin' and step 0.85 ... OK
Create profile matrix with method 'bin' and step 0.85 ... OK
Create profile matrix with method 'bin' and step 0.85 ... OK
Processing 58207 mz slices ... OK
Create profile matrix with method 'bin' and step 1 ... OK
Create profile matrix with method 'bin' and step 1 ... OK
Create profile matrix with method 'bin' and step 1 ... OK
Create profile matrix with method 'bin' and step 1 ... OK
Create profile matrix with method 'bin' and step 1 ... OK
Processing 58207 mz slices ... OK
profStep or minfrac greater 1, decreasing to 0.71 and 1



starting new DoE with:

gapInit: c(0.16, 0.64)
gapExtend: c(2.16, 2.64)
profStep: c(0.71, 1)
bw: c(12.4, 31.6)
mzwid: c(0.017, 0.033)
distFunc: cor_opt
plottype: none
response: 1
factorDiag: 2
factorGap: 1
localAlignment: 0
retcorMethod: obiwarp
minfrac: 0.05
minsamp: 1
max: 50
center: 3

Create profile matrix with method 'bin' and step 0.71 ... OK
Create profile matrix with method 'bin' and step 0.71 ... OK
Create profile matrix with method 'bin' and step 0.71 ... OK
Create profile matrix with method 'bin' and step 0.71 ... OK
Create profile matrix with method 'bin' and step 0.71 ... OK
Create profile matrix with method 'bin' and step 0.71 ... OK
Create profile matrix with method 'bin' and step 0.71 ... OK
Create profile matrix with method 'bin' and step 0.71 ... OK
Processing 85598 mz slices ... OK
Create profile matrix with method 'bin' and step 0.71 ... OK
Create profile matrix with method 'bin' and step 0.71 ... OK
Create profile matrix with method 'bin' and step 0.71 ... OK
Create profile matrix with method 'bin' and step 0.71 ... OK
Create profile matrix with method 'bin' and step 0.71 ... OK
Create profile matrix with method 'bin' and step 0.71 ... OK
Create profile matrix with method 'bin' and step 0.71 ... OK
Create profile matrix with method 'bin' and step 0.71 ... OK
Processing 85598 mz slices ... OK
Create profile matrix with method 'bin' and step 0.71 ... OK
Create profile matrix with method 'bin' and step 0.71 ... OK
Create profile matrix with method 'bin' and step 0.71 ... OK
Create profile matrix with method 'bin' and step 0.71 ... OK
Create profile matrix with method 'bin' and step 0.71 ... OK
Create profile matrix with method 'bin' and step 0.71 ... OK
Create profile matrix with method 'bin' and step 0.71 ... OK
Create profile matrix with method 'bin' and step 0.71 ... OK
Processing 85598 mz slices ... OK
Create profile matrix with method 'bin' and step 0.71 ... OK
Create profile matrix with method 'bin' and step 0.71 ... OK
Create profile matrix with method 'bin' and step 0.71 ... OK
Create profile matrix with method 'bin' and step 0.71 ... OK
Create profile matrix with method 'bin' and step 0.71 ... OK
Create profile matrix with method 'bin' and step 0.71 ... OK
Create profile matrix with method 'bin' and step 0.71 ... OK
Create profile matrix with method 'bin' and step 0.71 ... OK
Processing 85598 mz slices ... OK
Create profile matrix with method 'bin' and step 1 ... OK
Create profile matrix with method 'bin' and step 1 ... OK
Create profile matrix with method 'bin' and step 1 ... OK
Create profile matrix with method 'bin' and step 1 ... OK
Create profile matrix with method 'bin' and step 1 ... OK
Processing 85598 mz slices ... OK
Create profile matrix with method 'bin' and step 1 ... OK
Create profile matrix with method 'bin' and step 1 ... OK
Create profile matrix with method 'bin' and step 1 ... OK
Create profile matrix with method 'bin' and step 1 ... OK
Create profile matrix with method 'bin' and step 1 ... OK
Processing 85598 mz slices ... OK
Create profile matrix with method 'bin' and step 1 ... OK
Create profile matrix with method 'bin' and step 1 ... OK
Create profile matrix with method 'bin' and step 1 ... OK
Create profile matrix with method 'bin' and step 1 ... OK
Create profile matrix with method 'bin' and step 1 ... OK
Processing 85598 mz slices ... OK
Create profile matrix with method 'bin' and step 1 ... OK
Create profile matrix with method 'bin' and step 1 ... OK
Create profile matrix with method 'bin' and step 1 ... OK
Create profile matrix with method 'bin' and step 1 ... OK
Create profile matrix with method 'bin' and step 1 ... OK
Processing 85598 mz slices ... OK
Create profile matrix with method 'bin' and step 0.71 ... OK
Create profile matrix with method 'bin' and step 0.71 ... OK
Create profile matrix with method 'bin' and step 0.71 ... OK
Create profile matrix with method 'bin' and step 0.71 ... OK
Create profile matrix with method 'bin' and step 0.71 ... OK
Create profile matrix with method 'bin' and step 0.71 ... OK
Create profile matrix with method 'bin' and step 0.71 ... OK
Create profile matrix with method 'bin' and step 0.71 ... OK
Processing 85598 mz slices ... OK
Create profile matrix with method 'bin' and step 0.71 ... OK
Create profile matrix with method 'bin' and step 0.71 ... OK
Create profile matrix with method 'bin' and step 0.71 ... OK
Create profile matrix with method 'bin' and step 0.71 ... OK
Create profile matrix with method 'bin' and step 0.71 ... OK
Create profile matrix with method 'bin' and step 0.71 ... OK
Create profile matrix with method 'bin' and step 0.71 ... OK
Create profile matrix with method 'bin' and step 0.71 ... OK
Processing 85598 mz slices ... OK
Create profile matrix with method 'bin' and step 0.71 ... OK
Create profile matrix with method 'bin' and step 0.71 ... OK
Create profile matrix with method 'bin' and step 0.71 ... OK
Create profile matrix with method 'bin' and step 0.71 ... OK
Create profile matrix with method 'bin' and step 0.71 ... OK
Create profile matrix with method 'bin' and step 0.71 ... OK
Create profile matrix with method 'bin' and step 0.71 ... OK
Create profile matrix with method 'bin' and step 0.71 ... OK
Processing 85598 mz slices ... OK
Create profile matrix with method 'bin' and step 0.71 ... OK
Create profile matrix with method 'bin' and step 0.71 ... OK
Create profile matrix with method 'bin' and step 0.71 ... OK
Create profile matrix with method 'bin' and step 0.71 ... OK
Create profile matrix with method 'bin' and step 0.71 ... OK
Create profile matrix with method 'bin' and step 0.71 ... OK
Create profile matrix with method 'bin' and step 0.71 ... OK
Create profile matrix with method 'bin' and step 0.71 ... OK
Processing 85598 mz slices ... OK
Create profile matrix with method 'bin' and step 1 ... OK
Create profile matrix with method 'bin' and step 1 ... OK
Create profile matrix with method 'bin' and step 1 ... OK
Create profile matrix with method 'bin' and step 1 ... OK
Create profile matrix with method 'bin' and step 1 ... OK
Processing 85598 mz slices ... OK
Create profile matrix with method 'bin' and step 1 ... OK
Create profile matrix with method 'bin' and step 1 ... OK
Create profile matrix with method 'bin' and step 1 ... OK
Create profile matrix with method 'bin' and step 1 ... OK
Create profile matrix with method 'bin' and step 1 ... OK
Processing 85598 mz slices ... OK
Create profile matrix with method 'bin' and step 1 ... OK
Create profile matrix with method 'bin' and step 1 ... OK
Create profile matrix with method 'bin' and step 1 ... OK
Create profile matrix with method 'bin' and step 1 ... OK
Create profile matrix with method 'bin' and step 1 ... OK
Processing 85598 mz slices ... OK
Create profile matrix with method 'bin' and step 1 ... OK
Create profile matrix with method 'bin' and step 1 ... OK
Create profile matrix with method 'bin' and step 1 ... OK
Create profile matrix with method 'bin' and step 1 ... OK
Create profile matrix with method 'bin' and step 1 ... OK
Processing 85598 mz slices ... OK
Create profile matrix with method 'bin' and step 0.71 ... OK
Create profile matrix with method 'bin' and step 0.71 ... OK
Create profile matrix with method 'bin' and step 0.71 ... OK
Create profile matrix with method 'bin' and step 0.71 ... OK
Create profile matrix with method 'bin' and step 0.71 ... OK
Create profile matrix with method 'bin' and step 0.71 ... OK
Create profile matrix with method 'bin' and step 0.71 ... OK
Create profile matrix with method 'bin' and step 0.71 ... OK
Processing 44097 mz slices ... OK
Create profile matrix with method 'bin' and step 0.71 ... OK
Create profile matrix with method 'bin' and step 0.71 ... OK
Create profile matrix with method 'bin' and step 0.71 ... OK
Create profile matrix with method 'bin' and step 0.71 ... OK
Create profile matrix with method 'bin' and step 0.71 ... OK
Create profile matrix with method 'bin' and step 0.71 ... OK
Create profile matrix with method 'bin' and step 0.71 ... OK
Create profile matrix with method 'bin' and step 0.71 ... OK
Processing 44097 mz slices ... OK
Create profile matrix with method 'bin' and step 0.71 ... OK
Create profile matrix with method 'bin' and step 0.71 ... OK
Create profile matrix with method 'bin' and step 0.71 ... OK
Create profile matrix with method 'bin' and step 0.71 ... OK
Create profile matrix with method 'bin' and step 0.71 ... OK
Create profile matrix with method 'bin' and step 0.71 ... OK
Create profile matrix with method 'bin' and step 0.71 ... OK
Create profile matrix with method 'bin' and step 0.71 ... OK
Processing 44097 mz slices ... OK
Create profile matrix with method 'bin' and step 0.71 ... OK
Create profile matrix with method 'bin' and step 0.71 ... OK
Create profile matrix with method 'bin' and step 0.71 ... OK
Create profile matrix with method 'bin' and step 0.71 ... OK
Create profile matrix with method 'bin' and step 0.71 ... OK
Create profile matrix with method 'bin' and step 0.71 ... OK
Create profile matrix with method 'bin' and step 0.71 ... OK
Create profile matrix with method 'bin' and step 0.71 ... OK
Processing 44097 mz slices ... OK
Create profile matrix with method 'bin' and step 1 ... OK
Create profile matrix with method 'bin' and step 1 ... OK
Create profile matrix with method 'bin' and step 1 ... OK
Create profile matrix with method 'bin' and step 1 ... OK
Create profile matrix with method 'bin' and step 1 ... OK
Processing 44097 mz slices ... OK
Create profile matrix with method 'bin' and step 1 ... OK
Create profile matrix with method 'bin' and step 1 ... OK
Create profile matrix with method 'bin' and step 1 ... OK
Create profile matrix with method 'bin' and step 1 ... OK
Create profile matrix with method 'bin' and step 1 ... OK
Processing 44097 mz slices ... OK
Create profile matrix with method 'bin' and step 1 ... OK
Create profile matrix with method 'bin' and step 1 ... OK
Create profile matrix with method 'bin' and step 1 ... OK
Create profile matrix with method 'bin' and step 1 ... OK
Create profile matrix with method 'bin' and step 1 ... OK
Processing 44097 mz slices ... OK
Create profile matrix with method 'bin' and step 1 ... OK
Create profile matrix with method 'bin' and step 1 ... OK
Create profile matrix with method 'bin' and step 1 ... OK
Create profile matrix with method 'bin' and step 1 ... OK
Create profile matrix with method 'bin' and step 1 ... OK
Processing 44097 mz slices ... OK
Create profile matrix with method 'bin' and step 0.71 ... OK
Create profile matrix with method 'bin' and step 0.71 ... OK
Create profile matrix with method 'bin' and step 0.71 ... OK
Create profile matrix with method 'bin' and step 0.71 ... OK
Create profile matrix with method 'bin' and step 0.71 ... OK
Create profile matrix with method 'bin' and step 0.71 ... OK
Create profile matrix with method 'bin' and step 0.71 ... OK
Create profile matrix with method 'bin' and step 0.71 ... OK
Processing 44097 mz slices ... OK
Create profile matrix with method 'bin' and step 0.71 ... OK
Create profile matrix with method 'bin' and step 0.71 ... OK
Create profile matrix with method 'bin' and step 0.71 ... OK
Create profile matrix with method 'bin' and step 0.71 ... OK
Create profile matrix with method 'bin' and step 0.71 ... OK
Create profile matrix with method 'bin' and step 0.71 ... OK
Create profile matrix with method 'bin' and step 0.71 ... OK
Create profile matrix with method 'bin' and step 0.71 ... OK
Processing 44097 mz slices ... OK
Create profile matrix with method 'bin' and step 0.71 ... OK
Create profile matrix with method 'bin' and step 0.71 ... OK
Create profile matrix with method 'bin' and step 0.71 ... OK
Create profile matrix with method 'bin' and step 0.71 ... OK
Create profile matrix with method 'bin' and step 0.71 ... OK
Create profile matrix with method 'bin' and step 0.71 ... OK
Create profile matrix with method 'bin' and step 0.71 ... OK
Create profile matrix with method 'bin' and step 0.71 ... OK
Processing 44097 mz slices ... OK
Create profile matrix with method 'bin' and step 0.71 ... OK
Create profile matrix with method 'bin' and step 0.71 ... OK
Create profile matrix with method 'bin' and step 0.71 ... OK
Create profile matrix with method 'bin' and step 0.71 ... OK
Create profile matrix with method 'bin' and step 0.71 ... OK
Create profile matrix with method 'bin' and step 0.71 ... OK
Create profile matrix with method 'bin' and step 0.71 ... OK
Create profile matrix with method 'bin' and step 0.71 ... OK
Processing 44097 mz slices ... OK
Create profile matrix with method 'bin' and step 1 ... OK
Create profile matrix with method 'bin' and step 1 ... OK
Create profile matrix with method 'bin' and step 1 ... OK
Create profile matrix with method 'bin' and step 1 ... OK
Create profile matrix with method 'bin' and step 1 ... OK
Processing 44097 mz slices ... OK
Create profile matrix with method 'bin' and step 1 ... OK
Create profile matrix with method 'bin' and step 1 ... OK
Create profile matrix with method 'bin' and step 1 ... OK
Create profile matrix with method 'bin' and step 1 ... OK
Create profile matrix with method 'bin' and step 1 ... OK
Processing 44097 mz slices ... OK
Create profile matrix with method 'bin' and step 1 ... OK
Create profile matrix with method 'bin' and step 1 ... OK
Create profile matrix with method 'bin' and step 1 ... OK
Create profile matrix with method 'bin' and step 1 ... OK
Create profile matrix with method 'bin' and step 1 ... OK
Processing 44097 mz slices ... OK
Create profile matrix with method 'bin' and step 1 ... OK
Create profile matrix with method 'bin' and step 1 ... OK
Create profile matrix with method 'bin' and step 1 ... OK
Create profile matrix with method 'bin' and step 1 ... OK
Create profile matrix with method 'bin' and step 1 ... OK
Processing 44097 mz slices ... OK
Create profile matrix with method 'bin' and step 0.855 ... OK
Create profile matrix with method 'bin' and step 0.855 ... OK
Create profile matrix with method 'bin' and step 0.855 ... OK
Create profile matrix with method 'bin' and step 0.855 ... OK
Create profile matrix with method 'bin' and step 0.855 ... OK
Create profile matrix with method 'bin' and step 0.855 ... OK
Create profile matrix with method 'bin' and step 0.855 ... OK
Create profile matrix with method 'bin' and step 0.855 ... OK
Processing 58207 mz slices ... OK
Create profile matrix with method 'bin' and step 0.855 ... OK
Create profile matrix with method 'bin' and step 0.855 ... OK
Create profile matrix with method 'bin' and step 0.855 ... OK
Create profile matrix with method 'bin' and step 0.855 ... OK
Create profile matrix with method 'bin' and step 0.855 ... OK
Create profile matrix with method 'bin' and step 0.855 ... OK
Create profile matrix with method 'bin' and step 0.855 ... OK
Create profile matrix with method 'bin' and step 0.855 ... OK
Processing 58207 mz slices ... OK
Create profile matrix with method 'bin' and step 0.855 ... OK
Create profile matrix with method 'bin' and step 0.855 ... OK
Create profile matrix with method 'bin' and step 0.855 ... OK
Create profile matrix with method 'bin' and step 0.855 ... OK
Create profile matrix with method 'bin' and step 0.855 ... OK
Create profile matrix with method 'bin' and step 0.855 ... OK
Create profile matrix with method 'bin' and step 0.855 ... OK
Create profile matrix with method 'bin' and step 0.855 ... OK
Processing 58207 mz slices ... OK
Create profile matrix with method 'bin' and step 0.855 ... OK
Create profile matrix with method 'bin' and step 0.855 ... OK
Create profile matrix with method 'bin' and step 0.855 ... OK
Create profile matrix with method 'bin' and step 0.855 ... OK
Create profile matrix with method 'bin' and step 0.855 ... OK
Create profile matrix with method 'bin' and step 0.855 ... OK
Create profile matrix with method 'bin' and step 0.855 ... OK
Create profile matrix with method 'bin' and step 0.855 ... OK
Processing 58207 mz slices ... OK
Create profile matrix with method 'bin' and step 0.855 ... OK
Create profile matrix with method 'bin' and step 0.855 ... OK
Create profile matrix with method 'bin' and step 0.855 ... OK
Create profile matrix with method 'bin' and step 0.855 ... OK
Create profile matrix with method 'bin' and step 0.855 ... OK
Create profile matrix with method 'bin' and step 0.855 ... OK
Create profile matrix with method 'bin' and step 0.855 ... OK
Create profile matrix with method 'bin' and step 0.855 ... OK
Processing 58207 mz slices ... OK
Create profile matrix with method 'bin' and step 0.71 ... OK
Create profile matrix with method 'bin' and step 0.71 ... OK
Create profile matrix with method 'bin' and step 0.71 ... OK
Create profile matrix with method 'bin' and step 0.71 ... OK
Create profile matrix with method 'bin' and step 0.71 ... OK
Create profile matrix with method 'bin' and step 0.71 ... OK
Create profile matrix with method 'bin' and step 0.71 ... OK
Create profile matrix with method 'bin' and step 0.71 ... OK
Processing 58207 mz slices ... OK
Create profile matrix with method 'bin' and step 1 ... OK
Create profile matrix with method 'bin' and step 1 ... OK
Create profile matrix with method 'bin' and step 1 ... OK
Create profile matrix with method 'bin' and step 1 ... OK
Create profile matrix with method 'bin' and step 1 ... OK
Processing 58207 mz slices ... OK
Create profile matrix with method 'bin' and step 0.855 ... OK
Create profile matrix with method 'bin' and step 0.855 ... OK
Create profile matrix with method 'bin' and step 0.855 ... OK
Create profile matrix with method 'bin' and step 0.855 ... OK
Create profile matrix with method 'bin' and step 0.855 ... OK
Create profile matrix with method 'bin' and step 0.855 ... OK
Create profile matrix with method 'bin' and step 0.855 ... OK
Create profile matrix with method 'bin' and step 0.855 ... OK
Processing 58207 mz slices ... OK
Create profile matrix with method 'bin' and step 0.855 ... OK
Create profile matrix with method 'bin' and step 0.855 ... OK
Create profile matrix with method 'bin' and step 0.855 ... OK
Create profile matrix with method 'bin' and step 0.855 ... OK
Create profile matrix with method 'bin' and step 0.855 ... OK
Create profile matrix with method 'bin' and step 0.855 ... OK
Create profile matrix with method 'bin' and step 0.855 ... OK
Create profile matrix with method 'bin' and step 0.855 ... OK
Processing 58207 mz slices ... OK
Create profile matrix with method 'bin' and step 0.855 ... OK
Create profile matrix with method 'bin' and step 0.855 ... OK
Create profile matrix with method 'bin' and step 0.855 ... OK
Create profile matrix with method 'bin' and step 0.855 ... OK
Create profile matrix with method 'bin' and step 0.855 ... OK
Create profile matrix with method 'bin' and step 0.855 ... OK
Create profile matrix with method 'bin' and step 0.855 ... OK
Create profile matrix with method 'bin' and step 0.855 ... OK
Processing 85598 mz slices ... OK
Create profile matrix with method 'bin' and step 0.855 ... OK
Create profile matrix with method 'bin' and step 0.855 ... OK
Create profile matrix with method 'bin' and step 0.855 ... OK
Create profile matrix with method 'bin' and step 0.855 ... OK
Create profile matrix with method 'bin' and step 0.855 ... OK
Create profile matrix with method 'bin' and step 0.855 ... OK
Create profile matrix with method 'bin' and step 0.855 ... OK
Create profile matrix with method 'bin' and step 0.855 ... OK
Processing 44097 mz slices ... OK
Create profile matrix with method 'bin' and step 0.855 ... OK
Create profile matrix with method 'bin' and step 0.855 ... OK
Create profile matrix with method 'bin' and step 0.855 ... OK
Create profile matrix with method 'bin' and step 0.855 ... OK
Create profile matrix with method 'bin' and step 0.855 ... OK
Create profile matrix with method 'bin' and step 0.855 ... OK
Create profile matrix with method 'bin' and step 0.855 ... OK
Create profile matrix with method 'bin' and step 0.855 ... OK
Processing 58207 mz slices ... OK
Create profile matrix with method 'bin' and step 0.855 ... OK
Create profile matrix with method 'bin' and step 0.855 ... OK
Create profile matrix with method 'bin' and step 0.855 ... OK
Create profile matrix with method 'bin' and step 0.855 ... OK
Create profile matrix with method 'bin' and step 0.855 ... OK
Create profile matrix with method 'bin' and step 0.855 ... OK
Create profile matrix with method 'bin' and step 0.855 ... OK
Create profile matrix with method 'bin' and step 0.855 ... OK
Processing 85598 mz slices ... OK
no increase stopping
library(xcms)
library(Rmpi)

xset <- xcmsSet( 
  method = "centWave",
  peakwidth       = c(32, 67),
  ppm             = 25.25,
  noise           = 500,
  snthresh        = 10,
  mzdiff          = 0.0045,
  prefilter       = c(3, 500),
  mzCenterFun     = "wMean",
  integrate       = 2,
  fitgauss        = FALSE,
  verbose.columns = TRUE)
xset <- retcor( 
  xset,
  method         = "obiwarp",
  plottype       = "none",
  distFunc       = "cor_opt",
  profStep       = 1,
  center         = 3,
  response       = 1,
  gapInit        = 0.4,
  gapExtend      = 2.4,
  factorDiag     = 2,
  factorGap      = 1,
  localAlignment = 0)
xset <- group( 
  xset,
  method  = "density",
  bw      = 22,
  mzwid   = 0.025,
  minfrac = 0.05,
  minsamp = 1,
  max     = 50)

xset <- fillPeaks(xset)
Warning message:
In sink() : no sink to remove
