[1] ".CDF"
 [1] "/home/downloading_data/MTBLS19/raw/pos/exp2/Exp2F_CRR_10_POS.CDF"
 [2] "/home/downloading_data/MTBLS19/raw/pos/exp2/Exp2F_CRR_11_POS.CDF"
 [3] "/home/downloading_data/MTBLS19/raw/pos/exp2/Exp2F_CRR_12_POS.CDF"
 [4] "/home/downloading_data/MTBLS19/raw/pos/exp2/Exp2F_CRR_13_POS.CDF"
 [5] "/home/downloading_data/MTBLS19/raw/pos/exp2/Exp2F_CRR_14_POS.CDF"
 [6] "/home/downloading_data/MTBLS19/raw/pos/exp2/Exp2F_CRR_15_POS.CDF"
 [7] "/home/downloading_data/MTBLS19/raw/pos/exp2/Exp2F_CRR_16_POS.CDF"
 [8] "/home/downloading_data/MTBLS19/raw/pos/exp2/Exp2F_CRR_17_POS.CDF"
 [9] "/home/downloading_data/MTBLS19/raw/pos/exp2/Exp2F_CRR_18_POS.CDF"
[10] "/home/downloading_data/MTBLS19/raw/pos/exp2/Exp2F_CRR_19_POS.CDF"
[11] "/home/downloading_data/MTBLS19/raw/pos/exp2/Exp2F_CRR_1_POS.CDF" 
[12] "/home/downloading_data/MTBLS19/raw/pos/exp2/Exp2F_CRR_20_POS.CDF"
[13] "/home/downloading_data/MTBLS19/raw/pos/exp2/Exp2F_CRR_21_POS.CDF"
[14] "/home/downloading_data/MTBLS19/raw/pos/exp2/Exp2F_CRR_22_POS.CDF"
[15] "/home/downloading_data/MTBLS19/raw/pos/exp2/Exp2F_CRR_23_POS.CDF"
[16] "/home/downloading_data/MTBLS19/raw/pos/exp2/Exp2F_CRR_24_POS.CDF"
[17] "/home/downloading_data/MTBLS19/raw/pos/exp2/Exp2F_CRR_25_POS.CDF"
[18] "/home/downloading_data/MTBLS19/raw/pos/exp2/Exp2F_CRR_2_POS.CDF" 
[19] "/home/downloading_data/MTBLS19/raw/pos/exp2/Exp2F_CRR_3_POS.CDF" 
[20] "/home/downloading_data/MTBLS19/raw/pos/exp2/Exp2F_CRR_4_POS.CDF" 
[21] "/home/downloading_data/MTBLS19/raw/pos/exp2/Exp2F_CRR_5_POS.CDF" 
[22] "/home/downloading_data/MTBLS19/raw/pos/exp2/Exp2F_CRR_6_POS.CDF" 
[23] "/home/downloading_data/MTBLS19/raw/pos/exp2/Exp2F_CRR_7_POS.CDF" 
[24] "/home/downloading_data/MTBLS19/raw/pos/exp2/Exp2F_CRR_8_POS.CDF" 
[25] "/home/downloading_data/MTBLS19/raw/pos/exp2/Exp2F_CRR_9_POS.CDF" 
[26] "/home/downloading_data/MTBLS19/raw/pos/exp2/Exp2F_HCC_10_POS.CDF"
[27] "/home/downloading_data/MTBLS19/raw/pos/exp2/Exp2F_HCC_11_POS.CDF"
[28] "/home/downloading_data/MTBLS19/raw/pos/exp2/Exp2F_HCC_12_POS.CDF"
[29] "/home/downloading_data/MTBLS19/raw/pos/exp2/Exp2F_HCC_13_POS.CDF"
[30] "/home/downloading_data/MTBLS19/raw/pos/exp2/Exp2F_HCC_14_POS.CDF"
[31] "/home/downloading_data/MTBLS19/raw/pos/exp2/Exp2F_HCC_15_POS.CDF"
[32] "/home/downloading_data/MTBLS19/raw/pos/exp2/Exp2F_HCC_16_POS.CDF"
[33] "/home/downloading_data/MTBLS19/raw/pos/exp2/Exp2F_HCC_17_POS.CDF"
[34] "/home/downloading_data/MTBLS19/raw/pos/exp2/Exp2F_HCC_18_POS.CDF"
[35] "/home/downloading_data/MTBLS19/raw/pos/exp2/Exp2F_HCC_19_POS.CDF"
[36] "/home/downloading_data/MTBLS19/raw/pos/exp2/Exp2F_HCC_1_POS.CDF" 
[37] "/home/downloading_data/MTBLS19/raw/pos/exp2/Exp2F_HCC_20_POS.CDF"
[38] "/home/downloading_data/MTBLS19/raw/pos/exp2/Exp2F_HCC_2_POS.CDF" 
[39] "/home/downloading_data/MTBLS19/raw/pos/exp2/Exp2F_HCC_3_POS.CDF" 
[40] "/home/downloading_data/MTBLS19/raw/pos/exp2/Exp2F_HCC_4_POS.CDF" 
[41] "/home/downloading_data/MTBLS19/raw/pos/exp2/Exp2F_HCC_5_POS.CDF" 
[42] "/home/downloading_data/MTBLS19/raw/pos/exp2/Exp2F_HCC_6_POS.CDF" 
[43] "/home/downloading_data/MTBLS19/raw/pos/exp2/Exp2F_HCC_7_POS.CDF" 
[44] "/home/downloading_data/MTBLS19/raw/pos/exp2/Exp2F_HCC_8_POS.CDF" 
[45] "/home/downloading_data/MTBLS19/raw/pos/exp2/Exp2F_HCC_9_POS.CDF" 
[46] "/home/downloading_data/MTBLS19/raw/pos/exp2/Exp2R_CRR_10_POS.CDF"
[47] "/home/downloading_data/MTBLS19/raw/pos/exp2/Exp2R_CRR_11_POS.CDF"
[48] "/home/downloading_data/MTBLS19/raw/pos/exp2/Exp2R_CRR_12_POS.CDF"
[49] "/home/downloading_data/MTBLS19/raw/pos/exp2/Exp2R_CRR_13_POS.CDF"
[50] "/home/downloading_data/MTBLS19/raw/pos/exp2/Exp2R_CRR_14_POS.CDF"
[51] "/home/downloading_data/MTBLS19/raw/pos/exp2/Exp2R_CRR_15_POS.CDF"
[52] "/home/downloading_data/MTBLS19/raw/pos/exp2/Exp2R_CRR_16_POS.CDF"
[53] "/home/downloading_data/MTBLS19/raw/pos/exp2/Exp2R_CRR_17_POS.CDF"
[54] "/home/downloading_data/MTBLS19/raw/pos/exp2/Exp2R_CRR_18_POS.CDF"
[55] "/home/downloading_data/MTBLS19/raw/pos/exp2/Exp2R_CRR_19_POS.CDF"
[56] "/home/downloading_data/MTBLS19/raw/pos/exp2/Exp2R_CRR_1_POS.CDF" 
[57] "/home/downloading_data/MTBLS19/raw/pos/exp2/Exp2R_CRR_20_POS.CDF"
[58] "/home/downloading_data/MTBLS19/raw/pos/exp2/Exp2R_CRR_21_POS.CDF"
[59] "/home/downloading_data/MTBLS19/raw/pos/exp2/Exp2R_CRR_22_POS.CDF"
[60] "/home/downloading_data/MTBLS19/raw/pos/exp2/Exp2R_CRR_23_POS.CDF"
[61] "/home/downloading_data/MTBLS19/raw/pos/exp2/Exp2R_CRR_24_POS.CDF"
[62] "/home/downloading_data/MTBLS19/raw/pos/exp2/Exp2R_CRR_25_POS.CDF"
[63] "/home/downloading_data/MTBLS19/raw/pos/exp2/Exp2R_CRR_2_POS.CDF" 
[64] "/home/downloading_data/MTBLS19/raw/pos/exp2/Exp2R_CRR_3_POS.CDF" 
[65] "/home/downloading_data/MTBLS19/raw/pos/exp2/Exp2R_CRR_4_POS.CDF" 
[66] "/home/downloading_data/MTBLS19/raw/pos/exp2/Exp2R_CRR_5_POS.CDF" 
[67] "/home/downloading_data/MTBLS19/raw/pos/exp2/Exp2R_CRR_6_POS.CDF" 
[68] "/home/downloading_data/MTBLS19/raw/pos/exp2/Exp2R_CRR_7_POS.CDF" 
[69] "/home/downloading_data/MTBLS19/raw/pos/exp2/Exp2R_CRR_8_POS.CDF" 
[70] "/home/downloading_data/MTBLS19/raw/pos/exp2/Exp2R_CRR_9_POS.CDF" 
[71] "/home/downloading_data/MTBLS19/raw/pos/exp2/Exp2R_HCC_10_POS.CDF"
[72] "/home/downloading_data/MTBLS19/raw/pos/exp2/Exp2R_HCC_11_POS.CDF"
[73] "/home/downloading_data/MTBLS19/raw/pos/exp2/Exp2R_HCC_12_POS.CDF"
[74] "/home/downloading_data/MTBLS19/raw/pos/exp2/Exp2R_HCC_13_POS.CDF"
[75] "/home/downloading_data/MTBLS19/raw/pos/exp2/Exp2R_HCC_14_POS.CDF"
[76] "/home/downloading_data/MTBLS19/raw/pos/exp2/Exp2R_HCC_15_POS.CDF"
[77] "/home/downloading_data/MTBLS19/raw/pos/exp2/Exp2R_HCC_16_POS.CDF"
[78] "/home/downloading_data/MTBLS19/raw/pos/exp2/Exp2R_HCC_17_POS.CDF"
[79] "/home/downloading_data/MTBLS19/raw/pos/exp2/Exp2R_HCC_18_POS.CDF"
[80] "/home/downloading_data/MTBLS19/raw/pos/exp2/Exp2R_HCC_19_POS.CDF"
[81] "/home/downloading_data/MTBLS19/raw/pos/exp2/Exp2R_HCC_1_POS.CDF" 
[82] "/home/downloading_data/MTBLS19/raw/pos/exp2/Exp2R_HCC_20_POS.CDF"
[83] "/home/downloading_data/MTBLS19/raw/pos/exp2/Exp2R_HCC_2_POS.CDF" 
[84] "/home/downloading_data/MTBLS19/raw/pos/exp2/Exp2R_HCC_3_POS.CDF" 
[85] "/home/downloading_data/MTBLS19/raw/pos/exp2/Exp2R_HCC_4_POS.CDF" 
[86] "/home/downloading_data/MTBLS19/raw/pos/exp2/Exp2R_HCC_5_POS.CDF" 
[87] "/home/downloading_data/MTBLS19/raw/pos/exp2/Exp2R_HCC_6_POS.CDF" 
[88] "/home/downloading_data/MTBLS19/raw/pos/exp2/Exp2R_HCC_7_POS.CDF" 
[89] "/home/downloading_data/MTBLS19/raw/pos/exp2/Exp2R_HCC_8_POS.CDF" 
[90] "/home/downloading_data/MTBLS19/raw/pos/exp2/Exp2R_HCC_9_POS.CDF" 
