xsAnnotate contains no pseudospectra. Regroup all peaks into one!
Generating peak matrix!
Run isotope peak annotation
 % finished: 100  
Found isotopes: 6 
xsAnnotate contains no pseudospectra. Regroup all peaks into one!
Generating peak matrix!
Run isotope peak annotation
 % finished: 100  
Found isotopes: 4 
xsAnnotate contains no pseudospectra. Regroup all peaks into one!
Generating peak matrix!
Run isotope peak annotation
 % finished: 100  
Found isotopes: 10 
xsAnnotate contains no pseudospectra. Regroup all peaks into one!
Generating peak matrix!
Run isotope peak annotation
 % finished: 100  
Found isotopes: 6 
xsAnnotate contains no pseudospectra. Regroup all peaks into one!
Generating peak matrix!
Run isotope peak annotation
 % finished: 100  
Found isotopes: 6 
xsAnnotate contains no pseudospectra. Regroup all peaks into one!
Generating peak matrix!
Run isotope peak annotation
 % finished: 100  
Found isotopes: 4 
xsAnnotate contains no pseudospectra. Regroup all peaks into one!
Generating peak matrix!
Run isotope peak annotation
 % finished: 100  
Found isotopes: 10 
xsAnnotate contains no pseudospectra. Regroup all peaks into one!
Generating peak matrix!
Run isotope peak annotation
 % finished: 100  
Found isotopes: 6 
xsAnnotate contains no pseudospectra. Regroup all peaks into one!
Generating peak matrix!
Run isotope peak annotation
 % finished: 100  
Found isotopes: 6 
xsAnnotate contains no pseudospectra. Regroup all peaks into one!
Generating peak matrix!
Run isotope peak annotation
 % finished: 100  
Found isotopes: 4 
xsAnnotate contains no pseudospectra. Regroup all peaks into one!
Generating peak matrix!
Run isotope peak annotation
 % finished: 100  
Found isotopes: 10 
xsAnnotate contains no pseudospectra. Regroup all peaks into one!
Generating peak matrix!
Run isotope peak annotation
 % finished: 100  
Found isotopes: 6 
xsAnnotate contains no pseudospectra. Regroup all peaks into one!
Generating peak matrix!
Run isotope peak annotation
 % finished: 100  
Found isotopes: 6 
xsAnnotate contains no pseudospectra. Regroup all peaks into one!
Generating peak matrix!
Run isotope peak annotation
 % finished: 100  
Found isotopes: 4 
xsAnnotate contains no pseudospectra. Regroup all peaks into one!
Generating peak matrix!
Run isotope peak annotation
 % finished: 100  
Found isotopes: 10 
xsAnnotate contains no pseudospectra. Regroup all peaks into one!
Generating peak matrix!
Run isotope peak annotation
 % finished: 100  
Found isotopes: 6 
xsAnnotate contains no pseudospectra. Regroup all peaks into one!
Generating peak matrix!
Run isotope peak annotation
 % finished: 100  
Found isotopes: 7 
xsAnnotate contains no pseudospectra. Regroup all peaks into one!
Generating peak matrix!
Run isotope peak annotation
 % finished: 100  
Found isotopes: 9 
xsAnnotate contains no pseudospectra. Regroup all peaks into one!
Generating peak matrix!
Run isotope peak annotation
 % finished: 100  
Found isotopes: 6 
xsAnnotate contains no pseudospectra. Regroup all peaks into one!
Generating peak matrix!
Run isotope peak annotation
 % finished: 100  
Found isotopes: 5 
xsAnnotate contains no pseudospectra. Regroup all peaks into one!
Generating peak matrix!
Run isotope peak annotation
 % finished: 100  
Found isotopes: 8 
xsAnnotate contains no pseudospectra. Regroup all peaks into one!
Generating peak matrix!
Run isotope peak annotation
 % finished: 100  
Found isotopes: 7 
xsAnnotate contains no pseudospectra. Regroup all peaks into one!
Generating peak matrix!
Run isotope peak annotation
 % finished: 100  
Found isotopes: 7 
xsAnnotate contains no pseudospectra. Regroup all peaks into one!
Generating peak matrix!
Run isotope peak annotation
 % finished: 100  
Found isotopes: 7 
xsAnnotate contains no pseudospectra. Regroup all peaks into one!
Generating peak matrix!
Run isotope peak annotation
 % finished: 100  
Found isotopes: 7 
xsAnnotate contains no pseudospectra. Regroup all peaks into one!
Generating peak matrix!
Run isotope peak annotation
 % finished: 100  
Found isotopes: 7 
xsAnnotate contains no pseudospectra. Regroup all peaks into one!
Generating peak matrix!
Run isotope peak annotation
 % finished: 100  
Found isotopes: 7 
xsAnnotate contains no pseudospectra. Regroup all peaks into one!
Generating peak matrix!
Run isotope peak annotation
 % finished: 100  
Found isotopes: 7 
xsAnnotate contains no pseudospectra. Regroup all peaks into one!
Generating peak matrix!
Run isotope peak annotation
 % finished: 100  
Found isotopes: 4 
xsAnnotate contains no pseudospectra. Regroup all peaks into one!
Generating peak matrix!
Run isotope peak annotation
 % finished: 100  
Found isotopes: 9 
xsAnnotate contains no pseudospectra. Regroup all peaks into one!
Generating peak matrix!
Run isotope peak annotation
 % finished: 100  
Found isotopes: 6 
xsAnnotate contains no pseudospectra. Regroup all peaks into one!
Generating peak matrix!
Run isotope peak annotation
 % finished: 100  
Found isotopes: 7 
xsAnnotate contains no pseudospectra. Regroup all peaks into one!
Generating peak matrix!
Run isotope peak annotation
 % finished: 100  
Found isotopes: 4 
xsAnnotate contains no pseudospectra. Regroup all peaks into one!
Generating peak matrix!
Run isotope peak annotation
 % finished: 100  
Found isotopes: 9 
xsAnnotate contains no pseudospectra. Regroup all peaks into one!
Generating peak matrix!
Run isotope peak annotation
 % finished: 100  
Found isotopes: 6 
xsAnnotate contains no pseudospectra. Regroup all peaks into one!
Generating peak matrix!
Run isotope peak annotation
 % finished: 100  
Found isotopes: 7 
xsAnnotate contains no pseudospectra. Regroup all peaks into one!
Generating peak matrix!
Run isotope peak annotation
 % finished: 100  
Found isotopes: 4 
xsAnnotate contains no pseudospectra. Regroup all peaks into one!
Generating peak matrix!
Run isotope peak annotation
 % finished: 100  
Found isotopes: 10 
xsAnnotate contains no pseudospectra. Regroup all peaks into one!
Generating peak matrix!
Run isotope peak annotation
 % finished: 100  
Found isotopes: 6 
xsAnnotate contains no pseudospectra. Regroup all peaks into one!
Generating peak matrix!
Run isotope peak annotation
 % finished: 100  
Found isotopes: 7 
xsAnnotate contains no pseudospectra. Regroup all peaks into one!
Generating peak matrix!
Run isotope peak annotation
 % finished: 100  
Found isotopes: 4 
xsAnnotate contains no pseudospectra. Regroup all peaks into one!
Generating peak matrix!
Run isotope peak annotation
 % finished: 100  
Found isotopes: 10 
xsAnnotate contains no pseudospectra. Regroup all peaks into one!
Generating peak matrix!
Run isotope peak annotation
 % finished: 100  
Found isotopes: 6 
xsAnnotate contains no pseudospectra. Regroup all peaks into one!
Generating peak matrix!
Run isotope peak annotation
 % finished: 100  
Found isotopes: 7 
xsAnnotate contains no pseudospectra. Regroup all peaks into one!
Generating peak matrix!
Run isotope peak annotation
 % finished: 100  
Found isotopes: 8 
xsAnnotate contains no pseudospectra. Regroup all peaks into one!
Generating peak matrix!
Run isotope peak annotation
 % finished: 100  
Found isotopes: 6 
xsAnnotate contains no pseudospectra. Regroup all peaks into one!
Generating peak matrix!
Run isotope peak annotation
 % finished: 100  
Found isotopes: 5 
xsAnnotate contains no pseudospectra. Regroup all peaks into one!
Generating peak matrix!
Run isotope peak annotation
 % finished: 100  
Found isotopes: 7 
xsAnnotate contains no pseudospectra. Regroup all peaks into one!
Generating peak matrix!
Run isotope peak annotation
 % finished: 100  
Found isotopes: 7 
xsAnnotate contains no pseudospectra. Regroup all peaks into one!
Generating peak matrix!
Run isotope peak annotation
 % finished: 100  
Found isotopes: 7 
xsAnnotate contains no pseudospectra. Regroup all peaks into one!
Generating peak matrix!
Run isotope peak annotation
 % finished: 100  
Found isotopes: 7 
xsAnnotate contains no pseudospectra. Regroup all peaks into one!
Generating peak matrix!
Run isotope peak annotation
 % finished: 100  
Found isotopes: 7 
xsAnnotate contains no pseudospectra. Regroup all peaks into one!
Generating peak matrix!
Run isotope peak annotation
 % finished: 100  
Found isotopes: 7 
xsAnnotate contains no pseudospectra. Regroup all peaks into one!
Generating peak matrix!
Run isotope peak annotation
 % finished: 100  
Found isotopes: 10 
xsAnnotate contains no pseudospectra. Regroup all peaks into one!
Generating peak matrix!
Run isotope peak annotation
 % finished: 100  
Found isotopes: 12 
xsAnnotate contains no pseudospectra. Regroup all peaks into one!
Generating peak matrix!
Run isotope peak annotation
 % finished: 100  
Found isotopes: 5 
xsAnnotate contains no pseudospectra. Regroup all peaks into one!
Generating peak matrix!
Run isotope peak annotation
 % finished: 100  
Found isotopes: 13 
xsAnnotate contains no pseudospectra. Regroup all peaks into one!
Generating peak matrix!
Run isotope peak annotation
 % finished: 100  
Found isotopes: 7 
xsAnnotate contains no pseudospectra. Regroup all peaks into one!
Generating peak matrix!
Run isotope peak annotation
 % finished: 100  
Found isotopes: 13 
xsAnnotate contains no pseudospectra. Regroup all peaks into one!
Generating peak matrix!
Run isotope peak annotation
 % finished: 100  
Found isotopes: 5 
xsAnnotate contains no pseudospectra. Regroup all peaks into one!
Generating peak matrix!
Run isotope peak annotation
 % finished: 100  
Found isotopes: 14 
xsAnnotate contains no pseudospectra. Regroup all peaks into one!
Generating peak matrix!
Run isotope peak annotation
 % finished: 100  
Found isotopes: 7 
xsAnnotate contains no pseudospectra. Regroup all peaks into one!
Generating peak matrix!
Run isotope peak annotation
 % finished: 100  
Found isotopes: 12 
xsAnnotate contains no pseudospectra. Regroup all peaks into one!
Generating peak matrix!
Run isotope peak annotation
 % finished: 100  
Found isotopes: 5 
xsAnnotate contains no pseudospectra. Regroup all peaks into one!
Generating peak matrix!
Run isotope peak annotation
 % finished: 100  
Found isotopes: 13 
xsAnnotate contains no pseudospectra. Regroup all peaks into one!
Generating peak matrix!
Run isotope peak annotation
 % finished: 100  
Found isotopes: 7 
xsAnnotate contains no pseudospectra. Regroup all peaks into one!
Generating peak matrix!
Run isotope peak annotation
 % finished: 100  
Found isotopes: 13 
xsAnnotate contains no pseudospectra. Regroup all peaks into one!
Generating peak matrix!
Run isotope peak annotation
 % finished: 100  
Found isotopes: 5 
xsAnnotate contains no pseudospectra. Regroup all peaks into one!
Generating peak matrix!
Run isotope peak annotation
 % finished: 100  
Found isotopes: 14 
xsAnnotate contains no pseudospectra. Regroup all peaks into one!
Generating peak matrix!
Run isotope peak annotation
 % finished: 100  
Found isotopes: 7 
xsAnnotate contains no pseudospectra. Regroup all peaks into one!
Generating peak matrix!
Run isotope peak annotation
 % finished: 100  
Found isotopes: 10 
xsAnnotate contains no pseudospectra. Regroup all peaks into one!
Generating peak matrix!
Run isotope peak annotation
 % finished: 100  
Found isotopes: 13 
xsAnnotate contains no pseudospectra. Regroup all peaks into one!
Generating peak matrix!
Run isotope peak annotation
 % finished: 100  
Found isotopes: 7 
xsAnnotate contains no pseudospectra. Regroup all peaks into one!
Generating peak matrix!
Run isotope peak annotation
 % finished: 100  
Found isotopes: 6 
xsAnnotate contains no pseudospectra. Regroup all peaks into one!
Generating peak matrix!
Run isotope peak annotation
 % finished: 100  
Found isotopes: 9 
xsAnnotate contains no pseudospectra. Regroup all peaks into one!
Generating peak matrix!
Run isotope peak annotation
 % finished: 100  
Found isotopes: 10 
xsAnnotate contains no pseudospectra. Regroup all peaks into one!
Generating peak matrix!
Run isotope peak annotation
 % finished: 100  
Found isotopes: 10 
xsAnnotate contains no pseudospectra. Regroup all peaks into one!
Generating peak matrix!
Run isotope peak annotation
 % finished: 100  
Found isotopes: 10 
xsAnnotate contains no pseudospectra. Regroup all peaks into one!
Generating peak matrix!
Run isotope peak annotation
 % finished: 100  
Found isotopes: 10 
xsAnnotate contains no pseudospectra. Regroup all peaks into one!
Generating peak matrix!
Run isotope peak annotation
 % finished: 100  
Found isotopes: 10 
xsAnnotate contains no pseudospectra. Regroup all peaks into one!
Generating peak matrix!
Run isotope peak annotation
 % finished: 100  
Found isotopes: 9 
center sample:  Exp2R_CRR_22_POS 
Processing: Exp2R_HCC_4_POS  Exp2F_CRR_1_POS  Exp2R_CRR_13_POS  Exp2F_HCC_3_POS  
center sample:  Exp2R_CRR_22_POS 
Processing: Exp2R_HCC_4_POS  Exp2F_CRR_1_POS  Exp2R_CRR_13_POS  Exp2F_HCC_3_POS  
center sample:  Exp2R_CRR_22_POS 
Processing: Exp2R_HCC_4_POS  Exp2F_CRR_1_POS  Exp2R_CRR_13_POS  Exp2F_HCC_3_POS  
center sample:  Exp2R_CRR_22_POS 
Processing: Exp2R_HCC_4_POS  Exp2F_CRR_1_POS  Exp2R_CRR_13_POS  Exp2F_HCC_3_POS  
center sample:  Exp2R_CRR_22_POS 
Processing: Exp2R_HCC_4_POS  Exp2F_CRR_1_POS  Exp2R_CRR_13_POS  Exp2F_HCC_3_POS  
center sample:  Exp2R_CRR_22_POS 
Processing: Exp2R_HCC_4_POS  Exp2F_CRR_1_POS  Exp2R_CRR_13_POS  Exp2F_HCC_3_POS  
center sample:  Exp2R_CRR_22_POS 
Processing: Exp2R_HCC_4_POS  Exp2F_CRR_1_POS  Exp2R_CRR_13_POS  Exp2F_HCC_3_POS  
center sample:  Exp2R_CRR_22_POS 
Processing: Exp2R_HCC_4_POS  Exp2F_CRR_1_POS  Exp2R_CRR_13_POS  Exp2F_HCC_3_POS  
center sample:  Exp2R_CRR_22_POS 
Processing: Exp2R_HCC_4_POS  Exp2F_CRR_1_POS  Exp2R_CRR_13_POS  Exp2F_HCC_3_POS  
center sample:  Exp2R_CRR_22_POS 
Processing: Exp2R_HCC_4_POS  Exp2F_CRR_1_POS  Exp2R_CRR_13_POS  Exp2F_HCC_3_POS  
center sample:  Exp2R_CRR_22_POS 
Processing: Exp2R_HCC_4_POS  Exp2F_CRR_1_POS  Exp2R_CRR_13_POS  Exp2F_HCC_3_POS  
center sample:  Exp2R_CRR_22_POS 
Processing: Exp2R_HCC_4_POS  Exp2F_CRR_1_POS  Exp2R_CRR_13_POS  Exp2F_HCC_3_POS  
center sample:  Exp2R_CRR_22_POS 
Processing: Exp2R_HCC_4_POS  Exp2F_CRR_1_POS  Exp2R_CRR_13_POS  Exp2F_HCC_3_POS  
center sample:  Exp2R_CRR_22_POS 
Processing: Exp2R_HCC_4_POS  Exp2F_CRR_1_POS  Exp2R_CRR_13_POS  Exp2F_HCC_3_POS  
center sample:  Exp2R_CRR_22_POS 
Processing: Exp2R_HCC_4_POS  Exp2F_CRR_1_POS  Exp2R_CRR_13_POS  Exp2F_HCC_3_POS  
center sample:  Exp2R_CRR_22_POS 
Processing: Exp2R_HCC_4_POS  Exp2F_CRR_1_POS  Exp2R_CRR_13_POS  Exp2F_HCC_3_POS  
center sample:  Exp2R_CRR_22_POS 
Processing: Exp2R_HCC_4_POS  Exp2F_CRR_1_POS  Exp2R_CRR_13_POS  Exp2F_HCC_3_POS  
center sample:  Exp2R_CRR_22_POS 
Processing: Exp2R_HCC_4_POS  Exp2F_CRR_1_POS  Exp2R_CRR_13_POS  Exp2F_HCC_3_POS  
center sample:  Exp2R_CRR_22_POS 
Processing: Exp2R_HCC_4_POS  Exp2F_CRR_1_POS  Exp2R_CRR_13_POS  Exp2F_HCC_3_POS  
center sample:  Exp2R_CRR_22_POS 
Processing: Exp2R_HCC_4_POS  Exp2F_CRR_1_POS  Exp2R_CRR_13_POS  Exp2F_HCC_3_POS  
center sample:  Exp2R_CRR_22_POS 
Processing: Exp2R_HCC_4_POS  Exp2F_CRR_1_POS  Exp2R_CRR_13_POS  Exp2F_HCC_3_POS  
center sample:  Exp2R_CRR_22_POS 
Processing: Exp2R_HCC_4_POS  Exp2F_CRR_1_POS  Exp2R_CRR_13_POS  Exp2F_HCC_3_POS  
center sample:  Exp2R_CRR_22_POS 
Processing: Exp2R_HCC_4_POS  Exp2F_CRR_1_POS  Exp2R_CRR_13_POS  Exp2F_HCC_3_POS  
center sample:  Exp2R_CRR_22_POS 
Processing: Exp2R_HCC_4_POS  Exp2F_CRR_1_POS  Exp2R_CRR_13_POS  Exp2F_HCC_3_POS  
center sample:  Exp2R_CRR_22_POS 
Processing: Exp2R_HCC_4_POS  Exp2F_CRR_1_POS  Exp2R_CRR_13_POS  Exp2F_HCC_3_POS  
center sample:  Exp2R_CRR_22_POS 
Processing: Exp2R_HCC_4_POS  Exp2F_CRR_1_POS  Exp2R_CRR_13_POS  Exp2F_HCC_3_POS  
center sample:  Exp2R_CRR_22_POS 
Processing: Exp2R_HCC_4_POS  Exp2F_CRR_1_POS  Exp2R_CRR_13_POS  Exp2F_HCC_3_POS  
center sample:  Exp2R_CRR_22_POS 
Processing: Exp2R_HCC_4_POS  Exp2F_CRR_1_POS  Exp2R_CRR_13_POS  Exp2F_HCC_3_POS  
center sample:  Exp2R_CRR_22_POS 
Processing: Exp2R_HCC_4_POS  Exp2F_CRR_1_POS  Exp2R_CRR_13_POS  Exp2F_HCC_3_POS  
center sample:  Exp2R_CRR_22_POS 
Processing: Exp2R_HCC_4_POS  Exp2F_CRR_1_POS  Exp2R_CRR_13_POS  Exp2F_HCC_3_POS  
center sample:  Exp2R_CRR_22_POS 
Processing: Exp2R_HCC_4_POS  Exp2F_CRR_1_POS  Exp2R_CRR_13_POS  Exp2F_HCC_3_POS  
center sample:  Exp2R_CRR_22_POS 
Processing: Exp2R_HCC_4_POS  Exp2F_CRR_1_POS  Exp2R_CRR_13_POS  Exp2F_HCC_3_POS  
center sample:  Exp2R_CRR_22_POS 
Processing: Exp2R_HCC_4_POS  Exp2F_CRR_1_POS  Exp2R_CRR_13_POS  Exp2F_HCC_3_POS  
center sample:  Exp2R_CRR_22_POS 
Processing: Exp2R_HCC_4_POS  Exp2F_CRR_1_POS  Exp2R_CRR_13_POS  Exp2F_HCC_3_POS  
center sample:  Exp2R_CRR_22_POS 
Processing: Exp2R_HCC_4_POS  Exp2F_CRR_1_POS  Exp2R_CRR_13_POS  Exp2F_HCC_3_POS  
center sample:  Exp2R_CRR_22_POS 
Processing: Exp2R_HCC_4_POS  Exp2F_CRR_1_POS  Exp2R_CRR_13_POS  Exp2F_HCC_3_POS  
center sample:  Exp2R_CRR_22_POS 
Processing: Exp2R_HCC_4_POS  Exp2F_CRR_1_POS  Exp2R_CRR_13_POS  Exp2F_HCC_3_POS  
center sample:  Exp2R_CRR_22_POS 
Processing: Exp2R_HCC_4_POS  Exp2F_CRR_1_POS  Exp2R_CRR_13_POS  Exp2F_HCC_3_POS  
center sample:  Exp2R_CRR_22_POS 
Processing: Exp2R_HCC_4_POS  Exp2F_CRR_1_POS  Exp2R_CRR_13_POS  Exp2F_HCC_3_POS  
center sample:  Exp2R_CRR_22_POS 
Processing: Exp2R_HCC_4_POS  Exp2F_CRR_1_POS  Exp2R_CRR_13_POS  Exp2F_HCC_3_POS  
center sample:  Exp2R_CRR_22_POS 
Processing: Exp2R_HCC_4_POS  Exp2F_CRR_1_POS  Exp2R_CRR_13_POS  Exp2F_HCC_3_POS  
center sample:  Exp2R_CRR_22_POS 
Processing: Exp2R_HCC_4_POS  Exp2F_CRR_1_POS  Exp2R_CRR_13_POS  Exp2F_HCC_3_POS  
center sample:  Exp2R_CRR_22_POS 
Processing: Exp2R_HCC_4_POS  Exp2F_CRR_1_POS  Exp2R_CRR_13_POS  Exp2F_HCC_3_POS  
center sample:  Exp2R_CRR_22_POS 
Processing: Exp2R_HCC_4_POS  Exp2F_CRR_1_POS  Exp2R_CRR_13_POS  Exp2F_HCC_3_POS  
center sample:  Exp2R_CRR_22_POS 
Processing: Exp2R_HCC_4_POS  Exp2F_CRR_1_POS  Exp2R_CRR_13_POS  Exp2F_HCC_3_POS  
center sample:  Exp2R_CRR_22_POS 
Processing: Exp2R_HCC_4_POS  Exp2F_CRR_1_POS  Exp2R_CRR_13_POS  Exp2F_HCC_3_POS  
center sample:  Exp2R_CRR_22_POS 
Processing: Exp2R_HCC_4_POS  Exp2F_CRR_1_POS  Exp2R_CRR_13_POS  Exp2F_HCC_3_POS  
center sample:  Exp2R_CRR_22_POS 
Processing: Exp2R_HCC_4_POS  Exp2F_CRR_1_POS  Exp2R_CRR_13_POS  Exp2F_HCC_3_POS  
center sample:  Exp2R_CRR_22_POS 
Processing: Exp2R_HCC_4_POS  Exp2F_CRR_1_POS  Exp2R_CRR_13_POS  Exp2F_HCC_3_POS  
center sample:  Exp2R_CRR_22_POS 
Processing: Exp2R_HCC_4_POS  Exp2F_CRR_1_POS  Exp2R_CRR_13_POS  Exp2F_HCC_3_POS  
center sample:  Exp2R_CRR_22_POS 
Processing: Exp2R_HCC_4_POS  Exp2F_CRR_1_POS  Exp2R_CRR_13_POS  Exp2F_HCC_3_POS  
center sample:  Exp2R_CRR_22_POS 
Processing: Exp2R_HCC_4_POS  Exp2F_CRR_1_POS  Exp2R_CRR_13_POS  Exp2F_HCC_3_POS  
center sample:  Exp2R_CRR_22_POS 
Processing: Exp2R_HCC_4_POS  Exp2F_CRR_1_POS  Exp2R_CRR_13_POS  Exp2F_HCC_3_POS  
center sample:  Exp2R_CRR_22_POS 
Processing: Exp2R_HCC_4_POS  Exp2F_CRR_1_POS  Exp2R_CRR_13_POS  Exp2F_HCC_3_POS  
center sample:  Exp2R_CRR_22_POS 
Processing: Exp2R_HCC_4_POS  Exp2F_CRR_1_POS  Exp2R_CRR_13_POS  Exp2F_HCC_3_POS  
center sample:  Exp2R_CRR_22_POS 
Processing: Exp2R_HCC_4_POS  Exp2F_CRR_1_POS  Exp2R_CRR_13_POS  Exp2F_HCC_3_POS  
center sample:  Exp2R_CRR_22_POS 
Processing: Exp2R_HCC_4_POS  Exp2F_CRR_1_POS  Exp2R_CRR_13_POS  Exp2F_HCC_3_POS  
center sample:  Exp2R_CRR_22_POS 
Processing: Exp2R_HCC_4_POS  Exp2F_CRR_1_POS  Exp2R_CRR_13_POS  Exp2F_HCC_3_POS  
center sample:  Exp2R_CRR_22_POS 
Processing: Exp2R_HCC_4_POS  Exp2F_CRR_1_POS  Exp2R_CRR_13_POS  Exp2F_HCC_3_POS  
center sample:  Exp2R_CRR_22_POS 
Processing: Exp2R_HCC_4_POS  Exp2F_CRR_1_POS  Exp2R_CRR_13_POS  Exp2F_HCC_3_POS  
center sample:  Exp2R_CRR_22_POS 
Processing: Exp2R_HCC_4_POS  Exp2F_CRR_1_POS  Exp2R_CRR_13_POS  Exp2F_HCC_3_POS  
center sample:  Exp2R_CRR_22_POS 
Processing: Exp2R_HCC_4_POS  Exp2F_CRR_1_POS  Exp2R_CRR_13_POS  Exp2F_HCC_3_POS  
center sample:  Exp2R_CRR_22_POS 
Processing: Exp2R_HCC_4_POS  Exp2F_CRR_1_POS  Exp2R_CRR_13_POS  Exp2F_HCC_3_POS  
center sample:  Exp2R_CRR_22_POS 
Processing: Exp2R_HCC_4_POS  Exp2F_CRR_1_POS  Exp2R_CRR_13_POS  Exp2F_HCC_3_POS  
center sample:  Exp2R_CRR_22_POS 
Processing: Exp2R_HCC_4_POS  Exp2F_CRR_1_POS  Exp2R_CRR_13_POS  Exp2F_HCC_3_POS  
center sample:  Exp2R_CRR_22_POS 
Processing: Exp2R_HCC_4_POS  Exp2F_CRR_1_POS  Exp2R_CRR_13_POS  Exp2F_HCC_3_POS  
center sample:  Exp2R_CRR_22_POS 
Processing: Exp2R_HCC_4_POS  Exp2F_CRR_1_POS  Exp2R_CRR_13_POS  Exp2F_HCC_3_POS  
center sample:  Exp2R_CRR_22_POS 
Processing: Exp2R_HCC_4_POS  Exp2F_CRR_1_POS  Exp2R_CRR_13_POS  Exp2F_HCC_3_POS  
center sample:  Exp2R_CRR_22_POS 
Processing: Exp2R_HCC_4_POS  Exp2F_CRR_1_POS  Exp2R_CRR_13_POS  Exp2F_HCC_3_POS  
center sample:  Exp2R_CRR_22_POS 
Processing: Exp2R_HCC_4_POS  Exp2F_CRR_1_POS  Exp2R_CRR_13_POS  Exp2F_HCC_3_POS  
center sample:  Exp2R_CRR_22_POS 
Processing: Exp2R_HCC_4_POS  Exp2F_CRR_1_POS  Exp2R_CRR_13_POS  Exp2F_HCC_3_POS  
center sample:  Exp2R_CRR_22_POS 
Processing: Exp2R_HCC_4_POS  Exp2F_CRR_1_POS  Exp2R_CRR_13_POS  Exp2F_HCC_3_POS  
center sample:  Exp2R_CRR_22_POS 
Processing: Exp2R_HCC_4_POS  Exp2F_CRR_1_POS  Exp2R_CRR_13_POS  Exp2F_HCC_3_POS  
center sample:  Exp2R_CRR_22_POS 
Processing: Exp2R_HCC_4_POS  Exp2F_CRR_1_POS  Exp2R_CRR_13_POS  Exp2F_HCC_3_POS  
center sample:  Exp2R_CRR_22_POS 
Processing: Exp2R_HCC_4_POS  Exp2F_CRR_1_POS  Exp2R_CRR_13_POS  Exp2F_HCC_3_POS  
center sample:  Exp2R_CRR_22_POS 
Processing: Exp2R_HCC_4_POS  Exp2F_CRR_1_POS  Exp2R_CRR_13_POS  Exp2F_HCC_3_POS  
center sample:  Exp2R_CRR_22_POS 
Processing: Exp2R_HCC_4_POS  Exp2F_CRR_1_POS  Exp2R_CRR_13_POS  Exp2F_HCC_3_POS  
center sample:  Exp2R_CRR_22_POS 
Processing: Exp2R_HCC_4_POS  Exp2F_CRR_1_POS  Exp2R_CRR_13_POS  Exp2F_HCC_3_POS  
center sample:  Exp2R_CRR_22_POS 
Processing: Exp2R_HCC_4_POS  Exp2F_CRR_1_POS  Exp2R_CRR_13_POS  Exp2F_HCC_3_POS  
center sample:  Exp2R_CRR_22_POS 
Processing: Exp2R_HCC_4_POS  Exp2F_CRR_1_POS  Exp2R_CRR_13_POS  Exp2F_HCC_3_POS  
center sample:  Exp2R_CRR_22_POS 
Processing: Exp2R_HCC_4_POS  Exp2F_CRR_1_POS  Exp2R_CRR_13_POS  Exp2F_HCC_3_POS  
center sample:  Exp2R_CRR_22_POS 
Processing: Exp2R_HCC_4_POS  Exp2F_CRR_1_POS  Exp2R_CRR_13_POS  Exp2F_HCC_3_POS  
center sample:  Exp2R_CRR_22_POS 
Processing: Exp2R_HCC_4_POS  Exp2F_CRR_1_POS  Exp2R_CRR_13_POS  Exp2F_HCC_3_POS  
center sample:  Exp2R_CRR_22_POS 
Processing: Exp2R_HCC_4_POS  Exp2F_CRR_1_POS  Exp2R_CRR_13_POS  Exp2F_HCC_3_POS  
center sample:  Exp2R_CRR_22_POS 
Processing: Exp2R_HCC_4_POS  Exp2F_CRR_1_POS  Exp2R_CRR_13_POS  Exp2F_HCC_3_POS  
center sample:  Exp2R_CRR_22_POS 
Processing: Exp2R_HCC_4_POS  Exp2F_CRR_1_POS  Exp2R_CRR_13_POS  Exp2F_HCC_3_POS  
center sample:  Exp2R_CRR_22_POS 
Processing: Exp2R_HCC_4_POS  Exp2F_CRR_1_POS  Exp2R_CRR_13_POS  Exp2F_HCC_3_POS  
center sample:  Exp2R_CRR_22_POS 
Processing: Exp2R_HCC_4_POS  Exp2F_CRR_1_POS  Exp2R_CRR_13_POS  Exp2F_HCC_3_POS  
center sample:  Exp2R_CRR_22_POS 
Processing: Exp2R_HCC_4_POS  Exp2F_CRR_1_POS  Exp2R_CRR_13_POS  Exp2F_HCC_3_POS  
center sample:  Exp2R_CRR_22_POS 
Processing: Exp2R_HCC_4_POS  Exp2F_CRR_1_POS  Exp2R_CRR_13_POS  Exp2F_HCC_3_POS  
center sample:  Exp2R_CRR_22_POS 
Processing: Exp2R_HCC_4_POS  Exp2F_CRR_1_POS  Exp2R_CRR_13_POS  Exp2F_HCC_3_POS  
center sample:  Exp2R_CRR_22_POS 
Processing: Exp2R_HCC_4_POS  Exp2F_CRR_1_POS  Exp2R_CRR_13_POS  Exp2F_HCC_3_POS  
center sample:  Exp2R_CRR_22_POS 
Processing: Exp2R_HCC_4_POS  Exp2F_CRR_1_POS  Exp2R_CRR_13_POS  Exp2F_HCC_3_POS  
center sample:  Exp2R_CRR_22_POS 
Processing: Exp2R_HCC_4_POS  Exp2F_CRR_1_POS  Exp2R_CRR_13_POS  Exp2F_HCC_3_POS  
center sample:  Exp2R_CRR_22_POS 
Processing: Exp2R_HCC_4_POS  Exp2F_CRR_1_POS  Exp2R_CRR_13_POS  Exp2F_HCC_3_POS  
center sample:  Exp2R_CRR_22_POS 
Processing: Exp2R_HCC_4_POS  Exp2F_CRR_1_POS  Exp2R_CRR_13_POS  Exp2F_HCC_3_POS  
center sample:  Exp2R_CRR_22_POS 
Processing: Exp2R_HCC_4_POS  Exp2F_CRR_1_POS  Exp2R_CRR_13_POS  Exp2F_HCC_3_POS  
center sample:  Exp2R_CRR_22_POS 
Processing: Exp2R_HCC_4_POS  Exp2F_CRR_1_POS  Exp2R_CRR_13_POS  Exp2F_HCC_3_POS  
center sample:  Exp2R_CRR_22_POS 
Processing: Exp2R_HCC_4_POS  Exp2F_CRR_1_POS  Exp2R_CRR_13_POS  Exp2F_HCC_3_POS  
center sample:  Exp2R_CRR_22_POS 
Processing: Exp2R_HCC_4_POS  Exp2F_CRR_1_POS  Exp2R_CRR_13_POS  Exp2F_HCC_3_POS  
center sample:  Exp2R_CRR_22_POS 
Processing: Exp2R_HCC_4_POS  Exp2F_CRR_1_POS  Exp2R_CRR_13_POS  Exp2F_HCC_3_POS  
center sample:  Exp2R_CRR_22_POS 
Processing: Exp2R_HCC_4_POS  Exp2F_CRR_1_POS  Exp2R_CRR_13_POS  Exp2F_HCC_3_POS  
center sample:  Exp2R_CRR_22_POS 
Processing: Exp2R_HCC_4_POS  Exp2F_CRR_1_POS  Exp2R_CRR_13_POS  Exp2F_HCC_3_POS  
center sample:  Exp2R_CRR_22_POS 
Processing: Exp2R_HCC_4_POS  Exp2F_CRR_1_POS  Exp2R_CRR_13_POS  Exp2F_HCC_3_POS  
center sample:  Exp2R_CRR_22_POS 
Processing: Exp2R_HCC_4_POS  Exp2F_CRR_1_POS  Exp2R_CRR_13_POS  Exp2F_HCC_3_POS  
center sample:  Exp2R_CRR_22_POS 
Processing: Exp2R_HCC_4_POS  Exp2F_CRR_1_POS  Exp2R_CRR_13_POS  Exp2F_HCC_3_POS  
center sample:  Exp2R_CRR_22_POS 
Processing: Exp2R_HCC_4_POS  Exp2F_CRR_1_POS  Exp2R_CRR_13_POS  Exp2F_HCC_3_POS  
center sample:  Exp2R_CRR_22_POS 
Processing: Exp2R_HCC_4_POS  Exp2F_CRR_1_POS  Exp2R_CRR_13_POS  Exp2F_HCC_3_POS  
center sample:  Exp2R_CRR_22_POS 
Processing: Exp2R_HCC_4_POS  Exp2F_CRR_1_POS  Exp2R_CRR_13_POS  Exp2F_HCC_3_POS  
center sample:  Exp2R_CRR_22_POS 
Processing: Exp2R_HCC_4_POS  Exp2F_CRR_1_POS  Exp2R_CRR_13_POS  Exp2F_HCC_3_POS  
center sample:  Exp2R_CRR_22_POS 
Processing: Exp2R_HCC_4_POS  Exp2F_CRR_1_POS  Exp2R_CRR_13_POS  Exp2F_HCC_3_POS  
center sample:  Exp2R_CRR_22_POS 
Processing: Exp2R_HCC_4_POS  Exp2F_CRR_1_POS  Exp2R_CRR_13_POS  Exp2F_HCC_3_POS  
center sample:  Exp2R_CRR_22_POS 
Processing: Exp2R_HCC_4_POS  Exp2F_CRR_1_POS  Exp2R_CRR_13_POS  Exp2F_HCC_3_POS  
center sample:  Exp2R_CRR_22_POS 
Processing: Exp2R_HCC_4_POS  Exp2F_CRR_1_POS  Exp2R_CRR_13_POS  Exp2F_HCC_3_POS  
center sample:  Exp2R_CRR_22_POS 
Processing: Exp2R_HCC_4_POS  Exp2F_CRR_1_POS  Exp2R_CRR_13_POS  Exp2F_HCC_3_POS  
center sample:  Exp2R_CRR_22_POS 
Processing: Exp2R_HCC_4_POS  Exp2F_CRR_1_POS  Exp2R_CRR_13_POS  Exp2F_HCC_3_POS  
center sample:  Exp2R_CRR_22_POS 
Processing: Exp2R_HCC_4_POS  Exp2F_CRR_1_POS  Exp2R_CRR_13_POS  Exp2F_HCC_3_POS  
center sample:  Exp2R_CRR_22_POS 
Processing: Exp2R_HCC_4_POS  Exp2F_CRR_1_POS  Exp2R_CRR_13_POS  Exp2F_HCC_3_POS  
center sample:  Exp2R_CRR_22_POS 
Processing: Exp2R_HCC_4_POS  Exp2F_CRR_1_POS  Exp2R_CRR_13_POS  Exp2F_HCC_3_POS  
center sample:  Exp2R_CRR_22_POS 
Processing: Exp2R_HCC_4_POS  Exp2F_CRR_1_POS  Exp2R_CRR_13_POS  Exp2F_HCC_3_POS  
center sample:  Exp2R_CRR_22_POS 
Processing: Exp2R_HCC_4_POS  Exp2F_CRR_1_POS  Exp2R_CRR_13_POS  Exp2F_HCC_3_POS  
center sample:  Exp2R_CRR_22_POS 
Processing: Exp2R_HCC_4_POS  Exp2F_CRR_1_POS  Exp2R_CRR_13_POS  Exp2F_HCC_3_POS  
center sample:  Exp2R_CRR_22_POS 
Processing: Exp2R_HCC_4_POS  Exp2F_CRR_1_POS  Exp2R_CRR_13_POS  Exp2F_HCC_3_POS  
center sample:  Exp2R_CRR_22_POS 
Processing: Exp2R_HCC_4_POS  Exp2F_CRR_1_POS  Exp2R_CRR_13_POS  Exp2F_HCC_3_POS  
center sample:  Exp2R_CRR_22_POS 
Processing: Exp2R_HCC_4_POS  Exp2F_CRR_1_POS  Exp2R_CRR_13_POS  Exp2F_HCC_3_POS  
center sample:  Exp2R_CRR_22_POS 
Processing: Exp2R_HCC_4_POS  Exp2F_CRR_1_POS  Exp2R_CRR_13_POS  Exp2F_HCC_3_POS  
center sample:  Exp2R_CRR_22_POS 
Processing: Exp2R_HCC_4_POS  Exp2F_CRR_1_POS  Exp2R_CRR_13_POS  Exp2F_HCC_3_POS  
center sample:  Exp2R_CRR_22_POS 
Processing: Exp2R_HCC_4_POS  Exp2F_CRR_1_POS  Exp2R_CRR_13_POS  Exp2F_HCC_3_POS  
center sample:  Exp2R_CRR_22_POS 
Processing: Exp2R_HCC_4_POS  Exp2F_CRR_1_POS  Exp2R_CRR_13_POS  Exp2F_HCC_3_POS  
center sample:  Exp2R_CRR_22_POS 
Processing: Exp2R_HCC_4_POS  Exp2F_CRR_1_POS  Exp2R_CRR_13_POS  Exp2F_HCC_3_POS  
center sample:  Exp2R_CRR_22_POS 
Processing: Exp2R_HCC_4_POS  Exp2F_CRR_1_POS  Exp2R_CRR_13_POS  Exp2F_HCC_3_POS  
center sample:  Exp2R_CRR_22_POS 
Processing: Exp2R_HCC_4_POS  Exp2F_CRR_1_POS  Exp2R_CRR_13_POS  Exp2F_HCC_3_POS  
center sample:  Exp2R_CRR_22_POS 
Processing: Exp2R_HCC_4_POS  Exp2F_CRR_1_POS  Exp2R_CRR_13_POS  Exp2F_HCC_3_POS  
center sample:  Exp2R_CRR_22_POS 
Processing: Exp2R_HCC_4_POS  Exp2F_CRR_1_POS  Exp2R_CRR_13_POS  Exp2F_HCC_3_POS  
center sample:  Exp2R_CRR_22_POS 
Processing: Exp2R_HCC_4_POS  Exp2F_CRR_1_POS  Exp2R_CRR_13_POS  Exp2F_HCC_3_POS  
.85 ... OK
Create profile matrix with method 'bin' and step 0.85 ... OK
Processing 59885 mz slices ... OK
Create profile matrix with method 'bin' and step 0.85 ... OK
Create profile matrix with method 'bin' and step 0.85 ... OK
Create profile matrix with method 'bin' and step 0.85 ... OK
Create profile matrix with method 'bin' and step 0.85 ... OK
Create profile matrix with method 'bin' and step 0.85 ... OK
Create profile matrix with method 'bin' and step 0.85 ... OK
Create profile matrix with method 'bin' and step 0.85 ... OK
Create profile matrix with method 'bin' and step 0.85 ... OK
Processing 59885 mz slices ... OK
Create profile matrix with method 'bin' and step 0.85 ... OK
Create profile matrix with method 'bin' and step 0.85 ... OK
Create profile matrix with method 'bin' and step 0.85 ... OK
Create profile matrix with method 'bin' and step 0.85 ... OK
Create profile matrix with method 'bin' and step 0.85 ... OK
Create profile matrix with method 'bin' and step 0.85 ... OK
Create profile matrix with method 'bin' and step 0.85 ... OK
Create profile matrix with method 'bin' and step 0.85 ... OK
Processing 59885 mz slices ... OK
Create profile matrix with method 'bin' and step 0.85 ... OK
Create profile matrix with method 'bin' and step 0.85 ... OK
Create profile matrix with method 'bin' and step 0.85 ... OK
Create profile matrix with method 'bin' and step 0.85 ... OK
Create profile matrix with method 'bin' and step 0.85 ... OK
Create profile matrix with method 'bin' and step 0.85 ... OK
Create profile matrix with method 'bin' and step 0.85 ... OK
Create profile matrix with method 'bin' and step 0.85 ... OK
Processing 59885 mz slices ... OK
Create profile matrix with method 'bin' and step 0.7 ... OK
Create profile matrix with method 'bin' and step 0.7 ... OK
Create profile matrix with method 'bin' and step 0.7 ... OK
Create profile matrix with method 'bin' and step 0.7 ... OK
Create profile matrix with method 'bin' and step 0.7 ... OK
Create profile matrix with method 'bin' and step 0.7 ... OK
Create profile matrix with method 'bin' and step 0.7 ... OK
Create profile matrix with method 'bin' and step 0.7 ... OK
Processing 59885 mz slices ... OK
Create profile matrix with method 'bin' and step 1 ... OK
Create profile matrix with method 'bin' and step 1 ... OK
Create profile matrix with method 'bin' and step 1 ... OK
Create profile matrix with method 'bin' and step 1 ... OK
Create profile matrix with method 'bin' and step 1 ... OK
Processing 59885 mz slices ... OK
Create profile matrix with method 'bin' and step 0.85 ... OK
Create profile matrix with method 'bin' and step 0.85 ... OK
Create profile matrix with method 'bin' and step 0.85 ... OK
Create profile matrix with method 'bin' and step 0.85 ... OK
Create profile matrix with method 'bin' and step 0.85 ... OK
Create profile matrix with method 'bin' and step 0.85 ... OK
Create profile matrix with method 'bin' and step 0.85 ... OK
Create profile matrix with method 'bin' and step 0.85 ... OK
Processing 59885 mz slices ... OK
Create profile matrix with method 'bin' and step 0.85 ... OK
Create profile matrix with method 'bin' and step 0.85 ... OK
Create profile matrix with method 'bin' and step 0.85 ... OK
Create profile matrix with method 'bin' and step 0.85 ... OK
Create profile matrix with method 'bin' and step 0.85 ... OK
Create profile matrix with method 'bin' and step 0.85 ... OK
Create profile matrix with method 'bin' and step 0.85 ... OK
Create profile matrix with method 'bin' and step 0.85 ... OK
Processing 59885 mz slices ... OK
Create profile matrix with method 'bin' and step 0.85 ... OK
Create profile matrix with method 'bin' and step 0.85 ... OK
Create profile matrix with method 'bin' and step 0.85 ... OK
Create profile matrix with method 'bin' and step 0.85 ... OK
Create profile matrix with method 'bin' and step 0.85 ... OK
Create profile matrix with method 'bin' and step 0.85 ... OK
Create profile matrix with method 'bin' and step 0.85 ... OK
Create profile matrix with method 'bin' and step 0.85 ... OK
Processing 99807 mz slices ... OK
Create profile matrix with method 'bin' and step 0.85 ... OK
Create profile matrix with method 'bin' and step 0.85 ... OK
Create profile matrix with method 'bin' and step 0.85 ... OK
Create profile matrix with method 'bin' and step 0.85 ... OK
Create profile matrix with method 'bin' and step 0.85 ... OK
Create profile matrix with method 'bin' and step 0.85 ... OK
Create profile matrix with method 'bin' and step 0.85 ... OK
Create profile matrix with method 'bin' and step 0.85 ... OK
Processing 42775 mz slices ... OK
Create profile matrix with method 'bin' and step 0.85 ... OK
Create profile matrix with method 'bin' and step 0.85 ... OK
Create profile matrix with method 'bin' and step 0.85 ... OK
Create profile matrix with method 'bin' and step 0.85 ... OK
Create profile matrix with method 'bin' and step 0.85 ... OK
Create profile matrix with method 'bin' and step 0.85 ... OK
Create profile matrix with method 'bin' and step 0.85 ... OK
Create profile matrix with method 'bin' and step 0.85 ... OK
Processing 59885 mz slices ... OK
Create profile matrix with method 'bin' and step 0.865 ... OK
Create profile matrix with method 'bin' and step 0.865 ... OK
Create profile matrix with method 'bin' and step 0.865 ... OK
Create profile matrix with method 'bin' and step 0.865 ... OK
Create profile matrix with method 'bin' and step 0.865 ... OK
Create profile matrix with method 'bin' and step 0.865 ... OK
Create profile matrix with method 'bin' and step 0.865 ... OK
Create profile matrix with method 'bin' and step 0.865 ... OK
Processing 74856 mz slices ... OK



starting new DoE with:

gapInit: c(0.16, 0.64)
gapExtend: c(2.16, 2.64)
profStep: c(0.745, 0.985)
bw: c(12.4, 31.6)
mzwid: c(0.01, 0.03)
distFunc: cor_opt
plottype: none
response: 1
factorDiag: 2
factorGap: 1
localAlignment: 0
retcorMethod: obiwarp
minfrac: 0.05
minsamp: 1
max: 50
center: 2

Create profile matrix with method 'bin' and step 0.745 ... OK
Create profile matrix with method 'bin' and step 0.745 ... OK
Create profile matrix with method 'bin' and step 0.745 ... OK
Create profile matrix with method 'bin' and step 0.745 ... OK
Create profile matrix with method 'bin' and step 0.745 ... OK
Create profile matrix with method 'bin' and step 0.745 ... OK
Create profile matrix with method 'bin' and step 0.745 ... OK
Create profile matrix with method 'bin' and step 0.745 ... OK
Processing 149710 mz slices ... OK
Create profile matrix with method 'bin' and step 0.745 ... OK
Create profile matrix with method 'bin' and step 0.745 ... OK
Create profile matrix with method 'bin' and step 0.745 ... OK
Create profile matrix with method 'bin' and step 0.745 ... OK
Create profile matrix with method 'bin' and step 0.745 ... OK
Create profile matrix with method 'bin' and step 0.745 ... OK
Create profile matrix with method 'bin' and step 0.745 ... OK
Create profile matrix with method 'bin' and step 0.745 ... OK
Processing 149710 mz slices ... OK
Create profile matrix with method 'bin' and step 0.745 ... OK
Create profile matrix with method 'bin' and step 0.745 ... OK
Create profile matrix with method 'bin' and step 0.745 ... OK
Create profile matrix with method 'bin' and step 0.745 ... OK
Create profile matrix with method 'bin' and step 0.745 ... OK
Create profile matrix with method 'bin' and step 0.745 ... OK
Create profile matrix with method 'bin' and step 0.745 ... OK
Create profile matrix with method 'bin' and step 0.745 ... OK
Processing 149710 mz slices ... OK
Create profile matrix with method 'bin' and step 0.745 ... OK
Create profile matrix with method 'bin' and step 0.745 ... OK
Create profile matrix with method 'bin' and step 0.745 ... OK
Create profile matrix with method 'bin' and step 0.745 ... OK
Create profile matrix with method 'bin' and step 0.745 ... OK
Create profile matrix with method 'bin' and step 0.745 ... OK
Create profile matrix with method 'bin' and step 0.745 ... OK
Create profile matrix with method 'bin' and step 0.745 ... OK
Processing 149710 mz slices ... OK
Create profile matrix with method 'bin' and step 0.985 ... OK
Create profile matrix with method 'bin' and step 0.985 ... OK
Create profile matrix with method 'bin' and step 0.985 ... OK
Create profile matrix with method 'bin' and step 0.985 ... OK
Create profile matrix with method 'bin' and step 0.985 ... OK
Create profile matrix with method 'bin' and step 0.985 ... OK
Create profile matrix with method 'bin' and step 0.985 ... OK
Create profile matrix with method 'bin' and step 0.985 ... OK
Processing 149710 mz slices ... OK
Create profile matrix with method 'bin' and step 0.985 ... OK
Create profile matrix with method 'bin' and step 0.985 ... OK
Create profile matrix with method 'bin' and step 0.985 ... OK
Create profile matrix with method 'bin' and step 0.985 ... OK
Create profile matrix with method 'bin' and step 0.985 ... OK
Create profile matrix with method 'bin' and step 0.985 ... OK
Create profile matrix with method 'bin' and step 0.985 ... OK
Create profile matrix with method 'bin' and step 0.985 ... OK
Processing 149710 mz slices ... OK
Create profile matrix with method 'bin' and step 0.985 ... OK
Create profile matrix with method 'bin' and step 0.985 ... OK
Create profile matrix with method 'bin' and step 0.985 ... OK
Create profile matrix with method 'bin' and step 0.985 ... OK
Create profile matrix with method 'bin' and step 0.985 ... OK
Create profile matrix with method 'bin' and step 0.985 ... OK
Create profile matrix with method 'bin' and step 0.985 ... OK
Create profile matrix with method 'bin' and step 0.985 ... OK
Processing 149710 mz slices ... OK
Create profile matrix with method 'bin' and step 0.985 ... OK
Create profile matrix with method 'bin' and step 0.985 ... OK
Create profile matrix with method 'bin' and step 0.985 ... OK
Create profile matrix with method 'bin' and step 0.985 ... OK
Create profile matrix with method 'bin' and step 0.985 ... OK
Create profile matrix with method 'bin' and step 0.985 ... OK
Create profile matrix with method 'bin' and step 0.985 ... OK
Create profile matrix with method 'bin' and step 0.985 ... OK
Processing 149710 mz slices ... OK
Create profile matrix with method 'bin' and step 0.745 ... OK
Create profile matrix with method 'bin' and step 0.745 ... OK
Create profile matrix with method 'bin' and step 0.745 ... OK
Create profile matrix with method 'bin' and step 0.745 ... OK
Create profile matrix with method 'bin' and step 0.745 ... OK
Create profile matrix with method 'bin' and step 0.745 ... OK
Create profile matrix with method 'bin' and step 0.745 ... OK
Create profile matrix with method 'bin' and step 0.745 ... OK
Processing 149710 mz slices ... OK
Create profile matrix with method 'bin' and step 0.745 ... OK
Create profile matrix with method 'bin' and step 0.745 ... OK
Create profile matrix with method 'bin' and step 0.745 ... OK
Create profile matrix with method 'bin' and step 0.745 ... OK
Create profile matrix with method 'bin' and step 0.745 ... OK
Create profile matrix with method 'bin' and step 0.745 ... OK
Create profile matrix with method 'bin' and step 0.745 ... OK
Create profile matrix with method 'bin' and step 0.745 ... OK
Processing 149710 mz slices ... OK
Create profile matrix with method 'bin' and step 0.745 ... OK
Create profile matrix with method 'bin' and step 0.745 ... OK
Create profile matrix with method 'bin' and step 0.745 ... OK
Create profile matrix with method 'bin' and step 0.745 ... OK
Create profile matrix with method 'bin' and step 0.745 ... OK
Create profile matrix with method 'bin' and step 0.745 ... OK
Create profile matrix with method 'bin' and step 0.745 ... OK
Create profile matrix with method 'bin' and step 0.745 ... OK
Processing 149710 mz slices ... OK
Create profile matrix with method 'bin' and step 0.745 ... OK
Create profile matrix with method 'bin' and step 0.745 ... OK
Create profile matrix with method 'bin' and step 0.745 ... OK
Create profile matrix with method 'bin' and step 0.745 ... OK
Create profile matrix with method 'bin' and step 0.745 ... OK
Create profile matrix with method 'bin' and step 0.745 ... OK
Create profile matrix with method 'bin' and step 0.745 ... OK
Create profile matrix with method 'bin' and step 0.745 ... OK
Processing 149710 mz slices ... OK
Create profile matrix with method 'bin' and step 0.985 ... OK
Create profile matrix with method 'bin' and step 0.985 ... OK
Create profile matrix with method 'bin' and step 0.985 ... OK
Create profile matrix with method 'bin' and step 0.985 ... OK
Create profile matrix with method 'bin' and step 0.985 ... OK
Create profile matrix with method 'bin' and step 0.985 ... OK
Create profile matrix with method 'bin' and step 0.985 ... OK
Create profile matrix with method 'bin' and step 0.985 ... OK
Processing 149710 mz slices ... OK
Create profile matrix with method 'bin' and step 0.985 ... OK
Create profile matrix with method 'bin' and step 0.985 ... OK
Create profile matrix with method 'bin' and step 0.985 ... OK
Create profile matrix with method 'bin' and step 0.985 ... OK
Create profile matrix with method 'bin' and step 0.985 ... OK
Create profile matrix with method 'bin' and step 0.985 ... OK
Create profile matrix with method 'bin' and step 0.985 ... OK
Create profile matrix with method 'bin' and step 0.985 ... OK
Processing 149710 mz slices ... OK
Create profile matrix with method 'bin' and step 0.985 ... OK
Create profile matrix with method 'bin' and step 0.985 ... OK
Create profile matrix with method 'bin' and step 0.985 ... OK
Create profile matrix with method 'bin' and step 0.985 ... OK
Create profile matrix with method 'bin' and step 0.985 ... OK
Create profile matrix with method 'bin' and step 0.985 ... OK
Create profile matrix with method 'bin' and step 0.985 ... OK
Create profile matrix with method 'bin' and step 0.985 ... OK
Processing 149710 mz slices ... OK
Create profile matrix with method 'bin' and step 0.985 ... OK
Create profile matrix with method 'bin' and step 0.985 ... OK
Create profile matrix with method 'bin' and step 0.985 ... OK
Create profile matrix with method 'bin' and step 0.985 ... OK
Create profile matrix with method 'bin' and step 0.985 ... OK
Create profile matrix with method 'bin' and step 0.985 ... OK
Create profile matrix with method 'bin' and step 0.985 ... OK
Create profile matrix with method 'bin' and step 0.985 ... OK
Processing 149710 mz slices ... OK
Create profile matrix with method 'bin' and step 0.745 ... OK
Create profile matrix with method 'bin' and step 0.745 ... OK
Create profile matrix with method 'bin' and step 0.745 ... OK
Create profile matrix with method 'bin' and step 0.745 ... OK
Create profile matrix with method 'bin' and step 0.745 ... OK
Create profile matrix with method 'bin' and step 0.745 ... OK
Create profile matrix with method 'bin' and step 0.745 ... OK
Create profile matrix with method 'bin' and step 0.745 ... OK
Processing 49904 mz slices ... OK
Create profile matrix with method 'bin' and step 0.745 ... OK
Create profile matrix with method 'bin' and step 0.745 ... OK
Create profile matrix with method 'bin' and step 0.745 ... OK
Create profile matrix with method 'bin' and step 0.745 ... OK
Create profile matrix with method 'bin' and step 0.745 ... OK
Create profile matrix with method 'bin' and step 0.745 ... OK
Create profile matrix with method 'bin' and step 0.745 ... OK
Create profile matrix with method 'bin' and step 0.745 ... OK
Processing 49904 mz slices ... OK
Create profile matrix with method 'bin' and step 0.745 ... OK
Create profile matrix with method 'bin' and step 0.745 ... OK
Create profile matrix with method 'bin' and step 0.745 ... OK
Create profile matrix with method 'bin' and step 0.745 ... OK
Create profile matrix with method 'bin' and step 0.745 ... OK
Create profile matrix with method 'bin' and step 0.745 ... OK
Create profile matrix with method 'bin' and step 0.745 ... OK
Create profile matrix with method 'bin' and step 0.745 ... OK
Processing 49904 mz slices ... OK
Create profile matrix with method 'bin' and step 0.745 ... OK
Create profile matrix with method 'bin' and step 0.745 ... OK
Create profile matrix with method 'bin' and step 0.745 ... OK
Create profile matrix with method 'bin' and step 0.745 ... OK
Create profile matrix with method 'bin' and step 0.745 ... OK
Create profile matrix with method 'bin' and step 0.745 ... OK
Create profile matrix with method 'bin' and step 0.745 ... OK
Create profile matrix with method 'bin' and step 0.745 ... OK
Processing 49904 mz slices ... OK
Create profile matrix with method 'bin' and step 0.985 ... OK
Create profile matrix with method 'bin' and step 0.985 ... OK
Create profile matrix with method 'bin' and step 0.985 ... OK
Create profile matrix with method 'bin' and step 0.985 ... OK
Create profile matrix with method 'bin' and step 0.985 ... OK
Create profile matrix with method 'bin' and step 0.985 ... OK
Create profile matrix with method 'bin' and step 0.985 ... OK
Create profile matrix with method 'bin' and step 0.985 ... OK
Processing 49904 mz slices ... OK
Create profile matrix with method 'bin' and step 0.985 ... OK
Create profile matrix with method 'bin' and step 0.985 ... OK
Create profile matrix with method 'bin' and step 0.985 ... OK
Create profile matrix with method 'bin' and step 0.985 ... OK
Create profile matrix with method 'bin' and step 0.985 ... OK
Create profile matrix with method 'bin' and step 0.985 ... OK
Create profile matrix with method 'bin' and step 0.985 ... OK
Create profile matrix with method 'bin' and step 0.985 ... OK
Processing 49904 mz slices ... OK
Create profile matrix with method 'bin' and step 0.985 ... OK
Create profile matrix with method 'bin' and step 0.985 ... OK
Create profile matrix with method 'bin' and step 0.985 ... OK
Create profile matrix with method 'bin' and step 0.985 ... OK
Create profile matrix with method 'bin' and step 0.985 ... OK
Create profile matrix with method 'bin' and step 0.985 ... OK
Create profile matrix with method 'bin' and step 0.985 ... OK
Create profile matrix with method 'bin' and step 0.985 ... OK
Processing 49904 mz slices ... OK
Create profile matrix with method 'bin' and step 0.985 ... OK
Create profile matrix with method 'bin' and step 0.985 ... OK
Create profile matrix with method 'bin' and step 0.985 ... OK
Create profile matrix with method 'bin' and step 0.985 ... OK
Create profile matrix with method 'bin' and step 0.985 ... OK
Create profile matrix with method 'bin' and step 0.985 ... OK
Create profile matrix with method 'bin' and step 0.985 ... OK
Create profile matrix with method 'bin' and step 0.985 ... OK
Processing 49904 mz slices ... OK
Create profile matrix with method 'bin' and step 0.745 ... OK
Create profile matrix with method 'bin' and step 0.745 ... OK
Create profile matrix with method 'bin' and step 0.745 ... OK
Create profile matrix with method 'bin' and step 0.745 ... OK
Create profile matrix with method 'bin' and step 0.745 ... OK
Create profile matrix with method 'bin' and step 0.745 ... OK
Create profile matrix with method 'bin' and step 0.745 ... OK
Create profile matrix with method 'bin' and step 0.745 ... OK
Processing 49904 mz slices ... OK
Create profile matrix with method 'bin' and step 0.745 ... OK
Create profile matrix with method 'bin' and step 0.745 ... OK
Create profile matrix with method 'bin' and step 0.745 ... OK
Create profile matrix with method 'bin' and step 0.745 ... OK
Create profile matrix with method 'bin' and step 0.745 ... OK
Create profile matrix with method 'bin' and step 0.745 ... OK
Create profile matrix with method 'bin' and step 0.745 ... OK
Create profile matrix with method 'bin' and step 0.745 ... OK
Processing 49904 mz slices ... OK
Create profile matrix with method 'bin' and step 0.745 ... OK
Create profile matrix with method 'bin' and step 0.745 ... OK
Create profile matrix with method 'bin' and step 0.745 ... OK
Create profile matrix with method 'bin' and step 0.745 ... OK
Create profile matrix with method 'bin' and step 0.745 ... OK
Create profile matrix with method 'bin' and step 0.745 ... OK
Create profile matrix with method 'bin' and step 0.745 ... OK
Create profile matrix with method 'bin' and step 0.745 ... OK
Processing 49904 mz slices ... OK
Create profile matrix with method 'bin' and step 0.745 ... OK
Create profile matrix with method 'bin' and step 0.745 ... OK
Create profile matrix with method 'bin' and step 0.745 ... OK
Create profile matrix with method 'bin' and step 0.745 ... OK
Create profile matrix with method 'bin' and step 0.745 ... OK
Create profile matrix with method 'bin' and step 0.745 ... OK
Create profile matrix with method 'bin' and step 0.745 ... OK
Create profile matrix with method 'bin' and step 0.745 ... OK
Processing 49904 mz slices ... OK
Create profile matrix with method 'bin' and step 0.985 ... OK
Create profile matrix with method 'bin' and step 0.985 ... OK
Create profile matrix with method 'bin' and step 0.985 ... OK
Create profile matrix with method 'bin' and step 0.985 ... OK
Create profile matrix with method 'bin' and step 0.985 ... OK
Create profile matrix with method 'bin' and step 0.985 ... OK
Create profile matrix with method 'bin' and step 0.985 ... OK
Create profile matrix with method 'bin' and step 0.985 ... OK
Processing 49904 mz slices ... OK
Create profile matrix with method 'bin' and step 0.985 ... OK
Create profile matrix with method 'bin' and step 0.985 ... OK
Create profile matrix with method 'bin' and step 0.985 ... OK
Create profile matrix with method 'bin' and step 0.985 ... OK
Create profile matrix with method 'bin' and step 0.985 ... OK
Create profile matrix with method 'bin' and step 0.985 ... OK
Create profile matrix with method 'bin' and step 0.985 ... OK
Create profile matrix with method 'bin' and step 0.985 ... OK
Processing 49904 mz slices ... OK
Create profile matrix with method 'bin' and step 0.985 ... OK
Create profile matrix with method 'bin' and step 0.985 ... OK
Create profile matrix with method 'bin' and step 0.985 ... OK
Create profile matrix with method 'bin' and step 0.985 ... OK
Create profile matrix with method 'bin' and step 0.985 ... OK
Create profile matrix with method 'bin' and step 0.985 ... OK
Create profile matrix with method 'bin' and step 0.985 ... OK
Create profile matrix with method 'bin' and step 0.985 ... OK
Processing 49904 mz slices ... OK
Create profile matrix with method 'bin' and step 0.985 ... OK
Create profile matrix with method 'bin' and step 0.985 ... OK
Create profile matrix with method 'bin' and step 0.985 ... OK
Create profile matrix with method 'bin' and step 0.985 ... OK
Create profile matrix with method 'bin' and step 0.985 ... OK
Create profile matrix with method 'bin' and step 0.985 ... OK
Create profile matrix with method 'bin' and step 0.985 ... OK
Create profile matrix with method 'bin' and step 0.985 ... OK
Processing 49904 mz slices ... OK
Create profile matrix with method 'bin' and step 0.865 ... OK
Create profile matrix with method 'bin' and step 0.865 ... OK
Create profile matrix with method 'bin' and step 0.865 ... OK
Create profile matrix with method 'bin' and step 0.865 ... OK
Create profile matrix with method 'bin' and step 0.865 ... OK
Create profile matrix with method 'bin' and step 0.865 ... OK
Create profile matrix with method 'bin' and step 0.865 ... OK
Create profile matrix with method 'bin' and step 0.865 ... OK
Processing 74856 mz slices ... OK
Create profile matrix with method 'bin' and step 0.865 ... OK
Create profile matrix with method 'bin' and step 0.865 ... OK
Create profile matrix with method 'bin' and step 0.865 ... OK
Create profile matrix with method 'bin' and step 0.865 ... OK
Create profile matrix with method 'bin' and step 0.865 ... OK
Create profile matrix with method 'bin' and step 0.865 ... OK
Create profile matrix with method 'bin' and step 0.865 ... OK
Create profile matrix with method 'bin' and step 0.865 ... OK
Processing 74856 mz slices ... OK
Create profile matrix with method 'bin' and step 0.865 ... OK
Create profile matrix with method 'bin' and step 0.865 ... OK
Create profile matrix with method 'bin' and step 0.865 ... OK
Create profile matrix with method 'bin' and step 0.865 ... OK
Create profile matrix with method 'bin' and step 0.865 ... OK
Create profile matrix with method 'bin' and step 0.865 ... OK
Create profile matrix with method 'bin' and step 0.865 ... OK
Create profile matrix with method 'bin' and step 0.865 ... OK
Processing 74856 mz slices ... OK
Create profile matrix with method 'bin' and step 0.865 ... OK
Create profile matrix with method 'bin' and step 0.865 ... OK
Create profile matrix with method 'bin' and step 0.865 ... OK
Create profile matrix with method 'bin' and step 0.865 ... OK
Create profile matrix with method 'bin' and step 0.865 ... OK
Create profile matrix with method 'bin' and step 0.865 ... OK
Create profile matrix with method 'bin' and step 0.865 ... OK
Create profile matrix with method 'bin' and step 0.865 ... OK
Processing 74856 mz slices ... OK
Create profile matrix with method 'bin' and step 0.865 ... OK
Create profile matrix with method 'bin' and step 0.865 ... OK
Create profile matrix with method 'bin' and step 0.865 ... OK
Create profile matrix with method 'bin' and step 0.865 ... OK
Create profile matrix with method 'bin' and step 0.865 ... OK
Create profile matrix with method 'bin' and step 0.865 ... OK
Create profile matrix with method 'bin' and step 0.865 ... OK
Create profile matrix with method 'bin' and step 0.865 ... OK
Processing 74856 mz slices ... OK
Create profile matrix with method 'bin' and step 0.745 ... OK
Create profile matrix with method 'bin' and step 0.745 ... OK
Create profile matrix with method 'bin' and step 0.745 ... OK
Create profile matrix with method 'bin' and step 0.745 ... OK
Create profile matrix with method 'bin' and step 0.745 ... OK
Create profile matrix with method 'bin' and step 0.745 ... OK
Create profile matrix with method 'bin' and step 0.745 ... OK
Create profile matrix with method 'bin' and step 0.745 ... OK
Processing 74856 mz slices ... OK
Create profile matrix with method 'bin' and step 0.985 ... OK
Create profile matrix with method 'bin' and step 0.985 ... OK
Create profile matrix with method 'bin' and step 0.985 ... OK
Create profile matrix with method 'bin' and step 0.985 ... OK
Create profile matrix with method 'bin' and step 0.985 ... OK
Create profile matrix with method 'bin' and step 0.985 ... OK
Create profile matrix with method 'bin' and step 0.985 ... OK
Create profile matrix with method 'bin' and step 0.985 ... OK
Processing 74856 mz slices ... OK
Create profile matrix with method 'bin' and step 0.865 ... OK
Create profile matrix with method 'bin' and step 0.865 ... OK
Create profile matrix with method 'bin' and step 0.865 ... OK
Create profile matrix with method 'bin' and step 0.865 ... OK
Create profile matrix with method 'bin' and step 0.865 ... OK
Create profile matrix with method 'bin' and step 0.865 ... OK
Create profile matrix with method 'bin' and step 0.865 ... OK
Create profile matrix with method 'bin' and step 0.865 ... OK
Processing 74856 mz slices ... OK
Create profile matrix with method 'bin' and step 0.865 ... OK
Create profile matrix with method 'bin' and step 0.865 ... OK
Create profile matrix with method 'bin' and step 0.865 ... OK
Create profile matrix with method 'bin' and step 0.865 ... OK
Create profile matrix with method 'bin' and step 0.865 ... OK
Create profile matrix with method 'bin' and step 0.865 ... OK
Create profile matrix with method 'bin' and step 0.865 ... OK
Create profile matrix with method 'bin' and step 0.865 ... OK
Processing 74856 mz slices ... OK
Create profile matrix with method 'bin' and step 0.865 ... OK
Create profile matrix with method 'bin' and step 0.865 ... OK
Create profile matrix with method 'bin' and step 0.865 ... OK
Create profile matrix with method 'bin' and step 0.865 ... OK
Create profile matrix with method 'bin' and step 0.865 ... OK
Create profile matrix with method 'bin' and step 0.865 ... OK
Create profile matrix with method 'bin' and step 0.865 ... OK
Create profile matrix with method 'bin' and step 0.865 ... OK
Processing 149710 mz slices ... OK
Create profile matrix with method 'bin' and step 0.865 ... OK
Create profile matrix with method 'bin' and step 0.865 ... OK
Create profile matrix with method 'bin' and step 0.865 ... OK
Create profile matrix with method 'bin' and step 0.865 ... OK
Create profile matrix with method 'bin' and step 0.865 ... OK
Create profile matrix with method 'bin' and step 0.865 ... OK
Create profile matrix with method 'bin' and step 0.865 ... OK
Create profile matrix with method 'bin' and step 0.865 ... OK
Processing 49904 mz slices ... OK
Create profile matrix with method 'bin' and step 0.865 ... OK
Create profile matrix with method 'bin' and step 0.865 ... OK
Create profile matrix with method 'bin' and step 0.865 ... OK
Create profile matrix with method 'bin' and step 0.865 ... OK
Create profile matrix with method 'bin' and step 0.865 ... OK
Create profile matrix with method 'bin' and step 0.865 ... OK
Create profile matrix with method 'bin' and step 0.865 ... OK
Create profile matrix with method 'bin' and step 0.865 ... OK
Processing 74856 mz slices ... OK
Create profile matrix with method 'bin' and step 0.853 ... OK
Create profile matrix with method 'bin' and step 0.853 ... OK
Create profile matrix with method 'bin' and step 0.853 ... OK
Create profile matrix with method 'bin' and step 0.853 ... OK
Create profile matrix with method 'bin' and step 0.853 ... OK
Create profile matrix with method 'bin' and step 0.853 ... OK
Create profile matrix with method 'bin' and step 0.853 ... OK
Create profile matrix with method 'bin' and step 0.853 ... OK
Processing 74856 mz slices ... OK



starting new DoE with:

gapInit: c(0.352, 0.928)
gapExtend: c(2.208, 2.592)
profStep: c(0.757, 0.949)
bw: c(0.879999999999999, 23.92)
mzwid: c(0.012, 0.028)
distFunc: cor_opt
plottype: none
response: 1
factorDiag: 2
factorGap: 1
localAlignment: 0
retcorMethod: obiwarp
minfrac: 0.05
minsamp: 1
max: 50
center: 2

Create profile matrix with method 'bin' and step 0.757 ... OK
Create profile matrix with method 'bin' and step 0.757 ... OK
Create profile matrix with method 'bin' and step 0.757 ... OK
Create profile matrix with method 'bin' and step 0.757 ... OK
Create profile matrix with method 'bin' and step 0.757 ... OK
Create profile matrix with method 'bin' and step 0.757 ... OK
Create profile matrix with method 'bin' and step 0.757 ... OK
Create profile matrix with method 'bin' and step 0.757 ... OK
Processing 124758 mz slices ... OK
Create profile matrix with method 'bin' and step 0.757 ... OK
Create profile matrix with method 'bin' and step 0.757 ... OK
Create profile matrix with method 'bin' and step 0.757 ... OK
Create profile matrix with method 'bin' and step 0.757 ... OK
Create profile matrix with method 'bin' and step 0.757 ... OK
Create profile matrix with method 'bin' and step 0.757 ... OK
Create profile matrix with method 'bin' and step 0.757 ... OK
Create profile matrix with method 'bin' and step 0.757 ... OK
Processing 124758 mz slices ... OK
Create profile matrix with method 'bin' and step 0.757 ... OK
Create profile matrix with method 'bin' and step 0.757 ... OK
Create profile matrix with method 'bin' and step 0.757 ... OK
Create profile matrix with method 'bin' and step 0.757 ... OK
Create profile matrix with method 'bin' and step 0.757 ... OK
Create profile matrix with method 'bin' and step 0.757 ... OK
Create profile matrix with method 'bin' and step 0.757 ... OK
Create profile matrix with method 'bin' and step 0.757 ... OK
Processing 124758 mz slices ... OK
Create profile matrix with method 'bin' and step 0.757 ... OK
Create profile matrix with method 'bin' and step 0.757 ... OK
Create profile matrix with method 'bin' and step 0.757 ... OK
Create profile matrix with method 'bin' and step 0.757 ... OK
Create profile matrix with method 'bin' and step 0.757 ... OK
Create profile matrix with method 'bin' and step 0.757 ... OK
Create profile matrix with method 'bin' and step 0.757 ... OK
Create profile matrix with method 'bin' and step 0.757 ... OK
Processing 124758 mz slices ... OK
Create profile matrix with method 'bin' and step 0.949 ... OK
Create profile matrix with method 'bin' and step 0.949 ... OK
Create profile matrix with method 'bin' and step 0.949 ... OK
Create profile matrix with method 'bin' and step 0.949 ... OK
Create profile matrix with method 'bin' and step 0.949 ... OK
Create profile matrix with method 'bin' and step 0.949 ... OK
Create profile matrix with method 'bin' and step 0.949 ... OK
Create profile matrix with method 'bin' and step 0.949 ... OK
Processing 124758 mz slices ... OK
Create profile matrix with method 'bin' and step 0.949 ... OK
Create profile matrix with method 'bin' and step 0.949 ... OK
Create profile matrix with method 'bin' and step 0.949 ... OK
Create profile matrix with method 'bin' and step 0.949 ... OK
Create profile matrix with method 'bin' and step 0.949 ... OK
Create profile matrix with method 'bin' and step 0.949 ... OK
Create profile matrix with method 'bin' and step 0.949 ... OK
Create profile matrix with method 'bin' and step 0.949 ... OK
Processing 124758 mz slices ... OK
Create profile matrix with method 'bin' and step 0.949 ... OK
Create profile matrix with method 'bin' and step 0.949 ... OK
Create profile matrix with method 'bin' and step 0.949 ... OK
Create profile matrix with method 'bin' and step 0.949 ... OK
Create profile matrix with method 'bin' and step 0.949 ... OK
Create profile matrix with method 'bin' and step 0.949 ... OK
Create profile matrix with method 'bin' and step 0.949 ... OK
Create profile matrix with method 'bin' and step 0.949 ... OK
Processing 124758 mz slices ... OK
Create profile matrix with method 'bin' and step 0.949 ... OK
Create profile matrix with method 'bin' and step 0.949 ... OK
Create profile matrix with method 'bin' and step 0.949 ... OK
Create profile matrix with method 'bin' and step 0.949 ... OK
Create profile matrix with method 'bin' and step 0.949 ... OK
Create profile matrix with method 'bin' and step 0.949 ... OK
Create profile matrix with method 'bin' and step 0.949 ... OK
Create profile matrix with method 'bin' and step 0.949 ... OK
Processing 124758 mz slices ... OK
Create profile matrix with method 'bin' and step 0.757 ... OK
Create profile matrix with method 'bin' and step 0.757 ... OK
Create profile matrix with method 'bin' and step 0.757 ... OK
Create profile matrix with method 'bin' and step 0.757 ... OK
Create profile matrix with method 'bin' and step 0.757 ... OK
Create profile matrix with method 'bin' and step 0.757 ... OK
Create profile matrix with method 'bin' and step 0.757 ... OK
Create profile matrix with method 'bin' and step 0.757 ... OK
Processing 124758 mz slices ... OK
Create profile matrix with method 'bin' and step 0.757 ... OK
Create profile matrix with method 'bin' and step 0.757 ... OK
Create profile matrix with method 'bin' and step 0.757 ... OK
Create profile matrix with method 'bin' and step 0.757 ... OK
Create profile matrix with method 'bin' and step 0.757 ... OK
Create profile matrix with method 'bin' and step 0.757 ... OK
Create profile matrix with method 'bin' and step 0.757 ... OK
Create profile matrix with method 'bin' and step 0.757 ... OK
Processing 124758 mz slices ... OK
Create profile matrix with method 'bin' and step 0.757 ... OK
Create profile matrix with method 'bin' and step 0.757 ... OK
Create profile matrix with method 'bin' and step 0.757 ... OK
Create profile matrix with method 'bin' and step 0.757 ... OK
Create profile matrix with method 'bin' and step 0.757 ... OK
Create profile matrix with method 'bin' and step 0.757 ... OK
Create profile matrix with method 'bin' and step 0.757 ... OK
Create profile matrix with method 'bin' and step 0.757 ... OK
Processing 124758 mz slices ... OK
Create profile matrix with method 'bin' and step 0.757 ... OK
Create profile matrix with method 'bin' and step 0.757 ... OK
Create profile matrix with method 'bin' and step 0.757 ... OK
Create profile matrix with method 'bin' and step 0.757 ... OK
Create profile matrix with method 'bin' and step 0.757 ... OK
Create profile matrix with method 'bin' and step 0.757 ... OK
Create profile matrix with method 'bin' and step 0.757 ... OK
Create profile matrix with method 'bin' and step 0.757 ... OK
Processing 124758 mz slices ... OK
Create profile matrix with method 'bin' and step 0.949 ... OK
Create profile matrix with method 'bin' and step 0.949 ... OK
Create profile matrix with method 'bin' and step 0.949 ... OK
Create profile matrix with method 'bin' and step 0.949 ... OK
Create profile matrix with method 'bin' and step 0.949 ... OK
Create profile matrix with method 'bin' and step 0.949 ... OK
Create profile matrix with method 'bin' and step 0.949 ... OK
Create profile matrix with method 'bin' and step 0.949 ... OK
Processing 124758 mz slices ... OK
Create profile matrix with method 'bin' and step 0.949 ... OK
Create profile matrix with method 'bin' and step 0.949 ... OK
Create profile matrix with method 'bin' and step 0.949 ... OK
Create profile matrix with method 'bin' and step 0.949 ... OK
Create profile matrix with method 'bin' and step 0.949 ... OK
Create profile matrix with method 'bin' and step 0.949 ... OK
Create profile matrix with method 'bin' and step 0.949 ... OK
Create profile matrix with method 'bin' and step 0.949 ... OK
Processing 124758 mz slices ... OK
Create profile matrix with method 'bin' and step 0.949 ... OK
Create profile matrix with method 'bin' and step 0.949 ... OK
Create profile matrix with method 'bin' and step 0.949 ... OK
Create profile matrix with method 'bin' and step 0.949 ... OK
Create profile matrix with method 'bin' and step 0.949 ... OK
Create profile matrix with method 'bin' and step 0.949 ... OK
Create profile matrix with method 'bin' and step 0.949 ... OK
Create profile matrix with method 'bin' and step 0.949 ... OK
Processing 124758 mz slices ... OK
Create profile matrix with method 'bin' and step 0.949 ... OK
Create profile matrix with method 'bin' and step 0.949 ... OK
Create profile matrix with method 'bin' and step 0.949 ... OK
Create profile matrix with method 'bin' and step 0.949 ... OK
Create profile matrix with method 'bin' and step 0.949 ... OK
Create profile matrix with method 'bin' and step 0.949 ... OK
Create profile matrix with method 'bin' and step 0.949 ... OK
Create profile matrix with method 'bin' and step 0.949 ... OK
Processing 124758 mz slices ... OK
Create profile matrix with method 'bin' and step 0.757 ... OK
Create profile matrix with method 'bin' and step 0.757 ... OK
Create profile matrix with method 'bin' and step 0.757 ... OK
Create profile matrix with method 'bin' and step 0.757 ... OK
Create profile matrix with method 'bin' and step 0.757 ... OK
Create profile matrix with method 'bin' and step 0.757 ... OK
Create profile matrix with method 'bin' and step 0.757 ... OK
Create profile matrix with method 'bin' and step 0.757 ... OK
Processing 53469 mz slices ... OK
Create profile matrix with method 'bin' and step 0.757 ... OK
Create profile matrix with method 'bin' and step 0.757 ... OK
Create profile matrix with method 'bin' and step 0.757 ... OK
Create profile matrix with method 'bin' and step 0.757 ... OK
Create profile matrix with method 'bin' and step 0.757 ... OK
Create profile matrix with method 'bin' and step 0.757 ... OK
Create profile matrix with method 'bin' and step 0.757 ... OK
Create profile matrix with method 'bin' and step 0.757 ... OK
Processing 53469 mz slices ... OK
Create profile matrix with method 'bin' and step 0.757 ... OK
Create profile matrix with method 'bin' and step 0.757 ... OK
Create profile matrix with method 'bin' and step 0.757 ... OK
Create profile matrix with method 'bin' and step 0.757 ... OK
Create profile matrix with method 'bin' and step 0.757 ... OK
Create profile matrix with method 'bin' and step 0.757 ... OK
Create profile matrix with method 'bin' and step 0.757 ... OK
Create profile matrix with method 'bin' and step 0.757 ... OK
Processing 53469 mz slices ... OK
Create profile matrix with method 'bin' and step 0.757 ... OK
Create profile matrix with method 'bin' and step 0.757 ... OK
Create profile matrix with method 'bin' and step 0.757 ... OK
Create profile matrix with method 'bin' and step 0.757 ... OK
Create profile matrix with method 'bin' and step 0.757 ... OK
Create profile matrix with method 'bin' and step 0.757 ... OK
Create profile matrix with method 'bin' and step 0.757 ... OK
Create profile matrix with method 'bin' and step 0.757 ... OK
Processing 53469 mz slices ... OK
Create profile matrix with method 'bin' and step 0.949 ... OK
Create profile matrix with method 'bin' and step 0.949 ... OK
Create profile matrix with method 'bin' and step 0.949 ... OK
Create profile matrix with method 'bin' and step 0.949 ... OK
Create profile matrix with method 'bin' and step 0.949 ... OK
Create profile matrix with method 'bin' and step 0.949 ... OK
Create profile matrix with method 'bin' and step 0.949 ... OK
Create profile matrix with method 'bin' and step 0.949 ... OK
Processing 53469 mz slices ... OK
Create profile matrix with method 'bin' and step 0.949 ... OK
Create profile matrix with method 'bin' and step 0.949 ... OK
Create profile matrix with method 'bin' and step 0.949 ... OK
Create profile matrix with method 'bin' and step 0.949 ... OK
Create profile matrix with method 'bin' and step 0.949 ... OK
Create profile matrix with method 'bin' and step 0.949 ... OK
Create profile matrix with method 'bin' and step 0.949 ... OK
Create profile matrix with method 'bin' and step 0.949 ... OK
Processing 53469 mz slices ... OK
Create profile matrix with method 'bin' and step 0.949 ... OK
Create profile matrix with method 'bin' and step 0.949 ... OK
Create profile matrix with method 'bin' and step 0.949 ... OK
Create profile matrix with method 'bin' and step 0.949 ... OK
Create profile matrix with method 'bin' and step 0.949 ... OK
Create profile matrix with method 'bin' and step 0.949 ... OK
Create profile matrix with method 'bin' and step 0.949 ... OK
Create profile matrix with method 'bin' and step 0.949 ... OK
Processing 53469 mz slices ... OK
Create profile matrix with method 'bin' and step 0.949 ... OK
Create profile matrix with method 'bin' and step 0.949 ... OK
Create profile matrix with method 'bin' and step 0.949 ... OK
Create profile matrix with method 'bin' and step 0.949 ... OK
Create profile matrix with method 'bin' and step 0.949 ... OK
Create profile matrix with method 'bin' and step 0.949 ... OK
Create profile matrix with method 'bin' and step 0.949 ... OK
Create profile matrix with method 'bin' and step 0.949 ... OK
Processing 53469 mz slices ... OK
Create profile matrix with method 'bin' and step 0.757 ... OK
Create profile matrix with method 'bin' and step 0.757 ... OK
Create profile matrix with method 'bin' and step 0.757 ... OK
Create profile matrix with method 'bin' and step 0.757 ... OK
Create profile matrix with method 'bin' and step 0.757 ... OK
Create profile matrix with method 'bin' and step 0.757 ... OK
Create profile matrix with method 'bin' and step 0.757 ... OK
Create profile matrix with method 'bin' and step 0.757 ... OK
Processing 53469 mz slices ... OK
Create profile matrix with method 'bin' and step 0.757 ... OK
Create profile matrix with method 'bin' and step 0.757 ... OK
Create profile matrix with method 'bin' and step 0.757 ... OK
Create profile matrix with method 'bin' and step 0.757 ... OK
Create profile matrix with method 'bin' and step 0.757 ... OK
Create profile matrix with method 'bin' and step 0.757 ... OK
Create profile matrix with method 'bin' and step 0.757 ... OK
Create profile matrix with method 'bin' and step 0.757 ... OK
Processing 53469 mz slices ... OK
Create profile matrix with method 'bin' and step 0.757 ... OK
Create profile matrix with method 'bin' and step 0.757 ... OK
Create profile matrix with method 'bin' and step 0.757 ... OK
Create profile matrix with method 'bin' and step 0.757 ... OK
Create profile matrix with method 'bin' and step 0.757 ... OK
Create profile matrix with method 'bin' and step 0.757 ... OK
Create profile matrix with method 'bin' and step 0.757 ... OK
Create profile matrix with method 'bin' and step 0.757 ... OK
Processing 53469 mz slices ... OK
Create profile matrix with method 'bin' and step 0.757 ... OK
Create profile matrix with method 'bin' and step 0.757 ... OK
Create profile matrix with method 'bin' and step 0.757 ... OK
Create profile matrix with method 'bin' and step 0.757 ... OK
Create profile matrix with method 'bin' and step 0.757 ... OK
Create profile matrix with method 'bin' and step 0.757 ... OK
Create profile matrix with method 'bin' and step 0.757 ... OK
Create profile matrix with method 'bin' and step 0.757 ... OK
Processing 53469 mz slices ... OK
Create profile matrix with method 'bin' and step 0.949 ... OK
Create profile matrix with method 'bin' and step 0.949 ... OK
Create profile matrix with method 'bin' and step 0.949 ... OK
Create profile matrix with method 'bin' and step 0.949 ... OK
Create profile matrix with method 'bin' and step 0.949 ... OK
Create profile matrix with method 'bin' and step 0.949 ... OK
Create profile matrix with method 'bin' and step 0.949 ... OK
Create profile matrix with method 'bin' and step 0.949 ... OK
Processing 53469 mz slices ... OK
Create profile matrix with method 'bin' and step 0.949 ... OK
Create profile matrix with method 'bin' and step 0.949 ... OK
Create profile matrix with method 'bin' and step 0.949 ... OK
Create profile matrix with method 'bin' and step 0.949 ... OK
Create profile matrix with method 'bin' and step 0.949 ... OK
Create profile matrix with method 'bin' and step 0.949 ... OK
Create profile matrix with method 'bin' and step 0.949 ... OK
Create profile matrix with method 'bin' and step 0.949 ... OK
Processing 53469 mz slices ... OK
Create profile matrix with method 'bin' and step 0.949 ... OK
Create profile matrix with method 'bin' and step 0.949 ... OK
Create profile matrix with method 'bin' and step 0.949 ... OK
Create profile matrix with method 'bin' and step 0.949 ... OK
Create profile matrix with method 'bin' and step 0.949 ... OK
Create profile matrix with method 'bin' and step 0.949 ... OK
Create profile matrix with method 'bin' and step 0.949 ... OK
Create profile matrix with method 'bin' and step 0.949 ... OK
Processing 53469 mz slices ... OK
Create profile matrix with method 'bin' and step 0.949 ... OK
Create profile matrix with method 'bin' and step 0.949 ... OK
Create profile matrix with method 'bin' and step 0.949 ... OK
Create profile matrix with method 'bin' and step 0.949 ... OK
Create profile matrix with method 'bin' and step 0.949 ... OK
Create profile matrix with method 'bin' and step 0.949 ... OK
Create profile matrix with method 'bin' and step 0.949 ... OK
Create profile matrix with method 'bin' and step 0.949 ... OK
Processing 53469 mz slices ... OK
Create profile matrix with method 'bin' and step 0.853 ... OK
Create profile matrix with method 'bin' and step 0.853 ... OK
Create profile matrix with method 'bin' and step 0.853 ... OK
Create profile matrix with method 'bin' and step 0.853 ... OK
Create profile matrix with method 'bin' and step 0.853 ... OK
Create profile matrix with method 'bin' and step 0.853 ... OK
Create profile matrix with method 'bin' and step 0.853 ... OK
Create profile matrix with method 'bin' and step 0.853 ... OK
Processing 74856 mz slices ... OK
Create profile matrix with method 'bin' and step 0.853 ... OK
Create profile matrix with method 'bin' and step 0.853 ... OK
Create profile matrix with method 'bin' and step 0.853 ... OK
Create profile matrix with method 'bin' and step 0.853 ... OK
Create profile matrix with method 'bin' and step 0.853 ... OK
Create profile matrix with method 'bin' and step 0.853 ... OK
Create profile matrix with method 'bin' and step 0.853 ... OK
Create profile matrix with method 'bin' and step 0.853 ... OK
Processing 74856 mz slices ... OK
Create profile matrix with method 'bin' and step 0.853 ... OK
Create profile matrix with method 'bin' and step 0.853 ... OK
Create profile matrix with method 'bin' and step 0.853 ... OK
Create profile matrix with method 'bin' and step 0.853 ... OK
Create profile matrix with method 'bin' and step 0.853 ... OK
Create profile matrix with method 'bin' and step 0.853 ... OK
Create profile matrix with method 'bin' and step 0.853 ... OK
Create profile matrix with method 'bin' and step 0.853 ... OK
Processing 74856 mz slices ... OK
Create profile matrix with method 'bin' and step 0.853 ... OK
Create profile matrix with method 'bin' and step 0.853 ... OK
Create profile matrix with method 'bin' and step 0.853 ... OK
Create profile matrix with method 'bin' and step 0.853 ... OK
Create profile matrix with method 'bin' and step 0.853 ... OK
Create profile matrix with method 'bin' and step 0.853 ... OK
Create profile matrix with method 'bin' and step 0.853 ... OK
Create profile matrix with method 'bin' and step 0.853 ... OK
Processing 74856 mz slices ... OK
Create profile matrix with method 'bin' and step 0.853 ... OK
Create profile matrix with method 'bin' and step 0.853 ... OK
Create profile matrix with method 'bin' and step 0.853 ... OK
Create profile matrix with method 'bin' and step 0.853 ... OK
Create profile matrix with method 'bin' and step 0.853 ... OK
Create profile matrix with method 'bin' and step 0.853 ... OK
Create profile matrix with method 'bin' and step 0.853 ... OK
Create profile matrix with method 'bin' and step 0.853 ... OK
Processing 74856 mz slices ... OK
Create profile matrix with method 'bin' and step 0.757 ... OK
Create profile matrix with method 'bin' and step 0.757 ... OK
Create profile matrix with method 'bin' and step 0.757 ... OK
Create profile matrix with method 'bin' and step 0.757 ... OK
Create profile matrix with method 'bin' and step 0.757 ... OK
Create profile matrix with method 'bin' and step 0.757 ... OK
Create profile matrix with method 'bin' and step 0.757 ... OK
Create profile matrix with method 'bin' and step 0.757 ... OK
Processing 74856 mz slices ... OK
Create profile matrix with method 'bin' and step 0.949 ... OK
Create profile matrix with method 'bin' and step 0.949 ... OK
Create profile matrix with method 'bin' and step 0.949 ... OK
Create profile matrix with method 'bin' and step 0.949 ... OK
Create profile matrix with method 'bin' and step 0.949 ... OK
Create profile matrix with method 'bin' and step 0.949 ... OK
Create profile matrix with method 'bin' and step 0.949 ... OK
Create profile matrix with method 'bin' and step 0.949 ... OK
Processing 74856 mz slices ... OK
Create profile matrix with method 'bin' and step 0.853 ... OK
Create profile matrix with method 'bin' and step 0.853 ... OK
Create profile matrix with method 'bin' and step 0.853 ... OK
Create profile matrix with method 'bin' and step 0.853 ... OK
Create profile matrix with method 'bin' and step 0.853 ... OK
Create profile matrix with method 'bin' and step 0.853 ... OK
Create profile matrix with method 'bin' and step 0.853 ... OK
Create profile matrix with method 'bin' and step 0.853 ... OK
Processing 74856 mz slices ... OK
Create profile matrix with method 'bin' and step 0.853 ... OK
Create profile matrix with method 'bin' and step 0.853 ... OK
Create profile matrix with method 'bin' and step 0.853 ... OK
Create profile matrix with method 'bin' and step 0.853 ... OK
Create profile matrix with method 'bin' and step 0.853 ... OK
Create profile matrix with method 'bin' and step 0.853 ... OK
Create profile matrix with method 'bin' and step 0.853 ... OK
Create profile matrix with method 'bin' and step 0.853 ... OK
Processing 74856 mz slices ... OK
Create profile matrix with method 'bin' and step 0.853 ... OK
Create profile matrix with method 'bin' and step 0.853 ... OK
Create profile matrix with method 'bin' and step 0.853 ... OK
Create profile matrix with method 'bin' and step 0.853 ... OK
Create profile matrix with method 'bin' and step 0.853 ... OK
Create profile matrix with method 'bin' and step 0.853 ... OK
Create profile matrix with method 'bin' and step 0.853 ... OK
Create profile matrix with method 'bin' and step 0.853 ... OK
Processing 124758 mz slices ... OK
Create profile matrix with method 'bin' and step 0.853 ... OK
Create profile matrix with method 'bin' and step 0.853 ... OK
Create profile matrix with method 'bin' and step 0.853 ... OK
Create profile matrix with method 'bin' and step 0.853 ... OK
Create profile matrix with method 'bin' and step 0.853 ... OK
Create profile matrix with method 'bin' and step 0.853 ... OK
Create profile matrix with method 'bin' and step 0.853 ... OK
Create profile matrix with method 'bin' and step 0.853 ... OK
Processing 53469 mz slices ... OK
Create profile matrix with method 'bin' and step 0.853 ... OK
Create profile matrix with method 'bin' and step 0.853 ... OK
Create profile matrix with method 'bin' and step 0.853 ... OK
Create profile matrix with method 'bin' and step 0.853 ... OK
Create profile matrix with method 'bin' and step 0.853 ... OK
Create profile matrix with method 'bin' and step 0.853 ... OK
Create profile matrix with method 'bin' and step 0.853 ... OK
Create profile matrix with method 'bin' and step 0.853 ... OK
Processing 74856 mz slices ... OK
Create profile matrix with method 'bin' and step 0.853 ... OK
Create profile matrix with method 'bin' and step 0.853 ... OK
Create profile matrix with method 'bin' and step 0.853 ... OK
Create profile matrix with method 'bin' and step 0.853 ... OK
Create profile matrix with method 'bin' and step 0.853 ... OK
Create profile matrix with method 'bin' and step 0.853 ... OK
Create profile matrix with method 'bin' and step 0.853 ... OK
Create profile matrix with method 'bin' and step 0.853 ... OK
Processing 74856 mz slices ... OK
no increase stopping
library(xcms)
library(Rmpi)

xset <- xcmsSet( 
  method = "centWave",
  peakwidth       = c(16.48, 59.9),
  ppm             = 32,
  noise           = 500,
  snthresh        = 10,
  mzdiff          = 0.0045,
  prefilter       = c(3, 500),
  mzCenterFun     = "wMean",
  integrate       = 2,
  fitgauss        = FALSE,
  verbose.columns = TRUE)
xset <- retcor( 
  xset,
  method         = "obiwarp",
  plottype       = "none",
  distFunc       = "cor_opt",
  profStep       = 0.853,
  center         = 2,
  response       = 1,
  gapInit        = 0.64,
  gapExtend      = 2.4,
  factorDiag     = 2,
  factorGap      = 1,
  localAlignment = 0)
xset <- group( 
  xset,
  method  = "density",
  bw      = 12.4,
  mzwid   = 0.02,
  minfrac = 0.05,
  minsamp = 1,
  max     = 50)

xset <- fillPeaks(xset)
Warning message:
In sink() : no sink to remove
