xsAnnotate contains no pseudospectra. Regroup all peaks into one!
Generating peak matrix!
Run isotope peak annotation
 % finished: 100  
Found isotopes: 148 
xsAnnotate contains no pseudospectra. Regroup all peaks into one!
Generating peak matrix!
Run isotope peak annotation
 % finished: 100  
Found isotopes: 26 
xsAnnotate contains no pseudospectra. Regroup all peaks into one!
Generating peak matrix!
Run isotope peak annotation
 % finished: 100  
Found isotopes: 171 
xsAnnotate contains no pseudospectra. Regroup all peaks into one!
Generating peak matrix!
Run isotope peak annotation
 % finished: 100  
Found isotopes: 30 
xsAnnotate contains no pseudospectra. Regroup all peaks into one!
Generating peak matrix!
Run isotope peak annotation
 % finished: 100  
Found isotopes: 322 
xsAnnotate contains no pseudospectra. Regroup all peaks into one!
Generating peak matrix!
Run isotope peak annotation
 % finished: 100  
Found isotopes: 50 
xsAnnotate contains no pseudospectra. Regroup all peaks into one!
Generating peak matrix!
Run isotope peak annotation
 % finished: 100  
Found isotopes: 333 
xsAnnotate contains no pseudospectra. Regroup all peaks into one!
Generating peak matrix!
Run isotope peak annotation
 % finished: 100  
Found isotopes: 69 
xsAnnotate contains no pseudospectra. Regroup all peaks into one!
Generating peak matrix!
Run isotope peak annotation
 % finished: 100  
Found isotopes: 147 
xsAnnotate contains no pseudospectra. Regroup all peaks into one!
Generating peak matrix!
Run isotope peak annotation
 % finished: 100  
Found isotopes: 26 
xsAnnotate contains no pseudospectra. Regroup all peaks into one!
Generating peak matrix!
Run isotope peak annotation
 % finished: 100  
Found isotopes: 171 
xsAnnotate contains no pseudospectra. Regroup all peaks into one!
Generating peak matrix!
Run isotope peak annotation
 % finished: 100  
Found isotopes: 31 
xsAnnotate contains no pseudospectra. Regroup all peaks into one!
Generating peak matrix!
Run isotope peak annotation
 % finished: 100  
Found isotopes: 315 
xsAnnotate contains no pseudospectra. Regroup all peaks into one!
Generating peak matrix!
Run isotope peak annotation
 % finished: 100  
Found isotopes: 50 
xsAnnotate contains no pseudospectra. Regroup all peaks into one!
Generating peak matrix!
Run isotope peak annotation
 % finished: 100  
Found isotopes: 332 
xsAnnotate contains no pseudospectra. Regroup all peaks into one!
Generating peak matrix!
Run isotope peak annotation
 % finished: 100  
Found isotopes: 69 
xsAnnotate contains no pseudospectra. Regroup all peaks into one!
Generating peak matrix!
Run isotope peak annotation
 % finished: 100  
Found isotopes: 8 
xsAnnotate contains no pseudospectra. Regroup all peaks into one!
Generating peak matrix!
Run isotope peak annotation
 % finished: 100  
Found isotopes: 3 
xsAnnotate contains no pseudospectra. Regroup all peaks into one!
Generating peak matrix!
Run isotope peak annotation
 % finished: 100  
Found isotopes: 10 
xsAnnotate contains no pseudospectra. Regroup all peaks into one!
Generating peak matrix!
Run isotope peak annotation
 % finished: 100  
Found isotopes: 6 
xsAnnotate contains no pseudospectra. Regroup all peaks into one!
Generating peak matrix!
Run isotope peak annotation
 % finished: 100  
Found isotopes: 8 
xsAnnotate contains no pseudospectra. Regroup all peaks into one!
Generating peak matrix!
Run isotope peak annotation
 % finished: 100  
Found isotopes: 4 
xsAnnotate contains no pseudospectra. Regroup all peaks into one!
Generating peak matrix!
Run isotope peak annotation
 % finished: 100  
Found isotopes: 10 
xsAnnotate contains no pseudospectra. Regroup all peaks into one!
Generating peak matrix!
Run isotope peak annotation
 % finished: 100  
Found isotopes: 6 
xsAnnotate contains no pseudospectra. Regroup all peaks into one!
Generating peak matrix!
Run isotope peak annotation
 % finished: 100  
Found isotopes: 8 
xsAnnotate contains no pseudospectra. Regroup all peaks into one!
Generating peak matrix!
Run isotope peak annotation
 % finished: 100  
Found isotopes: 3 
xsAnnotate contains no pseudospectra. Regroup all peaks into one!
Generating peak matrix!
Run isotope peak annotation
 % finished: 100  
Found isotopes: 10 
xsAnnotate contains no pseudospectra. Regroup all peaks into one!
Generating peak matrix!
Run isotope peak annotation
 % finished: 100  
Found isotopes: 6 
xsAnnotate contains no pseudospectra. Regroup all peaks into one!
Generating peak matrix!
Run isotope peak annotation
 % finished: 100  
Found isotopes: 8 
xsAnnotate contains no pseudospectra. Regroup all peaks into one!
Generating peak matrix!
Run isotope peak annotation
 % finished: 100  
Found isotopes: 4 
xsAnnotate contains no pseudospectra. Regroup all peaks into one!
Generating peak matrix!
Run isotope peak annotation
 % finished: 100  
Found isotopes: 10 
xsAnnotate contains no pseudospectra. Regroup all peaks into one!
Generating peak matrix!
Run isotope peak annotation
 % finished: 100  
Found isotopes: 6 
xsAnnotate contains no pseudospectra. Regroup all peaks into one!
Generating peak matrix!
Run isotope peak annotation
 % finished: 100  
Found isotopes: 21 
xsAnnotate contains no pseudospectra. Regroup all peaks into one!
Generating peak matrix!
Run isotope peak annotation
 % finished: 100  
Found isotopes: 6 
xsAnnotate contains no pseudospectra. Regroup all peaks into one!
Generating peak matrix!
Run isotope peak annotation
 % finished: 100  
Found isotopes: 24 
xsAnnotate contains no pseudospectra. Regroup all peaks into one!
Generating peak matrix!
Run isotope peak annotation
 % finished: 100  
Found isotopes: 7 
xsAnnotate contains no pseudospectra. Regroup all peaks into one!
Generating peak matrix!
Run isotope peak annotation
 % finished: 100  
Found isotopes: 27 
xsAnnotate contains no pseudospectra. Regroup all peaks into one!
Generating peak matrix!
Run isotope peak annotation
 % finished: 100  
Found isotopes: 9 
xsAnnotate contains no pseudospectra. Regroup all peaks into one!
Generating peak matrix!
Run isotope peak annotation
 % finished: 100  
Found isotopes: 32 
xsAnnotate contains no pseudospectra. Regroup all peaks into one!
Generating peak matrix!
Run isotope peak annotation
 % finished: 100  
Found isotopes: 11 
xsAnnotate contains no pseudospectra. Regroup all peaks into one!
Generating peak matrix!
Run isotope peak annotation
 % finished: 100  
Found isotopes: 21 
xsAnnotate contains no pseudospectra. Regroup all peaks into one!
Generating peak matrix!
Run isotope peak annotation
 % finished: 100  
Found isotopes: 6 
xsAnnotate contains no pseudospectra. Regroup all peaks into one!
Generating peak matrix!
Run isotope peak annotation
 % finished: 100  
Found isotopes: 24 
xsAnnotate contains no pseudospectra. Regroup all peaks into one!
Generating peak matrix!
Run isotope peak annotation
 % finished: 100  
Found isotopes: 7 
xsAnnotate contains no pseudospectra. Regroup all peaks into one!
Generating peak matrix!
Run isotope peak annotation
 % finished: 100  
Found isotopes: 27 
xsAnnotate contains no pseudospectra. Regroup all peaks into one!
Generating peak matrix!
Run isotope peak annotation
 % finished: 100  
Found isotopes: 9 
xsAnnotate contains no pseudospectra. Regroup all peaks into one!
Generating peak matrix!
Run isotope peak annotation
 % finished: 100  
Found isotopes: 33 
xsAnnotate contains no pseudospectra. Regroup all peaks into one!
Generating peak matrix!
Run isotope peak annotation
 % finished: 100  
Found isotopes: 11 
xsAnnotate contains no pseudospectra. Regroup all peaks into one!
Generating peak matrix!
Run isotope peak annotation
 % finished: 100  
Found isotopes: 8 
xsAnnotate contains no pseudospectra. Regroup all peaks into one!
Generating peak matrix!
Run isotope peak annotation
 % finished: 100  
Found isotopes: 3 
xsAnnotate contains no pseudospectra. Regroup all peaks into one!
Generating peak matrix!
Run isotope peak annotation
 % finished: 100  
Found isotopes: 10 
xsAnnotate contains no pseudospectra. Regroup all peaks into one!
Generating peak matrix!
Run isotope peak annotation
 % finished: 100  
Found isotopes: 6 
xsAnnotate contains no pseudospectra. Regroup all peaks into one!
Generating peak matrix!
Run isotope peak annotation
 % finished: 100  
Found isotopes: 8 
xsAnnotate contains no pseudospectra. Regroup all peaks into one!
Generating peak matrix!
Run isotope peak annotation
 % finished: 100  
Found isotopes: 4 
xsAnnotate contains no pseudospectra. Regroup all peaks into one!
Generating peak matrix!
Run isotope peak annotation
 % finished: 100  
Found isotopes: 10 
xsAnnotate contains no pseudospectra. Regroup all peaks into one!
Generating peak matrix!
Run isotope peak annotation
 % finished: 100  
Found isotopes: 6 
xsAnnotate contains no pseudospectra. Regroup all peaks into one!
Generating peak matrix!
Run isotope peak annotation
 % finished: 100  
Found isotopes: 8 
xsAnnotate contains no pseudospectra. Regroup all peaks into one!
Generating peak matrix!
Run isotope peak annotation
 % finished: 100  
Found isotopes: 3 
xsAnnotate contains no pseudospectra. Regroup all peaks into one!
Generating peak matrix!
Run isotope peak annotation
 % finished: 100  
Found isotopes: 10 
xsAnnotate contains no pseudospectra. Regroup all peaks into one!
Generating peak matrix!
Run isotope peak annotation
 % finished: 100  
Found isotopes: 6 
xsAnnotate contains no pseudospectra. Regroup all peaks into one!
Generating peak matrix!
Run isotope peak annotation
 % finished: 100  
Found isotopes: 8 
xsAnnotate contains no pseudospectra. Regroup all peaks into one!
Generating peak matrix!
Run isotope peak annotation
 % finished: 100  
Found isotopes: 4 
xsAnnotate contains no pseudospectra. Regroup all peaks into one!
Generating peak matrix!
Run isotope peak annotation
 % finished: 100  
Found isotopes: 10 
xsAnnotate contains no pseudospectra. Regroup all peaks into one!
Generating peak matrix!
Run isotope peak annotation
 % finished: 100  
Found isotopes: 6 
xsAnnotate contains no pseudospectra. Regroup all peaks into one!
Generating peak matrix!
Run isotope peak annotation
 % finished: 100  
Found isotopes: 12 
xsAnnotate contains no pseudospectra. Regroup all peaks into one!
Generating peak matrix!
Run isotope peak annotation
 % finished: 100  
Found isotopes: 14 
xsAnnotate contains no pseudospectra. Regroup all peaks into one!
Generating peak matrix!
Run isotope peak annotation
 % finished: 100  
Found isotopes: 4 
xsAnnotate contains no pseudospectra. Regroup all peaks into one!
Generating peak matrix!
Run isotope peak annotation
 % finished: 100  
Found isotopes: 7 
xsAnnotate contains no pseudospectra. Regroup all peaks into one!
Generating peak matrix!
Run isotope peak annotation
 % finished: 100  
Found isotopes: 12 
xsAnnotate contains no pseudospectra. Regroup all peaks into one!
Generating peak matrix!
Run isotope peak annotation
 % finished: 100  
Found isotopes: 11 
xsAnnotate contains no pseudospectra. Regroup all peaks into one!
Generating peak matrix!
Run isotope peak annotation
 % finished: 100  
Found isotopes: 12 
xsAnnotate contains no pseudospectra. Regroup all peaks into one!
Generating peak matrix!
Run isotope peak annotation
 % finished: 100  
Found isotopes: 12 
xsAnnotate contains no pseudospectra. Regroup all peaks into one!
Generating peak matrix!
Run isotope peak annotation
 % finished: 100  
Found isotopes: 12 
xsAnnotate contains no pseudospectra. Regroup all peaks into one!
Generating peak matrix!
Run isotope peak annotation
 % finished: 100  
Found isotopes: 26 
xsAnnotate contains no pseudospectra. Regroup all peaks into one!
Generating peak matrix!
Run isotope peak annotation
 % finished: 100  
Found isotopes: 7 
xsAnnotate contains no pseudospectra. Regroup all peaks into one!
Generating peak matrix!
Run isotope peak annotation
 % finished: 100  
Found isotopes: 12 
xsAnnotate contains no pseudospectra. Regroup all peaks into one!
Generating peak matrix!
Run isotope peak annotation
 % finished: 100  
Found isotopes: 12 
xsAnnotate contains no pseudospectra. Regroup all peaks into one!
Generating peak matrix!
Run isotope peak annotation
 % finished: 100  
Found isotopes: 12 
xsAnnotate contains no pseudospectra. Regroup all peaks into one!
Generating peak matrix!
Run isotope peak annotation
 % finished: 100  
Found isotopes: 323 
xsAnnotate contains no pseudospectra. Regroup all peaks into one!
Generating peak matrix!
Run isotope peak annotation
 % finished: 100  
Found isotopes: 586 
xsAnnotate contains no pseudospectra. Regroup all peaks into one!
Generating peak matrix!
Run isotope peak annotation
 % finished: 100  
Found isotopes: 63 
xsAnnotate contains no pseudospectra. Regroup all peaks into one!
Generating peak matrix!
Run isotope peak annotation
 % finished: 100  
Found isotopes: 639 
xsAnnotate contains no pseudospectra. Regroup all peaks into one!
Generating peak matrix!
Run isotope peak annotation
 % finished: 100  
Found isotopes: 88 
xsAnnotate contains no pseudospectra. Regroup all peaks into one!
Generating peak matrix!
Run isotope peak annotation
 % finished: 100  
Found isotopes: 808 
xsAnnotate contains no pseudospectra. Regroup all peaks into one!
Generating peak matrix!
Run isotope peak annotation
 % finished: 100  
Found isotopes: 98 
xsAnnotate contains no pseudospectra. Regroup all peaks into one!
Generating peak matrix!
Run isotope peak annotation
 % finished: 100  
Found isotopes: 869 
xsAnnotate contains no pseudospectra. Regroup all peaks into one!
Generating peak matrix!
Run isotope peak annotation
 % finished: 100  
Found isotopes: 128 
xsAnnotate contains no pseudospectra. Regroup all peaks into one!
Generating peak matrix!
Run isotope peak annotation
 % finished: 100  
Found isotopes: 595 
xsAnnotate contains no pseudospectra. Regroup all peaks into one!
Generating peak matrix!
Run isotope peak annotation
 % finished: 100  
Found isotopes: 63 
xsAnnotate contains no pseudospectra. Regroup all peaks into one!
Generating peak matrix!
Run isotope peak annotation
 % finished: 100  
Found isotopes: 641 
xsAnnotate contains no pseudospectra. Regroup all peaks into one!
Generating peak matrix!
Run isotope peak annotation
 % finished: 100  
Found isotopes: 88 
xsAnnotate contains no pseudospectra. Regroup all peaks into one!
Generating peak matrix!
Run isotope peak annotation
 % finished: 100  
Found isotopes: 803 
xsAnnotate contains no pseudospectra. Regroup all peaks into one!
Generating peak matrix!
Run isotope peak annotation
 % finished: 100  
Found isotopes: 94 
xsAnnotate contains no pseudospectra. Regroup all peaks into one!
Generating peak matrix!
Run isotope peak annotation
 % finished: 100  
Found isotopes: 858 
xsAnnotate contains no pseudospectra. Regroup all peaks into one!
Generating peak matrix!
Run isotope peak annotation
 % finished: 100  
Found isotopes: 129 
xsAnnotate contains no pseudospectra. Regroup all peaks into one!
Generating peak matrix!
Run isotope peak annotation
 % finished: 100  
Found isotopes: 18 
xsAnnotate contains no pseudospectra. Regroup all peaks into one!
Generating peak matrix!
Run isotope peak annotation
 % finished: 100  
Found isotopes: 4 
xsAnnotate contains no pseudospectra. Regroup all peaks into one!
Generating peak matrix!
Run isotope peak annotation
 % finished: 100  
Found isotopes: 20 
xsAnnotate contains no pseudospectra. Regroup all peaks into one!
Generating peak matrix!
Run isotope peak annotation
 % finished: 100  
Found isotopes: 7 
xsAnnotate contains no pseudospectra. Regroup all peaks into one!
Generating peak matrix!
Run isotope peak annotation
 % finished: 100  
Found isotopes: 18 
xsAnnotate contains no pseudospectra. Regroup all peaks into one!
Generating peak matrix!
Run isotope peak annotation
 % finished: 100  
Found isotopes: 4 
xsAnnotate contains no pseudospectra. Regroup all peaks into one!
Generating peak matrix!
Run isotope peak annotation
 % finished: 100  
Found isotopes: 20 
xsAnnotate contains no pseudospectra. Regroup all peaks into one!
Generating peak matrix!
Run isotope peak annotation
 % finished: 100  
Found isotopes: 7 
xsAnnotate contains no pseudospectra. Regroup all peaks into one!
Generating peak matrix!
Run isotope peak annotation
 % finished: 100  
Found isotopes: 18 
xsAnnotate contains no pseudospectra. Regroup all peaks into one!
Generating peak matrix!
Run isotope peak annotation
 % finished: 100  
Found isotopes: 4 
xsAnnotate contains no pseudospectra. Regroup all peaks into one!
Generating peak matrix!
Run isotope peak annotation
 % finished: 100  
Found isotopes: 20 
xsAnnotate contains no pseudospectra. Regroup all peaks into one!
Generating peak matrix!
Run isotope peak annotation
 % finished: 100  
Found isotopes: 7 
xsAnnotate contains no pseudospectra. Regroup all peaks into one!
Generating peak matrix!
Run isotope peak annotation
 % finished: 100  
Found isotopes: 18 
xsAnnotate contains no pseudospectra. Regroup all peaks into one!
Generating peak matrix!
Run isotope peak annotation
 % finished: 100  
Found isotopes: 4 
xsAnnotate contains no pseudospectra. Regroup all peaks into one!
Generating peak matrix!
Run isotope peak annotation
 % finished: 100  
Found isotopes: 20 
xsAnnotate contains no pseudospectra. Regroup all peaks into one!
Generating peak matrix!
Run isotope peak annotation
 % finished: 100  
Found isotopes: 7 
xsAnnotate contains no pseudospectra. Regroup all peaks into one!
Generating peak matrix!
Run isotope peak annotation
 % finished: 100  
Found isotopes: 32 
xsAnnotate contains no pseudospectra. Regroup all peaks into one!
Generating peak matrix!
Run isotope peak annotation
 % finished: 100  
Found isotopes: 14 
xsAnnotate contains no pseudospectra. Regroup all peaks into one!
Generating peak matrix!
Run isotope peak annotation
 % finished: 100  
Found isotopes: 32 
xsAnnotate contains no pseudospectra. Regroup all peaks into one!
Generating peak matrix!
Run isotope peak annotation
 % finished: 100  
Found isotopes: 15 
xsAnnotate contains no pseudospectra. Regroup all peaks into one!
Generating peak matrix!
Run isotope peak annotation
 % finished: 100  
Found isotopes: 31 
xsAnnotate contains no pseudospectra. Regroup all peaks into one!
Generating peak matrix!
Run isotope peak annotation
 % finished: 100  
Found isotopes: 15 
xsAnnotate contains no pseudospectra. Regroup all peaks into one!
Generating peak matrix!
Run isotope peak annotation
 % finished: 100  
Found isotopes: 32 
xsAnnotate contains no pseudospectra. Regroup all peaks into one!
Generating peak matrix!
Run isotope peak annotation
 % finished: 100  
Found isotopes: 17 
xsAnnotate contains no pseudospectra. Regroup all peaks into one!
Generating peak matrix!
Run isotope peak annotation
 % finished: 100  
Found isotopes: 32 
xsAnnotate contains no pseudospectra. Regroup all peaks into one!
Generating peak matrix!
Run isotope peak annotation
 % finished: 100  
Found isotopes: 14 
xsAnnotate contains no pseudospectra. Regroup all peaks into one!
Generating peak matrix!
Run isotope peak annotation
 % finished: 100  
Found isotopes: 31 
xsAnnotate contains no pseudospectra. Regroup all peaks into one!
Generating peak matrix!
Run isotope peak annotation
 % finished: 100  
Found isotopes: 15 
xsAnnotate contains no pseudospectra. Regroup all peaks into one!
Generating peak matrix!
Run isotope peak annotation
 % finished: 100  
Found isotopes: 31 
xsAnnotate contains no pseudospectra. Regroup all peaks into one!
Generating peak matrix!
Run isotope peak annotation
 % finished: 100  
Found isotopes: 15 
xsAnnotate contains no pseudospectra. Regroup all peaks into one!
Generating peak matrix!
Run isotope peak annotation
 % finished: 100  
Found isotopes: 31 
xsAnnotate contains no pseudospectra. Regroup all peaks into one!
Generating peak matrix!
Run isotope peak annotation
 % finished: 100  
Found isotopes: 17 
xsAnnotate contains no pseudospectra. Regroup all peaks into one!
Generating peak matrix!
Run isotope peak annotation
 % finished: 100  
Found isotopes: 18 
xsAnnotate contains no pseudospectra. Regroup all peaks into one!
Generating peak matrix!
Run isotope peak annotation
 % finished: 100  
Found isotopes: 4 
xsAnnotate contains no pseudospectra. Regroup all peaks into one!
Generating peak matrix!
Run isotope peak annotation
 % finished: 100  
Found isotopes: 20 
xsAnnotate contains no pseudospectra. Regroup all peaks into one!
Generating peak matrix!
Run isotope peak annotation
 % finished: 100  
Found isotopes: 7 
xsAnnotate contains no pseudospectra. Regroup all peaks into one!
Generating peak matrix!
Run isotope peak annotation
 % finished: 100  
Found isotopes: 18 
xsAnnotate contains no pseudospectra. Regroup all peaks into one!
Generating peak matrix!
Run isotope peak annotation
 % finished: 100  
Found isotopes: 4 
xsAnnotate contains no pseudospectra. Regroup all peaks into one!
Generating peak matrix!
Run isotope peak annotation
 % finished: 100  
Found isotopes: 20 
xsAnnotate contains no pseudospectra. Regroup all peaks into one!
Generating peak matrix!
Run isotope peak annotation
 % finished: 100  
Found isotopes: 7 
xsAnnotate contains no pseudospectra. Regroup all peaks into one!
Generating peak matrix!
Run isotope peak annotation
 % finished: 100  
Found isotopes: 18 
xsAnnotate contains no pseudospectra. Regroup all peaks into one!
Generating peak matrix!
Run isotope peak annotation
 % finished: 100  
Found isotopes: 4 
xsAnnotate contains no pseudospectra. Regroup all peaks into one!
Generating peak matrix!
Run isotope peak annotation
 % finished: 100  
Found isotopes: 20 
xsAnnotate contains no pseudospectra. Regroup all peaks into one!
Generating peak matrix!
Run isotope peak annotation
 % finished: 100  
Found isotopes: 7 
xsAnnotate contains no pseudospectra. Regroup all peaks into one!
Generating peak matrix!
Run isotope peak annotation
 % finished: 100  
Found isotopes: 18 
xsAnnotate contains no pseudospectra. Regroup all peaks into one!
Generating peak matrix!
Run isotope peak annotation
 % finished: 100  
Found isotopes: 4 
xsAnnotate contains no pseudospectra. Regroup all peaks into one!
Generating peak matrix!
Run isotope peak annotation
 % finished: 100  
Found isotopes: 20 
xsAnnotate contains no pseudospectra. Regroup all peaks into one!
Generating peak matrix!
Run isotope peak annotation
 % finished: 100  
Found isotopes: 7 
xsAnnotate contains no pseudospectra. Regroup all peaks into one!
Generating peak matrix!
Run isotope peak annotation
 % finished: 100  
Found isotopes: 14 
xsAnnotate contains no pseudospectra. Regroup all peaks into one!
Generating peak matrix!
Run isotope peak annotation
 % finished: 100  
Found isotopes: 42 
xsAnnotate contains no pseudospectra. Regroup all peaks into one!
Generating peak matrix!
Run isotope peak annotation
 % finished: 100  
Found isotopes: 8 
xsAnnotate contains no pseudospectra. Regroup all peaks into one!
Generating peak matrix!
Run isotope peak annotation
 % finished: 100  
Found isotopes: 14 
xsAnnotate contains no pseudospectra. Regroup all peaks into one!
Generating peak matrix!
Run isotope peak annotation
 % finished: 100  
Found isotopes: 14 
xsAnnotate contains no pseudospectra. Regroup all peaks into one!
Generating peak matrix!
Run isotope peak annotation
 % finished: 100  
Found isotopes: 14 
xsAnnotate contains no pseudospectra. Regroup all peaks into one!
Generating peak matrix!
Run isotope peak annotation
 % finished: 100  
Found isotopes: 14 
xsAnnotate contains no pseudospectra. Regroup all peaks into one!
Generating peak matrix!
Run isotope peak annotation
 % finished: 100  
Found isotopes: 14 
xsAnnotate contains no pseudospectra. Regroup all peaks into one!
Generating peak matrix!
Run isotope peak annotation
 % finished: 100  
Found isotopes: 14 
xsAnnotate contains no pseudospectra. Regroup all peaks into one!
Generating peak matrix!
Run isotope peak annotation
 % finished: 100  
Found isotopes: 60 
xsAnnotate contains no pseudospectra. Regroup all peaks into one!
Generating peak matrix!
Run isotope peak annotation
 % finished: 100  
Found isotopes: 10 
xsAnnotate contains no pseudospectra. Regroup all peaks into one!
Generating peak matrix!
Run isotope peak annotation
 % finished: 100  
Found isotopes: 14 
xsAnnotate contains no pseudospectra. Regroup all peaks into one!
Generating peak matrix!
Run isotope peak annotation
 % finished: 100  
Found isotopes: 14 
xsAnnotate contains no pseudospectra. Regroup all peaks into one!
Generating peak matrix!
Run isotope peak annotation
 % finished: 100  
Found isotopes: 14 
xsAnnotate contains no pseudospectra. Regroup all peaks into one!
Generating peak matrix!
Run isotope peak annotation
 % finished: 100  
Found isotopes: 858 
xsAnnotate contains no pseudospectra. Regroup all peaks into one!
Generating peak matrix!
Run isotope peak annotation
 % finished: 100  
Found isotopes: 713 
xsAnnotate contains no pseudospectra. Regroup all peaks into one!
Generating peak matrix!
Run isotope peak annotation
 % finished: 100  
Found isotopes: 123 
xsAnnotate contains no pseudospectra. Regroup all peaks into one!
Generating peak matrix!
Run isotope peak annotation
 % finished: 100  
Found isotopes: 758 
xsAnnotate contains no pseudospectra. Regroup all peaks into one!
Generating peak matrix!
Run isotope peak annotation
 % finished: 100  
Found isotopes: 123 
xsAnnotate contains no pseudospectra. Regroup all peaks into one!
Generating peak matrix!
Run isotope peak annotation
 % finished: 100  
Found isotopes: 884 
xsAnnotate contains no pseudospectra. Regroup all peaks into one!
Generating peak matrix!
Run isotope peak annotation
 % finished: 100  
Found isotopes: 156 
xsAnnotate contains no pseudospectra. Regroup all peaks into one!
Generating peak matrix!
Run isotope peak annotation
 % finished: 100  
Found isotopes: 923 
xsAnnotate contains no pseudospectra. Regroup all peaks into one!
Generating peak matrix!
Run isotope peak annotation
 % finished: 100  
Found isotopes: 169 
xsAnnotate contains no pseudospectra. Regroup all peaks into one!
Generating peak matrix!
Run isotope peak annotation
 % finished: 100  
Found isotopes: 701 
xsAnnotate contains no pseudospectra. Regroup all peaks into one!
Generating peak matrix!
Run isotope peak annotation
 % finished: 100  
Found isotopes: 122 
xsAnnotate contains no pseudospectra. Regroup all peaks into one!
Generating peak matrix!
Run isotope peak annotation
 % finished: 100  
Found isotopes: 752 
xsAnnotate contains no pseudospectra. Regroup all peaks into one!
Generating peak matrix!
Run isotope peak annotation
 % finished: 100  
Found isotopes: 121 
xsAnnotate contains no pseudospectra. Regroup all peaks into one!
Generating peak matrix!
Run isotope peak annotation
 % finished: 100  
Found isotopes: 888 
xsAnnotate contains no pseudospectra. Regroup all peaks into one!
Generating peak matrix!
Run isotope peak annotation
 % finished: 100  
Found isotopes: 156 
xsAnnotate contains no pseudospectra. Regroup all peaks into one!
Generating peak matrix!
Run isotope peak annotation
 % finished: 100  
Found isotopes: 916 
xsAnnotate contains no pseudospectra. Regroup all peaks into one!
Generating peak matrix!
Run isotope peak annotation
 % finished: 100  
Found isotopes: 170 
xsAnnotate contains no pseudospectra. Regroup all peaks into one!
Generating peak matrix!
Run isotope peak annotation
 % finished: 100  
Found isotopes: 24 
xsAnnotate contains no pseudospectra. Regroup all peaks into one!
Generating peak matrix!
Run isotope peak annotation
 % finished: 100  
Found isotopes: 8 
xsAnnotate contains no pseudospectra. Regroup all peaks into one!
Generating peak matrix!
Run isotope peak annotation
 % finished: 100  
Found isotopes: 26 
xsAnnotate contains no pseudospectra. Regroup all peaks into one!
Generating peak matrix!
Run isotope peak annotation
 % finished: 100  
Found isotopes: 8 
xsAnnotate contains no pseudospectra. Regroup all peaks into one!
Generating peak matrix!
Run isotope peak annotation
 % finished: 100  
Found isotopes: 24 
xsAnnotate contains no pseudospectra. Regroup all peaks into one!
Generating peak matrix!
Run isotope peak annotation
 % finished: 100  
Found isotopes: 8 
xsAnnotate contains no pseudospectra. Regroup all peaks into one!
Generating peak matrix!
Run isotope peak annotation
 % finished: 100  
Found isotopes: 26 
xsAnnotate contains no pseudospectra. Regroup all peaks into one!
Generating peak matrix!
Run isotope peak annotation
 % finished: 100  
Found isotopes: 8 
xsAnnotate contains no pseudospectra. Regroup all peaks into one!
Generating peak matrix!
Run isotope peak annotation
 % finished: 100  
Found isotopes: 24 
xsAnnotate contains no pseudospectra. Regroup all peaks into one!
Generating peak matrix!
Run isotope peak annotation
 % finished: 100  
Found isotopes: 8 
27
Detecting mass traces at 32 ppm ... OK
Detecting chromatographic peaks in 159 regions of interest ...