xsAnnotate contains no pseudospectra. Regroup all peaks into one!
Generating peak matrix!
Run isotope peak annotation
 % finished: 100  
Found isotopes: 6 
xsAnnotate contains no pseudospectra. Regroup all peaks into one!
Generating peak matrix!
Run isotope peak annotation
 % finished: 100  
Found isotopes: 3 
xsAnnotate contains no pseudospectra. Regroup all peaks into one!
Generating peak matrix!
Run isotope peak annotation
 % finished: 100  
Found isotopes: 10 
xsAnnotate contains no pseudospectra. Regroup all peaks into one!
Generating peak matrix!
Run isotope peak annotation
 % finished: 100  
Found isotopes: 6 
xsAnnotate contains no pseudospectra. Regroup all peaks into one!
Generating peak matrix!
Run isotope peak annotation
 % finished: 100  
Found isotopes: 6 
xsAnnotate contains no pseudospectra. Regroup all peaks into one!
Generating peak matrix!
Run isotope peak annotation
 % finished: 100  
Found isotopes: 3 
xsAnnotate contains no pseudospectra. Regroup all peaks into one!
Generating peak matrix!
Run isotope peak annotation
 % finished: 100  
Found isotopes: 10 
xsAnnotate contains no pseudospectra. Regroup all peaks into one!
Generating peak matrix!
Run isotope peak annotation
 % finished: 100  
Found isotopes: 6 
xsAnnotate contains no pseudospectra. Regroup all peaks into one!
Generating peak matrix!
Run isotope peak annotation
 % finished: 100  
Found isotopes: 6 
xsAnnotate contains no pseudospectra. Regroup all peaks into one!
Generating peak matrix!
Run isotope peak annotation
 % finished: 100  
Found isotopes: 3 
xsAnnotate contains no pseudospectra. Regroup all peaks into one!
Generating peak matrix!
Run isotope peak annotation
 % finished: 100  
Found isotopes: 10 
xsAnnotate contains no pseudospectra. Regroup all peaks into one!
Generating peak matrix!
Run isotope peak annotation
 % finished: 100  
Found isotopes: 6 
xsAnnotate contains no pseudospectra. Regroup all peaks into one!
Generating peak matrix!
Run isotope peak annotation
 % finished: 100  
Found isotopes: 6 
xsAnnotate contains no pseudospectra. Regroup all peaks into one!
Generating peak matrix!
Run isotope peak annotation
 % finished: 100  
Found isotopes: 3 
xsAnnotate contains no pseudospectra. Regroup all peaks into one!
Generating peak matrix!
Run isotope peak annotation
 % finished: 100  
Found isotopes: 10 
xsAnnotate contains no pseudospectra. Regroup all peaks into one!
Generating peak matrix!
Run isotope peak annotation
 % finished: 100  
Found isotopes: 6 
xsAnnotate contains no pseudospectra. Regroup all peaks into one!
Generating peak matrix!
Run isotope peak annotation
 % finished: 100  
Found isotopes: 5 
xsAnnotate contains no pseudospectra. Regroup all peaks into one!
Generating peak matrix!
Run isotope peak annotation
 % finished: 100  
Found isotopes: 7 
xsAnnotate contains no pseudospectra. Regroup all peaks into one!
Generating peak matrix!
Run isotope peak annotation
 % finished: 100  
Found isotopes: 4 
xsAnnotate contains no pseudospectra. Regroup all peaks into one!
Generating peak matrix!
Run isotope peak annotation
 % finished: 100  
Found isotopes: 5 
xsAnnotate contains no pseudospectra. Regroup all peaks into one!
Generating peak matrix!
Run isotope peak annotation
 % finished: 100  
Found isotopes: 5 
xsAnnotate contains no pseudospectra. Regroup all peaks into one!
Generating peak matrix!
Run isotope peak annotation
 % finished: 100  
Found isotopes: 5 
xsAnnotate contains no pseudospectra. Regroup all peaks into one!
Generating peak matrix!
Run isotope peak annotation
 % finished: 100  
Found isotopes: 5 
xsAnnotate contains no pseudospectra. Regroup all peaks into one!
Generating peak matrix!
Run isotope peak annotation
 % finished: 100  
Found isotopes: 5 
xsAnnotate contains no pseudospectra. Regroup all peaks into one!
Generating peak matrix!
Run isotope peak annotation
 % finished: 100  
Found isotopes: 5 
xsAnnotate contains no pseudospectra. Regroup all peaks into one!
Generating peak matrix!
Run isotope peak annotation
 % finished: 100  
Found isotopes: 5 
xsAnnotate contains no pseudospectra. Regroup all peaks into one!
Generating peak matrix!
Run isotope peak annotation
 % finished: 100  
Found isotopes: 7 
xsAnnotate contains no pseudospectra. Regroup all peaks into one!
Generating peak matrix!
Run isotope peak annotation
 % finished: 100  
Found isotopes: 5 
xsAnnotate contains no pseudospectra. Regroup all peaks into one!
Generating peak matrix!
Run isotope peak annotation
 % finished: 100  
Found isotopes: 4 
xsAnnotate contains no pseudospectra. Regroup all peaks into one!
Generating peak matrix!
Run isotope peak annotation
 % finished: 100  
Found isotopes: 7 
xsAnnotate contains no pseudospectra. Regroup all peaks into one!
Generating peak matrix!
Run isotope peak annotation
 % finished: 100  
Found isotopes: 6 
xsAnnotate contains no pseudospectra. Regroup all peaks into one!
Generating peak matrix!
Run isotope peak annotation
 % finished: 100  
Found isotopes: 5 
xsAnnotate contains no pseudospectra. Regroup all peaks into one!
Generating peak matrix!
Run isotope peak annotation
 % finished: 100  
Found isotopes: 4 
xsAnnotate contains no pseudospectra. Regroup all peaks into one!
Generating peak matrix!
Run isotope peak annotation
 % finished: 100  
Found isotopes: 7 
xsAnnotate contains no pseudospectra. Regroup all peaks into one!
Generating peak matrix!
Run isotope peak annotation
 % finished: 100  
Found isotopes: 6 
xsAnnotate contains no pseudospectra. Regroup all peaks into one!
Generating peak matrix!
Run isotope peak annotation
 % finished: 100  
Found isotopes: 5 
xsAnnotate contains no pseudospectra. Regroup all peaks into one!
Generating peak matrix!
Run isotope peak annotation
 % finished: 100  
Found isotopes: 4 
xsAnnotate contains no pseudospectra. Regroup all peaks into one!
Generating peak matrix!
Run isotope peak annotation
 % finished: 100  
Found isotopes: 7 
xsAnnotate contains no pseudospectra. Regroup all peaks into one!
Generating peak matrix!
Run isotope peak annotation
 % finished: 100  
Found isotopes: 6 
xsAnnotate contains no pseudospectra. Regroup all peaks into one!
Generating peak matrix!
Run isotope peak annotation
 % finished: 100  
Found isotopes: 5 
xsAnnotate contains no pseudospectra. Regroup all peaks into one!
Generating peak matrix!
Run isotope peak annotation
 % finished: 100  
Found isotopes: 4 
xsAnnotate contains no pseudospectra. Regroup all peaks into one!
Generating peak matrix!
Run isotope peak annotation
 % finished: 100  
Found isotopes: 7 
xsAnnotate contains no pseudospectra. Regroup all peaks into one!
Generating peak matrix!
Run isotope peak annotation
 % finished: 100  
Found isotopes: 6 
xsAnnotate contains no pseudospectra. Regroup all peaks into one!
Generating peak matrix!
Run isotope peak annotation
 % finished: 100  
Found isotopes: 7 
xsAnnotate contains no pseudospectra. Regroup all peaks into one!
Generating peak matrix!
Run isotope peak annotation
 % finished: 100  
Found isotopes: 6 
xsAnnotate contains no pseudospectra. Regroup all peaks into one!
Generating peak matrix!
Run isotope peak annotation
 % finished: 100  
Found isotopes: 6 
xsAnnotate contains no pseudospectra. Regroup all peaks into one!
Generating peak matrix!
Run isotope peak annotation
 % finished: 100  
Found isotopes: 5 
xsAnnotate contains no pseudospectra. Regroup all peaks into one!
Generating peak matrix!
Run isotope peak annotation
 % finished: 100  
Found isotopes: 7 
xsAnnotate contains no pseudospectra. Regroup all peaks into one!
Generating peak matrix!
Run isotope peak annotation
 % finished: 100  
Found isotopes: 7 
xsAnnotate contains no pseudospectra. Regroup all peaks into one!
Generating peak matrix!
Run isotope peak annotation
 % finished: 100  
Found isotopes: 7 
xsAnnotate contains no pseudospectra. Regroup all peaks into one!
Generating peak matrix!
Run isotope peak annotation
 % finished: 100  
Found isotopes: 7 
xsAnnotate contains no pseudospectra. Regroup all peaks into one!
Generating peak matrix!
Run isotope peak annotation
 % finished: 100  
Found isotopes: 7 
xsAnnotate contains no pseudospectra. Regroup all peaks into one!
Generating peak matrix!
Run isotope peak annotation
 % finished: 100  
Found isotopes: 7 
xsAnnotate contains no pseudospectra. Regroup all peaks into one!
Generating peak matrix!
Run isotope peak annotation
 % finished: 100  
Found isotopes: 7 
center sample:  Exp2R_HCC_15_POS 
Processing: Exp2R_HCC_4_POS  Exp2R_HCC_8_POS  Exp2R_CRR_3_POS  Exp2F_HCC_5_POS  
center sample:  Exp2R_HCC_15_POS 
Processing: Exp2R_HCC_4_POS  Exp2R_HCC_8_POS  Exp2R_CRR_3_POS  Exp2F_HCC_5_POS  
center sample:  Exp2R_HCC_15_POS 
Processing: Exp2R_HCC_4_POS  Exp2R_HCC_8_POS  Exp2R_CRR_3_POS  Exp2F_HCC_5_POS  
center sample:  Exp2R_HCC_15_POS 
Processing: Exp2R_HCC_4_POS  Exp2R_HCC_8_POS  Exp2R_CRR_3_POS  Exp2F_HCC_5_POS  
center sample:  Exp2R_HCC_15_POS 
Processing: Exp2R_HCC_4_POS  Exp2R_HCC_8_POS  Exp2R_CRR_3_POS  Exp2F_HCC_5_POS  
center sample:  Exp2R_HCC_15_POS 
Processing: Exp2R_HCC_4_POS  Exp2R_HCC_8_POS  Exp2R_CRR_3_POS  Exp2F_HCC_5_POS  
center sample:  Exp2R_HCC_15_POS 
Processing: Exp2R_HCC_4_POS  Exp2R_HCC_8_POS  Exp2R_CRR_3_POS  Exp2F_HCC_5_POS  
center sample:  Exp2R_HCC_15_POS 
Processing: Exp2R_HCC_4_POS  Exp2R_HCC_8_POS  Exp2R_CRR_3_POS  Exp2F_HCC_5_POS  
center sample:  Exp2R_HCC_15_POS 
Processing: Exp2R_HCC_4_POS  Exp2R_HCC_8_POS  Exp2R_CRR_3_POS  Exp2F_HCC_5_POS  
center sample:  Exp2R_HCC_15_POS 
Processing: Exp2R_HCC_4_POS  Exp2R_HCC_8_POS  Exp2R_CRR_3_POS  Exp2F_HCC_5_POS  
center sample:  Exp2R_HCC_15_POS 
Processing: Exp2R_HCC_4_POS  Exp2R_HCC_8_POS  Exp2R_CRR_3_POS  Exp2F_HCC_5_POS  
center sample:  Exp2R_HCC_15_POS 
Processing: Exp2R_HCC_4_POS  Exp2R_HCC_8_POS  Exp2R_CRR_3_POS  Exp2F_HCC_5_POS  
center sample:  Exp2R_HCC_15_POS 
Processing: Exp2R_HCC_4_POS  Exp2R_HCC_8_POS  Exp2R_CRR_3_POS  Exp2F_HCC_5_POS  
center sample:  Exp2R_HCC_15_POS 
Processing: Exp2R_HCC_4_POS  Exp2R_HCC_8_POS  Exp2R_CRR_3_POS  Exp2F_HCC_5_POS  
center sample:  Exp2R_HCC_15_POS 
Processing: Exp2R_HCC_4_POS  Exp2R_HCC_8_POS  Exp2R_CRR_3_POS  Exp2F_HCC_5_POS  
center sample:  Exp2R_HCC_15_POS 
Processing: Exp2R_HCC_4_POS  Exp2R_HCC_8_POS  Exp2R_CRR_3_POS  Exp2F_HCC_5_POS  
center sample:  Exp2R_HCC_15_POS 
Processing: Exp2R_HCC_4_POS  Exp2R_HCC_8_POS  Exp2R_CRR_3_POS  Exp2F_HCC_5_POS  
center sample:  Exp2R_HCC_15_POS 
Processing: Exp2R_HCC_4_POS  Exp2R_HCC_8_POS  Exp2R_CRR_3_POS  Exp2F_HCC_5_POS  
center sample:  Exp2R_HCC_15_POS 
Processing: Exp2R_HCC_4_POS  Exp2R_HCC_8_POS  Exp2R_CRR_3_POS  Exp2F_HCC_5_POS  
center sample:  Exp2R_HCC_15_POS 
Processing: Exp2R_HCC_4_POS  Exp2R_HCC_8_POS  Exp2R_CRR_3_POS  Exp2F_HCC_5_POS  
center sample:  Exp2R_HCC_15_POS 
Processing: Exp2R_HCC_4_POS  Exp2R_HCC_8_POS  Exp2R_CRR_3_POS  Exp2F_HCC_5_POS  
center sample:  Exp2R_HCC_15_POS 
Processing: Exp2R_HCC_4_POS  Exp2R_HCC_8_POS  Exp2R_CRR_3_POS  Exp2F_HCC_5_POS  
center sample:  Exp2R_HCC_15_POS 
Processing: Exp2R_HCC_4_POS  Exp2R_HCC_8_POS  Exp2R_CRR_3_POS  Exp2F_HCC_5_POS  
center sample:  Exp2R_HCC_15_POS 
Processing: Exp2R_HCC_4_POS  Exp2R_HCC_8_POS  Exp2R_CRR_3_POS  Exp2F_HCC_5_POS  
center sample:  Exp2R_HCC_15_POS 
Processing: Exp2R_HCC_4_POS  Exp2R_HCC_8_POS  Exp2R_CRR_3_POS  Exp2F_HCC_5_POS  
center sample:  Exp2R_HCC_15_POS 
Processing: Exp2R_HCC_4_POS  Exp2R_HCC_8_POS  Exp2R_CRR_3_POS  Exp2F_HCC_5_POS  
center sample:  Exp2R_HCC_15_POS 
Processing: Exp2R_HCC_4_POS  Exp2R_HCC_8_POS  Exp2R_CRR_3_POS  Exp2F_HCC_5_POS  
center sample:  Exp2R_HCC_15_POS 
Processing: Exp2R_HCC_4_POS  Exp2R_HCC_8_POS  Exp2R_CRR_3_POS  Exp2F_HCC_5_POS  
center sample:  Exp2R_HCC_15_POS 
Processing: Exp2R_HCC_4_POS  Exp2R_HCC_8_POS  Exp2R_CRR_3_POS  Exp2F_HCC_5_POS  
center sample:  Exp2R_HCC_15_POS 
Processing: Exp2R_HCC_4_POS  Exp2R_HCC_8_POS  Exp2R_CRR_3_POS  Exp2F_HCC_5_POS  
center sample:  Exp2R_HCC_15_POS 
Processing: Exp2R_HCC_4_POS  Exp2R_HCC_8_POS  Exp2R_CRR_3_POS  Exp2F_HCC_5_POS  
center sample:  Exp2R_HCC_15_POS 
Processing: Exp2R_HCC_4_POS  Exp2R_HCC_8_POS  Exp2R_CRR_3_POS  Exp2F_HCC_5_POS  
center sample:  Exp2R_HCC_15_POS 
Processing: Exp2R_HCC_4_POS  Exp2R_HCC_8_POS  Exp2R_CRR_3_POS  Exp2F_HCC_5_POS  
center sample:  Exp2R_HCC_15_POS 
Processing: Exp2R_HCC_4_POS  Exp2R_HCC_8_POS  Exp2R_CRR_3_POS  Exp2F_HCC_5_POS  
center sample:  Exp2R_HCC_15_POS 
Processing: Exp2R_HCC_4_POS  Exp2R_HCC_8_POS  Exp2R_CRR_3_POS  Exp2F_HCC_5_POS  
center sample:  Exp2R_HCC_15_POS 
Processing: Exp2R_HCC_4_POS  Exp2R_HCC_8_POS  Exp2R_CRR_3_POS  Exp2F_HCC_5_POS  
center sample:  Exp2R_HCC_15_POS 
Processing: Exp2R_HCC_4_POS  Exp2R_HCC_8_POS  Exp2R_CRR_3_POS  Exp2F_HCC_5_POS  
center sample:  Exp2R_HCC_15_POS 
Processing: Exp2R_HCC_4_POS  Exp2R_HCC_8_POS  Exp2R_CRR_3_POS  Exp2F_HCC_5_POS  
center sample:  Exp2R_HCC_15_POS 
Processing: Exp2R_HCC_4_POS  Exp2R_HCC_8_POS  Exp2R_CRR_3_POS  Exp2F_HCC_5_POS  
center sample:  Exp2R_HCC_15_POS 
Processing: Exp2R_HCC_4_POS  Exp2R_HCC_8_POS  Exp2R_CRR_3_POS  Exp2F_HCC_5_POS  
center sample:  Exp2R_HCC_15_POS 
Processing: Exp2R_HCC_4_POS  Exp2R_HCC_8_POS  Exp2R_CRR_3_POS  Exp2F_HCC_5_POS  
center sample:  Exp2R_HCC_15_POS 
Processing: Exp2R_HCC_4_POS  Exp2R_HCC_8_POS  Exp2R_CRR_3_POS  Exp2F_HCC_5_POS  
center sample:  Exp2R_HCC_15_POS 
Processing: Exp2R_HCC_4_POS  Exp2R_HCC_8_POS  Exp2R_CRR_3_POS  Exp2F_HCC_5_POS  
center sample:  Exp2R_HCC_15_POS 
Processing: Exp2R_HCC_4_POS  Exp2R_HCC_8_POS  Exp2R_CRR_3_POS  Exp2F_HCC_5_POS  
center sample:  Exp2R_HCC_15_POS 
Processing: Exp2R_HCC_4_POS  Exp2R_HCC_8_POS  Exp2R_CRR_3_POS  Exp2F_HCC_5_POS  
center sample:  Exp2R_HCC_15_POS 
Processing: Exp2R_HCC_4_POS  Exp2R_HCC_8_POS  Exp2R_CRR_3_POS  Exp2F_HCC_5_POS  
center sample:  Exp2R_HCC_15_POS 
Processing: Exp2R_HCC_4_POS  Exp2R_HCC_8_POS  Exp2R_CRR_3_POS  Exp2F_HCC_5_POS  
center sample:  Exp2R_HCC_15_POS 
Processing: Exp2R_HCC_4_POS  Exp2R_HCC_8_POS  Exp2R_CRR_3_POS  Exp2F_HCC_5_POS  
center sample:  Exp2R_HCC_15_POS 
Processing: Exp2R_HCC_4_POS  Exp2R_HCC_8_POS  Exp2R_CRR_3_POS  Exp2F_HCC_5_POS  
center sample:  Exp2R_HCC_15_POS 
Processing: Exp2R_HCC_4_POS  Exp2R_HCC_8_POS  Exp2R_CRR_3_POS  Exp2F_HCC_5_POS  
center sample:  Exp2R_HCC_15_POS 
Processing: Exp2R_HCC_4_POS  Exp2R_HCC_8_POS  Exp2R_CRR_3_POS  Exp2F_HCC_5_POS  
center sample:  Exp2R_HCC_15_POS 
Processing: Exp2R_HCC_4_POS  Exp2R_HCC_8_POS  Exp2R_CRR_3_POS  Exp2F_HCC_5_POS  
center sample:  Exp2R_HCC_15_POS 
Processing: Exp2R_HCC_4_POS  Exp2R_HCC_8_POS  Exp2R_CRR_3_POS  Exp2F_HCC_5_POS  
center sample:  Exp2R_HCC_15_POS 
Processing: Exp2R_HCC_4_POS  Exp2R_HCC_8_POS  Exp2R_CRR_3_POS  Exp2F_HCC_5_POS  
center sample:  Exp2R_HCC_15_POS 
Processing: Exp2R_HCC_4_POS  Exp2R_HCC_8_POS  Exp2R_CRR_3_POS  Exp2F_HCC_5_POS  
center sample:  Exp2R_HCC_15_POS 
Processing: Exp2R_HCC_4_POS  Exp2R_HCC_8_POS  Exp2R_CRR_3_POS  Exp2F_HCC_5_POS  
center sample:  Exp2R_HCC_15_POS 
Processing: Exp2R_HCC_4_POS  Exp2R_HCC_8_POS  Exp2R_CRR_3_POS  Exp2F_HCC_5_POS  
center sample:  Exp2R_HCC_15_POS 
Processing: Exp2R_HCC_4_POS  Exp2R_HCC_8_POS  Exp2R_CRR_3_POS  Exp2F_HCC_5_POS  
center sample:  Exp2R_HCC_15_POS 
Processing: Exp2R_HCC_4_POS  Exp2R_HCC_8_POS  Exp2R_CRR_3_POS  Exp2F_HCC_5_POS  
center sample:  Exp2R_HCC_15_POS 
Processing: Exp2R_HCC_4_POS  Exp2R_HCC_8_POS  Exp2R_CRR_3_POS  Exp2F_HCC_5_POS  
center sample:  Exp2R_HCC_15_POS 
Processing: Exp2R_HCC_4_POS  Exp2R_HCC_8_POS  Exp2R_CRR_3_POS  Exp2F_HCC_5_POS  
center sample:  Exp2R_HCC_15_POS 
Processing: Exp2R_HCC_4_POS  Exp2R_HCC_8_POS  Exp2R_CRR_3_POS  Exp2F_HCC_5_POS  
center sample:  Exp2R_HCC_15_POS 
Processing: Exp2R_HCC_4_POS  Exp2R_HCC_8_POS  Exp2R_CRR_3_POS  Exp2F_HCC_5_POS  
center sample:  Exp2R_HCC_15_POS 
Processing: Exp2R_HCC_4_POS  Exp2R_HCC_8_POS  Exp2R_CRR_3_POS  Exp2F_HCC_5_POS  
center sample:  Exp2R_HCC_15_POS 
Processing: Exp2R_HCC_4_POS  Exp2R_HCC_8_POS  Exp2R_CRR_3_POS  Exp2F_HCC_5_POS  
center sample:  Exp2R_HCC_15_POS 
Processing: Exp2R_HCC_4_POS  Exp2R_HCC_8_POS  Exp2R_CRR_3_POS  Exp2F_HCC_5_POS  
center sample:  Exp2R_HCC_15_POS 
Processing: Exp2R_HCC_4_POS  Exp2R_HCC_8_POS  Exp2R_CRR_3_POS  Exp2F_HCC_5_POS  
center sample:  Exp2R_HCC_15_POS 
Processing: Exp2R_HCC_4_POS  Exp2R_HCC_8_POS  Exp2R_CRR_3_POS  Exp2F_HCC_5_POS  
center sample:  Exp2R_HCC_15_POS 
Processing: Exp2R_HCC_4_POS  Exp2R_HCC_8_POS  Exp2R_CRR_3_POS  Exp2F_HCC_5_POS  
center sample:  Exp2R_HCC_15_POS 
Processing: Exp2R_HCC_4_POS  Exp2R_HCC_8_POS  Exp2R_CRR_3_POS  Exp2F_HCC_5_POS  
center sample:  Exp2R_HCC_15_POS 
Processing: Exp2R_HCC_4_POS  Exp2R_HCC_8_POS  Exp2R_CRR_3_POS  Exp2F_HCC_5_POS  
center sample:  Exp2R_HCC_15_POS 
Processing: Exp2R_HCC_4_POS  Exp2R_HCC_8_POS  Exp2R_CRR_3_POS  Exp2F_HCC_5_POS  
center sample:  Exp2R_HCC_15_POS 
Processing: Exp2R_HCC_4_POS  Exp2R_HCC_8_POS  Exp2R_CRR_3_POS  Exp2F_HCC_5_POS  
center sample:  Exp2R_HCC_15_POS 
Processing: Exp2R_HCC_4_POS  Exp2R_HCC_8_POS  Exp2R_CRR_3_POS  Exp2F_HCC_5_POS  
center sample:  Exp2R_HCC_15_POS 
Processing: Exp2R_HCC_4_POS  Exp2R_HCC_8_POS  Exp2R_CRR_3_POS  Exp2F_HCC_5_POS  
center sample:  Exp2R_HCC_15_POS 
Processing: Exp2R_HCC_4_POS  Exp2R_HCC_8_POS  Exp2R_CRR_3_POS  Exp2F_HCC_5_POS  
center sample:  Exp2R_HCC_15_POS 
Processing: Exp2R_HCC_4_POS  Exp2R_HCC_8_POS  Exp2R_CRR_3_POS  Exp2F_HCC_5_POS  
center sample:  Exp2R_HCC_15_POS 
Processing: Exp2R_HCC_4_POS  Exp2R_HCC_8_POS  Exp2R_CRR_3_POS  Exp2F_HCC_5_POS  
center sample:  Exp2R_HCC_15_POS 
Processing: Exp2R_HCC_4_POS  Exp2R_HCC_8_POS  Exp2R_CRR_3_POS  Exp2F_HCC_5_POS  
center sample:  Exp2R_HCC_15_POS 
Processing: Exp2R_HCC_4_POS  Exp2R_HCC_8_POS  Exp2R_CRR_3_POS  Exp2F_HCC_5_POS  
center sample:  Exp2R_HCC_15_POS 
Processing: Exp2R_HCC_4_POS  Exp2R_HCC_8_POS  Exp2R_CRR_3_POS  Exp2F_HCC_5_POS  
center sample:  Exp2R_HCC_15_POS 
Processing: Exp2R_HCC_4_POS  Exp2R_HCC_8_POS  Exp2R_CRR_3_POS  Exp2F_HCC_5_POS  
center sample:  Exp2R_HCC_15_POS 
Processing: Exp2R_HCC_4_POS  Exp2R_HCC_8_POS  Exp2R_CRR_3_POS  Exp2F_HCC_5_POS  
center sample:  Exp2R_HCC_15_POS 
Processing: Exp2R_HCC_4_POS  Exp2R_HCC_8_POS  Exp2R_CRR_3_POS  Exp2F_HCC_5_POS  
center sample:  Exp2R_HCC_15_POS 
Processing: Exp2R_HCC_4_POS  Exp2R_HCC_8_POS  Exp2R_CRR_3_POS  Exp2F_HCC_5_POS  
center sample:  Exp2R_HCC_15_POS 
Processing: Exp2R_HCC_4_POS  Exp2R_HCC_8_POS  Exp2R_CRR_3_POS  Exp2F_HCC_5_POS  
center sample:  Exp2R_HCC_15_POS 
Processing: Exp2R_HCC_4_POS  Exp2R_HCC_8_POS  Exp2R_CRR_3_POS  Exp2F_HCC_5_POS  
center sample:  Exp2R_HCC_15_POS 
Processing: Exp2R_HCC_4_POS  Exp2R_HCC_8_POS  Exp2R_CRR_3_POS  Exp2F_HCC_5_POS  
center sample:  Exp2R_HCC_15_POS 
Processing: Exp2R_HCC_4_POS  Exp2R_HCC_8_POS  Exp2R_CRR_3_POS  Exp2F_HCC_5_POS  
center sample:  Exp2R_HCC_15_POS 
Processing: Exp2R_HCC_4_POS  Exp2R_HCC_8_POS  Exp2R_CRR_3_POS  Exp2F_HCC_5_POS  
center sample:  Exp2R_HCC_15_POS 
Processing: Exp2R_HCC_4_POS  Exp2R_HCC_8_POS  Exp2R_CRR_3_POS  Exp2F_HCC_5_POS  
center sample:  Exp2R_HCC_15_POS 
Processing: Exp2R_HCC_4_POS  Exp2R_HCC_8_POS  Exp2R_CRR_3_POS  Exp2F_HCC_5_POS  
center sample:  Exp2R_HCC_15_POS 
Processing: Exp2R_HCC_4_POS  Exp2R_HCC_8_POS  Exp2R_CRR_3_POS  Exp2F_HCC_5_POS  
center sample:  Exp2R_HCC_15_POS 
Processing: Exp2R_HCC_4_POS  Exp2R_HCC_8_POS  Exp2R_CRR_3_POS  Exp2F_HCC_5_POS  
center sample:  Exp2R_HCC_15_POS 
Processing: Exp2R_HCC_4_POS  Exp2R_HCC_8_POS  Exp2R_CRR_3_POS  Exp2F_HCC_5_POS  
center sample:  Exp2R_HCC_15_POS 
Processing: Exp2R_HCC_4_POS  Exp2R_HCC_8_POS  Exp2R_CRR_3_POS  Exp2F_HCC_5_POS  
center sample:  Exp2R_HCC_15_POS 
Processing: Exp2R_HCC_4_POS  Exp2R_HCC_8_POS  Exp2R_CRR_3_POS  Exp2F_HCC_5_POS  
center sample:  Exp2R_HCC_15_POS 
Processing: Exp2R_HCC_4_POS  Exp2R_HCC_8_POS  Exp2R_CRR_3_POS  Exp2F_HCC_5_POS  
center sample:  Exp2R_HCC_15_POS 
Processing: Exp2R_HCC_4_POS  Exp2R_HCC_8_POS  Exp2R_CRR_3_POS  Exp2F_HCC_5_POS  
center sample:  Exp2R_HCC_15_POS 
Processing: Exp2R_HCC_4_POS  Exp2R_HCC_8_POS  Exp2R_CRR_3_POS  Exp2F_HCC_5_POS  
center sample:  Exp2R_HCC_15_POS 
Processing: Exp2R_HCC_4_POS  Exp2R_HCC_8_POS  Exp2R_CRR_3_POS  Exp2F_HCC_5_POS  
center sample:  Exp2R_HCC_15_POS 
Processing: Exp2R_HCC_4_POS  Exp2R_HCC_8_POS  Exp2R_CRR_3_POS  Exp2F_HCC_5_POS  
center sample:  Exp2R_HCC_15_POS 
Processing: Exp2R_HCC_4_POS  Exp2R_HCC_8_POS  Exp2R_CRR_3_POS  Exp2F_HCC_5_POS  
center sample:  Exp2R_HCC_15_POS 
Processing: Exp2R_HCC_4_POS  Exp2R_HCC_8_POS  Exp2R_CRR_3_POS  Exp2F_HCC_5_POS  
center sample:  Exp2R_HCC_15_POS 
Processing: Exp2R_HCC_4_POS  Exp2R_HCC_8_POS  Exp2R_CRR_3_POS  Exp2F_HCC_5_POS  
center sample:  Exp2R_HCC_15_POS 
Processing: Exp2R_HCC_4_POS  Exp2R_HCC_8_POS  Exp2R_CRR_3_POS  Exp2F_HCC_5_POS  
center sample:  Exp2R_HCC_15_POS 
Processing: Exp2R_HCC_4_POS  Exp2R_HCC_8_POS  Exp2R_CRR_3_POS  Exp2F_HCC_5_POS  
center sample:  Exp2R_HCC_15_POS 
Processing: Exp2R_HCC_4_POS  Exp2R_HCC_8_POS  Exp2R_CRR_3_POS  Exp2F_HCC_5_POS  
center sample:  Exp2R_HCC_15_POS 
Processing: Exp2R_HCC_4_POS  Exp2R_HCC_8_POS  Exp2R_CRR_3_POS  Exp2F_HCC_5_POS  
center sample:  Exp2R_HCC_15_POS 
Processing: Exp2R_HCC_4_POS  Exp2R_HCC_8_POS  Exp2R_CRR_3_POS  Exp2F_HCC_5_POS  
center sample:  Exp2R_HCC_15_POS 
Processing: Exp2R_HCC_4_POS  Exp2R_HCC_8_POS  Exp2R_CRR_3_POS  Exp2F_HCC_5_POS  
center sample:  Exp2R_HCC_15_POS 
Processing: Exp2R_HCC_4_POS  Exp2R_HCC_8_POS  Exp2R_CRR_3_POS  Exp2F_HCC_5_POS  
center sample:  Exp2R_HCC_15_POS 
Processing: Exp2R_HCC_4_POS  Exp2R_HCC_8_POS  Exp2R_CRR_3_POS  Exp2F_HCC_5_POS  
center sample:  Exp2R_HCC_15_POS 
Processing: Exp2R_HCC_4_POS  Exp2R_HCC_8_POS  Exp2R_CRR_3_POS  Exp2F_HCC_5_POS  
center sample:  Exp2R_HCC_15_POS 
Processing: Exp2R_HCC_4_POS  Exp2R_HCC_8_POS  Exp2R_CRR_3_POS  Exp2F_HCC_5_POS  
center sample:  Exp2R_HCC_15_POS 
Processing: Exp2R_HCC_4_POS  Exp2R_HCC_8_POS  Exp2R_CRR_3_POS  Exp2F_HCC_5_POS  
center sample:  Exp2R_HCC_15_POS 
Processing: Exp2R_HCC_4_POS  Exp2R_HCC_8_POS  Exp2R_CRR_3_POS  Exp2F_HCC_5_POS  
center sample:  Exp2R_HCC_15_POS 
Processing: Exp2R_HCC_4_POS  Exp2R_HCC_8_POS  Exp2R_CRR_3_POS  Exp2F_HCC_5_POS  
center sample:  Exp2R_HCC_15_POS 
Processing: Exp2R_HCC_4_POS  Exp2R_HCC_8_POS  Exp2R_CRR_3_POS  Exp2F_HCC_5_POS  
center sample:  Exp2R_HCC_15_POS 
Processing: Exp2R_HCC_4_POS  Exp2R_HCC_8_POS  Exp2R_CRR_3_POS  Exp2F_HCC_5_POS  
center sample:  Exp2R_HCC_15_POS 
Processing: Exp2R_HCC_4_POS  Exp2R_HCC_8_POS  Exp2R_CRR_3_POS  Exp2F_HCC_5_POS  
center sample:  Exp2R_HCC_15_POS 
Processing: Exp2R_HCC_4_POS  Exp2R_HCC_8_POS  Exp2R_CRR_3_POS  Exp2F_HCC_5_POS  
center sample:  Exp2R_HCC_15_POS 
Processing: Exp2R_HCC_4_POS  Exp2R_HCC_8_POS  Exp2R_CRR_3_POS  Exp2F_HCC_5_POS  
center sample:  Exp2R_HCC_15_POS 
Processing: Exp2R_HCC_4_POS  Exp2R_HCC_8_POS  Exp2R_CRR_3_POS  Exp2F_HCC_5_POS  
center sample:  Exp2R_HCC_15_POS 
Processing: Exp2R_HCC_4_POS  Exp2R_HCC_8_POS  Exp2R_CRR_3_POS  Exp2F_HCC_5_POS  
center sample:  Exp2R_HCC_15_POS 
Processing: Exp2R_HCC_4_POS  Exp2R_HCC_8_POS  Exp2R_CRR_3_POS  Exp2F_HCC_5_POS  
center sample:  Exp2R_HCC_15_POS 
Processing: Exp2R_HCC_4_POS  Exp2R_HCC_8_POS  Exp2R_CRR_3_POS  Exp2F_HCC_5_POS  
center sample:  Exp2R_HCC_15_POS 
Processing: Exp2R_HCC_4_POS  Exp2R_HCC_8_POS  Exp2R_CRR_3_POS  Exp2F_HCC_5_POS  
center sample:  Exp2R_HCC_15_POS 
Processing: Exp2R_HCC_4_POS  Exp2R_HCC_8_POS  Exp2R_CRR_3_POS  Exp2F_HCC_5_POS  
center sample:  Exp2R_HCC_15_POS 
Processing: Exp2R_HCC_4_POS  Exp2R_HCC_8_POS  Exp2R_CRR_3_POS  Exp2F_HCC_5_POS  
center sample:  Exp2R_HCC_15_POS 
Processing: Exp2R_HCC_4_POS  Exp2R_HCC_8_POS  Exp2R_CRR_3_POS  Exp2F_HCC_5_POS  
center sample:  Exp2R_HCC_15_POS 
Processing: Exp2R_HCC_4_POS  Exp2R_HCC_8_POS  Exp2R_CRR_3_POS  Exp2F_HCC_5_POS  
center sample:  Exp2R_HCC_15_POS 
Processing: Exp2R_HCC_4_POS  Exp2R_HCC_8_POS  Exp2R_CRR_3_POS  Exp2F_HCC_5_POS  
center sample:  Exp2R_HCC_15_POS 
Processing: Exp2R_HCC_4_POS  Exp2R_HCC_8_POS  Exp2R_CRR_3_POS  Exp2F_HCC_5_POS  
center sample:  Exp2R_HCC_15_POS 
Processing: Exp2R_HCC_4_POS  Exp2R_HCC_8_POS  Exp2R_CRR_3_POS  Exp2F_HCC_5_POS  
 method 'bin' and step 0.85 ... OK
Processing 60046 mz slices ... OK
Create profile matrix with method 'bin' and step 0.85 ... OK
Create profile matrix with method 'bin' and step 0.85 ... OK
Create profile matrix with method 'bin' and step 0.85 ... OK
Create profile matrix with method 'bin' and step 0.85 ... OK
Create profile matrix with method 'bin' and step 0.85 ... OK
Create profile matrix with method 'bin' and step 0.85 ... OK
Create profile matrix with method 'bin' and step 0.85 ... OK
Create profile matrix with method 'bin' and step 0.85 ... OK
Processing 60046 mz slices ... OK
Create profile matrix with method 'bin' and step 0.85 ... OK
Create profile matrix with method 'bin' and step 0.85 ... OK
Create profile matrix with method 'bin' and step 0.85 ... OK
Create profile matrix with method 'bin' and step 0.85 ... OK
Create profile matrix with method 'bin' and step 0.85 ... OK
Create profile matrix with method 'bin' and step 0.85 ... OK
Create profile matrix with method 'bin' and step 0.85 ... OK
Create profile matrix with method 'bin' and step 0.85 ... OK
Processing 60046 mz slices ... OK
Create profile matrix with method 'bin' and step 0.85 ... OK
Create profile matrix with method 'bin' and step 0.85 ... OK
Create profile matrix with method 'bin' and step 0.85 ... OK
Create profile matrix with method 'bin' and step 0.85 ... OK
Create profile matrix with method 'bin' and step 0.85 ... OK
Create profile matrix with method 'bin' and step 0.85 ... OK
Create profile matrix with method 'bin' and step 0.85 ... OK
Create profile matrix with method 'bin' and step 0.85 ... OK
Processing 60046 mz slices ... OK
Create profile matrix with method 'bin' and step 0.85 ... OK
Create profile matrix with method 'bin' and step 0.85 ... OK
Create profile matrix with method 'bin' and step 0.85 ... OK
Create profile matrix with method 'bin' and step 0.85 ... OK
Create profile matrix with method 'bin' and step 0.85 ... OK
Create profile matrix with method 'bin' and step 0.85 ... OK
Create profile matrix with method 'bin' and step 0.85 ... OK
Create profile matrix with method 'bin' and step 0.85 ... OK
Processing 60046 mz slices ... OK
Create profile matrix with method 'bin' and step 0.7 ... OK
Create profile matrix with method 'bin' and step 0.7 ... OK
Create profile matrix with method 'bin' and step 0.7 ... OK
Create profile matrix with method 'bin' and step 0.7 ... OK
Create profile matrix with method 'bin' and step 0.7 ... OK
Create profile matrix with method 'bin' and step 0.7 ... OK
Create profile matrix with method 'bin' and step 0.7 ... OK
Create profile matrix with method 'bin' and step 0.7 ... OK
Processing 60046 mz slices ... OK
Create profile matrix with method 'bin' and step 1 ... OK
Create profile matrix with method 'bin' and step 1 ... OK
Create profile matrix with method 'bin' and step 1 ... OK
Create profile matrix with method 'bin' and step 1 ... OK
Create profile matrix with method 'bin' and step 1 ... OK
Processing 60046 mz slices ... OK
Create profile matrix with method 'bin' and step 0.85 ... OK
Create profile matrix with method 'bin' and step 0.85 ... OK
Create profile matrix with method 'bin' and step 0.85 ... OK
Create profile matrix with method 'bin' and step 0.85 ... OK
Create profile matrix with method 'bin' and step 0.85 ... OK
Create profile matrix with method 'bin' and step 0.85 ... OK
Create profile matrix with method 'bin' and step 0.85 ... OK
Create profile matrix with method 'bin' and step 0.85 ... OK
Processing 60046 mz slices ... OK
Create profile matrix with method 'bin' and step 0.85 ... OK
Create profile matrix with method 'bin' and step 0.85 ... OK
Create profile matrix with method 'bin' and step 0.85 ... OK
Create profile matrix with method 'bin' and step 0.85 ... OK
Create profile matrix with method 'bin' and step 0.85 ... OK
Create profile matrix with method 'bin' and step 0.85 ... OK
Create profile matrix with method 'bin' and step 0.85 ... OK
Create profile matrix with method 'bin' and step 0.85 ... OK
Processing 60046 mz slices ... OK
Create profile matrix with method 'bin' and step 0.85 ... OK
Create profile matrix with method 'bin' and step 0.85 ... OK
Create profile matrix with method 'bin' and step 0.85 ... OK
Create profile matrix with method 'bin' and step 0.85 ... OK
Create profile matrix with method 'bin' and step 0.85 ... OK
Create profile matrix with method 'bin' and step 0.85 ... OK
Create profile matrix with method 'bin' and step 0.85 ... OK
Create profile matrix with method 'bin' and step 0.85 ... OK
Processing 100076 mz slices ... OK
Create profile matrix with method 'bin' and step 0.85 ... OK
Create profile matrix with method 'bin' and step 0.85 ... OK
Create profile matrix with method 'bin' and step 0.85 ... OK
Create profile matrix with method 'bin' and step 0.85 ... OK
Create profile matrix with method 'bin' and step 0.85 ... OK
Create profile matrix with method 'bin' and step 0.85 ... OK
Create profile matrix with method 'bin' and step 0.85 ... OK
Create profile matrix with method 'bin' and step 0.85 ... OK
Processing 42891 mz slices ... OK
Create profile matrix with method 'bin' and step 0.85 ... OK
Create profile matrix with method 'bin' and step 0.85 ... OK
Create profile matrix with method 'bin' and step 0.85 ... OK
Create profile matrix with method 'bin' and step 0.85 ... OK
Create profile matrix with method 'bin' and step 0.85 ... OK
Create profile matrix with method 'bin' and step 0.85 ... OK
Create profile matrix with method 'bin' and step 0.85 ... OK
Create profile matrix with method 'bin' and step 0.85 ... OK
Processing 60046 mz slices ... OK
Create profile matrix with method 'bin' and step 0.7 ... OK
Create profile matrix with method 'bin' and step 0.7 ... OK
Create profile matrix with method 'bin' and step 0.7 ... OK
Create profile matrix with method 'bin' and step 0.7 ... OK
Create profile matrix with method 'bin' and step 0.7 ... OK
Create profile matrix with method 'bin' and step 0.7 ... OK
Create profile matrix with method 'bin' and step 0.7 ... OK
Create profile matrix with method 'bin' and step 0.7 ... OK
Processing 75058 mz slices ... OK



starting new DoE with:

gapInit: c(0.16, 0.56)
gapExtend: c(2.04, 2.76)
profStep: c(0.52, 0.88)
bw: c(12.4, 31.6)
mzwid: c(0.01, 0.03)
distFunc: cor_opt
plottype: none
response: 1
factorDiag: 2
factorGap: 1
localAlignment: 0
retcorMethod: obiwarp
minfrac: 0.05
minsamp: 1
max: 50
center: 3

Create profile matrix with method 'bin' and step 0.52 ... OK
Create profile matrix with method 'bin' and step 0.52 ... OK
Create profile matrix with method 'bin' and step 0.52 ... OK
Create profile matrix with method 'bin' and step 0.52 ... OK
Create profile matrix with method 'bin' and step 0.52 ... OK
Create profile matrix with method 'bin' and step 0.52 ... OK
Create profile matrix with method 'bin' and step 0.52 ... OK
Create profile matrix with method 'bin' and step 0.52 ... OK
Processing 150114 mz slices ... OK
Create profile matrix with method 'bin' and step 0.52 ... OK
Create profile matrix with method 'bin' and step 0.52 ... OK
Create profile matrix with method 'bin' and step 0.52 ... OK
Create profile matrix with method 'bin' and step 0.52 ... OK
Create profile matrix with method 'bin' and step 0.52 ... OK
Create profile matrix with method 'bin' and step 0.52 ... OK
Create profile matrix with method 'bin' and step 0.52 ... OK
Create profile matrix with method 'bin' and step 0.52 ... OK
Processing 150114 mz slices ... OK
Create profile matrix with method 'bin' and step 0.52 ... OK
Create profile matrix with method 'bin' and step 0.52 ... OK
Create profile matrix with method 'bin' and step 0.52 ... OK
Create profile matrix with method 'bin' and step 0.52 ... OK
Create profile matrix with method 'bin' and step 0.52 ... OK
Create profile matrix with method 'bin' and step 0.52 ... OK
Create profile matrix with method 'bin' and step 0.52 ... OK
Create profile matrix with method 'bin' and step 0.52 ... OK
Processing 150114 mz slices ... OK
Create profile matrix with method 'bin' and step 0.52 ... OK
Create profile matrix with method 'bin' and step 0.52 ... OK
Create profile matrix with method 'bin' and step 0.52 ... OK
Create profile matrix with method 'bin' and step 0.52 ... OK
Create profile matrix with method 'bin' and step 0.52 ... OK
Create profile matrix with method 'bin' and step 0.52 ... OK
Create profile matrix with method 'bin' and step 0.52 ... OK
Create profile matrix with method 'bin' and step 0.52 ... OK
Processing 150114 mz slices ... OK
Create profile matrix with method 'bin' and step 0.88 ... OK
Create profile matrix with method 'bin' and step 0.88 ... OK
Create profile matrix with method 'bin' and step 0.88 ... OK
Create profile matrix with method 'bin' and step 0.88 ... OK
Create profile matrix with method 'bin' and step 0.88 ... OK
Create profile matrix with method 'bin' and step 0.88 ... OK
Create profile matrix with method 'bin' and step 0.88 ... OK
Create profile matrix with method 'bin' and step 0.88 ... OK
Processing 150114 mz slices ... OK
Create profile matrix with method 'bin' and step 0.88 ... OK
Create profile matrix with method 'bin' and step 0.88 ... OK
Create profile matrix with method 'bin' and step 0.88 ... OK
Create profile matrix with method 'bin' and step 0.88 ... OK
Create profile matrix with method 'bin' and step 0.88 ... OK
Create profile matrix with method 'bin' and step 0.88 ... OK
Create profile matrix with method 'bin' and step 0.88 ... OK
Create profile matrix with method 'bin' and step 0.88 ... OK
Processing 150114 mz slices ... OK
Create profile matrix with method 'bin' and step 0.88 ... OK
Create profile matrix with method 'bin' and step 0.88 ... OK
Create profile matrix with method 'bin' and step 0.88 ... OK
Create profile matrix with method 'bin' and step 0.88 ... OK
Create profile matrix with method 'bin' and step 0.88 ... OK
Create profile matrix with method 'bin' and step 0.88 ... OK
Create profile matrix with method 'bin' and step 0.88 ... OK
Create profile matrix with method 'bin' and step 0.88 ... OK
Processing 150114 mz slices ... OK
Create profile matrix with method 'bin' and step 0.88 ... OK
Create profile matrix with method 'bin' and step 0.88 ... OK
Create profile matrix with method 'bin' and step 0.88 ... OK
Create profile matrix with method 'bin' and step 0.88 ... OK
Create profile matrix with method 'bin' and step 0.88 ... OK
Create profile matrix with method 'bin' and step 0.88 ... OK
Create profile matrix with method 'bin' and step 0.88 ... OK
Create profile matrix with method 'bin' and step 0.88 ... OK
Processing 150114 mz slices ... OK
Create profile matrix with method 'bin' and step 0.52 ... OK
Create profile matrix with method 'bin' and step 0.52 ... OK
Create profile matrix with method 'bin' and step 0.52 ... OK
Create profile matrix with method 'bin' and step 0.52 ... OK
Create profile matrix with method 'bin' and step 0.52 ... OK
Create profile matrix with method 'bin' and step 0.52 ... OK
Create profile matrix with method 'bin' and step 0.52 ... OK
Create profile matrix with method 'bin' and step 0.52 ... OK
Processing 150114 mz slices ... OK
Create profile matrix with method 'bin' and step 0.52 ... OK
Create profile matrix with method 'bin' and step 0.52 ... OK
Create profile matrix with method 'bin' and step 0.52 ... OK
Create profile matrix with method 'bin' and step 0.52 ... OK
Create profile matrix with method 'bin' and step 0.52 ... OK
Create profile matrix with method 'bin' and step 0.52 ... OK
Create profile matrix with method 'bin' and step 0.52 ... OK
Create profile matrix with method 'bin' and step 0.52 ... OK
Processing 150114 mz slices ... OK
Create profile matrix with method 'bin' and step 0.52 ... OK
Create profile matrix with method 'bin' and step 0.52 ... OK
Create profile matrix with method 'bin' and step 0.52 ... OK
Create profile matrix with method 'bin' and step 0.52 ... OK
Create profile matrix with method 'bin' and step 0.52 ... OK
Create profile matrix with method 'bin' and step 0.52 ... OK
Create profile matrix with method 'bin' and step 0.52 ... OK
Create profile matrix with method 'bin' and step 0.52 ... OK
Processing 150114 mz slices ... OK
Create profile matrix with method 'bin' and step 0.52 ... OK
Create profile matrix with method 'bin' and step 0.52 ... OK
Create profile matrix with method 'bin' and step 0.52 ... OK
Create profile matrix with method 'bin' and step 0.52 ... OK
Create profile matrix with method 'bin' and step 0.52 ... OK
Create profile matrix with method 'bin' and step 0.52 ... OK
Create profile matrix with method 'bin' and step 0.52 ... OK
Create profile matrix with method 'bin' and step 0.52 ... OK
Processing 150114 mz slices ... OK
Create profile matrix with method 'bin' and step 0.88 ... OK
Create profile matrix with method 'bin' and step 0.88 ... OK
Create profile matrix with method 'bin' and step 0.88 ... OK
Create profile matrix with method 'bin' and step 0.88 ... OK
Create profile matrix with method 'bin' and step 0.88 ... OK
Create profile matrix with method 'bin' and step 0.88 ... OK
Create profile matrix with method 'bin' and step 0.88 ... OK
Create profile matrix with method 'bin' and step 0.88 ... OK
Processing 150114 mz slices ... OK
Create profile matrix with method 'bin' and step 0.88 ... OK
Create profile matrix with method 'bin' and step 0.88 ... OK
Create profile matrix with method 'bin' and step 0.88 ... OK
Create profile matrix with method 'bin' and step 0.88 ... OK
Create profile matrix with method 'bin' and step 0.88 ... OK
Create profile matrix with method 'bin' and step 0.88 ... OK
Create profile matrix with method 'bin' and step 0.88 ... OK
Create profile matrix with method 'bin' and step 0.88 ... OK
Processing 150114 mz slices ... OK
Create profile matrix with method 'bin' and step 0.88 ... OK
Create profile matrix with method 'bin' and step 0.88 ... OK
Create profile matrix with method 'bin' and step 0.88 ... OK
Create profile matrix with method 'bin' and step 0.88 ... OK
Create profile matrix with method 'bin' and step 0.88 ... OK
Create profile matrix with method 'bin' and step 0.88 ... OK
Create profile matrix with method 'bin' and step 0.88 ... OK
Create profile matrix with method 'bin' and step 0.88 ... OK
Processing 150114 mz slices ... OK
Create profile matrix with method 'bin' and step 0.88 ... OK
Create profile matrix with method 'bin' and step 0.88 ... OK
Create profile matrix with method 'bin' and step 0.88 ... OK
Create profile matrix with method 'bin' and step 0.88 ... OK
Create profile matrix with method 'bin' and step 0.88 ... OK
Create profile matrix with method 'bin' and step 0.88 ... OK
Create profile matrix with method 'bin' and step 0.88 ... OK
Create profile matrix with method 'bin' and step 0.88 ... OK
Processing 150114 mz slices ... OK
Create profile matrix with method 'bin' and step 0.52 ... OK
Create profile matrix with method 'bin' and step 0.52 ... OK
Create profile matrix with method 'bin' and step 0.52 ... OK
Create profile matrix with method 'bin' and step 0.52 ... OK
Create profile matrix with method 'bin' and step 0.52 ... OK
Create profile matrix with method 'bin' and step 0.52 ... OK
Create profile matrix with method 'bin' and step 0.52 ... OK
Create profile matrix with method 'bin' and step 0.52 ... OK
Processing 50039 mz slices ... OK
Create profile matrix with method 'bin' and step 0.52 ... OK
Create profile matrix with method 'bin' and step 0.52 ... OK
Create profile matrix with method 'bin' and step 0.52 ... OK
Create profile matrix with method 'bin' and step 0.52 ... OK
Create profile matrix with method 'bin' and step 0.52 ... OK
Create profile matrix with method 'bin' and step 0.52 ... OK
Create profile matrix with method 'bin' and step 0.52 ... OK
Create profile matrix with method 'bin' and step 0.52 ... OK
Processing 50039 mz slices ... OK
Create profile matrix with method 'bin' and step 0.52 ... OK
Create profile matrix with method 'bin' and step 0.52 ... OK
Create profile matrix with method 'bin' and step 0.52 ... OK
Create profile matrix with method 'bin' and step 0.52 ... OK
Create profile matrix with method 'bin' and step 0.52 ... OK
Create profile matrix with method 'bin' and step 0.52 ... OK
Create profile matrix with method 'bin' and step 0.52 ... OK
Create profile matrix with method 'bin' and step 0.52 ... OK
Processing 50039 mz slices ... OK
Create profile matrix with method 'bin' and step 0.52 ... OK
Create profile matrix with method 'bin' and step 0.52 ... OK
Create profile matrix with method 'bin' and step 0.52 ... OK
Create profile matrix with method 'bin' and step 0.52 ... OK
Create profile matrix with method 'bin' and step 0.52 ... OK
Create profile matrix with method 'bin' and step 0.52 ... OK
Create profile matrix with method 'bin' and step 0.52 ... OK
Create profile matrix with method 'bin' and step 0.52 ... OK
Processing 50039 mz slices ... OK
Create profile matrix with method 'bin' and step 0.88 ... OK
Create profile matrix with method 'bin' and step 0.88 ... OK
Create profile matrix with method 'bin' and step 0.88 ... OK
Create profile matrix with method 'bin' and step 0.88 ... OK
Create profile matrix with method 'bin' and step 0.88 ... OK
Create profile matrix with method 'bin' and step 0.88 ... OK
Create profile matrix with method 'bin' and step 0.88 ... OK
Create profile matrix with method 'bin' and step 0.88 ... OK
Processing 50039 mz slices ... OK
Create profile matrix with method 'bin' and step 0.88 ... OK
Create profile matrix with method 'bin' and step 0.88 ... OK
Create profile matrix with method 'bin' and step 0.88 ... OK
Create profile matrix with method 'bin' and step 0.88 ... OK
Create profile matrix with method 'bin' and step 0.88 ... OK
Create profile matrix with method 'bin' and step 0.88 ... OK
Create profile matrix with method 'bin' and step 0.88 ... OK
Create profile matrix with method 'bin' and step 0.88 ... OK
Processing 50039 mz slices ... OK
Create profile matrix with method 'bin' and step 0.88 ... OK
Create profile matrix with method 'bin' and step 0.88 ... OK
Create profile matrix with method 'bin' and step 0.88 ... OK
Create profile matrix with method 'bin' and step 0.88 ... OK
Create profile matrix with method 'bin' and step 0.88 ... OK
Create profile matrix with method 'bin' and step 0.88 ... OK
Create profile matrix with method 'bin' and step 0.88 ... OK
Create profile matrix with method 'bin' and step 0.88 ... OK
Processing 50039 mz slices ... OK
Create profile matrix with method 'bin' and step 0.88 ... OK
Create profile matrix with method 'bin' and step 0.88 ... OK
Create profile matrix with method 'bin' and step 0.88 ... OK
Create profile matrix with method 'bin' and step 0.88 ... OK
Create profile matrix with method 'bin' and step 0.88 ... OK
Create profile matrix with method 'bin' and step 0.88 ... OK
Create profile matrix with method 'bin' and step 0.88 ... OK
Create profile matrix with method 'bin' and step 0.88 ... OK
Processing 50039 mz slices ... OK
Create profile matrix with method 'bin' and step 0.52 ... OK
Create profile matrix with method 'bin' and step 0.52 ... OK
Create profile matrix with method 'bin' and step 0.52 ... OK
Create profile matrix with method 'bin' and step 0.52 ... OK
Create profile matrix with method 'bin' and step 0.52 ... OK
Create profile matrix with method 'bin' and step 0.52 ... OK
Create profile matrix with method 'bin' and step 0.52 ... OK
Create profile matrix with method 'bin' and step 0.52 ... OK
Processing 50039 mz slices ... OK
Create profile matrix with method 'bin' and step 0.52 ... OK
Create profile matrix with method 'bin' and step 0.52 ... OK
Create profile matrix with method 'bin' and step 0.52 ... OK
Create profile matrix with method 'bin' and step 0.52 ... OK
Create profile matrix with method 'bin' and step 0.52 ... OK
Create profile matrix with method 'bin' and step 0.52 ... OK
Create profile matrix with method 'bin' and step 0.52 ... OK
Create profile matrix with method 'bin' and step 0.52 ... OK
Processing 50039 mz slices ... OK
Create profile matrix with method 'bin' and step 0.52 ... OK
Create profile matrix with method 'bin' and step 0.52 ... OK
Create profile matrix with method 'bin' and step 0.52 ... OK
Create profile matrix with method 'bin' and step 0.52 ... OK
Create profile matrix with method 'bin' and step 0.52 ... OK
Create profile matrix with method 'bin' and step 0.52 ... OK
Create profile matrix with method 'bin' and step 0.52 ... OK
Create profile matrix with method 'bin' and step 0.52 ... OK
Processing 50039 mz slices ... OK
Create profile matrix with method 'bin' and step 0.52 ... OK
Create profile matrix with method 'bin' and step 0.52 ... OK
Create profile matrix with method 'bin' and step 0.52 ... OK
Create profile matrix with method 'bin' and step 0.52 ... OK
Create profile matrix with method 'bin' and step 0.52 ... OK
Create profile matrix with method 'bin' and step 0.52 ... OK
Create profile matrix with method 'bin' and step 0.52 ... OK
Create profile matrix with method 'bin' and step 0.52 ... OK
Processing 50039 mz slices ... OK
Create profile matrix with method 'bin' and step 0.88 ... OK
Create profile matrix with method 'bin' and step 0.88 ... OK
Create profile matrix with method 'bin' and step 0.88 ... OK
Create profile matrix with method 'bin' and step 0.88 ... OK
Create profile matrix with method 'bin' and step 0.88 ... OK
Create profile matrix with method 'bin' and step 0.88 ... OK
Create profile matrix with method 'bin' and step 0.88 ... OK
Create profile matrix with method 'bin' and step 0.88 ... OK
Processing 50039 mz slices ... OK
Create profile matrix with method 'bin' and step 0.88 ... OK
Create profile matrix with method 'bin' and step 0.88 ... OK
Create profile matrix with method 'bin' and step 0.88 ... OK
Create profile matrix with method 'bin' and step 0.88 ... OK
Create profile matrix with method 'bin' and step 0.88 ... OK
Create profile matrix with method 'bin' and step 0.88 ... OK
Create profile matrix with method 'bin' and step 0.88 ... OK
Create profile matrix with method 'bin' and step 0.88 ... OK
Processing 50039 mz slices ... OK
Create profile matrix with method 'bin' and step 0.88 ... OK
Create profile matrix with method 'bin' and step 0.88 ... OK
Create profile matrix with method 'bin' and step 0.88 ... OK
Create profile matrix with method 'bin' and step 0.88 ... OK
Create profile matrix with method 'bin' and step 0.88 ... OK
Create profile matrix with method 'bin' and step 0.88 ... OK
Create profile matrix with method 'bin' and step 0.88 ... OK
Create profile matrix with method 'bin' and step 0.88 ... OK
Processing 50039 mz slices ... OK
Create profile matrix with method 'bin' and step 0.88 ... OK
Create profile matrix with method 'bin' and step 0.88 ... OK
Create profile matrix with method 'bin' and step 0.88 ... OK
Create profile matrix with method 'bin' and step 0.88 ... OK
Create profile matrix with method 'bin' and step 0.88 ... OK
Create profile matrix with method 'bin' and step 0.88 ... OK
Create profile matrix with method 'bin' and step 0.88 ... OK
Create profile matrix with method 'bin' and step 0.88 ... OK
Processing 50039 mz slices ... OK
Create profile matrix with method 'bin' and step 0.7 ... OK
Create profile matrix with method 'bin' and step 0.7 ... OK
Create profile matrix with method 'bin' and step 0.7 ... OK
Create profile matrix with method 'bin' and step 0.7 ... OK
Create profile matrix with method 'bin' and step 0.7 ... OK
Create profile matrix with method 'bin' and step 0.7 ... OK
Create profile matrix with method 'bin' and step 0.7 ... OK
Create profile matrix with method 'bin' and step 0.7 ... OK
Processing 75058 mz slices ... OK
Create profile matrix with method 'bin' and step 0.7 ... OK
Create profile matrix with method 'bin' and step 0.7 ... OK
Create profile matrix with method 'bin' and step 0.7 ... OK
Create profile matrix with method 'bin' and step 0.7 ... OK
Create profile matrix with method 'bin' and step 0.7 ... OK
Create profile matrix with method 'bin' and step 0.7 ... OK
Create profile matrix with method 'bin' and step 0.7 ... OK
Create profile matrix with method 'bin' and step 0.7 ... OK
Processing 75058 mz slices ... OK
Create profile matrix with method 'bin' and step 0.7 ... OK
Create profile matrix with method 'bin' and step 0.7 ... OK
Create profile matrix with method 'bin' and step 0.7 ... OK
Create profile matrix with method 'bin' and step 0.7 ... OK
Create profile matrix with method 'bin' and step 0.7 ... OK
Create profile matrix with method 'bin' and step 0.7 ... OK
Create profile matrix with method 'bin' and step 0.7 ... OK
Create profile matrix with method 'bin' and step 0.7 ... OK
Processing 75058 mz slices ... OK
Create profile matrix with method 'bin' and step 0.7 ... OK
Create profile matrix with method 'bin' and step 0.7 ... OK
Create profile matrix with method 'bin' and step 0.7 ... OK
Create profile matrix with method 'bin' and step 0.7 ... OK
Create profile matrix with method 'bin' and step 0.7 ... OK
Create profile matrix with method 'bin' and step 0.7 ... OK
Create profile matrix with method 'bin' and step 0.7 ... OK
Create profile matrix with method 'bin' and step 0.7 ... OK
Processing 75058 mz slices ... OK
Create profile matrix with method 'bin' and step 0.7 ... OK
Create profile matrix with method 'bin' and step 0.7 ... OK
Create profile matrix with method 'bin' and step 0.7 ... OK
Create profile matrix with method 'bin' and step 0.7 ... OK
Create profile matrix with method 'bin' and step 0.7 ... OK
Create profile matrix with method 'bin' and step 0.7 ... OK
Create profile matrix with method 'bin' and step 0.7 ... OK
Create profile matrix with method 'bin' and step 0.7 ... OK
Processing 75058 mz slices ... OK
Create profile matrix with method 'bin' and step 0.52 ... OK
Create profile matrix with method 'bin' and step 0.52 ... OK
Create profile matrix with method 'bin' and step 0.52 ... OK
Create profile matrix with method 'bin' and step 0.52 ... OK
Create profile matrix with method 'bin' and step 0.52 ... OK
Create profile matrix with method 'bin' and step 0.52 ... OK
Create profile matrix with method 'bin' and step 0.52 ... OK
Create profile matrix with method 'bin' and step 0.52 ... OK
Processing 75058 mz slices ... OK
Create profile matrix with method 'bin' and step 0.88 ... OK
Create profile matrix with method 'bin' and step 0.88 ... OK
Create profile matrix with method 'bin' and step 0.88 ... OK
Create profile matrix with method 'bin' and step 0.88 ... OK
Create profile matrix with method 'bin' and step 0.88 ... OK
Create profile matrix with method 'bin' and step 0.88 ... OK
Create profile matrix with method 'bin' and step 0.88 ... OK
Create profile matrix with method 'bin' and step 0.88 ... OK
Processing 75058 mz slices ... OK
Create profile matrix with method 'bin' and step 0.7 ... OK
Create profile matrix with method 'bin' and step 0.7 ... OK
Create profile matrix with method 'bin' and step 0.7 ... OK
Create profile matrix with method 'bin' and step 0.7 ... OK
Create profile matrix with method 'bin' and step 0.7 ... OK
Create profile matrix with method 'bin' and step 0.7 ... OK
Create profile matrix with method 'bin' and step 0.7 ... OK
Create profile matrix with method 'bin' and step 0.7 ... OK
Processing 75058 mz slices ... OK
Create profile matrix with method 'bin' and step 0.7 ... OK
Create profile matrix with method 'bin' and step 0.7 ... OK
Create profile matrix with method 'bin' and step 0.7 ... OK
Create profile matrix with method 'bin' and step 0.7 ... OK
Create profile matrix with method 'bin' and step 0.7 ... OK
Create profile matrix with method 'bin' and step 0.7 ... OK
Create profile matrix with method 'bin' and step 0.7 ... OK
Create profile matrix with method 'bin' and step 0.7 ... OK
Processing 75058 mz slices ... OK
Create profile matrix with method 'bin' and step 0.7 ... OK
Create profile matrix with method 'bin' and step 0.7 ... OK
Create profile matrix with method 'bin' and step 0.7 ... OK
Create profile matrix with method 'bin' and step 0.7 ... OK
Create profile matrix with method 'bin' and step 0.7 ... OK
Create profile matrix with method 'bin' and step 0.7 ... OK
Create profile matrix with method 'bin' and step 0.7 ... OK
Create profile matrix with method 'bin' and step 0.7 ... OK
Processing 150114 mz slices ... OK
Create profile matrix with method 'bin' and step 0.7 ... OK
Create profile matrix with method 'bin' and step 0.7 ... OK
Create profile matrix with method 'bin' and step 0.7 ... OK
Create profile matrix with method 'bin' and step 0.7 ... OK
Create profile matrix with method 'bin' and step 0.7 ... OK
Create profile matrix with method 'bin' and step 0.7 ... OK
Create profile matrix with method 'bin' and step 0.7 ... OK
Create profile matrix with method 'bin' and step 0.7 ... OK
Processing 50039 mz slices ... OK
Create profile matrix with method 'bin' and step 0.7 ... OK
Create profile matrix with method 'bin' and step 0.7 ... OK
Create profile matrix with method 'bin' and step 0.7 ... OK
Create profile matrix with method 'bin' and step 0.7 ... OK
Create profile matrix with method 'bin' and step 0.7 ... OK
Create profile matrix with method 'bin' and step 0.7 ... OK
Create profile matrix with method 'bin' and step 0.7 ... OK
Create profile matrix with method 'bin' and step 0.7 ... OK
Processing 75058 mz slices ... OK
Create profile matrix with method 'bin' and step 0.52 ... OK
Create profile matrix with method 'bin' and step 0.52 ... OK
Create profile matrix with method 'bin' and step 0.52 ... OK
Create profile matrix with method 'bin' and step 0.52 ... OK
Create profile matrix with method 'bin' and step 0.52 ... OK
Create profile matrix with method 'bin' and step 0.52 ... OK
Create profile matrix with method 'bin' and step 0.52 ... OK
Create profile matrix with method 'bin' and step 0.52 ... OK
Processing 75058 mz slices ... OK



starting new DoE with:

gapInit: c(0.32, 0.8)
gapExtend: c(1.968, 2.832)
profStep: c(0.304, 0.736)
bw: c(0.879999999999999, 23.92)
mzwid: c(0.012, 0.028)
distFunc: cor_opt
plottype: none
response: 1
factorDiag: 2
factorGap: 1
localAlignment: 0
retcorMethod: obiwarp
minfrac: 0.05
minsamp: 1
max: 50
center: 3

Create profile matrix with method 'bin' and step 0.304 ... OK
Create profile matrix with method 'bin' and step 0.304 ... OK
Create profile matrix with method 'bin' and step 0.304 ... OK
Create profile matrix with method 'bin' and step 0.304 ... OK
Create profile matrix with method 'bin' and step 0.304 ... OK
Create profile matrix with method 'bin' and step 0.304 ... OK
Create profile matrix with method 'bin' and step 0.304 ... OK
Create profile matrix with method 'bin' and step 0.304 ... OK
Processing 125095 mz slices ... OK
Create profile matrix with method 'bin' and step 0.304 ... OK
Create profile matrix with method 'bin' and step 0.304 ... OK
Create profile matrix with method 'bin' and step 0.304 ... OK
Create profile matrix with method 'bin' and step 0.304 ... OK
Create profile matrix with method 'bin' and step 0.304 ... OK
Create profile matrix with method 'bin' and step 0.304 ... OK
Create profile matrix with method 'bin' and step 0.304 ... OK
Create profile matrix with method 'bin' and step 0.304 ... OK
Processing 125095 mz slices ... OK
Create profile matrix with method 'bin' and step 0.304 ... OK
Create profile matrix with method 'bin' and step 0.304 ... OK
Create profile matrix with method 'bin' and step 0.304 ... OK
Create profile matrix with method 'bin' and step 0.304 ... OK
Create profile matrix with method 'bin' and step 0.304 ... OK
Create profile matrix with method 'bin' and step 0.304 ... OK
Create profile matrix with method 'bin' and step 0.304 ... OK
Create profile matrix with method 'bin' and step 0.304 ... OK
Processing 125095 mz slices ... OK
Create profile matrix with method 'bin' and step 0.304 ... OK
Create profile matrix with method 'bin' and step 0.304 ... OK
Create profile matrix with method 'bin' and step 0.304 ... OK
Create profile matrix with method 'bin' and step 0.304 ... OK
Create profile matrix with method 'bin' and step 0.304 ... OK
Create profile matrix with method 'bin' and step 0.304 ... OK
Create profile matrix with method 'bin' and step 0.304 ... OK
Create profile matrix with method 'bin' and step 0.304 ... OK
Processing 125095 mz slices ... OK
Create profile matrix with method 'bin' and step 0.736 ... OK
Create profile matrix with method 'bin' and step 0.736 ... OK
Create profile matrix with method 'bin' and step 0.736 ... OK
Create profile matrix with method 'bin' and step 0.736 ... OK
Create profile matrix with method 'bin' and step 0.736 ... OK
Create profile matrix with method 'bin' and step 0.736 ... OK
Create profile matrix with method 'bin' and step 0.736 ... OK
Create profile matrix with method 'bin' and step 0.736 ... OK
Processing 125095 mz slices ... OK
Create profile matrix with method 'bin' and step 0.736 ... OK
Create profile matrix with method 'bin' and step 0.736 ... OK
Create profile matrix with method 'bin' and step 0.736 ... OK
Create profile matrix with method 'bin' and step 0.736 ... OK
Create profile matrix with method 'bin' and step 0.736 ... OK
Create profile matrix with method 'bin' and step 0.736 ... OK
Create profile matrix with method 'bin' and step 0.736 ... OK
Create profile matrix with method 'bin' and step 0.736 ... OK
Processing 125095 mz slices ... OK
Create profile matrix with method 'bin' and step 0.736 ... OK
Create profile matrix with method 'bin' and step 0.736 ... OK
Create profile matrix with method 'bin' and step 0.736 ... OK
Create profile matrix with method 'bin' and step 0.736 ... OK
Create profile matrix with method 'bin' and step 0.736 ... OK
Create profile matrix with method 'bin' and step 0.736 ... OK
Create profile matrix with method 'bin' and step 0.736 ... OK
Create profile matrix with method 'bin' and step 0.736 ... OK
Processing 125095 mz slices ... OK
Create profile matrix with method 'bin' and step 0.736 ... OK
Create profile matrix with method 'bin' and step 0.736 ... OK
Create profile matrix with method 'bin' and step 0.736 ... OK
Create profile matrix with method 'bin' and step 0.736 ... OK
Create profile matrix with method 'bin' and step 0.736 ... OK
Create profile matrix with method 'bin' and step 0.736 ... OK
Create profile matrix with method 'bin' and step 0.736 ... OK
Create profile matrix with method 'bin' and step 0.736 ... OK
Processing 125095 mz slices ... OK
Create profile matrix with method 'bin' and step 0.304 ... OK
Create profile matrix with method 'bin' and step 0.304 ... OK
Create profile matrix with method 'bin' and step 0.304 ... OK
Create profile matrix with method 'bin' and step 0.304 ... OK
Create profile matrix with method 'bin' and step 0.304 ... OK
Create profile matrix with method 'bin' and step 0.304 ... OK
Create profile matrix with method 'bin' and step 0.304 ... OK
Create profile matrix with method 'bin' and step 0.304 ... OK
Processing 125095 mz slices ... OK
Create profile matrix with method 'bin' and step 0.304 ... OK
Create profile matrix with method 'bin' and step 0.304 ... OK
Create profile matrix with method 'bin' and step 0.304 ... OK
Create profile matrix with method 'bin' and step 0.304 ... OK
Create profile matrix with method 'bin' and step 0.304 ... OK
Create profile matrix with method 'bin' and step 0.304 ... OK
Create profile matrix with method 'bin' and step 0.304 ... OK
Create profile matrix with method 'bin' and step 0.304 ... OK
Processing 125095 mz slices ... OK
Create profile matrix with method 'bin' and step 0.304 ... OK
Create profile matrix with method 'bin' and step 0.304 ... OK
Create profile matrix with method 'bin' and step 0.304 ... OK
Create profile matrix with method 'bin' and step 0.304 ... OK
Create profile matrix with method 'bin' and step 0.304 ... OK
Create profile matrix with method 'bin' and step 0.304 ... OK
Create profile matrix with method 'bin' and step 0.304 ... OK
Create profile matrix with method 'bin' and step 0.304 ... OK
Processing 125095 mz slices ... OK
Create profile matrix with method 'bin' and step 0.304 ... OK
Create profile matrix with method 'bin' and step 0.304 ... OK
Create profile matrix with method 'bin' and step 0.304 ... OK
Create profile matrix with method 'bin' and step 0.304 ... OK
Create profile matrix with method 'bin' and step 0.304 ... OK
Create profile matrix with method 'bin' and step 0.304 ... OK
Create profile matrix with method 'bin' and step 0.304 ... OK
Create profile matrix with method 'bin' and step 0.304 ... OK
Processing 125095 mz slices ... OK
Create profile matrix with method 'bin' and step 0.736 ... OK
Create profile matrix with method 'bin' and step 0.736 ... OK
Create profile matrix with method 'bin' and step 0.736 ... OK
Create profile matrix with method 'bin' and step 0.736 ... OK
Create profile matrix with method 'bin' and step 0.736 ... OK
Create profile matrix with method 'bin' and step 0.736 ... OK
Create profile matrix with method 'bin' and step 0.736 ... OK
Create profile matrix with method 'bin' and step 0.736 ... OK
Processing 125095 mz slices ... OK
Create profile matrix with method 'bin' and step 0.736 ... OK
Create profile matrix with method 'bin' and step 0.736 ... OK
Create profile matrix with method 'bin' and step 0.736 ... OK
Create profile matrix with method 'bin' and step 0.736 ... OK
Create profile matrix with method 'bin' and step 0.736 ... OK
Create profile matrix with method 'bin' and step 0.736 ... OK
Create profile matrix with method 'bin' and step 0.736 ... OK
Create profile matrix with method 'bin' and step 0.736 ... OK
Processing 125095 mz slices ... OK
Create profile matrix with method 'bin' and step 0.736 ... OK
Create profile matrix with method 'bin' and step 0.736 ... OK
Create profile matrix with method 'bin' and step 0.736 ... OK
Create profile matrix with method 'bin' and step 0.736 ... OK
Create profile matrix with method 'bin' and step 0.736 ... OK
Create profile matrix with method 'bin' and step 0.736 ... OK
Create profile matrix with method 'bin' and step 0.736 ... OK
Create profile matrix with method 'bin' and step 0.736 ... OK
Processing 125095 mz slices ... OK
Create profile matrix with method 'bin' and step 0.736 ... OK
Create profile matrix with method 'bin' and step 0.736 ... OK
Create profile matrix with method 'bin' and step 0.736 ... OK
Create profile matrix with method 'bin' and step 0.736 ... OK
Create profile matrix with method 'bin' and step 0.736 ... OK
Create profile matrix with method 'bin' and step 0.736 ... OK
Create profile matrix with method 'bin' and step 0.736 ... OK
Create profile matrix with method 'bin' and step 0.736 ... OK
Processing 125095 mz slices ... OK
Create profile matrix with method 'bin' and step 0.304 ... OK
Create profile matrix with method 'bin' and step 0.304 ... OK
Create profile matrix with method 'bin' and step 0.304 ... OK
Create profile matrix with method 'bin' and step 0.304 ... OK
Create profile matrix with method 'bin' and step 0.304 ... OK
Create profile matrix with method 'bin' and step 0.304 ... OK
Create profile matrix with method 'bin' and step 0.304 ... OK
Create profile matrix with method 'bin' and step 0.304 ... OK
Processing 53613 mz slices ... OK
Create profile matrix with method 'bin' and step 0.304 ... OK
Create profile matrix with method 'bin' and step 0.304 ... OK
Create profile matrix with method 'bin' and step 0.304 ... OK
Create profile matrix with method 'bin' and step 0.304 ... OK
Create profile matrix with method 'bin' and step 0.304 ... OK
Create profile matrix with method 'bin' and step 0.304 ... OK
Create profile matrix with method 'bin' and step 0.304 ... OK
Create profile matrix with method 'bin' and step 0.304 ... OK
Processing 53613 mz slices ... OK
Create profile matrix with method 'bin' and step 0.304 ... OK
Create profile matrix with method 'bin' and step 0.304 ... OK
Create profile matrix with method 'bin' and step 0.304 ... OK
Create profile matrix with method 'bin' and step 0.304 ... OK
Create profile matrix with method 'bin' and step 0.304 ... OK
Create profile matrix with method 'bin' and step 0.304 ... OK
Create profile matrix with method 'bin' and step 0.304 ... OK
Create profile matrix with method 'bin' and step 0.304 ... OK
Processing 53613 mz slices ... OK
Create profile matrix with method 'bin' and step 0.304 ... OK
Create profile matrix with method 'bin' and step 0.304 ... OK
Create profile matrix with method 'bin' and step 0.304 ... OK
Create profile matrix with method 'bin' and step 0.304 ... OK
Create profile matrix with method 'bin' and step 0.304 ... OK
Create profile matrix with method 'bin' and step 0.304 ... OK
Create profile matrix with method 'bin' and step 0.304 ... OK
Create profile matrix with method 'bin' and step 0.304 ... OK
Processing 53613 mz slices ... OK
Create profile matrix with method 'bin' and step 0.736 ... OK
Create profile matrix with method 'bin' and step 0.736 ... OK
Create profile matrix with method 'bin' and step 0.736 ... OK
Create profile matrix with method 'bin' and step 0.736 ... OK
Create profile matrix with method 'bin' and step 0.736 ... OK
Create profile matrix with method 'bin' and step 0.736 ... OK
Create profile matrix with method 'bin' and step 0.736 ... OK
Create profile matrix with method 'bin' and step 0.736 ... OK
Processing 53613 mz slices ... OK
Create profile matrix with method 'bin' and step 0.736 ... OK
Create profile matrix with method 'bin' and step 0.736 ... OK
Create profile matrix with method 'bin' and step 0.736 ... OK
Create profile matrix with method 'bin' and step 0.736 ... OK
Create profile matrix with method 'bin' and step 0.736 ... OK
Create profile matrix with method 'bin' and step 0.736 ... OK
Create profile matrix with method 'bin' and step 0.736 ... OK
Create profile matrix with method 'bin' and step 0.736 ... OK
Processing 53613 mz slices ... OK
Create profile matrix with method 'bin' and step 0.736 ... OK
Create profile matrix with method 'bin' and step 0.736 ... OK
Create profile matrix with method 'bin' and step 0.736 ... OK
Create profile matrix with method 'bin' and step 0.736 ... OK
Create profile matrix with method 'bin' and step 0.736 ... OK
Create profile matrix with method 'bin' and step 0.736 ... OK
Create profile matrix with method 'bin' and step 0.736 ... OK
Create profile matrix with method 'bin' and step 0.736 ... OK
Processing 53613 mz slices ... OK
Create profile matrix with method 'bin' and step 0.736 ... OK
Create profile matrix with method 'bin' and step 0.736 ... OK
Create profile matrix with method 'bin' and step 0.736 ... OK
Create profile matrix with method 'bin' and step 0.736 ... OK
Create profile matrix with method 'bin' and step 0.736 ... OK
Create profile matrix with method 'bin' and step 0.736 ... OK
Create profile matrix with method 'bin' and step 0.736 ... OK
Create profile matrix with method 'bin' and step 0.736 ... OK
Processing 53613 mz slices ... OK
Create profile matrix with method 'bin' and step 0.304 ... OK
Create profile matrix with method 'bin' and step 0.304 ... OK
Create profile matrix with method 'bin' and step 0.304 ... OK
Create profile matrix with method 'bin' and step 0.304 ... OK
Create profile matrix with method 'bin' and step 0.304 ... OK
Create profile matrix with method 'bin' and step 0.304 ... OK
Create profile matrix with method 'bin' and step 0.304 ... OK
Create profile matrix with method 'bin' and step 0.304 ... OK
Processing 53613 mz slices ... OK
Create profile matrix with method 'bin' and step 0.304 ... OK
Create profile matrix with method 'bin' and step 0.304 ... OK
Create profile matrix with method 'bin' and step 0.304 ... OK
Create profile matrix with method 'bin' and step 0.304 ... OK
Create profile matrix with method 'bin' and step 0.304 ... OK
Create profile matrix with method 'bin' and step 0.304 ... OK
Create profile matrix with method 'bin' and step 0.304 ... OK
Create profile matrix with method 'bin' and step 0.304 ... OK
Processing 53613 mz slices ... OK
Create profile matrix with method 'bin' and step 0.304 ... OK
Create profile matrix with method 'bin' and step 0.304 ... OK
Create profile matrix with method 'bin' and step 0.304 ... OK
Create profile matrix with method 'bin' and step 0.304 ... OK
Create profile matrix with method 'bin' and step 0.304 ... OK
Create profile matrix with method 'bin' and step 0.304 ... OK
Create profile matrix with method 'bin' and step 0.304 ... OK
Create profile matrix with method 'bin' and step 0.304 ... OK
Processing 53613 mz slices ... OK
Create profile matrix with method 'bin' and step 0.304 ... OK
Create profile matrix with method 'bin' and step 0.304 ... OK
Create profile matrix with method 'bin' and step 0.304 ... OK
Create profile matrix with method 'bin' and step 0.304 ... OK
Create profile matrix with method 'bin' and step 0.304 ... OK
Create profile matrix with method 'bin' and step 0.304 ... OK
Create profile matrix with method 'bin' and step 0.304 ... OK
Create profile matrix with method 'bin' and step 0.304 ... OK
Processing 53613 mz slices ... OK
Create profile matrix with method 'bin' and step 0.736 ... OK
Create profile matrix with method 'bin' and step 0.736 ... OK
Create profile matrix with method 'bin' and step 0.736 ... OK
Create profile matrix with method 'bin' and step 0.736 ... OK
Create profile matrix with method 'bin' and step 0.736 ... OK
Create profile matrix with method 'bin' and step 0.736 ... OK
Create profile matrix with method 'bin' and step 0.736 ... OK
Create profile matrix with method 'bin' and step 0.736 ... OK
Processing 53613 mz slices ... OK
Create profile matrix with method 'bin' and step 0.736 ... OK
Create profile matrix with method 'bin' and step 0.736 ... OK
Create profile matrix with method 'bin' and step 0.736 ... OK
Create profile matrix with method 'bin' and step 0.736 ... OK
Create profile matrix with method 'bin' and step 0.736 ... OK
Create profile matrix with method 'bin' and step 0.736 ... OK
Create profile matrix with method 'bin' and step 0.736 ... OK
Create profile matrix with method 'bin' and step 0.736 ... OK
Processing 53613 mz slices ... OK
Create profile matrix with method 'bin' and step 0.736 ... OK
Create profile matrix with method 'bin' and step 0.736 ... OK
Create profile matrix with method 'bin' and step 0.736 ... OK
Create profile matrix with method 'bin' and step 0.736 ... OK
Create profile matrix with method 'bin' and step 0.736 ... OK
Create profile matrix with method 'bin' and step 0.736 ... OK
Create profile matrix with method 'bin' and step 0.736 ... OK
Create profile matrix with method 'bin' and step 0.736 ... OK
Processing 53613 mz slices ... OK
Create profile matrix with method 'bin' and step 0.736 ... OK
Create profile matrix with method 'bin' and step 0.736 ... OK
Create profile matrix with method 'bin' and step 0.736 ... OK
Create profile matrix with method 'bin' and step 0.736 ... OK
Create profile matrix with method 'bin' and step 0.736 ... OK
Create profile matrix with method 'bin' and step 0.736 ... OK
Create profile matrix with method 'bin' and step 0.736 ... OK
Create profile matrix with method 'bin' and step 0.736 ... OK
Processing 53613 mz slices ... OK
Create profile matrix with method 'bin' and step 0.52 ... OK
Create profile matrix with method 'bin' and step 0.52 ... OK
Create profile matrix with method 'bin' and step 0.52 ... OK
Create profile matrix with method 'bin' and step 0.52 ... OK
Create profile matrix with method 'bin' and step 0.52 ... OK
Create profile matrix with method 'bin' and step 0.52 ... OK
Create profile matrix with method 'bin' and step 0.52 ... OK
Create profile matrix with method 'bin' and step 0.52 ... OK
Processing 75058 mz slices ... OK
Create profile matrix with method 'bin' and step 0.52 ... OK
Create profile matrix with method 'bin' and step 0.52 ... OK
Create profile matrix with method 'bin' and step 0.52 ... OK
Create profile matrix with method 'bin' and step 0.52 ... OK
Create profile matrix with method 'bin' and step 0.52 ... OK
Create profile matrix with method 'bin' and step 0.52 ... OK
Create profile matrix with method 'bin' and step 0.52 ... OK
Create profile matrix with method 'bin' and step 0.52 ... OK
Processing 75058 mz slices ... OK
Create profile matrix with method 'bin' and step 0.52 ... OK
Create profile matrix with method 'bin' and step 0.52 ... OK
Create profile matrix with method 'bin' and step 0.52 ... OK
Create profile matrix with method 'bin' and step 0.52 ... OK
Create profile matrix with method 'bin' and step 0.52 ... OK
Create profile matrix with method 'bin' and step 0.52 ... OK
Create profile matrix with method 'bin' and step 0.52 ... OK
Create profile matrix with method 'bin' and step 0.52 ... OK
Processing 75058 mz slices ... OK
Create profile matrix with method 'bin' and step 0.52 ... OK
Create profile matrix with method 'bin' and step 0.52 ... OK
Create profile matrix with method 'bin' and step 0.52 ... OK
Create profile matrix with method 'bin' and step 0.52 ... OK
Create profile matrix with method 'bin' and step 0.52 ... OK
Create profile matrix with method 'bin' and step 0.52 ... OK
Create profile matrix with method 'bin' and step 0.52 ... OK
Create profile matrix with method 'bin' and step 0.52 ... OK
Processing 75058 mz slices ... OK
Create profile matrix with method 'bin' and step 0.52 ... OK
Create profile matrix with method 'bin' and step 0.52 ... OK
Create profile matrix with method 'bin' and step 0.52 ... OK
Create profile matrix with method 'bin' and step 0.52 ... OK
Create profile matrix with method 'bin' and step 0.52 ... OK
Create profile matrix with method 'bin' and step 0.52 ... OK
Create profile matrix with method 'bin' and step 0.52 ... OK
Create profile matrix with method 'bin' and step 0.52 ... OK
Processing 75058 mz slices ... OK
Create profile matrix with method 'bin' and step 0.304 ... OK
Create profile matrix with method 'bin' and step 0.304 ... OK
Create profile matrix with method 'bin' and step 0.304 ... OK
Create profile matrix with method 'bin' and step 0.304 ... OK
Create profile matrix with method 'bin' and step 0.304 ... OK
Create profile matrix with method 'bin' and step 0.304 ... OK
Create profile matrix with method 'bin' and step 0.304 ... OK
Create profile matrix with method 'bin' and step 0.304 ... OK
Processing 75058 mz slices ... OK
Create profile matrix with method 'bin' and step 0.736 ... OK
Create profile matrix with method 'bin' and step 0.736 ... OK
Create profile matrix with method 'bin' and step 0.736 ... OK
Create profile matrix with method 'bin' and step 0.736 ... OK
Create profile matrix with method 'bin' and step 0.736 ... OK
Create profile matrix with method 'bin' and step 0.736 ... OK
Create profile matrix with method 'bin' and step 0.736 ... OK
Create profile matrix with method 'bin' and step 0.736 ... OK
Processing 75058 mz slices ... OK
Create profile matrix with method 'bin' and step 0.52 ... OK
Create profile matrix with method 'bin' and step 0.52 ... OK
Create profile matrix with method 'bin' and step 0.52 ... OK
Create profile matrix with method 'bin' and step 0.52 ... OK
Create profile matrix with method 'bin' and step 0.52 ... OK
Create profile matrix with method 'bin' and step 0.52 ... OK
Create profile matrix with method 'bin' and step 0.52 ... OK
Create profile matrix with method 'bin' and step 0.52 ... OK
Processing 75058 mz slices ... OK
Create profile matrix with method 'bin' and step 0.52 ... OK
Create profile matrix with method 'bin' and step 0.52 ... OK
Create profile matrix with method 'bin' and step 0.52 ... OK
Create profile matrix with method 'bin' and step 0.52 ... OK
Create profile matrix with method 'bin' and step 0.52 ... OK
Create profile matrix with method 'bin' and step 0.52 ... OK
Create profile matrix with method 'bin' and step 0.52 ... OK
Create profile matrix with method 'bin' and step 0.52 ... OK
Processing 75058 mz slices ... OK
Create profile matrix with method 'bin' and step 0.52 ... OK
Create profile matrix with method 'bin' and step 0.52 ... OK
Create profile matrix with method 'bin' and step 0.52 ... OK
Create profile matrix with method 'bin' and step 0.52 ... OK
Create profile matrix with method 'bin' and step 0.52 ... OK
Create profile matrix with method 'bin' and step 0.52 ... OK
Create profile matrix with method 'bin' and step 0.52 ... OK
Create profile matrix with method 'bin' and step 0.52 ... OK
Processing 125095 mz slices ... OK
Create profile matrix with method 'bin' and step 0.52 ... OK
Create profile matrix with method 'bin' and step 0.52 ... OK
Create profile matrix with method 'bin' and step 0.52 ... OK
Create profile matrix with method 'bin' and step 0.52 ... OK
Create profile matrix with method 'bin' and step 0.52 ... OK
Create profile matrix with method 'bin' and step 0.52 ... OK
Create profile matrix with method 'bin' and step 0.52 ... OK
Create profile matrix with method 'bin' and step 0.52 ... OK
Processing 53613 mz slices ... OK
Create profile matrix with method 'bin' and step 0.52 ... OK
Create profile matrix with method 'bin' and step 0.52 ... OK
Create profile matrix with method 'bin' and step 0.52 ... OK
Create profile matrix with method 'bin' and step 0.52 ... OK
Create profile matrix with method 'bin' and step 0.52 ... OK
Create profile matrix with method 'bin' and step 0.52 ... OK
Create profile matrix with method 'bin' and step 0.52 ... OK
Create profile matrix with method 'bin' and step 0.52 ... OK
Processing 75058 mz slices ... OK
Create profile matrix with method 'bin' and step 0.736 ... OK
Create profile matrix with method 'bin' and step 0.736 ... OK
Create profile matrix with method 'bin' and step 0.736 ... OK
Create profile matrix with method 'bin' and step 0.736 ... OK
Create profile matrix with method 'bin' and step 0.736 ... OK
Create profile matrix with method 'bin' and step 0.736 ... OK
Create profile matrix with method 'bin' and step 0.736 ... OK
Create profile matrix with method 'bin' and step 0.736 ... OK
Processing 125095 mz slices ... OK
no increase stopping
library(xcms)
library(Rmpi)

xset <- xcmsSet( 
  method = "centWave",
  peakwidth       = c(21.6, 71),
  ppm             = 24.5,
  noise           = 500,
  snthresh        = 10,
  mzdiff          = 0.0045,
  prefilter       = c(3, 500),
  mzCenterFun     = "wMean",
  integrate       = 2,
  fitgauss        = FALSE,
  verbose.columns = TRUE)
xset <- retcor( 
  xset,
  method         = "obiwarp",
  plottype       = "none",
  distFunc       = "cor_opt",
  profStep       = 0.52,
  center         = 3,
  response       = 1,
  gapInit        = 0.56,
  gapExtend      = 2.76,
  factorDiag     = 2,
  factorGap      = 1,
  localAlignment = 0)
xset <- group( 
  xset,
  method  = "density",
  bw      = 12.4,
  mzwid   = 0.02,
  minfrac = 0.05,
  minsamp = 1,
  max     = 50)

xset <- fillPeaks(xset)
Warning message:
In sink() : no sink to remove
