xsAnnotate contains no pseudospectra. Regroup all peaks into one!
Generating peak matrix!
Run isotope peak annotation
 % finished: 100  
Found isotopes: 9 
xsAnnotate contains no pseudospectra. Regroup all peaks into one!
Generating peak matrix!
Run isotope peak annotation
 % finished: 100  
Found isotopes: 5 
xsAnnotate contains no pseudospectra. Regroup all peaks into one!
Generating peak matrix!
Run isotope peak annotation
 % finished: 100  
Found isotopes: 11 
xsAnnotate contains no pseudospectra. Regroup all peaks into one!
Generating peak matrix!
Run isotope peak annotation
 % finished: 100  
Found isotopes: 6 
xsAnnotate contains no pseudospectra. Regroup all peaks into one!
Generating peak matrix!
Run isotope peak annotation
 % finished: 100  
Found isotopes: 10 
xsAnnotate contains no pseudospectra. Regroup all peaks into one!
Generating peak matrix!
Run isotope peak annotation
 % finished: 100  
Found isotopes: 5 
xsAnnotate contains no pseudospectra. Regroup all peaks into one!
Generating peak matrix!
Run isotope peak annotation
 % finished: 100  
Found isotopes: 12 
xsAnnotate contains no pseudospectra. Regroup all peaks into one!
Generating peak matrix!
Run isotope peak annotation
 % finished: 100  
Found isotopes: 6 
xsAnnotate contains no pseudospectra. Regroup all peaks into one!
Generating peak matrix!
Run isotope peak annotation
 % finished: 100  
Found isotopes: 9 
xsAnnotate contains no pseudospectra. Regroup all peaks into one!
Generating peak matrix!
Run isotope peak annotation
 % finished: 100  
Found isotopes: 5 
xsAnnotate contains no pseudospectra. Regroup all peaks into one!
Generating peak matrix!
Run isotope peak annotation
 % finished: 100  
Found isotopes: 11 
xsAnnotate contains no pseudospectra. Regroup all peaks into one!
Generating peak matrix!
Run isotope peak annotation
 % finished: 100  
Found isotopes: 6 
xsAnnotate contains no pseudospectra. Regroup all peaks into one!
Generating peak matrix!
Run isotope peak annotation
 % finished: 100  
Found isotopes: 10 
xsAnnotate contains no pseudospectra. Regroup all peaks into one!
Generating peak matrix!
Run isotope peak annotation
 % finished: 100  
Found isotopes: 5 
xsAnnotate contains no pseudospectra. Regroup all peaks into one!
Generating peak matrix!
Run isotope peak annotation
 % finished: 100  
Found isotopes: 12 
xsAnnotate contains no pseudospectra. Regroup all peaks into one!
Generating peak matrix!
Run isotope peak annotation
 % finished: 100  
Found isotopes: 6 
xsAnnotate contains no pseudospectra. Regroup all peaks into one!
Generating peak matrix!
Run isotope peak annotation
 % finished: 100  
Found isotopes: 9 
xsAnnotate contains no pseudospectra. Regroup all peaks into one!
Generating peak matrix!
Run isotope peak annotation
 % finished: 100  
Found isotopes: 11 
xsAnnotate contains no pseudospectra. Regroup all peaks into one!
Generating peak matrix!
Run isotope peak annotation
 % finished: 100  
Found isotopes: 6 
xsAnnotate contains no pseudospectra. Regroup all peaks into one!
Generating peak matrix!
Run isotope peak annotation
 % finished: 100  
Found isotopes: 8 
xsAnnotate contains no pseudospectra. Regroup all peaks into one!
Generating peak matrix!
Run isotope peak annotation
 % finished: 100  
Found isotopes: 9 
xsAnnotate contains no pseudospectra. Regroup all peaks into one!
Generating peak matrix!
Run isotope peak annotation
 % finished: 100  
Found isotopes: 9 
xsAnnotate contains no pseudospectra. Regroup all peaks into one!
Generating peak matrix!
Run isotope peak annotation
 % finished: 100  
Found isotopes: 9 
xsAnnotate contains no pseudospectra. Regroup all peaks into one!
Generating peak matrix!
Run isotope peak annotation
 % finished: 100  
Found isotopes: 9 
xsAnnotate contains no pseudospectra. Regroup all peaks into one!
Generating peak matrix!
Run isotope peak annotation
 % finished: 100  
Found isotopes: 9 
xsAnnotate contains no pseudospectra. Regroup all peaks into one!
Generating peak matrix!
Run isotope peak annotation
 % finished: 100  
Found isotopes: 9 
xsAnnotate contains no pseudospectra. Regroup all peaks into one!
Generating peak matrix!
Run isotope peak annotation
 % finished: 100  
Found isotopes: 8 
xsAnnotate contains no pseudospectra. Regroup all peaks into one!
Generating peak matrix!
Run isotope peak annotation
 % finished: 100  
Found isotopes: 8 
xsAnnotate contains no pseudospectra. Regroup all peaks into one!
Generating peak matrix!
Run isotope peak annotation
 % finished: 100  
Found isotopes: 5 
xsAnnotate contains no pseudospectra. Regroup all peaks into one!
Generating peak matrix!
Run isotope peak annotation
 % finished: 100  
Found isotopes: 10 
xsAnnotate contains no pseudospectra. Regroup all peaks into one!
Generating peak matrix!
Run isotope peak annotation
 % finished: 100  
Found isotopes: 6 
xsAnnotate contains no pseudospectra. Regroup all peaks into one!
Generating peak matrix!
Run isotope peak annotation
 % finished: 100  
Found isotopes: 8 
xsAnnotate contains no pseudospectra. Regroup all peaks into one!
Generating peak matrix!
Run isotope peak annotation
 % finished: 100  
Found isotopes: 5 
xsAnnotate contains no pseudospectra. Regroup all peaks into one!
Generating peak matrix!
Run isotope peak annotation
 % finished: 100  
Found isotopes: 10 
xsAnnotate contains no pseudospectra. Regroup all peaks into one!
Generating peak matrix!
Run isotope peak annotation
 % finished: 100  
Found isotopes: 6 
xsAnnotate contains no pseudospectra. Regroup all peaks into one!
Generating peak matrix!
Run isotope peak annotation
 % finished: 100  
Found isotopes: 8 
xsAnnotate contains no pseudospectra. Regroup all peaks into one!
Generating peak matrix!
Run isotope peak annotation
 % finished: 100  
Found isotopes: 5 
xsAnnotate contains no pseudospectra. Regroup all peaks into one!
Generating peak matrix!
Run isotope peak annotation
 % finished: 100  
Found isotopes: 9 
xsAnnotate contains no pseudospectra. Regroup all peaks into one!
Generating peak matrix!
Run isotope peak annotation
 % finished: 100  
Found isotopes: 6 
xsAnnotate contains no pseudospectra. Regroup all peaks into one!
Generating peak matrix!
Run isotope peak annotation
 % finished: 100  
Found isotopes: 8 
xsAnnotate contains no pseudospectra. Regroup all peaks into one!
Generating peak matrix!
Run isotope peak annotation
 % finished: 100  
Found isotopes: 5 
xsAnnotate contains no pseudospectra. Regroup all peaks into one!
Generating peak matrix!
Run isotope peak annotation
 % finished: 100  
Found isotopes: 9 
xsAnnotate contains no pseudospectra. Regroup all peaks into one!
Generating peak matrix!
Run isotope peak annotation
 % finished: 100  
Found isotopes: 6 
xsAnnotate contains no pseudospectra. Regroup all peaks into one!
Generating peak matrix!
Run isotope peak annotation
 % finished: 100  
Found isotopes: 8 
xsAnnotate contains no pseudospectra. Regroup all peaks into one!
Generating peak matrix!
Run isotope peak annotation
 % finished: 100  
Found isotopes: 9 
xsAnnotate contains no pseudospectra. Regroup all peaks into one!
Generating peak matrix!
Run isotope peak annotation
 % finished: 100  
Found isotopes: 6 
xsAnnotate contains no pseudospectra. Regroup all peaks into one!
Generating peak matrix!
Run isotope peak annotation
 % finished: 100  
Found isotopes: 8 
xsAnnotate contains no pseudospectra. Regroup all peaks into one!
Generating peak matrix!
Run isotope peak annotation
 % finished: 100  
Found isotopes: 9 
xsAnnotate contains no pseudospectra. Regroup all peaks into one!
Generating peak matrix!
Run isotope peak annotation
 % finished: 100  
Found isotopes: 8 
xsAnnotate contains no pseudospectra. Regroup all peaks into one!
Generating peak matrix!
Run isotope peak annotation
 % finished: 100  
Found isotopes: 8 
xsAnnotate contains no pseudospectra. Regroup all peaks into one!
Generating peak matrix!
Run isotope peak annotation
 % finished: 100  
Found isotopes: 8 
xsAnnotate contains no pseudospectra. Regroup all peaks into one!
Generating peak matrix!
Run isotope peak annotation
 % finished: 100  
Found isotopes: 8 
xsAnnotate contains no pseudospectra. Regroup all peaks into one!
Generating peak matrix!
Run isotope peak annotation
 % finished: 100  
Found isotopes: 8 
xsAnnotate contains no pseudospectra. Regroup all peaks into one!
Generating peak matrix!
Run isotope peak annotation
 % finished: 100  
Found isotopes: 7 
center sample:  Exp2R_CRR_18_POS 
Processing: Exp2F_HCC_4_POS  Exp2F_CRR_12_POS  Exp2F_CRR_19_POS  Exp2R_CRR_12_POS  
center sample:  Exp2R_CRR_18_POS 
Processing: Exp2F_HCC_4_POS  Exp2F_CRR_12_POS  Exp2F_CRR_19_POS  Exp2R_CRR_12_POS  
center sample:  Exp2R_CRR_18_POS 
Processing: Exp2F_HCC_4_POS  Exp2F_CRR_12_POS  Exp2F_CRR_19_POS  Exp2R_CRR_12_POS  
center sample:  Exp2R_CRR_18_POS 
Processing: Exp2F_HCC_4_POS  Exp2F_CRR_12_POS  Exp2F_CRR_19_POS  Exp2R_CRR_12_POS  
center sample:  Exp2R_CRR_18_POS 
Processing: Exp2F_HCC_4_POS  Exp2F_CRR_12_POS  Exp2F_CRR_19_POS  Exp2R_CRR_12_POS  
center sample:  Exp2R_CRR_18_POS 
Processing: Exp2F_HCC_4_POS  Exp2F_CRR_12_POS  Exp2F_CRR_19_POS  Exp2R_CRR_12_POS  
center sample:  Exp2R_CRR_18_POS 
Processing: Exp2F_HCC_4_POS  Exp2F_CRR_12_POS  Exp2F_CRR_19_POS  Exp2R_CRR_12_POS  
center sample:  Exp2R_CRR_18_POS 
Processing: Exp2F_HCC_4_POS  Exp2F_CRR_12_POS  Exp2F_CRR_19_POS  Exp2R_CRR_12_POS  
center sample:  Exp2R_CRR_18_POS 
Processing: Exp2F_HCC_4_POS  Exp2F_CRR_12_POS  Exp2F_CRR_19_POS  Exp2R_CRR_12_POS  
center sample:  Exp2R_CRR_18_POS 
Processing: Exp2F_HCC_4_POS  Exp2F_CRR_12_POS  Exp2F_CRR_19_POS  Exp2R_CRR_12_POS  
center sample:  Exp2R_CRR_18_POS 
Processing: Exp2F_HCC_4_POS  Exp2F_CRR_12_POS  Exp2F_CRR_19_POS  Exp2R_CRR_12_POS  
center sample:  Exp2R_CRR_18_POS 
Processing: Exp2F_HCC_4_POS  Exp2F_CRR_12_POS  Exp2F_CRR_19_POS  Exp2R_CRR_12_POS  
center sample:  Exp2R_CRR_18_POS 
Processing: Exp2F_HCC_4_POS  Exp2F_CRR_12_POS  Exp2F_CRR_19_POS  Exp2R_CRR_12_POS  
center sample:  Exp2R_CRR_18_POS 
Processing: Exp2F_HCC_4_POS  Exp2F_CRR_12_POS  Exp2F_CRR_19_POS  Exp2R_CRR_12_POS  
center sample:  Exp2R_CRR_18_POS 
Processing: Exp2F_HCC_4_POS  Exp2F_CRR_12_POS  Exp2F_CRR_19_POS  Exp2R_CRR_12_POS  
center sample:  Exp2R_CRR_18_POS 
Processing: Exp2F_HCC_4_POS  Exp2F_CRR_12_POS  Exp2F_CRR_19_POS  Exp2R_CRR_12_POS  
center sample:  Exp2R_CRR_18_POS 
Processing: Exp2F_HCC_4_POS  Exp2F_CRR_12_POS  Exp2F_CRR_19_POS  Exp2R_CRR_12_POS  
center sample:  Exp2R_CRR_18_POS 
Processing: Exp2F_HCC_4_POS  Exp2F_CRR_12_POS  Exp2F_CRR_19_POS  Exp2R_CRR_12_POS  
center sample:  Exp2R_CRR_18_POS 
Processing: Exp2F_HCC_4_POS  Exp2F_CRR_12_POS  Exp2F_CRR_19_POS  Exp2R_CRR_12_POS  
center sample:  Exp2R_CRR_18_POS 
Processing: Exp2F_HCC_4_POS  Exp2F_CRR_12_POS  Exp2F_CRR_19_POS  Exp2R_CRR_12_POS  
center sample:  Exp2R_CRR_18_POS 
Processing: Exp2F_HCC_4_POS  Exp2F_CRR_12_POS  Exp2F_CRR_19_POS  Exp2R_CRR_12_POS  
center sample:  Exp2R_CRR_18_POS 
Processing: Exp2F_HCC_4_POS  Exp2F_CRR_12_POS  Exp2F_CRR_19_POS  Exp2R_CRR_12_POS  
center sample:  Exp2R_CRR_18_POS 
Processing: Exp2F_HCC_4_POS  Exp2F_CRR_12_POS  Exp2F_CRR_19_POS  Exp2R_CRR_12_POS  
center sample:  Exp2R_CRR_18_POS 
Processing: Exp2F_HCC_4_POS  Exp2F_CRR_12_POS  Exp2F_CRR_19_POS  Exp2R_CRR_12_POS  
center sample:  Exp2R_CRR_18_POS 
Processing: Exp2F_HCC_4_POS  Exp2F_CRR_12_POS  Exp2F_CRR_19_POS  Exp2R_CRR_12_POS  
center sample:  Exp2R_CRR_18_POS 
Processing: Exp2F_HCC_4_POS  Exp2F_CRR_12_POS  Exp2F_CRR_19_POS  Exp2R_CRR_12_POS  
center sample:  Exp2R_CRR_18_POS 
Processing: Exp2F_HCC_4_POS  Exp2F_CRR_12_POS  Exp2F_CRR_19_POS  Exp2R_CRR_12_POS  
center sample:  Exp2R_CRR_18_POS 
Processing: Exp2F_HCC_4_POS  Exp2F_CRR_12_POS  Exp2F_CRR_19_POS  Exp2R_CRR_12_POS  
center sample:  Exp2R_CRR_18_POS 
Processing: Exp2F_HCC_4_POS  Exp2F_CRR_12_POS  Exp2F_CRR_19_POS  Exp2R_CRR_12_POS  
center sample:  Exp2R_CRR_18_POS 
Processing: Exp2F_HCC_4_POS  Exp2F_CRR_12_POS  Exp2F_CRR_19_POS  Exp2R_CRR_12_POS  
center sample:  Exp2R_CRR_18_POS 
Processing: Exp2F_HCC_4_POS  Exp2F_CRR_12_POS  Exp2F_CRR_19_POS  Exp2R_CRR_12_POS  
center sample:  Exp2R_CRR_18_POS 
Processing: Exp2F_HCC_4_POS  Exp2F_CRR_12_POS  Exp2F_CRR_19_POS  Exp2R_CRR_12_POS  
center sample:  Exp2R_CRR_18_POS 
Processing: Exp2F_HCC_4_POS  Exp2F_CRR_12_POS  Exp2F_CRR_19_POS  Exp2R_CRR_12_POS  
center sample:  Exp2R_CRR_18_POS 
Processing: Exp2F_HCC_4_POS  Exp2F_CRR_12_POS  Exp2F_CRR_19_POS  Exp2R_CRR_12_POS  
center sample:  Exp2R_CRR_18_POS 
Processing: Exp2F_HCC_4_POS  Exp2F_CRR_12_POS  Exp2F_CRR_19_POS  Exp2R_CRR_12_POS  
center sample:  Exp2R_CRR_18_POS 
Processing: Exp2F_HCC_4_POS  Exp2F_CRR_12_POS  Exp2F_CRR_19_POS  Exp2R_CRR_12_POS  
center sample:  Exp2R_CRR_18_POS 
Processing: Exp2F_HCC_4_POS  Exp2F_CRR_12_POS  Exp2F_CRR_19_POS  Exp2R_CRR_12_POS  
center sample:  Exp2R_CRR_18_POS 
Processing: Exp2F_HCC_4_POS  Exp2F_CRR_12_POS  Exp2F_CRR_19_POS  Exp2R_CRR_12_POS  
center sample:  Exp2R_CRR_18_POS 
Processing: Exp2F_HCC_4_POS  Exp2F_CRR_12_POS  Exp2F_CRR_19_POS  Exp2R_CRR_12_POS  
center sample:  Exp2R_CRR_18_POS 
Processing: Exp2F_HCC_4_POS  Exp2F_CRR_12_POS  Exp2F_CRR_19_POS  Exp2R_CRR_12_POS  
center sample:  Exp2R_CRR_18_POS 
Processing: Exp2F_HCC_4_POS  Exp2F_CRR_12_POS  Exp2F_CRR_19_POS  Exp2R_CRR_12_POS  
center sample:  Exp2R_CRR_18_POS 
Processing: Exp2F_HCC_4_POS  Exp2F_CRR_12_POS  Exp2F_CRR_19_POS  Exp2R_CRR_12_POS  
center sample:  Exp2R_CRR_18_POS 
Processing: Exp2F_HCC_4_POS  Exp2F_CRR_12_POS  Exp2F_CRR_19_POS  Exp2R_CRR_12_POS  
center sample:  Exp2R_CRR_18_POS 
Processing: Exp2F_HCC_4_POS  Exp2F_CRR_12_POS  Exp2F_CRR_19_POS  Exp2R_CRR_12_POS  
center sample:  Exp2R_CRR_18_POS 
Processing: Exp2F_HCC_4_POS  Exp2F_CRR_12_POS  Exp2F_CRR_19_POS  Exp2R_CRR_12_POS  
center sample:  Exp2R_CRR_18_POS 
Processing: Exp2F_HCC_4_POS  Exp2F_CRR_12_POS  Exp2F_CRR_19_POS  Exp2R_CRR_12_POS  
center sample:  Exp2R_CRR_18_POS 
Processing: Exp2F_HCC_4_POS  Exp2F_CRR_12_POS  Exp2F_CRR_19_POS  Exp2R_CRR_12_POS  
center sample:  Exp2R_CRR_18_POS 
Processing: Exp2F_HCC_4_POS  Exp2F_CRR_12_POS  Exp2F_CRR_19_POS  Exp2R_CRR_12_POS  
center sample:  Exp2R_CRR_18_POS 
Processing: Exp2F_HCC_4_POS  Exp2F_CRR_12_POS  Exp2F_CRR_19_POS  Exp2R_CRR_12_POS  
center sample:  Exp2R_CRR_18_POS 
Processing: Exp2F_HCC_4_POS  Exp2F_CRR_12_POS  Exp2F_CRR_19_POS  Exp2R_CRR_12_POS  
center sample:  Exp2R_CRR_18_POS 
Processing: Exp2F_HCC_4_POS  Exp2F_CRR_12_POS  Exp2F_CRR_19_POS  Exp2R_CRR_12_POS  
center sample:  Exp2R_CRR_18_POS 
Processing: Exp2F_HCC_4_POS  Exp2F_CRR_12_POS  Exp2F_CRR_19_POS  Exp2R_CRR_12_POS  
center sample:  Exp2R_CRR_18_POS 
Processing: Exp2F_HCC_4_POS  Exp2F_CRR_12_POS  Exp2F_CRR_19_POS  Exp2R_CRR_12_POS  
center sample:  Exp2R_CRR_18_POS 
Processing: Exp2F_HCC_4_POS  Exp2F_CRR_12_POS  Exp2F_CRR_19_POS  Exp2R_CRR_12_POS  
center sample:  Exp2R_CRR_18_POS 
Processing: Exp2F_HCC_4_POS  Exp2F_CRR_12_POS  Exp2F_CRR_19_POS  Exp2R_CRR_12_POS  
center sample:  Exp2R_CRR_18_POS 
Processing: Exp2F_HCC_4_POS  Exp2F_CRR_12_POS  Exp2F_CRR_19_POS  Exp2R_CRR_12_POS  
center sample:  Exp2R_CRR_18_POS 
Processing: Exp2F_HCC_4_POS  Exp2F_CRR_12_POS  Exp2F_CRR_19_POS  Exp2R_CRR_12_POS  
center sample:  Exp2R_CRR_18_POS 
Processing: Exp2F_HCC_4_POS  Exp2F_CRR_12_POS  Exp2F_CRR_19_POS  Exp2R_CRR_12_POS  
center sample:  Exp2R_CRR_18_POS 
Processing: Exp2F_HCC_4_POS  Exp2F_CRR_12_POS  Exp2F_CRR_19_POS  Exp2R_CRR_12_POS  
center sample:  Exp2R_CRR_18_POS 
Processing: Exp2F_HCC_4_POS  Exp2F_CRR_12_POS  Exp2F_CRR_19_POS  Exp2R_CRR_12_POS  
center sample:  Exp2R_CRR_18_POS 
Processing: Exp2F_HCC_4_POS  Exp2F_CRR_12_POS  Exp2F_CRR_19_POS  Exp2R_CRR_12_POS  
center sample:  Exp2R_CRR_18_POS 
Processing: Exp2F_HCC_4_POS  Exp2F_CRR_12_POS  Exp2F_CRR_19_POS  Exp2R_CRR_12_POS  
center sample:  Exp2R_CRR_18_POS 
Processing: Exp2F_HCC_4_POS  Exp2F_CRR_12_POS  Exp2F_CRR_19_POS  Exp2R_CRR_12_POS  
center sample:  Exp2R_CRR_18_POS 
Processing: Exp2F_HCC_4_POS  Exp2F_CRR_12_POS  Exp2F_CRR_19_POS  Exp2R_CRR_12_POS  
center sample:  Exp2R_CRR_18_POS 
Processing: Exp2F_HCC_4_POS  Exp2F_CRR_12_POS  Exp2F_CRR_19_POS  Exp2R_CRR_12_POS  
center sample:  Exp2R_CRR_18_POS 
Processing: Exp2F_HCC_4_POS  Exp2F_CRR_12_POS  Exp2F_CRR_19_POS  Exp2R_CRR_12_POS  
center sample:  Exp2R_CRR_18_POS 
Processing: Exp2F_HCC_4_POS  Exp2F_CRR_12_POS  Exp2F_CRR_19_POS  Exp2R_CRR_12_POS  
center sample:  Exp2R_CRR_18_POS 
Processing: Exp2F_HCC_4_POS  Exp2F_CRR_12_POS  Exp2F_CRR_19_POS  Exp2R_CRR_12_POS  
center sample:  Exp2R_CRR_18_POS 
Processing: Exp2F_HCC_4_POS  Exp2F_CRR_12_POS  Exp2F_CRR_19_POS  Exp2R_CRR_12_POS  
center sample:  Exp2R_CRR_18_POS 
Processing: Exp2F_HCC_4_POS  Exp2F_CRR_12_POS  Exp2F_CRR_19_POS  Exp2R_CRR_12_POS  
center sample:  Exp2R_CRR_18_POS 
Processing: Exp2F_HCC_4_POS  Exp2F_CRR_12_POS  Exp2F_CRR_19_POS  Exp2R_CRR_12_POS  
center sample:  Exp2R_CRR_18_POS 
Processing: Exp2F_HCC_4_POS  Exp2F_CRR_12_POS  Exp2F_CRR_19_POS  Exp2R_CRR_12_POS  
center sample:  Exp2R_CRR_18_POS 
Processing: Exp2F_HCC_4_POS  Exp2F_CRR_12_POS  Exp2F_CRR_19_POS  Exp2R_CRR_12_POS  
center sample:  Exp2R_CRR_18_POS 
Processing: Exp2F_HCC_4_POS  Exp2F_CRR_12_POS  Exp2F_CRR_19_POS  Exp2R_CRR_12_POS  
center sample:  Exp2R_CRR_18_POS 
Processing: Exp2F_HCC_4_POS  Exp2F_CRR_12_POS  Exp2F_CRR_19_POS  Exp2R_CRR_12_POS  
center sample:  Exp2R_CRR_18_POS 
Processing: Exp2F_HCC_4_POS  Exp2F_CRR_12_POS  Exp2F_CRR_19_POS  Exp2R_CRR_12_POS  
center sample:  Exp2R_CRR_18_POS 
Processing: Exp2F_HCC_4_POS  Exp2F_CRR_12_POS  Exp2F_CRR_19_POS  Exp2R_CRR_12_POS  
center sample:  Exp2R_CRR_18_POS 
Processing: Exp2F_HCC_4_POS  Exp2F_CRR_12_POS  Exp2F_CRR_19_POS  Exp2R_CRR_12_POS  
center sample:  Exp2R_CRR_18_POS 
Processing: Exp2F_HCC_4_POS  Exp2F_CRR_12_POS  Exp2F_CRR_19_POS  Exp2R_CRR_12_POS  
center sample:  Exp2R_CRR_18_POS 
Processing: Exp2F_HCC_4_POS  Exp2F_CRR_12_POS  Exp2F_CRR_19_POS  Exp2R_CRR_12_POS  
center sample:  Exp2R_CRR_18_POS 
Processing: Exp2F_HCC_4_POS  Exp2F_CRR_12_POS  Exp2F_CRR_19_POS  Exp2R_CRR_12_POS  
center sample:  Exp2R_CRR_18_POS 
Processing: Exp2F_HCC_4_POS  Exp2F_CRR_12_POS  Exp2F_CRR_19_POS  Exp2R_CRR_12_POS  
center sample:  Exp2R_CRR_18_POS 
Processing: Exp2F_HCC_4_POS  Exp2F_CRR_12_POS  Exp2F_CRR_19_POS  Exp2R_CRR_12_POS  
center sample:  Exp2R_CRR_18_POS 
Processing: Exp2F_HCC_4_POS  Exp2F_CRR_12_POS  Exp2F_CRR_19_POS  Exp2R_CRR_12_POS  
center sample:  Exp2R_CRR_18_POS 
Processing: Exp2F_HCC_4_POS  Exp2F_CRR_12_POS  Exp2F_CRR_19_POS  Exp2R_CRR_12_POS  
center sample:  Exp2R_CRR_18_POS 
Processing: Exp2F_HCC_4_POS  Exp2F_CRR_12_POS  Exp2F_CRR_19_POS  Exp2R_CRR_12_POS  
center sample:  Exp2R_CRR_18_POS 
Processing: Exp2F_HCC_4_POS  Exp2F_CRR_12_POS  Exp2F_CRR_19_POS  Exp2R_CRR_12_POS  
center sample:  Exp2R_CRR_18_POS 
Processing: Exp2F_HCC_4_POS  Exp2F_CRR_12_POS  Exp2F_CRR_19_POS  Exp2R_CRR_12_POS  
center sample:  Exp2R_CRR_18_POS 
Processing: Exp2F_HCC_4_POS  Exp2F_CRR_12_POS  Exp2F_CRR_19_POS  Exp2R_CRR_12_POS  
center sample:  Exp2R_CRR_18_POS 
Processing: Exp2F_HCC_4_POS  Exp2F_CRR_12_POS  Exp2F_CRR_19_POS  Exp2R_CRR_12_POS  
 ... OK
Create profile matrix with method 'bin' and step 1 ... OK
Processing 42775 mz slices ... OK
Create profile matrix with method 'bin' and step 1 ... OK
Create profile matrix with method 'bin' and step 1 ... OK
Create profile matrix with method 'bin' and step 1 ... OK
Create profile matrix with method 'bin' and step 1 ... OK
Create profile matrix with method 'bin' and step 1 ... OK
Processing 42775 mz slices ... OK
Create profile matrix with method 'bin' and step 1 ... OK
Create profile matrix with method 'bin' and step 1 ... OK
Create profile matrix with method 'bin' and step 1 ... OK
Create profile matrix with method 'bin' and step 1 ... OK
Create profile matrix with method 'bin' and step 1 ... OK
Processing 42775 mz slices ... OK
Create profile matrix with method 'bin' and step 1 ... OK
Create profile matrix with method 'bin' and step 1 ... OK
Create profile matrix with method 'bin' and step 1 ... OK
Create profile matrix with method 'bin' and step 1 ... OK
Create profile matrix with method 'bin' and step 1 ... OK
Processing 42775 mz slices ... OK
Create profile matrix with method 'bin' and step 0.7 ... OK
Create profile matrix with method 'bin' and step 0.7 ... OK
Create profile matrix with method 'bin' and step 0.7 ... OK
Create profile matrix with method 'bin' and step 0.7 ... OK
Create profile matrix with method 'bin' and step 0.7 ... OK
Create profile matrix with method 'bin' and step 0.7 ... OK
Create profile matrix with method 'bin' and step 0.7 ... OK
Create profile matrix with method 'bin' and step 0.7 ... OK
Processing 42775 mz slices ... OK
Create profile matrix with method 'bin' and step 0.7 ... OK
Create profile matrix with method 'bin' and step 0.7 ... OK
Create profile matrix with method 'bin' and step 0.7 ... OK
Create profile matrix with method 'bin' and step 0.7 ... OK
Create profile matrix with method 'bin' and step 0.7 ... OK
Create profile matrix with method 'bin' and step 0.7 ... OK
Create profile matrix with method 'bin' and step 0.7 ... OK
Create profile matrix with method 'bin' and step 0.7 ... OK
Processing 42775 mz slices ... OK
Create profile matrix with method 'bin' and step 0.7 ... OK
Create profile matrix with method 'bin' and step 0.7 ... OK
Create profile matrix with method 'bin' and step 0.7 ... OK
Create profile matrix with method 'bin' and step 0.7 ... OK
Create profile matrix with method 'bin' and step 0.7 ... OK
Create profile matrix with method 'bin' and step 0.7 ... OK
Create profile matrix with method 'bin' and step 0.7 ... OK
Create profile matrix with method 'bin' and step 0.7 ... OK
Processing 42775 mz slices ... OK
Create profile matrix with method 'bin' and step 0.7 ... OK
Create profile matrix with method 'bin' and step 0.7 ... OK
Create profile matrix with method 'bin' and step 0.7 ... OK
Create profile matrix with method 'bin' and step 0.7 ... OK
Create profile matrix with method 'bin' and step 0.7 ... OK
Create profile matrix with method 'bin' and step 0.7 ... OK
Create profile matrix with method 'bin' and step 0.7 ... OK
Create profile matrix with method 'bin' and step 0.7 ... OK
Processing 42775 mz slices ... OK
Create profile matrix with method 'bin' and step 1 ... OK
Create profile matrix with method 'bin' and step 1 ... OK
Create profile matrix with method 'bin' and step 1 ... OK
Create profile matrix with method 'bin' and step 1 ... OK
Create profile matrix with method 'bin' and step 1 ... OK
Processing 42775 mz slices ... OK
Create profile matrix with method 'bin' and step 1 ... OK
Create profile matrix with method 'bin' and step 1 ... OK
Create profile matrix with method 'bin' and step 1 ... OK
Create profile matrix with method 'bin' and step 1 ... OK
Create profile matrix with method 'bin' and step 1 ... OK
Processing 42775 mz slices ... OK
Create profile matrix with method 'bin' and step 1 ... OK
Create profile matrix with method 'bin' and step 1 ... OK
Create profile matrix with method 'bin' and step 1 ... OK
Create profile matrix with method 'bin' and step 1 ... OK
Create profile matrix with method 'bin' and step 1 ... OK
Processing 42775 mz slices ... OK
Create profile matrix with method 'bin' and step 1 ... OK
Create profile matrix with method 'bin' and step 1 ... OK
Create profile matrix with method 'bin' and step 1 ... OK
Create profile matrix with method 'bin' and step 1 ... OK
Create profile matrix with method 'bin' and step 1 ... OK
Processing 42775 mz slices ... OK
Create profile matrix with method 'bin' and step 0.85 ... OK
Create profile matrix with method 'bin' and step 0.85 ... OK
Create profile matrix with method 'bin' and step 0.85 ... OK
Create profile matrix with method 'bin' and step 0.85 ... OK
Create profile matrix with method 'bin' and step 0.85 ... OK
Create profile matrix with method 'bin' and step 0.85 ... OK
Create profile matrix with method 'bin' and step 0.85 ... OK
Create profile matrix with method 'bin' and step 0.85 ... OK
Processing 59885 mz slices ... OK
Create profile matrix with method 'bin' and step 0.85 ... OK
Create profile matrix with method 'bin' and step 0.85 ... OK
Create profile matrix with method 'bin' and step 0.85 ... OK
Create profile matrix with method 'bin' and step 0.85 ... OK
Create profile matrix with method 'bin' and step 0.85 ... OK
Create profile matrix with method 'bin' and step 0.85 ... OK
Create profile matrix with method 'bin' and step 0.85 ... OK
Create profile matrix with method 'bin' and step 0.85 ... OK
Processing 59885 mz slices ... OK
Create profile matrix with method 'bin' and step 0.85 ... OK
Create profile matrix with method 'bin' and step 0.85 ... OK
Create profile matrix with method 'bin' and step 0.85 ... OK
Create profile matrix with method 'bin' and step 0.85 ... OK
Create profile matrix with method 'bin' and step 0.85 ... OK
Create profile matrix with method 'bin' and step 0.85 ... OK
Create profile matrix with method 'bin' and step 0.85 ... OK
Create profile matrix with method 'bin' and step 0.85 ... OK
Processing 59885 mz slices ... OK
Create profile matrix with method 'bin' and step 0.85 ... OK
Create profile matrix with method 'bin' and step 0.85 ... OK
Create profile matrix with method 'bin' and step 0.85 ... OK
Create profile matrix with method 'bin' and step 0.85 ... OK
Create profile matrix with method 'bin' and step 0.85 ... OK
Create profile matrix with method 'bin' and step 0.85 ... OK
Create profile matrix with method 'bin' and step 0.85 ... OK
Create profile matrix with method 'bin' and step 0.85 ... OK
Processing 59885 mz slices ... OK
Create profile matrix with method 'bin' and step 0.85 ... OK
Create profile matrix with method 'bin' and step 0.85 ... OK
Create profile matrix with method 'bin' and step 0.85 ... OK
Create profile matrix with method 'bin' and step 0.85 ... OK
Create profile matrix with method 'bin' and step 0.85 ... OK
Create profile matrix with method 'bin' and step 0.85 ... OK
Create profile matrix with method 'bin' and step 0.85 ... OK
Create profile matrix with method 'bin' and step 0.85 ... OK
Processing 59885 mz slices ... OK
Create profile matrix with method 'bin' and step 0.7 ... OK
Create profile matrix with method 'bin' and step 0.7 ... OK
Create profile matrix with method 'bin' and step 0.7 ... OK
Create profile matrix with method 'bin' and step 0.7 ... OK
Create profile matrix with method 'bin' and step 0.7 ... OK
Create profile matrix with method 'bin' and step 0.7 ... OK
Create profile matrix with method 'bin' and step 0.7 ... OK
Create profile matrix with method 'bin' and step 0.7 ... OK
Processing 59885 mz slices ... OK
Create profile matrix with method 'bin' and step 1 ... OK
Create profile matrix with method 'bin' and step 1 ... OK
Create profile matrix with method 'bin' and step 1 ... OK
Create profile matrix with method 'bin' and step 1 ... OK
Create profile matrix with method 'bin' and step 1 ... OK
Processing 59885 mz slices ... OK
Create profile matrix with method 'bin' and step 0.85 ... OK
Create profile matrix with method 'bin' and step 0.85 ... OK
Create profile matrix with method 'bin' and step 0.85 ... OK
Create profile matrix with method 'bin' and step 0.85 ... OK
Create profile matrix with method 'bin' and step 0.85 ... OK
Create profile matrix with method 'bin' and step 0.85 ... OK
Create profile matrix with method 'bin' and step 0.85 ... OK
Create profile matrix with method 'bin' and step 0.85 ... OK
Processing 59885 mz slices ... OK
Create profile matrix with method 'bin' and step 0.85 ... OK
Create profile matrix with method 'bin' and step 0.85 ... OK
Create profile matrix with method 'bin' and step 0.85 ... OK
Create profile matrix with method 'bin' and step 0.85 ... OK
Create profile matrix with method 'bin' and step 0.85 ... OK
Create profile matrix with method 'bin' and step 0.85 ... OK
Create profile matrix with method 'bin' and step 0.85 ... OK
Create profile matrix with method 'bin' and step 0.85 ... OK
Processing 59885 mz slices ... OK
Create profile matrix with method 'bin' and step 0.85 ... OK
Create profile matrix with method 'bin' and step 0.85 ... OK
Create profile matrix with method 'bin' and step 0.85 ... OK
Create profile matrix with method 'bin' and step 0.85 ... OK
Create profile matrix with method 'bin' and step 0.85 ... OK
Create profile matrix with method 'bin' and step 0.85 ... OK
Create profile matrix with method 'bin' and step 0.85 ... OK
Create profile matrix with method 'bin' and step 0.85 ... OK
Processing 99807 mz slices ... OK
Create profile matrix with method 'bin' and step 0.85 ... OK
Create profile matrix with method 'bin' and step 0.85 ... OK
Create profile matrix with method 'bin' and step 0.85 ... OK
Create profile matrix with method 'bin' and step 0.85 ... OK
Create profile matrix with method 'bin' and step 0.85 ... OK
Create profile matrix with method 'bin' and step 0.85 ... OK
Create profile matrix with method 'bin' and step 0.85 ... OK
Create profile matrix with method 'bin' and step 0.85 ... OK
Processing 42775 mz slices ... OK
Create profile matrix with method 'bin' and step 0.85 ... OK
Create profile matrix with method 'bin' and step 0.85 ... OK
Create profile matrix with method 'bin' and step 0.85 ... OK
Create profile matrix with method 'bin' and step 0.85 ... OK
Create profile matrix with method 'bin' and step 0.85 ... OK
Create profile matrix with method 'bin' and step 0.85 ... OK
Create profile matrix with method 'bin' and step 0.85 ... OK
Create profile matrix with method 'bin' and step 0.85 ... OK
Processing 59885 mz slices ... OK
Create profile matrix with method 'bin' and step 0.85 ... OK
Create profile matrix with method 'bin' and step 0.85 ... OK
Create profile matrix with method 'bin' and step 0.85 ... OK
Create profile matrix with method 'bin' and step 0.85 ... OK
Create profile matrix with method 'bin' and step 0.85 ... OK
Create profile matrix with method 'bin' and step 0.85 ... OK
Create profile matrix with method 'bin' and step 0.85 ... OK
Create profile matrix with method 'bin' and step 0.85 ... OK
Processing 59885 mz slices ... OK



starting new DoE with:

gapInit: c(0.08, 0.4)
gapExtend: c(2.16, 2.64)
profStep: c(0.73, 0.97)
bw: c(28.4, 47.6)
mzwid: c(0.017, 0.033)
distFunc: cor_opt
plottype: none
response: 1
factorDiag: 2
factorGap: 1
localAlignment: 0
retcorMethod: obiwarp
minfrac: 0.05
minsamp: 1
max: 50
center: 2

Create profile matrix with method 'bin' and step 0.73 ... OK
Create profile matrix with method 'bin' and step 0.73 ... OK
Create profile matrix with method 'bin' and step 0.73 ... OK
Create profile matrix with method 'bin' and step 0.73 ... OK
Create profile matrix with method 'bin' and step 0.73 ... OK
Create profile matrix with method 'bin' and step 0.73 ... OK
Create profile matrix with method 'bin' and step 0.73 ... OK
Create profile matrix with method 'bin' and step 0.73 ... OK
Processing 88065 mz slices ... OK
Create profile matrix with method 'bin' and step 0.73 ... OK
Create profile matrix with method 'bin' and step 0.73 ... OK
Create profile matrix with method 'bin' and step 0.73 ... OK
Create profile matrix with method 'bin' and step 0.73 ... OK
Create profile matrix with method 'bin' and step 0.73 ... OK
Create profile matrix with method 'bin' and step 0.73 ... OK
Create profile matrix with method 'bin' and step 0.73 ... OK
Create profile matrix with method 'bin' and step 0.73 ... OK
Processing 88065 mz slices ... OK
Create profile matrix with method 'bin' and step 0.73 ... OK
Create profile matrix with method 'bin' and step 0.73 ... OK
Create profile matrix with method 'bin' and step 0.73 ... OK
Create profile matrix with method 'bin' and step 0.73 ... OK
Create profile matrix with method 'bin' and step 0.73 ... OK
Create profile matrix with method 'bin' and step 0.73 ... OK
Create profile matrix with method 'bin' and step 0.73 ... OK
Create profile matrix with method 'bin' and step 0.73 ... OK
Processing 88065 mz slices ... OK
Create profile matrix with method 'bin' and step 0.73 ... OK
Create profile matrix with method 'bin' and step 0.73 ... OK
Create profile matrix with method 'bin' and step 0.73 ... OK
Create profile matrix with method 'bin' and step 0.73 ... OK
Create profile matrix with method 'bin' and step 0.73 ... OK
Create profile matrix with method 'bin' and step 0.73 ... OK
Create profile matrix with method 'bin' and step 0.73 ... OK
Create profile matrix with method 'bin' and step 0.73 ... OK
Processing 88065 mz slices ... OK
Create profile matrix with method 'bin' and step 0.97 ... OK
Create profile matrix with method 'bin' and step 0.97 ... OK
Create profile matrix with method 'bin' and step 0.97 ... OK
Create profile matrix with method 'bin' and step 0.97 ... OK
Create profile matrix with method 'bin' and step 0.97 ... OK
Create profile matrix with method 'bin' and step 0.97 ... OK
Create profile matrix with method 'bin' and step 0.97 ... OK
Create profile matrix with method 'bin' and step 0.97 ... OK
Processing 88065 mz slices ... OK
Create profile matrix with method 'bin' and step 0.97 ... OK
Create profile matrix with method 'bin' and step 0.97 ... OK
Create profile matrix with method 'bin' and step 0.97 ... OK
Create profile matrix with method 'bin' and step 0.97 ... OK
Create profile matrix with method 'bin' and step 0.97 ... OK
Create profile matrix with method 'bin' and step 0.97 ... OK
Create profile matrix with method 'bin' and step 0.97 ... OK
Create profile matrix with method 'bin' and step 0.97 ... OK
Processing 88065 mz slices ... OK
Create profile matrix with method 'bin' and step 0.97 ... OK
Create profile matrix with method 'bin' and step 0.97 ... OK
Create profile matrix with method 'bin' and step 0.97 ... OK
Create profile matrix with method 'bin' and step 0.97 ... OK
Create profile matrix with method 'bin' and step 0.97 ... OK
Create profile matrix with method 'bin' and step 0.97 ... OK
Create profile matrix with method 'bin' and step 0.97 ... OK
Create profile matrix with method 'bin' and step 0.97 ... OK
Processing 88065 mz slices ... OK
Create profile matrix with method 'bin' and step 0.97 ... OK
Create profile matrix with method 'bin' and step 0.97 ... OK
Create profile matrix with method 'bin' and step 0.97 ... OK
Create profile matrix with method 'bin' and step 0.97 ... OK
Create profile matrix with method 'bin' and step 0.97 ... OK
Create profile matrix with method 'bin' and step 0.97 ... OK
Create profile matrix with method 'bin' and step 0.97 ... OK
Create profile matrix with method 'bin' and step 0.97 ... OK
Processing 88065 mz slices ... OK
Create profile matrix with method 'bin' and step 0.73 ... OK
Create profile matrix with method 'bin' and step 0.73 ... OK
Create profile matrix with method 'bin' and step 0.73 ... OK
Create profile matrix with method 'bin' and step 0.73 ... OK
Create profile matrix with method 'bin' and step 0.73 ... OK
Create profile matrix with method 'bin' and step 0.73 ... OK
Create profile matrix with method 'bin' and step 0.73 ... OK
Create profile matrix with method 'bin' and step 0.73 ... OK
Processing 88065 mz slices ... OK
Create profile matrix with method 'bin' and step 0.73 ... OK
Create profile matrix with method 'bin' and step 0.73 ... OK
Create profile matrix with method 'bin' and step 0.73 ... OK
Create profile matrix with method 'bin' and step 0.73 ... OK
Create profile matrix with method 'bin' and step 0.73 ... OK
Create profile matrix with method 'bin' and step 0.73 ... OK
Create profile matrix with method 'bin' and step 0.73 ... OK
Create profile matrix with method 'bin' and step 0.73 ... OK
Processing 88065 mz slices ... OK
Create profile matrix with method 'bin' and step 0.73 ... OK
Create profile matrix with method 'bin' and step 0.73 ... OK
Create profile matrix with method 'bin' and step 0.73 ... OK
Create profile matrix with method 'bin' and step 0.73 ... OK
Create profile matrix with method 'bin' and step 0.73 ... OK
Create profile matrix with method 'bin' and step 0.73 ... OK
Create profile matrix with method 'bin' and step 0.73 ... OK
Create profile matrix with method 'bin' and step 0.73 ... OK
Processing 88065 mz slices ... OK
Create profile matrix with method 'bin' and step 0.73 ... OK
Create profile matrix with method 'bin' and step 0.73 ... OK
Create profile matrix with method 'bin' and step 0.73 ... OK
Create profile matrix with method 'bin' and step 0.73 ... OK
Create profile matrix with method 'bin' and step 0.73 ... OK
Create profile matrix with method 'bin' and step 0.73 ... OK
Create profile matrix with method 'bin' and step 0.73 ... OK
Create profile matrix with method 'bin' and step 0.73 ... OK
Processing 88065 mz slices ... OK
Create profile matrix with method 'bin' and step 0.97 ... OK
Create profile matrix with method 'bin' and step 0.97 ... OK
Create profile matrix with method 'bin' and step 0.97 ... OK
Create profile matrix with method 'bin' and step 0.97 ... OK
Create profile matrix with method 'bin' and step 0.97 ... OK
Create profile matrix with method 'bin' and step 0.97 ... OK
Create profile matrix with method 'bin' and step 0.97 ... OK
Create profile matrix with method 'bin' and step 0.97 ... OK
Processing 88065 mz slices ... OK
Create profile matrix with method 'bin' and step 0.97 ... OK
Create profile matrix with method 'bin' and step 0.97 ... OK
Create profile matrix with method 'bin' and step 0.97 ... OK
Create profile matrix with method 'bin' and step 0.97 ... OK
Create profile matrix with method 'bin' and step 0.97 ... OK
Create profile matrix with method 'bin' and step 0.97 ... OK
Create profile matrix with method 'bin' and step 0.97 ... OK
Create profile matrix with method 'bin' and step 0.97 ... OK
Processing 88065 mz slices ... OK
Create profile matrix with method 'bin' and step 0.97 ... OK
Create profile matrix with method 'bin' and step 0.97 ... OK
Create profile matrix with method 'bin' and step 0.97 ... OK
Create profile matrix with method 'bin' and step 0.97 ... OK
Create profile matrix with method 'bin' and step 0.97 ... OK
Create profile matrix with method 'bin' and step 0.97 ... OK
Create profile matrix with method 'bin' and step 0.97 ... OK
Create profile matrix with method 'bin' and step 0.97 ... OK
Processing 88065 mz slices ... OK
Create profile matrix with method 'bin' and step 0.97 ... OK
Create profile matrix with method 'bin' and step 0.97 ... OK
Create profile matrix with method 'bin' and step 0.97 ... OK
Create profile matrix with method 'bin' and step 0.97 ... OK
Create profile matrix with method 'bin' and step 0.97 ... OK
Create profile matrix with method 'bin' and step 0.97 ... OK
Create profile matrix with method 'bin' and step 0.97 ... OK
Create profile matrix with method 'bin' and step 0.97 ... OK
Processing 88065 mz slices ... OK
Create profile matrix with method 'bin' and step 0.73 ... OK
Create profile matrix with method 'bin' and step 0.73 ... OK
Create profile matrix with method 'bin' and step 0.73 ... OK
Create profile matrix with method 'bin' and step 0.73 ... OK
Create profile matrix with method 'bin' and step 0.73 ... OK
Create profile matrix with method 'bin' and step 0.73 ... OK
Create profile matrix with method 'bin' and step 0.73 ... OK
Create profile matrix with method 'bin' and step 0.73 ... OK
Processing 45368 mz slices ... OK
Create profile matrix with method 'bin' and step 0.73 ... OK
Create profile matrix with method 'bin' and step 0.73 ... OK
Create profile matrix with method 'bin' and step 0.73 ... OK
Create profile matrix with method 'bin' and step 0.73 ... OK
Create profile matrix with method 'bin' and step 0.73 ... OK
Create profile matrix with method 'bin' and step 0.73 ... OK
Create profile matrix with method 'bin' and step 0.73 ... OK
Create profile matrix with method 'bin' and step 0.73 ... OK
Processing 45368 mz slices ... OK
Create profile matrix with method 'bin' and step 0.73 ... OK
Create profile matrix with method 'bin' and step 0.73 ... OK
Create profile matrix with method 'bin' and step 0.73 ... OK
Create profile matrix with method 'bin' and step 0.73 ... OK
Create profile matrix with method 'bin' and step 0.73 ... OK
Create profile matrix with method 'bin' and step 0.73 ... OK
Create profile matrix with method 'bin' and step 0.73 ... OK
Create profile matrix with method 'bin' and step 0.73 ... OK
Processing 45368 mz slices ... OK
Create profile matrix with method 'bin' and step 0.73 ... OK
Create profile matrix with method 'bin' and step 0.73 ... OK
Create profile matrix with method 'bin' and step 0.73 ... OK
Create profile matrix with method 'bin' and step 0.73 ... OK
Create profile matrix with method 'bin' and step 0.73 ... OK
Create profile matrix with method 'bin' and step 0.73 ... OK
Create profile matrix with method 'bin' and step 0.73 ... OK
Create profile matrix with method 'bin' and step 0.73 ... OK
Processing 45368 mz slices ... OK
Create profile matrix with method 'bin' and step 0.97 ... OK
Create profile matrix with method 'bin' and step 0.97 ... OK
Create profile matrix with method 'bin' and step 0.97 ... OK
Create profile matrix with method 'bin' and step 0.97 ... OK
Create profile matrix with method 'bin' and step 0.97 ... OK
Create profile matrix with method 'bin' and step 0.97 ... OK
Create profile matrix with method 'bin' and step 0.97 ... OK
Create profile matrix with method 'bin' and step 0.97 ... OK
Processing 45368 mz slices ... OK
Create profile matrix with method 'bin' and step 0.97 ... OK
Create profile matrix with method 'bin' and step 0.97 ... OK
Create profile matrix with method 'bin' and step 0.97 ... OK
Create profile matrix with method 'bin' and step 0.97 ... OK
Create profile matrix with method 'bin' and step 0.97 ... OK
Create profile matrix with method 'bin' and step 0.97 ... OK
Create profile matrix with method 'bin' and step 0.97 ... OK
Create profile matrix with method 'bin' and step 0.97 ... OK
Processing 45368 mz slices ... OK
Create profile matrix with method 'bin' and step 0.97 ... OK
Create profile matrix with method 'bin' and step 0.97 ... OK
Create profile matrix with method 'bin' and step 0.97 ... OK
Create profile matrix with method 'bin' and step 0.97 ... OK
Create profile matrix with method 'bin' and step 0.97 ... OK
Create profile matrix with method 'bin' and step 0.97 ... OK
Create profile matrix with method 'bin' and step 0.97 ... OK
Create profile matrix with method 'bin' and step 0.97 ... OK
Processing 45368 mz slices ... OK
Create profile matrix with method 'bin' and step 0.97 ... OK
Create profile matrix with method 'bin' and step 0.97 ... OK
Create profile matrix with method 'bin' and step 0.97 ... OK
Create profile matrix with method 'bin' and step 0.97 ... OK
Create profile matrix with method 'bin' and step 0.97 ... OK
Create profile matrix with method 'bin' and step 0.97 ... OK
Create profile matrix with method 'bin' and step 0.97 ... OK
Create profile matrix with method 'bin' and step 0.97 ... OK
Processing 45368 mz slices ... OK
Create profile matrix with method 'bin' and step 0.73 ... OK
Create profile matrix with method 'bin' and step 0.73 ... OK
Create profile matrix with method 'bin' and step 0.73 ... OK
Create profile matrix with method 'bin' and step 0.73 ... OK
Create profile matrix with method 'bin' and step 0.73 ... OK
Create profile matrix with method 'bin' and step 0.73 ... OK
Create profile matrix with method 'bin' and step 0.73 ... OK
Create profile matrix with method 'bin' and step 0.73 ... OK
Processing 45368 mz slices ... OK
Create profile matrix with method 'bin' and step 0.73 ... OK
Create profile matrix with method 'bin' and step 0.73 ... OK
Create profile matrix with method 'bin' and step 0.73 ... OK
Create profile matrix with method 'bin' and step 0.73 ... OK
Create profile matrix with method 'bin' and step 0.73 ... OK
Create profile matrix with method 'bin' and step 0.73 ... OK
Create profile matrix with method 'bin' and step 0.73 ... OK
Create profile matrix with method 'bin' and step 0.73 ... OK
Processing 45368 mz slices ... OK
Create profile matrix with method 'bin' and step 0.73 ... OK
Create profile matrix with method 'bin' and step 0.73 ... OK
Create profile matrix with method 'bin' and step 0.73 ... OK
Create profile matrix with method 'bin' and step 0.73 ... OK
Create profile matrix with method 'bin' and step 0.73 ... OK
Create profile matrix with method 'bin' and step 0.73 ... OK
Create profile matrix with method 'bin' and step 0.73 ... OK
Create profile matrix with method 'bin' and step 0.73 ... OK
Processing 45368 mz slices ... OK
Create profile matrix with method 'bin' and step 0.73 ... OK
Create profile matrix with method 'bin' and step 0.73 ... OK
Create profile matrix with method 'bin' and step 0.73 ... OK
Create profile matrix with method 'bin' and step 0.73 ... OK
Create profile matrix with method 'bin' and step 0.73 ... OK
Create profile matrix with method 'bin' and step 0.73 ... OK
Create profile matrix with method 'bin' and step 0.73 ... OK
Create profile matrix with method 'bin' and step 0.73 ... OK
Processing 45368 mz slices ... OK
Create profile matrix with method 'bin' and step 0.97 ... OK
Create profile matrix with method 'bin' and step 0.97 ... OK
Create profile matrix with method 'bin' and step 0.97 ... OK
Create profile matrix with method 'bin' and step 0.97 ... OK
Create profile matrix with method 'bin' and step 0.97 ... OK
Create profile matrix with method 'bin' and step 0.97 ... OK
Create profile matrix with method 'bin' and step 0.97 ... OK
Create profile matrix with method 'bin' and step 0.97 ... OK
Processing 45368 mz slices ... OK
Create profile matrix with method 'bin' and step 0.97 ... OK
Create profile matrix with method 'bin' and step 0.97 ... OK
Create profile matrix with method 'bin' and step 0.97 ... OK
Create profile matrix with method 'bin' and step 0.97 ... OK
Create profile matrix with method 'bin' and step 0.97 ... OK
Create profile matrix with method 'bin' and step 0.97 ... OK
Create profile matrix with method 'bin' and step 0.97 ... OK
Create profile matrix with method 'bin' and step 0.97 ... OK
Processing 45368 mz slices ... OK
Create profile matrix with method 'bin' and step 0.97 ... OK
Create profile matrix with method 'bin' and step 0.97 ... OK
Create profile matrix with method 'bin' and step 0.97 ... OK
Create profile matrix with method 'bin' and step 0.97 ... OK
Create profile matrix with method 'bin' and step 0.97 ... OK
Create profile matrix with method 'bin' and step 0.97 ... OK
Create profile matrix with method 'bin' and step 0.97 ... OK
Create profile matrix with method 'bin' and step 0.97 ... OK
Processing 45368 mz slices ... OK
Create profile matrix with method 'bin' and step 0.97 ... OK
Create profile matrix with method 'bin' and step 0.97 ... OK
Create profile matrix with method 'bin' and step 0.97 ... OK
Create profile matrix with method 'bin' and step 0.97 ... OK
Create profile matrix with method 'bin' and step 0.97 ... OK
Create profile matrix with method 'bin' and step 0.97 ... OK
Create profile matrix with method 'bin' and step 0.97 ... OK
Create profile matrix with method 'bin' and step 0.97 ... OK
Processing 45368 mz slices ... OK
Create profile matrix with method 'bin' and step 0.85 ... OK
Create profile matrix with method 'bin' and step 0.85 ... OK
Create profile matrix with method 'bin' and step 0.85 ... OK
Create profile matrix with method 'bin' and step 0.85 ... OK
Create profile matrix with method 'bin' and step 0.85 ... OK
Create profile matrix with method 'bin' and step 0.85 ... OK
Create profile matrix with method 'bin' and step 0.85 ... OK
Create profile matrix with method 'bin' and step 0.85 ... OK
Processing 59885 mz slices ... OK
Create profile matrix with method 'bin' and step 0.85 ... OK
Create profile matrix with method 'bin' and step 0.85 ... OK
Create profile matrix with method 'bin' and step 0.85 ... OK
Create profile matrix with method 'bin' and step 0.85 ... OK
Create profile matrix with method 'bin' and step 0.85 ... OK
Create profile matrix with method 'bin' and step 0.85 ... OK
Create profile matrix with method 'bin' and step 0.85 ... OK
Create profile matrix with method 'bin' and step 0.85 ... OK
Processing 59885 mz slices ... OK
Create profile matrix with method 'bin' and step 0.85 ... OK
Create profile matrix with method 'bin' and step 0.85 ... OK
Create profile matrix with method 'bin' and step 0.85 ... OK
Create profile matrix with method 'bin' and step 0.85 ... OK
Create profile matrix with method 'bin' and step 0.85 ... OK
Create profile matrix with method 'bin' and step 0.85 ... OK
Create profile matrix with method 'bin' and step 0.85 ... OK
Create profile matrix with method 'bin' and step 0.85 ... OK
Processing 59885 mz slices ... OK
Create profile matrix with method 'bin' and step 0.85 ... OK
Create profile matrix with method 'bin' and step 0.85 ... OK
Create profile matrix with method 'bin' and step 0.85 ... OK
Create profile matrix with method 'bin' and step 0.85 ... OK
Create profile matrix with method 'bin' and step 0.85 ... OK
Create profile matrix with method 'bin' and step 0.85 ... OK
Create profile matrix with method 'bin' and step 0.85 ... OK
Create profile matrix with method 'bin' and step 0.85 ... OK
Processing 59885 mz slices ... OK
Create profile matrix with method 'bin' and step 0.85 ... OK
Create profile matrix with method 'bin' and step 0.85 ... OK
Create profile matrix with method 'bin' and step 0.85 ... OK
Create profile matrix with method 'bin' and step 0.85 ... OK
Create profile matrix with method 'bin' and step 0.85 ... OK
Create profile matrix with method 'bin' and step 0.85 ... OK
Create profile matrix with method 'bin' and step 0.85 ... OK
Create profile matrix with method 'bin' and step 0.85 ... OK
Processing 59885 mz slices ... OK
Create profile matrix with method 'bin' and step 0.73 ... OK
Create profile matrix with method 'bin' and step 0.73 ... OK
Create profile matrix with method 'bin' and step 0.73 ... OK
Create profile matrix with method 'bin' and step 0.73 ... OK
Create profile matrix with method 'bin' and step 0.73 ... OK
Create profile matrix with method 'bin' and step 0.73 ... OK
Create profile matrix with method 'bin' and step 0.73 ... OK
Create profile matrix with method 'bin' and step 0.73 ... OK
Processing 59885 mz slices ... OK
Create profile matrix with method 'bin' and step 0.97 ... OK
Create profile matrix with method 'bin' and step 0.97 ... OK
Create profile matrix with method 'bin' and step 0.97 ... OK
Create profile matrix with method 'bin' and step 0.97 ... OK
Create profile matrix with method 'bin' and step 0.97 ... OK
Create profile matrix with method 'bin' and step 0.97 ... OK
Create profile matrix with method 'bin' and step 0.97 ... OK
Create profile matrix with method 'bin' and step 0.97 ... OK
Processing 59885 mz slices ... OK
Create profile matrix with method 'bin' and step 0.85 ... OK
Create profile matrix with method 'bin' and step 0.85 ... OK
Create profile matrix with method 'bin' and step 0.85 ... OK
Create profile matrix with method 'bin' and step 0.85 ... OK
Create profile matrix with method 'bin' and step 0.85 ... OK
Create profile matrix with method 'bin' and step 0.85 ... OK
Create profile matrix with method 'bin' and step 0.85 ... OK
Create profile matrix with method 'bin' and step 0.85 ... OK
Processing 59885 mz slices ... OK
Create profile matrix with method 'bin' and step 0.85 ... OK
Create profile matrix with method 'bin' and step 0.85 ... OK
Create profile matrix with method 'bin' and step 0.85 ... OK
Create profile matrix with method 'bin' and step 0.85 ... OK
Create profile matrix with method 'bin' and step 0.85 ... OK
Create profile matrix with method 'bin' and step 0.85 ... OK
Create profile matrix with method 'bin' and step 0.85 ... OK
Create profile matrix with method 'bin' and step 0.85 ... OK
Processing 59885 mz slices ... OK
Create profile matrix with method 'bin' and step 0.85 ... OK
Create profile matrix with method 'bin' and step 0.85 ... OK
Create profile matrix with method 'bin' and step 0.85 ... OK
Create profile matrix with method 'bin' and step 0.85 ... OK
Create profile matrix with method 'bin' and step 0.85 ... OK
Create profile matrix with method 'bin' and step 0.85 ... OK
Create profile matrix with method 'bin' and step 0.85 ... OK
Create profile matrix with method 'bin' and step 0.85 ... OK
Processing 88065 mz slices ... OK
Create profile matrix with method 'bin' and step 0.85 ... OK
Create profile matrix with method 'bin' and step 0.85 ... OK
Create profile matrix with method 'bin' and step 0.85 ... OK
Create profile matrix with method 'bin' and step 0.85 ... OK
Create profile matrix with method 'bin' and step 0.85 ... OK
Create profile matrix with method 'bin' and step 0.85 ... OK
Create profile matrix with method 'bin' and step 0.85 ... OK
Create profile matrix with method 'bin' and step 0.85 ... OK
Processing 45368 mz slices ... OK
Create profile matrix with method 'bin' and step 0.85 ... OK
Create profile matrix with method 'bin' and step 0.85 ... OK
Create profile matrix with method 'bin' and step 0.85 ... OK
Create profile matrix with method 'bin' and step 0.85 ... OK
Create profile matrix with method 'bin' and step 0.85 ... OK
Create profile matrix with method 'bin' and step 0.85 ... OK
Create profile matrix with method 'bin' and step 0.85 ... OK
Create profile matrix with method 'bin' and step 0.85 ... OK
Processing 59885 mz slices ... OK
Create profile matrix with method 'bin' and step 0.898 ... OK
Create profile matrix with method 'bin' and step 0.898 ... OK
Create profile matrix with method 'bin' and step 0.898 ... OK
Create profile matrix with method 'bin' and step 0.898 ... OK
Create profile matrix with method 'bin' and step 0.898 ... OK
Create profile matrix with method 'bin' and step 0.898 ... OK
Create profile matrix with method 'bin' and step 0.898 ... OK
Create profile matrix with method 'bin' and step 0.898 ... OK
Processing 59885 mz slices ... OK
no increase stopping
library(xcms)
library(Rmpi)

xset <- xcmsSet( 
  method = "centWave",
  peakwidth       = c(20.8, 35),
  ppm             = 32,
  noise           = 500,
  snthresh        = 10,
  mzdiff          = -0.001,
  prefilter       = c(3, 500),
  mzCenterFun     = "wMean",
  integrate       = 2,
  fitgauss        = FALSE,
  verbose.columns = TRUE)
xset <- retcor( 
  xset,
  method         = "obiwarp",
  plottype       = "none",
  distFunc       = "cor_opt",
  profStep       = 0.85,
  center         = 2,
  response       = 1,
  gapInit        = 0.24,
  gapExtend      = 2.4,
  factorDiag     = 2,
  factorGap      = 1,
  localAlignment = 0)
xset <- group( 
  xset,
  method  = "density",
  bw      = 38,
  mzwid   = 0.025,
  minfrac = 0.05,
  minsamp = 1,
  max     = 50)

xset <- fillPeaks(xset)
Warning message:
In sink() : no sink to remove
